/home/boittier/esp_check
h2o_1551
/data/boittier/energies/h2o_geom.xyz.dir
Read multipoles for 3 atoms with max. rank 2
Running in generate mode

Reading "/data/boittier/energies/h2o_geom.xyz.dir/h2o_1551.chk.fchk.potential.cube"...

  h2o Potential=SCF
  Electrostatic potential from Total SCF Density
    3   -4.970736   -4.751003   -4.970736
   80    0.125841    0.000000    0.000000
   80    0.000000    0.125841    0.000000
   80    0.000000    0.000000    0.125841
    8    8.000000    0.000000    0.219733    0.000000
    1    1.000000    1.421395   -0.907149    0.000000
    1    1.000000   -1.421395   -0.850716    0.000000
  1.63192E-02  1.64951E-02  1.66441E-02  1.67648E-02  1.68563E-02  1.69177E-02
       .            .            .            .            .            .
       .            .            .            .            .            .
       .            .            .            .            .            .
 -9.29023E-03 -9.28536E-03 -9.27560E-03 -9.26097E-03 -9.24143E-03 -9.21700E-03

338344 out of 512000 gridpoints are considered ( 66.1%).

...done!

 writing cube file quadrupole_expansion.cube                                                                                                                                                                                                                                                                                                                                                                                                                                                                                                                                                                                                                                                                                                                                                                                                                                                                                                                                                                                                                                       
Written cubefile and slice data
Running in analysis mode

Reading "/data/boittier/energies/h2o_geom.xyz.dir/h2o_1551.chk.fchk.potential.cube"...

  h2o Potential=SCF
  Electrostatic potential from Total SCF Density
    3   -4.970736   -4.751003   -4.970736
   80    0.125841    0.000000    0.000000
   80    0.000000    0.125841    0.000000
   80    0.000000    0.000000    0.125841
    8    8.000000    0.000000    0.219733    0.000000
    1    1.000000    1.421395   -0.907149    0.000000
    1    1.000000   -1.421395   -0.850716    0.000000
  6.08072E-03  6.30008E-03  6.52633E-03  6.75945E-03  6.99940E-03  7.24610E-03
       .            .            .            .            .            .
       .            .            .            .            .            .
       .            .            .            .            .            .
 -6.77011E-03 -6.65049E-03 -6.53086E-03 -6.41138E-03 -6.29220E-03 -6.17347E-03

512000 out of 512000 gridpoints are considered (100.0%).

...done!

Reading "/home/boittier/esp_check/quadrupole_expansion.cube"...

  Fitted ESP
  Electrostatic potential fitted from quadrupole expansion.
    3   -4.970736   -4.751003   -4.970736
   80    0.125841    0.000000    0.000000
   80    0.000000    0.125841    0.000000
   80    0.000000    0.000000    0.125841
    8    8.000000    0.000000    0.219733    0.000000
    1    1.000000    1.421395   -0.907149    0.000000
    1    1.000000   -1.421395   -0.850716    0.000000
  6.02376E-03  6.23698E-03  6.45668E-03  6.68282E-03  6.91537E-03  7.15423E-03
       .            .            .            .            .            .
       .            .            .            .            .            .
       .            .            .            .            .            .
 -6.71879E-03 -6.60417E-03 -6.48925E-03 -6.37420E-03 -6.25917E-03 -6.14433E-03

512000 out of 512000 gridpoints are considered (100.0%).

...done!

                       Measure       RMSE[kcal/mol/e]   MaxError[kcal/mol/e]   NPoints
                         Total        6.817251470E-01        4.692139304E+00    407844
Close (  1.20 < r <   1.66 )          1.078853209E+00        4.692139304E+00    142985
Mid-range ( 1.66 < r <  2.20)         3.365394747E-01        1.064507063E+00    195359
Far-range (  2.20         < r)        1.196713256E-01        3.194462454E-01     69500
Did analysis and wrote slice data
