/home/boittier/esp_check
h2o_1537
/data/boittier/energies/h2o_geom.xyz.dir
Read multipoles for 3 atoms with max. rank 2
Running in generate mode

Reading "/data/boittier/energies/h2o_geom.xyz.dir/h2o_1537.chk.fchk.potential.cube"...

  h2o Potential=SCF
  Electrostatic potential from Total SCF Density
    3   -4.970736   -4.758959   -4.970736
   80    0.125841    0.000000    0.000000
   80    0.000000    0.125841    0.000000
   80    0.000000    0.000000    0.125841
    8    8.000000    0.000000    0.211777    0.000000
    1    1.000000    1.493336   -0.815386    0.000000
    1    1.000000   -1.493336   -0.878831    0.000000
  1.63756E-02  1.65233E-02  1.66429E-02  1.67336E-02  1.67944E-02  1.68250E-02
       .            .            .            .            .            .
       .            .            .            .            .            .
       .            .            .            .            .            .
 -8.24601E-03 -8.24282E-03 -8.23643E-03 -8.22680E-03 -8.21389E-03 -8.19765E-03

337828 out of 512000 gridpoints are considered ( 66.0%).

...done!

 writing cube file quadrupole_expansion.cube                                                                                                                                                                                                                                                                                                                                                                                                                                                                                                                                                                                                                                                                                                                                                                                                                                                                                                                                                                                                                                       
Written cubefile and slice data
Running in analysis mode

Reading "/data/boittier/energies/h2o_geom.xyz.dir/h2o_1537.chk.fchk.potential.cube"...

  h2o Potential=SCF
  Electrostatic potential from Total SCF Density
    3   -4.970736   -4.758959   -4.970736
   80    0.125841    0.000000    0.000000
   80    0.000000    0.125841    0.000000
   80    0.000000    0.000000    0.125841
    8    8.000000    0.000000    0.211777    0.000000
    1    1.000000    1.493336   -0.815386    0.000000
    1    1.000000   -1.493336   -0.878831    0.000000
  5.97985E-03  6.20234E-03  6.43210E-03  6.66913E-03  6.91340E-03  7.16485E-03
       .            .            .            .            .            .
       .            .            .            .            .            .
       .            .            .            .            .            .
 -6.39198E-03 -6.28356E-03 -6.17491E-03 -6.06620E-03 -5.95757E-03 -5.84916E-03

512000 out of 512000 gridpoints are considered (100.0%).

...done!

Reading "/home/boittier/esp_check/quadrupole_expansion.cube"...

  Fitted ESP
  Electrostatic potential fitted from quadrupole expansion.
    3   -4.970736   -4.758959   -4.970736
   80    0.125841    0.000000    0.000000
   80    0.000000    0.125841    0.000000
   80    0.000000    0.000000    0.125841
    8    8.000000    0.000000    0.211777    0.000000
    1    1.000000    1.493336   -0.815386    0.000000
    1    1.000000   -1.493336   -0.878831    0.000000
  5.91419E-03  6.13012E-03  6.35288E-03  6.58247E-03  6.81885E-03  7.06196E-03
       .            .            .            .            .            .
       .            .            .            .            .            .
       .            .            .            .            .            .
 -6.32976E-03 -6.22674E-03 -6.12321E-03 -6.01931E-03 -5.91521E-03 -5.81105E-03

512000 out of 512000 gridpoints are considered (100.0%).

...done!

                       Measure       RMSE[kcal/mol/e]   MaxError[kcal/mol/e]   NPoints
                         Total        6.972565202E-01        4.687621235E+00    407034
Close (  1.20 < r <   1.66 )          1.102081909E+00        4.687621235E+00    143139
Mid-range ( 1.66 < r <  2.20)         3.436825470E-01        1.136231396E+00    194689
Far-range (  2.20         < r)        1.223350189E-01        3.245478974E-01     69206
Did analysis and wrote slice data
