/home/boittier/esp_check
h2o_940
/data/boittier/energies/h2o_geom.xyz.dir
Read multipoles for 3 atoms with max. rank 2
Running in generate mode

Reading "/data/boittier/energies/h2o_geom.xyz.dir/h2o_940.chk.fchk.potential.cube"...

  h2o Potential=SCF
  Electrostatic potential from Total SCF Density
    3   -4.970736   -4.748809   -4.970736
   80    0.125841    0.000000    0.000000
   80    0.000000    0.125841    0.000000
   80    0.000000    0.000000    0.125841
    8    8.000000    0.000000    0.221927    0.000000
    1    1.000000    1.382370   -0.959982    0.000000
    1    1.000000   -1.382370   -0.815431    0.000000
  1.64423E-02  1.65298E-02  1.65886E-02  1.66181E-02  1.66181E-02  1.65886E-02
       .            .            .            .            .            .
       .            .            .            .            .            .
       .            .            .            .            .            .
 -9.84967E-03 -9.84390E-03 -9.83236E-03 -9.81505E-03 -9.79198E-03 -9.76318E-03

338620 out of 512000 gridpoints are considered ( 66.1%).

...done!

 writing cube file quadrupole_expansion.cube                                                                                                                                                                                                                                                                                                                                                                                                                                                                                                                                                                                                                                                                                                                                                                                                                                                                                                                                                                                                                                       
Written cubefile and slice data
Running in analysis mode

Reading "/data/boittier/energies/h2o_geom.xyz.dir/h2o_940.chk.fchk.potential.cube"...

  h2o Potential=SCF
  Electrostatic potential from Total SCF Density
    3   -4.970736   -4.748809   -4.970736
   80    0.125841    0.000000    0.000000
   80    0.000000    0.125841    0.000000
   80    0.000000    0.000000    0.125841
    8    8.000000    0.000000    0.221927    0.000000
    1    1.000000    1.382370   -0.959982    0.000000
    1    1.000000   -1.382370   -0.815431    0.000000
  6.10068E-03  6.31675E-03  6.53943E-03  6.76870E-03  7.00451E-03  7.24675E-03
       .            .            .            .            .            .
       .            .            .            .            .            .
       .            .            .            .            .            .
 -6.96961E-03 -6.84392E-03 -6.71833E-03 -6.59301E-03 -6.46811E-03 -6.34380E-03

512000 out of 512000 gridpoints are considered (100.0%).

...done!

Reading "/home/boittier/esp_check/quadrupole_expansion.cube"...

  Fitted ESP
  Electrostatic potential fitted from quadrupole expansion.
    3   -4.970736   -4.748809   -4.970736
   80    0.125841    0.000000    0.000000
   80    0.000000    0.125841    0.000000
   80    0.000000    0.000000    0.125841
    8    8.000000    0.000000    0.221927    0.000000
    1    1.000000    1.382370   -0.959982    0.000000
    1    1.000000   -1.382370   -0.815431    0.000000
  6.04918E-03  6.25942E-03  6.47587E-03  6.69850E-03  6.92724E-03  7.16200E-03
       .            .            .            .            .            .
       .            .            .            .            .            .
       .            .            .            .            .            .
 -6.92508E-03 -6.80413E-03 -6.68298E-03 -6.56183E-03 -6.44084E-03 -6.32017E-03

512000 out of 512000 gridpoints are considered (100.0%).

...done!

                       Measure       RMSE[kcal/mol/e]   MaxError[kcal/mol/e]   NPoints
                         Total        6.731785865E-01        4.685550454E+00    408332
Close (  1.20 < r <   1.66 )          1.066614879E+00        4.685550454E+00    142727
Mid-range ( 1.66 < r <  2.20)         3.327690312E-01        1.041540217E+00    195893
Far-range (  2.20         < r)        1.182916761E-01        3.173629139E-01     69712
Did analysis and wrote slice data
