/home/boittier/esp_check
h2o_947
/data/boittier/energies/h2o_geom.xyz.dir
Read multipoles for 3 atoms with max. rank 2
Running in generate mode

Reading "/data/boittier/energies/h2o_geom.xyz.dir/h2o_947.chk.fchk.potential.cube"...

  h2o Potential=SCF
  Electrostatic potential from Total SCF Density
    3   -4.970736   -4.742783   -4.970736
   80    0.125841    0.000000    0.000000
   80    0.000000    0.125841    0.000000
   80    0.000000    0.000000    0.125841
    8    8.000000    0.000000    0.227952    0.000000
    1    1.000000    1.438030   -0.876410    0.000000
    1    1.000000   -1.438030   -0.947209    0.000000
  1.66811E-02  1.68592E-02  1.70099E-02  1.71320E-02  1.72246E-02  1.72867E-02
       .            .            .            .            .            .
       .            .            .            .            .            .
       .            .            .            .            .            .
 -8.98824E-03 -8.98398E-03 -8.97544E-03 -8.96261E-03 -8.94546E-03 -8.92397E-03

337994 out of 512000 gridpoints are considered ( 66.0%).

...done!

 writing cube file quadrupole_expansion.cube                                                                                                                                                                                                                                                                                                                                                                                                                                                                                                                                                                                                                                                                                                                                                                                                                                                                                                                                                                                                                                       
Written cubefile and slice data
Running in analysis mode

Reading "/data/boittier/energies/h2o_geom.xyz.dir/h2o_947.chk.fchk.potential.cube"...

  h2o Potential=SCF
  Electrostatic potential from Total SCF Density
    3   -4.970736   -4.742783   -4.970736
   80    0.125841    0.000000    0.000000
   80    0.000000    0.125841    0.000000
   80    0.000000    0.000000    0.125841
    8    8.000000    0.000000    0.227952    0.000000
    1    1.000000    1.438030   -0.876410    0.000000
    1    1.000000   -1.438030   -0.947209    0.000000
  6.26170E-03  6.49151E-03  6.72874E-03  6.97340E-03  7.22545E-03  7.48483E-03
       .            .            .            .            .            .
       .            .            .            .            .            .
       .            .            .            .            .            .
 -6.69204E-03 -6.57640E-03 -6.46063E-03 -6.34490E-03 -6.22935E-03 -6.11414E-03

512000 out of 512000 gridpoints are considered (100.0%).

...done!

Reading "/home/boittier/esp_check/quadrupole_expansion.cube"...

  Fitted ESP
  Electrostatic potential fitted from quadrupole expansion.
    3   -4.970736   -4.742783   -4.970736
   80    0.125841    0.000000    0.000000
   80    0.000000    0.125841    0.000000
   80    0.000000    0.000000    0.125841
    8    8.000000    0.000000    0.227952    0.000000
    1    1.000000    1.438030   -0.876410    0.000000
    1    1.000000   -1.438030   -0.947209    0.000000
  6.20081E-03  6.42417E-03  6.65452E-03  6.89185E-03  7.13614E-03  7.38729E-03
       .            .            .            .            .            .
       .            .            .            .            .            .
       .            .            .            .            .            .
 -6.63610E-03 -6.52566E-03 -6.41479E-03 -6.30368E-03 -6.19247E-03 -6.08132E-03

512000 out of 512000 gridpoints are considered (100.0%).

...done!

                       Measure       RMSE[kcal/mol/e]   MaxError[kcal/mol/e]   NPoints
                         Total        6.775150066E-01        4.715168901E+00    406944
Close (  1.20 < r <   1.66 )          1.069767614E+00        4.715168901E+00    143464
Mid-range ( 1.66 < r <  2.20)         3.337072320E-01        1.075111973E+00    194530
Far-range (  2.20         < r)        1.176613442E-01        3.239203879E-01     68950
Did analysis and wrote slice data
