/home/boittier/esp_check
h2o_1720
/data/boittier/energies/h2o_geom.xyz.dir
Read multipoles for 3 atoms with max. rank 2
Running in generate mode

Reading "/data/boittier/energies/h2o_geom.xyz.dir/h2o_1720.chk.fchk.potential.cube"...

  h2o Potential=SCF
  Electrostatic potential from Total SCF Density
    3   -4.970736   -4.741558   -4.970736
   80    0.125841    0.000000    0.000000
   80    0.000000    0.125841    0.000000
   80    0.000000    0.000000    0.125841
    8    8.000000    0.000000    0.229178    0.000000
    1    1.000000    1.403697   -0.930887    0.000000
    1    1.000000   -1.403697   -0.902534    0.000000
  1.68322E-02  1.68914E-02  1.69212E-02  1.69212E-02  1.68914E-02  1.68322E-02
       .            .            .            .            .            .
       .            .            .            .            .            .
       .            .            .            .            .            .
 -9.55420E-03 -9.54902E-03 -9.53864E-03 -9.52308E-03 -9.50232E-03 -9.47637E-03

338279 out of 512000 gridpoints are considered ( 66.1%).

...done!

 writing cube file quadrupole_expansion.cube                                                                                                                                                                                                                                                                                                                                                                                                                                                                                                                                                                                                                                                                                                                                                                                                                                                                                                                                                                                                                                       
Written cubefile and slice data
Running in analysis mode

Reading "/data/boittier/energies/h2o_geom.xyz.dir/h2o_1720.chk.fchk.potential.cube"...

  h2o Potential=SCF
  Electrostatic potential from Total SCF Density
    3   -4.970736   -4.741558   -4.970736
   80    0.125841    0.000000    0.000000
   80    0.000000    0.125841    0.000000
   80    0.000000    0.000000    0.125841
    8    8.000000    0.000000    0.229178    0.000000
    1    1.000000    1.403697   -0.930887    0.000000
    1    1.000000   -1.403697   -0.902534    0.000000
  6.25406E-03  6.47938E-03  6.71180E-03  6.95130E-03  7.19784E-03  7.45134E-03
       .            .            .            .            .            .
       .            .            .            .            .            .
       .            .            .            .            .            .
 -6.89294E-03 -6.77103E-03 -6.64912E-03 -6.52737E-03 -6.40594E-03 -6.28498E-03

512000 out of 512000 gridpoints are considered (100.0%).

...done!

Reading "/home/boittier/esp_check/quadrupole_expansion.cube"...

  Fitted ESP
  Electrostatic potential fitted from quadrupole expansion.
    3   -4.970736   -4.741558   -4.970736
   80    0.125841    0.000000    0.000000
   80    0.000000    0.125841    0.000000
   80    0.000000    0.000000    0.125841
    8    8.000000    0.000000    0.229178    0.000000
    1    1.000000    1.403697   -0.930887    0.000000
    1    1.000000   -1.403697   -0.902534    0.000000
  6.19828E-03  6.41744E-03  6.64328E-03  6.87577E-03  7.11487E-03  7.36048E-03
       .            .            .            .            .            .
       .            .            .            .            .            .
       .            .            .            .            .            .
 -6.84363E-03 -6.72667E-03 -6.60942E-03 -6.49204E-03 -6.37471E-03 -6.25758E-03

512000 out of 512000 gridpoints are considered (100.0%).

...done!

                       Measure       RMSE[kcal/mol/e]   MaxError[kcal/mol/e]   NPoints
                         Total        6.707780987E-01        4.709333063E+00    407471
Close (  1.20 < r <   1.66 )          1.060238481E+00        4.709333063E+00    143284
Mid-range ( 1.66 < r <  2.20)         3.307352945E-01        1.053588398E+00    194995
Far-range (  2.20         < r)        1.167289803E-01        3.202180820E-01     69192
Did analysis and wrote slice data
