/home/boittier/esp_check
h2o_131
/data/boittier/energies/h2o_geom.xyz.dir
Read multipoles for 3 atoms with max. rank 2
Running in generate mode

Reading "/data/boittier/energies/h2o_geom.xyz.dir/h2o_131.chk.fchk.potential.cube"...

  h2o Potential=SCF
  Electrostatic potential from Total SCF Density
    3   -4.970736   -4.746903   -4.970736
   80    0.125841    0.000000    0.000000
   80    0.000000    0.125841    0.000000
   80    0.000000    0.000000    0.125841
    8    8.000000    0.000000    0.223833    0.000000
    1    1.000000    1.456771   -0.851497    0.000000
    1    1.000000   -1.456771   -0.939166    0.000000
  1.66429E-02  1.68217E-02  1.69730E-02  1.70956E-02  1.71885E-02  1.72509E-02
       .            .            .            .            .            .
       .            .            .            .            .            .
       .            .            .            .            .            .
 -8.70970E-03 -8.70585E-03 -8.69815E-03 -8.68658E-03 -8.67109E-03 -8.65165E-03

337937 out of 512000 gridpoints are considered ( 66.0%).

...done!

 writing cube file quadrupole_expansion.cube                                                                                                                                                                                                                                                                                                                                                                                                                                                                                                                                                                                                                                                                                                                                                                                                                                                                                                                                                                                                                                       
Written cubefile and slice data
Running in analysis mode

Reading "/data/boittier/energies/h2o_geom.xyz.dir/h2o_131.chk.fchk.potential.cube"...

  h2o Potential=SCF
  Electrostatic potential from Total SCF Density
    3   -4.970736   -4.746903   -4.970736
   80    0.125841    0.000000    0.000000
   80    0.000000    0.125841    0.000000
   80    0.000000    0.000000    0.125841
    8    8.000000    0.000000    0.223833    0.000000
    1    1.000000    1.456771   -0.851497    0.000000
    1    1.000000   -1.456771   -0.939166    0.000000
  6.20002E-03  6.42901E-03  6.66546E-03  6.90936E-03  7.16069E-03  7.41938E-03
       .            .            .            .            .            .
       .            .            .            .            .            .
       .            .            .            .            .            .
 -6.58435E-03 -6.47156E-03 -6.35859E-03 -6.24561E-03 -6.13277E-03 -6.02021E-03

512000 out of 512000 gridpoints are considered (100.0%).

...done!

Reading "/home/boittier/esp_check/quadrupole_expansion.cube"...

  Fitted ESP
  Electrostatic potential fitted from quadrupole expansion.
    3   -4.970736   -4.746903   -4.970736
   80    0.125841    0.000000    0.000000
   80    0.000000    0.125841    0.000000
   80    0.000000    0.000000    0.125841
    8    8.000000    0.000000    0.223833    0.000000
    1    1.000000    1.456771   -0.851497    0.000000
    1    1.000000   -1.456771   -0.939166    0.000000
  6.13697E-03  6.35943E-03  6.58891E-03  6.82540E-03  7.06887E-03  7.31924E-03
       .            .            .            .            .            .
       .            .            .            .            .            .
       .            .            .            .            .            .
 -6.52555E-03 -6.41806E-03 -6.31010E-03 -6.20184E-03 -6.09343E-03 -5.98503E-03

512000 out of 512000 gridpoints are considered (100.0%).

...done!

                       Measure       RMSE[kcal/mol/e]   MaxError[kcal/mol/e]   NPoints
                         Total        6.838356679E-01        4.710086074E+00    406911
Close (  1.20 < r <   1.66 )          1.079901723E+00        4.710086074E+00    143393
Mid-range ( 1.66 < r <  2.20)         3.369210698E-01        1.085089374E+00    194544
Far-range (  2.20         < r)        1.190347273E-01        3.246106483E-01     68974
Did analysis and wrote slice data
