/home/boittier/esp_check
h2o_1718
/data/boittier/energies/h2o_geom.xyz.dir
Read multipoles for 3 atoms with max. rank 2
Running in generate mode

Reading "/data/boittier/energies/h2o_geom.xyz.dir/h2o_1718.chk.fchk.potential.cube"...

  h2o Potential=SCF
  Electrostatic potential from Total SCF Density
    3   -4.970736   -4.759538   -4.970736
   80    0.125841    0.000000    0.000000
   80    0.000000    0.125841    0.000000
   80    0.000000    0.000000    0.125841
    8    8.000000    0.000000    0.211197    0.000000
    1    1.000000    1.460086   -0.872648    0.000000
    1    1.000000   -1.460086   -0.816930    0.000000
  1.60908E-02  1.62659E-02  1.64141E-02  1.65342E-02  1.66252E-02  1.66863E-02
       .            .            .            .            .            .
       .            .            .            .            .            .
       .            .            .            .            .            .
 -8.85027E-03 -8.84604E-03 -8.83756E-03 -8.82483E-03 -8.80781E-03 -8.78649E-03

338162 out of 512000 gridpoints are considered ( 66.0%).

...done!

 writing cube file quadrupole_expansion.cube                                                                                                                                                                                                                                                                                                                                                                                                                                                                                                                                                                                                                                                                                                                                                                                                                                                                                                                                                                                                                                       
Written cubefile and slice data
Running in analysis mode

Reading "/data/boittier/energies/h2o_geom.xyz.dir/h2o_1718.chk.fchk.potential.cube"...

  h2o Potential=SCF
  Electrostatic potential from Total SCF Density
    3   -4.970736   -4.759538   -4.970736
   80    0.125841    0.000000    0.000000
   80    0.000000    0.125841    0.000000
   80    0.000000    0.000000    0.125841
    8    8.000000    0.000000    0.211197    0.000000
    1    1.000000    1.460086   -0.872648    0.000000
    1    1.000000   -1.460086   -0.816930    0.000000
  5.91224E-03  6.12772E-03  6.35004E-03  6.57918E-03  6.81511E-03  7.05775E-03
       .            .            .            .            .            .
       .            .            .            .            .            .
       .            .            .            .            .            .
 -6.59476E-03 -6.47944E-03 -6.36406E-03 -6.24876E-03 -6.13371E-03 -6.01903E-03

512000 out of 512000 gridpoints are considered (100.0%).

...done!

Reading "/home/boittier/esp_check/quadrupole_expansion.cube"...

  Fitted ESP
  Electrostatic potential fitted from quadrupole expansion.
    3   -4.970736   -4.759538   -4.970736
   80    0.125841    0.000000    0.000000
   80    0.000000    0.125841    0.000000
   80    0.000000    0.000000    0.125841
    8    8.000000    0.000000    0.211197    0.000000
    1    1.000000    1.460086   -0.872648    0.000000
    1    1.000000   -1.460086   -0.816930    0.000000
  5.85256E-03  6.06183E-03  6.27752E-03  6.49961E-03  6.72806E-03  6.96277E-03
       .            .            .            .            .            .
       .            .            .            .            .            .
       .            .            .            .            .            .
 -6.53996E-03 -6.42975E-03 -6.31918E-03 -6.20841E-03 -6.09761E-03 -5.98692E-03

512000 out of 512000 gridpoints are considered (100.0%).

...done!

                       Measure       RMSE[kcal/mol/e]   MaxError[kcal/mol/e]   NPoints
                         Total        6.934216973E-01        4.678334095E+00    407712
Close (  1.20 < r <   1.66 )          1.097653022E+00        4.678334095E+00    142856
Mid-range ( 1.66 < r <  2.20)         3.422928547E-01        1.110629009E+00    195306
Far-range (  2.20         < r)        1.222722851E-01        3.235752577E-01     69550
Did analysis and wrote slice data
