/home/boittier/esp_check
h2o_485
/data/boittier/energies/h2o_geom.xyz.dir
Read multipoles for 3 atoms with max. rank 2
Running in generate mode

Reading "/data/boittier/energies/h2o_geom.xyz.dir/h2o_485.chk.fchk.potential.cube"...

  h2o Potential=SCF
  Electrostatic potential from Total SCF Density
    3   -4.970736   -4.753134   -4.970736
   80    0.125841    0.000000    0.000000
   80    0.000000    0.125841    0.000000
   80    0.000000    0.000000    0.125841
    8    8.000000    0.000000    0.217602    0.000000
    1    1.000000    1.454436   -0.859652    0.000000
    1    1.000000   -1.454436   -0.881161    0.000000
  1.65974E-02  1.66864E-02  1.67462E-02  1.67762E-02  1.67762E-02  1.67462E-02
       .            .            .            .            .            .
       .            .            .            .            .            .
       .            .            .            .            .            .
 -8.77752E-03 -8.77348E-03 -8.76540E-03 -8.75325E-03 -8.73700E-03 -8.71663E-03

338108 out of 512000 gridpoints are considered ( 66.0%).

...done!

 writing cube file quadrupole_expansion.cube                                                                                                                                                                                                                                                                                                                                                                                                                                                                                                                                                                                                                                                                                                                                                                                                                                                                                                                                                                                                                                       
Written cubefile and slice data
Running in analysis mode

Reading "/data/boittier/energies/h2o_geom.xyz.dir/h2o_485.chk.fchk.potential.cube"...

  h2o Potential=SCF
  Electrostatic potential from Total SCF Density
    3   -4.970736   -4.753134   -4.970736
   80    0.125841    0.000000    0.000000
   80    0.000000    0.125841    0.000000
   80    0.000000    0.000000    0.125841
    8    8.000000    0.000000    0.217602    0.000000
    1    1.000000    1.454436   -0.859652    0.000000
    1    1.000000   -1.454436   -0.881161    0.000000
  6.06913E-03  6.29166E-03  6.52133E-03  6.75814E-03  7.00205E-03  7.25300E-03
       .            .            .            .            .            .
       .            .            .            .            .            .
       .            .            .            .            .            .
 -6.58806E-03 -6.47405E-03 -6.35992E-03 -6.24582E-03 -6.13191E-03 -6.01834E-03

512000 out of 512000 gridpoints are considered (100.0%).

...done!

Reading "/home/boittier/esp_check/quadrupole_expansion.cube"...

  Fitted ESP
  Electrostatic potential fitted from quadrupole expansion.
    3   -4.970736   -4.753134   -4.970736
   80    0.125841    0.000000    0.000000
   80    0.000000    0.125841    0.000000
   80    0.000000    0.000000    0.125841
    8    8.000000    0.000000    0.217602    0.000000
    1    1.000000    1.454436   -0.859652    0.000000
    1    1.000000   -1.454436   -0.881161    0.000000
  6.00748E-03  6.22361E-03  6.44647E-03  6.67603E-03  6.91226E-03  7.15506E-03
       .            .            .            .            .            .
       .            .            .            .            .            .
       .            .            .            .            .            .
 -6.53083E-03 -6.42205E-03 -6.31286E-03 -6.20341E-03 -6.09387E-03 -5.98439E-03

512000 out of 512000 gridpoints are considered (100.0%).

...done!

                       Measure       RMSE[kcal/mol/e]   MaxError[kcal/mol/e]   NPoints
                         Total        6.882997063E-01        4.693582575E+00    407388
Close (  1.20 < r <   1.66 )          1.088514889E+00        4.693582575E+00    143060
Mid-range ( 1.66 < r <  2.20)         3.395555225E-01        1.093309748E+00    195048
Far-range (  2.20         < r)        1.205820557E-01        3.223327889E-01     69280
Did analysis and wrote slice data
