/home/boittier/esp_check
h2o_460
/data/boittier/energies/h2o_geom.xyz.dir
Read multipoles for 3 atoms with max. rank 2
Running in generate mode

Reading "/data/boittier/energies/h2o_geom.xyz.dir/h2o_460.chk.fchk.potential.cube"...

  h2o Potential=SCF
  Electrostatic potential from Total SCF Density
    3   -4.970736   -4.750066   -4.970736
   80    0.125841    0.000000    0.000000
   80    0.000000    0.125841    0.000000
   80    0.000000    0.000000    0.125841
    8    8.000000    0.000000    0.220670    0.000000
    1    1.000000    1.466226   -0.840949    0.000000
    1    1.000000   -1.466226   -0.924409    0.000000
  1.65381E-02  1.67159E-02  1.68664E-02  1.69884E-02  1.70808E-02  1.71428E-02
       .            .            .            .            .            .
       .            .            .            .            .            .
       .            .            .            .            .            .
 -8.58250E-03 -8.57883E-03 -8.57149E-03 -8.56045E-03 -8.54567E-03 -8.52710E-03

337882 out of 512000 gridpoints are considered ( 66.0%).

...done!

 writing cube file quadrupole_expansion.cube                                                                                                                                                                                                                                                                                                                                                                                                                                                                                                                                                                                                                                                                                                                                                                                                                                                                                                                                                                                                                                       
Written cubefile and slice data
Running in analysis mode

Reading "/data/boittier/energies/h2o_geom.xyz.dir/h2o_460.chk.fchk.potential.cube"...

  h2o Potential=SCF
  Electrostatic potential from Total SCF Density
    3   -4.970736   -4.750066   -4.970736
   80    0.125841    0.000000    0.000000
   80    0.000000    0.125841    0.000000
   80    0.000000    0.000000    0.125841
    8    8.000000    0.000000    0.220670    0.000000
    1    1.000000    1.466226   -0.840949    0.000000
    1    1.000000   -1.466226   -0.924409    0.000000
  6.14551E-03  6.37294E-03  6.60779E-03  6.85004E-03  7.09969E-03  7.35664E-03
       .            .            .            .            .            .
       .            .            .            .            .            .
       .            .            .            .            .            .
 -6.53181E-03 -6.42022E-03 -6.30845E-03 -6.19665E-03 -6.08497E-03 -5.97356E-03

512000 out of 512000 gridpoints are considered (100.0%).

...done!

Reading "/home/boittier/esp_check/quadrupole_expansion.cube"...

  Fitted ESP
  Electrostatic potential fitted from quadrupole expansion.
    3   -4.970736   -4.750066   -4.970736
   80    0.125841    0.000000    0.000000
   80    0.000000    0.125841    0.000000
   80    0.000000    0.000000    0.125841
    8    8.000000    0.000000    0.220670    0.000000
    1    1.000000    1.466226   -0.840949    0.000000
    1    1.000000   -1.466226   -0.924409    0.000000
  6.08163E-03  6.30252E-03  6.53038E-03  6.76521E-03  7.00697E-03  7.25560E-03
       .            .            .            .            .            .
       .            .            .            .            .            .
       .            .            .            .            .            .
 -6.47190E-03 -6.36566E-03 -6.25893E-03 -6.15189E-03 -6.04468E-03 -5.93746E-03

512000 out of 512000 gridpoints are considered (100.0%).

...done!

                       Measure       RMSE[kcal/mol/e]   MaxError[kcal/mol/e]   NPoints
                         Total        6.874007475E-01        4.704814995E+00    406918
Close (  1.20 < r <   1.66 )          1.085670443E+00        4.704814995E+00    143330
Mid-range ( 1.66 < r <  2.20)         3.388848646E-01        1.098267073E+00    194552
Far-range (  2.20         < r)        1.199706572E-01        3.247110498E-01     69036
Did analysis and wrote slice data
