/home/boittier/esp_check
h2o_278
/data/boittier/energies/h2o_geom.xyz.dir
Read multipoles for 3 atoms with max. rank 2
Running in generate mode

Reading "/data/boittier/energies/h2o_geom.xyz.dir/h2o_278.chk.fchk.potential.cube"...

  h2o Potential=SCF
  Electrostatic potential from Total SCF Density
    3   -4.970736   -4.748752   -4.970736
   80    0.125841    0.000000    0.000000
   80    0.000000    0.125841    0.000000
   80    0.000000    0.000000    0.125841
    8    8.000000    0.000000    0.221984    0.000000
    1    1.000000    1.448347   -0.867279    0.000000
    1    1.000000   -1.448347   -0.908591    0.000000
  1.65615E-02  1.67090E-02  1.68285E-02  1.69190E-02  1.69798E-02  1.70103E-02
       .            .            .            .            .            .
       .            .            .            .            .            .
       .            .            .            .            .            .
 -8.87010E-03 -8.86596E-03 -8.85768E-03 -8.84523E-03 -8.82860E-03 -8.80774E-03

338066 out of 512000 gridpoints are considered ( 66.0%).

...done!

 writing cube file quadrupole_expansion.cube                                                                                                                                                                                                                                                                                                                                                                                                                                                                                                                                                                                                                                                                                                                                                                                                                                                                                                                                                                                                                                       
Written cubefile and slice data
Running in analysis mode

Reading "/data/boittier/energies/h2o_geom.xyz.dir/h2o_278.chk.fchk.potential.cube"...

  h2o Potential=SCF
  Electrostatic potential from Total SCF Density
    3   -4.970736   -4.748752   -4.970736
   80    0.125841    0.000000    0.000000
   80    0.000000    0.125841    0.000000
   80    0.000000    0.000000    0.125841
    8    8.000000    0.000000    0.221984    0.000000
    1    1.000000    1.448347   -0.867279    0.000000
    1    1.000000   -1.448347   -0.908591    0.000000
  6.15174E-03  6.37739E-03  6.61032E-03  6.85050E-03  7.09792E-03  7.35249E-03
       .            .            .            .            .            .
       .            .            .            .            .            .
       .            .            .            .            .            .
 -6.63411E-03 -6.51937E-03 -6.40450E-03 -6.28967E-03 -6.17503E-03 -6.06072E-03

512000 out of 512000 gridpoints are considered (100.0%).

...done!

Reading "/home/boittier/esp_check/quadrupole_expansion.cube"...

  Fitted ESP
  Electrostatic potential fitted from quadrupole expansion.
    3   -4.970736   -4.748752   -4.970736
   80    0.125841    0.000000    0.000000
   80    0.000000    0.125841    0.000000
   80    0.000000    0.000000    0.125841
    8    8.000000    0.000000    0.221984    0.000000
    1    1.000000    1.448347   -0.867279    0.000000
    1    1.000000   -1.448347   -0.908591    0.000000
  6.09033E-03  6.30957E-03  6.53564E-03  6.76855E-03  7.00823E-03  7.25462E-03
       .            .            .            .            .            .
       .            .            .            .            .            .
       .            .            .            .            .            .
 -6.57736E-03 -6.46785E-03 -6.35791E-03 -6.24772E-03 -6.13743E-03 -6.02721E-03

512000 out of 512000 gridpoints are considered (100.0%).

...done!

                       Measure       RMSE[kcal/mol/e]   MaxError[kcal/mol/e]   NPoints
                         Total        6.838899804E-01        4.703748229E+00    407176
Close (  1.20 < r <   1.66 )          1.080653301E+00        4.703748229E+00    143256
Mid-range ( 1.66 < r <  2.20)         3.372600894E-01        1.080257551E+00    194810
Far-range (  2.20         < r)        1.193179987E-01        3.231046256E-01     69110
Did analysis and wrote slice data
