/home/boittier/esp_check
h2o_1081
/data/boittier/energies/h2o_geom.xyz.dir
Read multipoles for 3 atoms with max. rank 2
Running in generate mode

Reading "/data/boittier/energies/h2o_geom.xyz.dir/h2o_1081.chk.fchk.potential.cube"...

  h2o Potential=SCF
  Electrostatic potential from Total SCF Density
    3   -4.970736   -4.755147   -4.970736
   80    0.125841    0.000000    0.000000
   80    0.000000    0.125841    0.000000
   80    0.000000    0.000000    0.125841
    8    8.000000    0.000000    0.215588    0.000000
    1    1.000000    1.479480   -0.827544    0.000000
    1    1.000000   -1.479480   -0.897164    0.000000
  1.65077E-02  1.66563E-02  1.67767E-02  1.68679E-02  1.69292E-02  1.69599E-02
       .            .            .            .            .            .
       .            .            .            .            .            .
       .            .            .            .            .            .
 -8.41090E-03 -8.40747E-03 -8.40060E-03 -8.39025E-03 -8.37639E-03 -8.35897E-03

337864 out of 512000 gridpoints are considered ( 66.0%).

...done!

 writing cube file quadrupole_expansion.cube                                                                                                                                                                                                                                                                                                                                                                                                                                                                                                                                                                                                                                                                                                                                                                                                                                                                                                                                                                                                                                       
Written cubefile and slice data
Running in analysis mode

Reading "/data/boittier/energies/h2o_geom.xyz.dir/h2o_1081.chk.fchk.potential.cube"...

  h2o Potential=SCF
  Electrostatic potential from Total SCF Density
    3   -4.970736   -4.755147   -4.970736
   80    0.125841    0.000000    0.000000
   80    0.000000    0.125841    0.000000
   80    0.000000    0.000000    0.125841
    8    8.000000    0.000000    0.215588    0.000000
    1    1.000000    1.479480   -0.827544    0.000000
    1    1.000000   -1.479480   -0.897164    0.000000
  6.05208E-03  6.27654E-03  6.50831E-03  6.74739E-03  6.99377E-03  7.24736E-03
       .            .            .            .            .            .
       .            .            .            .            .            .
       .            .            .            .            .            .
 -6.45843E-03 -6.34842E-03 -6.23821E-03 -6.12795E-03 -6.01780E-03 -5.90789E-03

512000 out of 512000 gridpoints are considered (100.0%).

...done!

Reading "/home/boittier/esp_check/quadrupole_expansion.cube"...

  Fitted ESP
  Electrostatic potential fitted from quadrupole expansion.
    3   -4.970736   -4.755147   -4.970736
   80    0.125841    0.000000    0.000000
   80    0.000000    0.125841    0.000000
   80    0.000000    0.000000    0.125841
    8    8.000000    0.000000    0.215588    0.000000
    1    1.000000    1.479480   -0.827544    0.000000
    1    1.000000   -1.479480   -0.897164    0.000000
  5.98731E-03  6.20521E-03  6.43000E-03  6.66166E-03  6.90016E-03  7.14542E-03
       .            .            .            .            .            .
       .            .            .            .            .            .
       .            .            .            .            .            .
 -6.39732E-03 -6.29268E-03 -6.18755E-03 -6.08208E-03 -5.97643E-03 -5.87074E-03

512000 out of 512000 gridpoints are considered (100.0%).

...done!

                       Measure       RMSE[kcal/mol/e]   MaxError[kcal/mol/e]   NPoints
                         Total        6.929391878E-01        4.694900345E+00    407028
Close (  1.20 < r <   1.66 )          1.095083053E+00        4.694900345E+00    143174
Mid-range ( 1.66 < r <  2.20)         3.416633938E-01        1.119288640E+00    194690
Far-range (  2.20         < r)        1.213394205E-01        3.243659196E-01     69164
Did analysis and wrote slice data
