/home/boittier/esp_check
h2o_1277
/data/boittier/energies/h2o_geom.xyz.dir
Read multipoles for 3 atoms with max. rank 2
Running in generate mode

Reading "/data/boittier/energies/h2o_geom.xyz.dir/h2o_1277.chk.fchk.potential.cube"...

  h2o Potential=SCF
  Electrostatic potential from Total SCF Density
    3   -4.970736   -4.737834   -4.970736
   80    0.125841    0.000000    0.000000
   80    0.000000    0.125841    0.000000
   80    0.000000    0.000000    0.125841
    8    8.000000    0.000000    0.232902    0.000000
    1    1.000000    1.410129   -0.923167    0.000000
    1    1.000000   -1.410129   -0.940047    0.000000
  1.67884E-02  1.69365E-02  1.70564E-02  1.71473E-02  1.72083E-02  1.72389E-02
       .            .            .            .            .            .
       .            .            .            .            .            .
       .            .            .            .            .            .
 -9.47107E-03 -9.46607E-03 -9.45607E-03 -9.44105E-03 -9.42102E-03 -9.39596E-03

338126 out of 512000 gridpoints are considered ( 66.0%).

...done!

 writing cube file quadrupole_expansion.cube                                                                                                                                                                                                                                                                                                                                                                                                                                                                                                                                                                                                                                                                                                                                                                                                                                                                                                                                                                                                                                       
Written cubefile and slice data
Running in analysis mode

Reading "/data/boittier/energies/h2o_geom.xyz.dir/h2o_1277.chk.fchk.potential.cube"...

  h2o Potential=SCF
  Electrostatic potential from Total SCF Density
    3   -4.970736   -4.737834   -4.970736
   80    0.125841    0.000000    0.000000
   80    0.000000    0.125841    0.000000
   80    0.000000    0.000000    0.125841
    8    8.000000    0.000000    0.232902    0.000000
    1    1.000000    1.410129   -0.923167    0.000000
    1    1.000000   -1.410129   -0.940047    0.000000
  6.32496E-03  6.55430E-03  6.79093E-03  7.03486E-03  7.28604E-03  7.54441E-03
       .            .            .            .            .            .
       .            .            .            .            .            .
       .            .            .            .            .            .
 -6.87612E-03 -6.75541E-03 -6.63465E-03 -6.51401E-03 -6.39365E-03 -6.27372E-03

512000 out of 512000 gridpoints are considered (100.0%).

...done!

Reading "/home/boittier/esp_check/quadrupole_expansion.cube"...

  Fitted ESP
  Electrostatic potential fitted from quadrupole expansion.
    3   -4.970736   -4.737834   -4.970736
   80    0.125841    0.000000    0.000000
   80    0.000000    0.125841    0.000000
   80    0.000000    0.000000    0.125841
    8    8.000000    0.000000    0.232902    0.000000
    1    1.000000    1.410129   -0.923167    0.000000
    1    1.000000   -1.410129   -0.940047    0.000000
  6.26804E-03  6.49111E-03  6.72105E-03  6.95784E-03  7.20145E-03  7.45180E-03
       .            .            .            .            .            .
       .            .            .            .            .            .
       .            .            .            .            .            .
 -6.82558E-03 -6.70986E-03 -6.59380E-03 -6.47759E-03 -6.36138E-03 -6.24533E-03

512000 out of 512000 gridpoints are considered (100.0%).

...done!

                       Measure       RMSE[kcal/mol/e]   MaxError[kcal/mol/e]   NPoints
                         Total        6.683353217E-01        4.717741690E+00    407076
Close (  1.20 < r <   1.66 )          1.055391836E+00        4.717741690E+00    143465
Mid-range ( 1.66 < r <  2.20)         3.292874087E-01        1.056537693E+00    194661
Far-range (  2.20         < r)        1.157373954E-01        3.219123576E-01     68950
Did analysis and wrote slice data
