/home/boittier/esp_check
h2o_1124
/data/boittier/energies/h2o_geom.xyz.dir
Read multipoles for 3 atoms with max. rank 2
Running in generate mode

Reading "/data/boittier/energies/h2o_geom.xyz.dir/h2o_1124.chk.fchk.potential.cube"...

  h2o Potential=SCF
  Electrostatic potential from Total SCF Density
    3   -4.970736   -4.749649   -4.970736
   80    0.125841    0.000000    0.000000
   80    0.000000    0.125841    0.000000
   80    0.000000    0.000000    0.125841
    8    8.000000    0.000000    0.221087    0.000000
    1    1.000000    1.406898   -0.926702    0.000000
    1    1.000000   -1.406898   -0.841992    0.000000
  1.64115E-02  1.65585E-02  1.66777E-02  1.67679E-02  1.68285E-02  1.68590E-02
       .            .            .            .            .            .
       .            .            .            .            .            .
       .            .            .            .            .            .
 -9.50065E-03 -9.49544E-03 -9.48503E-03 -9.46940E-03 -9.44856E-03 -9.42250E-03

338454 out of 512000 gridpoints are considered ( 66.1%).

...done!

 writing cube file quadrupole_expansion.cube                                                                                                                                                                                                                                                                                                                                                                                                                                                                                                                                                                                                                                                                                                                                                                                                                                                                                                                                                                                                                                       
Written cubefile and slice data
Running in analysis mode

Reading "/data/boittier/energies/h2o_geom.xyz.dir/h2o_1124.chk.fchk.potential.cube"...

  h2o Potential=SCF
  Electrostatic potential from Total SCF Density
    3   -4.970736   -4.749649   -4.970736
   80    0.125841    0.000000    0.000000
   80    0.000000    0.125841    0.000000
   80    0.000000    0.000000    0.125841
    8    8.000000    0.000000    0.221087    0.000000
    1    1.000000    1.406898   -0.926702    0.000000
    1    1.000000   -1.406898   -0.841992    0.000000
  6.09806E-03  6.31663E-03  6.54201E-03  6.77417E-03  7.01307E-03  7.25863E-03
       .            .            .            .            .            .
       .            .            .            .            .            .
       .            .            .            .            .            .
 -6.84678E-03 -6.72491E-03 -6.60306E-03 -6.48141E-03 -6.36010E-03 -6.23930E-03

512000 out of 512000 gridpoints are considered (100.0%).

...done!

Reading "/home/boittier/esp_check/quadrupole_expansion.cube"...

  Fitted ESP
  Electrostatic potential fitted from quadrupole expansion.
    3   -4.970736   -4.749649   -4.970736
   80    0.125841    0.000000    0.000000
   80    0.000000    0.125841    0.000000
   80    0.000000    0.000000    0.125841
    8    8.000000    0.000000    0.221087    0.000000
    1    1.000000    1.406898   -0.926702    0.000000
    1    1.000000   -1.406898   -0.841992    0.000000
  6.04301E-03  6.25554E-03  6.47447E-03  6.69977E-03  6.93139E-03  7.16922E-03
       .            .            .            .            .            .
       .            .            .            .            .            .
       .            .            .            .            .            .
 -6.79788E-03 -6.68091E-03 -6.56369E-03 -6.44637E-03 -6.32913E-03 -6.21213E-03

512000 out of 512000 gridpoints are considered (100.0%).

...done!

                       Measure       RMSE[kcal/mol/e]   MaxError[kcal/mol/e]   NPoints
                         Total        6.781228062E-01        4.692013802E+00    407994
Close (  1.20 < r <   1.66 )          1.073472258E+00        4.692013802E+00    142926
Mid-range ( 1.66 < r <  2.20)         3.349154678E-01        1.056663195E+00    195528
Far-range (  2.20         < r)        1.189829096E-01        3.182979031E-01     69540
Did analysis and wrote slice data
