/home/boittier/esp_check
h2o_1060
/data/boittier/energies/h2o_geom.xyz.dir
Read multipoles for 3 atoms with max. rank 2
Running in generate mode

Reading "/data/boittier/energies/h2o_geom.xyz.dir/h2o_1060.chk.fchk.potential.cube"...

  h2o Potential=SCF
  Electrostatic potential from Total SCF Density
    3   -4.970736   -4.749239   -4.970736
   80    0.125841    0.000000    0.000000
   80    0.000000    0.125841    0.000000
   80    0.000000    0.000000    0.125841
    8    8.000000    0.000000    0.221496    0.000000
    1    1.000000    1.482003   -0.818071    0.000000
    1    1.000000   -1.482003   -0.953899    0.000000
  1.68725E-02  1.69323E-02  1.69623E-02  1.69623E-02  1.69323E-02  1.68725E-02
       .            .            .            .            .            .
       .            .            .            .            .            .
       .            .            .            .            .            .
 -8.33065E-03 -8.32743E-03 -8.32097E-03 -8.31124E-03 -8.29820E-03 -8.28178E-03

337742 out of 512000 gridpoints are considered ( 66.0%).

...done!

 writing cube file quadrupole_expansion.cube                                                                                                                                                                                                                                                                                                                                                                                                                                                                                                                                                                                                                                                                                                                                                                                                                                                                                                                                                                                                                                       
Written cubefile and slice data
Running in analysis mode

Reading "/data/boittier/energies/h2o_geom.xyz.dir/h2o_1060.chk.fchk.potential.cube"...

  h2o Potential=SCF
  Electrostatic potential from Total SCF Density
    3   -4.970736   -4.749239   -4.970736
   80    0.125841    0.000000    0.000000
   80    0.000000    0.125841    0.000000
   80    0.000000    0.000000    0.125841
    8    8.000000    0.000000    0.221496    0.000000
    1    1.000000    1.482003   -0.818071    0.000000
    1    1.000000   -1.482003   -0.953899    0.000000
  6.18002E-03  6.41090E-03  6.64940E-03  6.89554E-03  7.14929E-03  7.41059E-03
       .            .            .            .            .            .
       .            .            .            .            .            .
       .            .            .            .            .            .
 -6.44903E-03 -6.34036E-03 -6.23143E-03 -6.12242E-03 -6.01346E-03 -5.90469E-03

512000 out of 512000 gridpoints are considered (100.0%).

...done!

Reading "/home/boittier/esp_check/quadrupole_expansion.cube"...

  Fitted ESP
  Electrostatic potential fitted from quadrupole expansion.
    3   -4.970736   -4.749239   -4.970736
   80    0.125841    0.000000    0.000000
   80    0.000000    0.125841    0.000000
   80    0.000000    0.000000    0.125841
    8    8.000000    0.000000    0.221496    0.000000
    1    1.000000    1.482003   -0.818071    0.000000
    1    1.000000   -1.482003   -0.953899    0.000000
  6.11384E-03  6.33803E-03  6.56940E-03  6.80796E-03  7.05367E-03  7.30647E-03
       .            .            .            .            .            .
       .            .            .            .            .            .
       .            .            .            .            .            .
 -6.38626E-03 -6.28304E-03 -6.17927E-03 -6.07511E-03 -5.97072E-03 -5.86624E-03

512000 out of 512000 gridpoints are considered (100.0%).

...done!

                       Measure       RMSE[kcal/mol/e]   MaxError[kcal/mol/e]   NPoints
                         Total        6.890929458E-01        4.708391799E+00    406578
Close (  1.20 < r <   1.66 )          1.087412532E+00        4.708391799E+00    143538
Mid-range ( 1.66 < r <  2.20)         3.392135072E-01        1.109122986E+00    194204
Far-range (  2.20         < r)        1.198126942E-01        3.265371024E-01     68836
Did analysis and wrote slice data
