/home/boittier/esp_check
h2o_284
/data/boittier/energies/h2o_geom.xyz.dir
Read multipoles for 3 atoms with max. rank 2
Running in generate mode

Reading "/data/boittier/energies/h2o_geom.xyz.dir/h2o_284.chk.fchk.potential.cube"...

  h2o Potential=SCF
  Electrostatic potential from Total SCF Density
    3   -4.970736   -4.746933   -4.970736
   80    0.125841    0.000000    0.000000
   80    0.000000    0.125841    0.000000
   80    0.000000    0.000000    0.125841
    8    8.000000    0.000000    0.223803    0.000000
    1    1.000000    1.467779   -0.836256    0.000000
    1    1.000000   -1.467779   -0.954168    0.000000
  1.69106E-02  1.69405E-02  1.69405E-02  1.69106E-02  1.65763E-02  1.67844E-02
       .            .            .            .            .            .
       .            .            .            .            .            .
       .            .            .            .            .            .
 -8.54077E-03 -8.53721E-03 -8.53009E-03 -8.51937E-03 -8.50501E-03 -8.48697E-03

337822 out of 512000 gridpoints are considered ( 66.0%).

...done!

 writing cube file quadrupole_expansion.cube                                                                                                                                                                                                                                                                                                                                                                                                                                                                                                                                                                                                                                                                                                                                                                                                                                                                                                                                                                                                                                       
Written cubefile and slice data
Running in analysis mode

Reading "/data/boittier/energies/h2o_geom.xyz.dir/h2o_284.chk.fchk.potential.cube"...

  h2o Potential=SCF
  Electrostatic potential from Total SCF Density
    3   -4.970736   -4.746933   -4.970736
   80    0.125841    0.000000    0.000000
   80    0.000000    0.125841    0.000000
   80    0.000000    0.000000    0.125841
    8    8.000000    0.000000    0.223803    0.000000
    1    1.000000    1.467779   -0.836256    0.000000
    1    1.000000   -1.467779   -0.954168    0.000000
  6.21038E-03  6.44112E-03  6.67943E-03  6.92532E-03  7.17876E-03  7.43969E-03
       .            .            .            .            .            .
       .            .            .            .            .            .
       .            .            .            .            .            .
 -6.52684E-03 -6.41595E-03 -6.30485E-03 -6.19370E-03 -6.08265E-03 -5.97183E-03

512000 out of 512000 gridpoints are considered (100.0%).

...done!

Reading "/home/boittier/esp_check/quadrupole_expansion.cube"...

  Fitted ESP
  Electrostatic potential fitted from quadrupole expansion.
    3   -4.970736   -4.746933   -4.970736
   80    0.125841    0.000000    0.000000
   80    0.000000    0.125841    0.000000
   80    0.000000    0.000000    0.125841
    8    8.000000    0.000000    0.223803    0.000000
    1    1.000000    1.467779   -0.836256    0.000000
    1    1.000000   -1.467779   -0.954168    0.000000
  6.14584E-03  6.36996E-03  6.60121E-03  6.83960E-03  7.08508E-03  7.33759E-03
       .            .            .            .            .            .
       .            .            .            .            .            .
       .            .            .            .            .            .
 -6.46616E-03 -6.36065E-03 -6.25463E-03 -6.14826E-03 -6.04171E-03 -5.93511E-03

512000 out of 512000 gridpoints are considered (100.0%).

...done!

                       Measure       RMSE[kcal/mol/e]   MaxError[kcal/mol/e]   NPoints
                         Total        6.853736207E-01        4.711592097E+00    406684
Close (  1.20 < r <   1.66 )          1.081674955E+00        4.711592097E+00    143526
Mid-range ( 1.66 < r <  2.20)         3.374836691E-01        1.092933242E+00    194296
Far-range (  2.20         < r)        1.190968652E-01        3.257589906E-01     68862
Did analysis and wrote slice data
