/home/boittier/esp_check
h2o_410
/data/boittier/energies/h2o_geom.xyz.dir
Read multipoles for 3 atoms with max. rank 2
Running in generate mode

Reading "/data/boittier/energies/h2o_geom.xyz.dir/h2o_410.chk.fchk.potential.cube"...

  h2o Potential=SCF
  Electrostatic potential from Total SCF Density
    3   -4.970736   -4.751800   -4.970736
   80    0.125841    0.000000    0.000000
   80    0.000000    0.125841    0.000000
   80    0.000000    0.000000    0.125841
    8    8.000000    0.000000    0.218936    0.000000
    1    1.000000    1.411885   -0.918209    0.000000
    1    1.000000   -1.411885   -0.833279    0.000000
  1.63358E-02  1.64822E-02  1.66009E-02  1.66908E-02  1.67511E-02  1.67814E-02
       .            .            .            .            .            .
       .            .            .            .            .            .
       .            .            .            .            .            .
 -9.41135E-03 -9.40626E-03 -9.39608E-03 -9.38080E-03 -9.36042E-03 -9.33493E-03

338445 out of 512000 gridpoints are considered ( 66.1%).

...done!

 writing cube file quadrupole_expansion.cube                                                                                                                                                                                                                                                                                                                                                                                                                                                                                                                                                                                                                                                                                                                                                                                                                                                                                                                                                                                                                                       
Written cubefile and slice data
Running in analysis mode

Reading "/data/boittier/energies/h2o_geom.xyz.dir/h2o_410.chk.fchk.potential.cube"...

  h2o Potential=SCF
  Electrostatic potential from Total SCF Density
    3   -4.970736   -4.751800   -4.970736
   80    0.125841    0.000000    0.000000
   80    0.000000    0.125841    0.000000
   80    0.000000    0.000000    0.125841
    8    8.000000    0.000000    0.218936    0.000000
    1    1.000000    1.411885   -0.918209    0.000000
    1    1.000000   -1.411885   -0.833279    0.000000
  6.05948E-03  6.27692E-03  6.50114E-03  6.73211E-03  6.96979E-03  7.21410E-03
       .            .            .            .            .            .
       .            .            .            .            .            .
       .            .            .            .            .            .
 -6.80797E-03 -6.68694E-03 -6.56594E-03 -6.44512E-03 -6.32463E-03 -6.20464E-03

512000 out of 512000 gridpoints are considered (100.0%).

...done!

Reading "/home/boittier/esp_check/quadrupole_expansion.cube"...

  Fitted ESP
  Electrostatic potential fitted from quadrupole expansion.
    3   -4.970736   -4.751800   -4.970736
   80    0.125841    0.000000    0.000000
   80    0.000000    0.125841    0.000000
   80    0.000000    0.000000    0.125841
    8    8.000000    0.000000    0.218936    0.000000
    1    1.000000    1.411885   -0.918209    0.000000
    1    1.000000   -1.411885   -0.833279    0.000000
  6.00393E-03  6.21533E-03  6.43309E-03  6.65720E-03  6.88758E-03  7.12416E-03
       .            .            .            .            .            .
       .            .            .            .            .            .
       .            .            .            .            .            .
 -6.75829E-03 -6.64220E-03 -6.52584E-03 -6.40939E-03 -6.29299E-03 -6.17682E-03

512000 out of 512000 gridpoints are considered (100.0%).

...done!

                       Measure       RMSE[kcal/mol/e]   MaxError[kcal/mol/e]   NPoints
                         Total        6.805829495E-01        4.687621235E+00    408036
Close (  1.20 < r <   1.66 )          1.077614967E+00        4.687621235E+00    142856
Mid-range ( 1.66 < r <  2.20)         3.362302482E-01        1.059235984E+00    195589
Far-range (  2.20         < r)        1.196268461E-01        3.181284755E-01     69591
Did analysis and wrote slice data
