/home/boittier/esp_check
h2o_469
/data/boittier/energies/h2o_geom.xyz.dir
Read multipoles for 3 atoms with max. rank 2
Running in generate mode

Reading "/data/boittier/energies/h2o_geom.xyz.dir/h2o_469.chk.fchk.potential.cube"...

  h2o Potential=SCF
  Electrostatic potential from Total SCF Density
    3   -4.970736   -4.751788   -4.970736
   80    0.125841    0.000000    0.000000
   80    0.000000    0.125841    0.000000
   80    0.000000    0.000000    0.125841
    8    8.000000    0.000000    0.218948    0.000000
    1    1.000000    1.459474   -0.851547    0.000000
    1    1.000000   -1.459474   -0.900033    0.000000
  1.65004E-02  1.66478E-02  1.67673E-02  1.68577E-02  1.69185E-02  1.69490E-02
       .            .            .            .            .            .
       .            .            .            .            .            .
       .            .            .            .            .            .
 -8.69375E-03 -8.68988E-03 -8.68211E-03 -8.67044E-03 -8.65483E-03 -8.63524E-03

338038 out of 512000 gridpoints are considered ( 66.0%).

...done!

 writing cube file quadrupole_expansion.cube                                                                                                                                                                                                                                                                                                                                                                                                                                                                                                                                                                                                                                                                                                                                                                                                                                                                                                                                                                                                                                       
Written cubefile and slice data
Running in analysis mode

Reading "/data/boittier/energies/h2o_geom.xyz.dir/h2o_469.chk.fchk.potential.cube"...

  h2o Potential=SCF
  Electrostatic potential from Total SCF Density
    3   -4.970736   -4.751788   -4.970736
   80    0.125841    0.000000    0.000000
   80    0.000000    0.125841    0.000000
   80    0.000000    0.000000    0.125841
    8    8.000000    0.000000    0.218948    0.000000
    1    1.000000    1.459474   -0.851547    0.000000
    1    1.000000   -1.459474   -0.900033    0.000000
  6.10286E-03  6.32752E-03  6.55944E-03  6.79862E-03  7.04503E-03  7.29859E-03
       .            .            .            .            .            .
       .            .            .            .            .            .
       .            .            .            .            .            .
 -6.56407E-03 -6.45110E-03 -6.33798E-03 -6.22487E-03 -6.11193E-03 -5.99928E-03

512000 out of 512000 gridpoints are considered (100.0%).

...done!

Reading "/home/boittier/esp_check/quadrupole_expansion.cube"...

  Fitted ESP
  Electrostatic potential fitted from quadrupole expansion.
    3   -4.970736   -4.751788   -4.970736
   80    0.125841    0.000000    0.000000
   80    0.000000    0.125841    0.000000
   80    0.000000    0.000000    0.125841
    8    8.000000    0.000000    0.218948    0.000000
    1    1.000000    1.459474   -0.851547    0.000000
    1    1.000000   -1.459474   -0.900033    0.000000
  6.04021E-03  6.25842E-03  6.48345E-03  6.71530E-03  6.95394E-03  7.19927E-03
       .            .            .            .            .            .
       .            .            .            .            .            .
       .            .            .            .            .            .
 -6.50565E-03 -6.39797E-03 -6.28984E-03 -6.18142E-03 -6.07289E-03 -5.96438E-03

512000 out of 512000 gridpoints are considered (100.0%).

...done!

                       Measure       RMSE[kcal/mol/e]   MaxError[kcal/mol/e]   NPoints
                         Total        6.879596232E-01        4.698979157E+00    407194
Close (  1.20 < r <   1.66 )          1.087332362E+00        4.698979157E+00    143196
Mid-range ( 1.66 < r <  2.20)         3.392234908E-01        1.095694284E+00    194842
Far-range (  2.20         < r)        1.202383340E-01        3.234246554E-01     69156
Did analysis and wrote slice data
