/home/boittier/esp_check
h2o_753
/data/boittier/energies/h2o_geom.xyz.dir
Read multipoles for 3 atoms with max. rank 2
Running in generate mode

Reading "/data/boittier/energies/h2o_geom.xyz.dir/h2o_753.chk.fchk.potential.cube"...

  h2o Potential=SCF
  Electrostatic potential from Total SCF Density
    3   -4.970736   -4.754472   -4.970736
   80    0.125841    0.000000    0.000000
   80    0.000000    0.125841    0.000000
   80    0.000000    0.000000    0.125841
    8    8.000000    0.000000    0.216263    0.000000
    1    1.000000    1.398954   -0.937365    0.000000
    1    1.000000   -1.398954   -0.792742    0.000000
  1.63310E-02  1.63892E-02  1.64185E-02  1.64185E-02  1.63892E-02  1.63310E-02
       .            .            .            .            .            .
       .            .            .            .            .            .
       .            .            .            .            .            .
 -9.60389E-03 -9.59844E-03 -9.58753E-03 -9.57118E-03 -9.54939E-03 -9.52215E-03

338652 out of 512000 gridpoints are considered ( 66.1%).

...done!

 writing cube file quadrupole_expansion.cube                                                                                                                                                                                                                                                                                                                                                                                                                                                                                                                                                                                                                                                                                                                                                                                                                                                                                                                                                                                                                                       
Written cubefile and slice data
Running in analysis mode

Reading "/data/boittier/energies/h2o_geom.xyz.dir/h2o_753.chk.fchk.potential.cube"...

  h2o Potential=SCF
  Electrostatic potential from Total SCF Density
    3   -4.970736   -4.754472   -4.970736
   80    0.125841    0.000000    0.000000
   80    0.000000    0.125841    0.000000
   80    0.000000    0.000000    0.125841
    8    8.000000    0.000000    0.216263    0.000000
    1    1.000000    1.398954   -0.937365    0.000000
    1    1.000000   -1.398954   -0.792742    0.000000
  5.99272E-03  6.20580E-03  6.42543E-03  6.65157E-03  6.88418E-03  7.12316E-03
       .            .            .            .            .            .
       .            .            .            .            .            .
       .            .            .            .            .            .
 -6.86385E-03 -6.74050E-03 -6.61723E-03 -6.49420E-03 -6.37157E-03 -6.24949E-03

512000 out of 512000 gridpoints are considered (100.0%).

...done!

Reading "/home/boittier/esp_check/quadrupole_expansion.cube"...

  Fitted ESP
  Electrostatic potential fitted from quadrupole expansion.
    3   -4.970736   -4.754472   -4.970736
   80    0.125841    0.000000    0.000000
   80    0.000000    0.125841    0.000000
   80    0.000000    0.000000    0.125841
    8    8.000000    0.000000    0.216263    0.000000
    1    1.000000    1.398954   -0.937365    0.000000
    1    1.000000   -1.398954   -0.792742    0.000000
  5.93988E-03  6.14710E-03  6.36047E-03  6.57995E-03  6.80548E-03  7.03696E-03
       .            .            .            .            .            .
       .            .            .            .            .            .
       .            .            .            .            .            .
 -6.81727E-03 -6.69872E-03 -6.57995E-03 -6.46115E-03 -6.34249E-03 -6.22411E-03

512000 out of 512000 gridpoints are considered (100.0%).

...done!

                       Measure       RMSE[kcal/mol/e]   MaxError[kcal/mol/e]   NPoints
                         Total        6.806538359E-01        4.674945544E+00    408472
Close (  1.20 < r <   1.66 )          1.078664174E+00        4.674945544E+00    142729
Mid-range ( 1.66 < r <  2.20)         3.363652189E-01        1.054517112E+00    195923
Far-range (  2.20         < r)        1.200521106E-01        3.236317335E-01     69820
Did analysis and wrote slice data
