/home/boittier/esp_check
h2o_768
/data/boittier/energies/h2o_geom.xyz.dir
Read multipoles for 3 atoms with max. rank 2
Running in generate mode

Reading "/data/boittier/energies/h2o_geom.xyz.dir/h2o_768.chk.fchk.potential.cube"...

  h2o Potential=SCF
  Electrostatic potential from Total SCF Density
    3   -4.970736   -4.746396   -4.970736
   80    0.125841    0.000000    0.000000
   80    0.000000    0.125841    0.000000
   80    0.000000    0.000000    0.125841
    8    8.000000    0.000000    0.224340    0.000000
    1    1.000000    1.485965   -0.810941    0.000000
    1    1.000000   -1.485965   -0.983779    0.000000
  1.69230E-02  1.70433E-02  1.71345E-02  1.71957E-02  1.72265E-02  1.72265E-02
       .            .            .            .            .            .
       .            .            .            .            .            .
       .            .            .            .            .            .
 -8.25757E-03 -8.25451E-03 -8.24836E-03 -8.23911E-03 -8.22668E-03 -8.21103E-03

337662 out of 512000 gridpoints are considered ( 65.9%).

...done!

 writing cube file quadrupole_expansion.cube                                                                                                                                                                                                                                                                                                                                                                                                                                                                                                                                                                                                                                                                                                                                                                                                                                                                                                                                                                                                                                       
Written cubefile and slice data
Running in analysis mode

Reading "/data/boittier/energies/h2o_geom.xyz.dir/h2o_768.chk.fchk.potential.cube"...

  h2o Potential=SCF
  Electrostatic potential from Total SCF Density
    3   -4.970736   -4.746396   -4.970736
   80    0.125841    0.000000    0.000000
   80    0.000000    0.125841    0.000000
   80    0.000000    0.000000    0.125841
    8    8.000000    0.000000    0.224340    0.000000
    1    1.000000    1.485965   -0.810941    0.000000
    1    1.000000   -1.485965   -0.983779    0.000000
  6.24013E-03  6.47439E-03  6.71645E-03  6.96631E-03  7.22398E-03  7.48938E-03
       .            .            .            .            .            .
       .            .            .            .            .            .
       .            .            .            .            .            .
 -6.43239E-03 -6.32475E-03 -6.21684E-03 -6.10879E-03 -6.00077E-03 -5.89291E-03

512000 out of 512000 gridpoints are considered (100.0%).

...done!

Reading "/home/boittier/esp_check/quadrupole_expansion.cube"...

  Fitted ESP
  Electrostatic potential fitted from quadrupole expansion.
    3   -4.970736   -4.746396   -4.970736
   80    0.125841    0.000000    0.000000
   80    0.000000    0.125841    0.000000
   80    0.000000    0.000000    0.125841
    8    8.000000    0.000000    0.224340    0.000000
    1    1.000000    1.485965   -0.810941    0.000000
    1    1.000000   -1.485965   -0.983779    0.000000
  6.17315E-03  6.40064E-03  6.63549E-03  6.87769E-03  7.12723E-03  7.38404E-03
       .            .            .            .            .            .
       .            .            .            .            .            .
       .            .            .            .            .            .
 -6.36864E-03 -6.26649E-03 -6.16377E-03 -6.06062E-03 -5.95720E-03 -5.85367E-03

512000 out of 512000 gridpoints are considered (100.0%).

...done!

                       Measure       RMSE[kcal/mol/e]   MaxError[kcal/mol/e]   NPoints
                         Total        6.874273684E-01        4.713035369E+00    406306
Close (  1.20 < r <   1.66 )          1.084008565E+00        4.713035369E+00    143697
Mid-range ( 1.66 < r <  2.20)         3.381176724E-01        1.105169677E+00    193965
Far-range (  2.20         < r)        1.190592331E-01        3.276164187E-01     68644
Did analysis and wrote slice data
