/home/boittier/esp_check
h2o_23
/data/boittier/energies/h2o_geom.xyz.dir
Read multipoles for 3 atoms with max. rank 2
Running in generate mode

Reading "/data/boittier/energies/h2o_geom.xyz.dir/h2o_23.chk.fchk.potential.cube"...

  h2o Potential=SCF
  Electrostatic potential from Total SCF Density
    3   -4.970736   -4.751181   -4.970736
   80    0.125841    0.000000    0.000000
   80    0.000000    0.125841    0.000000
   80    0.000000    0.000000    0.125841
    8    8.000000    0.000000    0.219555    0.000000
    1    1.000000    1.427015   -0.896479    0.000000
    1    1.000000   -1.427015   -0.859958    0.000000
  1.63953E-02  1.65728E-02  1.67232E-02  1.68450E-02  1.69373E-02  1.69993E-02
       .            .            .            .            .            .
       .            .            .            .            .            .
       .            .            .            .            .            .
 -9.18321E-03 -9.17851E-03 -9.16911E-03 -9.15499E-03 -9.13614E-03 -9.11256E-03

338283 out of 512000 gridpoints are considered ( 66.1%).

...done!

 writing cube file quadrupole_expansion.cube                                                                                                                                                                                                                                                                                                                                                                                                                                                                                                                                                                                                                                                                                                                                                                                                                                                                                                                                                                                                                                       
Written cubefile and slice data
Running in analysis mode

Reading "/data/boittier/energies/h2o_geom.xyz.dir/h2o_23.chk.fchk.potential.cube"...

  h2o Potential=SCF
  Electrostatic potential from Total SCF Density
    3   -4.970736   -4.751181   -4.970736
   80    0.125841    0.000000    0.000000
   80    0.000000    0.125841    0.000000
   80    0.000000    0.000000    0.125841
    8    8.000000    0.000000    0.219555    0.000000
    1    1.000000    1.427015   -0.896479    0.000000
    1    1.000000   -1.427015   -0.859958    0.000000
  6.08495E-03  6.30521E-03  6.53241E-03  6.76655E-03  7.00759E-03  7.25545E-03
       .            .            .            .            .            .
       .            .            .            .            .            .
       .            .            .            .            .            .
 -6.73222E-03 -6.61380E-03 -6.49533E-03 -6.37699E-03 -6.25892E-03 -6.14129E-03

512000 out of 512000 gridpoints are considered (100.0%).

...done!

Reading "/home/boittier/esp_check/quadrupole_expansion.cube"...

  Fitted ESP
  Electrostatic potential fitted from quadrupole expansion.
    3   -4.970736   -4.751181   -4.970736
   80    0.125841    0.000000    0.000000
   80    0.000000    0.125841    0.000000
   80    0.000000    0.000000    0.125841
    8    8.000000    0.000000    0.219555    0.000000
    1    1.000000    1.427015   -0.896479    0.000000
    1    1.000000   -1.427015   -0.859958    0.000000
  6.02695E-03  6.24101E-03  6.46160E-03  6.68871E-03  6.92228E-03  7.16222E-03
       .            .            .            .            .            .
       .            .            .            .            .            .
       .            .            .            .            .            .
 -6.67957E-03 -6.56620E-03 -6.45250E-03 -6.33863E-03 -6.22477E-03 -6.11107E-03

512000 out of 512000 gridpoints are considered (100.0%).

...done!

                       Measure       RMSE[kcal/mol/e]   MaxError[kcal/mol/e]   NPoints
                         Total        6.826222787E-01        4.692704062E+00    407734
Close (  1.20 < r <   1.66 )          1.080150204E+00        4.692704062E+00    142983
Mid-range ( 1.66 < r <  2.20)         3.369598630E-01        1.067268105E+00    195300
Far-range (  2.20         < r)        1.197901789E-01        3.199168775E-01     69451
Did analysis and wrote slice data
