/home/boittier/esp_check
h2o_1090
/data/boittier/energies/h2o_geom.xyz.dir
Read multipoles for 3 atoms with max. rank 2
Running in generate mode

Reading "/data/boittier/energies/h2o_geom.xyz.dir/h2o_1090.chk.fchk.potential.cube"...

  h2o Potential=SCF
  Electrostatic potential from Total SCF Density
    3   -4.970736   -4.741396   -4.970736
   80    0.125841    0.000000    0.000000
   80    0.000000    0.125841    0.000000
   80    0.000000    0.000000    0.125841
    8    8.000000    0.000000    0.229339    0.000000
    1    1.000000    1.426015   -0.896835    0.000000
    1    1.000000   -1.426015   -0.937878    0.000000
  1.67767E-02  1.69256E-02  1.70463E-02  1.71377E-02  1.71991E-02  1.72299E-02
       .            .            .            .            .            .
       .            .            .            .            .            .
       .            .            .            .            .            .
 -9.20006E-03 -9.19546E-03 -9.18626E-03 -9.17244E-03 -9.15398E-03 -9.13087E-03

338092 out of 512000 gridpoints are considered ( 66.0%).

...done!

 writing cube file quadrupole_expansion.cube                                                                                                                                                                                                                                                                                                                                                                                                                                                                                                                                                                                                                                                                                                                                                                                                                                                                                                                                                                                                                                       
Written cubefile and slice data
Running in analysis mode

Reading "/data/boittier/energies/h2o_geom.xyz.dir/h2o_1090.chk.fchk.potential.cube"...

  h2o Potential=SCF
  Electrostatic potential from Total SCF Density
    3   -4.970736   -4.741396   -4.970736
   80    0.125841    0.000000    0.000000
   80    0.000000    0.125841    0.000000
   80    0.000000    0.000000    0.125841
    8    8.000000    0.000000    0.229339    0.000000
    1    1.000000    1.426015   -0.896835    0.000000
    1    1.000000   -1.426015   -0.937878    0.000000
  6.27440E-03  6.50331E-03  6.73955E-03  6.98313E-03  7.23401E-03  7.49212E-03
       .            .            .            .            .            .
       .            .            .            .            .            .
       .            .            .            .            .            .
 -6.77023E-03 -6.65230E-03 -6.53429E-03 -6.41635E-03 -6.29864E-03 -6.18132E-03

512000 out of 512000 gridpoints are considered (100.0%).

...done!

Reading "/home/boittier/esp_check/quadrupole_expansion.cube"...

  Fitted ESP
  Electrostatic potential fitted from quadrupole expansion.
    3   -4.970736   -4.741396   -4.970736
   80    0.125841    0.000000    0.000000
   80    0.000000    0.125841    0.000000
   80    0.000000    0.000000    0.125841
    8    8.000000    0.000000    0.229339    0.000000
    1    1.000000    1.426015   -0.896835    0.000000
    1    1.000000   -1.426015   -0.937878    0.000000
  6.21530E-03  6.43784E-03  6.66730E-03  6.90365E-03  7.14686E-03  7.39685E-03
       .            .            .            .            .            .
       .            .            .            .            .            .
       .            .            .            .            .            .
 -6.71667E-03 -6.60385E-03 -6.49066E-03 -6.37725E-03 -6.26380E-03 -6.15045E-03

512000 out of 512000 gridpoints are considered (100.0%).

...done!

                       Measure       RMSE[kcal/mol/e]   MaxError[kcal/mol/e]   NPoints
                         Total        6.742985107E-01        4.715043399E+00    407056
Close (  1.20 < r <   1.66 )          1.064937130E+00        4.715043399E+00    143414
Mid-range ( 1.66 < r <  2.20)         3.322505337E-01        1.067519109E+00    194678
Far-range (  2.20         < r)        1.170266697E-01        3.229163727E-01     68964
Did analysis and wrote slice data
