/home/boittier/esp_check
h2o_127
/data/boittier/energies/h2o_geom.xyz.dir
Read multipoles for 3 atoms with max. rank 2
Running in generate mode

Reading "/data/boittier/energies/h2o_geom.xyz.dir/h2o_127.chk.fchk.potential.cube"...

  h2o Potential=SCF
  Electrostatic potential from Total SCF Density
    3   -4.970736   -4.754193   -4.970736
   80    0.125841    0.000000    0.000000
   80    0.000000    0.125841    0.000000
   80    0.000000    0.000000    0.125841
    8    8.000000    0.000000    0.216542    0.000000
    1    1.000000    1.457833   -0.856011    0.000000
    1    1.000000   -1.457833   -0.876326    0.000000
  1.65601E-02  1.66489E-02  1.67086E-02  1.67385E-02  1.67385E-02  1.67086E-02
       .            .            .            .            .            .
       .            .            .            .            .            .
       .            .            .            .            .            .
 -8.73267E-03 -8.72870E-03 -8.72074E-03 -8.70878E-03 -8.69279E-03 -8.67273E-03

338094 out of 512000 gridpoints are considered ( 66.0%).

...done!

 writing cube file quadrupole_expansion.cube                                                                                                                                                                                                                                                                                                                                                                                                                                                                                                                                                                                                                                                                                                                                                                                                                                                                                                                                                                                                                                       
Written cubefile and slice data
Running in analysis mode

Reading "/data/boittier/energies/h2o_geom.xyz.dir/h2o_127.chk.fchk.potential.cube"...

  h2o Potential=SCF
  Electrostatic potential from Total SCF Density
    3   -4.970736   -4.754193   -4.970736
   80    0.125841    0.000000    0.000000
   80    0.000000    0.125841    0.000000
   80    0.000000    0.000000    0.125841
    8    8.000000    0.000000    0.216542    0.000000
    1    1.000000    1.457833   -0.856011    0.000000
    1    1.000000   -1.457833   -0.876326    0.000000
  6.04960E-03  6.27158E-03  6.50069E-03  6.73693E-03  6.98026E-03  7.23061E-03
       .            .            .            .            .            .
       .            .            .            .            .            .
       .            .            .            .            .            .
 -6.56950E-03 -6.45592E-03 -6.34222E-03 -6.22854E-03 -6.11505E-03 -6.00188E-03

512000 out of 512000 gridpoints are considered (100.0%).

...done!

Reading "/home/boittier/esp_check/quadrupole_expansion.cube"...

  Fitted ESP
  Electrostatic potential fitted from quadrupole expansion.
    3   -4.970736   -4.754193   -4.970736
   80    0.125841    0.000000    0.000000
   80    0.000000    0.125841    0.000000
   80    0.000000    0.000000    0.125841
    8    8.000000    0.000000    0.216542    0.000000
    1    1.000000    1.457833   -0.856011    0.000000
    1    1.000000   -1.457833   -0.876326    0.000000
  5.98768E-03  6.20327E-03  6.42556E-03  6.65455E-03  6.89019E-03  7.13239E-03
       .            .            .            .            .            .
       .            .            .            .            .            .
       .            .            .            .            .            .
 -6.51193E-03 -6.40359E-03 -6.29483E-03 -6.18581E-03 -6.07669E-03 -5.96763E-03

512000 out of 512000 gridpoints are considered (100.0%).

...done!

                       Measure       RMSE[kcal/mol/e]   MaxError[kcal/mol/e]   NPoints
                         Total        6.895827860E-01        4.691511794E+00    407393
Close (  1.20 < r <   1.66 )          1.090630578E+00        4.691511794E+00    143044
Mid-range ( 1.66 < r <  2.20)         3.401311504E-01        1.098267073E+00    195050
Far-range (  2.20         < r)        1.208964543E-01        3.223641644E-01     69299
Did analysis and wrote slice data
