/home/boittier/esp_check
h2o_365
/data/boittier/energies/h2o_geom.xyz.dir
Read multipoles for 3 atoms with max. rank 2
Running in generate mode

Reading "/data/boittier/energies/h2o_geom.xyz.dir/h2o_365.chk.fchk.potential.cube"...

  h2o Potential=SCF
  Electrostatic potential from Total SCF Density
    3   -4.970736   -4.746617   -4.970736
   80    0.125841    0.000000    0.000000
   80    0.000000    0.125841    0.000000
   80    0.000000    0.000000    0.125841
    8    8.000000    0.000000    0.224118    0.000000
    1    1.000000    1.410864   -0.917426    0.000000
    1    1.000000   -1.410864   -0.875520    0.000000
  1.66885E-02  1.66885E-02  1.65092E-02  1.66873E-02  1.68380E-02  1.69602E-02
       .            .            .            .            .            .
       .            .            .            .            .            .
       .            .            .            .            .            .
 -9.41638E-03 -9.41135E-03 -9.40129E-03 -9.38619E-03 -9.36606E-03 -9.34087E-03

338302 out of 512000 gridpoints are considered ( 66.1%).

...done!

 writing cube file quadrupole_expansion.cube                                                                                                                                                                                                                                                                                                                                                                                                                                                                                                                                                                                                                                                                                                                                                                                                                                                                                                                                                                                                                                       
Written cubefile and slice data
Running in analysis mode

Reading "/data/boittier/energies/h2o_geom.xyz.dir/h2o_365.chk.fchk.potential.cube"...

  h2o Potential=SCF
  Electrostatic potential from Total SCF Density
    3   -4.970736   -4.746617   -4.970736
   80    0.125841    0.000000    0.000000
   80    0.000000    0.125841    0.000000
   80    0.000000    0.000000    0.125841
    8    8.000000    0.000000    0.224118    0.000000
    1    1.000000    1.410864   -0.917426    0.000000
    1    1.000000   -1.410864   -0.875520    0.000000
  6.16520E-03  6.38735E-03  6.61649E-03  6.85259E-03  7.09562E-03  7.34549E-03
       .            .            .            .            .            .
       .            .            .            .            .            .
       .            .            .            .            .            .
 -6.82755E-03 -6.70684E-03 -6.58611E-03 -6.46554E-03 -6.34528E-03 -6.22549E-03

512000 out of 512000 gridpoints are considered (100.0%).

...done!

Reading "/home/boittier/esp_check/quadrupole_expansion.cube"...

  Fitted ESP
  Electrostatic potential fitted from quadrupole expansion.
    3   -4.970736   -4.746617   -4.970736
   80    0.125841    0.000000    0.000000
   80    0.000000    0.125841    0.000000
   80    0.000000    0.000000    0.125841
    8    8.000000    0.000000    0.224118    0.000000
    1    1.000000    1.410864   -0.917426    0.000000
    1    1.000000   -1.410864   -0.875520    0.000000
  6.10878E-03  6.32478E-03  6.54736E-03  6.77647E-03  7.01208E-03  7.25408E-03
       .            .            .            .            .            .
       .            .            .            .            .            .
       .            .            .            .            .            .
 -6.77709E-03 -6.66136E-03 -6.54532E-03 -6.42916E-03 -6.31304E-03 -6.19711E-03

512000 out of 512000 gridpoints are considered (100.0%).

...done!

                       Measure       RMSE[kcal/mol/e]   MaxError[kcal/mol/e]   NPoints
                         Total        6.762246769E-01        4.700108674E+00    407676
Close (  1.20 < r <   1.66 )          1.069745503E+00        4.700108674E+00    143050
Mid-range ( 1.66 < r <  2.20)         3.337655408E-01        1.058671225E+00    195252
Far-range (  2.20         < r)        1.183070150E-01        3.196533235E-01     69374
Did analysis and wrote slice data
