/home/boittier/esp_check
h2o_218
/data/boittier/energies/h2o_geom.xyz.dir
Read multipoles for 3 atoms with max. rank 2
Running in generate mode

Reading "/data/boittier/energies/h2o_geom.xyz.dir/h2o_218.chk.fchk.potential.cube"...

  h2o Potential=SCF
  Electrostatic potential from Total SCF Density
    3   -4.970736   -4.753775   -4.970736
   80    0.125841    0.000000    0.000000
   80    0.000000    0.125841    0.000000
   80    0.000000    0.000000    0.125841
    8    8.000000    0.000000    0.216960    0.000000
    1    1.000000    1.455968   -0.858252    0.000000
    1    1.000000   -1.455968   -0.877429    0.000000
  1.65673E-02  1.66562E-02  1.67158E-02  1.67458E-02  1.67458E-02  1.67158E-02
       .            .            .            .            .            .
       .            .            .            .            .            .
       .            .            .            .            .            .
 -8.75903E-03 -8.75502E-03 -8.74698E-03 -8.73490E-03 -8.71875E-03 -8.69850E-03

338110 out of 512000 gridpoints are considered ( 66.0%).

...done!

 writing cube file quadrupole_expansion.cube                                                                                                                                                                                                                                                                                                                                                                                                                                                                                                                                                                                                                                                                                                                                                                                                                                                                                                                                                                                                                                       
Written cubefile and slice data
Running in analysis mode

Reading "/data/boittier/energies/h2o_geom.xyz.dir/h2o_218.chk.fchk.potential.cube"...

  h2o Potential=SCF
  Electrostatic potential from Total SCF Density
    3   -4.970736   -4.753775   -4.970736
   80    0.125841    0.000000    0.000000
   80    0.000000    0.125841    0.000000
   80    0.000000    0.000000    0.125841
    8    8.000000    0.000000    0.216960    0.000000
    1    1.000000    1.455968   -0.858252    0.000000
    1    1.000000   -1.455968   -0.877429    0.000000
  6.05668E-03  6.27879E-03  6.50803E-03  6.74439E-03  6.98785E-03  7.23832E-03
       .            .            .            .            .            .
       .            .            .            .            .            .
       .            .            .            .            .            .
 -6.57977E-03 -6.46592E-03 -6.35195E-03 -6.23802E-03 -6.12427E-03 -6.01085E-03

512000 out of 512000 gridpoints are considered (100.0%).

...done!

Reading "/home/boittier/esp_check/quadrupole_expansion.cube"...

  Fitted ESP
  Electrostatic potential fitted from quadrupole expansion.
    3   -4.970736   -4.753775   -4.970736
   80    0.125841    0.000000    0.000000
   80    0.000000    0.125841    0.000000
   80    0.000000    0.000000    0.125841
    8    8.000000    0.000000    0.216960    0.000000
    1    1.000000    1.455968   -0.858252    0.000000
    1    1.000000   -1.455968   -0.877429    0.000000
  5.99495E-03  6.21067E-03  6.43310E-03  6.66221E-03  6.89798E-03  7.14032E-03
       .            .            .            .            .            .
       .            .            .            .            .            .
       .            .            .            .            .            .
 -6.52243E-03 -6.41382E-03 -6.30479E-03 -6.19550E-03 -6.08612E-03 -5.97680E-03

512000 out of 512000 gridpoints are considered (100.0%).

...done!

                       Measure       RMSE[kcal/mol/e]   MaxError[kcal/mol/e]   NPoints
                         Total        6.889626668E-01        4.692202054E+00    407402
Close (  1.20 < r <   1.66 )          1.089624713E+00        4.692202054E+00    143048
Mid-range ( 1.66 < r <  2.20)         3.398745314E-01        1.095757035E+00    195062
Far-range (  2.20         < r)        1.207598438E-01        3.223076886E-01     69292
Did analysis and wrote slice data
