/home/boittier/esp_check
h2o_463
/data/boittier/energies/h2o_geom.xyz.dir
Read multipoles for 3 atoms with max. rank 2
Running in generate mode

Reading "/data/boittier/energies/h2o_geom.xyz.dir/h2o_463.chk.fchk.potential.cube"...

  h2o Potential=SCF
  Electrostatic potential from Total SCF Density
    3   -4.970736   -4.749155   -4.970736
   80    0.125841    0.000000    0.000000
   80    0.000000    0.125841    0.000000
   80    0.000000    0.000000    0.125841
    8    8.000000    0.000000    0.221581    0.000000
    1    1.000000    1.462051   -0.846606    0.000000
    1    1.000000   -1.462051   -0.926041    0.000000
  1.65458E-02  1.67234E-02  1.68737E-02  1.69956E-02  1.70879E-02  1.71499E-02
       .            .            .            .            .            .
       .            .            .            .            .            .
       .            .            .            .            .            .
 -8.64674E-03 -8.64298E-03 -8.63544E-03 -8.62411E-03 -8.60894E-03 -8.58990E-03

337930 out of 512000 gridpoints are considered ( 66.0%).

...done!

 writing cube file quadrupole_expansion.cube                                                                                                                                                                                                                                                                                                                                                                                                                                                                                                                                                                                                                                                                                                                                                                                                                                                                                                                                                                                                                                       
Written cubefile and slice data
Running in analysis mode

Reading "/data/boittier/energies/h2o_geom.xyz.dir/h2o_463.chk.fchk.potential.cube"...

  h2o Potential=SCF
  Electrostatic potential from Total SCF Density
    3   -4.970736   -4.749155   -4.970736
   80    0.125841    0.000000    0.000000
   80    0.000000    0.125841    0.000000
   80    0.000000    0.000000    0.125841
    8    8.000000    0.000000    0.221581    0.000000
    1    1.000000    1.462051   -0.846606    0.000000
    1    1.000000   -1.462051   -0.926041    0.000000
  6.15914E-03  6.38674E-03  6.62174E-03  6.86415E-03  7.11394E-03  7.37103E-03
       .            .            .            .            .            .
       .            .            .            .            .            .
       .            .            .            .            .            .
 -6.55648E-03 -6.44423E-03 -6.33181E-03 -6.21937E-03 -6.10706E-03 -5.99504E-03

512000 out of 512000 gridpoints are considered (100.0%).

...done!

Reading "/home/boittier/esp_check/quadrupole_expansion.cube"...

  Fitted ESP
  Electrostatic potential fitted from quadrupole expansion.
    3   -4.970736   -4.749155   -4.970736
   80    0.125841    0.000000    0.000000
   80    0.000000    0.125841    0.000000
   80    0.000000    0.000000    0.125841
    8    8.000000    0.000000    0.221581    0.000000
    1    1.000000    1.462051   -0.846606    0.000000
    1    1.000000   -1.462051   -0.926041    0.000000
  6.09573E-03  6.31680E-03  6.54484E-03  6.77985E-03  7.02178E-03  7.27056E-03
       .            .            .            .            .            .
       .            .            .            .            .            .
       .            .            .            .            .            .
 -6.49720E-03 -6.39027E-03 -6.28287E-03 -6.17516E-03 -6.06731E-03 -5.95945E-03

512000 out of 512000 gridpoints are considered (100.0%).

...done!

                       Measure       RMSE[kcal/mol/e]   MaxError[kcal/mol/e]   NPoints
                         Total        6.862450972E-01        4.706132765E+00    406955
Close (  1.20 < r <   1.66 )          1.083920680E+00        4.706132765E+00    143325
Mid-range ( 1.66 < r <  2.20)         3.382808626E-01        1.092619487E+00    194605
Far-range (  2.20         < r)        1.196757288E-01        3.245541725E-01     69025
Did analysis and wrote slice data
