/home/boittier/esp_check
h2o_849
/data/boittier/energies/h2o_geom.xyz.dir
Read multipoles for 3 atoms with max. rank 2
Running in generate mode

Reading "/data/boittier/energies/h2o_geom.xyz.dir/h2o_849.chk.fchk.potential.cube"...

  h2o Potential=SCF
  Electrostatic potential from Total SCF Density
    3   -4.970736   -4.749707   -4.970736
   80    0.125841    0.000000    0.000000
   80    0.000000    0.125841    0.000000
   80    0.000000    0.000000    0.125841
    8    8.000000    0.000000    0.221029    0.000000
    1    1.000000    1.492190   -0.804922    0.000000
    1    1.000000   -1.492190   -0.963306    0.000000
  1.68830E-02  1.69732E-02  1.70337E-02  1.70641E-02  1.70641E-02  1.70337E-02
       .            .            .            .            .            .
       .            .            .            .            .            .
       .            .            .            .            .            .
 -8.17888E-03 -8.17592E-03 -8.16997E-03 -8.16101E-03 -8.14898E-03 -8.13382E-03

337655 out of 512000 gridpoints are considered ( 65.9%).

...done!

 writing cube file quadrupole_expansion.cube                                                                                                                                                                                                                                                                                                                                                                                                                                                                                                                                                                                                                                                                                                                                                                                                                                                                                                                                                                                                                                       
Written cubefile and slice data
Running in analysis mode

Reading "/data/boittier/energies/h2o_geom.xyz.dir/h2o_849.chk.fchk.potential.cube"...

  h2o Potential=SCF
  Electrostatic potential from Total SCF Density
    3   -4.970736   -4.749707   -4.970736
   80    0.125841    0.000000    0.000000
   80    0.000000    0.125841    0.000000
   80    0.000000    0.000000    0.125841
    8    8.000000    0.000000    0.221029    0.000000
    1    1.000000    1.492190   -0.804922    0.000000
    1    1.000000   -1.492190   -0.963306    0.000000
  6.18174E-03  6.41383E-03  6.65364E-03  6.90118E-03  7.15642E-03  7.41932E-03
       .            .            .            .            .            .
       .            .            .            .            .            .
       .            .            .            .            .            .
 -6.39669E-03 -6.28971E-03 -6.18245E-03 -6.07505E-03 -5.96768E-03 -5.86046E-03

512000 out of 512000 gridpoints are considered (100.0%).

...done!

Reading "/home/boittier/esp_check/quadrupole_expansion.cube"...

  Fitted ESP
  Electrostatic potential fitted from quadrupole expansion.
    3   -4.970736   -4.749707   -4.970736
   80    0.125841    0.000000    0.000000
   80    0.000000    0.125841    0.000000
   80    0.000000    0.000000    0.125841
    8    8.000000    0.000000    0.221029    0.000000
    1    1.000000    1.492190   -0.804922    0.000000
    1    1.000000   -1.492190   -0.963306    0.000000
  6.11431E-03  6.33965E-03  6.57225E-03  6.81213E-03  7.05926E-03  7.31358E-03
       .            .            .            .            .            .
       .            .            .            .            .            .
       .            .            .            .            .            .
 -6.33237E-03 -6.23089E-03 -6.12883E-03 -6.02635E-03 -5.92359E-03 -5.82071E-03

512000 out of 512000 gridpoints are considered (100.0%).

...done!

                       Measure       RMSE[kcal/mol/e]   MaxError[kcal/mol/e]   NPoints
                         Total        6.908267312E-01        4.707952542E+00    406421
Close (  1.20 < r <   1.66 )          1.089792829E+00        4.707952542E+00    143602
Mid-range ( 1.66 < r <  2.20)         3.399163488E-01        1.117594364E+00    194053
Far-range (  2.20         < r)        1.200357384E-01        3.272650134E-01     68766
Did analysis and wrote slice data
