/home/boittier/esp_check
h2o_1263
/data/boittier/energies/h2o_geom.xyz.dir
Read multipoles for 3 atoms with max. rank 2
Running in generate mode

Reading "/data/boittier/energies/h2o_geom.xyz.dir/h2o_1263.chk.fchk.potential.cube"...

  h2o Potential=SCF
  Electrostatic potential from Total SCF Density
    3   -4.970736   -4.734681   -4.970736
   80    0.125841    0.000000    0.000000
   80    0.000000    0.125841    0.000000
   80    0.000000    0.000000    0.125841
    8    8.000000    0.000000    0.236055    0.000000
    1    1.000000    1.412569   -0.918863    0.000000
    1    1.000000   -1.412569   -0.969576    0.000000
  1.68412E-02  1.70198E-02  1.71710E-02  1.72935E-02  1.73863E-02  1.74486E-02
       .            .            .            .            .            .
       .            .            .            .            .            .
       .            .            .            .            .            .
 -9.42713E-03 -9.42224E-03 -9.41245E-03 -9.39776E-03 -9.37816E-03 -9.35363E-03

338010 out of 512000 gridpoints are considered ( 66.0%).

...done!

 writing cube file quadrupole_expansion.cube                                                                                                                                                                                                                                                                                                                                                                                                                                                                                                                                                                                                                                                                                                                                                                                                                                                                                                                                                                                                                                       
Written cubefile and slice data
Running in analysis mode

Reading "/data/boittier/energies/h2o_geom.xyz.dir/h2o_1263.chk.fchk.potential.cube"...

  h2o Potential=SCF
  Electrostatic potential from Total SCF Density
    3   -4.970736   -4.734681   -4.970736
   80    0.125841    0.000000    0.000000
   80    0.000000    0.125841    0.000000
   80    0.000000    0.000000    0.125841
    8    8.000000    0.000000    0.236055    0.000000
    1    1.000000    1.412569   -0.918863    0.000000
    1    1.000000   -1.412569   -0.969576    0.000000
  6.38260E-03  6.61501E-03  6.85487E-03  7.10218E-03  7.35691E-03  7.61898E-03
       .            .            .            .            .            .
       .            .            .            .            .            .
       .            .            .            .            .            .
 -6.86989E-03 -6.74989E-03 -6.62982E-03 -6.50985E-03 -6.39013E-03 -6.27081E-03

512000 out of 512000 gridpoints are considered (100.0%).

...done!

Reading "/home/boittier/esp_check/quadrupole_expansion.cube"...

  Fitted ESP
  Electrostatic potential fitted from quadrupole expansion.
    3   -4.970736   -4.734681   -4.970736
   80    0.125841    0.000000    0.000000
   80    0.000000    0.125841    0.000000
   80    0.000000    0.000000    0.125841
    8    8.000000    0.000000    0.236055    0.000000
    1    1.000000    1.412569   -0.918863    0.000000
    1    1.000000   -1.412569   -0.969576    0.000000
  6.32511E-03  6.55118E-03  6.78428E-03  7.02438E-03  7.27146E-03  7.52543E-03
       .            .            .            .            .            .
       .            .            .            .            .            .
       .            .            .            .            .            .
 -6.81874E-03 -6.70376E-03 -6.58842E-03 -6.47290E-03 -6.35735E-03 -6.24193E-03

512000 out of 512000 gridpoints are considered (100.0%).

...done!

                       Measure       RMSE[kcal/mol/e]   MaxError[kcal/mol/e]   NPoints
                         Total        6.660727889E-01        4.724581543E+00    406812
Close (  1.20 < r <   1.66 )          1.051153964E+00        4.724581543E+00    143627
Mid-range ( 1.66 < r <  2.20)         3.277246494E-01        1.057980965E+00    194383
Far-range (  2.20         < r)        1.149383012E-01        3.231673765E-01     68802
Did analysis and wrote slice data
