/home/boittier/esp_check
h2o_453
/data/boittier/energies/h2o_geom.xyz.dir
Read multipoles for 3 atoms with max. rank 2
Running in generate mode

Reading "/data/boittier/energies/h2o_geom.xyz.dir/h2o_453.chk.fchk.potential.cube"...

  h2o Potential=SCF
  Electrostatic potential from Total SCF Density
    3   -4.970736   -4.752031   -4.970736
   80    0.125841    0.000000    0.000000
   80    0.000000    0.125841    0.000000
   80    0.000000    0.000000    0.125841
    8    8.000000    0.000000    0.218705    0.000000
    1    1.000000    1.407179   -0.924698    0.000000
    1    1.000000   -1.407179   -0.824942    0.000000
  1.64080E-02  1.65257E-02  1.66148E-02  1.66747E-02  1.67047E-02  1.67047E-02
       .            .            .            .            .            .
       .            .            .            .            .            .
       .            .            .            .            .            .
 -9.47938E-03 -9.47418E-03 -9.46376E-03 -9.44813E-03 -9.42729E-03 -9.40123E-03

338499 out of 512000 gridpoints are considered ( 66.1%).

...done!

 writing cube file quadrupole_expansion.cube                                                                                                                                                                                                                                                                                                                                                                                                                                                                                                                                                                                                                                                                                                                                                                                                                                                                                                                                                                                                                                       
Written cubefile and slice data
Running in analysis mode

Reading "/data/boittier/energies/h2o_geom.xyz.dir/h2o_453.chk.fchk.potential.cube"...

  h2o Potential=SCF
  Electrostatic potential from Total SCF Density
    3   -4.970736   -4.752031   -4.970736
   80    0.125841    0.000000    0.000000
   80    0.000000    0.125841    0.000000
   80    0.000000    0.000000    0.125841
    8    8.000000    0.000000    0.218705    0.000000
    1    1.000000    1.407179   -0.924698    0.000000
    1    1.000000   -1.407179   -0.824942    0.000000
  6.05128E-03  6.26785E-03  6.49114E-03  6.72113E-03  6.95778E-03  7.20099E-03
       .            .            .            .            .            .
       .            .            .            .            .            .
       .            .            .            .            .            .
 -6.83033E-03 -6.70853E-03 -6.58677E-03 -6.46521E-03 -6.34400E-03 -6.22331E-03

512000 out of 512000 gridpoints are considered (100.0%).

...done!

Reading "/home/boittier/esp_check/quadrupole_expansion.cube"...

  Fitted ESP
  Electrostatic potential fitted from quadrupole expansion.
    3   -4.970736   -4.752031   -4.970736
   80    0.125841    0.000000    0.000000
   80    0.000000    0.125841    0.000000
   80    0.000000    0.000000    0.125841
    8    8.000000    0.000000    0.218705    0.000000
    1    1.000000    1.407179   -0.924698    0.000000
    1    1.000000   -1.407179   -0.824942    0.000000
  5.99650E-03  6.20708E-03  6.42397E-03  6.64714E-03  6.87655E-03  7.11209E-03
       .            .            .            .            .            .
       .            .            .            .            .            .
       .            .            .            .            .            .
 -6.78157E-03 -6.66467E-03 -6.54752E-03 -6.43028E-03 -6.31313E-03 -6.19622E-03

512000 out of 512000 gridpoints are considered (100.0%).

...done!

                       Measure       RMSE[kcal/mol/e]   MaxError[kcal/mol/e]   NPoints
                         Total        6.800040576E-01        4.685613205E+00    408148
Close (  1.20 < r <   1.66 )          1.076904741E+00        4.685613205E+00    142830
Mid-range ( 1.66 < r <  2.20)         3.359974377E-01        1.056537693E+00    195669
Far-range (  2.20         < r)        1.196211974E-01        3.186053827E-01     69649
Did analysis and wrote slice data
