/home/boittier/esp_check
h2o_1301
/data/boittier/energies/h2o_geom.xyz.dir
Read multipoles for 3 atoms with max. rank 2
Running in generate mode

Reading "/data/boittier/energies/h2o_geom.xyz.dir/h2o_1301.chk.fchk.potential.cube"...

  h2o Potential=SCF
  Electrostatic potential from Total SCF Density
    3   -4.970736   -4.742121   -4.970736
   80    0.125841    0.000000    0.000000
   80    0.000000    0.125841    0.000000
   80    0.000000    0.000000    0.125841
    8    8.000000    0.000000    0.228615    0.000000
    1    1.000000    1.432394   -0.891276    0.000000
    1    1.000000   -1.432394   -0.937642    0.000000
  1.67883E-02  1.69376E-02  1.70587E-02  1.71504E-02  1.72119E-02  1.72429E-02
       .            .            .            .            .            .
       .            .            .            .            .            .
       .            .            .            .            .            .
 -9.13166E-03 -9.12717E-03 -9.11818E-03 -9.10468E-03 -9.08665E-03 -9.06407E-03

338032 out of 512000 gridpoints are considered ( 66.0%).

...done!

 writing cube file quadrupole_expansion.cube                                                                                                                                                                                                                                                                                                                                                                                                                                                                                                                                                                                                                                                                                                                                                                                                                                                                                                                                                                                                                                       
Written cubefile and slice data
Running in analysis mode

Reading "/data/boittier/energies/h2o_geom.xyz.dir/h2o_1301.chk.fchk.potential.cube"...

  h2o Potential=SCF
  Electrostatic potential from Total SCF Density
    3   -4.970736   -4.742121   -4.970736
   80    0.125841    0.000000    0.000000
   80    0.000000    0.125841    0.000000
   80    0.000000    0.000000    0.125841
    8    8.000000    0.000000    0.228615    0.000000
    1    1.000000    1.432394   -0.891276    0.000000
    1    1.000000   -1.432394   -0.937642    0.000000
  6.26251E-03  6.49147E-03  6.72779E-03  6.97147E-03  7.22247E-03  7.48073E-03
       .            .            .            .            .            .
       .            .            .            .            .            .
       .            .            .            .            .            .
 -6.74532E-03 -6.62811E-03 -6.51079E-03 -6.39354E-03 -6.27650E-03 -6.15984E-03

512000 out of 512000 gridpoints are considered (100.0%).

...done!

Reading "/home/boittier/esp_check/quadrupole_expansion.cube"...

  Fitted ESP
  Electrostatic potential fitted from quadrupole expansion.
    3   -4.970736   -4.742121   -4.970736
   80    0.125841    0.000000    0.000000
   80    0.000000    0.125841    0.000000
   80    0.000000    0.000000    0.125841
    8    8.000000    0.000000    0.228615    0.000000
    1    1.000000    1.432394   -0.891276    0.000000
    1    1.000000   -1.432394   -0.937642    0.000000
  6.20282E-03  6.42539E-03  6.65490E-03  6.89132E-03  7.13462E-03  7.38472E-03
       .            .            .            .            .            .
       .            .            .            .            .            .
       .            .            .            .            .            .
 -6.69104E-03 -6.57896E-03 -6.46649E-03 -6.35379E-03 -6.24104E-03 -6.12838E-03

512000 out of 512000 gridpoints are considered (100.0%).

...done!

                       Measure       RMSE[kcal/mol/e]   MaxError[kcal/mol/e]   NPoints
                         Total        6.759579048E-01        4.715043399E+00    406983
Close (  1.20 < r <   1.66 )          1.067420494E+00        4.715043399E+00    143431
Mid-range ( 1.66 < r <  2.20)         3.330476379E-01        1.071472418E+00    194601
Far-range (  2.20         < r)        1.173589208E-01        3.234183803E-01     68951
Did analysis and wrote slice data
