/home/boittier/esp_check
h2o_963
/data/boittier/energies/h2o_geom.xyz.dir
Read multipoles for 3 atoms with max. rank 2
Running in generate mode

Reading "/data/boittier/energies/h2o_geom.xyz.dir/h2o_963.chk.fchk.potential.cube"...

  h2o Potential=SCF
  Electrostatic potential from Total SCF Density
    3   -4.970736   -4.753569   -4.970736
   80    0.125841    0.000000    0.000000
   80    0.000000    0.125841    0.000000
   80    0.000000    0.000000    0.125841
    8    8.000000    0.000000    0.217166    0.000000
    1    1.000000    1.376159   -0.970578    0.000000
    1    1.000000   -1.376159   -0.766753    0.000000
  1.60134E-02  1.61862E-02  1.63324E-02  1.64510E-02  1.65408E-02  1.66011E-02
       .            .            .            .            .            .
       .            .            .            .            .            .
       .            .            .            .            .            .
 -9.94441E-03 -9.93841E-03 -9.92641E-03 -9.90843E-03 -9.88447E-03 -9.85457E-03

338766 out of 512000 gridpoints are considered ( 66.2%).

...done!

 writing cube file quadrupole_expansion.cube                                                                                                                                                                                                                                                                                                                                                                                                                                                                                                                                                                                                                                                                                                                                                                                                                                                                                                                                                                                                                                       
Written cubefile and slice data
Running in analysis mode

Reading "/data/boittier/energies/h2o_geom.xyz.dir/h2o_963.chk.fchk.potential.cube"...

  h2o Potential=SCF
  Electrostatic potential from Total SCF Density
    3   -4.970736   -4.753569   -4.970736
   80    0.125841    0.000000    0.000000
   80    0.000000    0.125841    0.000000
   80    0.000000    0.000000    0.125841
    8    8.000000    0.000000    0.217166    0.000000
    1    1.000000    1.376159   -0.970578    0.000000
    1    1.000000   -1.376159   -0.766753    0.000000
  5.99573E-03  6.20651E-03  6.42365E-03  6.64713E-03  6.87688E-03  7.11282E-03
       .            .            .            .            .            .
       .            .            .            .            .            .
       .            .            .            .            .            .
 -6.98434E-03 -6.85728E-03 -6.73037E-03 -6.60377E-03 -6.47765E-03 -6.35216E-03

512000 out of 512000 gridpoints are considered (100.0%).

...done!

Reading "/home/boittier/esp_check/quadrupole_expansion.cube"...

  Fitted ESP
  Electrostatic potential fitted from quadrupole expansion.
    3   -4.970736   -4.753569   -4.970736
   80    0.125841    0.000000    0.000000
   80    0.000000    0.125841    0.000000
   80    0.000000    0.000000    0.125841
    8    8.000000    0.000000    0.217166    0.000000
    1    1.000000    1.376159   -0.970578    0.000000
    1    1.000000   -1.376159   -0.766753    0.000000
  5.94651E-03  6.15164E-03  6.36274E-03  6.57978E-03  6.80269E-03  7.03137E-03
       .            .            .            .            .            .
       .            .            .            .            .            .
       .            .            .            .            .            .
 -6.94220E-03 -6.81975E-03 -6.69717E-03 -6.57463E-03 -6.45230E-03 -6.33034E-03

512000 out of 512000 gridpoints are considered (100.0%).

...done!

                       Measure       RMSE[kcal/mol/e]   MaxError[kcal/mol/e]   NPoints
                         Total        6.758453068E-01        4.675384801E+00    408748
Close (  1.20 < r <   1.66 )          1.072226717E+00        4.675384801E+00    142422
Mid-range ( 1.66 < r <  2.20)         3.344849263E-01        1.049133081E+00    196344
Far-range (  2.20         < r)        1.193725054E-01        3.255519125E-01     69982
Did analysis and wrote slice data
