/home/boittier/esp_check
h2o_1067
/data/boittier/energies/h2o_geom.xyz.dir
Read multipoles for 3 atoms with max. rank 2
Running in generate mode

Reading "/data/boittier/energies/h2o_geom.xyz.dir/h2o_1067.chk.fchk.potential.cube"...

  h2o Potential=SCF
  Electrostatic potential from Total SCF Density
    3   -4.970736   -4.745331   -4.970736
   80    0.125841    0.000000    0.000000
   80    0.000000    0.125841    0.000000
   80    0.000000    0.000000    0.125841
    8    8.000000    0.000000    0.225404    0.000000
    1    1.000000    1.445379   -0.871219    0.000000
    1    1.000000   -1.445379   -0.932016    0.000000
  1.67535E-02  1.69033E-02  1.70246E-02  1.71165E-02  1.71782E-02  1.72092E-02
       .            .            .            .            .            .
       .            .            .            .            .            .
       .            .            .            .            .            .
 -8.91724E-03 -8.91306E-03 -8.90471E-03 -8.89215E-03 -8.87537E-03 -8.85434E-03

338011 out of 512000 gridpoints are considered ( 66.0%).

...done!

 writing cube file quadrupole_expansion.cube                                                                                                                                                                                                                                                                                                                                                                                                                                                                                                                                                                                                                                                                                                                                                                                                                                                                                                                                                                                                                                       
Written cubefile and slice data
Running in analysis mode

Reading "/data/boittier/energies/h2o_geom.xyz.dir/h2o_1067.chk.fchk.potential.cube"...

  h2o Potential=SCF
  Electrostatic potential from Total SCF Density
    3   -4.970736   -4.745331   -4.970736
   80    0.125841    0.000000    0.000000
   80    0.000000    0.125841    0.000000
   80    0.000000    0.000000    0.125841
    8    8.000000    0.000000    0.225404    0.000000
    1    1.000000    1.445379   -0.871219    0.000000
    1    1.000000   -1.445379   -0.932016    0.000000
  6.21510E-03  6.44338E-03  6.67903E-03  6.92206E-03  7.17243E-03  7.43008E-03
       .            .            .            .            .            .
       .            .            .            .            .            .
       .            .            .            .            .            .
 -6.66118E-03 -6.54615E-03 -6.43099E-03 -6.31586E-03 -6.20091E-03 -6.08629E-03

512000 out of 512000 gridpoints are considered (100.0%).

...done!

Reading "/home/boittier/esp_check/quadrupole_expansion.cube"...

  Fitted ESP
  Electrostatic potential fitted from quadrupole expansion.
    3   -4.970736   -4.745331   -4.970736
   80    0.125841    0.000000    0.000000
   80    0.000000    0.125841    0.000000
   80    0.000000    0.000000    0.125841
    8    8.000000    0.000000    0.225404    0.000000
    1    1.000000    1.445379   -0.871219    0.000000
    1    1.000000   -1.445379   -0.932016    0.000000
  6.15375E-03  6.37558E-03  6.60435E-03  6.84006E-03  7.08266E-03  7.33208E-03
       .            .            .            .            .            .
       .            .            .            .            .            .
       .            .            .            .            .            .
 -6.60464E-03 -6.49483E-03 -6.38459E-03 -6.27410E-03 -6.16350E-03 -6.05296E-03

512000 out of 512000 gridpoints are considered (100.0%).

...done!

                       Measure       RMSE[kcal/mol/e]   MaxError[kcal/mol/e]   NPoints
                         Total        6.808062952E-01        4.711215591E+00    406993
Close (  1.20 < r <   1.66 )          1.075238080E+00        4.711215591E+00    143381
Mid-range ( 1.66 < r <  2.20)         3.354778916E-01        1.078939781E+00    194630
Far-range (  2.20         < r)        1.184189232E-01        3.239078377E-01     68982
Did analysis and wrote slice data
