/home/boittier/esp_check
h2o_476
/data/boittier/energies/h2o_geom.xyz.dir
Read multipoles for 3 atoms with max. rank 2
Running in generate mode

Reading "/data/boittier/energies/h2o_geom.xyz.dir/h2o_476.chk.fchk.potential.cube"...

  h2o Potential=SCF
  Electrostatic potential from Total SCF Density
    3   -4.970736   -4.753090   -4.970736
   80    0.125841    0.000000    0.000000
   80    0.000000    0.125841    0.000000
   80    0.000000    0.000000    0.125841
    8    8.000000    0.000000    0.217646    0.000000
    1    1.000000    1.449582   -0.866856    0.000000
    1    1.000000   -1.449582   -0.874310    0.000000
  1.65333E-02  1.66217E-02  1.66810E-02  1.67108E-02  1.67108E-02  1.66810E-02
       .            .            .            .            .            .
       .            .            .            .            .            .
       .            .            .            .            .            .
 -8.85518E-03 -8.85101E-03 -8.84267E-03 -8.83013E-03 -8.81337E-03 -8.79236E-03

338146 out of 512000 gridpoints are considered ( 66.0%).

...done!

 writing cube file quadrupole_expansion.cube                                                                                                                                                                                                                                                                                                                                                                                                                                                                                                                                                                                                                                                                                                                                                                                                                                                                                                                                                                                                                                       
Written cubefile and slice data
Running in analysis mode

Reading "/data/boittier/energies/h2o_geom.xyz.dir/h2o_476.chk.fchk.potential.cube"...

  h2o Potential=SCF
  Electrostatic potential from Total SCF Density
    3   -4.970736   -4.753090   -4.970736
   80    0.125841    0.000000    0.000000
   80    0.000000    0.125841    0.000000
   80    0.000000    0.000000    0.125841
    8    8.000000    0.000000    0.217646    0.000000
    1    1.000000    1.449582   -0.866856    0.000000
    1    1.000000   -1.449582   -0.874310    0.000000
  6.06460E-03  6.28637E-03  6.51523E-03  6.75117E-03  6.99417E-03  7.24415E-03
       .            .            .            .            .            .
       .            .            .            .            .            .
       .            .            .            .            .            .
 -6.61460E-03 -6.49972E-03 -6.38473E-03 -6.26980E-03 -6.15507E-03 -6.04070E-03

512000 out of 512000 gridpoints are considered (100.0%).

...done!

Reading "/home/boittier/esp_check/quadrupole_expansion.cube"...

  Fitted ESP
  Electrostatic potential fitted from quadrupole expansion.
    3   -4.970736   -4.753090   -4.970736
   80    0.125841    0.000000    0.000000
   80    0.000000    0.125841    0.000000
   80    0.000000    0.000000    0.125841
    8    8.000000    0.000000    0.217646    0.000000
    1    1.000000    1.449582   -0.866856    0.000000
    1    1.000000   -1.449582   -0.874310    0.000000
  6.00368E-03  6.21910E-03  6.44119E-03  6.66994E-03  6.90530E-03  7.14719E-03
       .            .            .            .            .            .
       .            .            .            .            .            .
       .            .            .            .            .            .
 -6.55829E-03 -6.44860E-03 -6.33852E-03 -6.22820E-03 -6.11781E-03 -6.00750E-03

512000 out of 512000 gridpoints are considered (100.0%).

...done!

                       Measure       RMSE[kcal/mol/e]   MaxError[kcal/mol/e]   NPoints
                         Total        6.875466986E-01        4.691951051E+00    407462
Close (  1.20 < r <   1.66 )          1.087468614E+00        4.691951051E+00    143038
Mid-range ( 1.66 < r <  2.20)         3.392404161E-01        1.088352423E+00    195108
Far-range (  2.20         < r)        1.205178650E-01        3.217868557E-01     69316
Did analysis and wrote slice data
