/home/boittier/esp_check
h2o_29
/data/boittier/energies/h2o_geom.xyz.dir
Read multipoles for 3 atoms with max. rank 2
Running in generate mode

Reading "/data/boittier/energies/h2o_geom.xyz.dir/h2o_29.chk.fchk.potential.cube"...

  h2o Potential=SCF
  Electrostatic potential from Total SCF Density
    3   -4.970736   -4.752950   -4.970736
   80    0.125841    0.000000    0.000000
   80    0.000000    0.125841    0.000000
   80    0.000000    0.000000    0.125841
    8    8.000000    0.000000    0.217786    0.000000
    1    1.000000    1.462708   -0.847998    0.000000
    1    1.000000   -1.462708   -0.894287    0.000000
  1.66034E-02  1.67225E-02  1.68127E-02  1.68733E-02  1.69037E-02  1.69037E-02
       .            .            .            .            .            .
       .            .            .            .            .            .
       .            .            .            .            .            .
 -8.65009E-03 -8.64628E-03 -8.63863E-03 -8.62714E-03 -8.61176E-03 -8.59247E-03

338015 out of 512000 gridpoints are considered ( 66.0%).

...done!

 writing cube file quadrupole_expansion.cube                                                                                                                                                                                                                                                                                                                                                                                                                                                                                                                                                                                                                                                                                                                                                                                                                                                                                                                                                                                                                                       
Written cubefile and slice data
Running in analysis mode

Reading "/data/boittier/energies/h2o_geom.xyz.dir/h2o_29.chk.fchk.potential.cube"...

  h2o Potential=SCF
  Electrostatic potential from Total SCF Density
    3   -4.970736   -4.752950   -4.970736
   80    0.125841    0.000000    0.000000
   80    0.000000    0.125841    0.000000
   80    0.000000    0.000000    0.125841
    8    8.000000    0.000000    0.217786    0.000000
    1    1.000000    1.462708   -0.847998    0.000000
    1    1.000000   -1.462708   -0.894287    0.000000
  6.08169E-03  6.30571E-03  6.53697E-03  6.77548E-03  7.02119E-03  7.27404E-03
       .            .            .            .            .            .
       .            .            .            .            .            .
       .            .            .            .            .            .
 -6.54563E-03 -6.43307E-03 -6.32036E-03 -6.20765E-03 -6.09510E-03 -5.98284E-03

512000 out of 512000 gridpoints are considered (100.0%).

...done!

Reading "/home/boittier/esp_check/quadrupole_expansion.cube"...

  Fitted ESP
  Electrostatic potential fitted from quadrupole expansion.
    3   -4.970736   -4.752950   -4.970736
   80    0.125841    0.000000    0.000000
   80    0.000000    0.125841    0.000000
   80    0.000000    0.000000    0.125841
    8    8.000000    0.000000    0.217786    0.000000
    1    1.000000    1.462708   -0.847998    0.000000
    1    1.000000   -1.462708   -0.894287    0.000000
  6.01880E-03  6.23636E-03  6.46073E-03  6.69191E-03  6.92984E-03  7.17446E-03
       .            .            .            .            .            .
       .            .            .            .            .            .
       .            .            .            .            .            .
 -6.48688E-03 -6.37962E-03 -6.27190E-03 -6.16390E-03 -6.05576E-03 -5.94765E-03

512000 out of 512000 gridpoints are considered (100.0%).

...done!

                       Measure       RMSE[kcal/mol/e]   MaxError[kcal/mol/e]   NPoints
                         Total        6.891898111E-01        4.696657372E+00    407202
Close (  1.20 < r <   1.66 )          1.089343567E+00        4.696657372E+00    143178
Mid-range ( 1.66 < r <  2.20)         3.398462581E-01        1.100839861E+00    194837
Far-range (  2.20         < r)        1.205902575E-01        3.233870048E-01     69187
Did analysis and wrote slice data
