/home/boittier/esp_check
h2o_1173
/data/boittier/energies/h2o_geom.xyz.dir
Read multipoles for 3 atoms with max. rank 2
Running in generate mode

Reading "/data/boittier/energies/h2o_geom.xyz.dir/h2o_1173.chk.fchk.potential.cube"...

  h2o Potential=SCF
  Electrostatic potential from Total SCF Density
    3   -4.970736   -4.745521   -4.970736
   80    0.125841    0.000000    0.000000
   80    0.000000    0.125841    0.000000
   80    0.000000    0.000000    0.125841
    8    8.000000    0.000000    0.225215    0.000000
    1    1.000000    1.471397   -0.834613    0.000000
    1    1.000000   -1.471397   -0.967106    0.000000
  1.68834E-02  1.69728E-02  1.70329E-02  1.70630E-02  1.70630E-02  1.70329E-02
       .            .            .            .            .            .
       .            .            .            .            .            .
       .            .            .            .            .            .
 -8.51476E-03 -8.51126E-03 -8.50427E-03 -8.49374E-03 -8.47963E-03 -8.46190E-03

337776 out of 512000 gridpoints are considered ( 66.0%).

...done!

 writing cube file quadrupole_expansion.cube                                                                                                                                                                                                                                                                                                                                                                                                                                                                                                                                                                                                                                                                                                                                                                                                                                                                                                                                                                                                                                       
Written cubefile and slice data
Running in analysis mode

Reading "/data/boittier/energies/h2o_geom.xyz.dir/h2o_1173.chk.fchk.potential.cube"...

  h2o Potential=SCF
  Electrostatic potential from Total SCF Density
    3   -4.970736   -4.745521   -4.970736
   80    0.125841    0.000000    0.000000
   80    0.000000    0.125841    0.000000
   80    0.000000    0.000000    0.125841
    8    8.000000    0.000000    0.225215    0.000000
    1    1.000000    1.471397   -0.834613    0.000000
    1    1.000000   -1.471397   -0.967106    0.000000
  6.23676E-03  6.46906E-03  6.70900E-03  6.95661E-03  7.21187E-03  7.47470E-03
       .            .            .            .            .            .
       .            .            .            .            .            .
       .            .            .            .            .            .
 -6.52323E-03 -6.41273E-03 -6.30201E-03 -6.19122E-03 -6.08051E-03 -5.97003E-03

512000 out of 512000 gridpoints are considered (100.0%).

...done!

Reading "/home/boittier/esp_check/quadrupole_expansion.cube"...

  Fitted ESP
  Electrostatic potential fitted from quadrupole expansion.
    3   -4.970736   -4.745521   -4.970736
   80    0.125841    0.000000    0.000000
   80    0.000000    0.125841    0.000000
   80    0.000000    0.000000    0.125841
    8    8.000000    0.000000    0.225215    0.000000
    1    1.000000    1.471397   -0.834613    0.000000
    1    1.000000   -1.471397   -0.967106    0.000000
  6.17187E-03  6.39751E-03  6.63037E-03  6.87043E-03  7.11768E-03  7.37205E-03
       .            .            .            .            .            .
       .            .            .            .            .            .
       .            .            .            .            .            .
 -6.46221E-03 -6.35710E-03 -6.25147E-03 -6.14547E-03 -6.03928E-03 -5.93303E-03

512000 out of 512000 gridpoints are considered (100.0%).

...done!

                       Measure       RMSE[kcal/mol/e]   MaxError[kcal/mol/e]   NPoints
                         Total        6.847505179E-01        4.714541392E+00    406528
Close (  1.20 < r <   1.66 )          1.080271722E+00        4.714541392E+00    143619
Mid-range ( 1.66 < r <  2.20)         3.369487819E-01        1.093811755E+00    194157
Far-range (  2.20         < r)        1.187284828E-01        3.265559277E-01     68752
Did analysis and wrote slice data
