/home/boittier/esp_check
h2o_20
/data/boittier/energies/h2o_geom.xyz.dir
Read multipoles for 3 atoms with max. rank 2
Running in generate mode

Reading "/data/boittier/energies/h2o_geom.xyz.dir/h2o_20.chk.fchk.potential.cube"...

  h2o Potential=SCF
  Electrostatic potential from Total SCF Density
    3   -4.970736   -4.754494   -4.970736
   80    0.125841    0.000000    0.000000
   80    0.000000    0.125841    0.000000
   80    0.000000    0.000000    0.125841
    8    8.000000    0.000000    0.216241    0.000000
    1    1.000000    1.445839   -0.873318    0.000000
    1    1.000000   -1.445839   -0.856613    0.000000
  1.65222E-02  1.65515E-02  1.65515E-02  1.65222E-02  1.61856E-02  1.63903E-02
       .            .            .            .            .            .
       .            .            .            .            .            .
       .            .            .            .            .            .
 -8.91948E-03 -8.91518E-03 -8.90658E-03 -8.89366E-03 -8.87640E-03 -8.85477E-03

338186 out of 512000 gridpoints are considered ( 66.1%).

...done!

 writing cube file quadrupole_expansion.cube                                                                                                                                                                                                                                                                                                                                                                                                                                                                                                                                                                                                                                                                                                                                                                                                                                                                                                                                                                                                                                       
Written cubefile and slice data
Running in analysis mode

Reading "/data/boittier/energies/h2o_geom.xyz.dir/h2o_20.chk.fchk.potential.cube"...

  h2o Potential=SCF
  Electrostatic potential from Total SCF Density
    3   -4.970736   -4.754494   -4.970736
   80    0.125841    0.000000    0.000000
   80    0.000000    0.125841    0.000000
   80    0.000000    0.000000    0.125841
    8    8.000000    0.000000    0.216241    0.000000
    1    1.000000    1.445839   -0.873318    0.000000
    1    1.000000   -1.445839   -0.856613    0.000000
  6.03041E-03  6.25018E-03  6.47695E-03  6.71070E-03  6.95139E-03  7.19894E-03
       .            .            .            .            .            .
       .            .            .            .            .            .
       .            .            .            .            .            .
 -6.63167E-03 -6.51596E-03 -6.40017E-03 -6.28446E-03 -6.16899E-03 -6.05389E-03

512000 out of 512000 gridpoints are considered (100.0%).

...done!

Reading "/home/boittier/esp_check/quadrupole_expansion.cube"...

  Fitted ESP
  Electrostatic potential fitted from quadrupole expansion.
    3   -4.970736   -4.754494   -4.970736
   80    0.125841    0.000000    0.000000
   80    0.000000    0.125841    0.000000
   80    0.000000    0.000000    0.125841
    8    8.000000    0.000000    0.216241    0.000000
    1    1.000000    1.445839   -0.873318    0.000000
    1    1.000000   -1.445839   -0.856613    0.000000
  5.97037E-03  6.18386E-03  6.40392E-03  6.63054E-03  6.86367E-03  7.10322E-03
       .            .            .            .            .            .
       .            .            .            .            .            .
       .            .            .            .            .            .
 -6.57638E-03 -6.46583E-03 -6.35490E-03 -6.24376E-03 -6.13257E-03 -6.02149E-03

512000 out of 512000 gridpoints are considered (100.0%).

...done!

                       Measure       RMSE[kcal/mol/e]   MaxError[kcal/mol/e]   NPoints
                         Total        6.879843365E-01        4.687809488E+00    407616
Close (  1.20 < r <   1.66 )          1.088653210E+00        4.687809488E+00    142938
Mid-range ( 1.66 < r <  2.20)         3.395768858E-01        1.088477925E+00    195248
Far-range (  2.20         < r)        1.208522909E-01        3.209648183E-01     69430
Did analysis and wrote slice data
