/home/boittier/esp_check
h2o_1489
/data/boittier/energies/h2o_geom.xyz.dir
Read multipoles for 3 atoms with max. rank 2
Running in generate mode

Reading "/data/boittier/energies/h2o_geom.xyz.dir/h2o_1489.chk.fchk.potential.cube"...

  h2o Potential=SCF
  Electrostatic potential from Total SCF Density
    3   -4.970736   -4.752249   -4.970736
   80    0.125841    0.000000    0.000000
   80    0.000000    0.125841    0.000000
   80    0.000000    0.000000    0.125841
    8    8.000000    0.000000    0.218487    0.000000
    1    1.000000    1.331588   -1.034128    0.000000
    1    1.000000   -1.331588   -0.713767    0.000000
  1.61938E-02  1.61938E-02  1.59808E-02  1.61545E-02  1.63015E-02  1.64206E-02
       .            .            .            .            .            .
       .            .            .            .            .            .
       .            .            .            .            .            .
 -1.05771E-02 -1.05701E-02 -1.05561E-02 -1.05351E-02 -1.05072E-02 -1.04724E-02

339116 out of 512000 gridpoints are considered ( 66.2%).

...done!

 writing cube file quadrupole_expansion.cube                                                                                                                                                                                                                                                                                                                                                                                                                                                                                                                                                                                                                                                                                                                                                                                                                                                                                                                                                                                                                                       
Written cubefile and slice data
Running in analysis mode

Reading "/data/boittier/energies/h2o_geom.xyz.dir/h2o_1489.chk.fchk.potential.cube"...

  h2o Potential=SCF
  Electrostatic potential from Total SCF Density
    3   -4.970736   -4.752249   -4.970736
   80    0.125841    0.000000    0.000000
   80    0.000000    0.125841    0.000000
   80    0.000000    0.000000    0.125841
    8    8.000000    0.000000    0.218487    0.000000
    1    1.000000    1.331588   -1.034128    0.000000
    1    1.000000   -1.331588   -0.713767    0.000000
  6.00297E-03  6.20948E-03  6.42203E-03  6.64057E-03  6.86503E-03  7.09530E-03
       .            .            .            .            .            .
       .            .            .            .            .            .
       .            .            .            .            .            .
 -7.20847E-03 -7.07455E-03 -6.94091E-03 -6.80772E-03 -6.67515E-03 -6.54336E-03

512000 out of 512000 gridpoints are considered (100.0%).

...done!

Reading "/home/boittier/esp_check/quadrupole_expansion.cube"...

  Fitted ESP
  Electrostatic potential fitted from quadrupole expansion.
    3   -4.970736   -4.752249   -4.970736
   80    0.125841    0.000000    0.000000
   80    0.000000    0.125841    0.000000
   80    0.000000    0.000000    0.125841
    8    8.000000    0.000000    0.218487    0.000000
    1    1.000000    1.331588   -1.034128    0.000000
    1    1.000000   -1.331588   -0.713767    0.000000
  5.96098E-03  6.16226E-03  6.36921E-03  6.58178E-03  6.79988E-03  7.02341E-03
       .            .            .            .            .            .
       .            .            .            .            .            .
       .            .            .            .            .            .
 -7.17510E-03 -7.04542E-03 -6.91574E-03 -6.78626E-03 -6.65714E-03 -6.52855E-03

512000 out of 512000 gridpoints are considered (100.0%).

...done!

                       Measure       RMSE[kcal/mol/e]   MaxError[kcal/mol/e]   NPoints
                         Total        6.673584838E-01        4.668356695E+00    409408
Close (  1.20 < r <   1.66 )          1.060126007E+00        4.668356695E+00    142270
Mid-range ( 1.66 < r <  2.20)         3.302363505E-01        1.035340423E+00    196846
Far-range (  2.20         < r)        1.179024505E-01        3.282188278E-01     70292
Did analysis and wrote slice data
