/home/boittier/esp_check
h2o_764
/data/boittier/energies/h2o_geom.xyz.dir
Read multipoles for 3 atoms with max. rank 2
Running in generate mode

Reading "/data/boittier/energies/h2o_geom.xyz.dir/h2o_764.chk.fchk.potential.cube"...

  h2o Potential=SCF
  Electrostatic potential from Total SCF Density
    3   -4.970736   -4.754555   -4.970736
   80    0.125841    0.000000    0.000000
   80    0.000000    0.125841    0.000000
   80    0.000000    0.000000    0.125841
    8    8.000000    0.000000    0.216181    0.000000
    1    1.000000    1.468161   -0.842478    0.000000
    1    1.000000   -1.468161   -0.886967    0.000000
  1.65493E-02  1.66681E-02  1.67581E-02  1.68186E-02  1.68489E-02  1.68489E-02
       .            .            .            .            .            .
       .            .            .            .            .            .
       .            .            .            .            .            .
 -8.58049E-03 -8.57677E-03 -8.56932E-03 -8.55813E-03 -8.54315E-03 -8.52433E-03

338004 out of 512000 gridpoints are considered ( 66.0%).

...done!

 writing cube file quadrupole_expansion.cube                                                                                                                                                                                                                                                                                                                                                                                                                                                                                                                                                                                                                                                                                                                                                                                                                                                                                                                                                                                                                                       
Written cubefile and slice data
Running in analysis mode

Reading "/data/boittier/energies/h2o_geom.xyz.dir/h2o_764.chk.fchk.potential.cube"...

  h2o Potential=SCF
  Electrostatic potential from Total SCF Density
    3   -4.970736   -4.754555   -4.970736
   80    0.125841    0.000000    0.000000
   80    0.000000    0.125841    0.000000
   80    0.000000    0.000000    0.125841
    8    8.000000    0.000000    0.216181    0.000000
    1    1.000000    1.468161   -0.842478    0.000000
    1    1.000000   -1.468161   -0.886967    0.000000
  6.05228E-03  6.27551E-03  6.50595E-03  6.74362E-03  6.98847E-03  7.24045E-03
       .            .            .            .            .            .
       .            .            .            .            .            .
       .            .            .            .            .            .
 -6.51721E-03 -6.40532E-03 -6.29327E-03 -6.18122E-03 -6.06931E-03 -5.95768E-03

512000 out of 512000 gridpoints are considered (100.0%).

...done!

Reading "/home/boittier/esp_check/quadrupole_expansion.cube"...

  Fitted ESP
  Electrostatic potential fitted from quadrupole expansion.
    3   -4.970736   -4.754555   -4.970736
   80    0.125841    0.000000    0.000000
   80    0.000000    0.125841    0.000000
   80    0.000000    0.000000    0.125841
    8    8.000000    0.000000    0.216181    0.000000
    1    1.000000    1.468161   -0.842478    0.000000
    1    1.000000   -1.468161   -0.886967    0.000000
  5.98899E-03  6.20574E-03  6.42929E-03  6.65962E-03  6.89669E-03  7.14043E-03
       .            .            .            .            .            .
       .            .            .            .            .            .
       .            .            .            .            .            .
 -6.45793E-03 -6.35135E-03 -6.24431E-03 -6.13698E-03 -6.02950E-03 -5.92204E-03

512000 out of 512000 gridpoints are considered (100.0%).

...done!

                       Measure       RMSE[kcal/mol/e]   MaxError[kcal/mol/e]   NPoints
                         Total        6.911341810E-01        4.693645326E+00    407214
Close (  1.20 < r <   1.66 )          1.092525190E+00        4.693645326E+00    143150
Mid-range ( 1.66 < r <  2.20)         3.408118759E-01        1.108432726E+00    194854
Far-range (  2.20         < r)        1.210527331E-01        3.233932799E-01     69210
Did analysis and wrote slice data
