/home/boittier/esp_check
h2o_141
/data/boittier/energies/h2o_geom.xyz.dir
Read multipoles for 3 atoms with max. rank 2
Running in generate mode

Reading "/data/boittier/energies/h2o_geom.xyz.dir/h2o_141.chk.fchk.potential.cube"...

  h2o Potential=SCF
  Electrostatic potential from Total SCF Density
    3   -4.970736   -4.753006   -4.970736
   80    0.125841    0.000000    0.000000
   80    0.000000    0.125841    0.000000
   80    0.000000    0.000000    0.125841
    8    8.000000    0.000000    0.217729    0.000000
    1    1.000000    1.441272   -0.879064    0.000000
    1    1.000000   -1.441272   -0.862771    0.000000
  1.65728E-02  1.66023E-02  1.66023E-02  1.65728E-02  1.62322E-02  1.64374E-02
       .            .            .            .            .            .
       .            .            .            .            .            .
       .            .            .            .            .            .
 -8.98633E-03 -8.98194E-03 -8.97315E-03 -8.95995E-03 -8.94232E-03 -8.92024E-03

338224 out of 512000 gridpoints are considered ( 66.1%).

...done!

 writing cube file quadrupole_expansion.cube                                                                                                                                                                                                                                                                                                                                                                                                                                                                                                                                                                                                                                                                                                                                                                                                                                                                                                                                                                                                                                       
Written cubefile and slice data
Running in analysis mode

Reading "/data/boittier/energies/h2o_geom.xyz.dir/h2o_141.chk.fchk.potential.cube"...

  h2o Potential=SCF
  Electrostatic potential from Total SCF Density
    3   -4.970736   -4.753006   -4.970736
   80    0.125841    0.000000    0.000000
   80    0.000000    0.125841    0.000000
   80    0.000000    0.000000    0.125841
    8    8.000000    0.000000    0.217729    0.000000
    1    1.000000    1.441272   -0.879064    0.000000
    1    1.000000   -1.441272   -0.862771    0.000000
  6.05751E-03  6.27802E-03  6.50554E-03  6.74005E-03  6.98153E-03  7.22989E-03
       .            .            .            .            .            .
       .            .            .            .            .            .
       .            .            .            .            .            .
 -6.65948E-03 -6.54312E-03 -6.42670E-03 -6.31036E-03 -6.19426E-03 -6.07855E-03

512000 out of 512000 gridpoints are considered (100.0%).

...done!

Reading "/home/boittier/esp_check/quadrupole_expansion.cube"...

  Fitted ESP
  Electrostatic potential fitted from quadrupole expansion.
    3   -4.970736   -4.753006   -4.970736
   80    0.125841    0.000000    0.000000
   80    0.000000    0.125841    0.000000
   80    0.000000    0.000000    0.125841
    8    8.000000    0.000000    0.217729    0.000000
    1    1.000000    1.441272   -0.879064    0.000000
    1    1.000000   -1.441272   -0.862771    0.000000
  5.99786E-03  6.21210E-03  6.43292E-03  6.66031E-03  6.89423E-03  7.13459E-03
       .            .            .            .            .            .
       .            .            .            .            .            .
       .            .            .            .            .            .
 -6.60474E-03 -6.49352E-03 -6.38194E-03 -6.27015E-03 -6.15833E-03 -6.04662E-03

512000 out of 512000 gridpoints are considered (100.0%).

...done!

                       Measure       RMSE[kcal/mol/e]   MaxError[kcal/mol/e]   NPoints
                         Total        6.863899047E-01        4.690696032E+00    407620
Close (  1.20 < r <   1.66 )          1.085897579E+00        4.690696032E+00    143021
Mid-range ( 1.66 < r <  2.20)         3.386739767E-01        1.081449819E+00    195203
Far-range (  2.20         < r)        1.204064153E-01        3.209522681E-01     69396
Did analysis and wrote slice data
