/home/boittier/esp_check
h2o_938
/data/boittier/energies/h2o_geom.xyz.dir
Read multipoles for 3 atoms with max. rank 2
Running in generate mode

Reading "/data/boittier/energies/h2o_geom.xyz.dir/h2o_938.chk.fchk.potential.cube"...

  h2o Potential=SCF
  Electrostatic potential from Total SCF Density
    3   -4.970736   -4.756911   -4.970736
   80    0.125841    0.000000    0.000000
   80    0.000000    0.125841    0.000000
   80    0.000000    0.000000    0.125841
    8    8.000000    0.000000    0.213825    0.000000
    1    1.000000    1.469977   -0.842455    0.000000
    1    1.000000   -1.469977   -0.868144    0.000000
  1.65056E-02  1.65945E-02  1.66541E-02  1.66841E-02  1.66841E-02  1.66541E-02
       .            .            .            .            .            .
       .            .            .            .            .            .
       .            .            .            .            .            .
 -8.56836E-03 -8.56463E-03 -8.55717E-03 -8.54595E-03 -8.53093E-03 -8.51207E-03

338037 out of 512000 gridpoints are considered ( 66.0%).

...done!

 writing cube file quadrupole_expansion.cube                                                                                                                                                                                                                                                                                                                                                                                                                                                                                                                                                                                                                                                                                                                                                                                                                                                                                                                                                                                                                                       
Written cubefile and slice data
Running in analysis mode

Reading "/data/boittier/energies/h2o_geom.xyz.dir/h2o_938.chk.fchk.potential.cube"...

  h2o Potential=SCF
  Electrostatic potential from Total SCF Density
    3   -4.970736   -4.756911   -4.970736
   80    0.125841    0.000000    0.000000
   80    0.000000    0.125841    0.000000
   80    0.000000    0.000000    0.125841
    8    8.000000    0.000000    0.213825    0.000000
    1    1.000000    1.469977   -0.842455    0.000000
    1    1.000000   -1.469977   -0.868144    0.000000
  6.00207E-03  6.22315E-03  6.45135E-03  6.68668E-03  6.92910E-03  7.17854E-03
       .            .            .            .            .            .
       .            .            .            .            .            .
       .            .            .            .            .            .
 -6.50550E-03 -6.39357E-03 -6.28150E-03 -6.16943E-03 -6.05751E-03 -5.94590E-03

512000 out of 512000 gridpoints are considered (100.0%).

...done!

Reading "/home/boittier/esp_check/quadrupole_expansion.cube"...

  Fitted ESP
  Electrostatic potential fitted from quadrupole expansion.
    3   -4.970736   -4.756911   -4.970736
   80    0.125841    0.000000    0.000000
   80    0.000000    0.125841    0.000000
   80    0.000000    0.000000    0.125841
    8    8.000000    0.000000    0.213825    0.000000
    1    1.000000    1.469977   -0.842455    0.000000
    1    1.000000   -1.469977   -0.868144    0.000000
  5.93906E-03  6.15370E-03  6.37505E-03  6.60309E-03  6.83778E-03  7.07904E-03
       .            .            .            .            .            .
       .            .            .            .            .            .
       .            .            .            .            .            .
 -6.44651E-03 -6.33988E-03 -6.23280E-03 -6.12543E-03 -6.01793E-03 -5.91046E-03

512000 out of 512000 gridpoints are considered (100.0%).

...done!

                       Measure       RMSE[kcal/mol/e]   MaxError[kcal/mol/e]   NPoints
                         Total        6.931111758E-01        4.687181979E+00    407355
Close (  1.20 < r <   1.66 )          1.096138935E+00        4.687181979E+00    143059
Mid-range ( 1.66 < r <  2.20)         3.418087231E-01        1.113578304E+00    194978
Far-range (  2.20         < r)        1.216827943E-01        3.226967444E-01     69318
Did analysis and wrote slice data
