/home/boittier/esp_check
h2o_457
/data/boittier/energies/h2o_geom.xyz.dir
Read multipoles for 3 atoms with max. rank 2
Running in generate mode

Reading "/data/boittier/energies/h2o_geom.xyz.dir/h2o_457.chk.fchk.potential.cube"...

  h2o Potential=SCF
  Electrostatic potential from Total SCF Density
    3   -4.970736   -4.749659   -4.970736
   80    0.125841    0.000000    0.000000
   80    0.000000    0.125841    0.000000
   80    0.000000    0.000000    0.125841
    8    8.000000    0.000000    0.221077    0.000000
    1    1.000000    1.425872   -0.898489    0.000000
    1    1.000000   -1.425872   -0.870124    0.000000
  1.66239E-02  1.66533E-02  1.66533E-02  1.66239E-02  1.62761E-02  1.64808E-02
       .            .            .            .            .            .
       .            .            .            .            .            .
       .            .            .            .            .            .
 -9.20613E-03 -9.20141E-03 -9.19197E-03 -9.17780E-03 -9.15889E-03 -9.13522E-03

338282 out of 512000 gridpoints are considered ( 66.1%).

...done!

 writing cube file quadrupole_expansion.cube                                                                                                                                                                                                                                                                                                                                                                                                                                                                                                                                                                                                                                                                                                                                                                                                                                                                                                                                                                                                                                       
Written cubefile and slice data
Running in analysis mode

Reading "/data/boittier/energies/h2o_geom.xyz.dir/h2o_457.chk.fchk.potential.cube"...

  h2o Potential=SCF
  Electrostatic potential from Total SCF Density
    3   -4.970736   -4.749659   -4.970736
   80    0.125841    0.000000    0.000000
   80    0.000000    0.125841    0.000000
   80    0.000000    0.000000    0.125841
    8    8.000000    0.000000    0.221077    0.000000
    1    1.000000    1.425872   -0.898489    0.000000
    1    1.000000   -1.425872   -0.870124    0.000000
  6.11421E-03  6.33565E-03  6.56408E-03  6.79950E-03  7.04187E-03  7.29111E-03
       .            .            .            .            .            .
       .            .            .            .            .            .
       .            .            .            .            .            .
 -6.74552E-03 -6.62694E-03 -6.50832E-03 -6.38982E-03 -6.27160E-03 -6.15380E-03

512000 out of 512000 gridpoints are considered (100.0%).

...done!

Reading "/home/boittier/esp_check/quadrupole_expansion.cube"...

  Fitted ESP
  Electrostatic potential fitted from quadrupole expansion.
    3   -4.970736   -4.749659   -4.970736
   80    0.125841    0.000000    0.000000
   80    0.000000    0.125841    0.000000
   80    0.000000    0.000000    0.125841
    8    8.000000    0.000000    0.221077    0.000000
    1    1.000000    1.425872   -0.898489    0.000000
    1    1.000000   -1.425872   -0.870124    0.000000
  6.05617E-03  6.27140E-03  6.49320E-03  6.72157E-03  6.95644E-03  7.19774E-03
       .            .            .            .            .            .
       .            .            .            .            .            .
       .            .            .            .            .            .
 -6.69292E-03 -6.57940E-03 -6.46554E-03 -6.35153E-03 -6.23751E-03 -6.12364E-03

512000 out of 512000 gridpoints are considered (100.0%).

...done!

                       Measure       RMSE[kcal/mol/e]   MaxError[kcal/mol/e]   NPoints
                         Total        6.813465428E-01        4.696029862E+00    407658
Close (  1.20 < r <   1.66 )          1.077907802E+00        4.696029862E+00    143033
Mid-range ( 1.66 < r <  2.20)         3.362264597E-01        1.066703346E+00    195249
Far-range (  2.20         < r)        1.193280387E-01        3.203122085E-01     69376
Did analysis and wrote slice data
