/home/boittier/esp_check
h2o_1419
/data/boittier/energies/h2o_geom.xyz.dir
Read multipoles for 3 atoms with max. rank 2
Running in generate mode

Reading "/data/boittier/energies/h2o_geom.xyz.dir/h2o_1419.chk.fchk.potential.cube"...

  h2o Potential=SCF
  Electrostatic potential from Total SCF Density
    3   -4.970736   -4.754298   -4.970736
   80    0.125841    0.000000    0.000000
   80    0.000000    0.125841    0.000000
   80    0.000000    0.000000    0.125841
    8    8.000000    0.000000    0.216438    0.000000
    1    1.000000    1.368623   -0.982884    0.000000
    1    1.000000   -1.368623   -0.748617    0.000000
  1.60365E-02  1.61804E-02  1.62971E-02  1.63854E-02  1.64448E-02  1.64746E-02
       .            .            .            .            .            .
       .            .            .            .            .            .
       .            .            .            .            .            .
 -1.00634E-02 -1.00572E-02 -1.00448E-02 -1.00262E-02 -1.00014E-02 -9.97050E-03

338877 out of 512000 gridpoints are considered ( 66.2%).

...done!

 writing cube file quadrupole_expansion.cube                                                                                                                                                                                                                                                                                                                                                                                                                                                                                                                                                                                                                                                                                                                                                                                                                                                                                                                                                                                                                                       
Written cubefile and slice data
Running in analysis mode

Reading "/data/boittier/energies/h2o_geom.xyz.dir/h2o_1419.chk.fchk.potential.cube"...

  h2o Potential=SCF
  Electrostatic potential from Total SCF Density
    3   -4.970736   -4.754298   -4.970736
   80    0.125841    0.000000    0.000000
   80    0.000000    0.125841    0.000000
   80    0.000000    0.000000    0.125841
    8    8.000000    0.000000    0.216438    0.000000
    1    1.000000    1.368623   -0.982884    0.000000
    1    1.000000   -1.368623   -0.748617    0.000000
  5.97387E-03  6.18288E-03  6.39815E-03  6.61965E-03  6.84733E-03  7.08107E-03
       .            .            .            .            .            .
       .            .            .            .            .            .
       .            .            .            .            .            .
 -7.02272E-03 -6.89429E-03 -6.76604E-03 -6.63814E-03 -6.51076E-03 -6.38403E-03

512000 out of 512000 gridpoints are considered (100.0%).

...done!

Reading "/home/boittier/esp_check/quadrupole_expansion.cube"...

  Fitted ESP
  Electrostatic potential fitted from quadrupole expansion.
    3   -4.970736   -4.754298   -4.970736
   80    0.125841    0.000000    0.000000
   80    0.000000    0.125841    0.000000
   80    0.000000    0.000000    0.125841
    8    8.000000    0.000000    0.216438    0.000000
    1    1.000000    1.368623   -0.982884    0.000000
    1    1.000000   -1.368623   -0.748617    0.000000
  5.92626E-03  6.12972E-03  6.33907E-03  6.55425E-03  6.77520E-03  7.00181E-03
       .            .            .            .            .            .
       .            .            .            .            .            .
       .            .            .            .            .            .
 -6.98247E-03 -6.85857E-03 -6.73457E-03 -6.61064E-03 -6.48697E-03 -6.36370E-03

512000 out of 512000 gridpoints are considered (100.0%).

...done!

                       Measure       RMSE[kcal/mol/e]   MaxError[kcal/mol/e]   NPoints
                         Total        6.750786249E-01        4.677079076E+00    408929
Close (  1.20 < r <   1.66 )          1.071465947E+00        4.677079076E+00    142351
Mid-range ( 1.66 < r <  2.20)         3.341255416E-01        1.049271133E+00    196526
Far-range (  2.20         < r)        1.192994979E-01        3.277168202E-01     70052
Did analysis and wrote slice data
