/home/boittier/esp_check
h2o_557
/data/boittier/energies/h2o_geom.xyz.dir
Read multipoles for 3 atoms with max. rank 2
Running in generate mode

Reading "/data/boittier/energies/h2o_geom.xyz.dir/h2o_557.chk.fchk.potential.cube"...

  h2o Potential=SCF
  Electrostatic potential from Total SCF Density
    3   -4.970736   -4.747179   -4.970736
   80    0.125841    0.000000    0.000000
   80    0.000000    0.125841    0.000000
   80    0.000000    0.000000    0.125841
    8    8.000000    0.000000    0.223556    0.000000
    1    1.000000    1.440129   -0.875462    0.000000
    1    1.000000   -1.440129   -0.912988    0.000000
  1.67308E-02  1.68502E-02  1.69407E-02  1.70014E-02  1.70319E-02  1.70319E-02
       .            .            .            .            .            .
       .            .            .            .            .            .
       .            .            .            .            .            .
 -8.96938E-03 -8.96509E-03 -8.95651E-03 -8.94361E-03 -8.92638E-03 -8.90479E-03

338077 out of 512000 gridpoints are considered ( 66.0%).

...done!

 writing cube file quadrupole_expansion.cube                                                                                                                                                                                                                                                                                                                                                                                                                                                                                                                                                                                                                                                                                                                                                                                                                                                                                                                                                                                                                                       
Written cubefile and slice data
Running in analysis mode

Reading "/data/boittier/energies/h2o_geom.xyz.dir/h2o_557.chk.fchk.potential.cube"...

  h2o Potential=SCF
  Electrostatic potential from Total SCF Density
    3   -4.970736   -4.747179   -4.970736
   80    0.125841    0.000000    0.000000
   80    0.000000    0.125841    0.000000
   80    0.000000    0.000000    0.125841
    8    8.000000    0.000000    0.223556    0.000000
    1    1.000000    1.440129   -0.875462    0.000000
    1    1.000000   -1.440129   -0.912988    0.000000
  6.17850E-03  6.40458E-03  6.63792E-03  6.87852E-03  7.12633E-03  7.38130E-03
       .            .            .            .            .            .
       .            .            .            .            .            .
       .            .            .            .            .            .
 -6.67222E-03 -6.55647E-03 -6.44062E-03 -6.32482E-03 -6.20922E-03 -6.09398E-03

512000 out of 512000 gridpoints are considered (100.0%).

...done!

Reading "/home/boittier/esp_check/quadrupole_expansion.cube"...

  Fitted ESP
  Electrostatic potential fitted from quadrupole expansion.
    3   -4.970736   -4.747179   -4.970736
   80    0.125841    0.000000    0.000000
   80    0.000000    0.125841    0.000000
   80    0.000000    0.000000    0.125841
    8    8.000000    0.000000    0.223556    0.000000
    1    1.000000    1.440129   -0.875462    0.000000
    1    1.000000   -1.440129   -0.912988    0.000000
  6.11785E-03  6.33754E-03  6.56406E-03  6.79740E-03  7.03752E-03  7.28433E-03
       .            .            .            .            .            .
       .            .            .            .            .            .
       .            .            .            .            .            .
 -6.61642E-03 -6.50587E-03 -6.39491E-03 -6.28372E-03 -6.17245E-03 -6.06126E-03

512000 out of 512000 gridpoints are considered (100.0%).

...done!

                       Measure       RMSE[kcal/mol/e]   MaxError[kcal/mol/e]   NPoints
                         Total        6.814565753E-01        4.705568006E+00    407197
Close (  1.20 < r <   1.66 )          1.076821676E+00        4.705568006E+00    143269
Mid-range ( 1.66 < r <  2.20)         3.359997132E-01        1.075300226E+00    194808
Far-range (  2.20         < r)        1.188013173E-01        3.227030195E-01     69120
Did analysis and wrote slice data
