/home/boittier/esp_check
h2o_1574
/data/boittier/energies/h2o_geom.xyz.dir
Read multipoles for 3 atoms with max. rank 2
Running in generate mode

Reading "/data/boittier/energies/h2o_geom.xyz.dir/h2o_1574.chk.fchk.potential.cube"...

  h2o Potential=SCF
  Electrostatic potential from Total SCF Density
    3   -4.970736   -4.738755   -4.970736
   80    0.125841    0.000000    0.000000
   80    0.000000    0.125841    0.000000
   80    0.000000    0.000000    0.125841
    8    8.000000    0.000000    0.231980    0.000000
    1    1.000000    1.456304   -0.847227    0.000000
    1    1.000000   -1.456304   -1.008615    0.000000
  1.70673E-02  1.71878E-02  1.72792E-02  1.73405E-02  1.73713E-02  1.73713E-02
       .            .            .            .            .            .
       .            .            .            .            .            .
       .            .            .            .            .            .
 -8.67858E-03 -8.67488E-03 -8.66747E-03 -8.65631E-03 -8.64138E-03 -8.62263E-03

337770 out of 512000 gridpoints are considered ( 66.0%).

...done!

 writing cube file quadrupole_expansion.cube                                                                                                                                                                                                                                                                                                                                                                                                                                                                                                                                                                                                                                                                                                                                                                                                                                                                                                                                                                                                                                       
Written cubefile and slice data
Running in analysis mode

Reading "/data/boittier/energies/h2o_geom.xyz.dir/h2o_1574.chk.fchk.potential.cube"...

  h2o Potential=SCF
  Electrostatic potential from Total SCF Density
    3   -4.970736   -4.738755   -4.970736
   80    0.125841    0.000000    0.000000
   80    0.000000    0.125841    0.000000
   80    0.000000    0.000000    0.125841
    8    8.000000    0.000000    0.231980    0.000000
    1    1.000000    1.456304   -0.847227    0.000000
    1    1.000000   -1.456304   -1.008615    0.000000
  6.35263E-03  6.58907E-03  6.83333E-03  7.08540E-03  7.34528E-03  7.61290E-03
       .            .            .            .            .            .
       .            .            .            .            .            .
       .            .            .            .            .            .
 -6.59620E-03 -6.48434E-03 -6.37227E-03 -6.26013E-03 -6.14809E-03 -6.03629E-03

512000 out of 512000 gridpoints are considered (100.0%).

...done!

Reading "/home/boittier/esp_check/quadrupole_expansion.cube"...

  Fitted ESP
  Electrostatic potential fitted from quadrupole expansion.
    3   -4.970736   -4.738755   -4.970736
   80    0.125841    0.000000    0.000000
   80    0.000000    0.125841    0.000000
   80    0.000000    0.000000    0.125841
    8    8.000000    0.000000    0.231980    0.000000
    1    1.000000    1.456304   -0.847227    0.000000
    1    1.000000   -1.456304   -1.008615    0.000000
  6.28891E-03  6.51871E-03  6.75586E-03  7.00039E-03  7.25226E-03  7.51140E-03
       .            .            .            .            .            .
       .            .            .            .            .            .
       .            .            .            .            .            .
 -6.53670E-03 -6.43017E-03 -6.32313E-03 -6.21574E-03 -6.10816E-03 -6.00055E-03

512000 out of 512000 gridpoints are considered (100.0%).

...done!

                       Measure       RMSE[kcal/mol/e]   MaxError[kcal/mol/e]   NPoints
                         Total        6.766644240E-01        4.723389275E+00    406310
Close (  1.20 < r <   1.66 )          1.066750893E+00        4.723389275E+00    143800
Mid-range ( 1.66 < r <  2.20)         3.326817760E-01        1.085152125E+00    193970
Far-range (  2.20         < r)        1.166571471E-01        3.269136081E-01     68540
Did analysis and wrote slice data
