/home/boittier/esp_check
h2o_683
/data/boittier/energies/h2o_geom.xyz.dir
Read multipoles for 3 atoms with max. rank 2
Running in generate mode

Reading "/data/boittier/energies/h2o_geom.xyz.dir/h2o_683.chk.fchk.potential.cube"...

  h2o Potential=SCF
  Electrostatic potential from Total SCF Density
    3   -4.970736   -4.741732   -4.970736
   80    0.125841    0.000000    0.000000
   80    0.000000    0.125841    0.000000
   80    0.000000    0.000000    0.125841
    8    8.000000    0.000000    0.229004    0.000000
    1    1.000000    1.393123   -0.942962    0.000000
    1    1.000000   -1.393123   -0.889069    0.000000
  1.67989E-02  1.67989E-02  1.66087E-02  1.67870E-02  1.69379E-02  1.70602E-02
       .            .            .            .            .            .
       .            .            .            .            .            .
       .            .            .            .            .            .
 -9.68674E-03 -9.68133E-03 -9.67052E-03 -9.65429E-03 -9.63266E-03 -9.60562E-03

338354 out of 512000 gridpoints are considered ( 66.1%).

...done!

 writing cube file quadrupole_expansion.cube                                                                                                                                                                                                                                                                                                                                                                                                                                                                                                                                                                                                                                                                                                                                                                                                                                                                                                                                                                                                                                       
Written cubefile and slice data
Running in analysis mode

Reading "/data/boittier/energies/h2o_geom.xyz.dir/h2o_683.chk.fchk.potential.cube"...

  h2o Potential=SCF
  Electrostatic potential from Total SCF Density
    3   -4.970736   -4.741732   -4.970736
   80    0.125841    0.000000    0.000000
   80    0.000000    0.125841    0.000000
   80    0.000000    0.000000    0.125841
    8    8.000000    0.000000    0.229004    0.000000
    1    1.000000    1.393123   -0.942962    0.000000
    1    1.000000   -1.393123   -0.889069    0.000000
  6.24733E-03  6.47125E-03  6.70217E-03  6.94006E-03  7.18489E-03  7.43657E-03
       .            .            .            .            .            .
       .            .            .            .            .            .
       .            .            .            .            .            .
 -6.93762E-03 -6.81423E-03 -6.69087E-03 -6.56770E-03 -6.44488E-03 -6.32256E-03

512000 out of 512000 gridpoints are considered (100.0%).

...done!

Reading "/home/boittier/esp_check/quadrupole_expansion.cube"...

  Fitted ESP
  Electrostatic potential fitted from quadrupole expansion.
    3   -4.970736   -4.741732   -4.970736
   80    0.125841    0.000000    0.000000
   80    0.000000    0.125841    0.000000
   80    0.000000    0.000000    0.125841
    8    8.000000    0.000000    0.229004    0.000000
    1    1.000000    1.393123   -0.942962    0.000000
    1    1.000000   -1.393123   -0.889069    0.000000
  6.19289E-03  6.41073E-03  6.63514E-03  6.86612E-03  7.10360E-03  7.34749E-03
       .            .            .            .            .            .
       .            .            .            .            .            .
       .            .            .            .            .            .
 -6.88994E-03 -6.77144E-03 -6.65267E-03 -6.53381E-03 -6.41503E-03 -6.29649E-03

512000 out of 512000 gridpoints are considered (100.0%).

...done!

                       Measure       RMSE[kcal/mol/e]   MaxError[kcal/mol/e]   NPoints
                         Total        6.690085795E-01        4.706885776E+00    407656
Close (  1.20 < r <   1.66 )          1.058063121E+00        4.706885776E+00    143134
Mid-range ( 1.66 < r <  2.20)         3.301214996E-01        1.047501557E+00    195220
Far-range (  2.20         < r)        1.166078349E-01        3.189630631E-01     69302
Did analysis and wrote slice data
