/home/boittier/esp_check
h2o_1763
/data/boittier/energies/h2o_geom.xyz.dir
Read multipoles for 3 atoms with max. rank 2
Running in generate mode

Reading "/data/boittier/energies/h2o_geom.xyz.dir/h2o_1763.chk.fchk.potential.cube"...

  h2o Potential=SCF
  Electrostatic potential from Total SCF Density
    3   -4.970736   -4.735620   -4.970736
   80    0.125841    0.000000    0.000000
   80    0.000000    0.125841    0.000000
   80    0.000000    0.000000    0.125841
    8    8.000000    0.000000    0.235115    0.000000
    1    1.000000    1.402062   -0.939305    0.000000
    1    1.000000   -1.402062   -0.941617    0.000000
  1.68056E-02  1.69533E-02  1.70730E-02  1.71636E-02  1.72245E-02  1.72550E-02
       .            .            .            .            .            .
       .            .            .            .            .            .
       .            .            .            .            .            .
 -9.62909E-03 -9.62387E-03 -9.61341E-03 -9.59772E-03 -9.57679E-03 -9.55063E-03

338131 out of 512000 gridpoints are considered ( 66.0%).

...done!

 writing cube file quadrupole_expansion.cube                                                                                                                                                                                                                                                                                                                                                                                                                                                                                                                                                                                                                                                                                                                                                                                                                                                                                                                                                                                                                                       
Written cubefile and slice data
Running in analysis mode

Reading "/data/boittier/energies/h2o_geom.xyz.dir/h2o_1763.chk.fchk.potential.cube"...

  h2o Potential=SCF
  Electrostatic potential from Total SCF Density
    3   -4.970736   -4.735620   -4.970736
   80    0.125841    0.000000    0.000000
   80    0.000000    0.125841    0.000000
   80    0.000000    0.000000    0.125841
    8    8.000000    0.000000    0.235115    0.000000
    1    1.000000    1.402062   -0.939305    0.000000
    1    1.000000   -1.402062   -0.941617    0.000000
  6.35596E-03  6.58567E-03  6.82266E-03  7.06693E-03  7.31844E-03  7.57711E-03
       .            .            .            .            .            .
       .            .            .            .            .            .
       .            .            .            .            .            .
 -6.93917E-03 -6.81684E-03 -6.69449E-03 -6.57229E-03 -6.45039E-03 -6.32895E-03

512000 out of 512000 gridpoints are considered (100.0%).

...done!

Reading "/home/boittier/esp_check/quadrupole_expansion.cube"...

  Fitted ESP
  Electrostatic potential fitted from quadrupole expansion.
    3   -4.970736   -4.735620   -4.970736
   80    0.125841    0.000000    0.000000
   80    0.000000    0.125841    0.000000
   80    0.000000    0.000000    0.125841
    8    8.000000    0.000000    0.235115    0.000000
    1    1.000000    1.402062   -0.939305    0.000000
    1    1.000000   -1.402062   -0.941617    0.000000
  6.30030E-03  6.52379E-03  6.75414E-03  6.99133E-03  7.23532E-03  7.48602E-03
       .            .            .            .            .            .
       .            .            .            .            .            .
       .            .            .            .            .            .
 -6.89042E-03 -6.77302E-03 -6.65531E-03 -6.53747E-03 -6.41965E-03 -6.30203E-03

512000 out of 512000 gridpoints are considered (100.0%).

...done!

                       Measure       RMSE[kcal/mol/e]   MaxError[kcal/mol/e]   NPoints
                         Total        6.650087984E-01        4.719184962E+00    407039
Close (  1.20 < r <   1.66 )          1.050123954E+00        4.719184962E+00    143479
Mid-range ( 1.66 < r <  2.20)         3.274710709E-01        1.050199847E+00    194652
Far-range (  2.20         < r)        1.149604576E-01        3.214731010E-01     68908
Did analysis and wrote slice data
