/home/boittier/esp_check
h2o_194
/data/boittier/energies/h2o_geom.xyz.dir
Read multipoles for 3 atoms with max. rank 2
Running in generate mode

Reading "/data/boittier/energies/h2o_geom.xyz.dir/h2o_194.chk.fchk.potential.cube"...

  h2o Potential=SCF
  Electrostatic potential from Total SCF Density
    3   -4.970736   -4.749426   -4.970736
   80    0.125841    0.000000    0.000000
   80    0.000000    0.125841    0.000000
   80    0.000000    0.000000    0.125841
    8    8.000000    0.000000    0.221310    0.000000
    1    1.000000    1.462394   -0.845716    0.000000
    1    1.000000   -1.462394   -0.924761    0.000000
  1.65348E-02  1.67123E-02  1.68625E-02  1.69842E-02  1.70765E-02  1.71384E-02
       .            .            .            .            .            .
       .            .            .            .            .            .
       .            .            .            .            .            .
 -8.63763E-03 -8.63388E-03 -8.62636E-03 -8.61506E-03 -8.59994E-03 -8.58095E-03

337922 out of 512000 gridpoints are considered ( 66.0%).

...done!

 writing cube file quadrupole_expansion.cube                                                                                                                                                                                                                                                                                                                                                                                                                                                                                                                                                                                                                                                                                                                                                                                                                                                                                                                                                                                                                                       
Written cubefile and slice data
Running in analysis mode

Reading "/data/boittier/energies/h2o_geom.xyz.dir/h2o_194.chk.fchk.potential.cube"...

  h2o Potential=SCF
  Electrostatic potential from Total SCF Density
    3   -4.970736   -4.749426   -4.970736
   80    0.125841    0.000000    0.000000
   80    0.000000    0.125841    0.000000
   80    0.000000    0.000000    0.125841
    8    8.000000    0.000000    0.221310    0.000000
    1    1.000000    1.462394   -0.845716    0.000000
    1    1.000000   -1.462394   -0.924761    0.000000
  6.15469E-03  6.38213E-03  6.61698E-03  6.85922E-03  7.10884E-03  7.36576E-03
       .            .            .            .            .            .
       .            .            .            .            .            .
       .            .            .            .            .            .
 -6.55240E-03 -6.44023E-03 -6.32789E-03 -6.21554E-03 -6.10331E-03 -5.99137E-03

512000 out of 512000 gridpoints are considered (100.0%).

...done!

Reading "/home/boittier/esp_check/quadrupole_expansion.cube"...

  Fitted ESP
  Electrostatic potential fitted from quadrupole expansion.
    3   -4.970736   -4.749426   -4.970736
   80    0.125841    0.000000    0.000000
   80    0.000000    0.125841    0.000000
   80    0.000000    0.000000    0.125841
    8    8.000000    0.000000    0.221310    0.000000
    1    1.000000    1.462394   -0.845716    0.000000
    1    1.000000   -1.462394   -0.924761    0.000000
  6.09124E-03  6.31215E-03  6.54003E-03  6.77487E-03  7.01663E-03  7.26523E-03
       .            .            .            .            .            .
       .            .            .            .            .            .
       .            .            .            .            .            .
 -6.49304E-03 -6.38620E-03 -6.27888E-03 -6.17126E-03 -6.06349E-03 -5.95572E-03

512000 out of 512000 gridpoints are considered (100.0%).

...done!

                       Measure       RMSE[kcal/mol/e]   MaxError[kcal/mol/e]   NPoints
                         Total        6.864756073E-01        4.705568006E+00    406962
Close (  1.20 < r <   1.66 )          1.084298587E+00        4.705568006E+00    143322
Mid-range ( 1.66 < r <  2.20)         3.384125615E-01        1.093560752E+00    194600
Far-range (  2.20         < r)        1.197466982E-01        3.245102468E-01     69040
Did analysis and wrote slice data
