/home/boittier/esp_check
h2o_1734
/data/boittier/energies/h2o_geom.xyz.dir
Read multipoles for 3 atoms with max. rank 2
Running in generate mode

Reading "/data/boittier/energies/h2o_geom.xyz.dir/h2o_1734.chk.fchk.potential.cube"...

  h2o Potential=SCF
  Electrostatic potential from Total SCF Density
    3   -4.970736   -4.733435   -4.970736
   80    0.125841    0.000000    0.000000
   80    0.000000    0.125841    0.000000
   80    0.000000    0.000000    0.125841
    8    8.000000    0.000000    0.237301    0.000000
    1    1.000000    1.358373   -0.998830    0.000000
    1    1.000000   -1.358373   -0.899577    0.000000
  1.66952E-02  1.68721E-02  1.70217E-02  1.71430E-02  1.72349E-02  1.72966E-02
       .            .            .            .            .            .
       .            .            .            .            .            .
       .            .            .            .            .            .
 -1.02443E-02 -1.02381E-02 -1.02257E-02 -1.02072E-02 -1.01825E-02 -1.01516E-02

338376 out of 512000 gridpoints are considered ( 66.1%).

...done!

 writing cube file quadrupole_expansion.cube                                                                                                                                                                                                                                                                                                                                                                                                                                                                                                                                                                                                                                                                                                                                                                                                                                                                                                                                                                                                                                       
Written cubefile and slice data
Running in analysis mode

Reading "/data/boittier/energies/h2o_geom.xyz.dir/h2o_1734.chk.fchk.potential.cube"...

  h2o Potential=SCF
  Electrostatic potential from Total SCF Density
    3   -4.970736   -4.733435   -4.970736
   80    0.125841    0.000000    0.000000
   80    0.000000    0.125841    0.000000
   80    0.000000    0.000000    0.125841
    8    8.000000    0.000000    0.237301    0.000000
    1    1.000000    1.358373   -0.998830    0.000000
    1    1.000000   -1.358373   -0.899577    0.000000
  6.38016E-03  6.60608E-03  6.83896E-03  7.07878E-03  7.32548E-03  7.57897E-03
       .            .            .            .            .            .
       .            .            .            .            .            .
       .            .            .            .            .            .
 -7.16158E-03 -7.03259E-03 -6.90369E-03 -6.77507E-03 -6.64689E-03 -6.51930E-03

512000 out of 512000 gridpoints are considered (100.0%).

...done!

Reading "/home/boittier/esp_check/quadrupole_expansion.cube"...

  Fitted ESP
  Electrostatic potential fitted from quadrupole expansion.
    3   -4.970736   -4.733435   -4.970736
   80    0.125841    0.000000    0.000000
   80    0.000000    0.125841    0.000000
   80    0.000000    0.000000    0.125841
    8    8.000000    0.000000    0.237301    0.000000
    1    1.000000    1.358373   -0.998830    0.000000
    1    1.000000   -1.358373   -0.899577    0.000000
  6.33013E-03  6.55014E-03  6.77671E-03  7.00979E-03  7.24933E-03  7.49523E-03
       .            .            .            .            .            .
       .            .            .            .            .            .
       .            .            .            .            .            .
 -7.12020E-03 -6.99585E-03 -6.87132E-03 -6.74679E-03 -6.62243E-03 -6.49840E-03

512000 out of 512000 gridpoints are considered (100.0%).

...done!

                       Measure       RMSE[kcal/mol/e]   MaxError[kcal/mol/e]   NPoints
                         Total        6.555185342E-01        4.713349124E+00    407626
Close (  1.20 < r <   1.66 )          1.036896327E+00        4.713349124E+00    143135
Mid-range ( 1.66 < r <  2.20)         3.230297735E-01        1.023216940E+00    195241
Far-range (  2.20         < r)        1.135909394E-01        3.165785271E-01     69250
Did analysis and wrote slice data
