/home/boittier/esp_check
h2o_247
/data/boittier/energies/h2o_geom.xyz.dir
Read multipoles for 3 atoms with max. rank 2
Running in generate mode

Reading "/data/boittier/energies/h2o_geom.xyz.dir/h2o_247.chk.fchk.potential.cube"...

  h2o Potential=SCF
  Electrostatic potential from Total SCF Density
    3   -4.970736   -4.750858   -4.970736
   80    0.125841    0.000000    0.000000
   80    0.000000    0.125841    0.000000
   80    0.000000    0.000000    0.125841
    8    8.000000    0.000000    0.219878    0.000000
    1    1.000000    1.421482   -0.906397    0.000000
    1    1.000000   -1.421482   -0.852627    0.000000
  1.63341E-02  1.65102E-02  1.66594E-02  1.67802E-02  1.68718E-02  1.69333E-02
       .            .            .            .            .            .
       .            .            .            .            .            .
       .            .            .            .            .            .
 -9.28405E-03 -9.27919E-03 -9.26946E-03 -9.25486E-03 -9.23537E-03 -9.21099E-03

338341 out of 512000 gridpoints are considered ( 66.1%).

...done!

 writing cube file quadrupole_expansion.cube                                                                                                                                                                                                                                                                                                                                                                                                                                                                                                                                                                                                                                                                                                                                                                                                                                                                                                                                                                                                                                       
Written cubefile and slice data
Running in analysis mode

Reading "/data/boittier/energies/h2o_geom.xyz.dir/h2o_247.chk.fchk.potential.cube"...

  h2o Potential=SCF
  Electrostatic potential from Total SCF Density
    3   -4.970736   -4.750858   -4.970736
   80    0.125841    0.000000    0.000000
   80    0.000000    0.125841    0.000000
   80    0.000000    0.000000    0.125841
    8    8.000000    0.000000    0.219878    0.000000
    1    1.000000    1.421482   -0.906397    0.000000
    1    1.000000   -1.421482   -0.852627    0.000000
  6.08446E-03  6.30402E-03  6.53047E-03  6.76381E-03  7.00398E-03  7.25092E-03
       .            .            .            .            .            .
       .            .            .            .            .            .
       .            .            .            .            .            .
 -6.76836E-03 -6.64882E-03 -6.52926E-03 -6.40985E-03 -6.29075E-03 -6.17209E-03

512000 out of 512000 gridpoints are considered (100.0%).

...done!

Reading "/home/boittier/esp_check/quadrupole_expansion.cube"...

  Fitted ESP
  Electrostatic potential fitted from quadrupole expansion.
    3   -4.970736   -4.750858   -4.970736
   80    0.125841    0.000000    0.000000
   80    0.000000    0.125841    0.000000
   80    0.000000    0.000000    0.125841
    8    8.000000    0.000000    0.219878    0.000000
    1    1.000000    1.421482   -0.906397    0.000000
    1    1.000000   -1.421482   -0.852627    0.000000
  6.02741E-03  6.24082E-03  6.46072E-03  6.68707E-03  6.91984E-03  7.15893E-03
       .            .            .            .            .            .
       .            .            .            .            .            .
       .            .            .            .            .            .
 -6.71692E-03 -6.60239E-03 -6.48756E-03 -6.37258E-03 -6.25763E-03 -6.14287E-03

512000 out of 512000 gridpoints are considered (100.0%).

...done!

                       Measure       RMSE[kcal/mol/e]   MaxError[kcal/mol/e]   NPoints
                         Total        6.815788092E-01        4.692515809E+00    407833
Close (  1.20 < r <   1.66 )          1.078652717E+00        4.692515809E+00    142969
Mid-range ( 1.66 < r <  2.20)         3.364867373E-01        1.064569814E+00    195372
Far-range (  2.20         < r)        1.196452466E-01        3.194713458E-01     69492
Did analysis and wrote slice data
