/home/boittier/esp_check
h2o_822
/data/boittier/energies/h2o_geom.xyz.dir
Read multipoles for 3 atoms with max. rank 2
Running in generate mode

Reading "/data/boittier/energies/h2o_geom.xyz.dir/h2o_822.chk.fchk.potential.cube"...

  h2o Potential=SCF
  Electrostatic potential from Total SCF Density
    3   -4.970736   -4.744981   -4.970736
   80    0.125841    0.000000    0.000000
   80    0.000000    0.125841    0.000000
   80    0.000000    0.000000    0.125841
    8    8.000000    0.000000    0.225755    0.000000
    1    1.000000    1.485883   -0.809880    0.000000
    1    1.000000   -1.485883   -0.996159    0.000000
  1.68750E-02  1.70249E-02  1.71463E-02  1.72382E-02  1.73000E-02  1.73310E-02
       .            .            .            .            .            .
       .            .            .            .            .            .
       .            .            .            .            .            .
 -8.24973E-03 -8.24670E-03 -8.24061E-03 -8.23144E-03 -8.21912E-03 -8.20361E-03

337576 out of 512000 gridpoints are considered ( 65.9%).

...done!

 writing cube file quadrupole_expansion.cube                                                                                                                                                                                                                                                                                                                                                                                                                                                                                                                                                                                                                                                                                                                                                                                                                                                                                                                                                                                                                                       
Written cubefile and slice data
Running in analysis mode

Reading "/data/boittier/energies/h2o_geom.xyz.dir/h2o_822.chk.fchk.potential.cube"...

  h2o Potential=SCF
  Electrostatic potential from Total SCF Density
    3   -4.970736   -4.744981   -4.970736
   80    0.125841    0.000000    0.000000
   80    0.000000    0.125841    0.000000
   80    0.000000    0.000000    0.125841
    8    8.000000    0.000000    0.225755    0.000000
    1    1.000000    1.485883   -0.809880    0.000000
    1    1.000000   -1.485883   -0.996159    0.000000
  6.26742E-03  6.50303E-03  6.74649E-03  6.99784E-03  7.25706E-03  7.52408E-03
       .            .            .            .            .            .
       .            .            .            .            .            .
       .            .            .            .            .            .
 -6.43346E-03 -6.32602E-03 -6.21828E-03 -6.11042E-03 -6.00256E-03 -5.89486E-03

512000 out of 512000 gridpoints are considered (100.0%).

...done!

Reading "/home/boittier/esp_check/quadrupole_expansion.cube"...

  Fitted ESP
  Electrostatic potential fitted from quadrupole expansion.
    3   -4.970736   -4.744981   -4.970736
   80    0.125841    0.000000    0.000000
   80    0.000000    0.125841    0.000000
   80    0.000000    0.000000    0.125841
    8    8.000000    0.000000    0.225755    0.000000
    1    1.000000    1.485883   -0.809880    0.000000
    1    1.000000   -1.485883   -0.996159    0.000000
  6.20031E-03  6.42913E-03  6.66537E-03  6.90903E-03  7.16009E-03  7.41849E-03
       .            .            .            .            .            .
       .            .            .            .            .            .
       .            .            .            .            .            .
 -6.36956E-03 -6.26761E-03 -6.16507E-03 -6.06210E-03 -5.95886E-03 -5.85549E-03

512000 out of 512000 gridpoints are considered (100.0%).

...done!

                       Measure       RMSE[kcal/mol/e]   MaxError[kcal/mol/e]   NPoints
                         Total        6.859546698E-01        4.714855146E+00    406154
Close (  1.20 < r <   1.66 )          1.081416660E+00        4.714855146E+00    143718
Mid-range ( 1.66 < r <  2.20)         3.374140644E-01        1.102471386E+00    193858
Far-range (  2.20         < r)        1.186885098E-01        3.279803742E-01     68578
Did analysis and wrote slice data
