/home/boittier/esp_check
h2o_1659
/data/boittier/energies/h2o_geom.xyz.dir
Read multipoles for 3 atoms with max. rank 2
Running in generate mode

Reading "/data/boittier/energies/h2o_geom.xyz.dir/h2o_1659.chk.fchk.potential.cube"...

  h2o Potential=SCF
  Electrostatic potential from Total SCF Density
    3   -4.970736   -4.762255   -4.970736
   80    0.125841    0.000000    0.000000
   80    0.000000    0.125841    0.000000
   80    0.000000    0.000000    0.125841
    8    8.000000    0.000000    0.208480    0.000000
    1    1.000000    1.381806   -0.963035    0.000000
    1    1.000000   -1.381806   -0.704808    0.000000
  1.58897E-02  1.59757E-02  1.60334E-02  1.60624E-02  1.60624E-02  1.60334E-02
       .            .            .            .            .            .
       .            .            .            .            .            .
       .            .            .            .            .            .
 -9.84391E-03 -9.83793E-03 -9.82598E-03 -9.80807E-03 -9.78422E-03 -9.75444E-03

338909 out of 512000 gridpoints are considered ( 66.2%).

...done!

 writing cube file quadrupole_expansion.cube                                                                                                                                                                                                                                                                                                                                                                                                                                                                                                                                                                                                                                                                                                                                                                                                                                                                                                                                                                                                                                       
Written cubefile and slice data
Running in analysis mode

Reading "/data/boittier/energies/h2o_geom.xyz.dir/h2o_1659.chk.fchk.potential.cube"...

  h2o Potential=SCF
  Electrostatic potential from Total SCF Density
    3   -4.970736   -4.762255   -4.970736
   80    0.125841    0.000000    0.000000
   80    0.000000    0.125841    0.000000
   80    0.000000    0.000000    0.125841
    8    8.000000    0.000000    0.208480    0.000000
    1    1.000000    1.381806   -0.963035    0.000000
    1    1.000000   -1.381806   -0.704808    0.000000
  5.80650E-03  6.00981E-03  6.21920E-03  6.43464E-03  6.65606E-03  6.88336E-03
       .            .            .            .            .            .
       .            .            .            .            .            .
       .            .            .            .            .            .
 -6.91378E-03 -6.78725E-03 -6.66089E-03 -6.53488E-03 -6.40938E-03 -6.28453E-03

512000 out of 512000 gridpoints are considered (100.0%).

...done!

Reading "/home/boittier/esp_check/quadrupole_expansion.cube"...

  Fitted ESP
  Electrostatic potential fitted from quadrupole expansion.
    3   -4.970736   -4.762255   -4.970736
   80    0.125841    0.000000    0.000000
   80    0.000000    0.125841    0.000000
   80    0.000000    0.000000    0.125841
    8    8.000000    0.000000    0.208480    0.000000
    1    1.000000    1.381806   -0.963035    0.000000
    1    1.000000   -1.381806   -0.704808    0.000000
  5.75893E-03  5.95677E-03  6.16032E-03  6.36953E-03  6.58433E-03  6.80461E-03
       .            .            .            .            .            .
       .            .            .            .            .            .
       .            .            .            .            .            .
 -6.87287E-03 -6.75085E-03 -6.62873E-03 -6.50668E-03 -6.38488E-03 -6.26348E-03

512000 out of 512000 gridpoints are considered (100.0%).

...done!

                       Measure       RMSE[kcal/mol/e]   MaxError[kcal/mol/e]   NPoints
                         Total        6.834057601E-01        4.686554469E+00    409233
Close (  1.20 < r <   1.66 )          1.085580855E+00        4.686554469E+00    142223
Mid-range ( 1.66 < r <  2.20)         3.381039625E-01        1.070167199E+00    196686
Far-range (  2.20         < r)        1.214788931E-01        3.369788599E-01     70324
Did analysis and wrote slice data
