/home/boittier/esp_check
h2o_374
/data/boittier/energies/h2o_geom.xyz.dir
Read multipoles for 3 atoms with max. rank 2
Running in generate mode

Reading "/data/boittier/energies/h2o_geom.xyz.dir/h2o_374.chk.fchk.potential.cube"...

  h2o Potential=SCF
  Electrostatic potential from Total SCF Density
    3   -4.970736   -4.751650   -4.970736
   80    0.125841    0.000000    0.000000
   80    0.000000    0.125841    0.000000
   80    0.000000    0.000000    0.125841
    8    8.000000    0.000000    0.219086    0.000000
    1    1.000000    1.430758   -0.892938    0.000000
    1    1.000000   -1.430758   -0.859748    0.000000
  1.65675E-02  1.65675E-02  1.64001E-02  1.65779E-02  1.67285E-02  1.68506E-02
       .            .            .            .            .            .
       .            .            .            .            .            .
       .            .            .            .            .            .
 -9.14026E-03 -9.13563E-03 -9.12636E-03 -9.11244E-03 -9.09386E-03 -9.07060E-03

338261 out of 512000 gridpoints are considered ( 66.1%).

...done!

 writing cube file quadrupole_expansion.cube                                                                                                                                                                                                                                                                                                                                                                                                                                                                                                                                                                                                                                                                                                                                                                                                                                                                                                                                                                                                                                       
Written cubefile and slice data
Running in analysis mode

Reading "/data/boittier/energies/h2o_geom.xyz.dir/h2o_374.chk.fchk.potential.cube"...

  h2o Potential=SCF
  Electrostatic potential from Total SCF Density
    3   -4.970736   -4.751650   -4.970736
   80    0.125841    0.000000    0.000000
   80    0.000000    0.125841    0.000000
   80    0.000000    0.000000    0.125841
    8    8.000000    0.000000    0.219086    0.000000
    1    1.000000    1.430758   -0.892938    0.000000
    1    1.000000   -1.430758   -0.859748    0.000000
  6.07668E-03  6.29692E-03  6.52411E-03  6.75827E-03  6.99932E-03  7.24721E-03
       .            .            .            .            .            .
       .            .            .            .            .            .
       .            .            .            .            .            .
 -6.71638E-03 -6.59840E-03 -6.48037E-03 -6.36246E-03 -6.24482E-03 -6.12760E-03

512000 out of 512000 gridpoints are considered (100.0%).

...done!

Reading "/home/boittier/esp_check/quadrupole_expansion.cube"...

  Fitted ESP
  Electrostatic potential fitted from quadrupole expansion.
    3   -4.970736   -4.751650   -4.970736
   80    0.125841    0.000000    0.000000
   80    0.000000    0.125841    0.000000
   80    0.000000    0.000000    0.125841
    8    8.000000    0.000000    0.219086    0.000000
    1    1.000000    1.430758   -0.892938    0.000000
    1    1.000000   -1.430758   -0.859748    0.000000
  6.01832E-03  6.23235E-03  6.45292E-03  6.68001E-03  6.91358E-03  7.15354E-03
       .            .            .            .            .            .
       .            .            .            .            .            .
       .            .            .            .            .            .
 -6.66329E-03 -6.55038E-03 -6.43714E-03 -6.32372E-03 -6.21030E-03 -6.09702E-03

512000 out of 512000 gridpoints are considered (100.0%).

...done!

                       Measure       RMSE[kcal/mol/e]   MaxError[kcal/mol/e]   NPoints
                         Total        6.835786798E-01        4.692264805E+00    407701
Close (  1.20 < r <   1.66 )          1.081563835E+00        4.692264805E+00    143003
Mid-range ( 1.66 < r <  2.20)         3.374075594E-01        1.070029147E+00    195258
Far-range (  2.20         < r)        1.199693611E-01        3.202180820E-01     69440
Did analysis and wrote slice data
