/home/boittier/esp_check
h2o_969
/data/boittier/energies/h2o_geom.xyz.dir
Read multipoles for 3 atoms with max. rank 2
Running in generate mode

Reading "/data/boittier/energies/h2o_geom.xyz.dir/h2o_969.chk.fchk.potential.cube"...

  h2o Potential=SCF
  Electrostatic potential from Total SCF Density
    3   -4.970736   -4.748519   -4.970736
   80    0.125841    0.000000    0.000000
   80    0.000000    0.125841    0.000000
   80    0.000000    0.000000    0.125841
    8    8.000000    0.000000    0.222217    0.000000
    1    1.000000    1.480221   -0.820129    0.000000
    1    1.000000   -1.480221   -0.957603    0.000000
  1.69011E-02  1.69610E-02  1.69911E-02  1.69911E-02  1.69610E-02  1.69011E-02
       .            .            .            .            .            .
       .            .            .            .            .            .
       .            .            .            .            .            .
 -8.35576E-03 -8.35251E-03 -8.34598E-03 -8.33615E-03 -8.32297E-03 -8.30638E-03

337738 out of 512000 gridpoints are considered ( 66.0%).

...done!

 writing cube file quadrupole_expansion.cube                                                                                                                                                                                                                                                                                                                                                                                                                                                                                                                                                                                                                                                                                                                                                                                                                                                                                                                                                                                                                                       
Written cubefile and slice data
Running in analysis mode

Reading "/data/boittier/energies/h2o_geom.xyz.dir/h2o_969.chk.fchk.potential.cube"...

  h2o Potential=SCF
  Electrostatic potential from Total SCF Density
    3   -4.970736   -4.748519   -4.970736
   80    0.125841    0.000000    0.000000
   80    0.000000    0.125841    0.000000
   80    0.000000    0.000000    0.125841
    8    8.000000    0.000000    0.222217    0.000000
    1    1.000000    1.480221   -0.820129    0.000000
    1    1.000000   -1.480221   -0.957603    0.000000
  6.19230E-03  6.42357E-03  6.66247E-03  6.90903E-03  7.16320E-03  7.42495E-03
       .            .            .            .            .            .
       .            .            .            .            .            .
       .            .            .            .            .            .
 -6.45961E-03 -6.35071E-03 -6.24156E-03 -6.13231E-03 -6.02313E-03 -5.91414E-03

512000 out of 512000 gridpoints are considered (100.0%).

...done!

Reading "/home/boittier/esp_check/quadrupole_expansion.cube"...

  Fitted ESP
  Electrostatic potential fitted from quadrupole expansion.
    3   -4.970736   -4.748519   -4.970736
   80    0.125841    0.000000    0.000000
   80    0.000000    0.125841    0.000000
   80    0.000000    0.000000    0.125841
    8    8.000000    0.000000    0.222217    0.000000
    1    1.000000    1.480221   -0.820129    0.000000
    1    1.000000   -1.480221   -0.957603    0.000000
  6.12628E-03  6.35086E-03  6.58264E-03  6.82161E-03  7.06775E-03  7.32099E-03
       .            .            .            .            .            .
       .            .            .            .            .            .
       .            .            .            .            .            .
 -6.39705E-03 -6.29359E-03 -6.18959E-03 -6.08519E-03 -5.98057E-03 -5.87587E-03

512000 out of 512000 gridpoints are considered (100.0%).

...done!

                       Measure       RMSE[kcal/mol/e]   MaxError[kcal/mol/e]   NPoints
                         Total        6.883092731E-01        4.709584067E+00    406564
Close (  1.20 < r <   1.66 )          1.086062460E+00        4.709584067E+00    143568
Mid-range ( 1.66 < r <  2.20)         3.388149226E-01        1.105922688E+00    194170
Far-range (  2.20         < r)        1.196202559E-01        3.265810280E-01     68826
Did analysis and wrote slice data
