/home/boittier/esp_check
h2o_910
/data/boittier/energies/h2o_geom.xyz.dir
Read multipoles for 3 atoms with max. rank 2
Running in generate mode

Reading "/data/boittier/energies/h2o_geom.xyz.dir/h2o_910.chk.fchk.potential.cube"...

  h2o Potential=SCF
  Electrostatic potential from Total SCF Density
    3   -4.970736   -4.742230   -4.970736
   80    0.125841    0.000000    0.000000
   80    0.000000    0.125841    0.000000
   80    0.000000    0.000000    0.125841
    8    8.000000    0.000000    0.228506    0.000000
    1    1.000000    1.427080   -0.894079    0.000000
    1    1.000000   -1.427080   -0.933967    0.000000
  1.67436E-02  1.68922E-02  1.70126E-02  1.71038E-02  1.71650E-02  1.71957E-02
       .            .            .            .            .            .
       .            .            .            .            .            .
       .            .            .            .            .            .
 -9.17326E-03 -9.16869E-03 -9.15955E-03 -9.14583E-03 -9.12750E-03 -9.10456E-03

338104 out of 512000 gridpoints are considered ( 66.0%).

...done!

 writing cube file quadrupole_expansion.cube                                                                                                                                                                                                                                                                                                                                                                                                                                                                                                                                                                                                                                                                                                                                                                                                                                                                                                                                                                                                                                       
Written cubefile and slice data
Running in analysis mode

Reading "/data/boittier/energies/h2o_geom.xyz.dir/h2o_910.chk.fchk.potential.cube"...

  h2o Potential=SCF
  Electrostatic potential from Total SCF Density
    3   -4.970736   -4.742230   -4.970736
   80    0.125841    0.000000    0.000000
   80    0.000000    0.125841    0.000000
   80    0.000000    0.000000    0.125841
    8    8.000000    0.000000    0.228506    0.000000
    1    1.000000    1.427080   -0.894079    0.000000
    1    1.000000   -1.427080   -0.933967    0.000000
  6.26105E-03  6.48949E-03  6.72526E-03  6.96834E-03  7.21871E-03  7.47629E-03
       .            .            .            .            .            .
       .            .            .            .            .            .
       .            .            .            .            .            .
 -6.75806E-03 -6.64037E-03 -6.52260E-03 -6.40490E-03 -6.28743E-03 -6.17034E-03

512000 out of 512000 gridpoints are considered (100.0%).

...done!

Reading "/home/boittier/esp_check/quadrupole_expansion.cube"...

  Fitted ESP
  Electrostatic potential fitted from quadrupole expansion.
    3   -4.970736   -4.742230   -4.970736
   80    0.125841    0.000000    0.000000
   80    0.000000    0.125841    0.000000
   80    0.000000    0.000000    0.125841
    8    8.000000    0.000000    0.228506    0.000000
    1    1.000000    1.427080   -0.894079    0.000000
    1    1.000000   -1.427080   -0.933967    0.000000
  6.20179E-03  6.42387E-03  6.65284E-03  6.88870E-03  7.13139E-03  7.38085E-03
       .            .            .            .            .            .
       .            .            .            .            .            .
       .            .            .            .            .            .
 -6.70423E-03 -6.59167E-03 -6.47872E-03 -6.36557E-03 -6.25236E-03 -6.13926E-03

512000 out of 512000 gridpoints are considered (100.0%).

...done!

                       Measure       RMSE[kcal/mol/e]   MaxError[kcal/mol/e]   NPoints
                         Total        6.752113344E-01        4.713600127E+00    407096
Close (  1.20 < r <   1.66 )          1.066499537E+00        4.713600127E+00    143390
Mid-range ( 1.66 < r <  2.20)         3.327229556E-01        1.068209369E+00    194714
Far-range (  2.20         < r)        1.172650145E-01        3.228536218E-01     68992
Did analysis and wrote slice data
