/home/boittier/esp_check
h2o_101
/data/boittier/energies/h2o_geom.xyz.dir
Read multipoles for 3 atoms with max. rank 2
Running in generate mode

Reading "/data/boittier/energies/h2o_geom.xyz.dir/h2o_101.chk.fchk.potential.cube"...

  h2o Potential=SCF
  Electrostatic potential from Total SCF Density
    3   -4.970736   -4.747526   -4.970736
   80    0.125841    0.000000    0.000000
   80    0.000000    0.125841    0.000000
   80    0.000000    0.000000    0.125841
    8    8.000000    0.000000    0.223210    0.000000
    1    1.000000    1.448593   -0.863526    0.000000
    1    1.000000   -1.448593   -0.922152    0.000000
  1.66692E-02  1.68181E-02  1.69388E-02  1.70302E-02  1.70916E-02  1.71224E-02
       .            .            .            .            .            .
       .            .            .            .            .            .
       .            .            .            .            .            .
 -8.83937E-03 -8.83530E-03 -8.82715E-03 -8.81489E-03 -8.79851E-03 -8.77797E-03

338020 out of 512000 gridpoints are considered ( 66.0%).

...done!

 writing cube file quadrupole_expansion.cube                                                                                                                                                                                                                                                                                                                                                                                                                                                                                                                                                                                                                                                                                                                                                                                                                                                                                                                                                                                                                                       
Written cubefile and slice data
Running in analysis mode

Reading "/data/boittier/energies/h2o_geom.xyz.dir/h2o_101.chk.fchk.potential.cube"...

  h2o Potential=SCF
  Electrostatic potential from Total SCF Density
    3   -4.970736   -4.747526   -4.970736
   80    0.125841    0.000000    0.000000
   80    0.000000    0.125841    0.000000
   80    0.000000    0.000000    0.125841
    8    8.000000    0.000000    0.223210    0.000000
    1    1.000000    1.448593   -0.863526    0.000000
    1    1.000000   -1.448593   -0.922152    0.000000
  6.17961E-03  6.40671E-03  6.64113E-03  6.88289E-03  7.13196E-03  7.38825E-03
       .            .            .            .            .            .
       .            .            .            .            .            .
       .            .            .            .            .            .
 -6.62671E-03 -6.51241E-03 -6.39796E-03 -6.28354E-03 -6.16930E-03 -6.05538E-03

512000 out of 512000 gridpoints are considered (100.0%).

...done!

Reading "/home/boittier/esp_check/quadrupole_expansion.cube"...

  Fitted ESP
  Electrostatic potential fitted from quadrupole expansion.
    3   -4.970736   -4.747526   -4.970736
   80    0.125841    0.000000    0.000000
   80    0.000000    0.125841    0.000000
   80    0.000000    0.000000    0.125841
    8    8.000000    0.000000    0.223210    0.000000
    1    1.000000    1.448593   -0.863526    0.000000
    1    1.000000   -1.448593   -0.922152    0.000000
  6.11780E-03  6.33843E-03  6.56597E-03  6.80041E-03  7.04170E-03  7.28977E-03
       .            .            .            .            .            .
       .            .            .            .            .            .
       .            .            .            .            .            .
 -6.56944E-03 -6.46039E-03 -6.35089E-03 -6.24114E-03 -6.13127E-03 -6.02145E-03

512000 out of 512000 gridpoints are considered (100.0%).

...done!

                       Measure       RMSE[kcal/mol/e]   MaxError[kcal/mol/e]   NPoints
                         Total        6.830678868E-01        4.707011278E+00    407090
Close (  1.20 < r <   1.66 )          1.079079272E+00        4.707011278E+00    143321
Mid-range ( 1.66 < r <  2.20)         3.367345794E-01        1.080320302E+00    194699
Far-range (  2.20         < r)        1.190609523E-01        3.235438822E-01     69070
Did analysis and wrote slice data
