/home/boittier/esp_check
h2o_229
/data/boittier/energies/h2o_geom.xyz.dir
Read multipoles for 3 atoms with max. rank 2
Running in generate mode

Reading "/data/boittier/energies/h2o_geom.xyz.dir/h2o_229.chk.fchk.potential.cube"...

  h2o Potential=SCF
  Electrostatic potential from Total SCF Density
    3   -4.970736   -4.747783   -4.970736
   80    0.125841    0.000000    0.000000
   80    0.000000    0.125841    0.000000
   80    0.000000    0.000000    0.125841
    8    8.000000    0.000000    0.222952    0.000000
    1    1.000000    1.467561   -0.837479    0.000000
    1    1.000000   -1.467561   -0.946139    0.000000
  1.68726E-02  1.68726E-02  1.65121E-02  1.67190E-02  1.68996E-02  1.70526E-02
       .            .            .            .            .            .
       .            .            .            .            .            .
       .            .            .            .            .            .
 -8.55108E-03 -8.54750E-03 -8.54032E-03 -8.52951E-03 -8.51505E-03 -8.49688E-03

337823 out of 512000 gridpoints are considered ( 66.0%).

...done!

 writing cube file quadrupole_expansion.cube                                                                                                                                                                                                                                                                                                                                                                                                                                                                                                                                                                                                                                                                                                                                                                                                                                                                                                                                                                                                                                       
Written cubefile and slice data
Running in analysis mode

Reading "/data/boittier/energies/h2o_geom.xyz.dir/h2o_229.chk.fchk.potential.cube"...

  h2o Potential=SCF
  Electrostatic potential from Total SCF Density
    3   -4.970736   -4.747783   -4.970736
   80    0.125841    0.000000    0.000000
   80    0.000000    0.125841    0.000000
   80    0.000000    0.000000    0.125841
    8    8.000000    0.000000    0.222952    0.000000
    1    1.000000    1.467561   -0.837479    0.000000
    1    1.000000   -1.467561   -0.946139    0.000000
  6.19294E-03  6.42281E-03  6.66019E-03  6.90512E-03  7.15755E-03  7.41742E-03
       .            .            .            .            .            .
       .            .            .            .            .            .
       .            .            .            .            .            .
 -6.52797E-03 -6.41690E-03 -6.30563E-03 -6.19432E-03 -6.08310E-03 -5.97213E-03

512000 out of 512000 gridpoints are considered (100.0%).

...done!

Reading "/home/boittier/esp_check/quadrupole_expansion.cube"...

  Fitted ESP
  Electrostatic potential fitted from quadrupole expansion.
    3   -4.970736   -4.747783   -4.970736
   80    0.125841    0.000000    0.000000
   80    0.000000    0.125841    0.000000
   80    0.000000    0.000000    0.125841
    8    8.000000    0.000000    0.222952    0.000000
    1    1.000000    1.467561   -0.837479    0.000000
    1    1.000000   -1.467561   -0.946139    0.000000
  6.12856E-03  6.35182E-03  6.58217E-03  6.81961E-03  7.06410E-03  7.31558E-03
       .            .            .            .            .            .
       .            .            .            .            .            .
       .            .            .            .            .            .
 -6.46748E-03 -6.36178E-03 -6.25558E-03 -6.14904E-03 -6.04232E-03 -5.93557E-03

512000 out of 512000 gridpoints are considered (100.0%).

...done!

                       Measure       RMSE[kcal/mol/e]   MaxError[kcal/mol/e]   NPoints
                         Total        6.859044968E-01        4.709897821E+00    406740
Close (  1.20 < r <   1.66 )          1.082704549E+00        4.709897821E+00    143476
Mid-range ( 1.66 < r <  2.20)         3.378642474E-01        1.094188261E+00    194347
Far-range (  2.20         < r)        1.193790410E-01        3.255456374E-01     68917
Did analysis and wrote slice data
