/home/boittier/esp_check
h2o_1721
/data/boittier/energies/h2o_geom.xyz.dir
Read multipoles for 3 atoms with max. rank 2
Running in generate mode

Reading "/data/boittier/energies/h2o_geom.xyz.dir/h2o_1721.chk.fchk.potential.cube"...

  h2o Potential=SCF
  Electrostatic potential from Total SCF Density
    3   -4.970736   -4.751635   -4.970736
   80    0.125841    0.000000    0.000000
   80    0.000000    0.125841    0.000000
   80    0.000000    0.000000    0.125841
    8    8.000000    0.000000    0.219101    0.000000
    1    1.000000    1.352388   -1.003534    0.000000
    1    1.000000   -1.352388   -0.749275    0.000000
  1.61905E-02  1.63064E-02  1.63942E-02  1.64532E-02  1.64828E-02  1.64828E-02
       .            .            .            .            .            .
       .            .            .            .            .            .
       .            .            .            .            .            .
 -1.02807E-02 -1.02742E-02 -1.02612E-02 -1.02416E-02 -1.02156E-02 -1.01832E-02

338930 out of 512000 gridpoints are considered ( 66.2%).

...done!

 writing cube file quadrupole_expansion.cube                                                                                                                                                                                                                                                                                                                                                                                                                                                                                                                                                                                                                                                                                                                                                                                                                                                                                                                                                                                                                                       
Written cubefile and slice data
Running in analysis mode

Reading "/data/boittier/energies/h2o_geom.xyz.dir/h2o_1721.chk.fchk.potential.cube"...

  h2o Potential=SCF
  Electrostatic potential from Total SCF Density
    3   -4.970736   -4.751635   -4.970736
   80    0.125841    0.000000    0.000000
   80    0.000000    0.125841    0.000000
   80    0.000000    0.000000    0.125841
    8    8.000000    0.000000    0.219101    0.000000
    1    1.000000    1.352388   -1.003534    0.000000
    1    1.000000   -1.352388   -0.749275    0.000000
  6.02544E-03  6.23505E-03  6.45089E-03  6.67293E-03  6.90111E-03  7.13532E-03
       .            .            .            .            .            .
       .            .            .            .            .            .
       .            .            .            .            .            .
 -7.10792E-03 -6.97729E-03 -6.84687E-03 -6.71683E-03 -6.58733E-03 -6.45854E-03

512000 out of 512000 gridpoints are considered (100.0%).

...done!

Reading "/home/boittier/esp_check/quadrupole_expansion.cube"...

  Fitted ESP
  Electrostatic potential fitted from quadrupole expansion.
    3   -4.970736   -4.751635   -4.970736
   80    0.125841    0.000000    0.000000
   80    0.000000    0.125841    0.000000
   80    0.000000    0.000000    0.125841
    8    8.000000    0.000000    0.219101    0.000000
    1    1.000000    1.352388   -1.003534    0.000000
    1    1.000000   -1.352388   -0.749275    0.000000
  5.97961E-03  6.18375E-03  6.39375E-03  6.60956E-03  6.83110E-03  7.05827E-03
       .            .            .            .            .            .
       .            .            .            .            .            .
       .            .            .            .            .            .
 -7.07002E-03 -6.94382E-03 -6.81756E-03 -6.69141E-03 -6.56555E-03 -6.44014E-03

512000 out of 512000 gridpoints are considered (100.0%).

...done!

                       Measure       RMSE[kcal/mol/e]   MaxError[kcal/mol/e]   NPoints
                         Total        6.701940626E-01        4.671619744E+00    409000
Close (  1.20 < r <   1.66 )          1.063890628E+00        4.671619744E+00    142335
Mid-range ( 1.66 < r <  2.20)         3.316407548E-01        1.038076364E+00    196595
Far-range (  2.20         < r)        1.182683788E-01        3.253134589E-01     70070
Did analysis and wrote slice data
