/home/boittier/esp_check
h2o_816
/data/boittier/energies/h2o_geom.xyz.dir
Read multipoles for 3 atoms with max. rank 2
Running in generate mode

Reading "/data/boittier/energies/h2o_geom.xyz.dir/h2o_816.chk.fchk.potential.cube"...

  h2o Potential=SCF
  Electrostatic potential from Total SCF Density
    3   -4.970736   -4.745419   -4.970736
   80    0.125841    0.000000    0.000000
   80    0.000000    0.125841    0.000000
   80    0.000000    0.000000    0.125841
    8    8.000000    0.000000    0.225317    0.000000
    1    1.000000    1.441752   -0.876339    0.000000
    1    1.000000   -1.441752   -0.926194    0.000000
  1.67011E-02  1.68500E-02  1.69706E-02  1.70620E-02  1.71233E-02  1.71541E-02
       .            .            .            .            .            .
       .            .            .            .            .            .
       .            .            .            .            .            .
 -8.97267E-03 -8.96840E-03 -8.95986E-03 -8.94702E-03 -8.92987E-03 -8.90838E-03

338034 out of 512000 gridpoints are considered ( 66.0%).

...done!

 writing cube file quadrupole_expansion.cube                                                                                                                                                                                                                                                                                                                                                                                                                                                                                                                                                                                                                                                                                                                                                                                                                                                                                                                                                                                                                                       
Written cubefile and slice data
Running in analysis mode

Reading "/data/boittier/energies/h2o_geom.xyz.dir/h2o_816.chk.fchk.potential.cube"...

  h2o Potential=SCF
  Electrostatic potential from Total SCF Density
    3   -4.970736   -4.745419   -4.970736
   80    0.125841    0.000000    0.000000
   80    0.000000    0.125841    0.000000
   80    0.000000    0.000000    0.125841
    8    8.000000    0.000000    0.225317    0.000000
    1    1.000000    1.441752   -0.876339    0.000000
    1    1.000000   -1.441752   -0.926194    0.000000
  6.21022E-03  6.43786E-03  6.67282E-03  6.91512E-03  7.16472E-03  7.42155E-03
       .            .            .            .            .            .
       .            .            .            .            .            .
       .            .            .            .            .            .
 -6.67988E-03 -6.56422E-03 -6.44845E-03 -6.33271E-03 -6.21717E-03 -6.10198E-03

512000 out of 512000 gridpoints are considered (100.0%).

...done!

Reading "/home/boittier/esp_check/quadrupole_expansion.cube"...

  Fitted ESP
  Electrostatic potential fitted from quadrupole expansion.
    3   -4.970736   -4.745419   -4.970736
   80    0.125841    0.000000    0.000000
   80    0.000000    0.125841    0.000000
   80    0.000000    0.000000    0.125841
    8    8.000000    0.000000    0.225317    0.000000
    1    1.000000    1.441752   -0.876339    0.000000
    1    1.000000   -1.441752   -0.926194    0.000000
  6.14939E-03  6.37061E-03  6.59872E-03  6.83374E-03  7.07560E-03  7.32424E-03
       .            .            .            .            .            .
       .            .            .            .            .            .
       .            .            .            .            .            .
 -6.62400E-03 -6.51353E-03 -6.40265E-03 -6.29153E-03 -6.18032E-03 -6.06918E-03

512000 out of 512000 gridpoints are considered (100.0%).

...done!

                       Measure       RMSE[kcal/mol/e]   MaxError[kcal/mol/e]   NPoints
                         Total        6.802496964E-01        4.710148825E+00    407056
Close (  1.20 < r <   1.66 )          1.074550312E+00        4.710148825E+00    143336
Mid-range ( 1.66 < r <  2.20)         3.353045399E-01        1.076743498E+00    194698
Far-range (  2.20         < r)        1.183707282E-01        3.234309305E-01     69022
Did analysis and wrote slice data
