/home/boittier/esp_check
h2o_801
/data/boittier/energies/h2o_geom.xyz.dir
Read multipoles for 3 atoms with max. rank 2
Running in generate mode

Reading "/data/boittier/energies/h2o_geom.xyz.dir/h2o_801.chk.fchk.potential.cube"...

  h2o Potential=SCF
  Electrostatic potential from Total SCF Density
    3   -4.970736   -4.751041   -4.970736
   80    0.125841    0.000000    0.000000
   80    0.000000    0.125841    0.000000
   80    0.000000    0.000000    0.125841
    8    8.000000    0.000000    0.219695    0.000000
    1    1.000000    1.421123   -0.909214    0.000000
    1    1.000000   -1.421123   -0.848345    0.000000
  1.63026E-02  1.64783E-02  1.66270E-02  1.67475E-02  1.68387E-02  1.69001E-02
       .            .            .            .            .            .
       .            .            .            .            .            .
       .            .            .            .            .            .
 -9.30792E-03 -9.30302E-03 -9.29321E-03 -9.27849E-03 -9.25884E-03 -9.23426E-03

338337 out of 512000 gridpoints are considered ( 66.1%).

...done!

 writing cube file quadrupole_expansion.cube                                                                                                                                                                                                                                                                                                                                                                                                                                                                                                                                                                                                                                                                                                                                                                                                                                                                                                                                                                                                                                       
Written cubefile and slice data
Running in analysis mode

Reading "/data/boittier/energies/h2o_geom.xyz.dir/h2o_801.chk.fchk.potential.cube"...

  h2o Potential=SCF
  Electrostatic potential from Total SCF Density
    3   -4.970736   -4.751041   -4.970736
   80    0.125841    0.000000    0.000000
   80    0.000000    0.125841    0.000000
   80    0.000000    0.000000    0.125841
    8    8.000000    0.000000    0.219695    0.000000
    1    1.000000    1.421123   -0.909214    0.000000
    1    1.000000   -1.421123   -0.848345    0.000000
  6.07781E-03  6.29695E-03  6.52297E-03  6.75585E-03  6.99555E-03  7.24198E-03
       .            .            .            .            .            .
       .            .            .            .            .            .
       .            .            .            .            .            .
 -6.77646E-03 -6.65664E-03 -6.53681E-03 -6.41713E-03 -6.29776E-03 -6.17885E-03

512000 out of 512000 gridpoints are considered (100.0%).

...done!

Reading "/home/boittier/esp_check/quadrupole_expansion.cube"...

  Fitted ESP
  Electrostatic potential fitted from quadrupole expansion.
    3   -4.970736   -4.751041   -4.970736
   80    0.125841    0.000000    0.000000
   80    0.000000    0.125841    0.000000
   80    0.000000    0.000000    0.125841
    8    8.000000    0.000000    0.219695    0.000000
    1    1.000000    1.421123   -0.909214    0.000000
    1    1.000000   -1.421123   -0.848345    0.000000
  6.02102E-03  6.23404E-03  6.45352E-03  6.67944E-03  6.91175E-03  7.15036E-03
       .            .            .            .            .            .
       .            .            .            .            .            .
       .            .            .            .            .            .
 -6.72538E-03 -6.61056E-03 -6.49543E-03 -6.38017E-03 -6.26494E-03 -6.14990E-03

512000 out of 512000 gridpoints are considered (100.0%).

...done!

                       Measure       RMSE[kcal/mol/e]   MaxError[kcal/mol/e]   NPoints
                         Total        6.816821669E-01        4.692076553E+00    407845
Close (  1.20 < r <   1.66 )          1.078842891E+00        4.692076553E+00    142966
Mid-range ( 1.66 < r <  2.20)         3.365424580E-01        1.064444312E+00    195371
Far-range (  2.20         < r)        1.196711284E-01        3.193960446E-01     69508
Did analysis and wrote slice data
