/home/boittier/esp_check
h2o_1469
/data/boittier/energies/h2o_geom.xyz.dir
Read multipoles for 3 atoms with max. rank 2
Running in generate mode

Reading "/data/boittier/energies/h2o_geom.xyz.dir/h2o_1469.chk.fchk.potential.cube"...

  h2o Potential=SCF
  Electrostatic potential from Total SCF Density
    3   -4.970736   -4.759871   -4.970736
   80    0.125841    0.000000    0.000000
   80    0.000000    0.125841    0.000000
   80    0.000000    0.000000    0.125841
    8    8.000000    0.000000    0.210865    0.000000
    1    1.000000    1.377286   -0.969672    0.000000
    1    1.000000   -1.377286   -0.717248    0.000000
  1.58934E-02  1.60077E-02  1.60943E-02  1.61525E-02  1.61817E-02  1.61817E-02
       .            .            .            .            .            .
       .            .            .            .            .            .
       .            .            .            .            .            .
 -9.91788E-03 -9.91182E-03 -9.89971E-03 -9.88155E-03 -9.85737E-03 -9.82719E-03

338930 out of 512000 gridpoints are considered ( 66.2%).

...done!

 writing cube file quadrupole_expansion.cube                                                                                                                                                                                                                                                                                                                                                                                                                                                                                                                                                                                                                                                                                                                                                                                                                                                                                                                                                                                                                                       
Written cubefile and slice data
Running in analysis mode

Reading "/data/boittier/energies/h2o_geom.xyz.dir/h2o_1469.chk.fchk.potential.cube"...

  h2o Potential=SCF
  Electrostatic potential from Total SCF Density
    3   -4.970736   -4.759871   -4.970736
   80    0.125841    0.000000    0.000000
   80    0.000000    0.125841    0.000000
   80    0.000000    0.000000    0.125841
    8    8.000000    0.000000    0.210865    0.000000
    1    1.000000    1.377286   -0.969672    0.000000
    1    1.000000   -1.377286   -0.717248    0.000000
  5.85729E-03  6.06227E-03  6.27337E-03  6.49058E-03  6.71382E-03  6.94299E-03
       .            .            .            .            .            .
       .            .            .            .            .            .
       .            .            .            .            .            .
 -6.94936E-03 -6.82217E-03 -6.69516E-03 -6.56850E-03 -6.44234E-03 -6.31685E-03

512000 out of 512000 gridpoints are considered (100.0%).

...done!

Reading "/home/boittier/esp_check/quadrupole_expansion.cube"...

  Fitted ESP
  Electrostatic potential fitted from quadrupole expansion.
    3   -4.970736   -4.759871   -4.970736
   80    0.125841    0.000000    0.000000
   80    0.000000    0.125841    0.000000
   80    0.000000    0.000000    0.125841
    8    8.000000    0.000000    0.210865    0.000000
    1    1.000000    1.377286   -0.969672    0.000000
    1    1.000000   -1.377286   -0.717248    0.000000
  5.80976E-03  6.00925E-03  6.21450E-03  6.42545E-03  6.64204E-03  6.86417E-03
       .            .            .            .            .            .
       .            .            .            .            .            .
       .            .            .            .            .            .
 -6.90872E-03 -6.78604E-03 -6.66326E-03 -6.54057E-03 -6.41811E-03 -6.29607E-03

512000 out of 512000 gridpoints are considered (100.0%).

...done!

                       Measure       RMSE[kcal/mol/e]   MaxError[kcal/mol/e]   NPoints
                         Total        6.808538385E-01        4.684044431E+00    409160
Close (  1.20 < r <   1.66 )          1.081268968E+00        4.684044431E+00    142258
Mid-range ( 1.66 < r <  2.20)         3.369280145E-01        1.064205859E+00    196672
Far-range (  2.20         < r)        1.207987908E-01        3.343809707E-01     70230
Did analysis and wrote slice data
