/home/boittier/esp_check
h2o_1563
/data/boittier/energies/h2o_geom.xyz.dir
Read multipoles for 3 atoms with max. rank 2
Running in generate mode

Reading "/data/boittier/energies/h2o_geom.xyz.dir/h2o_1563.chk.fchk.potential.cube"...

  h2o Potential=SCF
  Electrostatic potential from Total SCF Density
    3   -4.970736   -4.740572   -4.970736
   80    0.125841    0.000000    0.000000
   80    0.000000    0.125841    0.000000
   80    0.000000    0.000000    0.125841
    8    8.000000    0.000000    0.230163    0.000000
    1    1.000000    1.470325   -0.857238    0.000000
    1    1.000000   -1.470325   -0.984069    0.000000
  1.69417E-02  1.70613E-02  1.71518E-02  1.72126E-02  1.72432E-02  1.72432E-02
       .            .            .            .            .            .
       .            .            .            .            .            .
       .            .            .            .            .            .
 -8.71277E-03 -8.70901E-03 -8.70150E-03 -8.69020E-03 -8.67508E-03 -8.65609E-03

337678 out of 512000 gridpoints are considered ( 66.0%).

...done!

 writing cube file quadrupole_expansion.cube                                                                                                                                                                                                                                                                                                                                                                                                                                                                                                                                                                                                                                                                                                                                                                                                                                                                                                                                                                                                                                       
Written cubefile and slice data
Running in analysis mode

Reading "/data/boittier/energies/h2o_geom.xyz.dir/h2o_1563.chk.fchk.potential.cube"...

  h2o Potential=SCF
  Electrostatic potential from Total SCF Density
    3   -4.970736   -4.740572   -4.970736
   80    0.125841    0.000000    0.000000
   80    0.000000    0.125841    0.000000
   80    0.000000    0.000000    0.125841
    8    8.000000    0.000000    0.230163    0.000000
    1    1.000000    1.470325   -0.857238    0.000000
    1    1.000000   -1.470325   -0.984069    0.000000
  6.30348E-03  6.53814E-03  6.78054E-03  7.03068E-03  7.28857E-03  7.55412E-03
       .            .            .            .            .            .
       .            .            .            .            .            .
       .            .            .            .            .            .
 -6.61112E-03 -6.49871E-03 -6.38609E-03 -6.27343E-03 -6.16087E-03 -6.04856E-03

512000 out of 512000 gridpoints are considered (100.0%).

...done!

Reading "/home/boittier/esp_check/quadrupole_expansion.cube"...

  Fitted ESP
  Electrostatic potential fitted from quadrupole expansion.
    3   -4.970736   -4.740572   -4.970736
   80    0.125841    0.000000    0.000000
   80    0.000000    0.125841    0.000000
   80    0.000000    0.000000    0.125841
    8    8.000000    0.000000    0.230163    0.000000
    1    1.000000    1.470325   -0.857238    0.000000
    1    1.000000   -1.470325   -0.984069    0.000000
  6.23987E-03  6.46790E-03  6.70322E-03  6.94584E-03  7.19573E-03  7.45283E-03
       .            .            .            .            .            .
       .            .            .            .            .            .
       .            .            .            .            .            .
 -6.55222E-03 -6.44511E-03 -6.33750E-03 -6.22955E-03 -6.12143E-03 -6.01328E-03

512000 out of 512000 gridpoints are considered (100.0%).

...done!

                       Measure       RMSE[kcal/mol/e]   MaxError[kcal/mol/e]   NPoints
                         Total        6.803416703E-01        4.723577528E+00    406194
Close (  1.20 < r <   1.66 )          1.072411246E+00        4.723577528E+00    143792
Mid-range ( 1.66 < r <  2.20)         3.345377811E-01        1.093372499E+00    193886
Far-range (  2.20         < r)        1.173647660E-01        3.279113481E-01     68516
Did analysis and wrote slice data
