/home/boittier/esp_check
h2o_260
/data/boittier/energies/h2o_geom.xyz.dir
Read multipoles for 3 atoms with max. rank 2
Running in generate mode

Reading "/data/boittier/energies/h2o_geom.xyz.dir/h2o_260.chk.fchk.potential.cube"...

  h2o Potential=SCF
  Electrostatic potential from Total SCF Density
    3   -4.970736   -4.746418   -4.970736
   80    0.125841    0.000000    0.000000
   80    0.000000    0.125841    0.000000
   80    0.000000    0.000000    0.125841
    8    8.000000    0.000000    0.224318    0.000000
    1    1.000000    1.406201   -0.924204    0.000000
    1    1.000000   -1.406201   -0.870339    0.000000
  1.64642E-02  1.66413E-02  1.67911E-02  1.69126E-02  1.70047E-02  1.70665E-02
       .            .            .            .            .            .
       .            .            .            .            .            .
       .            .            .            .            .            .
 -9.48738E-03 -9.48224E-03 -9.47195E-03 -9.45652E-03 -9.43593E-03 -9.41018E-03

338358 out of 512000 gridpoints are considered ( 66.1%).

...done!

 writing cube file quadrupole_expansion.cube                                                                                                                                                                                                                                                                                                                                                                                                                                                                                                                                                                                                                                                                                                                                                                                                                                                                                                                                                                                                                                       
Written cubefile and slice data
Running in analysis mode

Reading "/data/boittier/energies/h2o_geom.xyz.dir/h2o_260.chk.fchk.potential.cube"...

  h2o Potential=SCF
  Electrostatic potential from Total SCF Density
    3   -4.970736   -4.746418   -4.970736
   80    0.125841    0.000000    0.000000
   80    0.000000    0.125841    0.000000
   80    0.000000    0.000000    0.125841
    8    8.000000    0.000000    0.224318    0.000000
    1    1.000000    1.406201   -0.924204    0.000000
    1    1.000000   -1.406201   -0.870339    0.000000
  6.16564E-03  6.38730E-03  6.61589E-03  6.85141E-03  7.09381E-03  7.34301E-03
       .            .            .            .            .            .
       .            .            .            .            .            .
       .            .            .            .            .            .
 -6.85273E-03 -6.73124E-03 -6.60975E-03 -6.48843E-03 -6.36744E-03 -6.24693E-03

512000 out of 512000 gridpoints are considered (100.0%).

...done!

Reading "/home/boittier/esp_check/quadrupole_expansion.cube"...

  Fitted ESP
  Electrostatic potential fitted from quadrupole expansion.
    3   -4.970736   -4.746418   -4.970736
   80    0.125841    0.000000    0.000000
   80    0.000000    0.125841    0.000000
   80    0.000000    0.000000    0.125841
    8    8.000000    0.000000    0.224318    0.000000
    1    1.000000    1.406201   -0.924204    0.000000
    1    1.000000   -1.406201   -0.870339    0.000000
  6.10990E-03  6.32544E-03  6.54751E-03  6.77608E-03  7.01111E-03  7.25249E-03
       .            .            .            .            .            .
       .            .            .            .            .            .
       .            .            .            .            .            .
 -6.80313E-03 -6.68659E-03 -6.56976E-03 -6.45281E-03 -6.33593E-03 -6.21925E-03

512000 out of 512000 gridpoints are considered (100.0%).

...done!

                       Measure       RMSE[kcal/mol/e]   MaxError[kcal/mol/e]   NPoints
                         Total        6.754520127E-01        4.699669417E+00    407768
Close (  1.20 < r <   1.66 )          1.068644202E+00        4.699669417E+00    143054
Mid-range ( 1.66 < r <  2.20)         3.333380650E-01        1.056098436E+00    195304
Far-range (  2.20         < r)        1.181799798E-01        3.192140669E-01     69410
Did analysis and wrote slice data
