/home/boittier/esp_check
h2o_402
/data/boittier/energies/h2o_geom.xyz.dir
Read multipoles for 3 atoms with max. rank 2
Running in generate mode

Reading "/data/boittier/energies/h2o_geom.xyz.dir/h2o_402.chk.fchk.potential.cube"...

  h2o Potential=SCF
  Electrostatic potential from Total SCF Density
    3   -4.970736   -4.752478   -4.970736
   80    0.125841    0.000000    0.000000
   80    0.000000    0.125841    0.000000
   80    0.000000    0.000000    0.125841
    8    8.000000    0.000000    0.218258    0.000000
    1    1.000000    1.435779   -0.885206    0.000000
    1    1.000000   -1.435779   -0.860855    0.000000
  1.65492E-02  1.65785E-02  1.65785E-02  1.65492E-02  1.62082E-02  1.64125E-02
       .            .            .            .            .            .
       .            .            .            .            .            .
       .            .            .            .            .            .
 -9.05749E-03 -9.05298E-03 -9.04397E-03 -9.03043E-03 -9.01235E-03 -8.98971E-03

338262 out of 512000 gridpoints are considered ( 66.1%).

...done!

 writing cube file quadrupole_expansion.cube                                                                                                                                                                                                                                                                                                                                                                                                                                                                                                                                                                                                                                                                                                                                                                                                                                                                                                                                                                                                                                       
Written cubefile and slice data
Running in analysis mode

Reading "/data/boittier/energies/h2o_geom.xyz.dir/h2o_402.chk.fchk.potential.cube"...

  h2o Potential=SCF
  Electrostatic potential from Total SCF Density
    3   -4.970736   -4.752478   -4.970736
   80    0.125841    0.000000    0.000000
   80    0.000000    0.125841    0.000000
   80    0.000000    0.000000    0.125841
    8    8.000000    0.000000    0.218258    0.000000
    1    1.000000    1.435779   -0.885206    0.000000
    1    1.000000   -1.435779   -0.860855    0.000000
  6.06508E-03  6.28537E-03  6.51264E-03  6.74689E-03  6.98807E-03  7.23610E-03
       .            .            .            .            .            .
       .            .            .            .            .            .
       .            .            .            .            .            .
 -6.68509E-03 -6.56798E-03 -6.45081E-03 -6.33374E-03 -6.21692E-03 -6.10051E-03

512000 out of 512000 gridpoints are considered (100.0%).

...done!

Reading "/home/boittier/esp_check/quadrupole_expansion.cube"...

  Fitted ESP
  Electrostatic potential fitted from quadrupole expansion.
    3   -4.970736   -4.752478   -4.970736
   80    0.125841    0.000000    0.000000
   80    0.000000    0.125841    0.000000
   80    0.000000    0.000000    0.125841
    8    8.000000    0.000000    0.218258    0.000000
    1    1.000000    1.435779   -0.885206    0.000000
    1    1.000000   -1.435779   -0.860855    0.000000
  6.00605E-03  6.22010E-03  6.44071E-03  6.66787E-03  6.90152E-03  7.14158E-03
       .            .            .            .            .            .
       .            .            .            .            .            .
       .            .            .            .            .            .
 -6.63112E-03 -6.51911E-03 -6.40675E-03 -6.29421E-03 -6.18164E-03 -6.06921E-03

512000 out of 512000 gridpoints are considered (100.0%).

...done!

                       Measure       RMSE[kcal/mol/e]   MaxError[kcal/mol/e]   NPoints
                         Total        6.851426955E-01        4.691072537E+00    407682
Close (  1.20 < r <   1.66 )          1.084043926E+00        4.691072537E+00    143006
Mid-range ( 1.66 < r <  2.20)         3.380825095E-01        1.075802234E+00    195256
Far-range (  2.20         < r)        1.201949056E-01        3.205318368E-01     69420
Did analysis and wrote slice data
