/home/boittier/esp_check
h2o_516
/data/boittier/energies/h2o_geom.xyz.dir
Read multipoles for 3 atoms with max. rank 2
Running in generate mode

Reading "/data/boittier/energies/h2o_geom.xyz.dir/h2o_516.chk.fchk.potential.cube"...

  h2o Potential=SCF
  Electrostatic potential from Total SCF Density
    3   -4.970736   -4.751907   -4.970736
   80    0.125841    0.000000    0.000000
   80    0.000000    0.125841    0.000000
   80    0.000000    0.000000    0.125841
    8    8.000000    0.000000    0.218828    0.000000
    1    1.000000    1.411296   -0.919436    0.000000
    1    1.000000   -1.411296   -0.831192    0.000000
  1.63186E-02  1.64648E-02  1.65832E-02  1.66729E-02  1.67332E-02  1.67634E-02
       .            .            .            .            .            .
       .            .            .            .            .            .
       .            .            .            .            .            .
 -9.42308E-03 -9.41797E-03 -9.40775E-03 -9.39240E-03 -9.37194E-03 -9.34635E-03

338467 out of 512000 gridpoints are considered ( 66.1%).

...done!

 writing cube file quadrupole_expansion.cube                                                                                                                                                                                                                                                                                                                                                                                                                                                                                                                                                                                                                                                                                                                                                                                                                                                                                                                                                                                                                                       
Written cubefile and slice data
Running in analysis mode

Reading "/data/boittier/energies/h2o_geom.xyz.dir/h2o_516.chk.fchk.potential.cube"...

  h2o Potential=SCF
  Electrostatic potential from Total SCF Density
    3   -4.970736   -4.751907   -4.970736
   80    0.125841    0.000000    0.000000
   80    0.000000    0.125841    0.000000
   80    0.000000    0.000000    0.125841
    8    8.000000    0.000000    0.218828    0.000000
    1    1.000000    1.411296   -0.919436    0.000000
    1    1.000000   -1.411296   -0.831192    0.000000
  6.05635E-03  6.27358E-03  6.49757E-03  6.72830E-03  6.96573E-03  7.20977E-03
       .            .            .            .            .            .
       .            .            .            .            .            .
       .            .            .            .            .            .
 -6.81168E-03 -6.69052E-03 -6.56938E-03 -6.44843E-03 -6.32781E-03 -6.20769E-03

512000 out of 512000 gridpoints are considered (100.0%).

...done!

Reading "/home/boittier/esp_check/quadrupole_expansion.cube"...

  Fitted ESP
  Electrostatic potential fitted from quadrupole expansion.
    3   -4.970736   -4.751907   -4.970736
   80    0.125841    0.000000    0.000000
   80    0.000000    0.125841    0.000000
   80    0.000000    0.000000    0.125841
    8    8.000000    0.000000    0.218828    0.000000
    1    1.000000    1.411296   -0.919436    0.000000
    1    1.000000   -1.411296   -0.831192    0.000000
  6.00095E-03  6.21214E-03  6.42969E-03  6.65356E-03  6.88371E-03  7.12003E-03
       .            .            .            .            .            .
       .            .            .            .            .            .
       .            .            .            .            .            .
 -6.76218E-03 -6.64595E-03 -6.52945E-03 -6.41285E-03 -6.29632E-03 -6.18001E-03

512000 out of 512000 gridpoints are considered (100.0%).

...done!

                       Measure       RMSE[kcal/mol/e]   MaxError[kcal/mol/e]   NPoints
                         Total        6.805711839E-01        4.687181979E+00    408063
Close (  1.20 < r <   1.66 )          1.077638665E+00        4.687181979E+00    142852
Mid-range ( 1.66 < r <  2.20)         3.362304470E-01        1.058859478E+00    195615
Far-range (  2.20         < r)        1.196438478E-01        3.180406242E-01     69596
Did analysis and wrote slice data
