/home/boittier/esp_check
h2o_794
/data/boittier/energies/h2o_geom.xyz.dir
Read multipoles for 3 atoms with max. rank 2
Running in generate mode

Reading "/data/boittier/energies/h2o_geom.xyz.dir/h2o_794.chk.fchk.potential.cube"...

  h2o Potential=SCF
  Electrostatic potential from Total SCF Density
    3   -4.970736   -4.745589   -4.970736
   80    0.125841    0.000000    0.000000
   80    0.000000    0.125841    0.000000
   80    0.000000    0.000000    0.125841
    8    8.000000    0.000000    0.225147    0.000000
    1    1.000000    1.407047   -0.923061    0.000000
    1    1.000000   -1.407047   -0.878113    0.000000
  1.67099E-02  1.67099E-02  1.65283E-02  1.67064E-02  1.68572E-02  1.69794E-02
       .            .            .            .            .            .
       .            .            .            .            .            .
       .            .            .            .            .            .
 -9.47621E-03 -9.47110E-03 -9.46087E-03 -9.44552E-03 -9.42505E-03 -9.39945E-03

338356 out of 512000 gridpoints are considered ( 66.1%).

...done!

 writing cube file quadrupole_expansion.cube                                                                                                                                                                                                                                                                                                                                                                                                                                                                                                                                                                                                                                                                                                                                                                                                                                                                                                                                                                                                                                       
Written cubefile and slice data
Running in analysis mode

Reading "/data/boittier/energies/h2o_geom.xyz.dir/h2o_794.chk.fchk.potential.cube"...

  h2o Potential=SCF
  Electrostatic potential from Total SCF Density
    3   -4.970736   -4.745589   -4.970736
   80    0.125841    0.000000    0.000000
   80    0.000000    0.125841    0.000000
   80    0.000000    0.000000    0.125841
    8    8.000000    0.000000    0.225147    0.000000
    1    1.000000    1.407047   -0.923061    0.000000
    1    1.000000   -1.407047   -0.878113    0.000000
  6.18233E-03  6.40484E-03  6.63432E-03  6.87078E-03  7.11416E-03  7.36438E-03
       .            .            .            .            .            .
       .            .            .            .            .            .
       .            .            .            .            .            .
 -6.85174E-03 -6.73043E-03 -6.60912E-03 -6.48797E-03 -6.36714E-03 -6.24678E-03

512000 out of 512000 gridpoints are considered (100.0%).

...done!

Reading "/home/boittier/esp_check/quadrupole_expansion.cube"...

  Fitted ESP
  Electrostatic potential fitted from quadrupole expansion.
    3   -4.970736   -4.745589   -4.970736
   80    0.125841    0.000000    0.000000
   80    0.000000    0.125841    0.000000
   80    0.000000    0.000000    0.125841
    8    8.000000    0.000000    0.225147    0.000000
    1    1.000000    1.407047   -0.923061    0.000000
    1    1.000000   -1.407047   -0.878113    0.000000
  6.12635E-03  6.34272E-03  6.56566E-03  6.79514E-03  7.03112E-03  7.27349E-03
       .            .            .            .            .            .
       .            .            .            .            .            .
       .            .            .            .            .            .
 -6.80189E-03 -6.68554E-03 -6.56890E-03 -6.45213E-03 -6.33542E-03 -6.21891E-03

512000 out of 512000 gridpoints are considered (100.0%).

...done!

                       Measure       RMSE[kcal/mol/e]   MaxError[kcal/mol/e]   NPoints
                         Total        6.749052693E-01        4.701677447E+00    407716
Close (  1.20 < r <   1.66 )          1.067561159E+00        4.701677447E+00    143106
Mid-range ( 1.66 < r <  2.20)         3.330097163E-01        1.056412191E+00    195250
Far-range (  2.20         < r)        1.179591960E-01        3.195278216E-01     69360
Did analysis and wrote slice data
