/home/boittier/esp_check
h2o_1383
/data/boittier/energies/h2o_geom.xyz.dir
Read multipoles for 3 atoms with max. rank 2
Running in generate mode

Reading "/data/boittier/energies/h2o_geom.xyz.dir/h2o_1383.chk.fchk.potential.cube"...

  h2o Potential=SCF
  Electrostatic potential from Total SCF Density
    3   -4.970736   -4.748071   -4.970736
   80    0.125841    0.000000    0.000000
   80    0.000000    0.125841    0.000000
   80    0.000000    0.000000    0.125841
    8    8.000000    0.000000    0.222665    0.000000
    1    1.000000    1.338259   -1.025297    0.000000
    1    1.000000   -1.338259   -0.756023    0.000000
  1.62644E-02  1.63802E-02  1.64680E-02  1.65269E-02  1.65565E-02  1.65565E-02
       .            .            .            .            .            .
       .            .            .            .            .            .
       .            .            .            .            .            .
 -1.04979E-02 -1.04911E-02 -1.04775E-02 -1.04571E-02 -1.04299E-02 -1.03960E-02

338957 out of 512000 gridpoints are considered ( 66.2%).

...done!

 writing cube file quadrupole_expansion.cube                                                                                                                                                                                                                                                                                                                                                                                                                                                                                                                                                                                                                                                                                                                                                                                                                                                                                                                                                                                                                                       
Written cubefile and slice data
Running in analysis mode

Reading "/data/boittier/energies/h2o_geom.xyz.dir/h2o_1383.chk.fchk.potential.cube"...

  h2o Potential=SCF
  Electrostatic potential from Total SCF Density
    3   -4.970736   -4.748071   -4.970736
   80    0.125841    0.000000    0.000000
   80    0.000000    0.125841    0.000000
   80    0.000000    0.000000    0.125841
    8    8.000000    0.000000    0.222665    0.000000
    1    1.000000    1.338259   -1.025297    0.000000
    1    1.000000   -1.338259   -0.756023    0.000000
  6.09314E-03  6.30415E-03  6.52140E-03  6.74485E-03  6.97444E-03  7.21006E-03
       .            .            .            .            .            .
       .            .            .            .            .            .
       .            .            .            .            .            .
 -7.19795E-03 -7.06518E-03 -6.93264E-03 -6.80051E-03 -6.66896E-03 -6.53813E-03

512000 out of 512000 gridpoints are considered (100.0%).

...done!

Reading "/home/boittier/esp_check/quadrupole_expansion.cube"...

  Fitted ESP
  Electrostatic potential fitted from quadrupole expansion.
    3   -4.970736   -4.748071   -4.970736
   80    0.125841    0.000000    0.000000
   80    0.000000    0.125841    0.000000
   80    0.000000    0.000000    0.125841
    8    8.000000    0.000000    0.222665    0.000000
    1    1.000000    1.338259   -1.025297    0.000000
    1    1.000000   -1.338259   -0.756023    0.000000
  6.04884E-03  6.25443E-03  6.46589E-03  6.68317E-03  6.90619E-03  7.13484E-03
       .            .            .            .            .            .
       .            .            .            .            .            .
       .            .            .            .            .            .
 -7.16225E-03 -7.03383E-03 -6.90538E-03 -6.77707E-03 -6.64907E-03 -6.52156E-03

512000 out of 512000 gridpoints are considered (100.0%).

...done!

                       Measure       RMSE[kcal/mol/e]   MaxError[kcal/mol/e]   NPoints
                         Total        6.649621922E-01        4.664591638E+00    409007
Close (  1.20 < r <   1.66 )          1.055352224E+00        4.664591638E+00    142427
Mid-range ( 1.66 < r <  2.20)         3.289212054E-01        1.023675022E+00    196530
Far-range (  2.20         < r)        1.170332089E-01        3.215107515E-01     70050
Did analysis and wrote slice data
