/home/boittier/esp_check
h2o_152
/data/boittier/energies/h2o_geom.xyz.dir
Read multipoles for 3 atoms with max. rank 2
Running in generate mode

Reading "/data/boittier/energies/h2o_geom.xyz.dir/h2o_152.chk.fchk.potential.cube"...

  h2o Potential=SCF
  Electrostatic potential from Total SCF Density
    3   -4.970736   -4.750937   -4.970736
   80    0.125841    0.000000    0.000000
   80    0.000000    0.125841    0.000000
   80    0.000000    0.000000    0.125841
    8    8.000000    0.000000    0.219799    0.000000
    1    1.000000    1.422087   -0.903075    0.000000
    1    1.000000   -1.422087   -0.855316    0.000000
  1.63519E-02  1.65284E-02  1.66779E-02  1.67990E-02  1.68908E-02  1.69524E-02
       .            .            .            .            .            .
       .            .            .            .            .            .
       .            .            .            .            .            .
 -9.25472E-03 -9.24990E-03 -9.24027E-03 -9.22580E-03 -9.20649E-03 -9.18234E-03

338324 out of 512000 gridpoints are considered ( 66.1%).

...done!

 writing cube file quadrupole_expansion.cube                                                                                                                                                                                                                                                                                                                                                                                                                                                                                                                                                                                                                                                                                                                                                                                                                                                                                                                                                                                                                                       
Written cubefile and slice data
Running in analysis mode

Reading "/data/boittier/energies/h2o_geom.xyz.dir/h2o_152.chk.fchk.potential.cube"...

  h2o Potential=SCF
  Electrostatic potential from Total SCF Density
    3   -4.970736   -4.750937   -4.970736
   80    0.125841    0.000000    0.000000
   80    0.000000    0.125841    0.000000
   80    0.000000    0.000000    0.125841
    8    8.000000    0.000000    0.219799    0.000000
    1    1.000000    1.422087   -0.903075    0.000000
    1    1.000000   -1.422087   -0.855316    0.000000
  6.08616E-03  6.30593E-03  6.53262E-03  6.76621E-03  7.00665E-03  7.25387E-03
       .            .            .            .            .            .
       .            .            .            .            .            .
       .            .            .            .            .            .
 -6.75740E-03 -6.63819E-03 -6.51895E-03 -6.39986E-03 -6.28106E-03 -6.16271E-03

512000 out of 512000 gridpoints are considered (100.0%).

...done!

Reading "/home/boittier/esp_check/quadrupole_expansion.cube"...

  Fitted ESP
  Electrostatic potential fitted from quadrupole expansion.
    3   -4.970736   -4.750937   -4.970736
   80    0.125841    0.000000    0.000000
   80    0.000000    0.125841    0.000000
   80    0.000000    0.000000    0.125841
    8    8.000000    0.000000    0.219799    0.000000
    1    1.000000    1.422087   -0.903075    0.000000
    1    1.000000   -1.422087   -0.855316    0.000000
  6.02883E-03  6.24245E-03  6.46256E-03  6.68915E-03  6.92217E-03  7.16152E-03
       .            .            .            .            .            .
       .            .            .            .            .            .
       .            .            .            .            .            .
 -6.70559E-03 -6.59140E-03 -6.47690E-03 -6.36225E-03 -6.24763E-03 -6.13318E-03

512000 out of 512000 gridpoints are considered (100.0%).

...done!

                       Measure       RMSE[kcal/mol/e]   MaxError[kcal/mol/e]   NPoints
                         Total        6.817091489E-01        4.692327556E+00    407820
Close (  1.20 < r <   1.66 )          1.078891042E+00        4.692327556E+00    142952
Mid-range ( 1.66 < r <  2.20)         3.365768575E-01        1.064758067E+00    195372
Far-range (  2.20         < r)        1.196929013E-01        3.195089963E-01     69496
Did analysis and wrote slice data
