/home/boittier/esp_check
h2o_122
/data/boittier/energies/h2o_geom.xyz.dir
Read multipoles for 3 atoms with max. rank 2
Running in generate mode

Reading "/data/boittier/energies/h2o_geom.xyz.dir/h2o_122.chk.fchk.potential.cube"...

  h2o Potential=SCF
  Electrostatic potential from Total SCF Density
    3   -4.970736   -4.749020   -4.970736
   80    0.125841    0.000000    0.000000
   80    0.000000    0.125841    0.000000
   80    0.000000    0.000000    0.125841
    8    8.000000    0.000000    0.221715    0.000000
    1    1.000000    1.423275   -0.902523    0.000000
    1    1.000000   -1.423275   -0.871198    0.000000
  1.66328E-02  1.66621E-02  1.66621E-02  1.66328E-02  1.62838E-02  1.64883E-02
       .            .            .            .            .            .
       .            .            .            .            .            .
       .            .            .            .            .            .
 -9.24911E-03 -9.24433E-03 -9.23477E-03 -9.22041E-03 -9.20125E-03 -9.17727E-03

338282 out of 512000 gridpoints are considered ( 66.1%).

...done!

 writing cube file quadrupole_expansion.cube                                                                                                                                                                                                                                                                                                                                                                                                                                                                                                                                                                                                                                                                                                                                                                                                                                                                                                                                                                                                                                       
Written cubefile and slice data
Running in analysis mode

Reading "/data/boittier/energies/h2o_geom.xyz.dir/h2o_122.chk.fchk.potential.cube"...

  h2o Potential=SCF
  Electrostatic potential from Total SCF Density
    3   -4.970736   -4.749020   -4.970736
   80    0.125841    0.000000    0.000000
   80    0.000000    0.125841    0.000000
   80    0.000000    0.000000    0.125841
    8    8.000000    0.000000    0.221715    0.000000
    1    1.000000    1.423275   -0.902523    0.000000
    1    1.000000   -1.423275   -0.871198    0.000000
  6.12442E-03  6.34602E-03  6.57461E-03  6.81019E-03  7.05271E-03  7.30210E-03
       .            .            .            .            .            .
       .            .            .            .            .            .
       .            .            .            .            .            .
 -6.76255E-03 -6.64353E-03 -6.52448E-03 -6.40555E-03 -6.28691E-03 -6.16871E-03

512000 out of 512000 gridpoints are considered (100.0%).

...done!

Reading "/home/boittier/esp_check/quadrupole_expansion.cube"...

  Fitted ESP
  Electrostatic potential fitted from quadrupole expansion.
    3   -4.970736   -4.749020   -4.970736
   80    0.125841    0.000000    0.000000
   80    0.000000    0.125841    0.000000
   80    0.000000    0.000000    0.125841
    8    8.000000    0.000000    0.221715    0.000000
    1    1.000000    1.423275   -0.902523    0.000000
    1    1.000000   -1.423275   -0.871198    0.000000
  6.06670E-03  6.28210E-03  6.50407E-03  6.73261E-03  6.96765E-03  7.20912E-03
       .            .            .            .            .            .
       .            .            .            .            .            .
       .            .            .            .            .            .
 -6.71038E-03 -6.59640E-03 -6.48210E-03 -6.36765E-03 -6.25320E-03 -6.13891E-03

512000 out of 512000 gridpoints are considered (100.0%).

...done!

                       Measure       RMSE[kcal/mol/e]   MaxError[kcal/mol/e]   NPoints
                         Total        6.803691841E-01        4.697096628E+00    407650
Close (  1.20 < r <   1.66 )          1.076339369E+00        4.697096628E+00    143034
Mid-range ( 1.66 < r <  2.20)         3.357654042E-01        1.065385576E+00    195248
Far-range (  2.20         < r)        1.191219424E-01        3.202243571E-01     69368
Did analysis and wrote slice data
