/home/boittier/esp_check
h2o_1202
/data/boittier/energies/h2o_geom.xyz.dir
Read multipoles for 3 atoms with max. rank 2
Running in generate mode

Reading "/data/boittier/energies/h2o_geom.xyz.dir/h2o_1202.chk.fchk.potential.cube"...

  h2o Potential=SCF
  Electrostatic potential from Total SCF Density
    3   -4.970736   -4.752827   -4.970736
   80    0.125841    0.000000    0.000000
   80    0.000000    0.125841    0.000000
   80    0.000000    0.000000    0.125841
    8    8.000000    0.000000    0.217908    0.000000
    1    1.000000    1.356332   -1.001085    0.000000
    1    1.000000   -1.356332   -0.742183    0.000000
  1.61344E-02  1.62499E-02  1.63374E-02  1.63962E-02  1.64257E-02  1.64257E-02
       .            .            .            .            .            .
       .            .            .            .            .            .
       .            .            .            .            .            .
 -1.02468E-02 -1.02404E-02 -1.02274E-02 -1.02080E-02 -1.01822E-02 -1.01499E-02

338947 out of 512000 gridpoints are considered ( 66.2%).

...done!

 writing cube file quadrupole_expansion.cube                                                                                                                                                                                                                                                                                                                                                                                                                                                                                                                                                                                                                                                                                                                                                                                                                                                                                                                                                                                                                                       
Written cubefile and slice data
Running in analysis mode

Reading "/data/boittier/energies/h2o_geom.xyz.dir/h2o_1202.chk.fchk.potential.cube"...

  h2o Potential=SCF
  Electrostatic potential from Total SCF Density
    3   -4.970736   -4.752827   -4.970736
   80    0.125841    0.000000    0.000000
   80    0.000000    0.125841    0.000000
   80    0.000000    0.000000    0.125841
    8    8.000000    0.000000    0.217908    0.000000
    1    1.000000    1.356332   -1.001085    0.000000
    1    1.000000   -1.356332   -0.742183    0.000000
  5.99834E-03  6.20710E-03  6.42208E-03  6.64323E-03  6.87049E-03  7.10376E-03
       .            .            .            .            .            .
       .            .            .            .            .            .
       .            .            .            .            .            .
 -7.09214E-03 -6.96179E-03 -6.83166E-03 -6.70190E-03 -6.57269E-03 -6.44418E-03

512000 out of 512000 gridpoints are considered (100.0%).

...done!

Reading "/home/boittier/esp_check/quadrupole_expansion.cube"...

  Fitted ESP
  Electrostatic potential fitted from quadrupole expansion.
    3   -4.970736   -4.752827   -4.970736
   80    0.125841    0.000000    0.000000
   80    0.000000    0.125841    0.000000
   80    0.000000    0.000000    0.125841
    8    8.000000    0.000000    0.217908    0.000000
    1    1.000000    1.356332   -1.001085    0.000000
    1    1.000000   -1.356332   -0.742183    0.000000
  5.95247E-03  6.15577E-03  6.36491E-03  6.57984E-03  6.80048E-03  7.02672E-03
       .            .            .            .            .            .
       .            .            .            .            .            .
       .            .            .            .            .            .
 -7.05411E-03 -6.92820E-03 -6.80222E-03 -6.67636E-03 -6.55078E-03 -6.42565E-03

512000 out of 512000 gridpoints are considered (100.0%).

...done!

                       Measure       RMSE[kcal/mol/e]   MaxError[kcal/mol/e]   NPoints
                         Total        6.719717889E-01        4.674318035E+00    409041
Close (  1.20 < r <   1.66 )          1.066775355E+00        4.674318035E+00    142337
Mid-range ( 1.66 < r <  2.20)         3.324747423E-01        1.042174001E+00    196610
Far-range (  2.20         < r)        1.186529097E-01        3.270202847E-01     70094
Did analysis and wrote slice data
