/home/boittier/esp_check
h2o_1513
/data/boittier/energies/h2o_geom.xyz.dir
Read multipoles for 3 atoms with max. rank 2
Running in generate mode

Reading "/data/boittier/energies/h2o_geom.xyz.dir/h2o_1513.chk.fchk.potential.cube"...

  h2o Potential=SCF
  Electrostatic potential from Total SCF Density
    3   -4.970736   -4.732334   -4.970736
   80    0.125841    0.000000    0.000000
   80    0.000000    0.125841    0.000000
   80    0.000000    0.000000    0.125841
    8    8.000000    0.000000    0.238402    0.000000
    1    1.000000    1.366879   -0.985948    0.000000
    1    1.000000   -1.366879   -0.921268    0.000000
  1.69813E-02  1.70403E-02  1.70700E-02  1.70700E-02  1.70403E-02  1.69813E-02
       .            .            .            .            .            .
       .            .            .            .            .            .
       .            .            .            .            .            .
 -1.01160E-02 -1.01100E-02 -1.00981E-02 -1.00802E-02 -1.00563E-02 -1.00265E-02

338346 out of 512000 gridpoints are considered ( 66.1%).

...done!

 writing cube file quadrupole_expansion.cube                                                                                                                                                                                                                                                                                                                                                                                                                                                                                                                                                                                                                                                                                                                                                                                                                                                                                                                                                                                                                                       
Written cubefile and slice data
Running in analysis mode

Reading "/data/boittier/energies/h2o_geom.xyz.dir/h2o_1513.chk.fchk.potential.cube"...

  h2o Potential=SCF
  Electrostatic potential from Total SCF Density
    3   -4.970736   -4.732334   -4.970736
   80    0.125841    0.000000    0.000000
   80    0.000000    0.125841    0.000000
   80    0.000000    0.000000    0.125841
    8    8.000000    0.000000    0.238402    0.000000
    1    1.000000    1.366879   -0.985948    0.000000
    1    1.000000   -1.366879   -0.921268    0.000000
  6.40244E-03  6.63040E-03  6.86545E-03  7.10756E-03  7.35668E-03  7.61273E-03
       .            .            .            .            .            .
       .            .            .            .            .            .
       .            .            .            .            .            .
 -7.11949E-03 -6.99199E-03 -6.86456E-03 -6.73737E-03 -6.61058E-03 -6.48435E-03

512000 out of 512000 gridpoints are considered (100.0%).

...done!

Reading "/home/boittier/esp_check/quadrupole_expansion.cube"...

  Fitted ESP
  Electrostatic potential fitted from quadrupole expansion.
    3   -4.970736   -4.732334   -4.970736
   80    0.125841    0.000000    0.000000
   80    0.000000    0.125841    0.000000
   80    0.000000    0.000000    0.125841
    8    8.000000    0.000000    0.238402    0.000000
    1    1.000000    1.366879   -0.985948    0.000000
    1    1.000000   -1.366879   -0.921268    0.000000
  6.35107E-03  6.57303E-03  6.80167E-03  7.03694E-03  7.27880E-03  7.52714E-03
       .            .            .            .            .            .
       .            .            .            .            .            .
       .            .            .            .            .            .
 -7.07646E-03 -6.95367E-03 -6.83067E-03 -6.70763E-03 -6.58472E-03 -6.46211E-03

512000 out of 512000 gridpoints are considered (100.0%).

...done!

                       Measure       RMSE[kcal/mol/e]   MaxError[kcal/mol/e]   NPoints
                         Total        6.561296959E-01        4.717741690E+00    407434
Close (  1.20 < r <   1.66 )          1.037099526E+00        4.717741690E+00    143332
Mid-range ( 1.66 < r <  2.20)         3.230414854E-01        1.028048763E+00    195014
Far-range (  2.20         < r)        1.133485159E-01        3.179590479E-01     69088
Did analysis and wrote slice data
