/home/boittier/esp_check
h2o_7
/data/boittier/energies/h2o_geom.xyz.dir
Read multipoles for 3 atoms with max. rank 2
Running in generate mode

Reading "/data/boittier/energies/h2o_geom.xyz.dir/h2o_7.chk.fchk.potential.cube"...

  h2o Potential=SCF
  Electrostatic potential from Total SCF Density
    3   -4.970736   -4.752727   -4.970736
   80    0.125841    0.000000    0.000000
   80    0.000000    0.125841    0.000000
   80    0.000000    0.000000    0.125841
    8    8.000000    0.000000    0.218008    0.000000
    1    1.000000    1.468158   -0.840259    0.000000
    1    1.000000   -1.468158   -0.903807    0.000000
  1.65451E-02  1.66935E-02  1.68138E-02  1.69049E-02  1.69661E-02  1.69969E-02
       .            .            .            .            .            .
       .            .            .            .            .            .
       .            .            .            .            .            .
 -8.56529E-03 -8.56162E-03 -8.55427E-03 -8.54322E-03 -8.52843E-03 -8.50985E-03

337928 out of 512000 gridpoints are considered ( 66.0%).

...done!

 writing cube file quadrupole_expansion.cube                                                                                                                                                                                                                                                                                                                                                                                                                                                                                                                                                                                                                                                                                                                                                                                                                                                                                                                                                                                                                                       
Written cubefile and slice data
Running in analysis mode

Reading "/data/boittier/energies/h2o_geom.xyz.dir/h2o_7.chk.fchk.potential.cube"...

  h2o Potential=SCF
  Electrostatic potential from Total SCF Density
    3   -4.970736   -4.752727   -4.970736
   80    0.125841    0.000000    0.000000
   80    0.000000    0.125841    0.000000
   80    0.000000    0.000000    0.125841
    8    8.000000    0.000000    0.218008    0.000000
    1    1.000000    1.468158   -0.840259    0.000000
    1    1.000000   -1.468158   -0.903807    0.000000
  6.09228E-03  6.31740E-03  6.54984E-03  6.78958E-03  7.03660E-03  7.29084E-03
       .            .            .            .            .            .
       .            .            .            .            .            .
       .            .            .            .            .            .
 -6.51774E-03 -6.40616E-03 -6.29440E-03 -6.18262E-03 -6.07097E-03 -5.95960E-03

512000 out of 512000 gridpoints are considered (100.0%).

...done!

Reading "/home/boittier/esp_check/quadrupole_expansion.cube"...

  Fitted ESP
  Electrostatic potential fitted from quadrupole expansion.
    3   -4.970736   -4.752727   -4.970736
   80    0.125841    0.000000    0.000000
   80    0.000000    0.125841    0.000000
   80    0.000000    0.000000    0.125841
    8    8.000000    0.000000    0.218008    0.000000
    1    1.000000    1.468158   -0.840259    0.000000
    1    1.000000   -1.468158   -0.903807    0.000000
  6.02857E-03  6.24718E-03  6.47267E-03  6.70503E-03  6.94423E-03  7.19017E-03
       .            .            .            .            .            .
       .            .            .            .            .            .
       .            .            .            .            .            .
 -6.45799E-03 -6.35173E-03 -6.24501E-03 -6.13797E-03 -6.03079E-03 -5.92360E-03

512000 out of 512000 gridpoints are considered (100.0%).

...done!

                       Measure       RMSE[kcal/mol/e]   MaxError[kcal/mol/e]   NPoints
                         Total        6.897884217E-01        4.698665402E+00    407076
Close (  1.20 < r <   1.66 )          1.089980684E+00        4.698665402E+00    143225
Mid-range ( 1.66 < r <  2.20)         3.401254845E-01        1.105295179E+00    194703
Far-range (  2.20         < r)        1.206273304E-01        3.240333396E-01     69148
Did analysis and wrote slice data
