/home/boittier/esp_check
h2o_859
/data/boittier/energies/h2o_geom.xyz.dir
Read multipoles for 3 atoms with max. rank 2
Running in generate mode

Reading "/data/boittier/energies/h2o_geom.xyz.dir/h2o_859.chk.fchk.potential.cube"...

  h2o Potential=SCF
  Electrostatic potential from Total SCF Density
    3   -4.970736   -4.749812   -4.970736
   80    0.125841    0.000000    0.000000
   80    0.000000    0.125841    0.000000
   80    0.000000    0.000000    0.125841
    8    8.000000    0.000000    0.220924    0.000000
    1    1.000000    1.392013   -0.946973    0.000000
    1    1.000000   -1.392013   -0.820420    0.000000
  1.63693E-02  1.64859E-02  1.65741E-02  1.66334E-02  1.66631E-02  1.66631E-02
       .            .            .            .            .            .
       .            .            .            .            .            .
       .            .            .            .            .            .
 -9.71287E-03 -9.70731E-03 -9.69619E-03 -9.67951E-03 -9.65727E-03 -9.62949E-03

338527 out of 512000 gridpoints are considered ( 66.1%).

...done!

 writing cube file quadrupole_expansion.cube                                                                                                                                                                                                                                                                                                                                                                                                                                                                                                                                                                                                                                                                                                                                                                                                                                                                                                                                                                                                                                       
Written cubefile and slice data
Running in analysis mode

Reading "/data/boittier/energies/h2o_geom.xyz.dir/h2o_859.chk.fchk.potential.cube"...

  h2o Potential=SCF
  Electrostatic potential from Total SCF Density
    3   -4.970736   -4.749812   -4.970736
   80    0.125841    0.000000    0.000000
   80    0.000000    0.125841    0.000000
   80    0.000000    0.000000    0.125841
    8    8.000000    0.000000    0.220924    0.000000
    1    1.000000    1.392013   -0.946973    0.000000
    1    1.000000   -1.392013   -0.820420    0.000000
  6.08542E-03  6.30183E-03  6.52491E-03  6.75462E-03  6.99092E-03  7.23371E-03
       .            .            .            .            .            .
       .            .            .            .            .            .
       .            .            .            .            .            .
 -6.91890E-03 -6.79466E-03 -6.67049E-03 -6.54657E-03 -6.42304E-03 -6.30007E-03

512000 out of 512000 gridpoints are considered (100.0%).

...done!

Reading "/home/boittier/esp_check/quadrupole_expansion.cube"...

  Fitted ESP
  Electrostatic potential fitted from quadrupole expansion.
    3   -4.970736   -4.749812   -4.970736
   80    0.125841    0.000000    0.000000
   80    0.000000    0.125841    0.000000
   80    0.000000    0.000000    0.125841
    8    8.000000    0.000000    0.220924    0.000000
    1    1.000000    1.392013   -0.946973    0.000000
    1    1.000000   -1.392013   -0.820420    0.000000
  6.03266E-03  6.24317E-03  6.45995E-03  6.68295E-03  6.91211E-03  7.14735E-03
       .            .            .            .            .            .
       .            .            .            .            .            .
       .            .            .            .            .            .
 -6.87277E-03 -6.75332E-03 -6.63366E-03 -6.51397E-03 -6.39440E-03 -6.27513E-03

512000 out of 512000 gridpoints are considered (100.0%).

...done!

                       Measure       RMSE[kcal/mol/e]   MaxError[kcal/mol/e]   NPoints
                         Total        6.754403656E-01        4.686491718E+00    408211
Close (  1.20 < r <   1.66 )          1.069952705E+00        4.686491718E+00    142753
Mid-range ( 1.66 < r <  2.20)         3.339088889E-01        1.047689809E+00    195774
Far-range (  2.20         < r)        1.187457160E-01        3.176515683E-01     69684
Did analysis and wrote slice data
