/home/boittier/esp_check
h2o_884
/data/boittier/energies/h2o_geom.xyz.dir
Read multipoles for 3 atoms with max. rank 2
Running in generate mode

Reading "/data/boittier/energies/h2o_geom.xyz.dir/h2o_884.chk.fchk.potential.cube"...

  h2o Potential=SCF
  Electrostatic potential from Total SCF Density
    3   -4.970736   -4.748164   -4.970736
   80    0.125841    0.000000    0.000000
   80    0.000000    0.125841    0.000000
   80    0.000000    0.000000    0.125841
    8    8.000000    0.000000    0.222572    0.000000
    1    1.000000    1.412317   -0.921415    0.000000
    1    1.000000   -1.412317   -0.859162    0.000000
  1.63881E-02  1.65643E-02  1.67135E-02  1.68345E-02  1.69261E-02  1.69876E-02
       .            .            .            .            .            .
       .            .            .            .            .            .
       .            .            .            .            .            .
 -9.44173E-03 -9.43664E-03 -9.42647E-03 -9.41120E-03 -9.39083E-03 -9.36537E-03

338342 out of 512000 gridpoints are considered ( 66.1%).

...done!

 writing cube file quadrupole_expansion.cube                                                                                                                                                                                                                                                                                                                                                                                                                                                                                                                                                                                                                                                                                                                                                                                                                                                                                                                                                                                                                                       
Written cubefile and slice data
Running in analysis mode

Reading "/data/boittier/energies/h2o_geom.xyz.dir/h2o_884.chk.fchk.potential.cube"...

  h2o Potential=SCF
  Electrostatic potential from Total SCF Density
    3   -4.970736   -4.748164   -4.970736
   80    0.125841    0.000000    0.000000
   80    0.000000    0.125841    0.000000
   80    0.000000    0.000000    0.125841
    8    8.000000    0.000000    0.222572    0.000000
    1    1.000000    1.412317   -0.921415    0.000000
    1    1.000000   -1.412317   -0.859162    0.000000
  6.12932E-03  6.34981E-03  6.57721E-03  6.81151E-03  7.05265E-03  7.30055E-03
       .            .            .            .            .            .
       .            .            .            .            .            .
       .            .            .            .            .            .
 -6.83248E-03 -6.71136E-03 -6.59025E-03 -6.46931E-03 -6.34869E-03 -6.22855E-03

512000 out of 512000 gridpoints are considered (100.0%).

...done!

Reading "/home/boittier/esp_check/quadrupole_expansion.cube"...

  Fitted ESP
  Electrostatic potential fitted from quadrupole expansion.
    3   -4.970736   -4.748164   -4.970736
   80    0.125841    0.000000    0.000000
   80    0.000000    0.125841    0.000000
   80    0.000000    0.000000    0.125841
    8    8.000000    0.000000    0.222572    0.000000
    1    1.000000    1.412317   -0.921415    0.000000
    1    1.000000   -1.412317   -0.859162    0.000000
  6.07338E-03  6.28777E-03  6.50865E-03  6.73600E-03  6.96977E-03  7.20986E-03
       .            .            .            .            .            .
       .            .            .            .            .            .
       .            .            .            .            .            .
 -6.78261E-03 -6.66645E-03 -6.55000E-03 -6.43344E-03 -6.31693E-03 -6.20062E-03

512000 out of 512000 gridpoints are considered (100.0%).

...done!

                       Measure       RMSE[kcal/mol/e]   MaxError[kcal/mol/e]   NPoints
                         Total        6.778580448E-01        4.697159379E+00    407786
Close (  1.20 < r <   1.66 )          1.072571894E+00        4.697159379E+00    143014
Mid-range ( 1.66 < r <  2.20)         3.346116432E-01        1.059800742E+00    195328
Far-range (  2.20         < r)        1.187652198E-01        3.193897695E-01     69444
Did analysis and wrote slice data
