/home/boittier/esp_check
h2o_1750
/data/boittier/energies/h2o_geom.xyz.dir
Read multipoles for 3 atoms with max. rank 2
Running in generate mode

Reading "/data/boittier/energies/h2o_geom.xyz.dir/h2o_1750.chk.fchk.potential.cube"...

  h2o Potential=SCF
  Electrostatic potential from Total SCF Density
    3   -4.970736   -4.741084   -4.970736
   80    0.125841    0.000000    0.000000
   80    0.000000    0.125841    0.000000
   80    0.000000    0.000000    0.125841
    8    8.000000    0.000000    0.229651    0.000000
    1    1.000000    1.519791   -0.763387    0.000000
    1    1.000000   -1.519791   -1.073823    0.000000
  1.72489E-02  1.73710E-02  1.74635E-02  1.75257E-02  1.75569E-02  1.75569E-02
       .            .            .            .            .            .
       .            .            .            .            .            .
       .            .            .            .            .            .
 -7.71573E-03 -7.71366E-03 -7.70950E-03 -7.70319E-03 -7.69467E-03 -7.68384E-03

337122 out of 512000 gridpoints are considered ( 65.8%).

...done!

 writing cube file quadrupole_expansion.cube                                                                                                                                                                                                                                                                                                                                                                                                                                                                                                                                                                                                                                                                                                                                                                                                                                                                                                                                                                                                                                       
Written cubefile and slice data
Running in analysis mode

Reading "/data/boittier/energies/h2o_geom.xyz.dir/h2o_1750.chk.fchk.potential.cube"...

  h2o Potential=SCF
  Electrostatic potential from Total SCF Density
    3   -4.970736   -4.741084   -4.970736
   80    0.125841    0.000000    0.000000
   80    0.000000    0.125841    0.000000
   80    0.000000    0.000000    0.125841
    8    8.000000    0.000000    0.229651    0.000000
    1    1.000000    1.519791   -0.763387    0.000000
    1    1.000000   -1.519791   -1.073823    0.000000
  6.37541E-03  6.62035E-03  6.87372E-03  7.13556E-03  7.40588E-03  7.68463E-03
       .            .            .            .            .            .
       .            .            .            .            .            .
       .            .            .            .            .            .
 -6.26271E-03 -6.16165E-03 -6.06015E-03 -5.95837E-03 -5.85644E-03 -5.75450E-03

512000 out of 512000 gridpoints are considered (100.0%).

...done!

Reading "/home/boittier/esp_check/quadrupole_expansion.cube"...

  Fitted ESP
  Electrostatic potential fitted from quadrupole expansion.
    3   -4.970736   -4.741084   -4.970736
   80    0.125841    0.000000    0.000000
   80    0.000000    0.125841    0.000000
   80    0.000000    0.000000    0.125841
    8    8.000000    0.000000    0.229651    0.000000
    1    1.000000    1.519791   -0.763387    0.000000
    1    1.000000   -1.519791   -1.073823    0.000000
  6.30419E-03  6.54207E-03  6.78793E-03  7.04178E-03  7.30363E-03  7.57343E-03
       .            .            .            .            .            .
       .            .            .            .            .            .
       .            .            .            .            .            .
 -6.19352E-03 -6.09812E-03 -6.00198E-03 -5.90527E-03 -5.80811E-03 -5.71067E-03

512000 out of 512000 gridpoints are considered (100.0%).

...done!

                       Measure       RMSE[kcal/mol/e]   MaxError[kcal/mol/e]   NPoints
                         Total        6.872653677E-01        4.710086074E+00    405216
Close (  1.20 < r <   1.66 )          1.080818818E+00        4.710086074E+00    144296
Mid-range ( 1.66 < r <  2.20)         3.369163594E-01        1.130897565E+00    192826
Far-range (  2.20         < r)        1.179177764E-01        3.321784125E-01     68094
Did analysis and wrote slice data
