/home/boittier/esp_check
h2o_629
/data/boittier/energies/h2o_geom.xyz.dir
Read multipoles for 3 atoms with max. rank 2
Running in generate mode

Reading "/data/boittier/energies/h2o_geom.xyz.dir/h2o_629.chk.fchk.potential.cube"...

  h2o Potential=SCF
  Electrostatic potential from Total SCF Density
    3   -4.970736   -4.744439   -4.970736
   80    0.125841    0.000000    0.000000
   80    0.000000    0.125841    0.000000
   80    0.000000    0.000000    0.125841
    8    8.000000    0.000000    0.226297    0.000000
    1    1.000000    1.405390   -0.924967    0.000000
    1    1.000000   -1.405390   -0.885409    0.000000
  1.67408E-02  1.67702E-02  1.67702E-02  1.67408E-02  1.63807E-02  1.65855E-02
       .            .            .            .            .            .
       .            .            .            .            .            .
       .            .            .            .            .            .
 -9.49841E-03 -9.49328E-03 -9.48300E-03 -9.46759E-03 -9.44704E-03 -9.42133E-03

338332 out of 512000 gridpoints are considered ( 66.1%).

...done!

 writing cube file quadrupole_expansion.cube                                                                                                                                                                                                                                                                                                                                                                                                                                                                                                                                                                                                                                                                                                                                                                                                                                                                                                                                                                                                                                       
Written cubefile and slice data
Running in analysis mode

Reading "/data/boittier/energies/h2o_geom.xyz.dir/h2o_629.chk.fchk.potential.cube"...

  h2o Potential=SCF
  Electrostatic potential from Total SCF Density
    3   -4.970736   -4.744439   -4.970736
   80    0.125841    0.000000    0.000000
   80    0.000000    0.125841    0.000000
   80    0.000000    0.000000    0.125841
    8    8.000000    0.000000    0.226297    0.000000
    1    1.000000    1.405390   -0.924967    0.000000
    1    1.000000   -1.405390   -0.885409    0.000000
  6.20387E-03  6.42719E-03  6.65752E-03  6.89485E-03  7.13914E-03  7.39030E-03
       .            .            .            .            .            .
       .            .            .            .            .            .
       .            .            .            .            .            .
 -6.86318E-03 -6.74170E-03 -6.62022E-03 -6.49890E-03 -6.37790E-03 -6.25738E-03

512000 out of 512000 gridpoints are considered (100.0%).

...done!

Reading "/home/boittier/esp_check/quadrupole_expansion.cube"...

  Fitted ESP
  Electrostatic potential fitted from quadrupole expansion.
    3   -4.970736   -4.744439   -4.970736
   80    0.125841    0.000000    0.000000
   80    0.000000    0.125841    0.000000
   80    0.000000    0.000000    0.125841
    8    8.000000    0.000000    0.226297    0.000000
    1    1.000000    1.405390   -0.924967    0.000000
    1    1.000000   -1.405390   -0.885409    0.000000
  6.14794E-03  6.36512E-03  6.58889E-03  6.81924E-03  7.05611E-03  7.29942E-03
       .            .            .            .            .            .
       .            .            .            .            .            .
       .            .            .            .            .            .
 -6.81346E-03 -6.69694E-03 -6.58013E-03 -6.46320E-03 -6.34631E-03 -6.22962E-03

512000 out of 512000 gridpoints are considered (100.0%).

...done!

                       Measure       RMSE[kcal/mol/e]   MaxError[kcal/mol/e]   NPoints
                         Total        6.735615010E-01        4.703748229E+00    407648
Close (  1.20 < r <   1.66 )          1.065134908E+00        4.703748229E+00    143176
Mid-range ( 1.66 < r <  2.20)         3.323065370E-01        1.055282674E+00    195156
Far-range (  2.20         < r)        1.175778748E-01        3.196533235E-01     69316
Did analysis and wrote slice data
