/home/boittier/esp_check
h2o_413
/data/boittier/energies/h2o_geom.xyz.dir
Read multipoles for 3 atoms with max. rank 2
Running in generate mode

Reading "/data/boittier/energies/h2o_geom.xyz.dir/h2o_413.chk.fchk.potential.cube"...

  h2o Potential=SCF
  Electrostatic potential from Total SCF Density
    3   -4.970736   -4.752185   -4.970736
   80    0.125841    0.000000    0.000000
   80    0.000000    0.125841    0.000000
   80    0.000000    0.000000    0.125841
    8    8.000000    0.000000    0.218550    0.000000
    1    1.000000    1.441713   -0.877548    0.000000
    1    1.000000   -1.441713   -0.870853    0.000000
  1.65841E-02  1.66430E-02  1.66726E-02  1.66726E-02  1.66430E-02  1.65841E-02
       .            .            .            .            .            .
       .            .            .            .            .            .
       .            .            .            .            .            .
 -8.97374E-03 -8.96939E-03 -8.96066E-03 -8.94756E-03 -8.93006E-03 -8.90813E-03

338203 out of 512000 gridpoints are considered ( 66.1%).

...done!

 writing cube file quadrupole_expansion.cube                                                                                                                                                                                                                                                                                                                                                                                                                                                                                                                                                                                                                                                                                                                                                                                                                                                                                                                                                                                                                                       
Written cubefile and slice data
Running in analysis mode

Reading "/data/boittier/energies/h2o_geom.xyz.dir/h2o_413.chk.fchk.potential.cube"...

  h2o Potential=SCF
  Electrostatic potential from Total SCF Density
    3   -4.970736   -4.752185   -4.970736
   80    0.125841    0.000000    0.000000
   80    0.000000    0.125841    0.000000
   80    0.000000    0.000000    0.125841
    8    8.000000    0.000000    0.218550    0.000000
    1    1.000000    1.441713   -0.877548    0.000000
    1    1.000000   -1.441713   -0.870853    0.000000
  6.07579E-03  6.29720E-03  6.52566E-03  6.76116E-03  7.00367E-03  7.25311E-03
       .            .            .            .            .            .
       .            .            .            .            .            .
       .            .            .            .            .            .
 -6.65788E-03 -6.54173E-03 -6.42549E-03 -6.30934E-03 -6.19342E-03 -6.07788E-03

512000 out of 512000 gridpoints are considered (100.0%).

...done!

Reading "/home/boittier/esp_check/quadrupole_expansion.cube"...

  Fitted ESP
  Electrostatic potential fitted from quadrupole expansion.
    3   -4.970736   -4.752185   -4.970736
   80    0.125841    0.000000    0.000000
   80    0.000000    0.125841    0.000000
   80    0.000000    0.000000    0.125841
    8    8.000000    0.000000    0.218550    0.000000
    1    1.000000    1.441713   -0.877548    0.000000
    1    1.000000   -1.441713   -0.870853    0.000000
  6.01587E-03  6.23098E-03  6.45273E-03  6.68108E-03  6.91601E-03  7.15742E-03
       .            .            .            .            .            .
       .            .            .            .            .            .
       .            .            .            .            .            .
 -6.60284E-03 -6.49184E-03 -6.38046E-03 -6.26887E-03 -6.15724E-03 -6.04571E-03

512000 out of 512000 gridpoints are considered (100.0%).

...done!

                       Measure       RMSE[kcal/mol/e]   MaxError[kcal/mol/e]   NPoints
                         Total        6.858553920E-01        4.692453058E+00    407555
Close (  1.20 < r <   1.66 )          1.084859837E+00        4.692453058E+00    143059
Mid-range ( 1.66 < r <  2.20)         3.383610487E-01        1.079567290E+00    195144
Far-range (  2.20         < r)        1.202056296E-01        3.211718964E-01     69352
Did analysis and wrote slice data
