/home/boittier/esp_check
h2o_1290
/data/boittier/energies/h2o_geom.xyz.dir
Read multipoles for 3 atoms with max. rank 2
Running in generate mode

Reading "/data/boittier/energies/h2o_geom.xyz.dir/h2o_1290.chk.fchk.potential.cube"...

  h2o Potential=SCF
  Electrostatic potential from Total SCF Density
    3   -4.970736   -4.735404   -4.970736
   80    0.125841    0.000000    0.000000
   80    0.000000    0.125841    0.000000
   80    0.000000    0.000000    0.125841
    8    8.000000    0.000000    0.235332    0.000000
    1    1.000000    1.435786   -0.882051    0.000000
    1    1.000000   -1.435786   -1.000602    0.000000
  1.71044E-02  1.71944E-02  1.72547E-02  1.72851E-02  1.72851E-02  1.72547E-02
       .            .            .            .            .            .
       .            .            .            .            .            .
       .            .            .            .            .            .
 -9.04315E-03 -9.03888E-03 -9.03033E-03 -9.01749E-03 -9.00033E-03 -8.97882E-03

337871 out of 512000 gridpoints are considered ( 66.0%).

...done!

 writing cube file quadrupole_expansion.cube                                                                                                                                                                                                                                                                                                                                                                                                                                                                                                                                                                                                                                                                                                                                                                                                                                                                                                                                                                                                                                       
Written cubefile and slice data
Running in analysis mode

Reading "/data/boittier/energies/h2o_geom.xyz.dir/h2o_1290.chk.fchk.potential.cube"...

  h2o Potential=SCF
  Electrostatic potential from Total SCF Density
    3   -4.970736   -4.735404   -4.970736
   80    0.125841    0.000000    0.000000
   80    0.000000    0.125841    0.000000
   80    0.000000    0.000000    0.125841
    8    8.000000    0.000000    0.235332    0.000000
    1    1.000000    1.435786   -0.882051    0.000000
    1    1.000000   -1.435786   -1.000602    0.000000
  6.38835E-03  6.62392E-03  6.86718E-03  7.11813E-03  7.37676E-03  7.64299E-03
       .            .            .            .            .            .
       .            .            .            .            .            .
       .            .            .            .            .            .
 -6.73304E-03 -6.61730E-03 -6.50141E-03 -6.38553E-03 -6.26981E-03 -6.15441E-03

512000 out of 512000 gridpoints are considered (100.0%).

...done!

Reading "/home/boittier/esp_check/quadrupole_expansion.cube"...

  Fitted ESP
  Electrostatic potential fitted from quadrupole expansion.
    3   -4.970736   -4.735404   -4.970736
   80    0.125841    0.000000    0.000000
   80    0.000000    0.125841    0.000000
   80    0.000000    0.000000    0.125841
    8    8.000000    0.000000    0.235332    0.000000
    1    1.000000    1.435786   -0.882051    0.000000
    1    1.000000   -1.435786   -1.000602    0.000000
  6.32759E-03  6.55664E-03  6.79294E-03  7.03649E-03  7.28726E-03  7.54517E-03
       .            .            .            .            .            .
       .            .            .            .            .            .
       .            .            .            .            .            .
 -6.67755E-03 -6.56699E-03 -6.45599E-03 -6.34471E-03 -6.23332E-03 -6.12197E-03

512000 out of 512000 gridpoints are considered (100.0%).

...done!

                       Measure       RMSE[kcal/mol/e]   MaxError[kcal/mol/e]   NPoints
                         Total        6.706220458E-01        4.727342585E+00    406455
Close (  1.20 < r <   1.66 )          1.057339388E+00        4.727342585E+00    143836
Mid-range ( 1.66 < r <  2.20)         3.295965485E-01        1.073229445E+00    194035
Far-range (  2.20         < r)        1.154405938E-01        3.257401654E-01     68584
Did analysis and wrote slice data
