/home/boittier/esp_check
h2o_1514
/data/boittier/energies/h2o_geom.xyz.dir
Read multipoles for 3 atoms with max. rank 2
Running in generate mode

Reading "/data/boittier/energies/h2o_geom.xyz.dir/h2o_1514.chk.fchk.potential.cube"...

  h2o Potential=SCF
  Electrostatic potential from Total SCF Density
    3   -4.970736   -4.751535   -4.970736
   80    0.125841    0.000000    0.000000
   80    0.000000    0.125841    0.000000
   80    0.000000    0.000000    0.125841
    8    8.000000    0.000000    0.219201    0.000000
    1    1.000000    1.385162   -0.957032    0.000000
    1    1.000000   -1.385162   -0.796574    0.000000
  1.63680E-02  1.64261E-02  1.64553E-02  1.64553E-02  1.64261E-02  1.63680E-02
       .            .            .            .            .            .
       .            .            .            .            .            .
       .            .            .            .            .            .
 -9.81233E-03 -9.80658E-03 -9.79508E-03 -9.77783E-03 -9.75485E-03 -9.72615E-03

338700 out of 512000 gridpoints are considered ( 66.2%).

...done!

 writing cube file quadrupole_expansion.cube                                                                                                                                                                                                                                                                                                                                                                                                                                                                                                                                                                                                                                                                                                                                                                                                                                                                                                                                                                                                                                       
Written cubefile and slice data
Running in analysis mode

Reading "/data/boittier/energies/h2o_geom.xyz.dir/h2o_1514.chk.fchk.potential.cube"...

  h2o Potential=SCF
  Electrostatic potential from Total SCF Density
    3   -4.970736   -4.751535   -4.970736
   80    0.125841    0.000000    0.000000
   80    0.000000    0.125841    0.000000
   80    0.000000    0.000000    0.125841
    8    8.000000    0.000000    0.219201    0.000000
    1    1.000000    1.385162   -0.957032    0.000000
    1    1.000000   -1.385162   -0.796574    0.000000
  6.04507E-03  6.25897E-03  6.47939E-03  6.70631E-03  6.93969E-03  7.17941E-03
       .            .            .            .            .            .
       .            .            .            .            .            .
       .            .            .            .            .            .
 -6.94670E-03 -6.82123E-03 -6.69588E-03 -6.57080E-03 -6.44615E-03 -6.32209E-03

512000 out of 512000 gridpoints are considered (100.0%).

...done!

Reading "/home/boittier/esp_check/quadrupole_expansion.cube"...

  Fitted ESP
  Electrostatic potential fitted from quadrupole expansion.
    3   -4.970736   -4.751535   -4.970736
   80    0.125841    0.000000    0.000000
   80    0.000000    0.125841    0.000000
   80    0.000000    0.000000    0.125841
    8    8.000000    0.000000    0.219201    0.000000
    1    1.000000    1.385162   -0.957032    0.000000
    1    1.000000   -1.385162   -0.796574    0.000000
  5.99381E-03  6.20191E-03  6.41614E-03  6.63647E-03  6.86283E-03  7.09513E-03
       .            .            .            .            .            .
       .            .            .            .            .            .
       .            .            .            .            .            .
 -6.90225E-03 -6.78150E-03 -6.66058E-03 -6.53966E-03 -6.41890E-03 -6.29847E-03

512000 out of 512000 gridpoints are considered (100.0%).

...done!

                       Measure       RMSE[kcal/mol/e]   MaxError[kcal/mol/e]   NPoints
                         Total        6.759891285E-01        4.678208593E+00    408494
Close (  1.20 < r <   1.66 )          1.071417271E+00        4.678208593E+00    142680
Mid-range ( 1.66 < r <  2.20)         3.341745622E-01        1.045355474E+00    196020
Far-range (  2.20         < r)        1.190099620E-01        3.212534727E-01     69794
Did analysis and wrote slice data
