/home/boittier/esp_check
h2o_173
/data/boittier/energies/h2o_geom.xyz.dir
Read multipoles for 3 atoms with max. rank 2
Running in generate mode

Reading "/data/boittier/energies/h2o_geom.xyz.dir/h2o_173.chk.fchk.potential.cube"...

  h2o Potential=SCF
  Electrostatic potential from Total SCF Density
    3   -4.970736   -4.751673   -4.970736
   80    0.125841    0.000000    0.000000
   80    0.000000    0.125841    0.000000
   80    0.000000    0.000000    0.125841
    8    8.000000    0.000000    0.219063    0.000000
    1    1.000000    1.437423   -0.882941    0.000000
    1    1.000000   -1.437423   -0.869564    0.000000
  1.65685E-02  1.66273E-02  1.66568E-02  1.66568E-02  1.66273E-02  1.65685E-02
       .            .            .            .            .            .
       .            .            .            .            .            .
       .            .            .            .            .            .
 -9.03444E-03 -9.02999E-03 -9.02108E-03 -9.00769E-03 -8.98980E-03 -8.96741E-03

338213 out of 512000 gridpoints are considered ( 66.1%).

...done!

 writing cube file quadrupole_expansion.cube                                                                                                                                                                                                                                                                                                                                                                                                                                                                                                                                                                                                                                                                                                                                                                                                                                                                                                                                                                                                                                       
Written cubefile and slice data
Running in analysis mode

Reading "/data/boittier/energies/h2o_geom.xyz.dir/h2o_173.chk.fchk.potential.cube"...

  h2o Potential=SCF
  Electrostatic potential from Total SCF Density
    3   -4.970736   -4.751673   -4.970736
   80    0.125841    0.000000    0.000000
   80    0.000000    0.125841    0.000000
   80    0.000000    0.000000    0.125841
    8    8.000000    0.000000    0.219063    0.000000
    1    1.000000    1.437423   -0.882941    0.000000
    1    1.000000   -1.437423   -0.869564    0.000000
  6.08295E-03  6.30423E-03  6.53254E-03  6.76787E-03  7.01019E-03  7.25941E-03
       .            .            .            .            .            .
       .            .            .            .            .            .
       .            .            .            .            .            .
 -6.68013E-03 -6.56334E-03 -6.44647E-03 -6.32969E-03 -6.21316E-03 -6.09703E-03

512000 out of 512000 gridpoints are considered (100.0%).

...done!

Reading "/home/boittier/esp_check/quadrupole_expansion.cube"...

  Fitted ESP
  Electrostatic potential fitted from quadrupole expansion.
    3   -4.970736   -4.751673   -4.970736
   80    0.125841    0.000000    0.000000
   80    0.000000    0.125841    0.000000
   80    0.000000    0.000000    0.125841
    8    8.000000    0.000000    0.219063    0.000000
    1    1.000000    1.437423   -0.882941    0.000000
    1    1.000000   -1.437423   -0.869564    0.000000
  6.02355E-03  6.23855E-03  6.46017E-03  6.68838E-03  6.92314E-03  7.16436E-03
       .            .            .            .            .            .
       .            .            .            .            .            .
       .            .            .            .            .            .
 -6.62575E-03 -6.51407E-03 -6.40204E-03 -6.28981E-03 -6.17754E-03 -6.06540E-03

512000 out of 512000 gridpoints are considered (100.0%).

...done!

                       Measure       RMSE[kcal/mol/e]   MaxError[kcal/mol/e]   NPoints
                         Total        6.847617933E-01        4.693143319E+00    407577
Close (  1.20 < r <   1.66 )          1.083242971E+00        4.693143319E+00    143033
Mid-range ( 1.66 < r <  2.20)         3.378351388E-01        1.075049222E+00    195180
Far-range (  2.20         < r)        1.199986036E-01        3.209083424E-01     69364
Did analysis and wrote slice data
