/home/boittier/esp_check
h2o_773
/data/boittier/energies/h2o_geom.xyz.dir
Read multipoles for 3 atoms with max. rank 2
Running in generate mode

Reading "/data/boittier/energies/h2o_geom.xyz.dir/h2o_773.chk.fchk.potential.cube"...

  h2o Potential=SCF
  Electrostatic potential from Total SCF Density
    3   -4.970736   -4.755847   -4.970736
   80    0.125841    0.000000    0.000000
   80    0.000000    0.125841    0.000000
   80    0.000000    0.000000    0.125841
    8    8.000000    0.000000    0.214889    0.000000
    1    1.000000    1.479168   -0.828577    0.000000
    1    1.000000   -1.479168   -0.890533    0.000000
  1.64499E-02  1.65977E-02  1.67175E-02  1.68083E-02  1.68692E-02  1.68998E-02
       .            .            .            .            .            .
       .            .            .            .            .            .
       .            .            .            .            .            .
 -8.41932E-03 -8.41587E-03 -8.40895E-03 -8.39853E-03 -8.38458E-03 -8.36704E-03

337892 out of 512000 gridpoints are considered ( 66.0%).

...done!

 writing cube file quadrupole_expansion.cube                                                                                                                                                                                                                                                                                                                                                                                                                                                                                                                                                                                                                                                                                                                                                                                                                                                                                                                                                                                                                                       
Written cubefile and slice data
Running in analysis mode

Reading "/data/boittier/energies/h2o_geom.xyz.dir/h2o_773.chk.fchk.potential.cube"...

  h2o Potential=SCF
  Electrostatic potential from Total SCF Density
    3   -4.970736   -4.755847   -4.970736
   80    0.125841    0.000000    0.000000
   80    0.000000    0.125841    0.000000
   80    0.000000    0.000000    0.125841
    8    8.000000    0.000000    0.214889    0.000000
    1    1.000000    1.479168   -0.828577    0.000000
    1    1.000000   -1.479168   -0.890533    0.000000
  6.03649E-03  6.26018E-03  6.49114E-03  6.72939E-03  6.97489E-03  7.22757E-03
       .            .            .            .            .            .
       .            .            .            .            .            .
       .            .            .            .            .            .
 -6.45900E-03 -6.34884E-03 -6.23849E-03 -6.12810E-03 -6.01782E-03 -5.90779E-03

512000 out of 512000 gridpoints are considered (100.0%).

...done!

Reading "/home/boittier/esp_check/quadrupole_expansion.cube"...

  Fitted ESP
  Electrostatic potential fitted from quadrupole expansion.
    3   -4.970736   -4.755847   -4.970736
   80    0.125841    0.000000    0.000000
   80    0.000000    0.125841    0.000000
   80    0.000000    0.000000    0.125841
    8    8.000000    0.000000    0.214889    0.000000
    1    1.000000    1.479168   -0.828577    0.000000
    1    1.000000   -1.479168   -0.890533    0.000000
  5.97190E-03  6.18905E-03  6.41305E-03  6.64390E-03  6.88154E-03  7.12592E-03
       .            .            .            .            .            .
       .            .            .            .            .            .
       .            .            .            .            .            .
 -6.39810E-03 -6.29331E-03 -6.18802E-03 -6.08241E-03 -5.97662E-03 -5.87081E-03

512000 out of 512000 gridpoints are considered (100.0%).

...done!

                       Measure       RMSE[kcal/mol/e]   MaxError[kcal/mol/e]   NPoints
                         Total        6.933325704E-01        4.692955066E+00    407080
Close (  1.20 < r <   1.66 )          1.095890295E+00        4.692955066E+00    143133
Mid-range ( 1.66 < r <  2.20)         3.419045199E-01        1.120167153E+00    194759
Far-range (  2.20         < r)        1.214864486E-01        3.240835404E-01     69188
Did analysis and wrote slice data
