/home/boittier/esp_check
h2o_589
/data/boittier/energies/h2o_geom.xyz.dir
Read multipoles for 3 atoms with max. rank 2
Running in generate mode

Reading "/data/boittier/energies/h2o_geom.xyz.dir/h2o_589.chk.fchk.potential.cube"...

  h2o Potential=SCF
  Electrostatic potential from Total SCF Density
    3   -4.970736   -4.744038   -4.970736
   80    0.125841    0.000000    0.000000
   80    0.000000    0.125841    0.000000
   80    0.000000    0.000000    0.125841
    8    8.000000    0.000000    0.226698    0.000000
    1    1.000000    1.423041   -0.899457    0.000000
    1    1.000000   -1.423041   -0.914127    0.000000
  1.67245E-02  1.68430E-02  1.69327E-02  1.69930E-02  1.70233E-02  1.70233E-02
       .            .            .            .            .            .
       .            .            .            .            .            .
       .            .            .            .            .            .
 -9.23037E-03 -9.22568E-03 -9.21631E-03 -9.20223E-03 -9.18344E-03 -9.15992E-03

338171 out of 512000 gridpoints are considered ( 66.0%).

...done!

 writing cube file quadrupole_expansion.cube                                                                                                                                                                                                                                                                                                                                                                                                                                                                                                                                                                                                                                                                                                                                                                                                                                                                                                                                                                                                                                       
Written cubefile and slice data
Running in analysis mode

Reading "/data/boittier/energies/h2o_geom.xyz.dir/h2o_589.chk.fchk.potential.cube"...

  h2o Potential=SCF
  Electrostatic potential from Total SCF Density
    3   -4.970736   -4.744038   -4.970736
   80    0.125841    0.000000    0.000000
   80    0.000000    0.125841    0.000000
   80    0.000000    0.000000    0.125841
    8    8.000000    0.000000    0.226698    0.000000
    1    1.000000    1.423041   -0.899457    0.000000
    1    1.000000   -1.423041   -0.914127    0.000000
  6.22454E-03  6.45082E-03  6.68432E-03  6.92501E-03  7.17287E-03  7.42782E-03
       .            .            .            .            .            .
       .            .            .            .            .            .
       .            .            .            .            .            .
 -6.77192E-03 -6.65347E-03 -6.53495E-03 -6.41653E-03 -6.29836E-03 -6.18060E-03

512000 out of 512000 gridpoints are considered (100.0%).

...done!

Reading "/home/boittier/esp_check/quadrupole_expansion.cube"...

  Fitted ESP
  Electrostatic potential fitted from quadrupole expansion.
    3   -4.970736   -4.744038   -4.970736
   80    0.125841    0.000000    0.000000
   80    0.000000    0.125841    0.000000
   80    0.000000    0.000000    0.125841
    8    8.000000    0.000000    0.226698    0.000000
    1    1.000000    1.423041   -0.899457    0.000000
    1    1.000000   -1.423041   -0.914127    0.000000
  6.16598E-03  6.38597E-03  6.61273E-03  6.84627E-03  7.08653E-03  7.33343E-03
       .            .            .            .            .            .
       .            .            .            .            .            .
       .            .            .            .            .            .
 -6.71891E-03 -6.60554E-03 -6.49182E-03 -6.37791E-03 -6.26397E-03 -6.15017E-03

512000 out of 512000 gridpoints are considered (100.0%).

...done!

                       Measure       RMSE[kcal/mol/e]   MaxError[kcal/mol/e]   NPoints
                         Total        6.759971157E-01        4.708015293E+00    407293
Close (  1.20 < r <   1.66 )          1.068215349E+00        4.708015293E+00    143288
Mid-range ( 1.66 < r <  2.20)         3.333830038E-01        1.065134573E+00    194883
Far-range (  2.20         < r)        1.177123680E-01        3.217241048E-01     69122
Did analysis and wrote slice data
