/home/boittier/esp_check
h2o_1731
/data/boittier/energies/h2o_geom.xyz.dir
Read multipoles for 3 atoms with max. rank 2
Running in generate mode

Reading "/data/boittier/energies/h2o_geom.xyz.dir/h2o_1731.chk.fchk.potential.cube"...

  h2o Potential=SCF
  Electrostatic potential from Total SCF Density
    3   -4.970736   -4.739913   -4.970736
   80    0.125841    0.000000    0.000000
   80    0.000000    0.125841    0.000000
   80    0.000000    0.000000    0.125841
    8    8.000000    0.000000    0.230823    0.000000
    1    1.000000    1.504113   -0.787563    0.000000
    1    1.000000   -1.504113   -1.059021    0.000000
  1.72153E-02  1.73061E-02  1.73670E-02  1.73977E-02  1.73977E-02  1.73670E-02
       .            .            .            .            .            .
       .            .            .            .            .            .
       .            .            .            .            .            .
 -7.98822E-03 -7.98569E-03 -7.98061E-03 -7.97294E-03 -7.96262E-03 -7.94956E-03

337282 out of 512000 gridpoints are considered ( 65.9%).

...done!

 writing cube file quadrupole_expansion.cube                                                                                                                                                                                                                                                                                                                                                                                                                                                                                                                                                                                                                                                                                                                                                                                                                                                                                                                                                                                                                                       
Written cubefile and slice data
Running in analysis mode

Reading "/data/boittier/energies/h2o_geom.xyz.dir/h2o_1731.chk.fchk.potential.cube"...

  h2o Potential=SCF
  Electrostatic potential from Total SCF Density
    3   -4.970736   -4.739913   -4.970736
   80    0.125841    0.000000    0.000000
   80    0.000000    0.125841    0.000000
   80    0.000000    0.000000    0.125841
    8    8.000000    0.000000    0.230823    0.000000
    1    1.000000    1.504113   -0.787563    0.000000
    1    1.000000   -1.504113   -1.059021    0.000000
  6.37391E-03  6.61682E-03  6.86802E-03  7.12752E-03  7.39534E-03  7.67142E-03
       .            .            .            .            .            .
       .            .            .            .            .            .
       .            .            .            .            .            .
 -6.35883E-03 -6.25473E-03 -6.15026E-03 -6.04556E-03 -5.94078E-03 -5.83606E-03

512000 out of 512000 gridpoints are considered (100.0%).

...done!

Reading "/home/boittier/esp_check/quadrupole_expansion.cube"...

  Fitted ESP
  Electrostatic potential fitted from quadrupole expansion.
    3   -4.970736   -4.739913   -4.970736
   80    0.125841    0.000000    0.000000
   80    0.000000    0.125841    0.000000
   80    0.000000    0.000000    0.125841
    8    8.000000    0.000000    0.230823    0.000000
    1    1.000000    1.504113   -0.787563    0.000000
    1    1.000000   -1.504113   -1.059021    0.000000
  6.30469E-03  6.54065E-03  6.78444E-03  7.03606E-03  7.29552E-03  7.56276E-03
       .            .            .            .            .            .
       .            .            .            .            .            .
       .            .            .            .            .            .
 -6.29230E-03 -6.19377E-03 -6.09457E-03 -5.99485E-03 -5.89476E-03 -5.79446E-03

512000 out of 512000 gridpoints are considered (100.0%).

...done!

                       Measure       RMSE[kcal/mol/e]   MaxError[kcal/mol/e]   NPoints
                         Total        6.844165919E-01        4.716298418E+00    405450
Close (  1.20 < r <   1.66 )          1.076790077E+00        4.716298418E+00    144240
Mid-range ( 1.66 < r <  2.20)         3.355807610E-01        1.117029606E+00    193042
Far-range (  2.20         < r)        1.174965295E-01        3.310802709E-01     68168
Did analysis and wrote slice data
