/home/boittier/esp_check
h2o_1553
/data/boittier/energies/h2o_geom.xyz.dir
Read multipoles for 3 atoms with max. rank 2
Running in generate mode

Reading "/data/boittier/energies/h2o_geom.xyz.dir/h2o_1553.chk.fchk.potential.cube"...

  h2o Potential=SCF
  Electrostatic potential from Total SCF Density
    3   -4.970736   -4.763017   -4.970736
   80    0.125841    0.000000    0.000000
   80    0.000000    0.125841    0.000000
   80    0.000000    0.000000    0.125841
    8    8.000000    0.000000    0.207719    0.000000
    1    1.000000    1.427641   -0.907296    0.000000
    1    1.000000   -1.427641   -0.754452    0.000000
  1.60591E-02  1.60879E-02  1.60879E-02  1.60591E-02  1.57239E-02  1.59247E-02
       .            .            .            .            .            .
       .            .            .            .            .            .
       .            .            .            .            .            .
 -9.23995E-03 -9.23498E-03 -9.22505E-03 -9.21014E-03 -9.19026E-03 -9.16539E-03

338504 out of 512000 gridpoints are considered ( 66.1%).

...done!

 writing cube file quadrupole_expansion.cube                                                                                                                                                                                                                                                                                                                                                                                                                                                                                                                                                                                                                                                                                                                                                                                                                                                                                                                                                                                                                                       
Written cubefile and slice data
Running in analysis mode

Reading "/data/boittier/energies/h2o_geom.xyz.dir/h2o_1553.chk.fchk.potential.cube"...

  h2o Potential=SCF
  Electrostatic potential from Total SCF Density
    3   -4.970736   -4.763017   -4.970736
   80    0.125841    0.000000    0.000000
   80    0.000000    0.125841    0.000000
   80    0.000000    0.000000    0.125841
    8    8.000000    0.000000    0.207719    0.000000
    1    1.000000    1.427641   -0.907296    0.000000
    1    1.000000   -1.427641   -0.754452    0.000000
  5.81574E-03  6.02391E-03  6.23851E-03  6.45951E-03  6.68687E-03  6.92048E-03
       .            .            .            .            .            .
       .            .            .            .            .            .
       .            .            .            .            .            .
 -6.70863E-03 -6.58873E-03 -6.46887E-03 -6.34922E-03 -6.22993E-03 -6.11115E-03

512000 out of 512000 gridpoints are considered (100.0%).

...done!

Reading "/home/boittier/esp_check/quadrupole_expansion.cube"...

  Fitted ESP
  Electrostatic potential fitted from quadrupole expansion.
    3   -4.970736   -4.763017   -4.970736
   80    0.125841    0.000000    0.000000
   80    0.000000    0.125841    0.000000
   80    0.000000    0.000000    0.125841
    8    8.000000    0.000000    0.207719    0.000000
    1    1.000000    1.427641   -0.907296    0.000000
    1    1.000000   -1.427641   -0.754452    0.000000
  5.76127E-03  5.96356E-03  6.17189E-03  6.38622E-03  6.60649E-03  6.83260E-03
       .            .            .            .            .            .
       .            .            .            .            .            .
       .            .            .            .            .            .
 -6.65964E-03 -6.54459E-03 -6.42931E-03 -6.31394E-03 -6.19867E-03 -6.08365E-03

512000 out of 512000 gridpoints are considered (100.0%).

...done!

                       Measure       RMSE[kcal/mol/e]   MaxError[kcal/mol/e]   NPoints
                         Total        6.910958898E-01        4.685424952E+00    408494
Close (  1.20 < r <   1.66 )          1.096052327E+00        4.685424952E+00    142506
Mid-range ( 1.66 < r <  2.20)         3.414694744E-01        1.087348408E+00    195998
Far-range (  2.20         < r)        1.225873705E-01        3.324984423E-01     69990
Did analysis and wrote slice data
