/home/boittier/esp_check
h2o_820
/data/boittier/energies/h2o_geom.xyz.dir
Read multipoles for 3 atoms with max. rank 2
Running in generate mode

Reading "/data/boittier/energies/h2o_geom.xyz.dir/h2o_820.chk.fchk.potential.cube"...

  h2o Potential=SCF
  Electrostatic potential from Total SCF Density
    3   -4.970736   -4.742584   -4.970736
   80    0.125841    0.000000    0.000000
   80    0.000000    0.125841    0.000000
   80    0.000000    0.000000    0.125841
    8    8.000000    0.000000    0.228152    0.000000
    1    1.000000    1.387418   -0.951428    0.000000
    1    1.000000   -1.387418   -0.873788    0.000000
  1.64854E-02  1.66614E-02  1.68103E-02  1.69311E-02  1.70225E-02  1.70839E-02
       .            .            .            .            .            .
       .            .            .            .            .            .
       .            .            .            .            .            .
 -9.77273E-03 -9.76717E-03 -9.75605E-03 -9.73938E-03 -9.71715E-03 -9.68938E-03

338396 out of 512000 gridpoints are considered ( 66.1%).

...done!

 writing cube file quadrupole_expansion.cube                                                                                                                                                                                                                                                                                                                                                                                                                                                                                                                                                                                                                                                                                                                                                                                                                                                                                                                                                                                                                                       
Written cubefile and slice data
Running in analysis mode

Reading "/data/boittier/energies/h2o_geom.xyz.dir/h2o_820.chk.fchk.potential.cube"...

  h2o Potential=SCF
  Electrostatic potential from Total SCF Density
    3   -4.970736   -4.742584   -4.970736
   80    0.125841    0.000000    0.000000
   80    0.000000    0.125841    0.000000
   80    0.000000    0.000000    0.125841
    8    8.000000    0.000000    0.228152    0.000000
    1    1.000000    1.387418   -0.951428    0.000000
    1    1.000000   -1.387418   -0.873788    0.000000
  6.22772E-03  6.45009E-03  6.67936E-03  6.91553E-03  7.15853E-03  7.40829E-03
       .            .            .            .            .            .
       .            .            .            .            .            .
       .            .            .            .            .            .
 -6.96474E-03 -6.84034E-03 -6.71598E-03 -6.59184E-03 -6.46808E-03 -6.34484E-03

512000 out of 512000 gridpoints are considered (100.0%).

...done!

Reading "/home/boittier/esp_check/quadrupole_expansion.cube"...

  Fitted ESP
  Electrostatic potential fitted from quadrupole expansion.
    3   -4.970736   -4.742584   -4.970736
   80    0.125841    0.000000    0.000000
   80    0.000000    0.125841    0.000000
   80    0.000000    0.000000    0.125841
    8    8.000000    0.000000    0.228152    0.000000
    1    1.000000    1.387418   -0.951428    0.000000
    1    1.000000   -1.387418   -0.873788    0.000000
  6.17425E-03  6.39060E-03  6.61345E-03  6.84277E-03  7.07850E-03  7.32055E-03
       .            .            .            .            .            .
       .            .            .            .            .            .
       .            .            .            .            .            .
 -6.91824E-03 -6.79866E-03 -6.67886E-03 -6.55898E-03 -6.43921E-03 -6.31971E-03

512000 out of 512000 gridpoints are considered (100.0%).

...done!

                       Measure       RMSE[kcal/mol/e]   MaxError[kcal/mol/e]   NPoints
                         Total        6.686992913E-01        4.703685478E+00    407800
Close (  1.20 < r <   1.66 )          1.058059483E+00        4.703685478E+00    143018
Mid-range ( 1.66 < r <  2.20)         3.301628327E-01        1.044364009E+00    195378
Far-range (  2.20         < r)        1.167778091E-01        3.180845498E-01     69404
Did analysis and wrote slice data
