/home/boittier/esp_check
h2o_100
/data/boittier/energies/h2o_geom.xyz.dir
Read multipoles for 3 atoms with max. rank 2
Running in generate mode

Reading "/data/boittier/energies/h2o_geom.xyz.dir/h2o_100.chk.fchk.potential.cube"...

  h2o Potential=SCF
  Electrostatic potential from Total SCF Density
    3   -4.970736   -4.750831   -4.970736
   80    0.125841    0.000000    0.000000
   80    0.000000    0.125841    0.000000
   80    0.000000    0.000000    0.125841
    8    8.000000    0.000000    0.219905    0.000000
    1    1.000000    1.448902   -0.866701    0.000000
    1    1.000000   -1.448902   -0.892536    0.000000
  1.65721E-02  1.66903E-02  1.67798E-02  1.68399E-02  1.68701E-02  1.68701E-02
       .            .            .            .            .            .
       .            .            .            .            .            .
       .            .            .            .            .            .
 -8.86027E-03 -8.85613E-03 -8.84782E-03 -8.83534E-03 -8.81867E-03 -8.79776E-03

338120 out of 512000 gridpoints are considered ( 66.0%).

...done!

 writing cube file quadrupole_expansion.cube                                                                                                                                                                                                                                                                                                                                                                                                                                                                                                                                                                                                                                                                                                                                                                                                                                                                                                                                                                                                                                       
Written cubefile and slice data
Running in analysis mode

Reading "/data/boittier/energies/h2o_geom.xyz.dir/h2o_100.chk.fchk.potential.cube"...

  h2o Potential=SCF
  Electrostatic potential from Total SCF Density
    3   -4.970736   -4.750831   -4.970736
   80    0.125841    0.000000    0.000000
   80    0.000000    0.125841    0.000000
   80    0.000000    0.000000    0.125841
    8    8.000000    0.000000    0.219905    0.000000
    1    1.000000    1.448902   -0.866701    0.000000
    1    1.000000   -1.448902   -0.892536    0.000000
  6.11092E-03  6.33475E-03  6.56577E-03  6.80397E-03  7.04932E-03  7.30174E-03
       .            .            .            .            .            .
       .            .            .            .            .            .
       .            .            .            .            .            .
 -6.62385E-03 -6.50907E-03 -6.39417E-03 -6.27932E-03 -6.16467E-03 -6.05036E-03

512000 out of 512000 gridpoints are considered (100.0%).

...done!

Reading "/home/boittier/esp_check/quadrupole_expansion.cube"...

  Fitted ESP
  Electrostatic potential fitted from quadrupole expansion.
    3   -4.970736   -4.750831   -4.970736
   80    0.125841    0.000000    0.000000
   80    0.000000    0.125841    0.000000
   80    0.000000    0.000000    0.125841
    8    8.000000    0.000000    0.219905    0.000000
    1    1.000000    1.448902   -0.866701    0.000000
    1    1.000000   -1.448902   -0.892536    0.000000
  6.04970E-03  6.26715E-03  6.49135E-03  6.72231E-03  6.95997E-03  7.20425E-03
       .            .            .            .            .            .
       .            .            .            .            .            .
       .            .            .            .            .            .
 -6.56725E-03 -6.45768E-03 -6.34771E-03 -6.23749E-03 -6.12718E-03 -6.01695E-03

512000 out of 512000 gridpoints are considered (100.0%).

...done!

                       Measure       RMSE[kcal/mol/e]   MaxError[kcal/mol/e]   NPoints
                         Total        6.857568350E-01        4.698351647E+00    407330
Close (  1.20 < r <   1.66 )          1.084050644E+00        4.698351647E+00    143180
Mid-range ( 1.66 < r <  2.20)         3.381960826E-01        1.083771604E+00    194940
Far-range (  2.20         < r)        1.199134506E-01        3.224959414E-01     69210
Did analysis and wrote slice data
