/home/boittier/esp_check
h2o_725
/data/boittier/energies/h2o_geom.xyz.dir
Read multipoles for 3 atoms with max. rank 2
Running in generate mode

Reading "/data/boittier/energies/h2o_geom.xyz.dir/h2o_725.chk.fchk.potential.cube"...

  h2o Potential=SCF
  Electrostatic potential from Total SCF Density
    3   -4.970736   -4.741857   -4.970736
   80    0.125841    0.000000    0.000000
   80    0.000000    0.125841    0.000000
   80    0.000000    0.000000    0.125841
    8    8.000000    0.000000    0.228879    0.000000
    1    1.000000    1.429771   -0.889517    0.000000
    1    1.000000   -1.429771   -0.941513    0.000000
  1.68059E-02  1.69555E-02  1.70766E-02  1.71684E-02  1.72301E-02  1.72610E-02
       .            .            .            .            .            .
       .            .            .            .            .            .
       .            .            .            .            .            .
 -9.12639E-03 -9.12191E-03 -9.11293E-03 -9.09945E-03 -9.08145E-03 -9.05890E-03

338050 out of 512000 gridpoints are considered ( 66.0%).

...done!

 writing cube file quadrupole_expansion.cube                                                                                                                                                                                                                                                                                                                                                                                                                                                                                                                                                                                                                                                                                                                                                                                                                                                                                                                                                                                                                                       
Written cubefile and slice data
Running in analysis mode

Reading "/data/boittier/energies/h2o_geom.xyz.dir/h2o_725.chk.fchk.potential.cube"...

  h2o Potential=SCF
  Electrostatic potential from Total SCF Density
    3   -4.970736   -4.741857   -4.970736
   80    0.125841    0.000000    0.000000
   80    0.000000    0.125841    0.000000
   80    0.000000    0.000000    0.125841
    8    8.000000    0.000000    0.228879    0.000000
    1    1.000000    1.429771   -0.889517    0.000000
    1    1.000000   -1.429771   -0.941513    0.000000
  6.27072E-03  6.49995E-03  6.73655E-03  6.98052E-03  7.23182E-03  7.49039E-03
       .            .            .            .            .            .
       .            .            .            .            .            .
       .            .            .            .            .            .
 -6.74285E-03 -6.62572E-03 -6.50848E-03 -6.39131E-03 -6.27436E-03 -6.15777E-03

512000 out of 512000 gridpoints are considered (100.0%).

...done!

Reading "/home/boittier/esp_check/quadrupole_expansion.cube"...

  Fitted ESP
  Electrostatic potential fitted from quadrupole expansion.
    3   -4.970736   -4.741857   -4.970736
   80    0.125841    0.000000    0.000000
   80    0.000000    0.125841    0.000000
   80    0.000000    0.000000    0.125841
    8    8.000000    0.000000    0.228879    0.000000
    1    1.000000    1.429771   -0.889517    0.000000
    1    1.000000   -1.429771   -0.941513    0.000000
  6.21099E-03  6.43384E-03  6.66362E-03  6.90033E-03  7.14392E-03  7.39433E-03
       .            .            .            .            .            .
       .            .            .            .            .            .
       .            .            .            .            .            .
 -6.68845E-03 -6.57646E-03 -6.46408E-03 -6.35147E-03 -6.23880E-03 -6.12622E-03

512000 out of 512000 gridpoints are considered (100.0%).

...done!

                       Measure       RMSE[kcal/mol/e]   MaxError[kcal/mol/e]   NPoints
                         Total        6.753050765E-01        4.715168901E+00    407008
Close (  1.20 < r <   1.66 )          1.066475814E+00        4.715168901E+00    143414
Mid-range ( 1.66 < r <  2.20)         3.327313619E-01        1.070029147E+00    194636
Far-range (  2.20         < r)        1.172266537E-01        3.232301275E-01     68958
Did analysis and wrote slice data
