/home/boittier/esp_check
h2o_595
/data/boittier/energies/h2o_geom.xyz.dir
Read multipoles for 3 atoms with max. rank 2
Running in generate mode

Reading "/data/boittier/energies/h2o_geom.xyz.dir/h2o_595.chk.fchk.potential.cube"...

  h2o Potential=SCF
  Electrostatic potential from Total SCF Density
    3   -4.970736   -4.752460   -4.970736
   80    0.125841    0.000000    0.000000
   80    0.000000    0.125841    0.000000
   80    0.000000    0.000000    0.125841
    8    8.000000    0.000000    0.218276    0.000000
    1    1.000000    1.440661   -0.878851    0.000000
    1    1.000000   -1.440661   -0.867355    0.000000
  1.65521E-02  1.66109E-02  1.66404E-02  1.66404E-02  1.66109E-02  1.65521E-02
       .            .            .            .            .            .
       .            .            .            .            .            .
       .            .            .            .            .            .
 -8.98776E-03 -8.98338E-03 -8.97460E-03 -8.96141E-03 -8.94380E-03 -8.92174E-03

338212 out of 512000 gridpoints are considered ( 66.1%).

...done!

 writing cube file quadrupole_expansion.cube                                                                                                                                                                                                                                                                                                                                                                                                                                                                                                                                                                                                                                                                                                                                                                                                                                                                                                                                                                                                                                       
Written cubefile and slice data
Running in analysis mode

Reading "/data/boittier/energies/h2o_geom.xyz.dir/h2o_595.chk.fchk.potential.cube"...

  h2o Potential=SCF
  Electrostatic potential from Total SCF Density
    3   -4.970736   -4.752460   -4.970736
   80    0.125841    0.000000    0.000000
   80    0.000000    0.125841    0.000000
   80    0.000000    0.000000    0.125841
    8    8.000000    0.000000    0.218276    0.000000
    1    1.000000    1.440661   -0.878851    0.000000
    1    1.000000   -1.440661   -0.867355    0.000000
  6.06940E-03  6.29041E-03  6.51845E-03  6.75352E-03  6.99556E-03  7.24451E-03
       .            .            .            .            .            .
       .            .            .            .            .            .
       .            .            .            .            .            .
 -6.66162E-03 -6.54529E-03 -6.42888E-03 -6.31256E-03 -6.19648E-03 -6.08078E-03

512000 out of 512000 gridpoints are considered (100.0%).

...done!

Reading "/home/boittier/esp_check/quadrupole_expansion.cube"...

  Fitted ESP
  Electrostatic potential fitted from quadrupole expansion.
    3   -4.970736   -4.752460   -4.970736
   80    0.125841    0.000000    0.000000
   80    0.000000    0.125841    0.000000
   80    0.000000    0.000000    0.125841
    8    8.000000    0.000000    0.218276    0.000000
    1    1.000000    1.440661   -0.878851    0.000000
    1    1.000000   -1.440661   -0.867355    0.000000
  6.00968E-03  6.22440E-03  6.44574E-03  6.67367E-03  6.90815E-03  7.14908E-03
       .            .            .            .            .            .
       .            .            .            .            .            .
       .            .            .            .            .            .
 -6.60680E-03 -6.49561E-03 -6.38405E-03 -6.27229E-03 -6.16048E-03 -6.04879E-03

512000 out of 512000 gridpoints are considered (100.0%).

...done!

                       Measure       RMSE[kcal/mol/e]   MaxError[kcal/mol/e]   NPoints
                         Total        6.858812019E-01        4.691762798E+00    407586
Close (  1.20 < r <   1.66 )          1.085037581E+00        4.691762798E+00    143028
Mid-range ( 1.66 < r <  2.20)         3.383958077E-01        1.079504540E+00    195184
Far-range (  2.20         < r)        1.202562485E-01        3.210275692E-01     69374
Did analysis and wrote slice data
