/home/boittier/esp_check
h2o_732
/data/boittier/energies/h2o_geom.xyz.dir
Read multipoles for 3 atoms with max. rank 2
Running in generate mode

Reading "/data/boittier/energies/h2o_geom.xyz.dir/h2o_732.chk.fchk.potential.cube"...

  h2o Potential=SCF
  Electrostatic potential from Total SCF Density
    3   -4.970736   -4.750274   -4.970736
   80    0.125841    0.000000    0.000000
   80    0.000000    0.125841    0.000000
   80    0.000000    0.000000    0.125841
    8    8.000000    0.000000    0.220462    0.000000
    1    1.000000    1.490161   -0.807893    0.000000
    1    1.000000   -1.490161   -0.955803    0.000000
  1.68147E-02  1.69043E-02  1.69644E-02  1.69946E-02  1.69946E-02  1.69644E-02
       .            .            .            .            .            .
       .            .            .            .            .            .
       .            .            .            .            .            .
 -8.21136E-03 -8.20834E-03 -8.20227E-03 -8.19312E-03 -8.18084E-03 -8.16537E-03

337670 out of 512000 gridpoints are considered ( 66.0%).

...done!

 writing cube file quadrupole_expansion.cube                                                                                                                                                                                                                                                                                                                                                                                                                                                                                                                                                                                                                                                                                                                                                                                                                                                                                                                                                                                                                                       
Written cubefile and slice data
Running in analysis mode

Reading "/data/boittier/energies/h2o_geom.xyz.dir/h2o_732.chk.fchk.potential.cube"...

  h2o Potential=SCF
  Electrostatic potential from Total SCF Density
    3   -4.970736   -4.750274   -4.970736
   80    0.125841    0.000000    0.000000
   80    0.000000    0.125841    0.000000
   80    0.000000    0.000000    0.125841
    8    8.000000    0.000000    0.220462    0.000000
    1    1.000000    1.490161   -0.807893    0.000000
    1    1.000000   -1.490161   -0.955803    0.000000
  6.16820E-03  6.39941E-03  6.63829E-03  6.88485E-03  7.13907E-03  7.40089E-03
       .            .            .            .            .            .
       .            .            .            .            .            .
       .            .            .            .            .            .
 -6.40594E-03 -6.29855E-03 -6.19088E-03 -6.08310E-03 -5.97534E-03 -5.86776E-03

512000 out of 512000 gridpoints are considered (100.0%).

...done!

Reading "/home/boittier/esp_check/quadrupole_expansion.cube"...

  Fitted ESP
  Electrostatic potential fitted from quadrupole expansion.
    3   -4.970736   -4.750274   -4.970736
   80    0.125841    0.000000    0.000000
   80    0.000000    0.125841    0.000000
   80    0.000000    0.000000    0.125841
    8    8.000000    0.000000    0.220462    0.000000
    1    1.000000    1.490161   -0.807893    0.000000
    1    1.000000   -1.490161   -0.955803    0.000000
  6.10108E-03  6.32557E-03  6.55727E-03  6.79621E-03  7.04234E-03  7.29560E-03
       .            .            .            .            .            .
       .            .            .            .            .            .
       .            .            .            .            .            .
 -6.34200E-03 -6.24010E-03 -6.13763E-03 -6.03474E-03 -5.93159E-03 -5.82833E-03

512000 out of 512000 gridpoints are considered (100.0%).

...done!

                       Measure       RMSE[kcal/mol/e]   MaxError[kcal/mol/e]   NPoints
                         Total        6.908377786E-01        4.706948527E+00    406482
Close (  1.20 < r <   1.66 )          1.089963841E+00        4.706948527E+00    143564
Mid-range ( 1.66 < r <  2.20)         3.400542041E-01        1.117531613E+00    194106
Far-range (  2.20         < r)        1.201537022E-01        3.269387084E-01     68812
Did analysis and wrote slice data
