/home/boittier/esp_check
h2o_1560
/data/boittier/energies/h2o_geom.xyz.dir
Read multipoles for 3 atoms with max. rank 2
Running in generate mode

Reading "/data/boittier/energies/h2o_geom.xyz.dir/h2o_1560.chk.fchk.potential.cube"...

  h2o Potential=SCF
  Electrostatic potential from Total SCF Density
    3   -4.970736   -4.754610   -4.970736
   80    0.125841    0.000000    0.000000
   80    0.000000    0.125841    0.000000
   80    0.000000    0.000000    0.125841
    8    8.000000    0.000000    0.216126    0.000000
    1    1.000000    1.340246   -1.021037    0.000000
    1    1.000000   -1.340246   -0.707970    0.000000
  1.61290E-02  1.61290E-02  1.59214E-02  1.60949E-02  1.62418E-02  1.63609E-02
       .            .            .            .            .            .
       .            .            .            .            .            .
       .            .            .            .            .            .
 -1.04460E-02 -1.04392E-02 -1.04255E-02 -1.04051E-02 -1.03778E-02 -1.03439E-02

339103 out of 512000 gridpoints are considered ( 66.2%).

...done!

 writing cube file quadrupole_expansion.cube                                                                                                                                                                                                                                                                                                                                                                                                                                                                                                                                                                                                                                                                                                                                                                                                                                                                                                                                                                                                                                       
Written cubefile and slice data
Running in analysis mode

Reading "/data/boittier/energies/h2o_geom.xyz.dir/h2o_1560.chk.fchk.potential.cube"...

  h2o Potential=SCF
  Electrostatic potential from Total SCF Density
    3   -4.970736   -4.754610   -4.970736
   80    0.125841    0.000000    0.000000
   80    0.000000    0.125841    0.000000
   80    0.000000    0.000000    0.125841
    8    8.000000    0.000000    0.216126    0.000000
    1    1.000000    1.340246   -1.021037    0.000000
    1    1.000000   -1.340246   -0.707970    0.000000
  5.95569E-03  6.16110E-03  6.37254E-03  6.58995E-03  6.81327E-03  7.04240E-03
       .            .            .            .            .            .
       .            .            .            .            .            .
       .            .            .            .            .            .
 -7.15293E-03 -7.02029E-03 -6.88792E-03 -6.75598E-03 -6.62464E-03 -6.49406E-03

512000 out of 512000 gridpoints are considered (100.0%).

...done!

Reading "/home/boittier/esp_check/quadrupole_expansion.cube"...

  Fitted ESP
  Electrostatic potential fitted from quadrupole expansion.
    3   -4.970736   -4.754610   -4.970736
   80    0.125841    0.000000    0.000000
   80    0.000000    0.125841    0.000000
   80    0.000000    0.000000    0.125841
    8    8.000000    0.000000    0.216126    0.000000
    1    1.000000    1.340246   -1.021037    0.000000
    1    1.000000   -1.340246   -0.707970    0.000000
  5.91288E-03  6.11304E-03  6.31885E-03  6.53026E-03  6.74720E-03  6.96955E-03
       .            .            .            .            .            .
       .            .            .            .            .            .
       .            .            .            .            .            .
 -7.11834E-03 -6.98998E-03 -6.86160E-03 -6.73341E-03 -6.60556E-03 -6.47822E-03

512000 out of 512000 gridpoints are considered (100.0%).

...done!

                       Measure       RMSE[kcal/mol/e]   MaxError[kcal/mol/e]   NPoints
                         Total        6.706390104E-01        4.673000265E+00    409407
Close (  1.20 < r <   1.66 )          1.065484937E+00        4.673000265E+00    142219
Mid-range ( 1.66 < r <  2.20)         3.318987893E-01        1.042663459E+00    196884
Far-range (  2.20         < r)        1.186748825E-01        3.307916166E-01     70304
Did analysis and wrote slice data
