/home/boittier/esp_check
h2o_1189
/data/boittier/energies/h2o_geom.xyz.dir
Read multipoles for 3 atoms with max. rank 2
Running in generate mode

Reading "/data/boittier/energies/h2o_geom.xyz.dir/h2o_1189.chk.fchk.potential.cube"...

  h2o Potential=SCF
  Electrostatic potential from Total SCF Density
    3   -4.970736   -4.757119   -4.970736
   80    0.125841    0.000000    0.000000
   80    0.000000    0.125841    0.000000
   80    0.000000    0.000000    0.125841
    8    8.000000    0.000000    0.213616    0.000000
    1    1.000000    1.482955   -0.825422    0.000000
    1    1.000000   -1.482955   -0.883509    0.000000
  1.63962E-02  1.65436E-02  1.66630E-02  1.67535E-02  1.68142E-02  1.68448E-02
       .            .            .            .            .            .
       .            .            .            .            .            .
       .            .            .            .            .            .
 -8.37540E-03 -8.37201E-03 -8.36521E-03 -8.35497E-03 -8.34126E-03 -8.32402E-03

337892 out of 512000 gridpoints are considered ( 66.0%).

...done!

 writing cube file quadrupole_expansion.cube                                                                                                                                                                                                                                                                                                                                                                                                                                                                                                                                                                                                                                                                                                                                                                                                                                                                                                                                                                                                                                       
Written cubefile and slice data
Running in analysis mode

Reading "/data/boittier/energies/h2o_geom.xyz.dir/h2o_1189.chk.fchk.potential.cube"...

  h2o Potential=SCF
  Electrostatic potential from Total SCF Density
    3   -4.970736   -4.757119   -4.970736
   80    0.125841    0.000000    0.000000
   80    0.000000    0.125841    0.000000
   80    0.000000    0.000000    0.125841
    8    8.000000    0.000000    0.213616    0.000000
    1    1.000000    1.482955   -0.825422    0.000000
    1    1.000000   -1.482955   -0.883509    0.000000
  6.01172E-03  6.23464E-03  6.46481E-03  6.70224E-03  6.94689E-03  7.19871E-03
       .            .            .            .            .            .
       .            .            .            .            .            .
       .            .            .            .            .            .
 -6.44044E-03 -6.33068E-03 -6.22073E-03 -6.11073E-03 -6.00084E-03 -5.89120E-03

512000 out of 512000 gridpoints are considered (100.0%).

...done!

Reading "/home/boittier/esp_check/quadrupole_expansion.cube"...

  Fitted ESP
  Electrostatic potential fitted from quadrupole expansion.
    3   -4.970736   -4.757119   -4.970736
   80    0.125841    0.000000    0.000000
   80    0.000000    0.125841    0.000000
   80    0.000000    0.000000    0.125841
    8    8.000000    0.000000    0.213616    0.000000
    1    1.000000    1.482955   -0.825422    0.000000
    1    1.000000   -1.482955   -0.883509    0.000000
  5.94693E-03  6.16331E-03  6.38652E-03  6.61655E-03  6.85336E-03  7.09687E-03
       .            .            .            .            .            .
       .            .            .            .            .            .
       .            .            .            .            .            .
 -6.37928E-03 -6.27490E-03 -6.17002E-03 -6.06481E-03 -5.95941E-03 -5.85399E-03

512000 out of 512000 gridpoints are considered (100.0%).

...done!

                       Measure       RMSE[kcal/mol/e]   MaxError[kcal/mol/e]   NPoints
                         Total        6.946965310E-01        4.690319526E+00    407094
Close (  1.20 < r <   1.66 )          1.098081067E+00        4.690319526E+00    143134
Mid-range ( 1.66 < r <  2.20)         3.425263393E-01        1.125249980E+00    194758
Far-range (  2.20         < r)        1.218010438E-01        3.239768638E-01     69202
Did analysis and wrote slice data
