/home/boittier/esp_check
h2o_1088
/data/boittier/energies/h2o_geom.xyz.dir
Read multipoles for 3 atoms with max. rank 2
Running in generate mode

Reading "/data/boittier/energies/h2o_geom.xyz.dir/h2o_1088.chk.fchk.potential.cube"...

  h2o Potential=SCF
  Electrostatic potential from Total SCF Density
    3   -4.970736   -4.743073   -4.970736
   80    0.125841    0.000000    0.000000
   80    0.000000    0.125841    0.000000
   80    0.000000    0.000000    0.125841
    8    8.000000    0.000000    0.227663    0.000000
    1    1.000000    1.400484   -0.932040    0.000000
    1    1.000000   -1.400484   -0.889264    0.000000
  1.67718E-02  1.68013E-02  1.68013E-02  1.67718E-02  1.64087E-02  1.66135E-02
       .            .            .            .            .            .
       .            .            .            .            .            .
       .            .            .            .            .            .
 -9.57328E-03 -9.56804E-03 -9.55756E-03 -9.54184E-03 -9.52087E-03 -9.49465E-03

338336 out of 512000 gridpoints are considered ( 66.1%).

...done!

 writing cube file quadrupole_expansion.cube                                                                                                                                                                                                                                                                                                                                                                                                                                                                                                                                                                                                                                                                                                                                                                                                                                                                                                                                                                                                                                       
Written cubefile and slice data
Running in analysis mode

Reading "/data/boittier/energies/h2o_geom.xyz.dir/h2o_1088.chk.fchk.potential.cube"...

  h2o Potential=SCF
  Electrostatic potential from Total SCF Density
    3   -4.970736   -4.743073   -4.970736
   80    0.125841    0.000000    0.000000
   80    0.000000    0.125841    0.000000
   80    0.000000    0.000000    0.125841
    8    8.000000    0.000000    0.227663    0.000000
    1    1.000000    1.400484   -0.932040    0.000000
    1    1.000000   -1.400484   -0.889264    0.000000
  6.22672E-03  6.45054E-03  6.68137E-03  6.91920E-03  7.16400E-03  7.41567E-03
       .            .            .            .            .            .
       .            .            .            .            .            .
       .            .            .            .            .            .
 -6.89368E-03 -6.77146E-03 -6.64925E-03 -6.52721E-03 -6.40551E-03 -6.28428E-03

512000 out of 512000 gridpoints are considered (100.0%).

...done!

Reading "/home/boittier/esp_check/quadrupole_expansion.cube"...

  Fitted ESP
  Electrostatic potential fitted from quadrupole expansion.
    3   -4.970736   -4.743073   -4.970736
   80    0.125841    0.000000    0.000000
   80    0.000000    0.125841    0.000000
   80    0.000000    0.000000    0.125841
    8    8.000000    0.000000    0.227663    0.000000
    1    1.000000    1.400484   -0.932040    0.000000
    1    1.000000   -1.400484   -0.889264    0.000000
  6.17134E-03  6.38903E-03  6.61332E-03  6.84420E-03  7.08159E-03  7.32543E-03
       .            .            .            .            .            .
       .            .            .            .            .            .
       .            .            .            .            .            .
 -6.84474E-03 -6.72745E-03 -6.60988E-03 -6.49220E-03 -6.37458E-03 -6.25717E-03

512000 out of 512000 gridpoints are considered (100.0%).

...done!

                       Measure       RMSE[kcal/mol/e]   MaxError[kcal/mol/e]   NPoints
                         Total        6.715639715E-01        4.705630757E+00    407646
Close (  1.20 < r <   1.66 )          1.061928476E+00        4.705630757E+00    143194
Mid-range ( 1.66 < r <  2.20)         3.312929983E-01        1.052145127E+00    195142
Far-range (  2.20         < r)        1.171388616E-01        3.194650707E-01     69310
Did analysis and wrote slice data
