/home/boittier/esp_check
h2o_509
/data/boittier/energies/h2o_geom.xyz.dir
Read multipoles for 3 atoms with max. rank 2
Running in generate mode

Reading "/data/boittier/energies/h2o_geom.xyz.dir/h2o_509.chk.fchk.potential.cube"...

  h2o Potential=SCF
  Electrostatic potential from Total SCF Density
    3   -4.970736   -4.752531   -4.970736
   80    0.125841    0.000000    0.000000
   80    0.000000    0.125841    0.000000
   80    0.000000    0.000000    0.125841
    8    8.000000    0.000000    0.218204    0.000000
    1    1.000000    1.440061   -0.879092    0.000000
    1    1.000000   -1.440061   -0.866542    0.000000
  1.65433E-02  1.66020E-02  1.66315E-02  1.66315E-02  1.66020E-02  1.65433E-02
       .            .            .            .            .            .
       .            .            .            .            .            .
       .            .            .            .            .            .
 -8.99175E-03 -8.98736E-03 -8.97856E-03 -8.96535E-03 -8.94771E-03 -8.92560E-03

338218 out of 512000 gridpoints are considered ( 66.1%).

...done!

 writing cube file quadrupole_expansion.cube                                                                                                                                                                                                                                                                                                                                                                                                                                                                                                                                                                                                                                                                                                                                                                                                                                                                                                                                                                                                                                       
Written cubefile and slice data
Running in analysis mode

Reading "/data/boittier/energies/h2o_geom.xyz.dir/h2o_509.chk.fchk.potential.cube"...

  h2o Potential=SCF
  Electrostatic potential from Total SCF Density
    3   -4.970736   -4.752531   -4.970736
   80    0.125841    0.000000    0.000000
   80    0.000000    0.125841    0.000000
   80    0.000000    0.000000    0.125841
    8    8.000000    0.000000    0.218204    0.000000
    1    1.000000    1.440061   -0.879092    0.000000
    1    1.000000   -1.440061   -0.866542    0.000000
  6.06810E-03  6.28900E-03  6.51693E-03  6.75187E-03  6.99379E-03  7.24261E-03
       .            .            .            .            .            .
       .            .            .            .            .            .
       .            .            .            .            .            .
 -6.66255E-03 -6.54618E-03 -6.42972E-03 -6.31336E-03 -6.19723E-03 -6.08149E-03

512000 out of 512000 gridpoints are considered (100.0%).

...done!

Reading "/home/boittier/esp_check/quadrupole_expansion.cube"...

  Fitted ESP
  Electrostatic potential fitted from quadrupole expansion.
    3   -4.970736   -4.752531   -4.970736
   80    0.125841    0.000000    0.000000
   80    0.000000    0.125841    0.000000
   80    0.000000    0.000000    0.125841
    8    8.000000    0.000000    0.218204    0.000000
    1    1.000000    1.440061   -0.879092    0.000000
    1    1.000000   -1.440061   -0.866542    0.000000
  6.00842E-03  6.22305E-03  6.44427E-03  6.67209E-03  6.90644E-03  7.14725E-03
       .            .            .            .            .            .
       .            .            .            .            .            .
       .            .            .            .            .            .
 -6.60778E-03 -6.49654E-03 -6.38494E-03 -6.27313E-03 -6.16128E-03 -6.04954E-03

512000 out of 512000 gridpoints are considered (100.0%).

...done!

                       Measure       RMSE[kcal/mol/e]   MaxError[kcal/mol/e]   NPoints
                         Total        6.858642942E-01        4.691449043E+00    407602
Close (  1.20 < r <   1.66 )          1.085047965E+00        4.691449043E+00    143024
Mid-range ( 1.66 < r <  2.20)         3.383803034E-01        1.079190785E+00    195194
Far-range (  2.20         < r)        1.202753036E-01        3.209334428E-01     69384
Did analysis and wrote slice data
