/home/boittier/esp_check
h2o_226
/data/boittier/energies/h2o_geom.xyz.dir
Read multipoles for 3 atoms with max. rank 2
Running in generate mode

Reading "/data/boittier/energies/h2o_geom.xyz.dir/h2o_226.chk.fchk.potential.cube"...

  h2o Potential=SCF
  Electrostatic potential from Total SCF Density
    3   -4.970736   -4.751383   -4.970736
   80    0.125841    0.000000    0.000000
   80    0.000000    0.125841    0.000000
   80    0.000000    0.000000    0.125841
    8    8.000000    0.000000    0.219353    0.000000
    1    1.000000    1.412174   -0.917772    0.000000
    1    1.000000   -1.412174   -0.837050    0.000000
  1.63682E-02  1.65150E-02  1.66340E-02  1.67241E-02  1.67846E-02  1.68150E-02
       .            .            .            .            .            .
       .            .            .            .            .            .
       .            .            .            .            .            .
 -9.40758E-03 -9.40250E-03 -9.39235E-03 -9.37710E-03 -9.35677E-03 -9.33134E-03

338426 out of 512000 gridpoints are considered ( 66.1%).

...done!

 writing cube file quadrupole_expansion.cube                                                                                                                                                                                                                                                                                                                                                                                                                                                                                                                                                                                                                                                                                                                                                                                                                                                                                                                                                                                                                                       
Written cubefile and slice data
Running in analysis mode

Reading "/data/boittier/energies/h2o_geom.xyz.dir/h2o_226.chk.fchk.potential.cube"...

  h2o Potential=SCF
  Electrostatic potential from Total SCF Density
    3   -4.970736   -4.751383   -4.970736
   80    0.125841    0.000000    0.000000
   80    0.000000    0.125841    0.000000
   80    0.000000    0.000000    0.125841
    8    8.000000    0.000000    0.219353    0.000000
    1    1.000000    1.412174   -0.917772    0.000000
    1    1.000000   -1.412174   -0.837050    0.000000
  6.06830E-03  6.28617E-03  6.51083E-03  6.74226E-03  6.98043E-03  7.22524E-03
       .            .            .            .            .            .
       .            .            .            .            .            .
       .            .            .            .            .            .
 -6.80820E-03 -6.68725E-03 -6.56631E-03 -6.44555E-03 -6.32513E-03 -6.20520E-03

512000 out of 512000 gridpoints are considered (100.0%).

...done!

Reading "/home/boittier/esp_check/quadrupole_expansion.cube"...

  Fitted ESP
  Electrostatic potential fitted from quadrupole expansion.
    3   -4.970736   -4.751383   -4.970736
   80    0.125841    0.000000    0.000000
   80    0.000000    0.125841    0.000000
   80    0.000000    0.000000    0.125841
    8    8.000000    0.000000    0.219353    0.000000
    1    1.000000    1.412174   -0.917772    0.000000
    1    1.000000   -1.412174   -0.837050    0.000000
  6.01263E-03  6.22444E-03  6.44264E-03  6.66719E-03  6.89805E-03  7.13512E-03
       .            .            .            .            .            .
       .            .            .            .            .            .
       .            .            .            .            .            .
 -6.75840E-03 -6.64239E-03 -6.52611E-03 -6.40972E-03 -6.29339E-03 -6.17728E-03

512000 out of 512000 gridpoints are considered (100.0%).

...done!

                       Measure       RMSE[kcal/mol/e]   MaxError[kcal/mol/e]   NPoints
                         Total        6.803036353E-01        4.688876254E+00    408002
Close (  1.20 < r <   1.66 )          1.077068500E+00        4.688876254E+00    142876
Mid-range ( 1.66 < r <  2.20)         3.360810061E-01        1.059486987E+00    195550
Far-range (  2.20         < r)        1.195315587E-01        3.183104532E-01     69576
Did analysis and wrote slice data
