/home/boittier/esp_check
h2o_431
/data/boittier/energies/h2o_geom.xyz.dir
Read multipoles for 3 atoms with max. rank 2
Running in generate mode

Reading "/data/boittier/energies/h2o_geom.xyz.dir/h2o_431.chk.fchk.potential.cube"...

  h2o Potential=SCF
  Electrostatic potential from Total SCF Density
    3   -4.970736   -4.748972   -4.970736
   80    0.125841    0.000000    0.000000
   80    0.000000    0.125841    0.000000
   80    0.000000    0.000000    0.125841
    8    8.000000    0.000000    0.221764    0.000000
    1    1.000000    1.441373   -0.876171    0.000000
    1    1.000000   -1.441373   -0.897939    0.000000
  1.66093E-02  1.67274E-02  1.68170E-02  1.68771E-02  1.69073E-02  1.69073E-02
       .            .            .            .            .            .
       .            .            .            .            .            .
       .            .            .            .            .            .
 -8.96862E-03 -8.96432E-03 -8.95569E-03 -8.94274E-03 -8.92543E-03 -8.90375E-03

338134 out of 512000 gridpoints are considered ( 66.0%).

...done!

 writing cube file quadrupole_expansion.cube                                                                                                                                                                                                                                                                                                                                                                                                                                                                                                                                                                                                                                                                                                                                                                                                                                                                                                                                                                                                                                       
Written cubefile and slice data
Running in analysis mode

Reading "/data/boittier/energies/h2o_geom.xyz.dir/h2o_431.chk.fchk.potential.cube"...

  h2o Potential=SCF
  Electrostatic potential from Total SCF Density
    3   -4.970736   -4.748972   -4.970736
   80    0.125841    0.000000    0.000000
   80    0.000000    0.125841    0.000000
   80    0.000000    0.000000    0.125841
    8    8.000000    0.000000    0.221764    0.000000
    1    1.000000    1.441373   -0.876171    0.000000
    1    1.000000   -1.441373   -0.897939    0.000000
  6.14195E-03  6.36640E-03  6.59804E-03  6.83686E-03  7.08283E-03  7.33587E-03
       .            .            .            .            .            .
       .            .            .            .            .            .
       .            .            .            .            .            .
 -6.66669E-03 -6.55083E-03 -6.43486E-03 -6.31896E-03 -6.20327E-03 -6.08794E-03

512000 out of 512000 gridpoints are considered (100.0%).

...done!

Reading "/home/boittier/esp_check/quadrupole_expansion.cube"...

  Fitted ESP
  Electrostatic potential fitted from quadrupole expansion.
    3   -4.970736   -4.748972   -4.970736
   80    0.125841    0.000000    0.000000
   80    0.000000    0.125841    0.000000
   80    0.000000    0.000000    0.125841
    8    8.000000    0.000000    0.221764    0.000000
    1    1.000000    1.441373   -0.876171    0.000000
    1    1.000000   -1.441373   -0.897939    0.000000
  6.08151E-03  6.29960E-03  6.52445E-03  6.75605E-03  6.99435E-03  7.23928E-03
       .            .            .            .            .            .
       .            .            .            .            .            .
       .            .            .            .            .            .
 -6.61112E-03 -6.50043E-03 -6.38935E-03 -6.27804E-03 -6.16667E-03 -6.05538E-03

512000 out of 512000 gridpoints are considered (100.0%).

...done!

                       Measure       RMSE[kcal/mol/e]   MaxError[kcal/mol/e]   NPoints
                         Total        6.831803413E-01        4.701112689E+00    407322
Close (  1.20 < r <   1.66 )          1.079946600E+00        4.701112689E+00    143189
Mid-range ( 1.66 < r <  2.20)         3.369065150E-01        1.075300226E+00    194945
Far-range (  2.20         < r)        1.193187263E-01        3.221759116E-01     69188
Did analysis and wrote slice data
