/home/boittier/esp_check
h2o_1657
/data/boittier/energies/h2o_geom.xyz.dir
Read multipoles for 3 atoms with max. rank 2
Running in generate mode

Reading "/data/boittier/energies/h2o_geom.xyz.dir/h2o_1657.chk.fchk.potential.cube"...

  h2o Potential=SCF
  Electrostatic potential from Total SCF Density
    3   -4.970736   -4.746716   -4.970736
   80    0.125841    0.000000    0.000000
   80    0.000000    0.125841    0.000000
   80    0.000000    0.000000    0.125841
    8    8.000000    0.000000    0.224019    0.000000
    1    1.000000    1.513540   -0.771843    0.000000
    1    1.000000   -1.513540   -1.020313    0.000000
  1.69543E-02  1.71370E-02  1.72917E-02  1.74170E-02  1.75120E-02  1.75758E-02
       .            .            .            .            .            .
       .            .            .            .            .            .
       .            .            .            .            .            .
 -7.81264E-03 -7.81035E-03 -7.80574E-03 -7.79876E-03 -7.78935E-03 -7.77743E-03

337320 out of 512000 gridpoints are considered ( 65.9%).

...done!

 writing cube file quadrupole_expansion.cube                                                                                                                                                                                                                                                                                                                                                                                                                                                                                                                                                                                                                                                                                                                                                                                                                                                                                                                                                                                                                                       
Written cubefile and slice data
Running in analysis mode

Reading "/data/boittier/energies/h2o_geom.xyz.dir/h2o_1657.chk.fchk.potential.cube"...

  h2o Potential=SCF
  Electrostatic potential from Total SCF Density
    3   -4.970736   -4.746716   -4.970736
   80    0.125841    0.000000    0.000000
   80    0.000000    0.125841    0.000000
   80    0.000000    0.000000    0.125841
    8    8.000000    0.000000    0.224019    0.000000
    1    1.000000    1.513540   -0.771843    0.000000
    1    1.000000   -1.513540   -1.020313    0.000000
  6.26860E-03  6.50748E-03  6.75446E-03  7.00958E-03  7.27284E-03  7.54418E-03
       .            .            .            .            .            .
       .            .            .            .            .            .
       .            .            .            .            .            .
 -6.28101E-03 -6.17843E-03 -6.07546E-03 -5.97226E-03 -5.86896E-03 -5.76571E-03

512000 out of 512000 gridpoints are considered (100.0%).

...done!

Reading "/home/boittier/esp_check/quadrupole_expansion.cube"...

  Fitted ESP
  Electrostatic potential fitted from quadrupole expansion.
    3   -4.970736   -4.746716   -4.970736
   80    0.125841    0.000000    0.000000
   80    0.000000    0.125841    0.000000
   80    0.000000    0.000000    0.125841
    8    8.000000    0.000000    0.224019    0.000000
    1    1.000000    1.513540   -0.771843    0.000000
    1    1.000000   -1.513540   -1.020313    0.000000
  6.19808E-03  6.43000E-03  6.66957E-03  6.91681E-03  7.17172E-03  7.43423E-03
       .            .            .            .            .            .
       .            .            .            .            .            .
       .            .            .            .            .            .
 -6.21276E-03 -6.11582E-03 -6.01820E-03 -5.92004E-03 -5.82149E-03 -5.72271E-03

512000 out of 512000 gridpoints are considered (100.0%).

...done!

                       Measure       RMSE[kcal/mol/e]   MaxError[kcal/mol/e]   NPoints
                         Total        6.910613791E-01        4.709082059E+00    405772
Close (  1.20 < r <   1.66 )          1.088355091E+00        4.709082059E+00    143957
Mid-range ( 1.66 < r <  2.20)         3.394961722E-01        1.131085818E+00    193363
Far-range (  2.20         < r)        1.194559511E-01        3.299382037E-01     68452
Did analysis and wrote slice data
