/home/boittier/esp_check
h2o_856
/data/boittier/energies/h2o_geom.xyz.dir
Read multipoles for 3 atoms with max. rank 2
Running in generate mode

Reading "/data/boittier/energies/h2o_geom.xyz.dir/h2o_856.chk.fchk.potential.cube"...

  h2o Potential=SCF
  Electrostatic potential from Total SCF Density
    3   -4.970736   -4.744800   -4.970736
   80    0.125841    0.000000    0.000000
   80    0.000000    0.125841    0.000000
   80    0.000000    0.000000    0.125841
    8    8.000000    0.000000    0.225936    0.000000
    1    1.000000    1.482773   -0.814831    0.000000
    1    1.000000   -1.482773   -0.992653    0.000000
  1.69907E-02  1.71116E-02  1.72032E-02  1.72647E-02  1.72955E-02  1.72955E-02
       .            .            .            .            .            .
       .            .            .            .            .            .
       .            .            .            .            .            .
 -8.30404E-03 -8.30091E-03 -8.29464E-03 -8.28520E-03 -8.27253E-03 -8.25658E-03

337622 out of 512000 gridpoints are considered ( 65.9%).

...done!

 writing cube file quadrupole_expansion.cube                                                                                                                                                                                                                                                                                                                                                                                                                                                                                                                                                                                                                                                                                                                                                                                                                                                                                                                                                                                                                                       
Written cubefile and slice data
Running in analysis mode

Reading "/data/boittier/energies/h2o_geom.xyz.dir/h2o_856.chk.fchk.potential.cube"...

  h2o Potential=SCF
  Electrostatic potential from Total SCF Density
    3   -4.970736   -4.744800   -4.970736
   80    0.125841    0.000000    0.000000
   80    0.000000    0.125841    0.000000
   80    0.000000    0.000000    0.125841
    8    8.000000    0.000000    0.225936    0.000000
    1    1.000000    1.482773   -0.814831    0.000000
    1    1.000000   -1.482773   -0.992653    0.000000
  6.26657E-03  6.50176E-03  6.74477E-03  6.99563E-03  7.25432E-03  7.52079E-03
       .            .            .            .            .            .
       .            .            .            .            .            .
       .            .            .            .            .            .
 -6.45259E-03 -6.34454E-03 -6.23621E-03 -6.12776E-03 -6.01934E-03 -5.91109E-03

512000 out of 512000 gridpoints are considered (100.0%).

...done!

Reading "/home/boittier/esp_check/quadrupole_expansion.cube"...

  Fitted ESP
  Electrostatic potential fitted from quadrupole expansion.
    3   -4.970736   -4.744800   -4.970736
   80    0.125841    0.000000    0.000000
   80    0.000000    0.125841    0.000000
   80    0.000000    0.000000    0.125841
    8    8.000000    0.000000    0.225936    0.000000
    1    1.000000    1.482773   -0.814831    0.000000
    1    1.000000   -1.482773   -0.992653    0.000000
  6.19990E-03  6.42832E-03  6.66412E-03  6.90732E-03  7.15789E-03  7.41576E-03
       .            .            .            .            .            .
       .            .            .            .            .            .
       .            .            .            .            .            .
 -6.38926E-03 -6.28668E-03 -6.18353E-03 -6.07996E-03 -5.97613E-03 -5.87218E-03

512000 out of 512000 gridpoints are considered (100.0%).

...done!

                       Measure       RMSE[kcal/mol/e]   MaxError[kcal/mol/e]   NPoints
                         Total        6.854682193E-01        4.715357154E+00    406218
Close (  1.20 < r <   1.66 )          1.080798578E+00        4.715357154E+00    143700
Mid-range ( 1.66 < r <  2.20)         3.371552452E-01        1.099835846E+00    193922
Far-range (  2.20         < r)        1.185979713E-01        3.277858462E-01     68596
Did analysis and wrote slice data
