/home/boittier/esp_check
h2o_1714
/data/boittier/energies/h2o_geom.xyz.dir
Read multipoles for 3 atoms with max. rank 2
Running in generate mode

Reading "/data/boittier/energies/h2o_geom.xyz.dir/h2o_1714.chk.fchk.potential.cube"...

  h2o Potential=SCF
  Electrostatic potential from Total SCF Density
    3   -4.970736   -4.762817   -4.970736
   80    0.125841    0.000000    0.000000
   80    0.000000    0.125841    0.000000
   80    0.000000    0.000000    0.125841
    8    8.000000    0.000000    0.207919    0.000000
    1    1.000000    1.530418   -0.772172    0.000000
    1    1.000000   -1.530418   -0.891176    0.000000
  1.63835E-02  1.65630E-02  1.67150E-02  1.68382E-02  1.69316E-02  1.69943E-02
       .            .            .            .            .            .
       .            .            .            .            .            .
       .            .            .            .            .            .
 -7.71698E-03 -7.71468E-03 -7.71007E-03 -7.70309E-03 -7.69367E-03 -7.68175E-03

337496 out of 512000 gridpoints are considered ( 65.9%).

...done!

 writing cube file quadrupole_expansion.cube                                                                                                                                                                                                                                                                                                                                                                                                                                                                                                                                                                                                                                                                                                                                                                                                                                                                                                                                                                                                                                       
Written cubefile and slice data
Running in analysis mode

Reading "/data/boittier/energies/h2o_geom.xyz.dir/h2o_1714.chk.fchk.potential.cube"...

  h2o Potential=SCF
  Electrostatic potential from Total SCF Density
    3   -4.970736   -4.762817   -4.970736
   80    0.125841    0.000000    0.000000
   80    0.000000    0.125841    0.000000
   80    0.000000    0.000000    0.125841
    8    8.000000    0.000000    0.207919    0.000000
    1    1.000000    1.530418   -0.772172    0.000000
    1    1.000000   -1.530418   -0.891176    0.000000
  5.93695E-03  6.16139E-03  6.39329E-03  6.63268E-03  6.87953E-03  7.13379E-03
       .            .            .            .            .            .
       .            .            .            .            .            .
       .            .            .            .            .            .
 -6.20555E-03 -6.10286E-03 -5.99984E-03 -5.89663E-03 -5.79338E-03 -5.69024E-03

512000 out of 512000 gridpoints are considered (100.0%).

...done!

Reading "/home/boittier/esp_check/quadrupole_expansion.cube"...

  Fitted ESP
  Electrostatic potential fitted from quadrupole expansion.
    3   -4.970736   -4.762817   -4.970736
   80    0.125841    0.000000    0.000000
   80    0.000000    0.125841    0.000000
   80    0.000000    0.000000    0.125841
    8    8.000000    0.000000    0.207919    0.000000
    1    1.000000    1.530418   -0.772172    0.000000
    1    1.000000   -1.530418   -0.891176    0.000000
  5.86731E-03  6.08499E-03  6.30969E-03  6.54143E-03  6.78018E-03  7.02587E-03
       .            .            .            .            .            .
       .            .            .            .            .            .
       .            .            .            .            .            .
 -6.13848E-03 -6.04137E-03 -5.94362E-03 -5.84540E-03 -5.74684E-03 -5.64810E-03

512000 out of 512000 gridpoints are considered (100.0%).

...done!

                       Measure       RMSE[kcal/mol/e]   MaxError[kcal/mol/e]   NPoints
                         Total        7.039574293E-01        4.698414398E+00    406586
Close (  1.20 < r <   1.66 )          1.112039982E+00        4.698414398E+00    143240
Mid-range ( 1.66 < r <  2.20)         3.463223190E-01        1.167042110E+00    194256
Far-range (  2.20         < r)        1.233933230E-01        3.315509030E-01     69090
Did analysis and wrote slice data
