/home/boittier/esp_check
h2o_193
/data/boittier/energies/h2o_geom.xyz.dir
Read multipoles for 3 atoms with max. rank 2
Running in generate mode

Reading "/data/boittier/energies/h2o_geom.xyz.dir/h2o_193.chk.fchk.potential.cube"...

  h2o Potential=SCF
  Electrostatic potential from Total SCF Density
    3   -4.970736   -4.745866   -4.970736
   80    0.125841    0.000000    0.000000
   80    0.000000    0.125841    0.000000
   80    0.000000    0.000000    0.125841
    8    8.000000    0.000000    0.224869    0.000000
    1    1.000000    1.416681   -0.908801    0.000000
    1    1.000000   -1.416681   -0.890154    0.000000
  1.67266E-02  1.67856E-02  1.68153E-02  1.68153E-02  1.67856E-02  1.67266E-02
       .            .            .            .            .            .
       .            .            .            .            .            .
       .            .            .            .            .            .
 -9.32711E-03 -9.32224E-03 -9.31250E-03 -9.29787E-03 -9.27836E-03 -9.25394E-03

338263 out of 512000 gridpoints are considered ( 66.1%).

...done!

 writing cube file quadrupole_expansion.cube                                                                                                                                                                                                                                                                                                                                                                                                                                                                                                                                                                                                                                                                                                                                                                                                                                                                                                                                                                                                                                       
Written cubefile and slice data
Running in analysis mode

Reading "/data/boittier/energies/h2o_geom.xyz.dir/h2o_193.chk.fchk.potential.cube"...

  h2o Potential=SCF
  Electrostatic potential from Total SCF Density
    3   -4.970736   -4.745866   -4.970736
   80    0.125841    0.000000    0.000000
   80    0.000000    0.125841    0.000000
   80    0.000000    0.000000    0.125841
    8    8.000000    0.000000    0.224869    0.000000
    1    1.000000    1.416681   -0.908801    0.000000
    1    1.000000   -1.416681   -0.890154    0.000000
  6.18446E-03  6.40817E-03  6.63894E-03  6.87677E-03  7.12162E-03  7.37340E-03
       .            .            .            .            .            .
       .            .            .            .            .            .
       .            .            .            .            .            .
 -6.79929E-03 -6.67962E-03 -6.55992E-03 -6.44035E-03 -6.32107E-03 -6.20223E-03

512000 out of 512000 gridpoints are considered (100.0%).

...done!

Reading "/home/boittier/esp_check/quadrupole_expansion.cube"...

  Fitted ESP
  Electrostatic potential fitted from quadrupole expansion.
    3   -4.970736   -4.745866   -4.970736
   80    0.125841    0.000000    0.000000
   80    0.000000    0.125841    0.000000
   80    0.000000    0.000000    0.125841
    8    8.000000    0.000000    0.224869    0.000000
    1    1.000000    1.416681   -0.908801    0.000000
    1    1.000000   -1.416681   -0.890154    0.000000
  6.12705E-03  6.34454E-03  6.56868E-03  6.79945E-03  7.03680E-03  7.28065E-03
       .            .            .            .            .            .
       .            .            .            .            .            .
       .            .            .            .            .            .
 -6.74763E-03 -6.63300E-03 -6.51804E-03 -6.40293E-03 -6.28782E-03 -6.17289E-03

512000 out of 512000 gridpoints are considered (100.0%).

...done!

                       Measure       RMSE[kcal/mol/e]   MaxError[kcal/mol/e]   NPoints
                         Total        6.766501213E-01        4.702555961E+00    407537
Close (  1.20 < r <   1.66 )          1.069858157E+00        4.702555961E+00    143190
Mid-range ( 1.66 < r <  2.20)         3.337684367E-01        1.061495018E+00    195073
Far-range (  2.20         < r)        1.181388185E-01        3.204063349E-01     69274
Did analysis and wrote slice data
