/home/boittier/esp_check
h2o_984
/data/boittier/energies/h2o_geom.xyz.dir
Read multipoles for 3 atoms with max. rank 2
Running in generate mode

Reading "/data/boittier/energies/h2o_geom.xyz.dir/h2o_984.chk.fchk.potential.cube"...

  h2o Potential=SCF
  Electrostatic potential from Total SCF Density
    3   -4.970736   -4.755334   -4.970736
   80    0.125841    0.000000    0.000000
   80    0.000000    0.125841    0.000000
   80    0.000000    0.000000    0.125841
    8    8.000000    0.000000    0.215402    0.000000
    1    1.000000    1.489626   -0.814089    0.000000
    1    1.000000   -1.489626   -0.909126    0.000000
  1.64517E-02  1.66297E-02  1.67804E-02  1.69025E-02  1.69951E-02  1.70572E-02
       .            .            .            .            .            .
       .            .            .            .            .            .
       .            .            .            .            .            .
 -8.25766E-03 -8.25450E-03 -8.24815E-03 -8.23859E-03 -8.22577E-03 -8.20963E-03

337776 out of 512000 gridpoints are considered ( 66.0%).

...done!

 writing cube file quadrupole_expansion.cube                                                                                                                                                                                                                                                                                                                                                                                                                                                                                                                                                                                                                                                                                                                                                                                                                                                                                                                                                                                                                                       
Written cubefile and slice data
Running in analysis mode

Reading "/data/boittier/energies/h2o_geom.xyz.dir/h2o_984.chk.fchk.potential.cube"...

  h2o Potential=SCF
  Electrostatic potential from Total SCF Density
    3   -4.970736   -4.755334   -4.970736
   80    0.125841    0.000000    0.000000
   80    0.000000    0.125841    0.000000
   80    0.000000    0.000000    0.125841
    8    8.000000    0.000000    0.215402    0.000000
    1    1.000000    1.489626   -0.814089    0.000000
    1    1.000000   -1.489626   -0.909126    0.000000
  6.05973E-03  6.28566E-03  6.51899E-03  6.75975E-03  7.00791E-03  7.26339E-03
       .            .            .            .            .            .
       .            .            .            .            .            .
       .            .            .            .            .            .
 -6.40665E-03 -6.29836E-03 -6.18984E-03 -6.08123E-03 -5.97269E-03 -5.86435E-03

512000 out of 512000 gridpoints are considered (100.0%).

...done!

Reading "/home/boittier/esp_check/quadrupole_expansion.cube"...

  Fitted ESP
  Electrostatic potential fitted from quadrupole expansion.
    3   -4.970736   -4.755334   -4.970736
   80    0.125841    0.000000    0.000000
   80    0.000000    0.125841    0.000000
   80    0.000000    0.000000    0.125841
    8    8.000000    0.000000    0.215402    0.000000
    1    1.000000    1.489626   -0.814089    0.000000
    1    1.000000   -1.489626   -0.909126    0.000000
  5.99360E-03  6.21289E-03  6.43917E-03  6.67242E-03  6.91261E-03  7.15968E-03
       .            .            .            .            .            .
       .            .            .            .            .            .
       .            .            .            .            .            .
 -6.34386E-03 -6.24102E-03 -6.13763E-03 -6.03387E-03 -5.92989E-03 -5.82584E-03

512000 out of 512000 gridpoints are considered (100.0%).

...done!

                       Measure       RMSE[kcal/mol/e]   MaxError[kcal/mol/e]   NPoints
                         Total        6.943901422E-01        4.696406368E+00    406852
Close (  1.20 < r <   1.66 )          1.096896147E+00        4.696406368E+00    143264
Mid-range ( 1.66 < r <  2.20)         3.422383265E-01        1.127822769E+00    194512
Far-range (  2.20         < r)        1.215039145E-01        3.252758084E-01     69076
Did analysis and wrote slice data
