/home/boittier/esp_check
h2o_1590
/data/boittier/energies/h2o_geom.xyz.dir
Read multipoles for 3 atoms with max. rank 2
Running in generate mode

Reading "/data/boittier/energies/h2o_geom.xyz.dir/h2o_1590.chk.fchk.potential.cube"...

  h2o Potential=SCF
  Electrostatic potential from Total SCF Density
    3   -4.970736   -4.740411   -4.970736
   80    0.125841    0.000000    0.000000
   80    0.000000    0.125841    0.000000
   80    0.000000    0.000000    0.125841
    8    8.000000    0.000000    0.230325    0.000000
    1    1.000000    1.504296   -0.784369    0.000000
    1    1.000000   -1.504296   -1.058229    0.000000
  1.72050E-02  1.72958E-02  1.73567E-02  1.73873E-02  1.73873E-02  1.73567E-02
       .            .            .            .            .            .
       .            .            .            .            .            .
       .            .            .            .            .            .
 -7.95970E-03 -7.95722E-03 -7.95222E-03 -7.94467E-03 -7.93451E-03 -7.92166E-03

337287 out of 512000 gridpoints are considered ( 65.9%).

...done!

 writing cube file quadrupole_expansion.cube                                                                                                                                                                                                                                                                                                                                                                                                                                                                                                                                                                                                                                                                                                                                                                                                                                                                                                                                                                                                                                       
Written cubefile and slice data
Running in analysis mode

Reading "/data/boittier/energies/h2o_geom.xyz.dir/h2o_1590.chk.fchk.potential.cube"...

  h2o Potential=SCF
  Electrostatic potential from Total SCF Density
    3   -4.970736   -4.740411   -4.970736
   80    0.125841    0.000000    0.000000
   80    0.000000    0.125841    0.000000
   80    0.000000    0.000000    0.125841
    8    8.000000    0.000000    0.230325    0.000000
    1    1.000000    1.504296   -0.784369    0.000000
    1    1.000000   -1.504296   -1.058229    0.000000
  6.36885E-03  6.61163E-03  6.86269E-03  7.12206E-03  7.38973E-03  7.66567E-03
       .            .            .            .            .            .
       .            .            .            .            .            .
       .            .            .            .            .            .
 -6.34705E-03 -6.24325E-03 -6.13906E-03 -6.03465E-03 -5.93015E-03 -5.82570E-03

512000 out of 512000 gridpoints are considered (100.0%).

...done!

Reading "/home/boittier/esp_check/quadrupole_expansion.cube"...

  Fitted ESP
  Electrostatic potential fitted from quadrupole expansion.
    3   -4.970736   -4.740411   -4.970736
   80    0.125841    0.000000    0.000000
   80    0.000000    0.125841    0.000000
   80    0.000000    0.000000    0.125841
    8    8.000000    0.000000    0.230325    0.000000
    1    1.000000    1.504296   -0.784369    0.000000
    1    1.000000   -1.504296   -1.058229    0.000000
  6.29942E-03  6.53525E-03  6.77890E-03  7.03038E-03  7.28969E-03  7.55679E-03
       .            .            .            .            .            .
       .            .            .            .            .            .
       .            .            .            .            .            .
 -6.28020E-03 -6.18198E-03 -6.08308E-03 -5.98366E-03 -5.88387E-03 -5.78385E-03

512000 out of 512000 gridpoints are considered (100.0%).

...done!

                       Measure       RMSE[kcal/mol/e]   MaxError[kcal/mol/e]   NPoints
                         Total        6.848561517E-01        4.715357154E+00    405486
Close (  1.20 < r <   1.66 )          1.077531872E+00        4.715357154E+00    144234
Mid-range ( 1.66 < r <  2.20)         3.358391202E-01        1.117719866E+00    193053
Far-range (  2.20         < r)        1.176351225E-01        3.309673192E-01     68199
Did analysis and wrote slice data
