/home/boittier/esp_check
h2o_997
/data/boittier/energies/h2o_geom.xyz.dir
Read multipoles for 3 atoms with max. rank 2
Running in generate mode

Reading "/data/boittier/energies/h2o_geom.xyz.dir/h2o_997.chk.fchk.potential.cube"...

  h2o Potential=SCF
  Electrostatic potential from Total SCF Density
    3   -4.970736   -4.753490   -4.970736
   80    0.125841    0.000000    0.000000
   80    0.000000    0.125841    0.000000
   80    0.000000    0.000000    0.125841
    8    8.000000    0.000000    0.217246    0.000000
    1    1.000000    1.471022   -0.837969    0.000000
    1    1.000000   -1.471022   -0.899999    0.000000
  1.65188E-02  1.66671E-02  1.67872E-02  1.68782E-02  1.69393E-02  1.69700E-02
       .            .            .            .            .            .
       .            .            .            .            .            .
       .            .            .            .            .            .
 -8.53399E-03 -8.53037E-03 -8.52311E-03 -8.51219E-03 -8.49758E-03 -8.47922E-03

337926 out of 512000 gridpoints are considered ( 66.0%).

...done!

 writing cube file quadrupole_expansion.cube                                                                                                                                                                                                                                                                                                                                                                                                                                                                                                                                                                                                                                                                                                                                                                                                                                                                                                                                                                                                                                       
Written cubefile and slice data
Running in analysis mode

Reading "/data/boittier/energies/h2o_geom.xyz.dir/h2o_997.chk.fchk.potential.cube"...

  h2o Potential=SCF
  Electrostatic potential from Total SCF Density
    3   -4.970736   -4.753490   -4.970736
   80    0.125841    0.000000    0.000000
   80    0.000000    0.125841    0.000000
   80    0.000000    0.000000    0.125841
    8    8.000000    0.000000    0.217246    0.000000
    1    1.000000    1.471022   -0.837969    0.000000
    1    1.000000   -1.471022   -0.899999    0.000000
  6.07791E-03  6.30264E-03  6.53467E-03  6.77401E-03  7.02061E-03  7.27441E-03
       .            .            .            .            .            .
       .            .            .            .            .            .
       .            .            .            .            .            .
 -6.50509E-03 -6.39380E-03 -6.28233E-03 -6.17085E-03 -6.05949E-03 -5.94840E-03

512000 out of 512000 gridpoints are considered (100.0%).

...done!

Reading "/home/boittier/esp_check/quadrupole_expansion.cube"...

  Fitted ESP
  Electrostatic potential fitted from quadrupole expansion.
    3   -4.970736   -4.753490   -4.970736
   80    0.125841    0.000000    0.000000
   80    0.000000    0.125841    0.000000
   80    0.000000    0.000000    0.125841
    8    8.000000    0.000000    0.217246    0.000000
    1    1.000000    1.471022   -0.837969    0.000000
    1    1.000000   -1.471022   -0.899999    0.000000
  6.01402E-03  6.23223E-03  6.45732E-03  6.68926E-03  6.92803E-03  7.17355E-03
       .            .            .            .            .            .
       .            .            .            .            .            .
       .            .            .            .            .            .
 -6.44510E-03 -6.33915E-03 -6.23273E-03 -6.12599E-03 -6.01909E-03 -5.91219E-03

512000 out of 512000 gridpoints are considered (100.0%).

...done!

                       Measure       RMSE[kcal/mol/e]   MaxError[kcal/mol/e]   NPoints
                         Total        6.906583308E-01        4.697347632E+00    407078
Close (  1.20 < r <   1.66 )          1.091423894E+00        4.697347632E+00    143202
Mid-range ( 1.66 < r <  2.20)         3.405793328E-01        1.109185737E+00    194724
Far-range (  2.20         < r)        1.208456152E-01        3.240584400E-01     69152
Did analysis and wrote slice data
