/home/boittier/esp_check
h2o_554
/data/boittier/energies/h2o_geom.xyz.dir
Read multipoles for 3 atoms with max. rank 2
Running in generate mode

Reading "/data/boittier/energies/h2o_geom.xyz.dir/h2o_554.chk.fchk.potential.cube"...

  h2o Potential=SCF
  Electrostatic potential from Total SCF Density
    3   -4.970736   -4.752482   -4.970736
   80    0.125841    0.000000    0.000000
   80    0.000000    0.125841    0.000000
   80    0.000000    0.000000    0.125841
    8    8.000000    0.000000    0.218254    0.000000
    1    1.000000    1.420658   -0.905864    0.000000
    1    1.000000   -1.420658   -0.840167    0.000000
  1.63991E-02  1.65468E-02  1.66665E-02  1.67572E-02  1.68182E-02  1.68487E-02
       .            .            .            .            .            .
       .            .            .            .            .            .
       .            .            .            .            .            .
 -9.27963E-03 -9.27475E-03 -9.26499E-03 -9.25034E-03 -9.23078E-03 -9.20632E-03

338382 out of 512000 gridpoints are considered ( 66.1%).

...done!

 writing cube file quadrupole_expansion.cube                                                                                                                                                                                                                                                                                                                                                                                                                                                                                                                                                                                                                                                                                                                                                                                                                                                                                                                                                                                                                                       
Written cubefile and slice data
Running in analysis mode

Reading "/data/boittier/energies/h2o_geom.xyz.dir/h2o_554.chk.fchk.potential.cube"...

  h2o Potential=SCF
  Electrostatic potential from Total SCF Density
    3   -4.970736   -4.752482   -4.970736
   80    0.125841    0.000000    0.000000
   80    0.000000    0.125841    0.000000
   80    0.000000    0.000000    0.125841
    8    8.000000    0.000000    0.218254    0.000000
    1    1.000000    1.420658   -0.905864    0.000000
    1    1.000000   -1.420658   -0.840167    0.000000
  6.05246E-03  6.27055E-03  6.49546E-03  6.72720E-03  6.96571E-03  7.21091E-03
       .            .            .            .            .            .
       .            .            .            .            .            .
       .            .            .            .            .            .
 -6.76051E-03 -6.64091E-03 -6.52130E-03 -6.40185E-03 -6.28270E-03 -6.16402E-03

512000 out of 512000 gridpoints are considered (100.0%).

...done!

Reading "/home/boittier/esp_check/quadrupole_expansion.cube"...

  Fitted ESP
  Electrostatic potential fitted from quadrupole expansion.
    3   -4.970736   -4.752482   -4.970736
   80    0.125841    0.000000    0.000000
   80    0.000000    0.125841    0.000000
   80    0.000000    0.000000    0.125841
    8    8.000000    0.000000    0.218254    0.000000
    1    1.000000    1.420658   -0.905864    0.000000
    1    1.000000   -1.420658   -0.840167    0.000000
  5.99569E-03  6.20766E-03  6.42606E-03  6.65085E-03  6.88199E-03  7.11938E-03
       .            .            .            .            .            .
       .            .            .            .            .            .
       .            .            .            .            .            .
 -6.70929E-03 -6.59468E-03 -6.47978E-03 -6.36475E-03 -6.24975E-03 -6.13495E-03

512000 out of 512000 gridpoints are considered (100.0%).

...done!

                       Measure       RMSE[kcal/mol/e]   MaxError[kcal/mol/e]   NPoints
                         Total        6.826327431E-01        4.688185994E+00    407940
Close (  1.20 < r <   1.66 )          1.080717691E+00        4.688185994E+00    142870
Mid-range ( 1.66 < r <  2.20)         3.371824034E-01        1.064005056E+00    195512
Far-range (  2.20         < r)        1.200014725E-01        3.189003121E-01     69558
Did analysis and wrote slice data
