/home/boittier/esp_check
h2o_1262
/data/boittier/energies/h2o_geom.xyz.dir
Read multipoles for 3 atoms with max. rank 2
Running in generate mode

Reading "/data/boittier/energies/h2o_geom.xyz.dir/h2o_1262.chk.fchk.potential.cube"...

  h2o Potential=SCF
  Electrostatic potential from Total SCF Density
    3   -4.970736   -4.760670   -4.970736
   80    0.125841    0.000000    0.000000
   80    0.000000    0.125841    0.000000
   80    0.000000    0.000000    0.125841
    8    8.000000    0.000000    0.210066    0.000000
    1    1.000000    1.397662   -0.942140    0.000000
    1    1.000000   -1.397662   -0.738386    0.000000
  1.59347E-02  1.60793E-02  1.61965E-02  1.62853E-02  1.63449E-02  1.63749E-02
       .            .            .            .            .            .
       .            .            .            .            .            .
       .            .            .            .            .            .
 -9.63041E-03 -9.62482E-03 -9.61364E-03 -9.59687E-03 -9.57452E-03 -9.54661E-03

338768 out of 512000 gridpoints are considered ( 66.2%).

...done!

 writing cube file quadrupole_expansion.cube                                                                                                                                                                                                                                                                                                                                                                                                                                                                                                                                                                                                                                                                                                                                                                                                                                                                                                                                                                                                                                       
Written cubefile and slice data
Running in analysis mode

Reading "/data/boittier/energies/h2o_geom.xyz.dir/h2o_1262.chk.fchk.potential.cube"...

  h2o Potential=SCF
  Electrostatic potential from Total SCF Density
    3   -4.970736   -4.760670   -4.970736
   80    0.125841    0.000000    0.000000
   80    0.000000    0.125841    0.000000
   80    0.000000    0.000000    0.125841
    8    8.000000    0.000000    0.210066    0.000000
    1    1.000000    1.397662   -0.942140    0.000000
    1    1.000000   -1.397662   -0.738386    0.000000
  5.85245E-03  6.05928E-03  6.27238E-03  6.49173E-03  6.71726E-03  6.94889E-03
       .            .            .            .            .            .
       .            .            .            .            .            .
       .            .            .            .            .            .
 -6.84847E-03 -6.72440E-03 -6.60045E-03 -6.47679E-03 -6.35357E-03 -6.23094E-03

512000 out of 512000 gridpoints are considered (100.0%).

...done!

Reading "/home/boittier/esp_check/quadrupole_expansion.cube"...

  Fitted ESP
  Electrostatic potential fitted from quadrupole expansion.
    3   -4.970736   -4.760670   -4.970736
   80    0.125841    0.000000    0.000000
   80    0.000000    0.125841    0.000000
   80    0.000000    0.000000    0.125841
    8    8.000000    0.000000    0.210066    0.000000
    1    1.000000    1.397662   -0.942140    0.000000
    1    1.000000   -1.397662   -0.738386    0.000000
  5.80174E-03  6.00289E-03  6.20994E-03  6.42283E-03  6.64151E-03  6.86587E-03
       .            .            .            .            .            .
       .            .            .            .            .            .
       .            .            .            .            .            .
 -6.80400E-03 -6.68461E-03 -6.56505E-03 -6.44550E-03 -6.32614E-03 -6.20710E-03

512000 out of 512000 gridpoints are considered (100.0%).

...done!

                       Measure       RMSE[kcal/mol/e]   MaxError[kcal/mol/e]   NPoints
                         Total        6.848579667E-01        4.684860194E+00    408888
Close (  1.20 < r <   1.66 )          1.086770320E+00        4.684860194E+00    142426
Mid-range ( 1.66 < r <  2.20)         3.387509692E-01        1.069313786E+00    196342
Far-range (  2.20         < r)        1.215041144E-01        3.329627993E-01     70120
Did analysis and wrote slice data
