/home/boittier/esp_check
h2o_651
/data/boittier/energies/h2o_geom.xyz.dir
Read multipoles for 3 atoms with max. rank 2
Running in generate mode

Reading "/data/boittier/energies/h2o_geom.xyz.dir/h2o_651.chk.fchk.potential.cube"...

  h2o Potential=SCF
  Electrostatic potential from Total SCF Density
    3   -4.970736   -4.746523   -4.970736
   80    0.125841    0.000000    0.000000
   80    0.000000    0.125841    0.000000
   80    0.000000    0.000000    0.125841
    8    8.000000    0.000000    0.224212    0.000000
    1    1.000000    1.456834   -0.858393    0.000000
    1    1.000000   -1.456834   -0.935305    0.000000
  1.66238E-02  1.68022E-02  1.69531E-02  1.70755E-02  1.71682E-02  1.72304E-02
       .            .            .            .            .            .
       .            .            .            .            .            .
       .            .            .            .            .            .
 -8.76782E-03 -8.76388E-03 -8.75601E-03 -8.74417E-03 -8.72834E-03 -8.70848E-03

337919 out of 512000 gridpoints are considered ( 66.0%).

...done!

 writing cube file quadrupole_expansion.cube                                                                                                                                                                                                                                                                                                                                                                                                                                                                                                                                                                                                                                                                                                                                                                                                                                                                                                                                                                                                                                       
Written cubefile and slice data
Running in analysis mode

Reading "/data/boittier/energies/h2o_geom.xyz.dir/h2o_651.chk.fchk.potential.cube"...

  h2o Potential=SCF
  Electrostatic potential from Total SCF Density
    3   -4.970736   -4.746523   -4.970736
   80    0.125841    0.000000    0.000000
   80    0.000000    0.125841    0.000000
   80    0.000000    0.000000    0.125841
    8    8.000000    0.000000    0.224212    0.000000
    1    1.000000    1.456834   -0.858393    0.000000
    1    1.000000   -1.456834   -0.935305    0.000000
  6.19951E-03  6.42825E-03  6.66443E-03  6.90804E-03  7.15907E-03  7.41743E-03
       .            .            .            .            .            .
       .            .            .            .            .            .
       .            .            .            .            .            .
 -6.60729E-03 -6.49385E-03 -6.38026E-03 -6.26666E-03 -6.15321E-03 -6.04006E-03

512000 out of 512000 gridpoints are considered (100.0%).

...done!

Reading "/home/boittier/esp_check/quadrupole_expansion.cube"...

  Fitted ESP
  Electrostatic potential fitted from quadrupole expansion.
    3   -4.970736   -4.746523   -4.970736
   80    0.125841    0.000000    0.000000
   80    0.000000    0.125841    0.000000
   80    0.000000    0.000000    0.125841
    8    8.000000    0.000000    0.224212    0.000000
    1    1.000000    1.456834   -0.858393    0.000000
    1    1.000000   -1.456834   -0.935305    0.000000
  6.13690E-03  6.35913E-03  6.58837E-03  6.82459E-03  7.06778E-03  7.31784E-03
       .            .            .            .            .            .
       .            .            .            .            .            .
       .            .            .            .            .            .
 -6.54917E-03 -6.44102E-03 -6.33240E-03 -6.22350E-03 -6.11446E-03 -6.00544E-03

512000 out of 512000 gridpoints are considered (100.0%).

...done!

                       Measure       RMSE[kcal/mol/e]   MaxError[kcal/mol/e]   NPoints
                         Total        6.833974827E-01        4.710901837E+00    406867
Close (  1.20 < r <   1.66 )          1.079064890E+00        4.710901837E+00    143417
Mid-range ( 1.66 < r <  2.20)         3.367184858E-01        1.085152125E+00    194502
Far-range (  2.20         < r)        1.189415672E-01        3.247361502E-01     68948
Did analysis and wrote slice data
