/home/boittier/esp_check
h2o_1704
/data/boittier/energies/h2o_geom.xyz.dir
Read multipoles for 3 atoms with max. rank 2
Running in generate mode

Reading "/data/boittier/energies/h2o_geom.xyz.dir/h2o_1704.chk.fchk.potential.cube"...

  h2o Potential=SCF
  Electrostatic potential from Total SCF Density
    3   -4.970736   -4.757163   -4.970736
   80    0.125841    0.000000    0.000000
   80    0.000000    0.125841    0.000000
   80    0.000000    0.000000    0.125841
    8    8.000000    0.000000    0.213572    0.000000
    1    1.000000    1.476131   -0.840032    0.000000
    1    1.000000   -1.476131   -0.868548    0.000000
  1.64099E-02  1.65276E-02  1.66168E-02  1.66767E-02  1.67068E-02  1.67068E-02
       .            .            .            .            .            .
       .            .            .            .            .            .
       .            .            .            .            .            .
 -8.52456E-03 -8.52091E-03 -8.51361E-03 -8.50262E-03 -8.48790E-03 -8.46943E-03

337976 out of 512000 gridpoints are considered ( 66.0%).

...done!

 writing cube file quadrupole_expansion.cube                                                                                                                                                                                                                                                                                                                                                                                                                                                                                                                                                                                                                                                                                                                                                                                                                                                                                                                                                                                                                                       
Written cubefile and slice data
Running in analysis mode

Reading "/data/boittier/energies/h2o_geom.xyz.dir/h2o_1704.chk.fchk.potential.cube"...

  h2o Potential=SCF
  Electrostatic potential from Total SCF Density
    3   -4.970736   -4.757163   -4.970736
   80    0.125841    0.000000    0.000000
   80    0.000000    0.125841    0.000000
   80    0.000000    0.000000    0.125841
    8    8.000000    0.000000    0.213572    0.000000
    1    1.000000    1.476131   -0.840032    0.000000
    1    1.000000   -1.476131   -0.868548    0.000000
  5.99565E-03  6.21693E-03  6.44535E-03  6.68093E-03  6.92362E-03  7.17336E-03
       .            .            .            .            .            .
       .            .            .            .            .            .
       .            .            .            .            .            .
 -6.49164E-03 -6.38018E-03 -6.26856E-03 -6.15694E-03 -6.04546E-03 -5.93427E-03

512000 out of 512000 gridpoints are considered (100.0%).

...done!

Reading "/home/boittier/esp_check/quadrupole_expansion.cube"...

  Fitted ESP
  Electrostatic potential fitted from quadrupole expansion.
    3   -4.970736   -4.757163   -4.970736
   80    0.125841    0.000000    0.000000
   80    0.000000    0.125841    0.000000
   80    0.000000    0.000000    0.125841
    8    8.000000    0.000000    0.213572    0.000000
    1    1.000000    1.476131   -0.840032    0.000000
    1    1.000000   -1.476131   -0.868548    0.000000
  5.93226E-03  6.14708E-03  6.36863E-03  6.59689E-03  6.83182E-03  7.07336E-03
       .            .            .            .            .            .
       .            .            .            .            .            .
       .            .            .            .            .            .
 -6.43227E-03 -6.32612E-03 -6.21951E-03 -6.11260E-03 -6.00555E-03 -5.89851E-03

512000 out of 512000 gridpoints are considered (100.0%).

...done!

                       Measure       RMSE[kcal/mol/e]   MaxError[kcal/mol/e]   NPoints
                         Total        6.939717964E-01        4.687934990E+00    407244
Close (  1.20 < r <   1.66 )          1.097266422E+00        4.687934990E+00    143094
Mid-range ( 1.66 < r <  2.20)         3.421646624E-01        1.119100387E+00    194882
Far-range (  2.20         < r)        1.217661430E-01        3.232301275E-01     69268
Did analysis and wrote slice data
