/home/boittier/esp_check
h2o_1355
/data/boittier/energies/h2o_geom.xyz.dir
Read multipoles for 3 atoms with max. rank 2
Running in generate mode

Reading "/data/boittier/energies/h2o_geom.xyz.dir/h2o_1355.chk.fchk.potential.cube"...

  h2o Potential=SCF
  Electrostatic potential from Total SCF Density
    3   -4.970736   -4.738229   -4.970736
   80    0.125841    0.000000    0.000000
   80    0.000000    0.125841    0.000000
   80    0.000000    0.000000    0.125841
    8    8.000000    0.000000    0.232507    0.000000
    1    1.000000    1.437577   -0.882296    0.000000
    1    1.000000   -1.437577   -0.977760    0.000000
  1.70775E-02  1.71073E-02  1.71073E-02  1.70775E-02  1.67243E-02  1.69325E-02
       .            .            .            .            .            .
       .            .            .            .            .            .
       .            .            .            .            .            .
 -9.03977E-03 -9.03548E-03 -9.02688E-03 -9.01397E-03 -8.99672E-03 -8.97509E-03

337906 out of 512000 gridpoints are considered ( 66.0%).

...done!

 writing cube file quadrupole_expansion.cube                                                                                                                                                                                                                                                                                                                                                                                                                                                                                                                                                                                                                                                                                                                                                                                                                                                                                                                                                                                                                                       
Written cubefile and slice data
Running in analysis mode

Reading "/data/boittier/energies/h2o_geom.xyz.dir/h2o_1355.chk.fchk.potential.cube"...

  h2o Potential=SCF
  Electrostatic potential from Total SCF Density
    3   -4.970736   -4.738229   -4.970736
   80    0.125841    0.000000    0.000000
   80    0.000000    0.125841    0.000000
   80    0.000000    0.000000    0.125841
    8    8.000000    0.000000    0.232507    0.000000
    1    1.000000    1.437577   -0.882296    0.000000
    1    1.000000   -1.437577   -0.977760    0.000000
  6.33831E-03  6.57155E-03  6.81237E-03  7.06077E-03  7.31674E-03  7.58019E-03
       .            .            .            .            .            .
       .            .            .            .            .            .
       .            .            .            .            .            .
 -6.72472E-03 -6.60882E-03 -6.49277E-03 -6.37675E-03 -6.26091E-03 -6.14539E-03

512000 out of 512000 gridpoints are considered (100.0%).

...done!

Reading "/home/boittier/esp_check/quadrupole_expansion.cube"...

  Fitted ESP
  Electrostatic potential fitted from quadrupole expansion.
    3   -4.970736   -4.738229   -4.970736
   80    0.125841    0.000000    0.000000
   80    0.000000    0.125841    0.000000
   80    0.000000    0.000000    0.125841
    8    8.000000    0.000000    0.232507    0.000000
    1    1.000000    1.437577   -0.882296    0.000000
    1    1.000000   -1.437577   -0.977760    0.000000
  6.27757E-03  6.50432E-03  6.73822E-03  6.97925E-03  7.22740E-03  7.48257E-03
       .            .            .            .            .            .
       .            .            .            .            .            .
       .            .            .            .            .            .
 -6.66922E-03 -6.55850E-03 -6.44734E-03 -6.33593E-03 -6.22441E-03 -6.11294E-03

512000 out of 512000 gridpoints are considered (100.0%).

...done!

                       Measure       RMSE[kcal/mol/e]   MaxError[kcal/mol/e]   NPoints
                         Total        6.734653802E-01        4.723514777E+00    406622
Close (  1.20 < r <   1.66 )          1.062395745E+00        4.723514777E+00    143690
Mid-range ( 1.66 < r <  2.20)         3.312887339E-01        1.074798219E+00    194216
Far-range (  2.20         < r)        1.162947331E-01        3.251754068E-01     68716
Did analysis and wrote slice data
