/home/boittier/esp_check
h2o_1756
/data/boittier/energies/h2o_geom.xyz.dir
Read multipoles for 3 atoms with max. rank 2
Running in generate mode

Reading "/data/boittier/energies/h2o_geom.xyz.dir/h2o_1756.chk.fchk.potential.cube"...

  h2o Potential=SCF
  Electrostatic potential from Total SCF Density
    3   -4.970736   -4.757697   -4.970736
   80    0.125841    0.000000    0.000000
   80    0.000000    0.125841    0.000000
   80    0.000000    0.000000    0.125841
    8    8.000000    0.000000    0.213038    0.000000
    1    1.000000    1.353319   -1.002492    0.000000
    1    1.000000   -1.353319   -0.701813    0.000000
  1.60293E-02  1.60579E-02  1.60579E-02  1.60293E-02  1.56587E-02  1.58574E-02
       .            .            .            .            .            .
       .            .            .            .            .            .
       .            .            .            .            .            .
 -1.02557E-02 -1.02491E-02 -1.02359E-02 -1.02162E-02 -1.01900E-02 -1.01573E-02

339082 out of 512000 gridpoints are considered ( 66.2%).

...done!

 writing cube file quadrupole_expansion.cube                                                                                                                                                                                                                                                                                                                                                                                                                                                                                                                                                                                                                                                                                                                                                                                                                                                                                                                                                                                                                                       
Written cubefile and slice data
Running in analysis mode

Reading "/data/boittier/energies/h2o_geom.xyz.dir/h2o_1756.chk.fchk.potential.cube"...

  h2o Potential=SCF
  Electrostatic potential from Total SCF Density
    3   -4.970736   -4.757697   -4.970736
   80    0.125841    0.000000    0.000000
   80    0.000000    0.125841    0.000000
   80    0.000000    0.000000    0.125841
    8    8.000000    0.000000    0.213038    0.000000
    1    1.000000    1.353319   -1.002492    0.000000
    1    1.000000   -1.353319   -0.701813    0.000000
  5.89335E-03  6.09745E-03  6.30757E-03  6.52366E-03  6.74567E-03  6.97347E-03
       .            .            .            .            .            .
       .            .            .            .            .            .
       .            .            .            .            .            .
 -7.07412E-03 -6.94336E-03 -6.81284E-03 -6.68274E-03 -6.55321E-03 -6.42441E-03

512000 out of 512000 gridpoints are considered (100.0%).

...done!

Reading "/home/boittier/esp_check/quadrupole_expansion.cube"...

  Fitted ESP
  Electrostatic potential fitted from quadrupole expansion.
    3   -4.970736   -4.757697   -4.970736
   80    0.125841    0.000000    0.000000
   80    0.000000    0.125841    0.000000
   80    0.000000    0.000000    0.125841
    8    8.000000    0.000000    0.213038    0.000000
    1    1.000000    1.353319   -1.002492    0.000000
    1    1.000000   -1.353319   -0.701813    0.000000
  5.84925E-03  6.04805E-03  6.25250E-03  6.46254E-03  6.67811E-03  6.89908E-03
       .            .            .            .            .            .
       .            .            .            .            .            .
       .            .            .            .            .            .
 -7.03771E-03 -6.91129E-03 -6.78483E-03 -6.65853E-03 -6.53254E-03 -6.40704E-03

512000 out of 512000 gridpoints are considered (100.0%).

...done!

                       Measure       RMSE[kcal/mol/e]   MaxError[kcal/mol/e]   NPoints
                         Total        6.754178091E-01        4.678773352E+00    409416
Close (  1.20 < r <   1.66 )          1.073297392E+00        4.678773352E+00    142157
Mid-range ( 1.66 < r <  2.20)         3.342612029E-01        1.052816562E+00    196925
Far-range (  2.20         < r)        1.197391607E-01        3.338915134E-01     70334
Did analysis and wrote slice data
