/home/boittier/esp_check
h2o_414
/data/boittier/energies/h2o_geom.xyz.dir
Read multipoles for 3 atoms with max. rank 2
Running in generate mode

Reading "/data/boittier/energies/h2o_geom.xyz.dir/h2o_414.chk.fchk.potential.cube"...

  h2o Potential=SCF
  Electrostatic potential from Total SCF Density
    3   -4.970736   -4.748181   -4.970736
   80    0.125841    0.000000    0.000000
   80    0.000000    0.125841    0.000000
   80    0.000000    0.000000    0.125841
    8    8.000000    0.000000    0.222555    0.000000
    1    1.000000    1.437102   -0.882094    0.000000
    1    1.000000   -1.437102   -0.898346    0.000000
  1.66088E-02  1.67268E-02  1.68162E-02  1.68762E-02  1.69063E-02  1.69063E-02
       .            .            .            .            .            .
       .            .            .            .            .            .
       .            .            .            .            .            .
 -9.03386E-03 -9.02945E-03 -9.02063E-03 -9.00738E-03 -8.98968E-03 -8.96751E-03

338146 out of 512000 gridpoints are considered ( 66.0%).

...done!

 writing cube file quadrupole_expansion.cube                                                                                                                                                                                                                                                                                                                                                                                                                                                                                                                                                                                                                                                                                                                                                                                                                                                                                                                                                                                                                                       
Written cubefile and slice data
Running in analysis mode

Reading "/data/boittier/energies/h2o_geom.xyz.dir/h2o_414.chk.fchk.potential.cube"...

  h2o Potential=SCF
  Electrostatic potential from Total SCF Density
    3   -4.970736   -4.748181   -4.970736
   80    0.125841    0.000000    0.000000
   80    0.000000    0.125841    0.000000
   80    0.000000    0.000000    0.125841
    8    8.000000    0.000000    0.222555    0.000000
    1    1.000000    1.437102   -0.882094    0.000000
    1    1.000000   -1.437102   -0.898346    0.000000
  6.15375E-03  6.37827E-03  6.60996E-03  6.84882E-03  7.09481E-03  7.34787E-03
       .            .            .            .            .            .
       .            .            .            .            .            .
       .            .            .            .            .            .
 -6.69158E-03 -6.57504E-03 -6.45840E-03 -6.34184E-03 -6.22551E-03 -6.10955E-03

512000 out of 512000 gridpoints are considered (100.0%).

...done!

Reading "/home/boittier/esp_check/quadrupole_expansion.cube"...

  Fitted ESP
  Electrostatic potential fitted from quadrupole expansion.
    3   -4.970736   -4.748181   -4.970736
   80    0.125841    0.000000    0.000000
   80    0.000000    0.125841    0.000000
   80    0.000000    0.000000    0.125841
    8    8.000000    0.000000    0.222555    0.000000
    1    1.000000    1.437102   -0.882094    0.000000
    1    1.000000   -1.437102   -0.898346    0.000000
  6.09382E-03  6.31199E-03  6.53692E-03  6.76859E-03  7.00694E-03  7.25191E-03
       .            .            .            .            .            .
       .            .            .            .            .            .
       .            .            .            .            .            .
 -6.63668E-03 -6.52529E-03 -6.41352E-03 -6.30153E-03 -6.18949E-03 -6.07755E-03

512000 out of 512000 gridpoints are considered (100.0%).

...done!

                       Measure       RMSE[kcal/mol/e]   MaxError[kcal/mol/e]   NPoints
                         Total        6.817775664E-01        4.701802949E+00    407338
Close (  1.20 < r <   1.66 )          1.077695287E+00        4.701802949E+00    143196
Mid-range ( 1.66 < r <  2.20)         3.362863776E-01        1.072915690E+00    194950
Far-range (  2.20         < r)        1.190581536E-01        3.219311829E-01     69192
Did analysis and wrote slice data
