/home/boittier/esp_check
h2o_514
/data/boittier/energies/h2o_geom.xyz.dir
Read multipoles for 3 atoms with max. rank 2
Running in generate mode

Reading "/data/boittier/energies/h2o_geom.xyz.dir/h2o_514.chk.fchk.potential.cube"...

  h2o Potential=SCF
  Electrostatic potential from Total SCF Density
    3   -4.970736   -4.748374   -4.970736
   80    0.125841    0.000000    0.000000
   80    0.000000    0.125841    0.000000
   80    0.000000    0.000000    0.125841
    8    8.000000    0.000000    0.222362    0.000000
    1    1.000000    1.441750   -0.874857    0.000000
    1    1.000000   -1.441750   -0.904036    0.000000
  1.66600E-02  1.67787E-02  1.68686E-02  1.69290E-02  1.69593E-02  1.69593E-02
       .            .            .            .            .            .
       .            .            .            .            .            .
       .            .            .            .            .            .
 -8.95717E-03 -8.95289E-03 -8.94432E-03 -8.93145E-03 -8.91425E-03 -8.89269E-03

338110 out of 512000 gridpoints are considered ( 66.0%).

...done!

 writing cube file quadrupole_expansion.cube                                                                                                                                                                                                                                                                                                                                                                                                                                                                                                                                                                                                                                                                                                                                                                                                                                                                                                                                                                                                                                       
Written cubefile and slice data
Running in analysis mode

Reading "/data/boittier/energies/h2o_geom.xyz.dir/h2o_514.chk.fchk.potential.cube"...

  h2o Potential=SCF
  Electrostatic potential from Total SCF Density
    3   -4.970736   -4.748374   -4.970736
   80    0.125841    0.000000    0.000000
   80    0.000000    0.125841    0.000000
   80    0.000000    0.000000    0.125841
    8    8.000000    0.000000    0.222362    0.000000
    1    1.000000    1.441750   -0.874857    0.000000
    1    1.000000   -1.441750   -0.904036    0.000000
  6.15491E-03  6.38002E-03  6.61236E-03  6.85191E-03  7.09864E-03  7.35248E-03
       .            .            .            .            .            .
       .            .            .            .            .            .
       .            .            .            .            .            .
 -6.66457E-03 -6.54888E-03 -6.43308E-03 -6.31733E-03 -6.20180E-03 -6.08662E-03

512000 out of 512000 gridpoints are considered (100.0%).

...done!

Reading "/home/boittier/esp_check/quadrupole_expansion.cube"...

  Fitted ESP
  Electrostatic potential fitted from quadrupole expansion.
    3   -4.970736   -4.748374   -4.970736
   80    0.125841    0.000000    0.000000
   80    0.000000    0.125841    0.000000
   80    0.000000    0.000000    0.125841
    8    8.000000    0.000000    0.222362    0.000000
    1    1.000000    1.441750   -0.874857    0.000000
    1    1.000000   -1.441750   -0.904036    0.000000
  6.09428E-03  6.31302E-03  6.53855E-03  6.77086E-03  7.00991E-03  7.25561E-03
       .            .            .            .            .            .
       .            .            .            .            .            .
       .            .            .            .            .            .
 -6.60878E-03 -6.49828E-03 -6.38737E-03 -6.27623E-03 -6.16502E-03 -6.05389E-03

512000 out of 512000 gridpoints are considered (100.0%).

...done!

                       Measure       RMSE[kcal/mol/e]   MaxError[kcal/mol/e]   NPoints
                         Total        6.826318315E-01        4.702869715E+00    407268
Close (  1.20 < r <   1.66 )          1.078853003E+00        4.702869715E+00    143230
Mid-range ( 1.66 < r <  2.20)         3.366817533E-01        1.075802234E+00    194880
Far-range (  2.20         < r)        1.191564629E-01        3.224269154E-01     69158
Did analysis and wrote slice data
