/home/boittier/esp_check
h2o_1199
/data/boittier/energies/h2o_geom.xyz.dir
Read multipoles for 3 atoms with max. rank 2
Running in generate mode

Reading "/data/boittier/energies/h2o_geom.xyz.dir/h2o_1199.chk.fchk.potential.cube"...

  h2o Potential=SCF
  Electrostatic potential from Total SCF Density
    3   -4.970736   -4.747800   -4.970736
   80    0.125841    0.000000    0.000000
   80    0.000000    0.125841    0.000000
   80    0.000000    0.000000    0.125841
    8    8.000000    0.000000    0.222936    0.000000
    1    1.000000    1.444335   -0.875225    0.000000
    1    1.000000   -1.444335   -0.908262    0.000000
  1.67064E-02  1.68257E-02  1.69160E-02  1.69767E-02  1.70071E-02  1.70071E-02
       .            .            .            .            .            .
       .            .            .            .            .            .
       .            .            .            .            .            .
 -8.95176E-03 -8.94750E-03 -8.93897E-03 -8.92615E-03 -8.90903E-03 -8.88757E-03

338058 out of 512000 gridpoints are considered ( 66.0%).

...done!

 writing cube file quadrupole_expansion.cube                                                                                                                                                                                                                                                                                                                                                                                                                                                                                                                                                                                                                                                                                                                                                                                                                                                                                                                                                                                                                                       
Written cubefile and slice data
Running in analysis mode

Reading "/data/boittier/energies/h2o_geom.xyz.dir/h2o_1199.chk.fchk.potential.cube"...

  h2o Potential=SCF
  Electrostatic potential from Total SCF Density
    3   -4.970736   -4.747800   -4.970736
   80    0.125841    0.000000    0.000000
   80    0.000000    0.125841    0.000000
   80    0.000000    0.000000    0.125841
    8    8.000000    0.000000    0.222936    0.000000
    1    1.000000    1.444335   -0.875225    0.000000
    1    1.000000   -1.444335   -0.908262    0.000000
  6.16399E-03  6.38968E-03  6.62263E-03  6.86282E-03  7.11023E-03  7.36478E-03
       .            .            .            .            .            .
       .            .            .            .            .            .
       .            .            .            .            .            .
 -6.66572E-03 -6.55012E-03 -6.43441E-03 -6.31875E-03 -6.20330E-03 -6.08819E-03

512000 out of 512000 gridpoints are considered (100.0%).

...done!

Reading "/home/boittier/esp_check/quadrupole_expansion.cube"...

  Fitted ESP
  Electrostatic potential fitted from quadrupole expansion.
    3   -4.970736   -4.747800   -4.970736
   80    0.125841    0.000000    0.000000
   80    0.000000    0.125841    0.000000
   80    0.000000    0.000000    0.125841
    8    8.000000    0.000000    0.222936    0.000000
    1    1.000000    1.444335   -0.875225    0.000000
    1    1.000000   -1.444335   -0.908262    0.000000
  6.10322E-03  6.32252E-03  6.54864E-03  6.78158E-03  7.02129E-03  7.26769E-03
       .            .            .            .            .            .
       .            .            .            .            .            .
       .            .            .            .            .            .
 -6.60984E-03 -6.49943E-03 -6.38862E-03 -6.27757E-03 -6.16644E-03 -6.05539E-03

512000 out of 512000 gridpoints are considered (100.0%).

...done!

                       Measure       RMSE[kcal/mol/e]   MaxError[kcal/mol/e]   NPoints
                         Total        6.824516766E-01        4.704877746E+00    407160
Close (  1.20 < r <   1.66 )          1.078375682E+00        4.704877746E+00    143250
Mid-range ( 1.66 < r <  2.20)         3.365686727E-01        1.077433758E+00    194808
Far-range (  2.20         < r)        1.190078722E-01        3.229163727E-01     69102
Did analysis and wrote slice data
