/home/boittier/esp_check
h2o_108
/data/boittier/energies/h2o_geom.xyz.dir
Read multipoles for 3 atoms with max. rank 2
Running in generate mode

Reading "/data/boittier/energies/h2o_geom.xyz.dir/h2o_108.chk.fchk.potential.cube"...

  h2o Potential=SCF
  Electrostatic potential from Total SCF Density
    3   -4.970736   -4.749370   -4.970736
   80    0.125841    0.000000    0.000000
   80    0.000000    0.125841    0.000000
   80    0.000000    0.000000    0.125841
    8    8.000000    0.000000    0.221365    0.000000
    1    1.000000    1.439529   -0.879347    0.000000
    1    1.000000   -1.439529   -0.891576    0.000000
  1.66721E-02  1.67611E-02  1.68209E-02  1.68509E-02  1.68509E-02  1.68209E-02
       .            .            .            .            .            .
       .            .            .            .            .            .
       .            .            .            .            .            .
 -9.00093E-03 -8.99657E-03 -8.98783E-03 -8.97470E-03 -8.95716E-03 -8.93518E-03

338153 out of 512000 gridpoints are considered ( 66.0%).

...done!

 writing cube file quadrupole_expansion.cube                                                                                                                                                                                                                                                                                                                                                                                                                                                                                                                                                                                                                                                                                                                                                                                                                                                                                                                                                                                                                                       
Written cubefile and slice data
Running in analysis mode

Reading "/data/boittier/energies/h2o_geom.xyz.dir/h2o_108.chk.fchk.potential.cube"...

  h2o Potential=SCF
  Electrostatic potential from Total SCF Density
    3   -4.970736   -4.749370   -4.970736
   80    0.125841    0.000000    0.000000
   80    0.000000    0.125841    0.000000
   80    0.000000    0.000000    0.125841
    8    8.000000    0.000000    0.221365    0.000000
    1    1.000000    1.439529   -0.879347    0.000000
    1    1.000000   -1.439529   -0.891576    0.000000
  6.13175E-03  6.35550E-03  6.58641E-03  6.82446E-03  7.06961E-03  7.32180E-03
       .            .            .            .            .            .
       .            .            .            .            .            .
       .            .            .            .            .            .
 -6.67652E-03 -6.56026E-03 -6.44391E-03 -6.32763E-03 -6.21158E-03 -6.09590E-03

512000 out of 512000 gridpoints are considered (100.0%).

...done!

Reading "/home/boittier/esp_check/quadrupole_expansion.cube"...

  Fitted ESP
  Electrostatic potential fitted from quadrupole expansion.
    3   -4.970736   -4.749370   -4.970736
   80    0.125841    0.000000    0.000000
   80    0.000000    0.125841    0.000000
   80    0.000000    0.000000    0.125841
    8    8.000000    0.000000    0.221365    0.000000
    1    1.000000    1.439529   -0.879347    0.000000
    1    1.000000   -1.439529   -0.891576    0.000000
  6.07166E-03  6.28908E-03  6.51323E-03  6.74408E-03  6.98161E-03  7.22571E-03
       .            .            .            .            .            .
       .            .            .            .            .            .
       .            .            .            .            .            .
 -6.62139E-03 -6.51029E-03 -6.39881E-03 -6.28711E-03 -6.17535E-03 -6.06370E-03

512000 out of 512000 gridpoints are considered (100.0%).

...done!

                       Measure       RMSE[kcal/mol/e]   MaxError[kcal/mol/e]   NPoints
                         Total        6.832432251E-01        4.699292911E+00    407391
Close (  1.20 < r <   1.66 )          1.080146099E+00        4.699292911E+00    143181
Mid-range ( 1.66 < r <  2.20)         3.369764409E-01        1.073856954E+00    194972
Far-range (  2.20         < r)        1.194321327E-01        3.218119561E-01     69238
Did analysis and wrote slice data
