/home/boittier/esp_check
h2o_67
/data/boittier/energies/h2o_geom.xyz.dir
Read multipoles for 3 atoms with max. rank 2
Running in generate mode

Reading "/data/boittier/energies/h2o_geom.xyz.dir/h2o_67.chk.fchk.potential.cube"...

  h2o Potential=SCF
  Electrostatic potential from Total SCF Density
    3   -4.970736   -4.749717   -4.970736
   80    0.125841    0.000000    0.000000
   80    0.000000    0.125841    0.000000
   80    0.000000    0.000000    0.125841
    8    8.000000    0.000000    0.221018    0.000000
    1    1.000000    1.460616   -0.848356    0.000000
    1    1.000000   -1.460616   -0.919790    0.000000
  1.66678E-02  1.68174E-02  1.69386E-02  1.70304E-02  1.70921E-02  1.71230E-02
       .            .            .            .            .            .
       .            .            .            .            .            .
       .            .            .            .            .            .
 -8.66595E-03 -8.66215E-03 -8.65453E-03 -8.64307E-03 -8.62775E-03 -8.60851E-03

337958 out of 512000 gridpoints are considered ( 66.0%).

...done!

 writing cube file quadrupole_expansion.cube                                                                                                                                                                                                                                                                                                                                                                                                                                                                                                                                                                                                                                                                                                                                                                                                                                                                                                                                                                                                                                       
Written cubefile and slice data
Running in analysis mode

Reading "/data/boittier/energies/h2o_geom.xyz.dir/h2o_67.chk.fchk.potential.cube"...

  h2o Potential=SCF
  Electrostatic potential from Total SCF Density
    3   -4.970736   -4.749717   -4.970736
   80    0.125841    0.000000    0.000000
   80    0.000000    0.125841    0.000000
   80    0.000000    0.000000    0.125841
    8    8.000000    0.000000    0.221018    0.000000
    1    1.000000    1.460616   -0.848356    0.000000
    1    1.000000   -1.460616   -0.919790    0.000000
  6.14698E-03  6.37386E-03  6.60810E-03  6.84972E-03  7.09867E-03  7.35489E-03
       .            .            .            .            .            .
       .            .            .            .            .            .
       .            .            .            .            .            .
 -6.56109E-03 -6.44859E-03 -6.33592E-03 -6.22324E-03 -6.11070E-03 -5.99845E-03

512000 out of 512000 gridpoints are considered (100.0%).

...done!

Reading "/home/boittier/esp_check/quadrupole_expansion.cube"...

  Fitted ESP
  Electrostatic potential fitted from quadrupole expansion.
    3   -4.970736   -4.749717   -4.970736
   80    0.125841    0.000000    0.000000
   80    0.000000    0.125841    0.000000
   80    0.000000    0.000000    0.125841
    8    8.000000    0.000000    0.221018    0.000000
    1    1.000000    1.460616   -0.848356    0.000000
    1    1.000000   -1.460616   -0.919790    0.000000
  6.08381E-03  6.30418E-03  6.53148E-03  6.76571E-03  7.00683E-03  7.25476E-03
       .            .            .            .            .            .
       .            .            .            .            .            .
       .            .            .            .            .            .
 -6.50209E-03 -6.39489E-03 -6.28723E-03 -6.17927E-03 -6.07117E-03 -5.96308E-03

512000 out of 512000 gridpoints are considered (100.0%).

...done!

                       Measure       RMSE[kcal/mol/e]   MaxError[kcal/mol/e]   NPoints
                         Total        6.864835533E-01        4.704501240E+00    407026
Close (  1.20 < r <   1.66 )          1.084445843E+00        4.704501240E+00    143304
Mid-range ( 1.66 < r <  2.20)         3.384325645E-01        1.092619487E+00    194654
Far-range (  2.20         < r)        1.197936210E-01        3.241713917E-01     69068
Did analysis and wrote slice data
