/home/boittier/esp_check
h2o_1234
/data/boittier/energies/h2o_geom.xyz.dir
Read multipoles for 3 atoms with max. rank 2
Running in generate mode

Reading "/data/boittier/energies/h2o_geom.xyz.dir/h2o_1234.chk.fchk.potential.cube"...

  h2o Potential=SCF
  Electrostatic potential from Total SCF Density
    3   -4.970736   -4.741256   -4.970736
   80    0.125841    0.000000    0.000000
   80    0.000000    0.125841    0.000000
   80    0.000000    0.000000    0.125841
    8    8.000000    0.000000    0.229480    0.000000
    1    1.000000    1.419089   -0.912934    0.000000
    1    1.000000   -1.419089   -0.922903    0.000000
  1.68102E-02  1.69292E-02  1.70194E-02  1.70800E-02  1.71104E-02  1.71104E-02
       .            .            .            .            .            .
       .            .            .            .            .            .
       .            .            .            .            .            .
 -9.35613E-03 -9.35127E-03 -9.34157E-03 -9.32700E-03 -9.30755E-03 -9.28322E-03

338134 out of 512000 gridpoints are considered ( 66.0%).

...done!

 writing cube file quadrupole_expansion.cube                                                                                                                                                                                                                                                                                                                                                                                                                                                                                                                                                                                                                                                                                                                                                                                                                                                                                                                                                                                                                                       
Written cubefile and slice data
Running in analysis mode

Reading "/data/boittier/energies/h2o_geom.xyz.dir/h2o_1234.chk.fchk.potential.cube"...

  h2o Potential=SCF
  Electrostatic potential from Total SCF Density
    3   -4.970736   -4.741256   -4.970736
   80    0.125841    0.000000    0.000000
   80    0.000000    0.125841    0.000000
   80    0.000000    0.000000    0.125841
    8    8.000000    0.000000    0.229480    0.000000
    1    1.000000    1.419089   -0.912934    0.000000
    1    1.000000   -1.419089   -0.922903    0.000000
  6.26602E-03  6.49353E-03  6.72827E-03  6.97026E-03  7.21944E-03  7.47575E-03
       .            .            .            .            .            .
       .            .            .            .            .            .
       .            .            .            .            .            .
 -6.82629E-03 -6.70662E-03 -6.58689E-03 -6.46727E-03 -6.34792E-03 -6.22900E-03

512000 out of 512000 gridpoints are considered (100.0%).

...done!

Reading "/home/boittier/esp_check/quadrupole_expansion.cube"...

  Fitted ESP
  Electrostatic potential fitted from quadrupole expansion.
    3   -4.970736   -4.741256   -4.970736
   80    0.125841    0.000000    0.000000
   80    0.000000    0.125841    0.000000
   80    0.000000    0.000000    0.125841
    8    8.000000    0.000000    0.229480    0.000000
    1    1.000000    1.419089   -0.912934    0.000000
    1    1.000000   -1.419089   -0.922903    0.000000
  6.20831E-03  6.42954E-03  6.65758E-03  6.89242E-03  7.13402E-03  7.38230E-03
       .            .            .            .            .            .
       .            .            .            .            .            .
       .            .            .            .            .            .
 -6.77461E-03 -6.65997E-03 -6.54499E-03 -6.42983E-03 -6.31467E-03 -6.19966E-03

512000 out of 512000 gridpoints are considered (100.0%).

...done!

                       Measure       RMSE[kcal/mol/e]   MaxError[kcal/mol/e]   NPoints
                         Total        6.729274712E-01        4.712721614E+00    407160
Close (  1.20 < r <   1.66 )          1.062917203E+00        4.712721614E+00    143390
Mid-range ( 1.66 < r <  2.20)         3.317377541E-01        1.062499033E+00    194744
Far-range (  2.20         < r)        1.168356892E-01        3.220378595E-01     69026
Did analysis and wrote slice data
