/home/boittier/esp_check
h2o_264
/data/boittier/energies/h2o_geom.xyz.dir
Read multipoles for 3 atoms with max. rank 2
Running in generate mode

Reading "/data/boittier/energies/h2o_geom.xyz.dir/h2o_264.chk.fchk.potential.cube"...

  h2o Potential=SCF
  Electrostatic potential from Total SCF Density
    3   -4.970736   -4.750860   -4.970736
   80    0.125841    0.000000    0.000000
   80    0.000000    0.125841    0.000000
   80    0.000000    0.000000    0.125841
    8    8.000000    0.000000    0.219876    0.000000
    1    1.000000    1.419591   -0.908832    0.000000
    1    1.000000   -1.419591   -0.850174    0.000000
  1.63118E-02  1.64875E-02  1.66362E-02  1.67568E-02  1.68481E-02  1.69095E-02
       .            .            .            .            .            .
       .            .            .            .            .            .
       .            .            .            .            .            .
 -9.31042E-03 -9.30552E-03 -9.29570E-03 -9.28097E-03 -9.26131E-03 -9.23671E-03

338348 out of 512000 gridpoints are considered ( 66.1%).

...done!

 writing cube file quadrupole_expansion.cube                                                                                                                                                                                                                                                                                                                                                                                                                                                                                                                                                                                                                                                                                                                                                                                                                                                                                                                                                                                                                                       
Written cubefile and slice data
Running in analysis mode

Reading "/data/boittier/energies/h2o_geom.xyz.dir/h2o_264.chk.fchk.potential.cube"...

  h2o Potential=SCF
  Electrostatic potential from Total SCF Density
    3   -4.970736   -4.750860   -4.970736
   80    0.125841    0.000000    0.000000
   80    0.000000    0.125841    0.000000
   80    0.000000    0.000000    0.125841
    8    8.000000    0.000000    0.219876    0.000000
    1    1.000000    1.419591   -0.908832    0.000000
    1    1.000000   -1.419591   -0.850174    0.000000
  6.08314E-03  6.30243E-03  6.52861E-03  6.76165E-03  7.00151E-03  7.24811E-03
       .            .            .            .            .            .
       .            .            .            .            .            .
       .            .            .            .            .            .
 -6.77729E-03 -6.65746E-03 -6.53762E-03 -6.41793E-03 -6.29855E-03 -6.17962E-03

512000 out of 512000 gridpoints are considered (100.0%).

...done!

Reading "/home/boittier/esp_check/quadrupole_expansion.cube"...

  Fitted ESP
  Electrostatic potential fitted from quadrupole expansion.
    3   -4.970736   -4.750860   -4.970736
   80    0.125841    0.000000    0.000000
   80    0.000000    0.125841    0.000000
   80    0.000000    0.000000    0.125841
    8    8.000000    0.000000    0.219876    0.000000
    1    1.000000    1.419591   -0.908832    0.000000
    1    1.000000   -1.419591   -0.850174    0.000000
  6.02636E-03  6.23953E-03  6.45916E-03  6.68524E-03  6.91771E-03  7.15648E-03
       .            .            .            .            .            .
       .            .            .            .            .            .
       .            .            .            .            .            .
 -6.72619E-03 -6.61135E-03 -6.49621E-03 -6.38094E-03 -6.26571E-03 -6.15066E-03

512000 out of 512000 gridpoints are considered (100.0%).

...done!

                       Measure       RMSE[kcal/mol/e]   MaxError[kcal/mol/e]   NPoints
                         Total        6.812821832E-01        4.692076553E+00    407854
Close (  1.20 < r <   1.66 )          1.078255951E+00        4.692076553E+00    142954
Mid-range ( 1.66 < r <  2.20)         3.363560142E-01        1.063565799E+00    195394
Far-range (  2.20         < r)        1.195948565E-01        3.192579925E-01     69506
Did analysis and wrote slice data
