/home/boittier/esp_check
h2o_170
/data/boittier/energies/h2o_geom.xyz.dir
Read multipoles for 3 atoms with max. rank 2
Running in generate mode

Reading "/data/boittier/energies/h2o_geom.xyz.dir/h2o_170.chk.fchk.potential.cube"...

  h2o Potential=SCF
  Electrostatic potential from Total SCF Density
    3   -4.970736   -4.750300   -4.970736
   80    0.125841    0.000000    0.000000
   80    0.000000    0.125841    0.000000
   80    0.000000    0.000000    0.125841
    8    8.000000    0.000000    0.220435    0.000000
    1    1.000000    1.443633   -0.873282    0.000000
    1    1.000000   -1.443633   -0.890200    0.000000
  1.66632E-02  1.67523E-02  1.68122E-02  1.68422E-02  1.68422E-02  1.68122E-02
       .            .            .            .            .            .
       .            .            .            .            .            .
       .            .            .            .            .            .
 -8.93468E-03 -8.93041E-03 -8.92187E-03 -8.90904E-03 -8.89189E-03 -8.87040E-03

338161 out of 512000 gridpoints are considered ( 66.0%).

...done!

 writing cube file quadrupole_expansion.cube                                                                                                                                                                                                                                                                                                                                                                                                                                                                                                                                                                                                                                                                                                                                                                                                                                                                                                                                                                                                                                       
Written cubefile and slice data
Running in analysis mode

Reading "/data/boittier/energies/h2o_geom.xyz.dir/h2o_170.chk.fchk.potential.cube"...

  h2o Potential=SCF
  Electrostatic potential from Total SCF Density
    3   -4.970736   -4.750300   -4.970736
   80    0.125841    0.000000    0.000000
   80    0.000000    0.125841    0.000000
   80    0.000000    0.000000    0.125841
    8    8.000000    0.000000    0.220435    0.000000
    1    1.000000    1.443633   -0.873282    0.000000
    1    1.000000   -1.443633   -0.890200    0.000000
  6.11741E-03  6.34098E-03  6.57170E-03  6.80957E-03  7.05456E-03  7.30659E-03
       .            .            .            .            .            .
       .            .            .            .            .            .
       .            .            .            .            .            .
 -6.65071E-03 -6.53514E-03 -6.41946E-03 -6.30384E-03 -6.18843E-03 -6.07339E-03

512000 out of 512000 gridpoints are considered (100.0%).

...done!

Reading "/home/boittier/esp_check/quadrupole_expansion.cube"...

  Fitted ESP
  Electrostatic potential fitted from quadrupole expansion.
    3   -4.970736   -4.750300   -4.970736
   80    0.125841    0.000000    0.000000
   80    0.000000    0.125841    0.000000
   80    0.000000    0.000000    0.125841
    8    8.000000    0.000000    0.220435    0.000000
    1    1.000000    1.443633   -0.873282    0.000000
    1    1.000000   -1.443633   -0.890200    0.000000
  6.05682E-03  6.27404E-03  6.49798E-03  6.72864E-03  6.96598E-03  7.20990E-03
       .            .            .            .            .            .
       .            .            .            .            .            .
       .            .            .            .            .            .
 -6.59492E-03 -6.48452E-03 -6.37373E-03 -6.26272E-03 -6.15163E-03 -6.04063E-03

512000 out of 512000 gridpoints are considered (100.0%).

...done!

                       Measure       RMSE[kcal/mol/e]   MaxError[kcal/mol/e]   NPoints
                         Total        6.847078951E-01        4.698100643E+00    407403
Close (  1.20 < r <   1.66 )          1.082510885E+00        4.698100643E+00    143175
Mid-range ( 1.66 < r <  2.20)         3.376612208E-01        1.077684762E+00    194986
Far-range (  2.20         < r)        1.197291645E-01        3.220378595E-01     69242
Did analysis and wrote slice data
