/home/boittier/esp_check
h2o_143
/data/boittier/energies/h2o_geom.xyz.dir
Read multipoles for 3 atoms with max. rank 2
Running in generate mode

Reading "/data/boittier/energies/h2o_geom.xyz.dir/h2o_143.chk.fchk.potential.cube"...

  h2o Potential=SCF
  Electrostatic potential from Total SCF Density
    3   -4.970736   -4.754074   -4.970736
   80    0.125841    0.000000    0.000000
   80    0.000000    0.125841    0.000000
   80    0.000000    0.000000    0.125841
    8    8.000000    0.000000    0.216662    0.000000
    1    1.000000    1.453069   -0.862415    0.000000
    1    1.000000   -1.453069   -0.870882    0.000000
  1.65068E-02  1.65951E-02  1.66544E-02  1.66842E-02  1.66842E-02  1.66544E-02
       .            .            .            .            .            .
       .            .            .            .            .            .
       .            .            .            .            .            .
 -8.80368E-03 -8.79958E-03 -8.79139E-03 -8.77907E-03 -8.76260E-03 -8.74196E-03

338128 out of 512000 gridpoints are considered ( 66.0%).

...done!

 writing cube file quadrupole_expansion.cube                                                                                                                                                                                                                                                                                                                                                                                                                                                                                                                                                                                                                                                                                                                                                                                                                                                                                                                                                                                                                                       
Written cubefile and slice data
Running in analysis mode

Reading "/data/boittier/energies/h2o_geom.xyz.dir/h2o_143.chk.fchk.potential.cube"...

  h2o Potential=SCF
  Electrostatic potential from Total SCF Density
    3   -4.970736   -4.754074   -4.970736
   80    0.125841    0.000000    0.000000
   80    0.000000    0.125841    0.000000
   80    0.000000    0.000000    0.125841
    8    8.000000    0.000000    0.216662    0.000000
    1    1.000000    1.453069   -0.862415    0.000000
    1    1.000000   -1.453069   -0.870882    0.000000
  6.04741E-03  6.26877E-03  6.49722E-03  6.73275E-03  6.97533E-03  7.22488E-03
       .            .            .            .            .            .
       .            .            .            .            .            .
       .            .            .            .            .            .
 -6.59383E-03 -6.47945E-03 -6.36497E-03 -6.25053E-03 -6.13630E-03 -6.02241E-03

512000 out of 512000 gridpoints are considered (100.0%).

...done!

Reading "/home/boittier/esp_check/quadrupole_expansion.cube"...

  Fitted ESP
  Electrostatic potential fitted from quadrupole expansion.
    3   -4.970736   -4.754074   -4.970736
   80    0.125841    0.000000    0.000000
   80    0.000000    0.125841    0.000000
   80    0.000000    0.000000    0.125841
    8    8.000000    0.000000    0.216662    0.000000
    1    1.000000    1.453069   -0.862415    0.000000
    1    1.000000   -1.453069   -0.870882    0.000000
  5.98616E-03  6.20117E-03  6.42284E-03  6.65116E-03  6.88608E-03  7.12753E-03
       .            .            .            .            .            .
       .            .            .            .            .            .
       .            .            .            .            .            .
 -6.53707E-03 -6.42791E-03 -6.31834E-03 -6.20854E-03 -6.09865E-03 -5.98883E-03

512000 out of 512000 gridpoints are considered (100.0%).

...done!

                       Measure       RMSE[kcal/mol/e]   MaxError[kcal/mol/e]   NPoints
                         Total        6.887524038E-01        4.690194024E+00    407458
Close (  1.20 < r <   1.66 )          1.089539090E+00        4.690194024E+00    142988
Mid-range ( 1.66 < r <  2.20)         3.398461922E-01        1.093372499E+00    195140
Far-range (  2.20         < r)        1.207992041E-01        3.218496067E-01     69330
Did analysis and wrote slice data
