/home/boittier/esp_check
h2o_1247
/data/boittier/energies/h2o_geom.xyz.dir
Read multipoles for 3 atoms with max. rank 2
Running in generate mode

Reading "/data/boittier/energies/h2o_geom.xyz.dir/h2o_1247.chk.fchk.potential.cube"...

  h2o Potential=SCF
  Electrostatic potential from Total SCF Density
    3   -4.970736   -4.745243   -4.970736
   80    0.125841    0.000000    0.000000
   80    0.000000    0.125841    0.000000
   80    0.000000    0.000000    0.125841
    8    8.000000    0.000000    0.225493    0.000000
    1    1.000000    1.504234   -0.785105    0.000000
    1    1.000000   -1.504234   -1.018836    0.000000
  1.69210E-02  1.71026E-02  1.72564E-02  1.73809E-02  1.74753E-02  1.75387E-02
       .            .            .            .            .            .
       .            .            .            .            .            .
       .            .            .            .            .            .
 -7.96543E-03 -7.96289E-03 -7.95778E-03 -7.95006E-03 -7.93967E-03 -7.92653E-03

337378 out of 512000 gridpoints are considered ( 65.9%).

...done!

 writing cube file quadrupole_expansion.cube                                                                                                                                                                                                                                                                                                                                                                                                                                                                                                                                                                                                                                                                                                                                                                                                                                                                                                                                                                                                                                       
Written cubefile and slice data
Running in analysis mode

Reading "/data/boittier/energies/h2o_geom.xyz.dir/h2o_1247.chk.fchk.potential.cube"...

  h2o Potential=SCF
  Electrostatic potential from Total SCF Density
    3   -4.970736   -4.745243   -4.970736
   80    0.125841    0.000000    0.000000
   80    0.000000    0.125841    0.000000
   80    0.000000    0.000000    0.125841
    8    8.000000    0.000000    0.225493    0.000000
    1    1.000000    1.504234   -0.785105    0.000000
    1    1.000000   -1.504234   -1.018836    0.000000
  6.28324E-03  6.52173E-03  6.76828E-03  7.02293E-03  7.28565E-03  7.55640E-03
       .            .            .            .            .            .
       .            .            .            .            .            .
       .            .            .            .            .            .
 -6.33666E-03 -6.23244E-03 -6.12786E-03 -6.02308E-03 -5.91823E-03 -5.81347E-03

512000 out of 512000 gridpoints are considered (100.0%).

...done!

Reading "/home/boittier/esp_check/quadrupole_expansion.cube"...

  Fitted ESP
  Electrostatic potential fitted from quadrupole expansion.
    3   -4.970736   -4.745243   -4.970736
   80    0.125841    0.000000    0.000000
   80    0.000000    0.125841    0.000000
   80    0.000000    0.000000    0.125841
    8    8.000000    0.000000    0.225493    0.000000
    1    1.000000    1.504234   -0.785105    0.000000
    1    1.000000   -1.504234   -1.018836    0.000000
  6.21386E-03  6.44544E-03  6.68464E-03  6.93145E-03  7.18588E-03  7.44786E-03
       .            .            .            .            .            .
       .            .            .            .            .            .
       .            .            .            .            .            .
 -6.26988E-03 -6.17125E-03 -6.07197E-03 -5.97218E-03 -5.87204E-03 -5.77170E-03

512000 out of 512000 gridpoints are considered (100.0%).

...done!

                       Measure       RMSE[kcal/mol/e]   MaxError[kcal/mol/e]   NPoints
                         Total        6.888100462E-01        4.712345108E+00    405836
Close (  1.20 < r <   1.66 )          1.084956322E+00        4.712345108E+00    143935
Mid-range ( 1.66 < r <  2.20)         3.384085864E-01        1.120229904E+00    193443
Far-range (  2.20         < r)        1.189889596E-01        3.295052222E-01     68458
Did analysis and wrote slice data
