/home/boittier/esp_check
h2o_1123
/data/boittier/energies/h2o_geom.xyz.dir
Read multipoles for 3 atoms with max. rank 2
Running in generate mode

Reading "/data/boittier/energies/h2o_geom.xyz.dir/h2o_1123.chk.fchk.potential.cube"...

  h2o Potential=SCF
  Electrostatic potential from Total SCF Density
    3   -4.970736   -4.745681   -4.970736
   80    0.125841    0.000000    0.000000
   80    0.000000    0.125841    0.000000
   80    0.000000    0.000000    0.125841
    8    8.000000    0.000000    0.225055    0.000000
    1    1.000000    1.432054   -0.887388    0.000000
    1    1.000000   -1.432054   -0.913052    0.000000
  1.67246E-02  1.68435E-02  1.69336E-02  1.69940E-02  1.70244E-02  1.70244E-02
       .            .            .            .            .            .
       .            .            .            .            .            .
       .            .            .            .            .            .
 -9.09816E-03 -9.09367E-03 -9.08470E-03 -9.07122E-03 -9.05321E-03 -9.03067E-03

338143 out of 512000 gridpoints are considered ( 66.0%).

...done!

 writing cube file quadrupole_expansion.cube                                                                                                                                                                                                                                                                                                                                                                                                                                                                                                                                                                                                                                                                                                                                                                                                                                                                                                                                                                                                                                       
Written cubefile and slice data
Running in analysis mode

Reading "/data/boittier/energies/h2o_geom.xyz.dir/h2o_1123.chk.fchk.potential.cube"...

  h2o Potential=SCF
  Electrostatic potential from Total SCF Density
    3   -4.970736   -4.745681   -4.970736
   80    0.125841    0.000000    0.000000
   80    0.000000    0.125841    0.000000
   80    0.000000    0.000000    0.125841
    8    8.000000    0.000000    0.225055    0.000000
    1    1.000000    1.432054   -0.887388    0.000000
    1    1.000000   -1.432054   -0.913052    0.000000
  6.19977E-03  6.42590E-03  6.65927E-03  6.89986E-03  7.14765E-03  7.40256E-03
       .            .            .            .            .            .
       .            .            .            .            .            .
       .            .            .            .            .            .
 -6.72134E-03 -6.60425E-03 -6.48708E-03 -6.36998E-03 -6.25311E-03 -6.13662E-03

512000 out of 512000 gridpoints are considered (100.0%).

...done!

Reading "/home/boittier/esp_check/quadrupole_expansion.cube"...

  Fitted ESP
  Electrostatic potential fitted from quadrupole expansion.
    3   -4.970736   -4.745681   -4.970736
   80    0.125841    0.000000    0.000000
   80    0.000000    0.125841    0.000000
   80    0.000000    0.000000    0.125841
    8    8.000000    0.000000    0.225055    0.000000
    1    1.000000    1.432054   -0.887388    0.000000
    1    1.000000   -1.432054   -0.913052    0.000000
  6.14015E-03  6.35994E-03  6.58653E-03  6.81992E-03  7.06006E-03  7.30686E-03
       .            .            .            .            .            .
       .            .            .            .            .            .
       .            .            .            .            .            .
 -6.66692E-03 -6.55497E-03 -6.44264E-03 -6.33010E-03 -6.21751E-03 -6.10503E-03

512000 out of 512000 gridpoints are considered (100.0%).

...done!

                       Measure       RMSE[kcal/mol/e]   MaxError[kcal/mol/e]   NPoints
                         Total        6.789407852E-01        4.706823025E+00    407263
Close (  1.20 < r <   1.66 )          1.072781986E+00        4.706823025E+00    143309
Mid-range ( 1.66 < r <  2.20)         3.347780605E-01        1.070656656E+00    194834
Far-range (  2.20         < r)        1.182887637E-01        3.222261123E-01     69120
Did analysis and wrote slice data
