/home/boittier/esp_check
h2o_33
/data/boittier/energies/h2o_geom.xyz.dir
Read multipoles for 3 atoms with max. rank 2
Running in generate mode

Reading "/data/boittier/energies/h2o_geom.xyz.dir/h2o_33.chk.fchk.potential.cube"...

  h2o Potential=SCF
  Electrostatic potential from Total SCF Density
    3   -4.970736   -4.752415   -4.970736
   80    0.125841    0.000000    0.000000
   80    0.000000    0.125841    0.000000
   80    0.000000    0.000000    0.125841
    8    8.000000    0.000000    0.218320    0.000000
    1    1.000000    1.442258   -0.876975    0.000000
    1    1.000000   -1.442258   -0.869588    0.000000
  1.65737E-02  1.66326E-02  1.66622E-02  1.66622E-02  1.66326E-02  1.65737E-02
       .            .            .            .            .            .
       .            .            .            .            .            .
       .            .            .            .            .            .
 -8.96664E-03 -8.96230E-03 -8.95359E-03 -8.94051E-03 -8.92305E-03 -8.90116E-03

338192 out of 512000 gridpoints are considered ( 66.1%).

...done!

 writing cube file quadrupole_expansion.cube                                                                                                                                                                                                                                                                                                                                                                                                                                                                                                                                                                                                                                                                                                                                                                                                                                                                                                                                                                                                                                       
Written cubefile and slice data
Running in analysis mode

Reading "/data/boittier/energies/h2o_geom.xyz.dir/h2o_33.chk.fchk.potential.cube"...

  h2o Potential=SCF
  Electrostatic potential from Total SCF Density
    3   -4.970736   -4.752415   -4.970736
   80    0.125841    0.000000    0.000000
   80    0.000000    0.125841    0.000000
   80    0.000000    0.000000    0.125841
    8    8.000000    0.000000    0.218320    0.000000
    1    1.000000    1.442258   -0.876975    0.000000
    1    1.000000   -1.442258   -0.869588    0.000000
  6.07139E-03  6.29266E-03  6.52097E-03  6.75632E-03  6.99867E-03  7.24795E-03
       .            .            .            .            .            .
       .            .            .            .            .            .
       .            .            .            .            .            .
 -6.65471E-03 -6.53862E-03 -6.42245E-03 -6.30636E-03 -6.19050E-03 -6.07502E-03

512000 out of 512000 gridpoints are considered (100.0%).

...done!

Reading "/home/boittier/esp_check/quadrupole_expansion.cube"...

  Fitted ESP
  Electrostatic potential fitted from quadrupole expansion.
    3   -4.970736   -4.752415   -4.970736
   80    0.125841    0.000000    0.000000
   80    0.000000    0.125841    0.000000
   80    0.000000    0.000000    0.125841
    8    8.000000    0.000000    0.218320    0.000000
    1    1.000000    1.442258   -0.876975    0.000000
    1    1.000000   -1.442258   -0.869588    0.000000
  6.01145E-03  6.22642E-03  6.44801E-03  6.67621E-03  6.91098E-03  7.15223E-03
       .            .            .            .            .            .
       .            .            .            .            .            .
       .            .            .            .            .            .
 -6.59963E-03 -6.48869E-03 -6.37737E-03 -6.26585E-03 -6.15428E-03 -6.04282E-03

512000 out of 512000 gridpoints are considered (100.0%).

...done!

                       Measure       RMSE[kcal/mol/e]   MaxError[kcal/mol/e]   NPoints
                         Total        6.860380270E-01        4.692013802E+00    407546
Close (  1.20 < r <   1.66 )          1.085216710E+00        4.692013802E+00    143030
Mid-range ( 1.66 < r <  2.20)         3.384985312E-01        1.080571306E+00    195162
Far-range (  2.20         < r)        1.202650463E-01        3.211656213E-01     69354
Did analysis and wrote slice data
