/home/boittier/esp_check
h2o_1736
/data/boittier/energies/h2o_geom.xyz.dir
Read multipoles for 3 atoms with max. rank 2
Running in generate mode

Reading "/data/boittier/energies/h2o_geom.xyz.dir/h2o_1736.chk.fchk.potential.cube"...

  h2o Potential=SCF
  Electrostatic potential from Total SCF Density
    3   -4.970736   -4.740588   -4.970736
   80    0.125841    0.000000    0.000000
   80    0.000000    0.125841    0.000000
   80    0.000000    0.000000    0.125841
    8    8.000000    0.000000    0.230147    0.000000
    1    1.000000    1.540017   -0.734694    0.000000
    1    1.000000   -1.540017   -1.106484    0.000000
  1.72321E-02  1.74163E-02  1.75722E-02  1.76986E-02  1.77943E-02  1.78586E-02
       .            .            .            .            .            .
       .            .            .            .            .            .
       .            .            .            .            .            .
 -7.38086E-03 -7.37938E-03 -7.37639E-03 -7.37184E-03 -7.36563E-03 -7.35766E-03

336852 out of 512000 gridpoints are considered ( 65.8%).

...done!

 writing cube file quadrupole_expansion.cube                                                                                                                                                                                                                                                                                                                                                                                                                                                                                                                                                                                                                                                                                                                                                                                                                                                                                                                                                                                                                                       
Written cubefile and slice data
Running in analysis mode

Reading "/data/boittier/energies/h2o_geom.xyz.dir/h2o_1736.chk.fchk.potential.cube"...

  h2o Potential=SCF
  Electrostatic potential from Total SCF Density
    3   -4.970736   -4.740588   -4.970736
   80    0.125841    0.000000    0.000000
   80    0.000000    0.125841    0.000000
   80    0.000000    0.000000    0.125841
    8    8.000000    0.000000    0.230147    0.000000
    1    1.000000    1.540017   -0.734694    0.000000
    1    1.000000   -1.540017   -1.106484    0.000000
  6.41073E-03  6.65991E-03  6.91781E-03  7.18446E-03  7.45989E-03  7.74407E-03
       .            .            .            .            .            .
       .            .            .            .            .            .
       .            .            .            .            .            .
 -6.15033E-03 -6.05316E-03 -5.95546E-03 -5.85738E-03 -5.75908E-03 -5.66067E-03

512000 out of 512000 gridpoints are considered (100.0%).

...done!

Reading "/home/boittier/esp_check/quadrupole_expansion.cube"...

  Fitted ESP
  Electrostatic potential fitted from quadrupole expansion.
    3   -4.970736   -4.740588   -4.970736
   80    0.125841    0.000000    0.000000
   80    0.000000    0.125841    0.000000
   80    0.000000    0.000000    0.125841
    8    8.000000    0.000000    0.230147    0.000000
    1    1.000000    1.540017   -0.734694    0.000000
    1    1.000000   -1.540017   -1.106484    0.000000
  6.33720E-03  6.57920E-03  6.82944E-03  7.08797E-03  7.35478E-03  7.62985E-03
       .            .            .            .            .            .
       .            .            .            .            .            .
       .            .            .            .            .            .
 -6.07808E-03 -5.98665E-03 -5.89441E-03 -5.80150E-03 -5.70806E-03 -5.61424E-03

512000 out of 512000 gridpoints are considered (100.0%).

...done!

                       Measure       RMSE[kcal/mol/e]   MaxError[kcal/mol/e]   NPoints
                         Total        6.893084907E-01        4.700610681E+00    404750
Close (  1.20 < r <   1.66 )          1.083374124E+00        4.700610681E+00    144408
Mid-range ( 1.66 < r <  2.20)         3.371820161E-01        1.146271547E+00    192444
Far-range (  2.20         < r)        1.179454918E-01        3.338162122E-01     67898
Did analysis and wrote slice data
