/home/boittier/esp_check
h2o_259
/data/boittier/energies/h2o_geom.xyz.dir
Read multipoles for 3 atoms with max. rank 2
Running in generate mode

Reading "/data/boittier/energies/h2o_geom.xyz.dir/h2o_259.chk.fchk.potential.cube"...

  h2o Potential=SCF
  Electrostatic potential from Total SCF Density
    3   -4.970736   -4.753238   -4.970736
   80    0.125841    0.000000    0.000000
   80    0.000000    0.125841    0.000000
   80    0.000000    0.000000    0.125841
    8    8.000000    0.000000    0.217498    0.000000
    1    1.000000    1.459382   -0.852802    0.000000
    1    1.000000   -1.459382   -0.887178    0.000000
  1.65376E-02  1.66559E-02  1.67455E-02  1.68057E-02  1.68359E-02  1.68359E-02
       .            .            .            .            .            .
       .            .            .            .            .            .
       .            .            .            .            .            .
 -8.70203E-03 -8.69812E-03 -8.69029E-03 -8.67852E-03 -8.66278E-03 -8.64303E-03

338081 out of 512000 gridpoints are considered ( 66.0%).

...done!

 writing cube file quadrupole_expansion.cube                                                                                                                                                                                                                                                                                                                                                                                                                                                                                                                                                                                                                                                                                                                                                                                                                                                                                                                                                                                                                                       
Written cubefile and slice data
Running in analysis mode

Reading "/data/boittier/energies/h2o_geom.xyz.dir/h2o_259.chk.fchk.potential.cube"...

  h2o Potential=SCF
  Electrostatic potential from Total SCF Density
    3   -4.970736   -4.753238   -4.970736
   80    0.125841    0.000000    0.000000
   80    0.000000    0.125841    0.000000
   80    0.000000    0.000000    0.125841
    8    8.000000    0.000000    0.217498    0.000000
    1    1.000000    1.459382   -0.852802    0.000000
    1    1.000000   -1.459382   -0.887178    0.000000
  6.07209E-03  6.29530E-03  6.52570E-03  6.76330E-03  7.00804E-03  7.25988E-03
       .            .            .            .            .            .
       .            .            .            .            .            .
       .            .            .            .            .            .
 -6.56221E-03 -6.44905E-03 -6.33574E-03 -6.22245E-03 -6.10934E-03 -5.99653E-03

512000 out of 512000 gridpoints are considered (100.0%).

...done!

Reading "/home/boittier/esp_check/quadrupole_expansion.cube"...

  Fitted ESP
  Electrostatic potential fitted from quadrupole expansion.
    3   -4.970736   -4.753238   -4.970736
   80    0.125841    0.000000    0.000000
   80    0.000000    0.125841    0.000000
   80    0.000000    0.000000    0.125841
    8    8.000000    0.000000    0.217498    0.000000
    1    1.000000    1.459382   -0.852802    0.000000
    1    1.000000   -1.459382   -0.887178    0.000000
  6.00974E-03  6.22652E-03  6.45006E-03  6.68036E-03  6.91737E-03  7.16102E-03
       .            .            .            .            .            .
       .            .            .            .            .            .
       .            .            .            .            .            .
 -6.50411E-03 -6.39622E-03 -6.28788E-03 -6.17927E-03 -6.07055E-03 -5.96187E-03

512000 out of 512000 gridpoints are considered (100.0%).

...done!

                       Measure       RMSE[kcal/mol/e]   MaxError[kcal/mol/e]   NPoints
                         Total        6.891402101E-01        4.694900345E+00    407315
Close (  1.20 < r <   1.66 )          1.089584468E+00        4.694900345E+00    143125
Mid-range ( 1.66 < r <  2.20)         3.398324293E-01        1.098204322E+00    194956
Far-range (  2.20         < r)        1.206499799E-01        3.228661720E-01     69234
Did analysis and wrote slice data
