/home/boittier/esp_check
h2o_237
/data/boittier/energies/h2o_geom.xyz.dir
Read multipoles for 3 atoms with max. rank 2
Running in generate mode

Reading "/data/boittier/energies/h2o_geom.xyz.dir/h2o_237.chk.fchk.potential.cube"...

  h2o Potential=SCF
  Electrostatic potential from Total SCF Density
    3   -4.970736   -4.745860   -4.970736
   80    0.125841    0.000000    0.000000
   80    0.000000    0.125841    0.000000
   80    0.000000    0.000000    0.125841
    8    8.000000    0.000000    0.224875    0.000000
    1    1.000000    1.407064   -0.922722    0.000000
    1    1.000000   -1.407064   -0.876280    0.000000
  1.65127E-02  1.66906E-02  1.68412E-02  1.69632E-02  1.70557E-02  1.71178E-02
       .            .            .            .            .            .
       .            .            .            .            .            .
       .            .            .            .            .            .
 -9.47311E-03 -9.46800E-03 -9.45777E-03 -9.44243E-03 -9.42196E-03 -9.39637E-03

338356 out of 512000 gridpoints are considered ( 66.1%).

...done!

 writing cube file quadrupole_expansion.cube                                                                                                                                                                                                                                                                                                                                                                                                                                                                                                                                                                                                                                                                                                                                                                                                                                                                                                                                                                                                                                       
Written cubefile and slice data
Running in analysis mode

Reading "/data/boittier/energies/h2o_geom.xyz.dir/h2o_237.chk.fchk.potential.cube"...

  h2o Potential=SCF
  Electrostatic potential from Total SCF Density
    3   -4.970736   -4.745860   -4.970736
   80    0.125841    0.000000    0.000000
   80    0.000000    0.125841    0.000000
   80    0.000000    0.000000    0.125841
    8    8.000000    0.000000    0.224875    0.000000
    1    1.000000    1.407064   -0.922722    0.000000
    1    1.000000   -1.407064   -0.876280    0.000000
  6.17738E-03  6.39968E-03  6.62894E-03  6.86516E-03  7.10830E-03  7.35827E-03
       .            .            .            .            .            .
       .            .            .            .            .            .
       .            .            .            .            .            .
 -6.84966E-03 -6.72837E-03 -6.60707E-03 -6.48594E-03 -6.36513E-03 -6.24479E-03

512000 out of 512000 gridpoints are considered (100.0%).

...done!

Reading "/home/boittier/esp_check/quadrupole_expansion.cube"...

  Fitted ESP
  Electrostatic potential fitted from quadrupole expansion.
    3   -4.970736   -4.745860   -4.970736
   80    0.125841    0.000000    0.000000
   80    0.000000    0.125841    0.000000
   80    0.000000    0.000000    0.125841
    8    8.000000    0.000000    0.224875    0.000000
    1    1.000000    1.407064   -0.922722    0.000000
    1    1.000000   -1.407064   -0.876280    0.000000
  6.12141E-03  6.33757E-03  6.56029E-03  6.78955E-03  7.02528E-03  7.26741E-03
       .            .            .            .            .            .
       .            .            .            .            .            .
       .            .            .            .            .            .
 -6.79980E-03 -6.68347E-03 -6.56684E-03 -6.45010E-03 -6.33340E-03 -6.21691E-03

512000 out of 512000 gridpoints are considered (100.0%).

...done!

                       Measure       RMSE[kcal/mol/e]   MaxError[kcal/mol/e]   NPoints
                         Total        6.751376496E-01        4.701049938E+00    407734
Close (  1.20 < r <   1.66 )          1.067952632E+00        4.701049938E+00    143105
Mid-range ( 1.66 < r <  2.20)         3.331296443E-01        1.056474942E+00    195251
Far-range (  2.20         < r)        1.180605403E-01        3.194650707E-01     69378
Did analysis and wrote slice data
