/home/boittier/esp_check
h2o_552
/data/boittier/energies/h2o_geom.xyz.dir
Read multipoles for 3 atoms with max. rank 2
Running in generate mode

Reading "/data/boittier/energies/h2o_geom.xyz.dir/h2o_552.chk.fchk.potential.cube"...

  h2o Potential=SCF
  Electrostatic potential from Total SCF Density
    3   -4.970736   -4.754971   -4.970736
   80    0.125841    0.000000    0.000000
   80    0.000000    0.125841    0.000000
   80    0.000000    0.000000    0.125841
    8    8.000000    0.000000    0.215765    0.000000
    1    1.000000    1.443135   -0.877253    0.000000
    1    1.000000   -1.443135   -0.848865    0.000000
  1.63209E-02  1.64984E-02  1.66487E-02  1.67706E-02  1.68629E-02  1.69249E-02
       .            .            .            .            .            .
       .            .            .            .            .            .
       .            .            .            .            .            .
 -8.96070E-03 -8.95633E-03 -8.94758E-03 -8.93443E-03 -8.91686E-03 -8.89486E-03

338230 out of 512000 gridpoints are considered ( 66.1%).

...done!

 writing cube file quadrupole_expansion.cube                                                                                                                                                                                                                                                                                                                                                                                                                                                                                                                                                                                                                                                                                                                                                                                                                                                                                                                                                                                                                                       
Written cubefile and slice data
Running in analysis mode

Reading "/data/boittier/energies/h2o_geom.xyz.dir/h2o_552.chk.fchk.potential.cube"...

  h2o Potential=SCF
  Electrostatic potential from Total SCF Density
    3   -4.970736   -4.754971   -4.970736
   80    0.125841    0.000000    0.000000
   80    0.000000    0.125841    0.000000
   80    0.000000    0.000000    0.125841
    8    8.000000    0.000000    0.215765    0.000000
    1    1.000000    1.443135   -0.877253    0.000000
    1    1.000000   -1.443135   -0.848865    0.000000
  6.01762E-03  6.23652E-03  6.46236E-03  6.69513E-03  6.93480E-03  7.18128E-03
       .            .            .            .            .            .
       .            .            .            .            .            .
       .            .            .            .            .            .
 -6.64391E-03 -6.52771E-03 -6.41143E-03 -6.29525E-03 -6.17932E-03 -6.06377E-03

512000 out of 512000 gridpoints are considered (100.0%).

...done!

Reading "/home/boittier/esp_check/quadrupole_expansion.cube"...

  Fitted ESP
  Electrostatic potential fitted from quadrupole expansion.
    3   -4.970736   -4.754971   -4.970736
   80    0.125841    0.000000    0.000000
   80    0.000000    0.125841    0.000000
   80    0.000000    0.000000    0.125841
    8    8.000000    0.000000    0.215765    0.000000
    1    1.000000    1.443135   -0.877253    0.000000
    1    1.000000   -1.443135   -0.848865    0.000000
  5.95808E-03  6.17073E-03  6.38991E-03  6.61559E-03  6.84774E-03  7.08625E-03
       .            .            .            .            .            .
       .            .            .            .            .            .
       .            .            .            .            .            .
 -6.58922E-03 -6.47815E-03 -6.36671E-03 -6.25507E-03 -6.14340E-03 -6.03185E-03

512000 out of 512000 gridpoints are considered (100.0%).

...done!

                       Measure       RMSE[kcal/mol/e]   MaxError[kcal/mol/e]   NPoints
                         Total        6.880432257E-01        4.686303465E+00    407712
Close (  1.20 < r <   1.66 )          1.088894188E+00        4.686303465E+00    142932
Mid-range ( 1.66 < r <  2.20)         3.395908640E-01        1.087536661E+00    195298
Far-range (  2.20         < r)        1.209836265E-01        3.205694873E-01     69482
Did analysis and wrote slice data
