/home/boittier/esp_check
h2o_828
/data/boittier/energies/h2o_geom.xyz.dir
Read multipoles for 3 atoms with max. rank 2
Running in generate mode

Reading "/data/boittier/energies/h2o_geom.xyz.dir/h2o_828.chk.fchk.potential.cube"...

  h2o Potential=SCF
  Electrostatic potential from Total SCF Density
    3   -4.970736   -4.745082   -4.970736
   80    0.125841    0.000000    0.000000
   80    0.000000    0.125841    0.000000
   80    0.000000    0.000000    0.125841
    8    8.000000    0.000000    0.225654    0.000000
    1    1.000000    1.399094   -0.934772    0.000000
    1    1.000000   -1.399094   -0.870461    0.000000
  1.64627E-02  1.66392E-02  1.67886E-02  1.69097E-02  1.70015E-02  1.70631E-02
       .            .            .            .            .            .
       .            .            .            .            .            .
       .            .            .            .            .            .
 -9.59808E-03 -9.59278E-03 -9.58216E-03 -9.56624E-03 -9.54500E-03 -9.51846E-03

338350 out of 512000 gridpoints are considered ( 66.1%).

...done!

 writing cube file quadrupole_expansion.cube                                                                                                                                                                                                                                                                                                                                                                                                                                                                                                                                                                                                                                                                                                                                                                                                                                                                                                                                                                                                                                       
Written cubefile and slice data
Running in analysis mode

Reading "/data/boittier/energies/h2o_geom.xyz.dir/h2o_828.chk.fchk.potential.cube"...

  h2o Potential=SCF
  Electrostatic potential from Total SCF Density
    3   -4.970736   -4.745082   -4.970736
   80    0.125841    0.000000    0.000000
   80    0.000000    0.125841    0.000000
   80    0.000000    0.000000    0.125841
    8    8.000000    0.000000    0.225654    0.000000
    1    1.000000    1.399094   -0.934772    0.000000
    1    1.000000   -1.399094   -0.870461    0.000000
  6.18651E-03  6.40831E-03  6.63702E-03  6.87265E-03  7.11513E-03  7.36439E-03
       .            .            .            .            .            .
       .            .            .            .            .            .
       .            .            .            .            .            .
 -6.89566E-03 -6.77303E-03 -6.65042E-03 -6.52799E-03 -6.40592E-03 -6.28434E-03

512000 out of 512000 gridpoints are considered (100.0%).

...done!

Reading "/home/boittier/esp_check/quadrupole_expansion.cube"...

  Fitted ESP
  Electrostatic potential fitted from quadrupole expansion.
    3   -4.970736   -4.745082   -4.970736
   80    0.125841    0.000000    0.000000
   80    0.000000    0.125841    0.000000
   80    0.000000    0.000000    0.125841
    8    8.000000    0.000000    0.225654    0.000000
    1    1.000000    1.399094   -0.934772    0.000000
    1    1.000000   -1.399094   -0.870461    0.000000
  6.13167E-03  6.34739E-03  6.56963E-03  6.79834E-03  7.03349E-03  7.27498E-03
       .            .            .            .            .            .
       .            .            .            .            .            .
       .            .            .            .            .            .
 -6.84727E-03 -6.72954E-03 -6.61154E-03 -6.49345E-03 -6.37544E-03 -6.25765E-03

512000 out of 512000 gridpoints are considered (100.0%).

...done!

                       Measure       RMSE[kcal/mol/e]   MaxError[kcal/mol/e]   NPoints
                         Total        6.728829391E-01        4.701049938E+00    407778
Close (  1.20 < r <   1.66 )          1.064727612E+00        4.701049938E+00    142991
Mid-range ( 1.66 < r <  2.20)         3.322626427E-01        1.051894123E+00    195359
Far-range (  2.20         < r)        1.177049216E-01        3.187748103E-01     69428
Did analysis and wrote slice data
