/home/boittier/esp_check
h2o_366
/data/boittier/energies/h2o_geom.xyz.dir
Read multipoles for 3 atoms with max. rank 2
Running in generate mode

Reading "/data/boittier/energies/h2o_geom.xyz.dir/h2o_366.chk.fchk.potential.cube"...

  h2o Potential=SCF
  Electrostatic potential from Total SCF Density
    3   -4.970736   -4.751630   -4.970736
   80    0.125841    0.000000    0.000000
   80    0.000000    0.125841    0.000000
   80    0.000000    0.000000    0.125841
    8    8.000000    0.000000    0.219105    0.000000
    1    1.000000    1.437516   -0.882968    0.000000
    1    1.000000   -1.437516   -0.869873    0.000000
  1.65716E-02  1.66304E-02  1.66599E-02  1.66599E-02  1.66304E-02  1.65716E-02
       .            .            .            .            .            .
       .            .            .            .            .            .
       .            .            .            .            .            .
 -9.03442E-03 -9.02996E-03 -9.02105E-03 -9.00766E-03 -8.98978E-03 -8.96739E-03

338210 out of 512000 gridpoints are considered ( 66.1%).

...done!

 writing cube file quadrupole_expansion.cube                                                                                                                                                                                                                                                                                                                                                                                                                                                                                                                                                                                                                                                                                                                                                                                                                                                                                                                                                                                                                                       
Written cubefile and slice data
Running in analysis mode

Reading "/data/boittier/energies/h2o_geom.xyz.dir/h2o_366.chk.fchk.potential.cube"...

  h2o Potential=SCF
  Electrostatic potential from Total SCF Density
    3   -4.970736   -4.751630   -4.970736
   80    0.125841    0.000000    0.000000
   80    0.000000    0.125841    0.000000
   80    0.000000    0.000000    0.125841
    8    8.000000    0.000000    0.219105    0.000000
    1    1.000000    1.437516   -0.882968    0.000000
    1    1.000000   -1.437516   -0.869873    0.000000
  6.08370E-03  6.30502E-03  6.53337E-03  6.76875E-03  7.01111E-03  7.26037E-03
       .            .            .            .            .            .
       .            .            .            .            .            .
       .            .            .            .            .            .
 -6.68031E-03 -6.56352E-03 -6.44666E-03 -6.32988E-03 -6.21336E-03 -6.09722E-03

512000 out of 512000 gridpoints are considered (100.0%).

...done!

Reading "/home/boittier/esp_check/quadrupole_expansion.cube"...

  Fitted ESP
  Electrostatic potential fitted from quadrupole expansion.
    3   -4.970736   -4.751630   -4.970736
   80    0.125841    0.000000    0.000000
   80    0.000000    0.125841    0.000000
   80    0.000000    0.000000    0.125841
    8    8.000000    0.000000    0.219105    0.000000
    1    1.000000    1.437516   -0.882968    0.000000
    1    1.000000   -1.437516   -0.869873    0.000000
  6.02429E-03  6.23934E-03  6.46099E-03  6.68925E-03  6.92405E-03  7.16531E-03
       .            .            .            .            .            .
       .            .            .            .            .            .
       .            .            .            .            .            .
 -6.62592E-03 -6.51425E-03 -6.40222E-03 -6.28999E-03 -6.17773E-03 -6.06559E-03

512000 out of 512000 gridpoints are considered (100.0%).

...done!

                       Measure       RMSE[kcal/mol/e]   MaxError[kcal/mol/e]   NPoints
                         Total        6.846999153E-01        4.693206070E+00    407570
Close (  1.20 < r <   1.66 )          1.083132444E+00        4.693206070E+00    143032
Mid-range ( 1.66 < r <  2.20)         3.378204097E-01        1.075049222E+00    195178
Far-range (  2.20         < r)        1.199883925E-01        3.209083424E-01     69360
Did analysis and wrote slice data
