/home/boittier/esp_check
h2o_1743
/data/boittier/energies/h2o_geom.xyz.dir
Read multipoles for 3 atoms with max. rank 2
Running in generate mode

Reading "/data/boittier/energies/h2o_geom.xyz.dir/h2o_1743.chk.fchk.potential.cube"...

  h2o Potential=SCF
  Electrostatic potential from Total SCF Density
    3   -4.970736   -4.743785   -4.970736
   80    0.125841    0.000000    0.000000
   80    0.000000    0.125841    0.000000
   80    0.000000    0.000000    0.125841
    8    8.000000    0.000000    0.226950    0.000000
    1    1.000000    1.461499   -0.869429    0.000000
    1    1.000000   -1.461499   -0.946174    0.000000
  1.67515E-02  1.69318E-02  1.70844E-02  1.72081E-02  1.73018E-02  1.73648E-02
       .            .            .            .            .            .
       .            .            .            .            .            .
       .            .            .            .            .            .
 -8.84587E-03 -8.84186E-03 -8.83382E-03 -8.82174E-03 -8.80558E-03 -8.78532E-03

337796 out of 512000 gridpoints are considered ( 66.0%).

...done!

 writing cube file quadrupole_expansion.cube                                                                                                                                                                                                                                                                                                                                                                                                                                                                                                                                                                                                                                                                                                                                                                                                                                                                                                                                                                                                                                       
Written cubefile and slice data
Running in analysis mode

Reading "/data/boittier/energies/h2o_geom.xyz.dir/h2o_1743.chk.fchk.potential.cube"...

  h2o Potential=SCF
  Electrostatic potential from Total SCF Density
    3   -4.970736   -4.743785   -4.970736
   80    0.125841    0.000000    0.000000
   80    0.000000    0.125841    0.000000
   80    0.000000    0.000000    0.125841
    8    8.000000    0.000000    0.226950    0.000000
    1    1.000000    1.461499   -0.869429    0.000000
    1    1.000000   -1.461499   -0.946174    0.000000
  6.23637E-03  6.46680E-03  6.70473E-03  6.95018E-03  7.20312E-03  7.46349E-03
       .            .            .            .            .            .
       .            .            .            .            .            .
       .            .            .            .            .            .
 -6.64726E-03 -6.53311E-03 -6.41881E-03 -6.30450E-03 -6.19035E-03 -6.07651E-03

512000 out of 512000 gridpoints are considered (100.0%).

...done!

Reading "/home/boittier/esp_check/quadrupole_expansion.cube"...

  Fitted ESP
  Electrostatic potential fitted from quadrupole expansion.
    3   -4.970736   -4.743785   -4.970736
   80    0.125841    0.000000    0.000000
   80    0.000000    0.125841    0.000000
   80    0.000000    0.000000    0.125841
    8    8.000000    0.000000    0.226950    0.000000
    1    1.000000    1.461499   -0.869429    0.000000
    1    1.000000   -1.461499   -0.946174    0.000000
  6.17412E-03  6.39802E-03  6.62900E-03  6.86704E-03  7.11213E-03  7.36418E-03
       .            .            .            .            .            .
       .            .            .            .            .            .
       .            .            .            .            .            .
 -6.58998E-03 -6.48107E-03 -6.37172E-03 -6.26207E-03 -6.15230E-03 -6.04256E-03

512000 out of 512000 gridpoints are considered (100.0%).

...done!

                       Measure       RMSE[kcal/mol/e]   MaxError[kcal/mol/e]   NPoints
                         Total        6.818202530E-01        4.717239682E+00    406576
Close (  1.20 < r <   1.66 )          1.075762612E+00        4.717239682E+00    143585
Mid-range ( 1.66 < r <  2.20)         3.356567820E-01        1.088164170E+00    194211
Far-range (  2.20         < r)        1.182520470E-01        3.260727454E-01     68780
Did analysis and wrote slice data
