/home/boittier/esp_check
h2o_920
/data/boittier/energies/h2o_geom.xyz.dir
Read multipoles for 3 atoms with max. rank 2
Running in generate mode

Reading "/data/boittier/energies/h2o_geom.xyz.dir/h2o_920.chk.fchk.potential.cube"...

  h2o Potential=SCF
  Electrostatic potential from Total SCF Density
    3   -4.970736   -4.747376   -4.970736
   80    0.125841    0.000000    0.000000
   80    0.000000    0.125841    0.000000
   80    0.000000    0.000000    0.125841
    8    8.000000    0.000000    0.223359    0.000000
    1    1.000000    1.436681   -0.883848    0.000000
    1    1.000000   -1.436681   -0.903028    0.000000
  1.66505E-02  1.67688E-02  1.68585E-02  1.69187E-02  1.69489E-02  1.69489E-02
       .            .            .            .            .            .
       .            .            .            .            .            .
       .            .            .            .            .            .
 -9.05083E-03 -9.04641E-03 -9.03755E-03 -9.02425E-03 -9.00649E-03 -8.98424E-03

338138 out of 512000 gridpoints are considered ( 66.0%).

...done!

 writing cube file quadrupole_expansion.cube                                                                                                                                                                                                                                                                                                                                                                                                                                                                                                                                                                                                                                                                                                                                                                                                                                                                                                                                                                                                                                       
Written cubefile and slice data
Running in analysis mode

Reading "/data/boittier/energies/h2o_geom.xyz.dir/h2o_920.chk.fchk.potential.cube"...

  h2o Potential=SCF
  Electrostatic potential from Total SCF Density
    3   -4.970736   -4.747376   -4.970736
   80    0.125841    0.000000    0.000000
   80    0.000000    0.125841    0.000000
   80    0.000000    0.000000    0.125841
    8    8.000000    0.000000    0.223359    0.000000
    1    1.000000    1.436681   -0.883848    0.000000
    1    1.000000   -1.436681   -0.903028    0.000000
  6.16780E-03  6.39288E-03  6.62515E-03  6.86462E-03  7.11125E-03  7.36496E-03
       .            .            .            .            .            .
       .            .            .            .            .            .
       .            .            .            .            .            .
 -6.70037E-03 -6.58370E-03 -6.46693E-03 -6.35023E-03 -6.23376E-03 -6.11767E-03

512000 out of 512000 gridpoints are considered (100.0%).

...done!

Reading "/home/boittier/esp_check/quadrupole_expansion.cube"...

  Fitted ESP
  Electrostatic potential fitted from quadrupole expansion.
    3   -4.970736   -4.747376   -4.970736
   80    0.125841    0.000000    0.000000
   80    0.000000    0.125841    0.000000
   80    0.000000    0.000000    0.125841
    8    8.000000    0.000000    0.223359    0.000000
    1    1.000000    1.436681   -0.883848    0.000000
    1    1.000000   -1.436681   -0.903028    0.000000
  6.10792E-03  6.32665E-03  6.55216E-03  6.78442E-03  7.02340E-03  7.26902E-03
       .            .            .            .            .            .
       .            .            .            .            .            .
       .            .            .            .            .            .
 -6.64560E-03 -6.53407E-03 -6.42216E-03 -6.31003E-03 -6.19785E-03 -6.08577E-03

512000 out of 512000 gridpoints are considered (100.0%).

...done!

                       Measure       RMSE[kcal/mol/e]   MaxError[kcal/mol/e]   NPoints
                         Total        6.811184173E-01        4.703685478E+00    407292
Close (  1.20 < r <   1.66 )          1.076502222E+00        4.703685478E+00    143232
Mid-range ( 1.66 < r <  2.20)         3.358927560E-01        1.072915690E+00    194906
Far-range (  2.20         < r)        1.188222581E-01        3.221947369E-01     69154
Did analysis and wrote slice data
