/home/boittier/esp_check
h2o_43
/data/boittier/energies/h2o_geom.xyz.dir
Read multipoles for 3 atoms with max. rank 2
Running in generate mode

Reading "/data/boittier/energies/h2o_geom.xyz.dir/h2o_43.chk.fchk.potential.cube"...

  h2o Potential=SCF
  Electrostatic potential from Total SCF Density
    3   -4.970736   -4.748295   -4.970736
   80    0.125841    0.000000    0.000000
   80    0.000000    0.125841    0.000000
   80    0.000000    0.000000    0.125841
    8    8.000000    0.000000    0.222440    0.000000
    1    1.000000    1.435571   -0.882737    0.000000
    1    1.000000   -1.435571   -0.896785    0.000000
  1.65912E-02  1.67090E-02  1.67982E-02  1.68581E-02  1.68881E-02  1.68881E-02
       .            .            .            .            .            .
       .            .            .            .            .            .
       .            .            .            .            .            .
 -9.04443E-03 -9.04000E-03 -9.03114E-03 -9.01783E-03 -9.00005E-03 -8.97778E-03

338176 out of 512000 gridpoints are considered ( 66.0%).

...done!

 writing cube file quadrupole_expansion.cube                                                                                                                                                                                                                                                                                                                                                                                                                                                                                                                                                                                                                                                                                                                                                                                                                                                                                                                                                                                                                                       
Written cubefile and slice data
Running in analysis mode

Reading "/data/boittier/energies/h2o_geom.xyz.dir/h2o_43.chk.fchk.potential.cube"...

  h2o Potential=SCF
  Electrostatic potential from Total SCF Density
    3   -4.970736   -4.748295   -4.970736
   80    0.125841    0.000000    0.000000
   80    0.000000    0.125841    0.000000
   80    0.000000    0.000000    0.125841
    8    8.000000    0.000000    0.222440    0.000000
    1    1.000000    1.435571   -0.882737    0.000000
    1    1.000000   -1.435571   -0.896785    0.000000
  6.15183E-03  6.37614E-03  6.60760E-03  6.84623E-03  7.09197E-03  7.34476E-03
       .            .            .            .            .            .
       .            .            .            .            .            .
       .            .            .            .            .            .
 -6.69439E-03 -6.57773E-03 -6.46097E-03 -6.34430E-03 -6.22785E-03 -6.11178E-03

512000 out of 512000 gridpoints are considered (100.0%).

...done!

Reading "/home/boittier/esp_check/quadrupole_expansion.cube"...

  Fitted ESP
  Electrostatic potential fitted from quadrupole expansion.
    3   -4.970736   -4.748295   -4.970736
   80    0.125841    0.000000    0.000000
   80    0.000000    0.125841    0.000000
   80    0.000000    0.000000    0.125841
    8    8.000000    0.000000    0.222440    0.000000
    1    1.000000    1.435571   -0.882737    0.000000
    1    1.000000   -1.435571   -0.896785    0.000000
  6.09202E-03  6.31000E-03  6.53471E-03  6.76615E-03  7.00426E-03  7.24897E-03
       .            .            .            .            .            .
       .            .            .            .            .            .
       .            .            .            .            .            .
 -6.63962E-03 -6.52810E-03 -6.41621E-03 -6.30410E-03 -6.19194E-03 -6.07988E-03

512000 out of 512000 gridpoints are considered (100.0%).

...done!

                       Measure       RMSE[kcal/mol/e]   MaxError[kcal/mol/e]   NPoints
                         Total        6.817503029E-01        4.701112689E+00    407390
Close (  1.20 < r <   1.66 )          1.077751246E+00        4.701112689E+00    143191
Mid-range ( 1.66 < r <  2.20)         3.362330629E-01        1.071974426E+00    194985
Far-range (  2.20         < r)        1.190753475E-01        3.217366549E-01     69214
Did analysis and wrote slice data
