/home/boittier/esp_check
h2o_190
/data/boittier/energies/h2o_geom.xyz.dir
Read multipoles for 3 atoms with max. rank 2
Running in generate mode

Reading "/data/boittier/energies/h2o_geom.xyz.dir/h2o_190.chk.fchk.potential.cube"...

  h2o Potential=SCF
  Electrostatic potential from Total SCF Density
    3   -4.970736   -4.745870   -4.970736
   80    0.125841    0.000000    0.000000
   80    0.000000    0.125841    0.000000
   80    0.000000    0.000000    0.125841
    8    8.000000    0.000000    0.224866    0.000000
    1    1.000000    1.438222   -0.877626    0.000000
    1    1.000000   -1.438222   -0.921300    0.000000
  1.66496E-02  1.67977E-02  1.69176E-02  1.70085E-02  1.70695E-02  1.71002E-02
       .            .            .            .            .            .
       .            .            .            .            .            .
       .            .            .            .            .            .
 -8.99544E-03 -8.99112E-03 -8.98249E-03 -8.96951E-03 -8.95217E-03 -8.93045E-03

338063 out of 512000 gridpoints are considered ( 66.0%).

...done!

 writing cube file quadrupole_expansion.cube                                                                                                                                                                                                                                                                                                                                                                                                                                                                                                                                                                                                                                                                                                                                                                                                                                                                                                                                                                                                                                       
Written cubefile and slice data
Running in analysis mode

Reading "/data/boittier/energies/h2o_geom.xyz.dir/h2o_190.chk.fchk.potential.cube"...

  h2o Potential=SCF
  Electrostatic potential from Total SCF Density
    3   -4.970736   -4.745870   -4.970736
   80    0.125841    0.000000    0.000000
   80    0.000000    0.125841    0.000000
   80    0.000000    0.000000    0.125841
    8    8.000000    0.000000    0.224866    0.000000
    1    1.000000    1.438222   -0.877626    0.000000
    1    1.000000   -1.438222   -0.921300    0.000000
  6.20250E-03  6.42950E-03  6.66379E-03  6.90537E-03  7.15422E-03  7.41024E-03
       .            .            .            .            .            .
       .            .            .            .            .            .
       .            .            .            .            .            .
 -6.68523E-03 -6.56929E-03 -6.45324E-03 -6.33724E-03 -6.22144E-03 -6.10599E-03

512000 out of 512000 gridpoints are considered (100.0%).

...done!

Reading "/home/boittier/esp_check/quadrupole_expansion.cube"...

  Fitted ESP
  Electrostatic potential fitted from quadrupole expansion.
    3   -4.970736   -4.745870   -4.970736
   80    0.125841    0.000000    0.000000
   80    0.000000    0.125841    0.000000
   80    0.000000    0.000000    0.125841
    8    8.000000    0.000000    0.224866    0.000000
    1    1.000000    1.438222   -0.877626    0.000000
    1    1.000000   -1.438222   -0.921300    0.000000
  6.14195E-03  6.36255E-03  6.59001E-03  6.82433E-03  7.06547E-03  7.31333E-03
       .            .            .            .            .            .
       .            .            .            .            .            .
       .            .            .            .            .            .
 -6.62962E-03 -6.51886E-03 -6.40770E-03 -6.29630E-03 -6.18482E-03 -6.07343E-03

512000 out of 512000 gridpoints are considered (100.0%).

...done!

                       Measure       RMSE[kcal/mol/e]   MaxError[kcal/mol/e]   NPoints
                         Total        6.800387739E-01        4.708266297E+00    407137
Close (  1.20 < r <   1.66 )          1.074410854E+00        4.708266297E+00    143301
Mid-range ( 1.66 < r <  2.20)         3.352680945E-01        1.074547215E+00    194762
Far-range (  2.20         < r)        1.184234619E-01        3.229163727E-01     69074
Did analysis and wrote slice data
