/home/boittier/esp_check
h2o_176
/data/boittier/energies/h2o_geom.xyz.dir
Read multipoles for 3 atoms with max. rank 2
Running in generate mode

Reading "/data/boittier/energies/h2o_geom.xyz.dir/h2o_176.chk.fchk.potential.cube"...

  h2o Potential=SCF
  Electrostatic potential from Total SCF Density
    3   -4.970736   -4.747897   -4.970736
   80    0.125841    0.000000    0.000000
   80    0.000000    0.125841    0.000000
   80    0.000000    0.000000    0.125841
    8    8.000000    0.000000    0.222839    0.000000
    1    1.000000    1.444377   -0.870734    0.000000
    1    1.000000   -1.444377   -0.911976    0.000000
  1.65817E-02  1.67293E-02  1.68488E-02  1.69394E-02  1.70002E-02  1.70307E-02
       .            .            .            .            .            .
       .            .            .            .            .            .
       .            .            .            .            .            .
 -8.91413E-03 -8.90993E-03 -8.90152E-03 -8.88888E-03 -8.87198E-03 -8.85081E-03

338097 out of 512000 gridpoints are considered ( 66.0%).

...done!

 writing cube file quadrupole_expansion.cube                                                                                                                                                                                                                                                                                                                                                                                                                                                                                                                                                                                                                                                                                                                                                                                                                                                                                                                                                                                                                                       
Written cubefile and slice data
Running in analysis mode

Reading "/data/boittier/energies/h2o_geom.xyz.dir/h2o_176.chk.fchk.potential.cube"...

  h2o Potential=SCF
  Electrostatic potential from Total SCF Density
    3   -4.970736   -4.747897   -4.970736
   80    0.125841    0.000000    0.000000
   80    0.000000    0.125841    0.000000
   80    0.000000    0.000000    0.125841
    8    8.000000    0.000000    0.222839    0.000000
    1    1.000000    1.444377   -0.870734    0.000000
    1    1.000000   -1.444377   -0.911976    0.000000
  6.16708E-03  6.39307E-03  6.62633E-03  6.86685E-03  7.11461E-03  7.36953E-03
       .            .            .            .            .            .
       .            .            .            .            .            .
       .            .            .            .            .            .
 -6.65135E-03 -6.53617E-03 -6.42088E-03 -6.30563E-03 -6.19057E-03 -6.07586E-03

512000 out of 512000 gridpoints are considered (100.0%).

...done!

Reading "/home/boittier/esp_check/quadrupole_expansion.cube"...

  Fitted ESP
  Electrostatic potential fitted from quadrupole expansion.
    3   -4.970736   -4.747897   -4.970736
   80    0.125841    0.000000    0.000000
   80    0.000000    0.125841    0.000000
   80    0.000000    0.000000    0.125841
    8    8.000000    0.000000    0.222839    0.000000
    1    1.000000    1.444377   -0.870734    0.000000
    1    1.000000   -1.444377   -0.911976    0.000000
  6.10600E-03  6.32558E-03  6.55200E-03  6.78525E-03  7.02528E-03  7.27203E-03
       .            .            .            .            .            .
       .            .            .            .            .            .
       .            .            .            .            .            .
 -6.59500E-03 -6.48504E-03 -6.37466E-03 -6.26404E-03 -6.15333E-03 -6.04268E-03

512000 out of 512000 gridpoints are considered (100.0%).

...done!

                       Measure       RMSE[kcal/mol/e]   MaxError[kcal/mol/e]   NPoints
                         Total        6.827848444E-01        4.704940497E+00    407207
Close (  1.20 < r <   1.66 )          1.078866599E+00        4.704940497E+00    143291
Mid-range ( 1.66 < r <  2.20)         3.366235132E-01        1.077622011E+00    194806
Far-range (  2.20         < r)        1.190445144E-01        3.229163727E-01     69110
Did analysis and wrote slice data
