/home/boittier/esp_check
h2o_1555
/data/boittier/energies/h2o_geom.xyz.dir
Read multipoles for 3 atoms with max. rank 2
Running in generate mode

Reading "/data/boittier/energies/h2o_geom.xyz.dir/h2o_1555.chk.fchk.potential.cube"...

  h2o Potential=SCF
  Electrostatic potential from Total SCF Density
    3   -4.970736   -4.751119   -4.970736
   80    0.125841    0.000000    0.000000
   80    0.000000    0.125841    0.000000
   80    0.000000    0.000000    0.125841
    8    8.000000    0.000000    0.219617    0.000000
    1    1.000000    1.344291   -1.014201    0.000000
    1    1.000000   -1.344291   -0.742731    0.000000
  1.62541E-02  1.63412E-02  1.63997E-02  1.64290E-02  1.64290E-02  1.63997E-02
       .            .            .            .            .            .
       .            .            .            .            .            .
       .            .            .            .            .            .
 -1.03889E-02 -1.03823E-02 -1.03689E-02 -1.03489E-02 -1.03222E-02 -1.02890E-02

338991 out of 512000 gridpoints are considered ( 66.2%).

...done!

 writing cube file quadrupole_expansion.cube                                                                                                                                                                                                                                                                                                                                                                                                                                                                                                                                                                                                                                                                                                                                                                                                                                                                                                                                                                                                                                       
Written cubefile and slice data
Running in analysis mode

Reading "/data/boittier/energies/h2o_geom.xyz.dir/h2o_1555.chk.fchk.potential.cube"...

  h2o Potential=SCF
  Electrostatic potential from Total SCF Density
    3   -4.970736   -4.751119   -4.970736
   80    0.125841    0.000000    0.000000
   80    0.000000    0.125841    0.000000
   80    0.000000    0.000000    0.125841
    8    8.000000    0.000000    0.219617    0.000000
    1    1.000000    1.344291   -1.014201    0.000000
    1    1.000000   -1.344291   -0.742731    0.000000
  6.03386E-03  6.24302E-03  6.45837E-03  6.67988E-03  6.90746E-03  7.14103E-03
       .            .            .            .            .            .
       .            .            .            .            .            .
       .            .            .            .            .            .
 -7.14732E-03 -7.01554E-03 -6.88398E-03 -6.75283E-03 -6.62225E-03 -6.49240E-03

512000 out of 512000 gridpoints are considered (100.0%).

...done!

Reading "/home/boittier/esp_check/quadrupole_expansion.cube"...

  Fitted ESP
  Electrostatic potential fitted from quadrupole expansion.
    3   -4.970736   -4.751119   -4.970736
   80    0.125841    0.000000    0.000000
   80    0.000000    0.125841    0.000000
   80    0.000000    0.000000    0.125841
    8    8.000000    0.000000    0.219617    0.000000
    1    1.000000    1.344291   -1.014201    0.000000
    1    1.000000   -1.344291   -0.742731    0.000000
  5.98918E-03  6.19294E-03  6.40251E-03  6.61785E-03  6.83887E-03  7.06548E-03
       .            .            .            .            .            .
       .            .            .            .            .            .
       .            .            .            .            .            .
 -7.11082E-03 -6.98342E-03 -6.85597E-03 -6.72866E-03 -6.60166E-03 -6.47513E-03

512000 out of 512000 gridpoints are considered (100.0%).

...done!

                       Measure       RMSE[kcal/mol/e]   MaxError[kcal/mol/e]   NPoints
                         Total        6.685229656E-01        4.669611714E+00    409111
Close (  1.20 < r <   1.66 )          1.061453022E+00        4.669611714E+00    142321
Mid-range ( 1.66 < r <  2.20)         3.307521832E-01        1.034072854E+00    196670
Far-range (  2.20         < r)        1.179428431E-01        3.252507080E-01     70120
Did analysis and wrote slice data
