/home/boittier/esp_check
h2o_581
/data/boittier/energies/h2o_geom.xyz.dir
Read multipoles for 3 atoms with max. rank 2
Running in generate mode

Reading "/data/boittier/energies/h2o_geom.xyz.dir/h2o_581.chk.fchk.potential.cube"...

  h2o Potential=SCF
  Electrostatic potential from Total SCF Density
    3   -4.970736   -4.746601   -4.970736
   80    0.125841    0.000000    0.000000
   80    0.000000    0.125841    0.000000
   80    0.000000    0.000000    0.125841
    8    8.000000    0.000000    0.224134    0.000000
    1    1.000000    1.441439   -0.873315    0.000000
    1    1.000000   -1.441439   -0.919758    0.000000
  1.66406E-02  1.67888E-02  1.69088E-02  1.69997E-02  1.70608E-02  1.70914E-02
       .            .            .            .            .            .
       .            .            .            .            .            .
       .            .            .            .            .            .
 -8.94750E-03 -8.94326E-03 -8.93476E-03 -8.92200E-03 -8.90494E-03 -8.88357E-03

338066 out of 512000 gridpoints are considered ( 66.0%).

...done!

 writing cube file quadrupole_expansion.cube                                                                                                                                                                                                                                                                                                                                                                                                                                                                                                                                                                                                                                                                                                                                                                                                                                                                                                                                                                                                                                       
Written cubefile and slice data
Running in analysis mode

Reading "/data/boittier/energies/h2o_geom.xyz.dir/h2o_581.chk.fchk.potential.cube"...

  h2o Potential=SCF
  Electrostatic potential from Total SCF Density
    3   -4.970736   -4.746601   -4.970736
   80    0.125841    0.000000    0.000000
   80    0.000000    0.125841    0.000000
   80    0.000000    0.000000    0.125841
    8    8.000000    0.000000    0.224134    0.000000
    1    1.000000    1.441439   -0.873315    0.000000
    1    1.000000   -1.441439   -0.919758    0.000000
  6.19111E-03  6.41794E-03  6.65206E-03  6.89348E-03  7.14216E-03  7.39803E-03
       .            .            .            .            .            .
       .            .            .            .            .            .
       .            .            .            .            .            .
 -6.66654E-03 -6.55108E-03 -6.43551E-03 -6.31998E-03 -6.20464E-03 -6.08966E-03

512000 out of 512000 gridpoints are considered (100.0%).

...done!

Reading "/home/boittier/esp_check/quadrupole_expansion.cube"...

  Fitted ESP
  Electrostatic potential fitted from quadrupole expansion.
    3   -4.970736   -4.746601   -4.970736
   80    0.125841    0.000000    0.000000
   80    0.000000    0.125841    0.000000
   80    0.000000    0.000000    0.125841
    8    8.000000    0.000000    0.224134    0.000000
    1    1.000000    1.441439   -0.873315    0.000000
    1    1.000000   -1.441439   -0.919758    0.000000
  6.13019E-03  6.35060E-03  6.57788E-03  6.81202E-03  7.05298E-03  7.30068E-03
       .            .            .            .            .            .
       .            .            .            .            .            .
       .            .            .            .            .            .
 -6.61043E-03 -6.50018E-03 -6.38951E-03 -6.27860E-03 -6.16761E-03 -6.05668E-03

512000 out of 512000 gridpoints are considered (100.0%).

...done!

                       Measure       RMSE[kcal/mol/e]   MaxError[kcal/mol/e]   NPoints
                         Total        6.812432419E-01        4.707387784E+00    407150
Close (  1.20 < r <   1.66 )          1.076365175E+00        4.707387784E+00    143291
Mid-range ( 1.66 < r <  2.20)         3.358578391E-01        1.076366992E+00    194775
Far-range (  2.20         < r)        1.186761484E-01        3.230418746E-01     69084
Did analysis and wrote slice data
