/home/boittier/esp_check
h2o_653
/data/boittier/energies/h2o_geom.xyz.dir
Read multipoles for 3 atoms with max. rank 2
Running in generate mode

Reading "/data/boittier/energies/h2o_geom.xyz.dir/h2o_653.chk.fchk.potential.cube"...

  h2o Potential=SCF
  Electrostatic potential from Total SCF Density
    3   -4.970736   -4.748661   -4.970736
   80    0.125841    0.000000    0.000000
   80    0.000000    0.125841    0.000000
   80    0.000000    0.000000    0.125841
    8    8.000000    0.000000    0.222074    0.000000
    1    1.000000    1.431010   -0.893170    0.000000
    1    1.000000   -1.431010   -0.883425    0.000000
  1.65994E-02  1.66876E-02  1.67468E-02  1.67765E-02  1.67765E-02  1.67468E-02
       .            .            .            .            .            .
       .            .            .            .            .            .
       .            .            .            .            .            .
 -9.14598E-03 -9.14138E-03 -9.13218E-03 -9.11835E-03 -9.09990E-03 -9.07679E-03

338218 out of 512000 gridpoints are considered ( 66.1%).

...done!

 writing cube file quadrupole_expansion.cube                                                                                                                                                                                                                                                                                                                                                                                                                                                                                                                                                                                                                                                                                                                                                                                                                                                                                                                                                                                                                                       
Written cubefile and slice data
Running in analysis mode

Reading "/data/boittier/energies/h2o_geom.xyz.dir/h2o_653.chk.fchk.potential.cube"...

  h2o Potential=SCF
  Electrostatic potential from Total SCF Density
    3   -4.970736   -4.748661   -4.970736
   80    0.125841    0.000000    0.000000
   80    0.000000    0.125841    0.000000
   80    0.000000    0.000000    0.125841
    8    8.000000    0.000000    0.222074    0.000000
    1    1.000000    1.431010   -0.893170    0.000000
    1    1.000000   -1.431010   -0.883425    0.000000
  6.13625E-03  6.35920E-03  6.58923E-03  6.82633E-03  7.07047E-03  7.32157E-03
       .            .            .            .            .            .
       .            .            .            .            .            .
       .            .            .            .            .            .
 -6.72893E-03 -6.61110E-03 -6.49320E-03 -6.37540E-03 -6.25786E-03 -6.14072E-03

512000 out of 512000 gridpoints are considered (100.0%).

...done!

Reading "/home/boittier/esp_check/quadrupole_expansion.cube"...

  Fitted ESP
  Electrostatic potential fitted from quadrupole expansion.
    3   -4.970736   -4.748661   -4.970736
   80    0.125841    0.000000    0.000000
   80    0.000000    0.125841    0.000000
   80    0.000000    0.000000    0.125841
    8    8.000000    0.000000    0.222074    0.000000
    1    1.000000    1.431010   -0.893170    0.000000
    1    1.000000   -1.431010   -0.883425    0.000000
  6.07746E-03  6.29414E-03  6.51748E-03  6.74746E-03  6.98404E-03  7.22714E-03
       .            .            .            .            .            .
       .            .            .            .            .            .
       .            .            .            .            .            .
 -6.67547E-03 -6.56273E-03 -6.44963E-03 -6.33635E-03 -6.22304E-03 -6.10987E-03

512000 out of 512000 gridpoints are considered (100.0%).

...done!

                       Measure       RMSE[kcal/mol/e]   MaxError[kcal/mol/e]   NPoints
                         Total        6.814045875E-01        4.698979157E+00    407496
Close (  1.20 < r <   1.66 )          1.077463541E+00        4.698979157E+00    143158
Mid-range ( 1.66 < r <  2.20)         3.360369037E-01        1.069213384E+00    195060
Far-range (  2.20         < r)        1.191155893E-01        3.210903202E-01     69278
Did analysis and wrote slice data
