/home/boittier/esp_check
h2o_1444
/data/boittier/energies/h2o_geom.xyz.dir
Read multipoles for 3 atoms with max. rank 2
Running in generate mode

Reading "/data/boittier/energies/h2o_geom.xyz.dir/h2o_1444.chk.fchk.potential.cube"...

  h2o Potential=SCF
  Electrostatic potential from Total SCF Density
    3   -4.970736   -4.731854   -4.970736
   80    0.125841    0.000000    0.000000
   80    0.000000    0.125841    0.000000
   80    0.000000    0.000000    0.125841
    8    8.000000    0.000000    0.238881    0.000000
    1    1.000000    1.406641   -0.927275    0.000000
    1    1.000000   -1.406641   -0.983776    0.000000
  1.69428E-02  1.71226E-02  1.72747E-02  1.73981E-02  1.74915E-02  1.75542E-02
       .            .            .            .            .            .
       .            .            .            .            .            .
       .            .            .            .            .            .
 -9.51435E-03 -9.50935E-03 -9.49934E-03 -9.48432E-03 -9.46429E-03 -9.43922E-03

337976 out of 512000 gridpoints are considered ( 66.0%).

...done!

 writing cube file quadrupole_expansion.cube                                                                                                                                                                                                                                                                                                                                                                                                                                                                                                                                                                                                                                                                                                                                                                                                                                                                                                                                                                                                                                       
Written cubefile and slice data
Running in analysis mode

Reading "/data/boittier/energies/h2o_geom.xyz.dir/h2o_1444.chk.fchk.potential.cube"...

  h2o Potential=SCF
  Electrostatic potential from Total SCF Density
    3   -4.970736   -4.731854   -4.970736
   80    0.125841    0.000000    0.000000
   80    0.000000    0.125841    0.000000
   80    0.000000    0.000000    0.125841
    8    8.000000    0.000000    0.238881    0.000000
    1    1.000000    1.406641   -0.927275    0.000000
    1    1.000000   -1.406641   -0.983776    0.000000
  6.42759E-03  6.66149E-03  6.90288E-03  7.15178E-03  7.40815E-03  7.67192E-03
       .            .            .            .            .            .
       .            .            .            .            .            .
       .            .            .            .            .            .
 -6.90843E-03 -6.78765E-03 -6.66681E-03 -6.54607E-03 -6.42560E-03 -6.30553E-03

512000 out of 512000 gridpoints are considered (100.0%).

...done!

Reading "/home/boittier/esp_check/quadrupole_expansion.cube"...

  Fitted ESP
  Electrostatic potential fitted from quadrupole expansion.
    3   -4.970736   -4.731854   -4.970736
   80    0.125841    0.000000    0.000000
   80    0.000000    0.125841    0.000000
   80    0.000000    0.000000    0.125841
    8    8.000000    0.000000    0.238881    0.000000
    1    1.000000    1.406641   -0.927275    0.000000
    1    1.000000   -1.406641   -0.983776    0.000000
  6.37077E-03  6.59834E-03  6.83298E-03  7.07468E-03  7.32340E-03  7.57906E-03
       .            .            .            .            .            .
       .            .            .            .            .            .
       .            .            .            .            .            .
 -6.85827E-03 -6.74248E-03 -6.62633E-03 -6.51000E-03 -6.39366E-03 -6.27747E-03

512000 out of 512000 gridpoints are considered (100.0%).

...done!

                       Measure       RMSE[kcal/mol/e]   MaxError[kcal/mol/e]   NPoints
                         Total        6.624743683E-01        4.727844592E+00    406692
Close (  1.20 < r <   1.66 )          1.045230540E+00        4.727844592E+00    143694
Mid-range ( 1.66 < r <  2.20)         3.256748412E-01        1.053149142E+00    194282
Far-range (  2.20         < r)        1.139863430E-01        3.231046256E-01     68716
Did analysis and wrote slice data
