/home/boittier/esp_check
h2o_394
/data/boittier/energies/h2o_geom.xyz.dir
Read multipoles for 3 atoms with max. rank 2
Running in generate mode

Reading "/data/boittier/energies/h2o_geom.xyz.dir/h2o_394.chk.fchk.potential.cube"...

  h2o Potential=SCF
  Electrostatic potential from Total SCF Density
    3   -4.970736   -4.747350   -4.970736
   80    0.125841    0.000000    0.000000
   80    0.000000    0.125841    0.000000
   80    0.000000    0.000000    0.125841
    8    8.000000    0.000000    0.223386    0.000000
    1    1.000000    1.461206   -0.845409    0.000000
    1    1.000000   -1.461206   -0.941675    0.000000
  1.66703E-02  1.68498E-02  1.70017E-02  1.71249E-02  1.72182E-02  1.72808E-02
       .            .            .            .            .            .
       .            .            .            .            .            .
       .            .            .            .            .            .
 -8.64184E-03 -8.63810E-03 -8.63062E-03 -8.61937E-03 -8.60431E-03 -8.58541E-03

337875 out of 512000 gridpoints are considered ( 66.0%).

...done!

 writing cube file quadrupole_expansion.cube                                                                                                                                                                                                                                                                                                                                                                                                                                                                                                                                                                                                                                                                                                                                                                                                                                                                                                                                                                                                                                       
Written cubefile and slice data
Running in analysis mode

Reading "/data/boittier/energies/h2o_geom.xyz.dir/h2o_394.chk.fchk.potential.cube"...

  h2o Potential=SCF
  Electrostatic potential from Total SCF Density
    3   -4.970736   -4.747350   -4.970736
   80    0.125841    0.000000    0.000000
   80    0.000000    0.125841    0.000000
   80    0.000000    0.000000    0.125841
    8    8.000000    0.000000    0.223386    0.000000
    1    1.000000    1.461206   -0.845409    0.000000
    1    1.000000   -1.461206   -0.941675    0.000000
  6.19577E-03  6.42507E-03  6.66185E-03  6.90611E-03  7.15784E-03  7.41695E-03
       .            .            .            .            .            .
       .            .            .            .            .            .
       .            .            .            .            .            .
 -6.55989E-03 -6.44783E-03 -6.33558E-03 -6.22331E-03 -6.11116E-03 -5.99928E-03

512000 out of 512000 gridpoints are considered (100.0%).

...done!

Reading "/home/boittier/esp_check/quadrupole_expansion.cube"...

  Fitted ESP
  Electrostatic potential fitted from quadrupole expansion.
    3   -4.970736   -4.747350   -4.970736
   80    0.125841    0.000000    0.000000
   80    0.000000    0.125841    0.000000
   80    0.000000    0.000000    0.125841
    8    8.000000    0.000000    0.223386    0.000000
    1    1.000000    1.461206   -0.845409    0.000000
    1    1.000000   -1.461206   -0.941675    0.000000
  6.13215E-03  6.35489E-03  6.58468E-03  6.82150E-03  7.06533E-03  7.31609E-03
       .            .            .            .            .            .
       .            .            .            .            .            .
       .            .            .            .            .            .
 -6.50036E-03 -6.39363E-03 -6.28642E-03 -6.17890E-03 -6.07121E-03 -5.96351E-03

512000 out of 512000 gridpoints are considered (100.0%).

...done!

                       Measure       RMSE[kcal/mol/e]   MaxError[kcal/mol/e]   NPoints
                         Total        6.846780359E-01        4.709897821E+00    406833
Close (  1.20 < r <   1.66 )          1.081101984E+00        4.709897821E+00    143403
Mid-range ( 1.66 < r <  2.20)         3.373369313E-01        1.088791680E+00    194472
Far-range (  2.20         < r)        1.192035159E-01        3.249871540E-01     68958
Did analysis and wrote slice data
