/home/boittier/esp_check
h2o_1440
/data/boittier/energies/h2o_geom.xyz.dir
Read multipoles for 3 atoms with max. rank 2
Running in generate mode

Reading "/data/boittier/energies/h2o_geom.xyz.dir/h2o_1440.chk.fchk.potential.cube"...

  h2o Potential=SCF
  Electrostatic potential from Total SCF Density
    3   -4.970736   -4.756296   -4.970736
   80    0.125841    0.000000    0.000000
   80    0.000000    0.125841    0.000000
   80    0.000000    0.000000    0.125841
    8    8.000000    0.000000    0.214440    0.000000
    1    1.000000    1.420682   -0.911341    0.000000
    1    1.000000   -1.420682   -0.804180    0.000000
  1.62416E-02  1.63583E-02  1.64467E-02  1.65060E-02  1.65358E-02  1.65358E-02
       .            .            .            .            .            .
       .            .            .            .            .            .
       .            .            .            .            .            .
 -9.31586E-03 -9.31087E-03 -9.30088E-03 -9.28589E-03 -9.26590E-03 -9.24089E-03

338456 out of 512000 gridpoints are considered ( 66.1%).

...done!

 writing cube file quadrupole_expansion.cube                                                                                                                                                                                                                                                                                                                                                                                                                                                                                                                                                                                                                                                                                                                                                                                                                                                                                                                                                                                                                                       
Written cubefile and slice data
Running in analysis mode

Reading "/data/boittier/energies/h2o_geom.xyz.dir/h2o_1440.chk.fchk.potential.cube"...

  h2o Potential=SCF
  Electrostatic potential from Total SCF Density
    3   -4.970736   -4.756296   -4.970736
   80    0.125841    0.000000    0.000000
   80    0.000000    0.125841    0.000000
   80    0.000000    0.000000    0.125841
    8    8.000000    0.000000    0.214440    0.000000
    1    1.000000    1.420682   -0.911341    0.000000
    1    1.000000   -1.420682   -0.804180    0.000000
  5.96559E-03  6.17967E-03  6.40041E-03  6.62778E-03  6.86174E-03  7.10220E-03
       .            .            .            .            .            .
       .            .            .            .            .            .
       .            .            .            .            .            .
 -6.75990E-03 -6.63962E-03 -6.51937E-03 -6.39930E-03 -6.27956E-03 -6.16032E-03

512000 out of 512000 gridpoints are considered (100.0%).

...done!

Reading "/home/boittier/esp_check/quadrupole_expansion.cube"...

  Fitted ESP
  Electrostatic potential fitted from quadrupole expansion.
    3   -4.970736   -4.756296   -4.970736
   80    0.125841    0.000000    0.000000
   80    0.000000    0.125841    0.000000
   80    0.000000    0.000000    0.125841
    8    8.000000    0.000000    0.214440    0.000000
    1    1.000000    1.420682   -0.911341    0.000000
    1    1.000000   -1.420682   -0.804180    0.000000
  5.91005E-03  6.11813E-03  6.33246E-03  6.55301E-03  6.77973E-03  7.01252E-03
       .            .            .            .            .            .
       .            .            .            .            .            .
       .            .            .            .            .            .
 -6.71001E-03 -6.59466E-03 -6.47904E-03 -6.36332E-03 -6.24767E-03 -6.13225E-03

512000 out of 512000 gridpoints are considered (100.0%).

...done!

                       Measure       RMSE[kcal/mol/e]   MaxError[kcal/mol/e]   NPoints
                         Total        6.854283761E-01        4.677267329E+00    408194
Close (  1.20 < r <   1.66 )          1.085854833E+00        4.677267329E+00    142738
Mid-range ( 1.66 < r <  2.20)         3.387201336E-01        1.071346916E+00    195718
Far-range (  2.20         < r)        1.209300342E-01        3.235250569E-01     69738
Did analysis and wrote slice data
