/home/boittier/esp_check
h2o_1246
/data/boittier/energies/h2o_geom.xyz.dir
Read multipoles for 3 atoms with max. rank 2
Running in generate mode

Reading "/data/boittier/energies/h2o_geom.xyz.dir/h2o_1246.chk.fchk.potential.cube"...

  h2o Potential=SCF
  Electrostatic potential from Total SCF Density
    3   -4.970736   -4.738252   -4.970736
   80    0.125841    0.000000    0.000000
   80    0.000000    0.125841    0.000000
   80    0.000000    0.000000    0.125841
    8    8.000000    0.000000    0.232483    0.000000
    1    1.000000    1.485273   -0.802829    0.000000
    1    1.000000   -1.485273   -1.057039    0.000000
  1.72336E-02  1.72939E-02  1.73241E-02  1.73241E-02  1.72939E-02  1.72336E-02
       .            .            .            .            .            .
       .            .            .            .            .            .
       .            .            .            .            .            .
 -8.19153E-03 -8.18866E-03 -8.18290E-03 -8.17420E-03 -8.16253E-03 -8.14780E-03

337404 out of 512000 gridpoints are considered ( 65.9%).

...done!

 writing cube file quadrupole_expansion.cube                                                                                                                                                                                                                                                                                                                                                                                                                                                                                                                                                                                                                                                                                                                                                                                                                                                                                                                                                                                                                                       
Written cubefile and slice data
Running in analysis mode

Reading "/data/boittier/energies/h2o_geom.xyz.dir/h2o_1246.chk.fchk.potential.cube"...

  h2o Potential=SCF
  Electrostatic potential from Total SCF Density
    3   -4.970736   -4.738252   -4.970736
   80    0.125841    0.000000    0.000000
   80    0.000000    0.125841    0.000000
   80    0.000000    0.000000    0.125841
    8    8.000000    0.000000    0.232483    0.000000
    1    1.000000    1.485273   -0.802829    0.000000
    1    1.000000   -1.485273   -1.057039    0.000000
  6.39281E-03  6.63484E-03  6.88505E-03  7.14346E-03  7.41008E-03  7.68486E-03
       .            .            .            .            .            .
       .            .            .            .            .            .
       .            .            .            .            .            .
 -6.42920E-03 -6.32292E-03 -6.21630E-03 -6.10950E-03 -6.00267E-03 -5.89595E-03

512000 out of 512000 gridpoints are considered (100.0%).

...done!

Reading "/home/boittier/esp_check/quadrupole_expansion.cube"...

  Fitted ESP
  Electrostatic potential fitted from quadrupole expansion.
    3   -4.970736   -4.738252   -4.970736
   80    0.125841    0.000000    0.000000
   80    0.000000    0.125841    0.000000
   80    0.000000    0.000000    0.125841
    8    8.000000    0.000000    0.232483    0.000000
    1    1.000000    1.485273   -0.802829    0.000000
    1    1.000000   -1.485273   -1.057039    0.000000
  6.32526E-03  6.56042E-03  6.80329E-03  7.05392E-03  7.31227E-03  7.57831E-03
       .            .            .            .            .            .
       .            .            .            .            .            .
       .            .            .            .            .            .
 -6.36465E-03 -6.26387E-03 -6.16246E-03 -6.06058E-03 -5.95838E-03 -5.85600E-03

512000 out of 512000 gridpoints are considered (100.0%).

...done!

                       Measure       RMSE[kcal/mol/e]   MaxError[kcal/mol/e]   NPoints
                         Total        6.803276946E-01        4.719435965E+00    405675
Close (  1.20 < r <   1.66 )          1.070983152E+00        4.719435965E+00    144105
Mid-range ( 1.66 < r <  2.20)         3.338444929E-01        1.101467371E+00    193299
Far-range (  2.20         < r)        1.168538019E-01        3.296056237E-01     68271
Did analysis and wrote slice data
