/home/boittier/esp_check
h2o_64
/data/boittier/energies/h2o_geom.xyz.dir
Read multipoles for 3 atoms with max. rank 2
Running in generate mode

Reading "/data/boittier/energies/h2o_geom.xyz.dir/h2o_64.chk.fchk.potential.cube"...

  h2o Potential=SCF
  Electrostatic potential from Total SCF Density
    3   -4.970736   -4.746625   -4.970736
   80    0.125841    0.000000    0.000000
   80    0.000000    0.125841    0.000000
   80    0.000000    0.000000    0.125841
    8    8.000000    0.000000    0.224111    0.000000
    1    1.000000    1.441791   -0.872917    0.000000
    1    1.000000   -1.441791   -0.919969    0.000000
  1.66429E-02  1.67911E-02  1.69112E-02  1.70021E-02  1.70632E-02  1.70939E-02
       .            .            .            .            .            .
       .            .            .            .            .            .
       .            .            .            .            .            .
 -8.94291E-03 -8.93868E-03 -8.93020E-03 -8.91746E-03 -8.90043E-03 -8.87909E-03

338070 out of 512000 gridpoints are considered ( 66.0%).

...done!

 writing cube file quadrupole_expansion.cube                                                                                                                                                                                                                                                                                                                                                                                                                                                                                                                                                                                                                                                                                                                                                                                                                                                                                                                                                                                                                                       
Written cubefile and slice data
Running in analysis mode

Reading "/data/boittier/energies/h2o_geom.xyz.dir/h2o_64.chk.fchk.potential.cube"...

  h2o Potential=SCF
  Electrostatic potential from Total SCF Density
    3   -4.970736   -4.746625   -4.970736
   80    0.125841    0.000000    0.000000
   80    0.000000    0.125841    0.000000
   80    0.000000    0.000000    0.125841
    8    8.000000    0.000000    0.224111    0.000000
    1    1.000000    1.441791   -0.872917    0.000000
    1    1.000000   -1.441791   -0.919969    0.000000
  6.19087E-03  6.41772E-03  6.65187E-03  6.89332E-03  7.14203E-03  7.39794E-03
       .            .            .            .            .            .
       .            .            .            .            .            .
       .            .            .            .            .            .
 -6.66492E-03 -6.54951E-03 -6.43399E-03 -6.31851E-03 -6.20322E-03 -6.08828E-03

512000 out of 512000 gridpoints are considered (100.0%).

...done!

Reading "/home/boittier/esp_check/quadrupole_expansion.cube"...

  Fitted ESP
  Electrostatic potential fitted from quadrupole expansion.
    3   -4.970736   -4.746625   -4.970736
   80    0.125841    0.000000    0.000000
   80    0.000000    0.125841    0.000000
   80    0.000000    0.000000    0.125841
    8    8.000000    0.000000    0.224111    0.000000
    1    1.000000    1.441791   -0.872917    0.000000
    1    1.000000   -1.441791   -0.919969    0.000000
  6.12992E-03  6.35035E-03  6.57765E-03  6.81182E-03  7.05281E-03  7.30054E-03
       .            .            .            .            .            .
       .            .            .            .            .            .
       .            .            .            .            .            .
 -6.60876E-03 -6.49856E-03 -6.38795E-03 -6.27709E-03 -6.16614E-03 -6.05527E-03

512000 out of 512000 gridpoints are considered (100.0%).

...done!

                       Measure       RMSE[kcal/mol/e]   MaxError[kcal/mol/e]   NPoints
                         Total        6.813319509E-01        4.707387784E+00    407150
Close (  1.20 < r <   1.66 )          1.076483192E+00        4.707387784E+00    143298
Mid-range ( 1.66 < r <  2.20)         3.358948788E-01        1.076555245E+00    194772
Far-range (  2.20         < r)        1.186910176E-01        3.230293245E-01     69080
Did analysis and wrote slice data
