/home/boittier/esp_check
h2o_945
/data/boittier/energies/h2o_geom.xyz.dir
Read multipoles for 3 atoms with max. rank 2
Running in generate mode

Reading "/data/boittier/energies/h2o_geom.xyz.dir/h2o_945.chk.fchk.potential.cube"...

  h2o Potential=SCF
  Electrostatic potential from Total SCF Density
    3   -4.970736   -4.750724   -4.970736
   80    0.125841    0.000000    0.000000
   80    0.000000    0.125841    0.000000
   80    0.000000    0.000000    0.125841
    8    8.000000    0.000000    0.220011    0.000000
    1    1.000000    1.460273   -0.849291    0.000000
    1    1.000000   -1.460273   -0.910798    0.000000
  1.65915E-02  1.67401E-02  1.68605E-02  1.69517E-02  1.70130E-02  1.70437E-02
       .            .            .            .            .            .
       .            .            .            .            .            .
       .            .            .            .            .            .
 -8.67360E-03 -8.66977E-03 -8.66210E-03 -8.65057E-03 -8.63514E-03 -8.61578E-03

337992 out of 512000 gridpoints are considered ( 66.0%).

...done!

 writing cube file quadrupole_expansion.cube                                                                                                                                                                                                                                                                                                                                                                                                                                                                                                                                                                                                                                                                                                                                                                                                                                                                                                                                                                                                                                       
Written cubefile and slice data
Running in analysis mode

Reading "/data/boittier/energies/h2o_geom.xyz.dir/h2o_945.chk.fchk.potential.cube"...

  h2o Potential=SCF
  Electrostatic potential from Total SCF Density
    3   -4.970736   -4.750724   -4.970736
   80    0.125841    0.000000    0.000000
   80    0.000000    0.125841    0.000000
   80    0.000000    0.000000    0.125841
    8    8.000000    0.000000    0.220011    0.000000
    1    1.000000    1.460273   -0.849291    0.000000
    1    1.000000   -1.460273   -0.910798    0.000000
  6.12625E-03  6.35212E-03  6.58530E-03  6.82581E-03  7.07360E-03  7.32860E-03
       .            .            .            .            .            .
       .            .            .            .            .            .
       .            .            .            .            .            .
 -6.56050E-03 -6.44783E-03 -6.33501E-03 -6.22219E-03 -6.10951E-03 -5.99713E-03

512000 out of 512000 gridpoints are considered (100.0%).

...done!

Reading "/home/boittier/esp_check/quadrupole_expansion.cube"...

  Fitted ESP
  Electrostatic potential fitted from quadrupole expansion.
    3   -4.970736   -4.750724   -4.970736
   80    0.125841    0.000000    0.000000
   80    0.000000    0.125841    0.000000
   80    0.000000    0.000000    0.125841
    8    8.000000    0.000000    0.220011    0.000000
    1    1.000000    1.460273   -0.849291    0.000000
    1    1.000000   -1.460273   -0.910798    0.000000
  6.06328E-03  6.28266E-03  6.50892E-03  6.74206E-03  6.98205E-03  7.22879E-03
       .            .            .            .            .            .
       .            .            .            .            .            .
       .            .            .            .            .            .
 -6.50170E-03 -6.39434E-03 -6.28651E-03 -6.17840E-03 -6.07015E-03 -5.96192E-03

512000 out of 512000 gridpoints are considered (100.0%).

...done!

                       Measure       RMSE[kcal/mol/e]   MaxError[kcal/mol/e]   NPoints
                         Total        6.872504996E-01        4.701928451E+00    407104
Close (  1.20 < r <   1.66 )          1.085879488E+00        4.701928451E+00    143265
Mid-range ( 1.66 < r <  2.20)         3.388352392E-01        1.094376514E+00    194727
Far-range (  2.20         < r)        1.200154146E-01        3.238137113E-01     69112
Did analysis and wrote slice data
