/home/boittier/esp_check
h2o_1054
/data/boittier/energies/h2o_geom.xyz.dir
Read multipoles for 3 atoms with max. rank 2
Running in generate mode

Reading "/data/boittier/energies/h2o_geom.xyz.dir/h2o_1054.chk.fchk.potential.cube"...

  h2o Potential=SCF
  Electrostatic potential from Total SCF Density
    3   -4.970736   -4.746727   -4.970736
   80    0.125841    0.000000    0.000000
   80    0.000000    0.125841    0.000000
   80    0.000000    0.000000    0.125841
    8    8.000000    0.000000    0.224009    0.000000
    1    1.000000    1.454248   -0.860912    0.000000
    1    1.000000   -1.454248   -0.931157    0.000000
  1.65842E-02  1.67618E-02  1.69121E-02  1.70340E-02  1.71263E-02  1.71882E-02
       .            .            .            .            .            .
       .            .            .            .            .            .
       .            .            .            .            .            .
 -8.79805E-03 -8.79407E-03 -8.78608E-03 -8.77408E-03 -8.75803E-03 -8.73790E-03

337942 out of 512000 gridpoints are considered ( 66.0%).

...done!

 writing cube file quadrupole_expansion.cube                                                                                                                                                                                                                                                                                                                                                                                                                                                                                                                                                                                                                                                                                                                                                                                                                                                                                                                                                                                                                                       
Written cubefile and slice data
Running in analysis mode

Reading "/data/boittier/energies/h2o_geom.xyz.dir/h2o_1054.chk.fchk.potential.cube"...

  h2o Potential=SCF
  Electrostatic potential from Total SCF Density
    3   -4.970736   -4.746727   -4.970736
   80    0.125841    0.000000    0.000000
   80    0.000000    0.125841    0.000000
   80    0.000000    0.000000    0.125841
    8    8.000000    0.000000    0.224009    0.000000
    1    1.000000    1.454248   -0.860912    0.000000
    1    1.000000   -1.454248   -0.931157    0.000000
  6.19438E-03  6.42262E-03  6.65827E-03  6.90132E-03  7.15175E-03  7.40949E-03
       .            .            .            .            .            .
       .            .            .            .            .            .
       .            .            .            .            .            .
 -6.61665E-03 -6.50286E-03 -6.38892E-03 -6.27498E-03 -6.16121E-03 -6.04774E-03

512000 out of 512000 gridpoints are considered (100.0%).

...done!

Reading "/home/boittier/esp_check/quadrupole_expansion.cube"...

  Fitted ESP
  Electrostatic potential fitted from quadrupole expansion.
    3   -4.970736   -4.746727   -4.970736
   80    0.125841    0.000000    0.000000
   80    0.000000    0.125841    0.000000
   80    0.000000    0.000000    0.125841
    8    8.000000    0.000000    0.224009    0.000000
    1    1.000000    1.454248   -0.860912    0.000000
    1    1.000000   -1.454248   -0.931157    0.000000
  6.13207E-03  6.35383E-03  6.58255E-03  6.81823E-03  7.06085E-03  7.31031E-03
       .            .            .            .            .            .
       .            .            .            .            .            .
       .            .            .            .            .            .
 -6.55889E-03 -6.45036E-03 -6.34139E-03 -6.23213E-03 -6.12275E-03 -6.01341E-03

512000 out of 512000 gridpoints are considered (100.0%).

...done!

                       Measure       RMSE[kcal/mol/e]   MaxError[kcal/mol/e]   NPoints
                         Total        6.831165054E-01        4.709960572E+00    406916
Close (  1.20 < r <   1.66 )          1.078791474E+00        4.709960572E+00    143372
Mid-range ( 1.66 < r <  2.20)         3.366838212E-01        1.083646102E+00    194570
Far-range (  2.20         < r)        1.189473756E-01        3.243596445E-01     68974
Did analysis and wrote slice data
