/home/boittier/esp_check
h2o_583
/data/boittier/energies/h2o_geom.xyz.dir
Read multipoles for 3 atoms with max. rank 2
Running in generate mode

Reading "/data/boittier/energies/h2o_geom.xyz.dir/h2o_583.chk.fchk.potential.cube"...

  h2o Potential=SCF
  Electrostatic potential from Total SCF Density
    3   -4.970736   -4.746161   -4.970736
   80    0.125841    0.000000    0.000000
   80    0.000000    0.125841    0.000000
   80    0.000000    0.000000    0.125841
    8    8.000000    0.000000    0.224575    0.000000
    1    1.000000    1.412131   -0.915463    0.000000
    1    1.000000   -1.412131   -0.881135    0.000000
  1.67071E-02  1.67366E-02  1.67366E-02  1.67071E-02  1.63509E-02  1.65558E-02
       .            .            .            .            .            .
       .            .            .            .            .            .
       .            .            .            .            .            .
 -9.39664E-03 -9.39165E-03 -9.38166E-03 -9.36669E-03 -9.34670E-03 -9.32170E-03

338306 out of 512000 gridpoints are considered ( 66.1%).

...done!

 writing cube file quadrupole_expansion.cube                                                                                                                                                                                                                                                                                                                                                                                                                                                                                                                                                                                                                                                                                                                                                                                                                                                                                                                                                                                                                                       
Written cubefile and slice data
Running in analysis mode

Reading "/data/boittier/energies/h2o_geom.xyz.dir/h2o_583.chk.fchk.potential.cube"...

  h2o Potential=SCF
  Electrostatic potential from Total SCF Density
    3   -4.970736   -4.746161   -4.970736
   80    0.125841    0.000000    0.000000
   80    0.000000    0.125841    0.000000
   80    0.000000    0.000000    0.125841
    8    8.000000    0.000000    0.224575    0.000000
    1    1.000000    1.412131   -0.915463    0.000000
    1    1.000000   -1.412131   -0.881135    0.000000
  6.17519E-03  6.39795E-03  6.62772E-03  6.86449E-03  7.10822E-03  7.35882E-03
       .            .            .            .            .            .
       .            .            .            .            .            .
       .            .            .            .            .            .
 -6.82227E-03 -6.70181E-03 -6.58133E-03 -6.46100E-03 -6.34097E-03 -6.22140E-03

512000 out of 512000 gridpoints are considered (100.0%).

...done!

Reading "/home/boittier/esp_check/quadrupole_expansion.cube"...

  Fitted ESP
  Electrostatic potential fitted from quadrupole expansion.
    3   -4.970736   -4.746161   -4.970736
   80    0.125841    0.000000    0.000000
   80    0.000000    0.125841    0.000000
   80    0.000000    0.000000    0.125841
    8    8.000000    0.000000    0.224575    0.000000
    1    1.000000    1.412131   -0.915463    0.000000
    1    1.000000   -1.412131   -0.881135    0.000000
  6.11851E-03  6.33510E-03  6.55828E-03  6.78804E-03  7.02432E-03  7.26704E-03
       .            .            .            .            .            .
       .            .            .            .            .            .
       .            .            .            .            .            .
 -6.77151E-03 -6.65604E-03 -6.54027E-03 -6.42436E-03 -6.30848E-03 -6.19278E-03

512000 out of 512000 gridpoints are considered (100.0%).

...done!

                       Measure       RMSE[kcal/mol/e]   MaxError[kcal/mol/e]   NPoints
                         Total        6.761191493E-01        4.701300942E+00    407640
Close (  1.20 < r <   1.66 )          1.069409959E+00        4.701300942E+00    143098
Mid-range ( 1.66 < r <  2.20)         3.336180190E-01        1.059235984E+00    195208
Far-range (  2.20         < r)        1.181745516E-01        3.199670782E-01     69334
Did analysis and wrote slice data
