/home/boittier/esp_check
h2o_372
/data/boittier/energies/h2o_geom.xyz.dir
Read multipoles for 3 atoms with max. rank 2
Running in generate mode

Reading "/data/boittier/energies/h2o_geom.xyz.dir/h2o_372.chk.fchk.potential.cube"...

  h2o Potential=SCF
  Electrostatic potential from Total SCF Density
    3   -4.970736   -4.747953   -4.970736
   80    0.125841    0.000000    0.000000
   80    0.000000    0.125841    0.000000
   80    0.000000    0.000000    0.125841
    8    8.000000    0.000000    0.222783    0.000000
    1    1.000000    1.466639   -0.838796    0.000000
    1    1.000000   -1.466639   -0.943464    0.000000
  1.66953E-02  1.68755E-02  1.70281E-02  1.71518E-02  1.72455E-02  1.73084E-02
       .            .            .            .            .            .
       .            .            .            .            .            .
       .            .            .            .            .            .
 -8.56544E-03 -8.56183E-03 -8.55459E-03 -8.54371E-03 -8.52914E-03 -8.51084E-03

337821 out of 512000 gridpoints are considered ( 66.0%).

...done!

 writing cube file quadrupole_expansion.cube                                                                                                                                                                                                                                                                                                                                                                                                                                                                                                                                                                                                                                                                                                                                                                                                                                                                                                                                                                                                                                       
Written cubefile and slice data
Running in analysis mode

Reading "/data/boittier/energies/h2o_geom.xyz.dir/h2o_372.chk.fchk.potential.cube"...

  h2o Potential=SCF
  Electrostatic potential from Total SCF Density
    3   -4.970736   -4.747953   -4.970736
   80    0.125841    0.000000    0.000000
   80    0.000000    0.125841    0.000000
   80    0.000000    0.000000    0.125841
    8    8.000000    0.000000    0.222783    0.000000
    1    1.000000    1.466639   -0.838796    0.000000
    1    1.000000   -1.466639   -0.943464    0.000000
  6.18870E-03  6.41826E-03  6.65532E-03  6.89990E-03  7.15198E-03  7.41147E-03
       .            .            .            .            .            .
       .            .            .            .            .            .
       .            .            .            .            .            .
 -6.53232E-03 -6.42108E-03 -6.30964E-03 -6.19816E-03 -6.08678E-03 -5.97566E-03

512000 out of 512000 gridpoints are considered (100.0%).

...done!

Reading "/home/boittier/esp_check/quadrupole_expansion.cube"...

  Fitted ESP
  Electrostatic potential fitted from quadrupole expansion.
    3   -4.970736   -4.747953   -4.970736
   80    0.125841    0.000000    0.000000
   80    0.000000    0.125841    0.000000
   80    0.000000    0.000000    0.125841
    8    8.000000    0.000000    0.222783    0.000000
    1    1.000000    1.466639   -0.838796    0.000000
    1    1.000000   -1.466639   -0.943464    0.000000
  6.12446E-03  6.34743E-03  6.57746E-03  6.81457E-03  7.05871E-03  7.30982E-03
       .            .            .            .            .            .
       .            .            .            .            .            .
       .            .            .            .            .            .
 -6.47201E-03 -6.36613E-03 -6.25975E-03 -6.15304E-03 -6.04615E-03 -5.93923E-03

512000 out of 512000 gridpoints are considered (100.0%).

...done!

                       Measure       RMSE[kcal/mol/e]   MaxError[kcal/mol/e]   NPoints
                         Total        6.858998133E-01        4.709458565E+00    406764
Close (  1.20 < r <   1.66 )          1.082796060E+00        4.709458565E+00    143450
Mid-range ( 1.66 < r <  2.20)         3.379158844E-01        1.093811755E+00    194371
Far-range (  2.20         < r)        1.194298229E-01        3.253511095E-01     68943
Did analysis and wrote slice data
