/home/boittier/esp_check
h2o_1065
/data/boittier/energies/h2o_geom.xyz.dir
Read multipoles for 3 atoms with max. rank 2
Running in generate mode

Reading "/data/boittier/energies/h2o_geom.xyz.dir/h2o_1065.chk.fchk.potential.cube"...

  h2o Potential=SCF
  Electrostatic potential from Total SCF Density
    3   -4.970736   -4.746290   -4.970736
   80    0.125841    0.000000    0.000000
   80    0.000000    0.125841    0.000000
   80    0.000000    0.000000    0.125841
    8    8.000000    0.000000    0.224446    0.000000
    1    1.000000    1.447567   -0.865694    0.000000
    1    1.000000   -1.447567   -0.929872    0.000000
  1.67338E-02  1.68834E-02  1.70047E-02  1.70966E-02  1.71583E-02  1.71892E-02
       .            .            .            .            .            .
       .            .            .            .            .            .
       .            .            .            .            .            .
 -8.86245E-03 -8.85835E-03 -8.85015E-03 -8.83783E-03 -8.82136E-03 -8.80070E-03

338018 out of 512000 gridpoints are considered ( 66.0%).

...done!

 writing cube file quadrupole_expansion.cube                                                                                                                                                                                                                                                                                                                                                                                                                                                                                                                                                                                                                                                                                                                                                                                                                                                                                                                                                                                                                                       
Written cubefile and slice data
Running in analysis mode

Reading "/data/boittier/energies/h2o_geom.xyz.dir/h2o_1065.chk.fchk.potential.cube"...

  h2o Potential=SCF
  Electrostatic potential from Total SCF Density
    3   -4.970736   -4.746290   -4.970736
   80    0.125841    0.000000    0.000000
   80    0.000000    0.125841    0.000000
   80    0.000000    0.000000    0.125841
    8    8.000000    0.000000    0.224446    0.000000
    1    1.000000    1.447567   -0.865694    0.000000
    1    1.000000   -1.447567   -0.929872    0.000000
  6.20153E-03  6.42950E-03  6.66485E-03  6.90756E-03  7.15762E-03  7.41495E-03
       .            .            .            .            .            .
       .            .            .            .            .            .
       .            .            .            .            .            .
 -6.63874E-03 -6.52427E-03 -6.40965E-03 -6.29505E-03 -6.18063E-03 -6.06653E-03

512000 out of 512000 gridpoints are considered (100.0%).

...done!

Reading "/home/boittier/esp_check/quadrupole_expansion.cube"...

  Fitted ESP
  Electrostatic potential fitted from quadrupole expansion.
    3   -4.970736   -4.746290   -4.970736
   80    0.125841    0.000000    0.000000
   80    0.000000    0.125841    0.000000
   80    0.000000    0.000000    0.125841
    8    8.000000    0.000000    0.224446    0.000000
    1    1.000000    1.447567   -0.865694    0.000000
    1    1.000000   -1.447567   -0.929872    0.000000
  6.13979E-03  6.36130E-03  6.58975E-03  6.82513E-03  7.06741E-03  7.31650E-03
       .            .            .            .            .            .
       .            .            .            .            .            .
       .            .            .            .            .            .
 -6.58164E-03 -6.47240E-03 -6.36273E-03 -6.25279E-03 -6.14274E-03 -6.03274E-03

512000 out of 512000 gridpoints are considered (100.0%).

...done!

                       Measure       RMSE[kcal/mol/e]   MaxError[kcal/mol/e]   NPoints
                         Total        6.819036492E-01        4.709584067E+00    407027
Close (  1.20 < r <   1.66 )          1.077016698E+00        4.709584067E+00    143373
Mid-range ( 1.66 < r <  2.20)         3.360746824E-01        1.080069298E+00    194645
Far-range (  2.20         < r)        1.187093568E-01        3.238074362E-01     69009
Did analysis and wrote slice data
