/home/boittier/esp_check
h2o_333
/data/boittier/energies/h2o_geom.xyz.dir
Read multipoles for 3 atoms with max. rank 2
Running in generate mode

Reading "/data/boittier/energies/h2o_geom.xyz.dir/h2o_333.chk.fchk.potential.cube"...

  h2o Potential=SCF
  Electrostatic potential from Total SCF Density
    3   -4.970736   -4.753840   -4.970736
   80    0.125841    0.000000    0.000000
   80    0.000000    0.125841    0.000000
   80    0.000000    0.000000    0.125841
    8    8.000000    0.000000    0.216895    0.000000
    1    1.000000    1.459668   -0.852976    0.000000
    1    1.000000   -1.459668   -0.882187    0.000000
  1.64952E-02  1.66131E-02  1.67024E-02  1.67624E-02  1.67925E-02  1.67925E-02
       .            .            .            .            .            .
       .            .            .            .            .            .
       .            .            .            .            .            .
 -8.70128E-03 -8.69736E-03 -8.68952E-03 -8.67774E-03 -8.66197E-03 -8.64219E-03

338072 out of 512000 gridpoints are considered ( 66.0%).

...done!

 writing cube file quadrupole_expansion.cube                                                                                                                                                                                                                                                                                                                                                                                                                                                                                                                                                                                                                                                                                                                                                                                                                                                                                                                                                                                                                                       
Written cubefile and slice data
Running in analysis mode

Reading "/data/boittier/energies/h2o_geom.xyz.dir/h2o_333.chk.fchk.potential.cube"...

  h2o Potential=SCF
  Electrostatic potential from Total SCF Density
    3   -4.970736   -4.753840   -4.970736
   80    0.125841    0.000000    0.000000
   80    0.000000    0.125841    0.000000
   80    0.000000    0.000000    0.125841
    8    8.000000    0.000000    0.216895    0.000000
    1    1.000000    1.459668   -0.852976    0.000000
    1    1.000000   -1.459668   -0.882187    0.000000
  6.05939E-03  6.28203E-03  6.51184E-03  6.74882E-03  6.99293E-03  7.24409E-03
       .            .            .            .            .            .
       .            .            .            .            .            .
       .            .            .            .            .            .
 -6.56002E-03 -6.44682E-03 -6.33349E-03 -6.22017E-03 -6.10703E-03 -5.99420E-03

512000 out of 512000 gridpoints are considered (100.0%).

...done!

Reading "/home/boittier/esp_check/quadrupole_expansion.cube"...

  Fitted ESP
  Electrostatic potential fitted from quadrupole expansion.
    3   -4.970736   -4.753840   -4.970736
   80    0.125841    0.000000    0.000000
   80    0.000000    0.125841    0.000000
   80    0.000000    0.000000    0.125841
    8    8.000000    0.000000    0.216895    0.000000
    1    1.000000    1.459668   -0.852976    0.000000
    1    1.000000   -1.459668   -0.882187    0.000000
  5.99712E-03  6.21334E-03  6.43631E-03  6.66601E-03  6.90239E-03  7.14539E-03
       .            .            .            .            .            .
       .            .            .            .            .            .
       .            .            .            .            .            .
 -6.50202E-03 -6.39408E-03 -6.28570E-03 -6.17706E-03 -6.06831E-03 -5.95960E-03

512000 out of 512000 gridpoints are considered (100.0%).

...done!

                       Measure       RMSE[kcal/mol/e]   MaxError[kcal/mol/e]   NPoints
                         Total        6.895163616E-01        4.693206070E+00    407334
Close (  1.20 < r <   1.66 )          1.090339614E+00        4.693206070E+00    143076
Mid-range ( 1.66 < r <  2.20)         3.400978507E-01        1.099459341E+00    194996
Far-range (  2.20         < r)        1.208107567E-01        3.226904693E-01     69262
Did analysis and wrote slice data
