/home/boittier/esp_check
h2o_1420
/data/boittier/energies/h2o_geom.xyz.dir
Read multipoles for 3 atoms with max. rank 2
Running in generate mode

Reading "/data/boittier/energies/h2o_geom.xyz.dir/h2o_1420.chk.fchk.potential.cube"...

  h2o Potential=SCF
  Electrostatic potential from Total SCF Density
    3   -4.970736   -4.763522   -4.970736
   80    0.125841    0.000000    0.000000
   80    0.000000    0.125841    0.000000
   80    0.000000    0.000000    0.125841
    8    8.000000    0.000000    0.207214    0.000000
    1    1.000000    1.507906   -0.805871    0.000000
    1    1.000000   -1.507906   -0.851838    0.000000
  1.63113E-02  1.64295E-02  1.65190E-02  1.65791E-02  1.66093E-02  1.66093E-02
       .            .            .            .            .            .
       .            .            .            .            .            .
       .            .            .            .            .            .
 -8.09498E-03 -8.09201E-03 -8.08604E-03 -8.07704E-03 -8.06496E-03 -8.04974E-03

337762 out of 512000 gridpoints are considered ( 66.0%).

...done!

 writing cube file quadrupole_expansion.cube                                                                                                                                                                                                                                                                                                                                                                                                                                                                                                                                                                                                                                                                                                                                                                                                                                                                                                                                                                                                                                       
Written cubefile and slice data
Running in analysis mode

Reading "/data/boittier/energies/h2o_geom.xyz.dir/h2o_1420.chk.fchk.potential.cube"...

  h2o Potential=SCF
  Electrostatic potential from Total SCF Density
    3   -4.970736   -4.763522   -4.970736
   80    0.125841    0.000000    0.000000
   80    0.000000    0.125841    0.000000
   80    0.000000    0.000000    0.125841
    8    8.000000    0.000000    0.207214    0.000000
    1    1.000000    1.507906   -0.805871    0.000000
    1    1.000000   -1.507906   -0.851838    0.000000
  5.88443E-03  6.10392E-03  6.33059E-03  6.56443E-03  6.80542E-03  7.05350E-03
       .            .            .            .            .            .
       .            .            .            .            .            .
       .            .            .            .            .            .
 -6.32822E-03 -6.22116E-03 -6.11387E-03 -6.00650E-03 -5.89920E-03 -5.79211E-03

512000 out of 512000 gridpoints are considered (100.0%).

...done!

Reading "/home/boittier/esp_check/quadrupole_expansion.cube"...

  Fitted ESP
  Electrostatic potential fitted from quadrupole expansion.
    3   -4.970736   -4.763522   -4.970736
   80    0.125841    0.000000    0.000000
   80    0.000000    0.125841    0.000000
   80    0.000000    0.000000    0.125841
    8    8.000000    0.000000    0.207214    0.000000
    1    1.000000    1.507906   -0.805871    0.000000
    1    1.000000   -1.507906   -0.851838    0.000000
  5.81830E-03  6.03125E-03  6.25094E-03  6.47736E-03  6.71049E-03  6.95025E-03
       .            .            .            .            .            .
       .            .            .            .            .            .
       .            .            .            .            .            .
 -6.26544E-03 -6.16379E-03 -6.06162E-03 -5.95907E-03 -5.85630E-03 -5.75346E-03

512000 out of 512000 gridpoints are considered (100.0%).

...done!

                       Measure       RMSE[kcal/mol/e]   MaxError[kcal/mol/e]   NPoints
                         Total        7.017146056E-01        4.677581084E+00    407060
Close (  1.20 < r <   1.66 )          1.109414429E+00        4.677581084E+00    143092
Mid-range ( 1.66 < r <  2.20)         3.456963041E-01        1.152232887E+00    194670
Far-range (  2.20         < r)        1.234336695E-01        3.266124035E-01     69298
Did analysis and wrote slice data
