/home/boittier/esp_check
h2o_404
/data/boittier/energies/h2o_geom.xyz.dir
Read multipoles for 3 atoms with max. rank 2
Running in generate mode

Reading "/data/boittier/energies/h2o_geom.xyz.dir/h2o_404.chk.fchk.potential.cube"...

  h2o Potential=SCF
  Electrostatic potential from Total SCF Density
    3   -4.970736   -4.744334   -4.970736
   80    0.125841    0.000000    0.000000
   80    0.000000    0.125841    0.000000
   80    0.000000    0.000000    0.125841
    8    8.000000    0.000000    0.226402    0.000000
    1    1.000000    1.418294   -0.906273    0.000000
    1    1.000000   -1.418294   -0.904941    0.000000
  1.67629E-02  1.68519E-02  1.69116E-02  1.69416E-02  1.69416E-02  1.69116E-02
       .            .            .            .            .            .
       .            .            .            .            .            .
       .            .            .            .            .            .
 -9.30238E-03 -9.29757E-03 -9.28795E-03 -9.27350E-03 -9.25423E-03 -9.23011E-03

338227 out of 512000 gridpoints are considered ( 66.1%).

...done!

 writing cube file quadrupole_expansion.cube                                                                                                                                                                                                                                                                                                                                                                                                                                                                                                                                                                                                                                                                                                                                                                                                                                                                                                                                                                                                                                       
Written cubefile and slice data
Running in analysis mode

Reading "/data/boittier/energies/h2o_geom.xyz.dir/h2o_404.chk.fchk.potential.cube"...

  h2o Potential=SCF
  Electrostatic potential from Total SCF Density
    3   -4.970736   -4.744334   -4.970736
   80    0.125841    0.000000    0.000000
   80    0.000000    0.125841    0.000000
   80    0.000000    0.000000    0.125841
    8    8.000000    0.000000    0.226402    0.000000
    1    1.000000    1.418294   -0.906273    0.000000
    1    1.000000   -1.418294   -0.904941    0.000000
  6.21529E-03  6.44060E-03  6.67306E-03  6.91266E-03  7.15936E-03  7.41309E-03
       .            .            .            .            .            .
       .            .            .            .            .            .
       .            .            .            .            .            .
 -6.79579E-03 -6.67651E-03 -6.55718E-03 -6.43797E-03 -6.31903E-03 -6.20051E-03

512000 out of 512000 gridpoints are considered (100.0%).

...done!

Reading "/home/boittier/esp_check/quadrupole_expansion.cube"...

  Fitted ESP
  Electrostatic potential fitted from quadrupole expansion.
    3   -4.970736   -4.744334   -4.970736
   80    0.125841    0.000000    0.000000
   80    0.000000    0.125841    0.000000
   80    0.000000    0.000000    0.125841
    8    8.000000    0.000000    0.226402    0.000000
    1    1.000000    1.418294   -0.906273    0.000000
    1    1.000000   -1.418294   -0.904941    0.000000
  6.15745E-03  6.37650E-03  6.60229E-03  6.83478E-03  7.07393E-03  7.31966E-03
       .            .            .            .            .            .
       .            .            .            .            .            .
       .            .            .            .            .            .
 -6.74366E-03 -6.62944E-03 -6.51487E-03 -6.40014E-03 -6.28539E-03 -6.17081E-03

512000 out of 512000 gridpoints are considered (100.0%).

...done!

                       Measure       RMSE[kcal/mol/e]   MaxError[kcal/mol/e]   NPoints
                         Total        6.757086658E-01        4.705630757E+00    407417
Close (  1.20 < r <   1.66 )          1.067930978E+00        4.705630757E+00    143303
Mid-range ( 1.66 < r <  2.20)         3.330881775E-01        1.061934274E+00    194924
Far-range (  2.20         < r)        1.177461037E-01        3.210338443E-01     69190
Did analysis and wrote slice data
