/home/boittier/esp_check
h2o_1242
/data/boittier/energies/h2o_geom.xyz.dir
Read multipoles for 3 atoms with max. rank 2
Running in generate mode

Reading "/data/boittier/energies/h2o_geom.xyz.dir/h2o_1242.chk.fchk.potential.cube"...

  h2o Potential=SCF
  Electrostatic potential from Total SCF Density
    3   -4.970736   -4.759255   -4.970736
   80    0.125841    0.000000    0.000000
   80    0.000000    0.125841    0.000000
   80    0.000000    0.000000    0.125841
    8    8.000000    0.000000    0.211481    0.000000
    1    1.000000    1.429976   -0.901543    0.000000
    1    1.000000   -1.429976   -0.790306    0.000000
  1.61262E-02  1.62422E-02  1.63300E-02  1.63890E-02  1.64186E-02  1.64186E-02
       .            .            .            .            .            .
       .            .            .            .            .            .
       .            .            .            .            .            .
 -9.19616E-03 -9.19133E-03 -9.18166E-03 -9.16714E-03 -9.14778E-03 -9.12355E-03

338438 out of 512000 gridpoints are considered ( 66.1%).

...done!

 writing cube file quadrupole_expansion.cube                                                                                                                                                                                                                                                                                                                                                                                                                                                                                                                                                                                                                                                                                                                                                                                                                                                                                                                                                                                                                                       
Written cubefile and slice data
Running in analysis mode

Reading "/data/boittier/energies/h2o_geom.xyz.dir/h2o_1242.chk.fchk.potential.cube"...

  h2o Potential=SCF
  Electrostatic potential from Total SCF Density
    3   -4.970736   -4.759255   -4.970736
   80    0.125841    0.000000    0.000000
   80    0.000000    0.125841    0.000000
   80    0.000000    0.000000    0.125841
    8    8.000000    0.000000    0.211481    0.000000
    1    1.000000    1.429976   -0.901543    0.000000
    1    1.000000   -1.429976   -0.790306    0.000000
  5.90555E-03  6.11791E-03  6.33688E-03  6.56244E-03  6.79455E-03  7.03311E-03
       .            .            .            .            .            .
       .            .            .            .            .            .
       .            .            .            .            .            .
 -6.70863E-03 -6.58948E-03 -6.47034E-03 -6.35137E-03 -6.23274E-03 -6.11457E-03

512000 out of 512000 gridpoints are considered (100.0%).

...done!

Reading "/home/boittier/esp_check/quadrupole_expansion.cube"...

  Fitted ESP
  Electrostatic potential fitted from quadrupole expansion.
    3   -4.970736   -4.759255   -4.970736
   80    0.125841    0.000000    0.000000
   80    0.000000    0.125841    0.000000
   80    0.000000    0.000000    0.125841
    8    8.000000    0.000000    0.211481    0.000000
    1    1.000000    1.429976   -0.901543    0.000000
    1    1.000000   -1.429976   -0.790306    0.000000
  5.84948E-03  6.05583E-03  6.26839E-03  6.48714E-03  6.71200E-03  6.94290E-03
       .            .            .            .            .            .
       .            .            .            .            .            .
       .            .            .            .            .            .
 -6.65795E-03 -6.54375E-03 -6.42927E-03 -6.31467E-03 -6.20014E-03 -6.08580E-03

512000 out of 512000 gridpoints are considered (100.0%).

...done!

                       Measure       RMSE[kcal/mol/e]   MaxError[kcal/mol/e]   NPoints
                         Total        6.889347887E-01        4.677079076E+00    408221
Close (  1.20 < r <   1.66 )          1.091663887E+00        4.677079076E+00    142684
Mid-range ( 1.66 < r <  2.20)         3.403748135E-01        1.084901121E+00    195754
Far-range (  2.20         < r)        1.217564945E-01        3.266186786E-01     69783
Did analysis and wrote slice data
