/home/boittier/esp_check
h2o_1120
/data/boittier/energies/h2o_geom.xyz.dir
Read multipoles for 3 atoms with max. rank 2
Running in generate mode

Reading "/data/boittier/energies/h2o_geom.xyz.dir/h2o_1120.chk.fchk.potential.cube"...

  h2o Potential=SCF
  Electrostatic potential from Total SCF Density
    3   -4.970736   -4.745185   -4.970736
   80    0.125841    0.000000    0.000000
   80    0.000000    0.125841    0.000000
   80    0.000000    0.000000    0.125841
    8    8.000000    0.000000    0.225550    0.000000
    1    1.000000    1.495588   -0.796487    0.000000
    1    1.000000   -1.495588   -1.007914    0.000000
  1.69918E-02  1.71436E-02  1.72666E-02  1.73599E-02  1.74224E-02  1.74539E-02
       .            .            .            .            .            .
       .            .            .            .            .            .
       .            .            .            .            .            .
 -8.09734E-03 -8.09457E-03 -8.08900E-03 -8.08060E-03 -8.06931E-03 -8.05507E-03

337486 out of 512000 gridpoints are considered ( 65.9%).

...done!

 writing cube file quadrupole_expansion.cube                                                                                                                                                                                                                                                                                                                                                                                                                                                                                                                                                                                                                                                                                                                                                                                                                                                                                                                                                                                                                                       
Written cubefile and slice data
Running in analysis mode

Reading "/data/boittier/energies/h2o_geom.xyz.dir/h2o_1120.chk.fchk.potential.cube"...

  h2o Potential=SCF
  Electrostatic potential from Total SCF Density
    3   -4.970736   -4.745185   -4.970736
   80    0.125841    0.000000    0.000000
   80    0.000000    0.125841    0.000000
   80    0.000000    0.000000    0.125841
    8    8.000000    0.000000    0.225550    0.000000
    1    1.000000    1.495588   -0.796487    0.000000
    1    1.000000   -1.495588   -1.007914    0.000000
  6.27468E-03  6.51176E-03  6.75682E-03  7.00986E-03  7.27087E-03  7.53981E-03
       .            .            .            .            .            .
       .            .            .            .            .            .
       .            .            .            .            .            .
 -6.38126E-03 -6.27554E-03 -6.16949E-03 -6.06327E-03 -5.95703E-03 -5.85090E-03

512000 out of 512000 gridpoints are considered (100.0%).

...done!

Reading "/home/boittier/esp_check/quadrupole_expansion.cube"...

  Fitted ESP
  Electrostatic potential fitted from quadrupole expansion.
    3   -4.970736   -4.745185   -4.970736
   80    0.125841    0.000000    0.000000
   80    0.000000    0.125841    0.000000
   80    0.000000    0.000000    0.125841
    8    8.000000    0.000000    0.225550    0.000000
    1    1.000000    1.495588   -0.796487    0.000000
    1    1.000000   -1.495588   -1.007914    0.000000
  6.20634E-03  6.43658E-03  6.67433E-03  6.91960E-03  7.17239E-03  7.43263E-03
       .            .            .            .            .            .
       .            .            .            .            .            .
       .            .            .            .            .            .
 -6.31580E-03 -6.21563E-03 -6.11483E-03 -6.01356E-03 -5.91198E-03 -5.81023E-03

512000 out of 512000 gridpoints are considered (100.0%).

...done!

                       Measure       RMSE[kcal/mol/e]   MaxError[kcal/mol/e]   NPoints
                         Total        6.875610091E-01        4.713662878E+00    406028
Close (  1.20 < r <   1.66 )          1.083482641E+00        4.713662878E+00    143834
Mid-range ( 1.66 < r <  2.20)         3.380058814E-01        1.112260534E+00    193652
Far-range (  2.20         < r)        1.189416024E-01        3.287522108E-01     68542
Did analysis and wrote slice data
