/home/boittier/esp_check
h2o_712
/data/boittier/energies/h2o_geom.xyz.dir
Read multipoles for 3 atoms with max. rank 2
Running in generate mode

Reading "/data/boittier/energies/h2o_geom.xyz.dir/h2o_712.chk.fchk.potential.cube"...

  h2o Potential=SCF
  Electrostatic potential from Total SCF Density
    3   -4.970736   -4.745244   -4.970736
   80    0.125841    0.000000    0.000000
   80    0.000000    0.125841    0.000000
   80    0.000000    0.000000    0.125841
    8    8.000000    0.000000    0.225492    0.000000
    1    1.000000    1.395697   -0.939284    0.000000
    1    1.000000   -1.395697   -0.864652    0.000000
  1.64136E-02  1.65891E-02  1.67377E-02  1.68581E-02  1.69493E-02  1.70105E-02
       .            .            .            .            .            .
       .            .            .            .            .            .
       .            .            .            .            .            .
 -9.64553E-03 -9.64014E-03 -9.62936E-03 -9.61320E-03 -9.59164E-03 -9.56471E-03

338384 out of 512000 gridpoints are considered ( 66.1%).

...done!

 writing cube file quadrupole_expansion.cube                                                                                                                                                                                                                                                                                                                                                                                                                                                                                                                                                                                                                                                                                                                                                                                                                                                                                                                                                                                                                                       
Written cubefile and slice data
Running in analysis mode

Reading "/data/boittier/energies/h2o_geom.xyz.dir/h2o_712.chk.fchk.potential.cube"...

  h2o Potential=SCF
  Electrostatic potential from Total SCF Density
    3   -4.970736   -4.745244   -4.970736
   80    0.125841    0.000000    0.000000
   80    0.000000    0.125841    0.000000
   80    0.000000    0.000000    0.125841
    8    8.000000    0.000000    0.225492    0.000000
    1    1.000000    1.395697   -0.939284    0.000000
    1    1.000000   -1.395697   -0.864652    0.000000
  6.18154E-03  6.40274E-03  6.63083E-03  6.86578E-03  7.10755E-03  7.35606E-03
       .            .            .            .            .            .
       .            .            .            .            .            .
       .            .            .            .            .            .
 -6.91142E-03 -6.78825E-03 -6.66511E-03 -6.54217E-03 -6.41959E-03 -6.29753E-03

512000 out of 512000 gridpoints are considered (100.0%).

...done!

Reading "/home/boittier/esp_check/quadrupole_expansion.cube"...

  Fitted ESP
  Electrostatic potential fitted from quadrupole expansion.
    3   -4.970736   -4.745244   -4.970736
   80    0.125841    0.000000    0.000000
   80    0.000000    0.125841    0.000000
   80    0.000000    0.000000    0.125841
    8    8.000000    0.000000    0.225492    0.000000
    1    1.000000    1.395697   -0.939284    0.000000
    1    1.000000   -1.395697   -0.864652    0.000000
  6.12721E-03  6.34237E-03  6.56400E-03  6.79209E-03  7.02656E-03  7.26734E-03
       .            .            .            .            .            .
       .            .            .            .            .            .
       .            .            .            .            .            .
 -6.86365E-03 -6.74536E-03 -6.62681E-03 -6.50818E-03 -6.38963E-03 -6.27134E-03

512000 out of 512000 gridpoints are considered (100.0%).

...done!

                       Measure       RMSE[kcal/mol/e]   MaxError[kcal/mol/e]   NPoints
                         Total        6.724438012E-01        4.699857670E+00    407840
Close (  1.20 < r <   1.66 )          1.064206331E+00        4.699857670E+00    142950
Mid-range ( 1.66 < r <  2.20)         3.321428266E-01        1.049948844E+00    195434
Far-range (  2.20         < r)        1.176521790E-01        3.183983046E-01     69456
Did analysis and wrote slice data
