/home/boittier/esp_check
h2o_56
/data/boittier/energies/h2o_geom.xyz.dir
Read multipoles for 3 atoms with max. rank 2
Running in generate mode

Reading "/data/boittier/energies/h2o_geom.xyz.dir/h2o_56.chk.fchk.potential.cube"...

  h2o Potential=SCF
  Electrostatic potential from Total SCF Density
    3   -4.970736   -4.748492   -4.970736
   80    0.125841    0.000000    0.000000
   80    0.000000    0.125841    0.000000
   80    0.000000    0.000000    0.125841
    8    8.000000    0.000000    0.222243    0.000000
    1    1.000000    1.443677   -0.873549    0.000000
    1    1.000000   -1.443677   -0.904396    0.000000
  1.66677E-02  1.67866E-02  1.68766E-02  1.69371E-02  1.69675E-02  1.69675E-02
       .            .            .            .            .            .
       .            .            .            .            .            .
       .            .            .            .            .            .
 -8.93930E-03 -8.93505E-03 -8.92654E-03 -8.91376E-03 -8.89667E-03 -8.87526E-03

338094 out of 512000 gridpoints are considered ( 66.0%).

...done!

 writing cube file quadrupole_expansion.cube                                                                                                                                                                                                                                                                                                                                                                                                                                                                                                                                                                                                                                                                                                                                                                                                                                                                                                                                                                                                                                       
Written cubefile and slice data
Running in analysis mode

Reading "/data/boittier/energies/h2o_geom.xyz.dir/h2o_56.chk.fchk.potential.cube"...

  h2o Potential=SCF
  Electrostatic potential from Total SCF Density
    3   -4.970736   -4.748492   -4.970736
   80    0.125841    0.000000    0.000000
   80    0.000000    0.125841    0.000000
   80    0.000000    0.000000    0.125841
    8    8.000000    0.000000    0.222243    0.000000
    1    1.000000    1.443677   -0.873549    0.000000
    1    1.000000   -1.443677   -0.904396    0.000000
  6.15278E-03  6.37797E-03  6.61038E-03  6.85002E-03  7.09686E-03  7.35080E-03
       .            .            .            .            .            .
       .            .            .            .            .            .
       .            .            .            .            .            .
 -6.65847E-03 -6.54296E-03 -6.42735E-03 -6.31179E-03 -6.19643E-03 -6.08143E-03

512000 out of 512000 gridpoints are considered (100.0%).

...done!

Reading "/home/boittier/esp_check/quadrupole_expansion.cube"...

  Fitted ESP
  Electrostatic potential fitted from quadrupole expansion.
    3   -4.970736   -4.748492   -4.970736
   80    0.125841    0.000000    0.000000
   80    0.000000    0.125841    0.000000
   80    0.000000    0.000000    0.125841
    8    8.000000    0.000000    0.222243    0.000000
    1    1.000000    1.443677   -0.873549    0.000000
    1    1.000000   -1.443677   -0.904396    0.000000
  6.09199E-03  6.31079E-03  6.53640E-03  6.76879E-03  7.00793E-03  7.25373E-03
       .            .            .            .            .            .
       .            .            .            .            .            .
       .            .            .            .            .            .
 -6.60250E-03 -6.49219E-03 -6.38148E-03 -6.27053E-03 -6.15950E-03 -6.04855E-03

512000 out of 512000 gridpoints are considered (100.0%).

...done!

                       Measure       RMSE[kcal/mol/e]   MaxError[kcal/mol/e]   NPoints
                         Total        6.830145166E-01        4.703057968E+00    407244
Close (  1.20 < r <   1.66 )          1.079373421E+00        4.703057968E+00    143254
Mid-range ( 1.66 < r <  2.20)         3.368065451E-01        1.076869000E+00    194840
Far-range (  2.20         < r)        1.192223136E-01        3.226026180E-01     69150
Did analysis and wrote slice data
