/home/boittier/esp_check
h2o_120
/data/boittier/energies/h2o_geom.xyz.dir
Read multipoles for 3 atoms with max. rank 2
Running in generate mode

Reading "/data/boittier/energies/h2o_geom.xyz.dir/h2o_120.chk.fchk.potential.cube"...

  h2o Potential=SCF
  Electrostatic potential from Total SCF Density
    3   -4.970736   -4.751798   -4.970736
   80    0.125841    0.000000    0.000000
   80    0.000000    0.125841    0.000000
   80    0.000000    0.000000    0.125841
    8    8.000000    0.000000    0.218938    0.000000
    1    1.000000    1.432469   -0.890203    0.000000
    1    1.000000   -1.432469   -0.861299    0.000000
  1.65813E-02  1.65813E-02  1.62100E-02  1.64140E-02  1.65922E-02  1.67431E-02
       .            .            .            .            .            .
       .            .            .            .            .            .
       .            .            .            .            .            .
 -9.11152E-03 -9.10694E-03 -9.09776E-03 -9.08398E-03 -9.06558E-03 -9.04254E-03

338262 out of 512000 gridpoints are considered ( 66.1%).

...done!

 writing cube file quadrupole_expansion.cube                                                                                                                                                                                                                                                                                                                                                                                                                                                                                                                                                                                                                                                                                                                                                                                                                                                                                                                                                                                                                                       
Written cubefile and slice data
Running in analysis mode

Reading "/data/boittier/energies/h2o_geom.xyz.dir/h2o_120.chk.fchk.potential.cube"...

  h2o Potential=SCF
  Electrostatic potential from Total SCF Density
    3   -4.970736   -4.751798   -4.970736
   80    0.125841    0.000000    0.000000
   80    0.000000    0.125841    0.000000
   80    0.000000    0.000000    0.125841
    8    8.000000    0.000000    0.218938    0.000000
    1    1.000000    1.432469   -0.890203    0.000000
    1    1.000000   -1.432469   -0.861299    0.000000
  6.07556E-03  6.29595E-03  6.52331E-03  6.75764E-03  6.99889E-03  7.24698E-03
       .            .            .            .            .            .
       .            .            .            .            .            .
       .            .            .            .            .            .
 -6.70598E-03 -6.58832E-03 -6.47059E-03 -6.35298E-03 -6.23563E-03 -6.11870E-03

512000 out of 512000 gridpoints are considered (100.0%).

...done!

Reading "/home/boittier/esp_check/quadrupole_expansion.cube"...

  Fitted ESP
  Electrostatic potential fitted from quadrupole expansion.
    3   -4.970736   -4.751798   -4.970736
   80    0.125841    0.000000    0.000000
   80    0.000000    0.125841    0.000000
   80    0.000000    0.000000    0.125841
    8    8.000000    0.000000    0.218938    0.000000
    1    1.000000    1.432469   -0.890203    0.000000
    1    1.000000   -1.432469   -0.861299    0.000000
  6.01695E-03  6.23111E-03  6.45183E-03  6.67908E-03  6.91283E-03  7.15297E-03
       .            .            .            .            .            .
       .            .            .            .            .            .
       .            .            .            .            .            .
 -6.65256E-03 -6.53998E-03 -6.42705E-03 -6.31394E-03 -6.20083E-03 -6.08785E-03

512000 out of 512000 gridpoints are considered (100.0%).

...done!

                       Measure       RMSE[kcal/mol/e]   MaxError[kcal/mol/e]   NPoints
                         Total        6.839826421E-01        4.692202054E+00    407684
Close (  1.20 < r <   1.66 )          1.082171326E+00        4.692202054E+00    143010
Mid-range ( 1.66 < r <  2.20)         3.375700712E-01        1.071597920E+00    195252
Far-range (  2.20         < r)        1.200074798E-01        3.203435839E-01     69422
Did analysis and wrote slice data
