/home/boittier/esp_check
h2o_783
/data/boittier/energies/h2o_geom.xyz.dir
Read multipoles for 3 atoms with max. rank 2
Running in generate mode

Reading "/data/boittier/energies/h2o_geom.xyz.dir/h2o_783.chk.fchk.potential.cube"...

  h2o Potential=SCF
  Electrostatic potential from Total SCF Density
    3   -4.970736   -4.743062   -4.970736
   80    0.125841    0.000000    0.000000
   80    0.000000    0.125841    0.000000
   80    0.000000    0.000000    0.125841
    8    8.000000    0.000000    0.227673    0.000000
    1    1.000000    1.441435   -0.872178    0.000000
    1    1.000000   -1.441435   -0.949210    0.000000
  1.67024E-02  1.68811E-02  1.70323E-02  1.71548E-02  1.72476E-02  1.73100E-02
       .            .            .            .            .            .
       .            .            .            .            .            .
       .            .            .            .            .            .
 -8.94080E-03 -8.93661E-03 -8.92822E-03 -8.91562E-03 -8.89878E-03 -8.87766E-03

337966 out of 512000 gridpoints are considered ( 66.0%).

...done!

 writing cube file quadrupole_expansion.cube                                                                                                                                                                                                                                                                                                                                                                                                                                                                                                                                                                                                                                                                                                                                                                                                                                                                                                                                                                                                                                       
Written cubefile and slice data
Running in analysis mode

Reading "/data/boittier/energies/h2o_geom.xyz.dir/h2o_783.chk.fchk.potential.cube"...

  h2o Potential=SCF
  Electrostatic potential from Total SCF Density
    3   -4.970736   -4.743062   -4.970736
   80    0.125841    0.000000    0.000000
   80    0.000000    0.125841    0.000000
   80    0.000000    0.000000    0.125841
    8    8.000000    0.000000    0.227673    0.000000
    1    1.000000    1.441435   -0.872178    0.000000
    1    1.000000   -1.441435   -0.949210    0.000000
  6.25884E-03  6.48889E-03  6.72638E-03  6.97132E-03  7.22368E-03  7.48339E-03
       .            .            .            .            .            .
       .            .            .            .            .            .
       .            .            .            .            .            .
 -6.67504E-03 -6.55991E-03 -6.44465E-03 -6.32941E-03 -6.21434E-03 -6.09960E-03

512000 out of 512000 gridpoints are considered (100.0%).

...done!

Reading "/home/boittier/esp_check/quadrupole_expansion.cube"...

  Fitted ESP
  Electrostatic potential fitted from quadrupole expansion.
    3   -4.970736   -4.743062   -4.970736
   80    0.125841    0.000000    0.000000
   80    0.000000    0.125841    0.000000
   80    0.000000    0.000000    0.125841
    8    8.000000    0.000000    0.227673    0.000000
    1    1.000000    1.441435   -0.872178    0.000000
    1    1.000000   -1.441435   -0.949210    0.000000
  6.19754E-03  6.42112E-03  6.65171E-03  6.88930E-03  7.13387E-03  7.38533E-03
       .            .            .            .            .            .
       .            .            .            .            .            .
       .            .            .            .            .            .
 -6.61858E-03 -6.50867E-03 -6.39833E-03 -6.28772E-03 -6.17702E-03 -6.06636E-03

512000 out of 512000 gridpoints are considered (100.0%).

...done!

                       Measure       RMSE[kcal/mol/e]   MaxError[kcal/mol/e]   NPoints
                         Total        6.783339438E-01        4.715231652E+00    406906
Close (  1.20 < r <   1.66 )          1.070979898E+00        4.715231652E+00    143478
Mid-range ( 1.66 < r <  2.20)         3.340811216E-01        1.077120004E+00    194488
Far-range (  2.20         < r)        1.177998609E-01        3.241964921E-01     68940
Did analysis and wrote slice data
