/home/boittier/esp_check
h2o_1568
/data/boittier/energies/h2o_geom.xyz.dir
Read multipoles for 3 atoms with max. rank 2
Running in generate mode

Reading "/data/boittier/energies/h2o_geom.xyz.dir/h2o_1568.chk.fchk.potential.cube"...

  h2o Potential=SCF
  Electrostatic potential from Total SCF Density
    3   -4.970736   -4.740357   -4.970736
   80    0.125841    0.000000    0.000000
   80    0.000000    0.125841    0.000000
   80    0.000000    0.000000    0.125841
    8    8.000000    0.000000    0.230379    0.000000
    1    1.000000    1.392379   -0.948182    0.000000
    1    1.000000   -1.392379   -0.894849    0.000000
  1.68270E-02  1.68565E-02  1.68565E-02  1.68270E-02  1.64584E-02  1.66634E-02
       .            .            .            .            .            .
       .            .            .            .            .            .
       .            .            .            .            .            .
 -9.73186E-03 -9.72640E-03 -9.71548E-03 -9.69910E-03 -9.67726E-03 -9.64997E-03

338322 out of 512000 gridpoints are considered ( 66.1%).

...done!

 writing cube file quadrupole_expansion.cube                                                                                                                                                                                                                                                                                                                                                                                                                                                                                                                                                                                                                                                                                                                                                                                                                                                                                                                                                                                                                                       
Written cubefile and slice data
Running in analysis mode

Reading "/data/boittier/energies/h2o_geom.xyz.dir/h2o_1568.chk.fchk.potential.cube"...

  h2o Potential=SCF
  Electrostatic potential from Total SCF Density
    3   -4.970736   -4.740357   -4.970736
   80    0.125841    0.000000    0.000000
   80    0.000000    0.125841    0.000000
   80    0.000000    0.000000    0.125841
    8    8.000000    0.000000    0.230379    0.000000
    1    1.000000    1.392379   -0.948182    0.000000
    1    1.000000   -1.392379   -0.894849    0.000000
  6.26894E-03  6.49363E-03  6.72535E-03  6.96407E-03  7.20976E-03  7.46233E-03
       .            .            .            .            .            .
       .            .            .            .            .            .
       .            .            .            .            .            .
 -6.95891E-03 -6.83511E-03 -6.71134E-03 -6.58776E-03 -6.46453E-03 -6.34182E-03

512000 out of 512000 gridpoints are considered (100.0%).

...done!

Reading "/home/boittier/esp_check/quadrupole_expansion.cube"...

  Fitted ESP
  Electrostatic potential fitted from quadrupole expansion.
    3   -4.970736   -4.740357   -4.970736
   80    0.125841    0.000000    0.000000
   80    0.000000    0.125841    0.000000
   80    0.000000    0.000000    0.125841
    8    8.000000    0.000000    0.230379    0.000000
    1    1.000000    1.392379   -0.948182    0.000000
    1    1.000000   -1.392379   -0.894849    0.000000
  6.21474E-03  6.43335E-03  6.65857E-03  6.89037E-03  7.12871E-03  7.37348E-03
       .            .            .            .            .            .
       .            .            .            .            .            .
       .            .            .            .            .            .
 -6.91169E-03 -6.79275E-03 -6.67356E-03 -6.55428E-03 -6.43508E-03 -6.31612E-03

512000 out of 512000 gridpoints are considered (100.0%).

...done!

                       Measure       RMSE[kcal/mol/e]   MaxError[kcal/mol/e]   NPoints
                         Total        6.678007170E-01        4.709584067E+00    407572
Close (  1.20 < r <   1.66 )          1.055821124E+00        4.709584067E+00    143231
Mid-range ( 1.66 < r <  2.20)         3.293098128E-01        1.046685794E+00    195091
Far-range (  2.20         < r)        1.162183309E-01        3.192768178E-01     69250
Did analysis and wrote slice data
