/home/boittier/esp_check
h2o_1268
/data/boittier/energies/h2o_geom.xyz.dir
Read multipoles for 3 atoms with max. rank 2
Running in generate mode

Reading "/data/boittier/energies/h2o_geom.xyz.dir/h2o_1268.chk.fchk.potential.cube"...

  h2o Potential=SCF
  Electrostatic potential from Total SCF Density
    3   -4.970736   -4.740118   -4.970736
   80    0.125841    0.000000    0.000000
   80    0.000000    0.125841    0.000000
   80    0.000000    0.000000    0.125841
    8    8.000000    0.000000    0.230618    0.000000
    1    1.000000    1.394862   -0.940895    0.000000
    1    1.000000   -1.394862   -0.904048    0.000000
  1.68355E-02  1.68946E-02  1.69243E-02  1.69243E-02  1.68946E-02  1.68355E-02
       .            .            .            .            .            .
       .            .            .            .            .            .
       .            .            .            .            .            .
 -9.66525E-03 -9.65990E-03 -9.64920E-03 -9.63314E-03 -9.61174E-03 -9.58497E-03

338340 out of 512000 gridpoints are considered ( 66.1%).

...done!

 writing cube file quadrupole_expansion.cube                                                                                                                                                                                                                                                                                                                                                                                                                                                                                                                                                                                                                                                                                                                                                                                                                                                                                                                                                                                                                                       
Written cubefile and slice data
Running in analysis mode

Reading "/data/boittier/energies/h2o_geom.xyz.dir/h2o_1268.chk.fchk.potential.cube"...

  h2o Potential=SCF
  Electrostatic potential from Total SCF Density
    3   -4.970736   -4.740118   -4.970736
   80    0.125841    0.000000    0.000000
   80    0.000000    0.125841    0.000000
   80    0.000000    0.000000    0.125841
    8    8.000000    0.000000    0.230618    0.000000
    1    1.000000    1.394862   -0.940895    0.000000
    1    1.000000   -1.394862   -0.904048    0.000000
  6.27808E-03  6.50361E-03  6.73620E-03  6.97586E-03  7.22254E-03  7.47615E-03
       .            .            .            .            .            .
       .            .            .            .            .            .
       .            .            .            .            .            .
 -6.93553E-03 -6.81250E-03 -6.68947E-03 -6.56662E-03 -6.44411E-03 -6.32209E-03

512000 out of 512000 gridpoints are considered (100.0%).

...done!

Reading "/home/boittier/esp_check/quadrupole_expansion.cube"...

  Fitted ESP
  Electrostatic potential fitted from quadrupole expansion.
    3   -4.970736   -4.740118   -4.970736
   80    0.125841    0.000000    0.000000
   80    0.000000    0.125841    0.000000
   80    0.000000    0.000000    0.125841
    8    8.000000    0.000000    0.230618    0.000000
    1    1.000000    1.394862   -0.940895    0.000000
    1    1.000000   -1.394862   -0.904048    0.000000
  6.22323E-03  6.44263E-03  6.66869E-03  6.90138E-03  7.14065E-03  7.38642E-03
       .            .            .            .            .            .
       .            .            .            .            .            .
       .            .            .            .            .            .
 -6.88745E-03 -6.76931E-03 -6.65090E-03 -6.53238E-03 -6.41393E-03 -6.29570E-03

512000 out of 512000 gridpoints are considered (100.0%).

...done!

                       Measure       RMSE[kcal/mol/e]   MaxError[kcal/mol/e]   NPoints
                         Total        6.680173827E-01        4.710399829E+00    407524
Close (  1.20 < r <   1.66 )          1.056010248E+00        4.710399829E+00    143266
Mid-range ( 1.66 < r <  2.20)         3.293466031E-01        1.047878062E+00    195074
Far-range (  2.20         < r)        1.161133853E-01        3.195905726E-01     69184
Did analysis and wrote slice data
