/home/boittier/esp_check
h2o_659
/data/boittier/energies/h2o_geom.xyz.dir
Read multipoles for 3 atoms with max. rank 2
Running in generate mode

Reading "/data/boittier/energies/h2o_geom.xyz.dir/h2o_659.chk.fchk.potential.cube"...

  h2o Potential=SCF
  Electrostatic potential from Total SCF Density
    3   -4.970736   -4.745230   -4.970736
   80    0.125841    0.000000    0.000000
   80    0.000000    0.125841    0.000000
   80    0.000000    0.000000    0.125841
    8    8.000000    0.000000    0.225505    0.000000
    1    1.000000    1.430336   -0.891998    0.000000
    1    1.000000   -1.430336   -0.912045    0.000000
  1.67191E-02  1.68378E-02  1.69278E-02  1.69882E-02  1.70185E-02  1.70185E-02
       .            .            .            .            .            .
       .            .            .            .            .            .
       .            .            .            .            .            .
 -9.14263E-03 -9.13808E-03 -9.12897E-03 -9.11529E-03 -9.09703E-03 -9.07416E-03

338116 out of 512000 gridpoints are considered ( 66.0%).

...done!

 writing cube file quadrupole_expansion.cube                                                                                                                                                                                                                                                                                                                                                                                                                                                                                                                                                                                                                                                                                                                                                                                                                                                                                                                                                                                                                                       
Written cubefile and slice data
Running in analysis mode

Reading "/data/boittier/energies/h2o_geom.xyz.dir/h2o_659.chk.fchk.potential.cube"...

  h2o Potential=SCF
  Electrostatic potential from Total SCF Density
    3   -4.970736   -4.745230   -4.970736
   80    0.125841    0.000000    0.000000
   80    0.000000    0.125841    0.000000
   80    0.000000    0.000000    0.125841
    8    8.000000    0.000000    0.225505    0.000000
    1    1.000000    1.430336   -0.891998    0.000000
    1    1.000000   -1.430336   -0.912045    0.000000
  6.20468E-03  6.43078E-03  6.66409E-03  6.90463E-03  7.15234E-03  7.40717E-03
       .            .            .            .            .            .
       .            .            .            .            .            .
       .            .            .            .            .            .
 -6.73865E-03 -6.62110E-03 -6.50346E-03 -6.38590E-03 -6.26859E-03 -6.15166E-03

512000 out of 512000 gridpoints are considered (100.0%).

...done!

Reading "/home/boittier/esp_check/quadrupole_expansion.cube"...

  Fitted ESP
  Electrostatic potential fitted from quadrupole expansion.
    3   -4.970736   -4.745230   -4.970736
   80    0.125841    0.000000    0.000000
   80    0.000000    0.125841    0.000000
   80    0.000000    0.000000    0.125841
    8    8.000000    0.000000    0.225505    0.000000
    1    1.000000    1.430336   -0.891998    0.000000
    1    1.000000   -1.430336   -0.912045    0.000000
  6.14542E-03  6.36518E-03  6.59174E-03  6.82508E-03  7.06517E-03  7.31191E-03
       .            .            .            .            .            .
       .            .            .            .            .            .
       .            .            .            .            .            .
 -6.68473E-03 -6.57229E-03 -6.45948E-03 -6.34647E-03 -6.23342E-03 -6.12048E-03

512000 out of 512000 gridpoints are considered (100.0%).

...done!

                       Measure       RMSE[kcal/mol/e]   MaxError[kcal/mol/e]   NPoints
                         Total        6.781846042E-01        4.707262282E+00    407242
Close (  1.20 < r <   1.66 )          1.071614962E+00        4.707262282E+00    143288
Mid-range ( 1.66 < r <  2.20)         3.344520096E-01        1.069589890E+00    194828
Far-range (  2.20         < r)        1.181817439E-01        3.222010120E-01     69126
Did analysis and wrote slice data
