/home/boittier/esp_check
h2o_1009
/data/boittier/energies/h2o_geom.xyz.dir
Read multipoles for 3 atoms with max. rank 2
Running in generate mode

Reading "/data/boittier/energies/h2o_geom.xyz.dir/h2o_1009.chk.fchk.potential.cube"...

  h2o Potential=SCF
  Electrostatic potential from Total SCF Density
    3   -4.970736   -4.754341   -4.970736
   80    0.125841    0.000000    0.000000
   80    0.000000    0.125841    0.000000
   80    0.000000    0.000000    0.125841
    8    8.000000    0.000000    0.216395    0.000000
    1    1.000000    1.383747   -0.958625    0.000000
    1    1.000000   -1.383747   -0.772533    0.000000
  1.60579E-02  1.62319E-02  1.63793E-02  1.64987E-02  1.65892E-02  1.66500E-02
       .            .            .            .            .            .
       .            .            .            .            .            .
       .            .            .            .            .            .
 -9.82377E-03 -9.81796E-03 -9.80633E-03 -9.78890E-03 -9.76568E-03 -9.73668E-03

338714 out of 512000 gridpoints are considered ( 66.2%).

...done!

 writing cube file quadrupole_expansion.cube                                                                                                                                                                                                                                                                                                                                                                                                                                                                                                                                                                                                                                                                                                                                                                                                                                                                                                                                                                                                                                       
Written cubefile and slice data
Running in analysis mode

Reading "/data/boittier/energies/h2o_geom.xyz.dir/h2o_1009.chk.fchk.potential.cube"...

  h2o Potential=SCF
  Electrostatic potential from Total SCF Density
    3   -4.970736   -4.754341   -4.970736
   80    0.125841    0.000000    0.000000
   80    0.000000    0.125841    0.000000
   80    0.000000    0.000000    0.125841
    8    8.000000    0.000000    0.216395    0.000000
    1    1.000000    1.383747   -0.958625    0.000000
    1    1.000000   -1.383747   -0.772533    0.000000
  5.98532E-03  6.19648E-03  6.41405E-03  6.63800E-03  6.86827E-03  7.10477E-03
       .            .            .            .            .            .
       .            .            .            .            .            .
       .            .            .            .            .            .
 -6.93956E-03 -6.81378E-03 -6.68813E-03 -6.56277E-03 -6.43786E-03 -6.31356E-03

512000 out of 512000 gridpoints are considered (100.0%).

...done!

Reading "/home/boittier/esp_check/quadrupole_expansion.cube"...

  Fitted ESP
  Electrostatic potential fitted from quadrupole expansion.
    3   -4.970736   -4.754341   -4.970736
   80    0.125841    0.000000    0.000000
   80    0.000000    0.125841    0.000000
   80    0.000000    0.000000    0.125841
    8    8.000000    0.000000    0.216395    0.000000
    1    1.000000    1.383747   -0.958625    0.000000
    1    1.000000   -1.383747   -0.772533    0.000000
  5.93493E-03  6.14038E-03  6.35184E-03  6.56929E-03  6.79264E-03  7.02181E-03
       .            .            .            .            .            .
       .            .            .            .            .            .
       .            .            .            .            .            .
 -6.89593E-03 -6.77483E-03 -6.65356E-03 -6.53231E-03 -6.41125E-03 -6.29054E-03

512000 out of 512000 gridpoints are considered (100.0%).

...done!

                       Measure       RMSE[kcal/mol/e]   MaxError[kcal/mol/e]   NPoints
                         Total        6.777371553E-01        4.675761306E+00    408682
Close (  1.20 < r <   1.66 )          1.074929481E+00        4.675761306E+00    142496
Mid-range ( 1.66 < r <  2.20)         3.353369520E-01        1.052408681E+00    196218
Far-range (  2.20         < r)        1.197724826E-01        3.255456374E-01     69968
Did analysis and wrote slice data
