/home/boittier/esp_check
h2o_1523
/data/boittier/energies/h2o_geom.xyz.dir
Read multipoles for 3 atoms with max. rank 2
Running in generate mode

Reading "/data/boittier/energies/h2o_geom.xyz.dir/h2o_1523.chk.fchk.potential.cube"...

  h2o Potential=SCF
  Electrostatic potential from Total SCF Density
    3   -4.970736   -4.762139   -4.970736
   80    0.125841    0.000000    0.000000
   80    0.000000    0.125841    0.000000
   80    0.000000    0.000000    0.125841
    8    8.000000    0.000000    0.208596    0.000000
    1    1.000000    1.376762   -0.969648    0.000000
    1    1.000000   -1.376762   -0.699124    0.000000
  1.59254E-02  1.59827E-02  1.60115E-02  1.60115E-02  1.59827E-02  1.59254E-02
       .            .            .            .            .            .
       .            .            .            .            .            .
       .            .            .            .            .            .
 -9.91277E-03 -9.90668E-03 -9.89451E-03 -9.87626E-03 -9.85196E-03 -9.82163E-03

338956 out of 512000 gridpoints are considered ( 66.2%).

...done!

 writing cube file quadrupole_expansion.cube                                                                                                                                                                                                                                                                                                                                                                                                                                                                                                                                                                                                                                                                                                                                                                                                                                                                                                                                                                                                                                       
Written cubefile and slice data
Running in analysis mode

Reading "/data/boittier/energies/h2o_geom.xyz.dir/h2o_1523.chk.fchk.potential.cube"...

  h2o Potential=SCF
  Electrostatic potential from Total SCF Density
    3   -4.970736   -4.762139   -4.970736
   80    0.125841    0.000000    0.000000
   80    0.000000    0.125841    0.000000
   80    0.000000    0.000000    0.125841
    8    8.000000    0.000000    0.208596    0.000000
    1    1.000000    1.376762   -0.969648    0.000000
    1    1.000000   -1.376762   -0.699124    0.000000
  5.80631E-03  6.00912E-03  6.21797E-03  6.43283E-03  6.65364E-03  6.88028E-03
       .            .            .            .            .            .
       .            .            .            .            .            .
       .            .            .            .            .            .
 -6.93758E-03 -6.81030E-03 -6.68321E-03 -6.55648E-03 -6.43027E-03 -6.30473E-03

512000 out of 512000 gridpoints are considered (100.0%).

...done!

Reading "/home/boittier/esp_check/quadrupole_expansion.cube"...

  Fitted ESP
  Electrostatic potential fitted from quadrupole expansion.
    3   -4.970736   -4.762139   -4.970736
   80    0.125841    0.000000    0.000000
   80    0.000000    0.125841    0.000000
   80    0.000000    0.000000    0.125841
    8    8.000000    0.000000    0.208596    0.000000
    1    1.000000    1.376762   -0.969648    0.000000
    1    1.000000   -1.376762   -0.699124    0.000000
  5.75955E-03  5.95694E-03  6.16000E-03  6.36869E-03  6.58293E-03  6.80261E-03
       .            .            .            .            .            .
       .            .            .            .            .            .
       .            .            .            .            .            .
 -6.89764E-03 -6.77482E-03 -6.65192E-03 -6.52912E-03 -6.40657E-03 -6.28445E-03

512000 out of 512000 gridpoints are considered (100.0%).

...done!

                       Measure       RMSE[kcal/mol/e]   MaxError[kcal/mol/e]   NPoints
                         Total        6.824102289E-01        4.685926960E+00    409308
Close (  1.20 < r <   1.66 )          1.084150615E+00        4.685926960E+00    142199
Mid-range ( 1.66 < r <  2.20)         3.376714376E-01        1.068849429E+00    196757
Far-range (  2.20         < r)        1.213049171E-01        3.373679158E-01     70352
Did analysis and wrote slice data
