/home/boittier/esp_check
h2o_1332
/data/boittier/energies/h2o_geom.xyz.dir
Read multipoles for 3 atoms with max. rank 2
Running in generate mode

Reading "/data/boittier/energies/h2o_geom.xyz.dir/h2o_1332.chk.fchk.potential.cube"...

  h2o Potential=SCF
  Electrostatic potential from Total SCF Density
    3   -4.970736   -4.757708   -4.970736
   80    0.125841    0.000000    0.000000
   80    0.000000    0.125841    0.000000
   80    0.000000    0.000000    0.125841
    8    8.000000    0.000000    0.213027    0.000000
    1    1.000000    1.529350   -0.767858    0.000000
    1    1.000000   -1.529350   -0.936361    0.000000
  1.67330E-02  1.68231E-02  1.68837E-02  1.69141E-02  1.69141E-02  1.68837E-02
       .            .            .            .            .            .
       .            .            .            .            .            .
       .            .            .            .            .            .
 -7.69806E-03 -7.69586E-03 -7.69143E-03 -7.68473E-03 -7.67569E-03 -7.66422E-03

337438 out of 512000 gridpoints are considered ( 65.9%).

...done!

 writing cube file quadrupole_expansion.cube                                                                                                                                                                                                                                                                                                                                                                                                                                                                                                                                                                                                                                                                                                                                                                                                                                                                                                                                                                                                                                       
Written cubefile and slice data
Running in analysis mode

Reading "/data/boittier/energies/h2o_geom.xyz.dir/h2o_1332.chk.fchk.potential.cube"...

  h2o Potential=SCF
  Electrostatic potential from Total SCF Density
    3   -4.970736   -4.757708   -4.970736
   80    0.125841    0.000000    0.000000
   80    0.000000    0.125841    0.000000
   80    0.000000    0.000000    0.125841
    8    8.000000    0.000000    0.213027    0.000000
    1    1.000000    1.529350   -0.767858    0.000000
    1    1.000000   -1.529350   -0.936361    0.000000
  6.05258E-03  6.28238E-03  6.51989E-03  6.76514E-03  7.01812E-03  7.27875E-03
       .            .            .            .            .            .
       .            .            .            .            .            .
       .            .            .            .            .            .
 -6.21509E-03 -6.11299E-03 -6.01054E-03 -5.90786E-03 -5.80512E-03 -5.70244E-03

512000 out of 512000 gridpoints are considered (100.0%).

...done!

Reading "/home/boittier/esp_check/quadrupole_expansion.cube"...

  Fitted ESP
  Electrostatic potential fitted from quadrupole expansion.
    3   -4.970736   -4.757708   -4.970736
   80    0.125841    0.000000    0.000000
   80    0.000000    0.125841    0.000000
   80    0.000000    0.000000    0.125841
    8    8.000000    0.000000    0.213027    0.000000
    1    1.000000    1.529350   -0.767858    0.000000
    1    1.000000   -1.529350   -0.936361    0.000000
  5.98195E-03  6.20489E-03  6.43510E-03  6.67258E-03  6.91733E-03  7.16927E-03
       .            .            .            .            .            .
       .            .            .            .            .            .
       .            .            .            .            .            .
 -6.14687E-03 -6.05040E-03 -5.95328E-03 -5.85564E-03 -5.75763E-03 -5.65942E-03

512000 out of 512000 gridpoints are considered (100.0%).

...done!

                       Measure       RMSE[kcal/mol/e]   MaxError[kcal/mol/e]   NPoints
                         Total        7.009244007E-01        4.704814995E+00    406262
Close (  1.20 < r <   1.66 )          1.105894116E+00        4.704814995E+00    143536
Mid-range ( 1.66 < r <  2.20)         3.445756399E-01        1.158884487E+00    193902
Far-range (  2.20         < r)        1.221719255E-01        3.313501000E-01     68824
Did analysis and wrote slice data
