/home/boittier/esp_check
h2o_1361
/data/boittier/energies/h2o_geom.xyz.dir
Read multipoles for 3 atoms with max. rank 2
Running in generate mode

Reading "/data/boittier/energies/h2o_geom.xyz.dir/h2o_1361.chk.fchk.potential.cube"...

  h2o Potential=SCF
  Electrostatic potential from Total SCF Density
    3   -4.970736   -4.729417   -4.970736
   80    0.125841    0.000000    0.000000
   80    0.000000    0.125841    0.000000
   80    0.000000    0.000000    0.125841
    8    8.000000    0.000000    0.241319    0.000000
    1    1.000000    1.409173   -0.924159    0.000000
    1    1.000000   -1.409173   -1.006389    0.000000
  1.72198E-02  1.72797E-02  1.73097E-02  1.73097E-02  1.72797E-02  1.72198E-02
       .            .            .            .            .            .
       .            .            .            .            .            .
       .            .            .            .            .            .
 -9.47808E-03 -9.47317E-03 -9.46333E-03 -9.44857E-03 -9.42888E-03 -9.40423E-03

337916 out of 512000 gridpoints are considered ( 66.0%).

...done!

 writing cube file quadrupole_expansion.cube                                                                                                                                                                                                                                                                                                                                                                                                                                                                                                                                                                                                                                                                                                                                                                                                                                                                                                                                                                                                                                       
Written cubefile and slice data
Running in analysis mode

Reading "/data/boittier/energies/h2o_geom.xyz.dir/h2o_1361.chk.fchk.potential.cube"...

  h2o Potential=SCF
  Electrostatic potential from Total SCF Density
    3   -4.970736   -4.729417   -4.970736
   80    0.125841    0.000000    0.000000
   80    0.000000    0.125841    0.000000
   80    0.000000    0.000000    0.125841
    8    8.000000    0.000000    0.241319    0.000000
    1    1.000000    1.409173   -0.924159    0.000000
    1    1.000000   -1.409173   -1.006389    0.000000
  6.46875E-03  6.70496E-03  6.94879E-03  7.20024E-03  7.45930E-03  7.72587E-03
       .            .            .            .            .            .
       .            .            .            .            .            .
       .            .            .            .            .            .
 -6.90243E-03 -6.78223E-03 -6.66195E-03 -6.54175E-03 -6.42179E-03 -6.30222E-03

512000 out of 512000 gridpoints are considered (100.0%).

...done!

Reading "/home/boittier/esp_check/quadrupole_expansion.cube"...

  Fitted ESP
  Electrostatic potential fitted from quadrupole expansion.
    3   -4.970736   -4.729417   -4.970736
   80    0.125841    0.000000    0.000000
   80    0.000000    0.125841    0.000000
   80    0.000000    0.000000    0.125841
    8    8.000000    0.000000    0.241319    0.000000
    1    1.000000    1.409173   -0.924159    0.000000
    1    1.000000   -1.409173   -1.006389    0.000000
  6.41159E-03  6.64143E-03  6.87845E-03  7.12265E-03  7.37400E-03  7.63242E-03
       .            .            .            .            .            .
       .            .            .            .            .            .
       .            .            .            .            .            .
 -6.85192E-03 -6.73672E-03 -6.62114E-03 -6.50536E-03 -6.38955E-03 -6.27387E-03

512000 out of 512000 gridpoints are considered (100.0%).

...done!

                       Measure       RMSE[kcal/mol/e]   MaxError[kcal/mol/e]   NPoints
                         Total        6.605912770E-01        4.731672400E+00    406468
Close (  1.20 < r <   1.66 )          1.041560890E+00        4.731672400E+00    143868
Mid-range ( 1.66 < r <  2.20)         3.244030293E-01        1.054090406E+00    194048
Far-range (  2.20         < r)        1.132156282E-01        3.239831388E-01     68552
Did analysis and wrote slice data
