/home/boittier/esp_check
h2o_1764
/data/boittier/energies/h2o_geom.xyz.dir
Read multipoles for 3 atoms with max. rank 2
Running in generate mode

Reading "/data/boittier/energies/h2o_geom.xyz.dir/h2o_1764.chk.fchk.potential.cube"...

  h2o Potential=SCF
  Electrostatic potential from Total SCF Density
    3   -4.970736   -4.746042   -4.970736
   80    0.125841    0.000000    0.000000
   80    0.000000    0.125841    0.000000
   80    0.000000    0.000000    0.125841
    8    8.000000    0.000000    0.224694    0.000000
    1    1.000000    1.533157   -0.748359    0.000000
    1    1.000000   -1.533157   -1.049192    0.000000
  1.72027E-02  1.72943E-02  1.73558E-02  1.73867E-02  1.73867E-02  1.73558E-02
       .            .            .            .            .            .
       .            .            .            .            .            .
       .            .            .            .            .            .
 -7.52902E-03 -7.52723E-03 -7.52363E-03 -7.51817E-03 -7.51076E-03 -7.50131E-03

337126 out of 512000 gridpoints are considered ( 65.8%).

...done!

 writing cube file quadrupole_expansion.cube                                                                                                                                                                                                                                                                                                                                                                                                                                                                                                                                                                                                                                                                                                                                                                                                                                                                                                                                                                                                                                       
Written cubefile and slice data
Running in analysis mode

Reading "/data/boittier/energies/h2o_geom.xyz.dir/h2o_1764.chk.fchk.potential.cube"...

  h2o Potential=SCF
  Electrostatic potential from Total SCF Density
    3   -4.970736   -4.746042   -4.970736
   80    0.125841    0.000000    0.000000
   80    0.000000    0.125841    0.000000
   80    0.000000    0.000000    0.125841
    8    8.000000    0.000000    0.224694    0.000000
    1    1.000000    1.533157   -0.748359    0.000000
    1    1.000000   -1.533157   -1.049192    0.000000
  6.30235E-03  6.54507E-03  6.79614E-03  7.05561E-03  7.32348E-03  7.59971E-03
       .            .            .            .            .            .
       .            .            .            .            .            .
       .            .            .            .            .            .
 -6.18850E-03 -6.08922E-03 -5.98947E-03 -5.88941E-03 -5.78918E-03 -5.68891E-03

512000 out of 512000 gridpoints are considered (100.0%).

...done!

Reading "/home/boittier/esp_check/quadrupole_expansion.cube"...

  Fitted ESP
  Electrostatic potential fitted from quadrupole expansion.
    3   -4.970736   -4.746042   -4.970736
   80    0.125841    0.000000    0.000000
   80    0.000000    0.125841    0.000000
   80    0.000000    0.000000    0.125841
    8    8.000000    0.000000    0.224694    0.000000
    1    1.000000    1.533157   -0.748359    0.000000
    1    1.000000   -1.533157   -1.049192    0.000000
  6.22969E-03  6.46532E-03  6.70885E-03  6.96030E-03  7.21967E-03  7.48692E-03
       .            .            .            .            .            .
       .            .            .            .            .            .
       .            .            .            .            .            .
 -6.11756E-03 -6.02401E-03 -5.92969E-03 -5.83476E-03 -5.73937E-03 -5.64366E-03

512000 out of 512000 gridpoints are considered (100.0%).

...done!

                       Measure       RMSE[kcal/mol/e]   MaxError[kcal/mol/e]   NPoints
                         Total        6.931265737E-01        4.704877746E+00    405342
Close (  1.20 < r <   1.66 )          1.090651173E+00        4.704877746E+00    144164
Mid-range ( 1.66 < r <  2.20)         3.397929985E-01        1.145142030E+00    192962
Far-range (  2.20         < r)        1.193067718E-01        3.318019068E-01     68216
Did analysis and wrote slice data
