/home/boittier/esp_check
h2o_885
/data/boittier/energies/h2o_geom.xyz.dir
Read multipoles for 3 atoms with max. rank 2
Running in generate mode

Reading "/data/boittier/energies/h2o_geom.xyz.dir/h2o_885.chk.fchk.potential.cube"...

  h2o Potential=SCF
  Electrostatic potential from Total SCF Density
    3   -4.970736   -4.741033   -4.970736
   80    0.125841    0.000000    0.000000
   80    0.000000    0.125841    0.000000
   80    0.000000    0.000000    0.125841
    8    8.000000    0.000000    0.229703    0.000000
    1    1.000000    1.382406   -0.958977    0.000000
    1    1.000000   -1.382406   -0.878646    0.000000
  1.65236E-02  1.66998E-02  1.68489E-02  1.69697E-02  1.70613E-02  1.71228E-02
       .            .            .            .            .            .
       .            .            .            .            .            .
       .            .            .            .            .            .
 -9.85051E-03 -9.84484E-03 -9.83351E-03 -9.81652E-03 -9.79388E-03 -9.76559E-03

338406 out of 512000 gridpoints are considered ( 66.1%).

...done!

 writing cube file quadrupole_expansion.cube                                                                                                                                                                                                                                                                                                                                                                                                                                                                                                                                                                                                                                                                                                                                                                                                                                                                                                                                                                                                                                       
Written cubefile and slice data
Running in analysis mode

Reading "/data/boittier/energies/h2o_geom.xyz.dir/h2o_885.chk.fchk.potential.cube"...

  h2o Potential=SCF
  Electrostatic potential from Total SCF Density
    3   -4.970736   -4.741033   -4.970736
   80    0.125841    0.000000    0.000000
   80    0.000000    0.125841    0.000000
   80    0.000000    0.000000    0.125841
    8    8.000000    0.000000    0.229703    0.000000
    1    1.000000    1.382406   -0.958977    0.000000
    1    1.000000   -1.382406   -0.878646    0.000000
  6.25420E-03  6.47720E-03  6.70712E-03  6.94394E-03  7.18761E-03  7.43804E-03
       .            .            .            .            .            .
       .            .            .            .            .            .
       .            .            .            .            .            .
 -6.99714E-03 -6.87198E-03 -6.74688E-03 -6.62200E-03 -6.49751E-03 -6.37356E-03

512000 out of 512000 gridpoints are considered (100.0%).

...done!

Reading "/home/boittier/esp_check/quadrupole_expansion.cube"...

  Fitted ESP
  Electrostatic potential fitted from quadrupole expansion.
    3   -4.970736   -4.741033   -4.970736
   80    0.125841    0.000000    0.000000
   80    0.000000    0.125841    0.000000
   80    0.000000    0.000000    0.125841
    8    8.000000    0.000000    0.229703    0.000000
    1    1.000000    1.382406   -0.958977    0.000000
    1    1.000000   -1.382406   -0.878646    0.000000
  6.20128E-03  6.41829E-03  6.64180E-03  6.87179E-03  7.10821E-03  7.35095E-03
       .            .            .            .            .            .
       .            .            .            .            .            .
       .            .            .            .            .            .
 -6.95145E-03 -6.83109E-03 -6.71051E-03 -6.58987E-03 -6.46935E-03 -6.34910E-03

512000 out of 512000 gridpoints are considered (100.0%).

...done!

                       Measure       RMSE[kcal/mol/e]   MaxError[kcal/mol/e]   NPoints
                         Total        6.663903785E-01        4.705630757E+00    407774
Close (  1.20 < r <   1.66 )          1.054335707E+00        4.705630757E+00    143034
Mid-range ( 1.66 < r <  2.20)         3.289852474E-01        1.040787205E+00    195372
Far-range (  2.20         < r)        1.162437085E-01        3.178962970E-01     69368
Did analysis and wrote slice data
