/home/boittier/esp_check
h2o_1510
/data/boittier/energies/h2o_geom.xyz.dir
Read multipoles for 3 atoms with max. rank 2
Running in generate mode

Reading "/data/boittier/energies/h2o_geom.xyz.dir/h2o_1510.chk.fchk.potential.cube"...

  h2o Potential=SCF
  Electrostatic potential from Total SCF Density
    3   -4.970736   -4.754320   -4.970736
   80    0.125841    0.000000    0.000000
   80    0.000000    0.125841    0.000000
   80    0.000000    0.000000    0.125841
    8    8.000000    0.000000    0.216416    0.000000
    1    1.000000    1.331217   -1.035758    0.000000
    1    1.000000   -1.331217   -0.695570    0.000000
  1.58299E-02  1.60013E-02  1.61464E-02  1.62640E-02  1.63531E-02  1.64129E-02
       .            .            .            .            .            .
       .            .            .            .            .            .
       .            .            .            .            .            .
 -1.05859E-02 -1.05788E-02 -1.05647E-02 -1.05436E-02 -1.05155E-02 -1.04805E-02

339140 out of 512000 gridpoints are considered ( 66.2%).

...done!

 writing cube file quadrupole_expansion.cube                                                                                                                                                                                                                                                                                                                                                                                                                                                                                                                                                                                                                                                                                                                                                                                                                                                                                                                                                                                                                                       
Written cubefile and slice data
Running in analysis mode

Reading "/data/boittier/energies/h2o_geom.xyz.dir/h2o_1510.chk.fchk.potential.cube"...

  h2o Potential=SCF
  Electrostatic potential from Total SCF Density
    3   -4.970736   -4.754320   -4.970736
   80    0.125841    0.000000    0.000000
   80    0.000000    0.125841    0.000000
   80    0.000000    0.000000    0.125841
    8    8.000000    0.000000    0.216416    0.000000
    1    1.000000    1.331217   -1.035758    0.000000
    1    1.000000   -1.331217   -0.695570    0.000000
  5.95646E-03  6.16095E-03  6.37140E-03  6.58775E-03  6.80994E-03  7.03785E-03
       .            .            .            .            .            .
       .            .            .            .            .            .
       .            .            .            .            .            .
 -7.20304E-03 -7.06890E-03 -6.93504E-03 -6.80164E-03 -6.66888E-03 -6.53691E-03

512000 out of 512000 gridpoints are considered (100.0%).

...done!

Reading "/home/boittier/esp_check/quadrupole_expansion.cube"...

  Fitted ESP
  Electrostatic potential fitted from quadrupole expansion.
    3   -4.970736   -4.754320   -4.970736
   80    0.125841    0.000000    0.000000
   80    0.000000    0.125841    0.000000
   80    0.000000    0.000000    0.125841
    8    8.000000    0.000000    0.216416    0.000000
    1    1.000000    1.331217   -1.035758    0.000000
    1    1.000000   -1.331217   -0.695570    0.000000
  5.91533E-03  6.11466E-03  6.31959E-03  6.53005E-03  6.74596E-03  6.96722E-03
       .            .            .            .            .            .
       .            .            .            .            .            .
       .            .            .            .            .            .
 -7.17049E-03 -7.04052E-03 -6.91058E-03 -6.78085E-03 -6.65150E-03 -6.52269E-03

512000 out of 512000 gridpoints are considered (100.0%).

...done!

                       Measure       RMSE[kcal/mol/e]   MaxError[kcal/mol/e]   NPoints
                         Total        6.689379112E-01        4.670301974E+00    409544
Close (  1.20 < r <   1.66 )          1.063128446E+00        4.670301974E+00    142165
Mid-range ( 1.66 < r <  2.20)         3.311012694E-01        1.041264112E+00    196975
Far-range (  2.20         < r)        1.184051445E-01        3.313124494E-01     70404
Did analysis and wrote slice data
