/home/boittier/esp_check
h2o_22
/data/boittier/energies/h2o_geom.xyz.dir
Read multipoles for 3 atoms with max. rank 2
Running in generate mode

Reading "/data/boittier/energies/h2o_geom.xyz.dir/h2o_22.chk.fchk.potential.cube"...

  h2o Potential=SCF
  Electrostatic potential from Total SCF Density
    3   -4.970736   -4.749756   -4.970736
   80    0.125841    0.000000    0.000000
   80    0.000000    0.125841    0.000000
   80    0.000000    0.000000    0.125841
    8    8.000000    0.000000    0.220980    0.000000
    1    1.000000    1.438587   -0.880617    0.000000
    1    1.000000   -1.438587   -0.887222    0.000000
  1.66336E-02  1.67223E-02  1.67819E-02  1.68118E-02  1.68118E-02  1.67819E-02
       .            .            .            .            .            .
       .            .            .            .            .            .
       .            .            .            .            .            .
 -9.01421E-03 -9.00982E-03 -9.00102E-03 -8.98781E-03 -8.97016E-03 -8.94806E-03

338177 out of 512000 gridpoints are considered ( 66.1%).

...done!

 writing cube file quadrupole_expansion.cube                                                                                                                                                                                                                                                                                                                                                                                                                                                                                                                                                                                                                                                                                                                                                                                                                                                                                                                                                                                                                                       
Written cubefile and slice data
Running in analysis mode

Reading "/data/boittier/energies/h2o_geom.xyz.dir/h2o_22.chk.fchk.potential.cube"...

  h2o Potential=SCF
  Electrostatic potential from Total SCF Density
    3   -4.970736   -4.749756   -4.970736
   80    0.125841    0.000000    0.000000
   80    0.000000    0.125841    0.000000
   80    0.000000    0.000000    0.125841
    8    8.000000    0.000000    0.220980    0.000000
    1    1.000000    1.438587   -0.880617    0.000000
    1    1.000000   -1.438587   -0.887222    0.000000
  6.12331E-03  6.34657E-03  6.57696E-03  6.81447E-03  7.05906E-03  7.31065E-03
       .            .            .            .            .            .
       .            .            .            .            .            .
       .            .            .            .            .            .
 -6.67971E-03 -6.56328E-03 -6.44676E-03 -6.33032E-03 -6.21411E-03 -6.09827E-03

512000 out of 512000 gridpoints are considered (100.0%).

...done!

Reading "/home/boittier/esp_check/quadrupole_expansion.cube"...

  Fitted ESP
  Electrostatic potential fitted from quadrupole expansion.
    3   -4.970736   -4.749756   -4.970736
   80    0.125841    0.000000    0.000000
   80    0.000000    0.125841    0.000000
   80    0.000000    0.000000    0.125841
    8    8.000000    0.000000    0.220980    0.000000
    1    1.000000    1.438587   -0.880617    0.000000
    1    1.000000   -1.438587   -0.887222    0.000000
  6.06341E-03  6.28035E-03  6.50400E-03  6.73433E-03  6.97130E-03  7.21483E-03
       .            .            .            .            .            .
       .            .            .            .            .            .
       .            .            .            .            .            .
 -6.62480E-03 -6.51351E-03 -6.40185E-03 -6.28998E-03 -6.17805E-03 -6.06623E-03

512000 out of 512000 gridpoints are considered (100.0%).

...done!

                       Measure       RMSE[kcal/mol/e]   MaxError[kcal/mol/e]   NPoints
                         Total        6.834586086E-01        4.697849640E+00    407439
Close (  1.20 < r <   1.66 )          1.080668187E+00        4.697849640E+00    143147
Mid-range ( 1.66 < r <  2.20)         3.370685562E-01        1.073103943E+00    195030
Far-range (  2.20         < r)        1.195218403E-01        3.215358519E-01     69262
Did analysis and wrote slice data
