/home/boittier/esp_check
h2o_1320
/data/boittier/energies/h2o_geom.xyz.dir
Read multipoles for 3 atoms with max. rank 2
Running in generate mode

Reading "/data/boittier/energies/h2o_geom.xyz.dir/h2o_1320.chk.fchk.potential.cube"...

  h2o Potential=SCF
  Electrostatic potential from Total SCF Density
    3   -4.970736   -4.745947   -4.970736
   80    0.125841    0.000000    0.000000
   80    0.000000    0.125841    0.000000
   80    0.000000    0.000000    0.125841
    8    8.000000    0.000000    0.224789    0.000000
    1    1.000000    1.432825   -0.893778    0.000000
    1    1.000000   -1.432825   -0.904533    0.000000
  1.66692E-02  1.67875E-02  1.68771E-02  1.69373E-02  1.69675E-02  1.69675E-02
       .            .            .            .            .            .
       .            .            .            .            .            .
       .            .            .            .            .            .
 -9.14790E-03 -9.14333E-03 -9.13420E-03 -9.12048E-03 -9.10217E-03 -9.07923E-03

338130 out of 512000 gridpoints are considered ( 66.0%).

...done!

 writing cube file quadrupole_expansion.cube                                                                                                                                                                                                                                                                                                                                                                                                                                                                                                                                                                                                                                                                                                                                                                                                                                                                                                                                                                                                                                       
Written cubefile and slice data
Running in analysis mode

Reading "/data/boittier/energies/h2o_geom.xyz.dir/h2o_1320.chk.fchk.potential.cube"...

  h2o Potential=SCF
  Electrostatic potential from Total SCF Density
    3   -4.970736   -4.745947   -4.970736
   80    0.125841    0.000000    0.000000
   80    0.000000    0.125841    0.000000
   80    0.000000    0.000000    0.125841
    8    8.000000    0.000000    0.224789    0.000000
    1    1.000000    1.432825   -0.893778    0.000000
    1    1.000000   -1.432825   -0.904533    0.000000
  6.18738E-03  6.41278E-03  6.64537E-03  6.88515E-03  7.13209E-03  7.38610E-03
       .            .            .            .            .            .
       .            .            .            .            .            .
       .            .            .            .            .            .
 -6.73954E-03 -6.62187E-03 -6.50412E-03 -6.38646E-03 -6.26904E-03 -6.15201E-03

512000 out of 512000 gridpoints are considered (100.0%).

...done!

Reading "/home/boittier/esp_check/quadrupole_expansion.cube"...

  Fitted ESP
  Electrostatic potential fitted from quadrupole expansion.
    3   -4.970736   -4.745947   -4.970736
   80    0.125841    0.000000    0.000000
   80    0.000000    0.125841    0.000000
   80    0.000000    0.000000    0.125841
    8    8.000000    0.000000    0.224789    0.000000
    1    1.000000    1.432825   -0.893778    0.000000
    1    1.000000   -1.432825   -0.904533    0.000000
  6.12822E-03  6.34730E-03  6.57315E-03  6.80575E-03  7.04507E-03  7.29102E-03
       .            .            .            .            .            .
       .            .            .            .            .            .
       .            .            .            .            .            .
 -6.68581E-03 -6.57324E-03 -6.46031E-03 -6.34718E-03 -6.23401E-03 -6.12096E-03

512000 out of 512000 gridpoints are considered (100.0%).

...done!

                       Measure       RMSE[kcal/mol/e]   MaxError[kcal/mol/e]   NPoints
                         Total        6.792928336E-01        4.705756259E+00    407254
Close (  1.20 < r <   1.66 )          1.073463268E+00        4.705756259E+00    143268
Mid-range ( 1.66 < r <  2.20)         3.349578113E-01        1.070656656E+00    194862
Far-range (  2.20         < r)        1.183885099E-01        3.222323874E-01     69124
Did analysis and wrote slice data
