/home/boittier/esp_check
h2o_1141
/data/boittier/energies/h2o_geom.xyz.dir
Read multipoles for 3 atoms with max. rank 2
Running in generate mode

Reading "/data/boittier/energies/h2o_geom.xyz.dir/h2o_1141.chk.fchk.potential.cube"...

  h2o Potential=SCF
  Electrostatic potential from Total SCF Density
    3   -4.970736   -4.746741   -4.970736
   80    0.125841    0.000000    0.000000
   80    0.000000    0.125841    0.000000
   80    0.000000    0.000000    0.125841
    8    8.000000    0.000000    0.223994    0.000000
    1    1.000000    1.404194   -0.927228    0.000000
    1    1.000000   -1.404194   -0.864726    0.000000
  1.64176E-02  1.65938E-02  1.67430E-02  1.68638E-02  1.69554E-02  1.70169E-02
       .            .            .            .            .            .
       .            .            .            .            .            .
       .            .            .            .            .            .
 -9.51821E-03 -9.51301E-03 -9.50261E-03 -9.48701E-03 -9.46620E-03 -9.44019E-03

338388 out of 512000 gridpoints are considered ( 66.1%).

...done!

 writing cube file quadrupole_expansion.cube                                                                                                                                                                                                                                                                                                                                                                                                                                                                                                                                                                                                                                                                                                                                                                                                                                                                                                                                                                                                                                       
Written cubefile and slice data
Running in analysis mode

Reading "/data/boittier/energies/h2o_geom.xyz.dir/h2o_1141.chk.fchk.potential.cube"...

  h2o Potential=SCF
  Electrostatic potential from Total SCF Density
    3   -4.970736   -4.746741   -4.970736
   80    0.125841    0.000000    0.000000
   80    0.000000    0.125841    0.000000
   80    0.000000    0.000000    0.125841
    8    8.000000    0.000000    0.223994    0.000000
    1    1.000000    1.404194   -0.927228    0.000000
    1    1.000000   -1.404194   -0.864726    0.000000
  6.15773E-03  6.37879E-03  6.60677E-03  6.84163E-03  7.08334E-03  7.33182E-03
       .            .            .            .            .            .
       .            .            .            .            .            .
       .            .            .            .            .            .
 -6.86228E-03 -6.74042E-03 -6.61857E-03 -6.49690E-03 -6.37557E-03 -6.25473E-03

512000 out of 512000 gridpoints are considered (100.0%).

...done!

Reading "/home/boittier/esp_check/quadrupole_expansion.cube"...

  Fitted ESP
  Electrostatic potential fitted from quadrupole expansion.
    3   -4.970736   -4.746741   -4.970736
   80    0.125841    0.000000    0.000000
   80    0.000000    0.125841    0.000000
   80    0.000000    0.000000    0.125841
    8    8.000000    0.000000    0.223994    0.000000
    1    1.000000    1.404194   -0.927228    0.000000
    1    1.000000   -1.404194   -0.864726    0.000000
  6.10235E-03  6.31733E-03  6.53880E-03  6.76675E-03  7.00111E-03  7.24180E-03
       .            .            .            .            .            .
       .            .            .            .            .            .
       .            .            .            .            .            .
 -6.81311E-03 -6.69618E-03 -6.57897E-03 -6.46166E-03 -6.34442E-03 -6.22739E-03

512000 out of 512000 gridpoints are considered (100.0%).

...done!

                       Measure       RMSE[kcal/mol/e]   MaxError[kcal/mol/e]   NPoints
                         Total        6.753827588E-01        4.698414398E+00    407838
Close (  1.20 < r <   1.66 )          1.068694382E+00        4.698414398E+00    143022
Mid-range ( 1.66 < r <  2.20)         3.333894994E-01        1.055031670E+00    195366
Far-range (  2.20         < r)        1.182311593E-01        3.189003121E-01     69450
Did analysis and wrote slice data
