/home/boittier/esp_check
h2o_1699
/data/boittier/energies/h2o_geom.xyz.dir
Read multipoles for 3 atoms with max. rank 2
Running in generate mode

Reading "/data/boittier/energies/h2o_geom.xyz.dir/h2o_1699.chk.fchk.potential.cube"...

  h2o Potential=SCF
  Electrostatic potential from Total SCF Density
    3   -4.970736   -4.739882   -4.970736
   80    0.125841    0.000000    0.000000
   80    0.000000    0.125841    0.000000
   80    0.000000    0.000000    0.125841
    8    8.000000    0.000000    0.230854    0.000000
    1    1.000000    1.471429   -0.825444    0.000000
    1    1.000000   -1.471429   -1.021387    0.000000
  1.70454E-02  1.71966E-02  1.73192E-02  1.74121E-02  1.74745E-02  1.75058E-02
       .            .            .            .            .            .
       .            .            .            .            .            .
       .            .            .            .            .            .
 -8.43816E-03 -8.43485E-03 -8.42822E-03 -8.41824E-03 -8.40486E-03 -8.38802E-03

337594 out of 512000 gridpoints are considered ( 65.9%).

...done!

 writing cube file quadrupole_expansion.cube                                                                                                                                                                                                                                                                                                                                                                                                                                                                                                                                                                                                                                                                                                                                                                                                                                                                                                                                                                                                                                       
Written cubefile and slice data
Running in analysis mode

Reading "/data/boittier/energies/h2o_geom.xyz.dir/h2o_1699.chk.fchk.potential.cube"...

  h2o Potential=SCF
  Electrostatic potential from Total SCF Density
    3   -4.970736   -4.739882   -4.970736
   80    0.125841    0.000000    0.000000
   80    0.000000    0.125841    0.000000
   80    0.000000    0.000000    0.125841
    8    8.000000    0.000000    0.230854    0.000000
    1    1.000000    1.471429   -0.825444    0.000000
    1    1.000000   -1.471429   -1.021387    0.000000
  6.34780E-03  6.58582E-03  6.83177E-03  7.08567E-03  7.34751E-03  7.61724E-03
       .            .            .            .            .            .
       .            .            .            .            .            .
       .            .            .            .            .            .
 -6.51042E-03 -6.40121E-03 -6.29173E-03 -6.18214E-03 -6.07258E-03 -5.96321E-03

512000 out of 512000 gridpoints are considered (100.0%).

...done!

Reading "/home/boittier/esp_check/quadrupole_expansion.cube"...

  Fitted ESP
  Electrostatic potential fitted from quadrupole expansion.
    3   -4.970736   -4.739882   -4.970736
   80    0.125841    0.000000    0.000000
   80    0.000000    0.125841    0.000000
   80    0.000000    0.000000    0.125841
    8    8.000000    0.000000    0.230854    0.000000
    1    1.000000    1.471429   -0.825444    0.000000
    1    1.000000   -1.471429   -1.021387    0.000000
  6.28214E-03  6.51340E-03  6.75215E-03  6.99840E-03  7.25212E-03  7.51325E-03
       .            .            .            .            .            .
       .            .            .            .            .            .
       .            .            .            .            .            .
 -6.44837E-03 -6.34459E-03 -6.24023E-03 -6.13547E-03 -6.03047E-03 -5.92536E-03

512000 out of 512000 gridpoints are considered (100.0%).

...done!

                       Measure       RMSE[kcal/mol/e]   MaxError[kcal/mol/e]   NPoints
                         Total        6.797294624E-01        4.721192992E+00    406076
Close (  1.20 < r <   1.66 )          1.071068129E+00        4.721192992E+00    143876
Mid-range ( 1.66 < r <  2.20)         3.341265778E-01        1.092619487E+00    193718
Far-range (  2.20         < r)        1.172031573E-01        3.279615489E-01     68482
Did analysis and wrote slice data
