/home/boittier/esp_check
h2o_817
/data/boittier/energies/h2o_geom.xyz.dir
Read multipoles for 3 atoms with max. rank 2
Running in generate mode

Reading "/data/boittier/energies/h2o_geom.xyz.dir/h2o_817.chk.fchk.potential.cube"...

  h2o Potential=SCF
  Electrostatic potential from Total SCF Density
    3   -4.970736   -4.754430   -4.970736
   80    0.125841    0.000000    0.000000
   80    0.000000    0.125841    0.000000
   80    0.000000    0.000000    0.125841
    8    8.000000    0.000000    0.216305    0.000000
    1    1.000000    1.448205   -0.870379    0.000000
    1    1.000000   -1.448205   -0.860062    0.000000
  1.64969E-02  1.65556E-02  1.65850E-02  1.65850E-02  1.65556E-02  1.64969E-02
       .            .            .            .            .            .
       .            .            .            .            .            .
       .            .            .            .            .            .
 -8.88674E-03 -8.88250E-03 -8.87402E-03 -8.86126E-03 -8.84423E-03 -8.82287E-03

338188 out of 512000 gridpoints are considered ( 66.1%).

...done!

 writing cube file quadrupole_expansion.cube                                                                                                                                                                                                                                                                                                                                                                                                                                                                                                                                                                                                                                                                                                                                                                                                                                                                                                                                                                                                                                       
Written cubefile and slice data
Running in analysis mode

Reading "/data/boittier/energies/h2o_geom.xyz.dir/h2o_817.chk.fchk.potential.cube"...

  h2o Potential=SCF
  Electrostatic potential from Total SCF Density
    3   -4.970736   -4.754430   -4.970736
   80    0.125841    0.000000    0.000000
   80    0.000000    0.125841    0.000000
   80    0.000000    0.000000    0.125841
    8    8.000000    0.000000    0.216305    0.000000
    1    1.000000    1.448205   -0.870379    0.000000
    1    1.000000   -1.448205   -0.860062    0.000000
  6.03363E-03  6.25380E-03  6.48098E-03  6.71518E-03  6.95634E-03  7.20439E-03
       .            .            .            .            .            .
       .            .            .            .            .            .
       .            .            .            .            .            .
 -6.62093E-03 -6.50560E-03 -6.39018E-03 -6.27482E-03 -6.15969E-03 -6.04493E-03

512000 out of 512000 gridpoints are considered (100.0%).

...done!

Reading "/home/boittier/esp_check/quadrupole_expansion.cube"...

  Fitted ESP
  Electrostatic potential fitted from quadrupole expansion.
    3   -4.970736   -4.754430   -4.970736
   80    0.125841    0.000000    0.000000
   80    0.000000    0.125841    0.000000
   80    0.000000    0.000000    0.125841
    8    8.000000    0.000000    0.216305    0.000000
    1    1.000000    1.448205   -0.870379    0.000000
    1    1.000000   -1.448205   -0.860062    0.000000
  5.97326E-03  6.18712E-03  6.40758E-03  6.63462E-03  6.86820E-03  7.10822E-03
       .            .            .            .            .            .
       .            .            .            .            .            .
       .            .            .            .            .            .
 -6.56525E-03 -6.45508E-03 -6.34453E-03 -6.23376E-03 -6.12294E-03 -6.01221E-03

512000 out of 512000 gridpoints are considered (100.0%).

...done!

                       Measure       RMSE[kcal/mol/e]   MaxError[kcal/mol/e]   NPoints
                         Total        6.884488675E-01        4.688248745E+00    407590
Close (  1.20 < r <   1.66 )          1.089249000E+00        4.688248745E+00    142984
Mid-range ( 1.66 < r <  2.20)         3.396796709E-01        1.090046699E+00    195204
Far-range (  2.20         < r)        1.208588103E-01        3.212283723E-01     69402
Did analysis and wrote slice data
