/home/boittier/esp_check
h2o_1475
/data/boittier/energies/h2o_geom.xyz.dir
Read multipoles for 3 atoms with max. rank 2
Running in generate mode

Reading "/data/boittier/energies/h2o_geom.xyz.dir/h2o_1475.chk.fchk.potential.cube"...

  h2o Potential=SCF
  Electrostatic potential from Total SCF Density
    3   -4.970736   -4.758280   -4.970736
   80    0.125841    0.000000    0.000000
   80    0.000000    0.125841    0.000000
   80    0.000000    0.000000    0.125841
    8    8.000000    0.000000    0.212455    0.000000
    1    1.000000    1.345197   -1.014678    0.000000
    1    1.000000   -1.345197   -0.684963    0.000000
  1.57195E-02  1.58904E-02  1.60352E-02  1.61525E-02  1.62414E-02  1.63010E-02
       .            .            .            .            .            .
       .            .            .            .            .            .
       .            .            .            .            .            .
 -1.03730E-02 -1.03662E-02 -1.03527E-02 -1.03324E-02 -1.03054E-02 -1.02717E-02

339106 out of 512000 gridpoints are considered ( 66.2%).

...done!

 writing cube file quadrupole_expansion.cube                                                                                                                                                                                                                                                                                                                                                                                                                                                                                                                                                                                                                                                                                                                                                                                                                                                                                                                                                                                                                                       
Written cubefile and slice data
Running in analysis mode

Reading "/data/boittier/energies/h2o_geom.xyz.dir/h2o_1475.chk.fchk.potential.cube"...

  h2o Potential=SCF
  Electrostatic potential from Total SCF Density
    3   -4.970736   -4.758280   -4.970736
   80    0.125841    0.000000    0.000000
   80    0.000000    0.125841    0.000000
   80    0.000000    0.000000    0.125841
    8    8.000000    0.000000    0.212455    0.000000
    1    1.000000    1.345197   -1.014678    0.000000
    1    1.000000   -1.345197   -0.684963    0.000000
  5.87545E-03  6.07798E-03  6.28644E-03  6.50078E-03  6.72092E-03  6.94678E-03
       .            .            .            .            .            .
       .            .            .            .            .            .
       .            .            .            .            .            .
 -7.11210E-03 -6.98002E-03 -6.84821E-03 -6.71684E-03 -6.58608E-03 -6.45608E-03

512000 out of 512000 gridpoints are considered (100.0%).

...done!

Reading "/home/boittier/esp_check/quadrupole_expansion.cube"...

  Fitted ESP
  Electrostatic potential fitted from quadrupole expansion.
    3   -4.970736   -4.758280   -4.970736
   80    0.125841    0.000000    0.000000
   80    0.000000    0.125841    0.000000
   80    0.000000    0.000000    0.125841
    8    8.000000    0.000000    0.212455    0.000000
    1    1.000000    1.345197   -1.014678    0.000000
    1    1.000000   -1.345197   -0.684963    0.000000
  5.83308E-03  6.03042E-03  6.23331E-03  6.44172E-03  6.65556E-03  6.87471E-03
       .            .            .            .            .            .
       .            .            .            .            .            .
       .            .            .            .            .            .
 -7.07768E-03 -6.94984E-03 -6.82200E-03 -6.69435E-03 -6.56705E-03 -6.44027E-03

512000 out of 512000 gridpoints are considered (100.0%).

...done!

                       Measure       RMSE[kcal/mol/e]   MaxError[kcal/mol/e]   NPoints
                         Total        6.742561608E-01        4.677392831E+00    409544
Close (  1.20 < r <   1.66 )          1.071984033E+00        4.677392831E+00    142034
Mid-range ( 1.66 < r <  2.20)         3.338177971E-01        1.052929514E+00    197072
Far-range (  2.20         < r)        1.196578841E-01        3.354979376E-01     70438
Did analysis and wrote slice data
