/home/boittier/esp_check
h2o_966
/data/boittier/energies/h2o_geom.xyz.dir
Read multipoles for 3 atoms with max. rank 2
Running in generate mode

Reading "/data/boittier/energies/h2o_geom.xyz.dir/h2o_966.chk.fchk.potential.cube"...

  h2o Potential=SCF
  Electrostatic potential from Total SCF Density
    3   -4.970736   -4.752654   -4.970736
   80    0.125841    0.000000    0.000000
   80    0.000000    0.125841    0.000000
   80    0.000000    0.000000    0.125841
    8    8.000000    0.000000    0.218081    0.000000
    1    1.000000    1.397779   -0.939438    0.000000
    1    1.000000   -1.397779   -0.805212    0.000000
  1.63551E-02  1.64426E-02  1.65013E-02  1.65308E-02  1.65308E-02  1.65013E-02
       .            .            .            .            .            .
       .            .            .            .            .            .
       .            .            .            .            .            .
 -9.62823E-03 -9.62277E-03 -9.61184E-03 -9.59545E-03 -9.57360E-03 -9.54630E-03

338602 out of 512000 gridpoints are considered ( 66.1%).

...done!

 writing cube file quadrupole_expansion.cube                                                                                                                                                                                                                                                                                                                                                                                                                                                                                                                                                                                                                                                                                                                                                                                                                                                                                                                                                                                                                                       
Written cubefile and slice data
Running in analysis mode

Reading "/data/boittier/energies/h2o_geom.xyz.dir/h2o_966.chk.fchk.potential.cube"...

  h2o Potential=SCF
  Electrostatic potential from Total SCF Density
    3   -4.970736   -4.752654   -4.970736
   80    0.125841    0.000000    0.000000
   80    0.000000    0.125841    0.000000
   80    0.000000    0.000000    0.125841
    8    8.000000    0.000000    0.218081    0.000000
    1    1.000000    1.397779   -0.939438    0.000000
    1    1.000000   -1.397779   -0.805212    0.000000
  6.02977E-03  6.24433E-03  6.46550E-03  6.69324E-03  6.92751E-03  7.16821E-03
       .            .            .            .            .            .
       .            .            .            .            .            .
       .            .            .            .            .            .
 -6.87930E-03 -6.75580E-03 -6.63237E-03 -6.50919E-03 -6.38639E-03 -6.26415E-03

512000 out of 512000 gridpoints are considered (100.0%).

...done!

Reading "/home/boittier/esp_check/quadrupole_expansion.cube"...

  Fitted ESP
  Electrostatic potential fitted from quadrupole expansion.
    3   -4.970736   -4.752654   -4.970736
   80    0.125841    0.000000    0.000000
   80    0.000000    0.125841    0.000000
   80    0.000000    0.000000    0.125841
    8    8.000000    0.000000    0.218081    0.000000
    1    1.000000    1.397779   -0.939438    0.000000
    1    1.000000   -1.397779   -0.805212    0.000000
  5.97674E-03  6.18542E-03  6.40030E-03  6.62134E-03  6.84850E-03  7.08166E-03
       .            .            .            .            .            .
       .            .            .            .            .            .
       .            .            .            .            .            .
 -6.83264E-03 -6.71395E-03 -6.59504E-03 -6.47609E-03 -6.35727E-03 -6.23874E-03

512000 out of 512000 gridpoints are considered (100.0%).

...done!

                       Measure       RMSE[kcal/mol/e]   MaxError[kcal/mol/e]   NPoints
                         Total        6.790300035E-01        4.680216624E+00    408360
Close (  1.20 < r <   1.66 )          1.075784203E+00        4.680216624E+00    142786
Mid-range ( 1.66 < r <  2.20)         3.355053798E-01        1.050701855E+00    195816
Far-range (  2.20         < r)        1.195883606E-01        3.211781715E-01     69758
Did analysis and wrote slice data
