/home/boittier/esp_check
h2o_937
/data/boittier/energies/h2o_geom.xyz.dir
Read multipoles for 3 atoms with max. rank 2
Running in generate mode

Reading "/data/boittier/energies/h2o_geom.xyz.dir/h2o_937.chk.fchk.potential.cube"...

  h2o Potential=SCF
  Electrostatic potential from Total SCF Density
    3   -4.970736   -4.741411   -4.970736
   80    0.125841    0.000000    0.000000
   80    0.000000    0.125841    0.000000
   80    0.000000    0.000000    0.125841
    8    8.000000    0.000000    0.229324    0.000000
    1    1.000000    1.411612   -0.915344    0.000000
    1    1.000000   -1.411612   -0.919250    0.000000
  1.67576E-02  1.68759E-02  1.69655E-02  1.70257E-02  1.70559E-02  1.70559E-02
       .            .            .            .            .            .
       .            .            .            .            .            .
       .            .            .            .            .            .
 -9.40129E-03 -9.39636E-03 -9.38648E-03 -9.37166E-03 -9.35189E-03 -9.32715E-03

338206 out of 512000 gridpoints are considered ( 66.1%).

...done!

 writing cube file quadrupole_expansion.cube                                                                                                                                                                                                                                                                                                                                                                                                                                                                                                                                                                                                                                                                                                                                                                                                                                                                                                                                                                                                                                       
Written cubefile and slice data
Running in analysis mode

Reading "/data/boittier/energies/h2o_geom.xyz.dir/h2o_937.chk.fchk.potential.cube"...

  h2o Potential=SCF
  Electrostatic potential from Total SCF Density
    3   -4.970736   -4.741411   -4.970736
   80    0.125841    0.000000    0.000000
   80    0.000000    0.125841    0.000000
   80    0.000000    0.000000    0.125841
    8    8.000000    0.000000    0.229324    0.000000
    1    1.000000    1.411612   -0.915344    0.000000
    1    1.000000   -1.411612   -0.919250    0.000000
  6.26586E-03  6.49277E-03  6.72689E-03  6.96820E-03  7.21666E-03  7.47219E-03
       .            .            .            .            .            .
       .            .            .            .            .            .
       .            .            .            .            .            .
 -6.83928E-03 -6.71910E-03 -6.59887E-03 -6.47878E-03 -6.35896E-03 -6.23958E-03

512000 out of 512000 gridpoints are considered (100.0%).

...done!

Reading "/home/boittier/esp_check/quadrupole_expansion.cube"...

  Fitted ESP
  Electrostatic potential fitted from quadrupole expansion.
    3   -4.970736   -4.741411   -4.970736
   80    0.125841    0.000000    0.000000
   80    0.000000    0.125841    0.000000
   80    0.000000    0.000000    0.125841
    8    8.000000    0.000000    0.229324    0.000000
    1    1.000000    1.411612   -0.915344    0.000000
    1    1.000000   -1.411612   -0.919250    0.000000
  6.20863E-03  6.42930E-03  6.65675E-03  6.89095E-03  7.13187E-03  7.37941E-03
       .            .            .            .            .            .
       .            .            .            .            .            .
       .            .            .            .            .            .
 -6.78808E-03 -6.67292E-03 -6.55743E-03 -6.44178E-03 -6.32613E-03 -6.21065E-03

512000 out of 512000 gridpoints are considered (100.0%).

...done!

                       Measure       RMSE[kcal/mol/e]   MaxError[kcal/mol/e]   NPoints
                         Total        6.719238845E-01        4.710462580E+00    407314
Close (  1.20 < r <   1.66 )          1.061607219E+00        4.710462580E+00    143370
Mid-range ( 1.66 < r <  2.20)         3.312029250E-01        1.057729961E+00    194836
Far-range (  2.20         < r)        1.168009770E-01        3.211593462E-01     69108
Did analysis and wrote slice data
