/home/boittier/esp_check
h2o_1788
/data/boittier/energies/h2o_geom.xyz.dir
Read multipoles for 3 atoms with max. rank 2
Running in generate mode

Reading "/data/boittier/energies/h2o_geom.xyz.dir/h2o_1788.chk.fchk.potential.cube"...

  h2o Potential=SCF
  Electrostatic potential from Total SCF Density
    3   -4.970736   -4.741734   -4.970736
   80    0.125841    0.000000    0.000000
   80    0.000000    0.125841    0.000000
   80    0.000000    0.000000    0.125841
    8    8.000000    0.000000    0.229002    0.000000
    1    1.000000    1.529139   -0.746547    0.000000
    1    1.000000   -1.529139   -1.085468    0.000000
  1.72116E-02  1.73643E-02  1.74881E-02  1.75818E-02  1.76448E-02  1.76764E-02
       .            .            .            .            .            .
       .            .            .            .            .            .
       .            .            .            .            .            .
 -7.52995E-03 -7.52819E-03 -7.52466E-03 -7.51928E-03 -7.51200E-03 -7.50270E-03

337053 out of 512000 gridpoints are considered ( 65.8%).

...done!

 writing cube file quadrupole_expansion.cube                                                                                                                                                                                                                                                                                                                                                                                                                                                                                                                                                                                                                                                                                                                                                                                                                                                                                                                                                                                                                                       
Written cubefile and slice data
Running in analysis mode

Reading "/data/boittier/energies/h2o_geom.xyz.dir/h2o_1788.chk.fchk.potential.cube"...

  h2o Potential=SCF
  Electrostatic potential from Total SCF Density
    3   -4.970736   -4.741734   -4.970736
   80    0.125841    0.000000    0.000000
   80    0.000000    0.125841    0.000000
   80    0.000000    0.000000    0.125841
    8    8.000000    0.000000    0.229002    0.000000
    1    1.000000    1.529139   -0.746547    0.000000
    1    1.000000   -1.529139   -1.085468    0.000000
  6.38088E-03  6.62735E-03  6.88235E-03  7.14594E-03  7.41812E-03  7.69886E-03
       .            .            .            .            .            .
       .            .            .            .            .            .
       .            .            .            .            .            .
 -6.19718E-03 -6.09821E-03 -5.99876E-03 -5.89898E-03 -5.79900E-03 -5.69898E-03

512000 out of 512000 gridpoints are considered (100.0%).

...done!

Reading "/home/boittier/esp_check/quadrupole_expansion.cube"...

  Fitted ESP
  Electrostatic potential fitted from quadrupole expansion.
    3   -4.970736   -4.741734   -4.970736
   80    0.125841    0.000000    0.000000
   80    0.000000    0.125841    0.000000
   80    0.000000    0.000000    0.125841
    8    8.000000    0.000000    0.229002    0.000000
    1    1.000000    1.529139   -0.746547    0.000000
    1    1.000000   -1.529139   -1.085468    0.000000
  6.30835E-03  6.54770E-03  6.79512E-03  7.05065E-03  7.31429E-03  7.58600E-03
       .            .            .            .            .            .
       .            .            .            .            .            .
       .            .            .            .            .            .
 -6.12620E-03 -6.03295E-03 -5.93892E-03 -5.84427E-03 -5.74913E-03 -5.65366E-03

512000 out of 512000 gridpoints are considered (100.0%).

...done!

                       Measure       RMSE[kcal/mol/e]   MaxError[kcal/mol/e]   NPoints
                         Total        6.891907239E-01        4.705003248E+00    405087
Close (  1.20 < r <   1.66 )          1.083770724E+00        4.705003248E+00    144309
Mid-range ( 1.66 < r <  2.20)         3.375466045E-01        1.138804184E+00    192744
Far-range (  2.20         < r)        1.181392366E-01        3.326929703E-01     68034
Did analysis and wrote slice data
