/home/boittier/esp_check
h2o_613
/data/boittier/energies/h2o_geom.xyz.dir
Read multipoles for 3 atoms with max. rank 2
Running in generate mode

Reading "/data/boittier/energies/h2o_geom.xyz.dir/h2o_613.chk.fchk.potential.cube"...

  h2o Potential=SCF
  Electrostatic potential from Total SCF Density
    3   -4.970736   -4.741846   -4.970736
   80    0.125841    0.000000    0.000000
   80    0.000000    0.125841    0.000000
   80    0.000000    0.000000    0.125841
    8    8.000000    0.000000    0.228890    0.000000
    1    1.000000    1.400608   -0.931784    0.000000
    1    1.000000   -1.400608   -0.899336    0.000000
  1.67966E-02  1.68556E-02  1.68852E-02  1.68852E-02  1.68556E-02  1.67966E-02
       .            .            .            .            .            .
       .            .            .            .            .            .
       .            .            .            .            .            .
 -9.57167E-03 -9.56645E-03 -9.55601E-03 -9.54034E-03 -9.51944E-03 -9.49331E-03

338320 out of 512000 gridpoints are considered ( 66.1%).

...done!

 writing cube file quadrupole_expansion.cube                                                                                                                                                                                                                                                                                                                                                                                                                                                                                                                                                                                                                                                                                                                                                                                                                                                                                                                                                                                                                                       
Written cubefile and slice data
Running in analysis mode

Reading "/data/boittier/energies/h2o_geom.xyz.dir/h2o_613.chk.fchk.potential.cube"...

  h2o Potential=SCF
  Electrostatic potential from Total SCF Density
    3   -4.970736   -4.741846   -4.970736
   80    0.125841    0.000000    0.000000
   80    0.000000    0.125841    0.000000
   80    0.000000    0.000000    0.125841
    8    8.000000    0.000000    0.228890    0.000000
    1    1.000000    1.400608   -0.931784    0.000000
    1    1.000000   -1.400608   -0.899336    0.000000
  6.25004E-03  6.47495E-03  6.70692E-03  6.94595E-03  7.19199E-03  7.44496E-03
       .            .            .            .            .            .
       .            .            .            .            .            .
       .            .            .            .            .            .
 -6.89715E-03 -6.77504E-03 -6.65292E-03 -6.53097E-03 -6.40935E-03 -6.28820E-03

512000 out of 512000 gridpoints are considered (100.0%).

...done!

Reading "/home/boittier/esp_check/quadrupole_expansion.cube"...

  Fitted ESP
  Electrostatic potential fitted from quadrupole expansion.
    3   -4.970736   -4.741846   -4.970736
   80    0.125841    0.000000    0.000000
   80    0.000000    0.125841    0.000000
   80    0.000000    0.000000    0.125841
    8    8.000000    0.000000    0.228890    0.000000
    1    1.000000    1.400608   -0.931784    0.000000
    1    1.000000   -1.400608   -0.899336    0.000000
  6.19449E-03  6.41325E-03  6.63866E-03  6.87070E-03  7.10931E-03  7.35442E-03
       .            .            .            .            .            .
       .            .            .            .            .            .
       .            .            .            .            .            .
 -6.84807E-03 -6.73089E-03 -6.61342E-03 -6.49584E-03 -6.37831E-03 -6.26098E-03

512000 out of 512000 gridpoints are considered (100.0%).

...done!

                       Measure       RMSE[kcal/mol/e]   MaxError[kcal/mol/e]   NPoints
                         Total        6.705511297E-01        4.708078044E+00    407550
Close (  1.20 < r <   1.66 )          1.060103726E+00        4.708078044E+00    143243
Mid-range ( 1.66 < r <  2.20)         3.306500621E-01        1.051831372E+00    195077
Far-range (  2.20         < r)        1.167287779E-01        3.197788254E-01     69230
Did analysis and wrote slice data
