/home/boittier/esp_check
h2o_1280
/data/boittier/energies/h2o_geom.xyz.dir
Read multipoles for 3 atoms with max. rank 2
Running in generate mode

Reading "/data/boittier/energies/h2o_geom.xyz.dir/h2o_1280.chk.fchk.potential.cube"...

  h2o Potential=SCF
  Electrostatic potential from Total SCF Density
    3   -4.970736   -4.760914   -4.970736
   80    0.125841    0.000000    0.000000
   80    0.000000    0.125841    0.000000
   80    0.000000    0.000000    0.125841
    8    8.000000    0.000000    0.209822    0.000000
    1    1.000000    1.517239   -0.789533    0.000000
    1    1.000000   -1.517239   -0.889042    0.000000
  1.63396E-02  1.65176E-02  1.66683E-02  1.67904E-02  1.68830E-02  1.69451E-02
       .            .            .            .            .            .
       .            .            .            .            .            .
       .            .            .            .            .            .
 -7.92595E-03 -7.92330E-03 -7.91800E-03 -7.90999E-03 -7.89921E-03 -7.88560E-03

337592 out of 512000 gridpoints are considered ( 65.9%).

...done!

 writing cube file quadrupole_expansion.cube                                                                                                                                                                                                                                                                                                                                                                                                                                                                                                                                                                                                                                                                                                                                                                                                                                                                                                                                                                                                                                       
Written cubefile and slice data
Running in analysis mode

Reading "/data/boittier/energies/h2o_geom.xyz.dir/h2o_1280.chk.fchk.potential.cube"...

  h2o Potential=SCF
  Electrostatic potential from Total SCF Density
    3   -4.970736   -4.760914   -4.970736
   80    0.125841    0.000000    0.000000
   80    0.000000    0.125841    0.000000
   80    0.000000    0.000000    0.125841
    8    8.000000    0.000000    0.209822    0.000000
    1    1.000000    1.517239   -0.789533    0.000000
    1    1.000000   -1.517239   -0.889042    0.000000
  5.95999E-03  6.18401E-03  6.41545E-03  6.65431E-03  6.90056E-03  7.15415E-03
       .            .            .            .            .            .
       .            .            .            .            .            .
       .            .            .            .            .            .
 -6.28096E-03 -6.17602E-03 -6.07079E-03 -5.96543E-03 -5.86007E-03 -5.75485E-03

512000 out of 512000 gridpoints are considered (100.0%).

...done!

Reading "/home/boittier/esp_check/quadrupole_expansion.cube"...

  Fitted ESP
  Electrostatic potential fitted from quadrupole expansion.
    3   -4.970736   -4.760914   -4.970736
   80    0.125841    0.000000    0.000000
   80    0.000000    0.125841    0.000000
   80    0.000000    0.000000    0.125841
    8    8.000000    0.000000    0.209822    0.000000
    1    1.000000    1.517239   -0.789533    0.000000
    1    1.000000   -1.517239   -0.889042    0.000000
  5.89180E-03  6.10914E-03  6.33345E-03  6.56473E-03  6.80295E-03  7.04805E-03
       .            .            .            .            .            .
       .            .            .            .            .            .
       .            .            .            .            .            .
 -6.21572E-03 -6.11629E-03 -6.01628E-03 -5.91583E-03 -5.81510E-03 -5.71424E-03

512000 out of 512000 gridpoints are considered (100.0%).

...done!

                       Measure       RMSE[kcal/mol/e]   MaxError[kcal/mol/e]   NPoints
                         Total        7.013861049E-01        4.691637296E+00    406712
Close (  1.20 < r <   1.66 )          1.107900354E+00        4.691637296E+00    143274
Mid-range ( 1.66 < r <  2.20)         3.453280403E-01        1.156437200E+00    194318
Far-range (  2.20         < r)        1.229875274E-01        3.288400621E-01     69120
Did analysis and wrote slice data
