/home/boittier/esp_check
h2o_348
/data/boittier/energies/h2o_geom.xyz.dir
Read multipoles for 3 atoms with max. rank 2
Running in generate mode

Reading "/data/boittier/energies/h2o_geom.xyz.dir/h2o_348.chk.fchk.potential.cube"...

  h2o Potential=SCF
  Electrostatic potential from Total SCF Density
    3   -4.970736   -4.748753   -4.970736
   80    0.125841    0.000000    0.000000
   80    0.000000    0.125841    0.000000
   80    0.000000    0.000000    0.125841
    8    8.000000    0.000000    0.221983    0.000000
    1    1.000000    1.445264   -0.870924    0.000000
    1    1.000000   -1.445264   -0.904938    0.000000
  1.66732E-02  1.67922E-02  1.68823E-02  1.69429E-02  1.69733E-02  1.69733E-02
       .            .            .            .            .            .
       .            .            .            .            .            .
       .            .            .            .            .            .
 -8.91148E-03 -8.90727E-03 -8.89885E-03 -8.88619E-03 -8.86928E-03 -8.84807E-03

338093 out of 512000 gridpoints are considered ( 66.0%).

...done!

 writing cube file quadrupole_expansion.cube                                                                                                                                                                                                                                                                                                                                                                                                                                                                                                                                                                                                                                                                                                                                                                                                                                                                                                                                                                                                                                       
Written cubefile and slice data
Running in analysis mode

Reading "/data/boittier/energies/h2o_geom.xyz.dir/h2o_348.chk.fchk.potential.cube"...

  h2o Potential=SCF
  Electrostatic potential from Total SCF Density
    3   -4.970736   -4.748753   -4.970736
   80    0.125841    0.000000    0.000000
   80    0.000000    0.125841    0.000000
   80    0.000000    0.000000    0.125841
    8    8.000000    0.000000    0.221983    0.000000
    1    1.000000    1.445264   -0.870924    0.000000
    1    1.000000   -1.445264   -0.904938    0.000000
  6.14960E-03  6.37483E-03  6.60730E-03  6.84700E-03  7.09390E-03  7.34793E-03
       .            .            .            .            .            .
       .            .            .            .            .            .
       .            .            .            .            .            .
 -6.64801E-03 -6.53280E-03 -6.41748E-03 -6.30220E-03 -6.18713E-03 -6.07240E-03

512000 out of 512000 gridpoints are considered (100.0%).

...done!

Reading "/home/boittier/esp_check/quadrupole_expansion.cube"...

  Fitted ESP
  Electrostatic potential fitted from quadrupole expansion.
    3   -4.970736   -4.748753   -4.970736
   80    0.125841    0.000000    0.000000
   80    0.000000    0.125841    0.000000
   80    0.000000    0.000000    0.125841
    8    8.000000    0.000000    0.221983    0.000000
    1    1.000000    1.445264   -0.870924    0.000000
    1    1.000000   -1.445264   -0.904938    0.000000
  6.08858E-03  6.30742E-03  6.53306E-03  6.76551E-03  7.00470E-03  7.25058E-03
       .            .            .            .            .            .
       .            .            .            .            .            .
       .            .            .            .            .            .
 -6.59174E-03 -6.48174E-03 -6.37133E-03 -6.26067E-03 -6.14994E-03 -6.03927E-03

512000 out of 512000 gridpoints are considered (100.0%).

...done!

                       Measure       RMSE[kcal/mol/e]   MaxError[kcal/mol/e]   NPoints
                         Total        6.834317790E-01        4.702869715E+00    407238
Close (  1.20 < r <   1.66 )          1.080057243E+00        4.702869715E+00    143239
Mid-range ( 1.66 < r <  2.20)         3.370541403E-01        1.077747513E+00    194854
Far-range (  2.20         < r)        1.193027301E-01        3.227281199E-01     69145
Did analysis and wrote slice data
