/home/boittier/esp_check
h2o_175
/data/boittier/energies/h2o_geom.xyz.dir
Read multipoles for 3 atoms with max. rank 2
Running in generate mode

Reading "/data/boittier/energies/h2o_geom.xyz.dir/h2o_175.chk.fchk.potential.cube"...

  h2o Potential=SCF
  Electrostatic potential from Total SCF Density
    3   -4.970736   -4.751608   -4.970736
   80    0.125841    0.000000    0.000000
   80    0.000000    0.125841    0.000000
   80    0.000000    0.000000    0.125841
    8    8.000000    0.000000    0.219128    0.000000
    1    1.000000    1.430530   -0.892435    0.000000
    1    1.000000   -1.430530   -0.860588    0.000000
  1.65730E-02  1.65730E-02  1.64053E-02  1.65833E-02  1.67339E-02  1.68560E-02
       .            .            .            .            .            .
       .            .            .            .            .            .
       .            .            .            .            .            .
 -9.13700E-03 -9.13237E-03 -9.12311E-03 -9.10921E-03 -9.09065E-03 -9.06742E-03

338272 out of 512000 gridpoints are considered ( 66.1%).

...done!

 writing cube file quadrupole_expansion.cube                                                                                                                                                                                                                                                                                                                                                                                                                                                                                                                                                                                                                                                                                                                                                                                                                                                                                                                                                                                                                                       
Written cubefile and slice data
Running in analysis mode

Reading "/data/boittier/energies/h2o_geom.xyz.dir/h2o_175.chk.fchk.potential.cube"...

  h2o Potential=SCF
  Electrostatic potential from Total SCF Density
    3   -4.970736   -4.751608   -4.970736
   80    0.125841    0.000000    0.000000
   80    0.000000    0.125841    0.000000
   80    0.000000    0.000000    0.125841
    8    8.000000    0.000000    0.219128    0.000000
    1    1.000000    1.430530   -0.892435    0.000000
    1    1.000000   -1.430530   -0.860588    0.000000
  6.07829E-03  6.29860E-03  6.52588E-03  6.76011E-03  7.00126E-03  7.24923E-03
       .            .            .            .            .            .
       .            .            .            .            .            .
       .            .            .            .            .            .
 -6.71520E-03 -6.59726E-03 -6.47927E-03 -6.36140E-03 -6.24379E-03 -6.12661E-03

512000 out of 512000 gridpoints are considered (100.0%).

...done!

Reading "/home/boittier/esp_check/quadrupole_expansion.cube"...

  Fitted ESP
  Electrostatic potential fitted from quadrupole expansion.
    3   -4.970736   -4.751608   -4.970736
   80    0.125841    0.000000    0.000000
   80    0.000000    0.125841    0.000000
   80    0.000000    0.000000    0.125841
    8    8.000000    0.000000    0.219128    0.000000
    1    1.000000    1.430530   -0.892435    0.000000
    1    1.000000   -1.430530   -0.860588    0.000000
  6.01990E-03  6.23400E-03  6.45464E-03  6.68181E-03  6.91547E-03  7.15551E-03
       .            .            .            .            .            .
       .            .            .            .            .            .
       .            .            .            .            .            .
 -6.66206E-03 -6.54919E-03 -6.43598E-03 -6.32261E-03 -6.20923E-03 -6.09599E-03

512000 out of 512000 gridpoints are considered (100.0%).

...done!

                       Measure       RMSE[kcal/mol/e]   MaxError[kcal/mol/e]   NPoints
                         Total        6.835272805E-01        4.692327556E+00    407706
Close (  1.20 < r <   1.66 )          1.081456342E+00        4.692327556E+00    143014
Mid-range ( 1.66 < r <  2.20)         3.373654251E-01        1.069778143E+00    195258
Far-range (  2.20         < r)        1.199519496E-01        3.202180820E-01     69434
Did analysis and wrote slice data
