/home/boittier/esp_check
h2o_221
/data/boittier/energies/h2o_geom.xyz.dir
Read multipoles for 3 atoms with max. rank 2
Running in generate mode

Reading "/data/boittier/energies/h2o_geom.xyz.dir/h2o_221.chk.fchk.potential.cube"...

  h2o Potential=SCF
  Electrostatic potential from Total SCF Density
    3   -4.970736   -4.745732   -4.970736
   80    0.125841    0.000000    0.000000
   80    0.000000    0.125841    0.000000
   80    0.000000    0.000000    0.125841
    8    8.000000    0.000000    0.225004    0.000000
    1    1.000000    1.415859   -0.909954    0.000000
    1    1.000000   -1.415859   -0.890075    0.000000
  1.67254E-02  1.67845E-02  1.68141E-02  1.68141E-02  1.67845E-02  1.67254E-02
       .            .            .            .            .            .
       .            .            .            .            .            .
       .            .            .            .            .            .
 -9.33948E-03 -9.33459E-03 -9.32481E-03 -9.31013E-03 -9.29054E-03 -9.26603E-03

338272 out of 512000 gridpoints are considered ( 66.1%).

...done!

 writing cube file quadrupole_expansion.cube                                                                                                                                                                                                                                                                                                                                                                                                                                                                                                                                                                                                                                                                                                                                                                                                                                                                                                                                                                                                                                       
Written cubefile and slice data
Running in analysis mode

Reading "/data/boittier/energies/h2o_geom.xyz.dir/h2o_221.chk.fchk.potential.cube"...

  h2o Potential=SCF
  Electrostatic potential from Total SCF Density
    3   -4.970736   -4.745732   -4.970736
   80    0.125841    0.000000    0.000000
   80    0.000000    0.125841    0.000000
   80    0.000000    0.000000    0.125841
    8    8.000000    0.000000    0.225004    0.000000
    1    1.000000    1.415859   -0.909954    0.000000
    1    1.000000   -1.415859   -0.890075    0.000000
  6.18646E-03  6.41016E-03  6.64093E-03  6.87875E-03  7.12359E-03  7.37537E-03
       .            .            .            .            .            .
       .            .            .            .            .            .
       .            .            .            .            .            .
 -6.80399E-03 -6.68420E-03 -6.56437E-03 -6.44468E-03 -6.32528E-03 -6.20631E-03

512000 out of 512000 gridpoints are considered (100.0%).

...done!

Reading "/home/boittier/esp_check/quadrupole_expansion.cube"...

  Fitted ESP
  Electrostatic potential fitted from quadrupole expansion.
    3   -4.970736   -4.745732   -4.970736
   80    0.125841    0.000000    0.000000
   80    0.000000    0.125841    0.000000
   80    0.000000    0.000000    0.125841
    8    8.000000    0.000000    0.225004    0.000000
    1    1.000000    1.415859   -0.909954    0.000000
    1    1.000000   -1.415859   -0.890075    0.000000
  6.12916E-03  6.34665E-03  6.57079E-03  6.80155E-03  7.03890E-03  7.28274E-03
       .            .            .            .            .            .
       .            .            .            .            .            .
       .            .            .            .            .            .
 -6.75247E-03 -6.63771E-03 -6.52262E-03 -6.40737E-03 -6.29214E-03 -6.17708E-03

512000 out of 512000 gridpoints are considered (100.0%).

...done!

                       Measure       RMSE[kcal/mol/e]   MaxError[kcal/mol/e]   NPoints
                         Total        6.763886303E-01        4.702744214E+00    407540
Close (  1.20 < r <   1.66 )          1.069458973E+00        4.702744214E+00    143186
Mid-range ( 1.66 < r <  2.20)         3.336423878E-01        1.061118512E+00    195086
Far-range (  2.20         < r)        1.180830016E-01        3.204063349E-01     69268
Did analysis and wrote slice data
