/home/boittier/esp_check
h2o_1482
/data/boittier/energies/h2o_geom.xyz.dir
Read multipoles for 3 atoms with max. rank 2
Running in generate mode

Reading "/data/boittier/energies/h2o_geom.xyz.dir/h2o_1482.chk.fchk.potential.cube"...

  h2o Potential=SCF
  Electrostatic potential from Total SCF Density
    3   -4.970736   -4.757420   -4.970736
   80    0.125841    0.000000    0.000000
   80    0.000000    0.125841    0.000000
   80    0.000000    0.000000    0.125841
    8    8.000000    0.000000    0.213315    0.000000
    1    1.000000    1.463956   -0.864255    0.000000
    1    1.000000   -1.463956   -0.842266    0.000000
  1.64375E-02  1.64668E-02  1.64668E-02  1.64375E-02  1.61101E-02  1.63148E-02
       .            .            .            .            .            .
       .            .            .            .            .            .
       .            .            .            .            .            .
 -8.77200E-03 -8.76792E-03 -8.75977E-03 -8.74752E-03 -8.73115E-03 -8.71061E-03

338097 out of 512000 gridpoints are considered ( 66.0%).

...done!

 writing cube file quadrupole_expansion.cube                                                                                                                                                                                                                                                                                                                                                                                                                                                                                                                                                                                                                                                                                                                                                                                                                                                                                                                                                                                                                                       
Written cubefile and slice data
Running in analysis mode

Reading "/data/boittier/energies/h2o_geom.xyz.dir/h2o_1482.chk.fchk.potential.cube"...

  h2o Potential=SCF
  Electrostatic potential from Total SCF Density
    3   -4.970736   -4.757420   -4.970736
   80    0.125841    0.000000    0.000000
   80    0.000000    0.125841    0.000000
   80    0.000000    0.000000    0.125841
    8    8.000000    0.000000    0.213315    0.000000
    1    1.000000    1.463956   -0.864255    0.000000
    1    1.000000   -1.463956   -0.842266    0.000000
  5.96654E-03  6.18494E-03  6.41031E-03  6.64266E-03  6.88194E-03  7.12808E-03
       .            .            .            .            .            .
       .            .            .            .            .            .
       .            .            .            .            .            .
 -6.57570E-03 -6.46142E-03 -6.34704E-03 -6.23271E-03 -6.11860E-03 -6.00484E-03

512000 out of 512000 gridpoints are considered (100.0%).

...done!

Reading "/home/boittier/esp_check/quadrupole_expansion.cube"...

  Fitted ESP
  Electrostatic potential fitted from quadrupole expansion.
    3   -4.970736   -4.757420   -4.970736
   80    0.125841    0.000000    0.000000
   80    0.000000    0.125841    0.000000
   80    0.000000    0.000000    0.125841
    8    8.000000    0.000000    0.213315    0.000000
    1    1.000000    1.463956   -0.864255    0.000000
    1    1.000000   -1.463956   -0.842266    0.000000
  5.90559E-03  6.11768E-03  6.33632E-03  6.56151E-03  6.79320E-03  7.03130E-03
       .            .            .            .            .            .
       .            .            .            .            .            .
       .            .            .            .            .            .
 -6.51942E-03 -6.41032E-03 -6.30082E-03 -6.19109E-03 -6.08129E-03 -5.97157E-03

512000 out of 512000 gridpoints are considered (100.0%).

...done!

                       Measure       RMSE[kcal/mol/e]   MaxError[kcal/mol/e]   NPoints
                         Total        6.926275873E-01        4.684295435E+00    407491
Close (  1.20 < r <   1.66 )          1.095766293E+00        4.684295435E+00    142981
Mid-range ( 1.66 < r <  2.20)         3.416917438E-01        1.109311239E+00    195116
Far-range (  2.20         < r)        1.217491478E-01        3.218684319E-01     69394
Did analysis and wrote slice data
