/home/boittier/esp_check
h2o_756
/data/boittier/energies/h2o_geom.xyz.dir
Read multipoles for 3 atoms with max. rank 2
Running in generate mode

Reading "/data/boittier/energies/h2o_geom.xyz.dir/h2o_756.chk.fchk.potential.cube"...

  h2o Potential=SCF
  Electrostatic potential from Total SCF Density
    3   -4.970736   -4.751469   -4.970736
   80    0.125841    0.000000    0.000000
   80    0.000000    0.125841    0.000000
   80    0.000000    0.000000    0.125841
    8    8.000000    0.000000    0.219267    0.000000
    1    1.000000    1.445700   -0.872636    0.000000
    1    1.000000   -1.445700   -0.881497    0.000000
  1.65938E-02  1.66825E-02  1.67420E-02  1.67719E-02  1.67719E-02  1.67420E-02
       .            .            .            .            .            .
       .            .            .            .            .            .
       .            .            .            .            .            .
 -8.92006E-03 -8.91580E-03 -8.90728E-03 -8.89448E-03 -8.87738E-03 -8.85594E-03

338146 out of 512000 gridpoints are considered ( 66.0%).

...done!

 writing cube file quadrupole_expansion.cube                                                                                                                                                                                                                                                                                                                                                                                                                                                                                                                                                                                                                                                                                                                                                                                                                                                                                                                                                                                                                                       
Written cubefile and slice data
Running in analysis mode

Reading "/data/boittier/energies/h2o_geom.xyz.dir/h2o_756.chk.fchk.potential.cube"...

  h2o Potential=SCF
  Electrostatic potential from Total SCF Density
    3   -4.970736   -4.751469   -4.970736
   80    0.125841    0.000000    0.000000
   80    0.000000    0.125841    0.000000
   80    0.000000    0.000000    0.125841
    8    8.000000    0.000000    0.219267    0.000000
    1    1.000000    1.445700   -0.872636    0.000000
    1    1.000000   -1.445700   -0.881497    0.000000
  6.09330E-03  6.31593E-03  6.54567E-03  6.78253E-03  7.02646E-03  7.27740E-03
       .            .            .            .            .            .
       .            .            .            .            .            .
       .            .            .            .            .            .
 -6.64234E-03 -6.52685E-03 -6.41125E-03 -6.29571E-03 -6.18039E-03 -6.06544E-03

512000 out of 512000 gridpoints are considered (100.0%).

...done!

Reading "/home/boittier/esp_check/quadrupole_expansion.cube"...

  Fitted ESP
  Electrostatic potential fitted from quadrupole expansion.
    3   -4.970736   -4.751469   -4.970736
   80    0.125841    0.000000    0.000000
   80    0.000000    0.125841    0.000000
   80    0.000000    0.000000    0.125841
    8    8.000000    0.000000    0.219267    0.000000
    1    1.000000    1.445700   -0.872636    0.000000
    1    1.000000   -1.445700   -0.881497    0.000000
  6.03275E-03  6.24903E-03  6.47201E-03  6.70167E-03  6.93796E-03  7.18081E-03
       .            .            .            .            .            .
       .            .            .            .            .            .
       .            .            .            .            .            .
 -6.58656E-03 -6.47625E-03 -6.36553E-03 -6.25460E-03 -6.14359E-03 -6.03268E-03

512000 out of 512000 gridpoints are considered (100.0%).

...done!

                       Measure       RMSE[kcal/mol/e]   MaxError[kcal/mol/e]   NPoints
                         Total        6.858336334E-01        4.695339602E+00    407419
Close (  1.20 < r <   1.66 )          1.084516954E+00        4.695339602E+00    143104
Mid-range ( 1.66 < r <  2.20)         3.383058385E-01        1.081575321E+00    195042
Far-range (  2.20         < r)        1.200528459E-01        3.218747070E-01     69273
Did analysis and wrote slice data
