/home/boittier/esp_check
h2o_1061
/data/boittier/energies/h2o_geom.xyz.dir
Read multipoles for 3 atoms with max. rank 2
Running in generate mode

Reading "/data/boittier/energies/h2o_geom.xyz.dir/h2o_1061.chk.fchk.potential.cube"...

  h2o Potential=SCF
  Electrostatic potential from Total SCF Density
    3   -4.970736   -4.743846   -4.970736
   80    0.125841    0.000000    0.000000
   80    0.000000    0.125841    0.000000
   80    0.000000    0.000000    0.125841
    8    8.000000    0.000000    0.226890    0.000000
    1    1.000000    1.388498   -0.949684    0.000000
    1    1.000000   -1.388498   -0.865433    0.000000
  1.65933E-02  1.67415E-02  1.68616E-02  1.69525E-02  1.70136E-02  1.70443E-02
       .            .            .            .            .            .
       .            .            .            .            .            .
       .            .            .            .            .            .
 -9.75412E-03 -9.74857E-03 -9.73748E-03 -9.72084E-03 -9.69867E-03 -9.67096E-03

338434 out of 512000 gridpoints are considered ( 66.1%).

...done!

 writing cube file quadrupole_expansion.cube                                                                                                                                                                                                                                                                                                                                                                                                                                                                                                                                                                                                                                                                                                                                                                                                                                                                                                                                                                                                                                       
Written cubefile and slice data
Running in analysis mode

Reading "/data/boittier/energies/h2o_geom.xyz.dir/h2o_1061.chk.fchk.potential.cube"...

  h2o Potential=SCF
  Electrostatic potential from Total SCF Density
    3   -4.970736   -4.743846   -4.970736
   80    0.125841    0.000000    0.000000
   80    0.000000    0.125841    0.000000
   80    0.000000    0.000000    0.125841
    8    8.000000    0.000000    0.226890    0.000000
    1    1.000000    1.388498   -0.949684    0.000000
    1    1.000000   -1.388498   -0.865433    0.000000
  6.20426E-03  6.42569E-03  6.65399E-03  6.88913E-03  7.13108E-03  7.37974E-03
       .            .            .            .            .            .
       .            .            .            .            .            .
       .            .            .            .            .            .
 -6.95391E-03 -6.82962E-03 -6.70539E-03 -6.58138E-03 -6.45774E-03 -6.33463E-03

512000 out of 512000 gridpoints are considered (100.0%).

...done!

Reading "/home/boittier/esp_check/quadrupole_expansion.cube"...

  Fitted ESP
  Electrostatic potential fitted from quadrupole expansion.
    3   -4.970736   -4.743846   -4.970736
   80    0.125841    0.000000    0.000000
   80    0.000000    0.125841    0.000000
   80    0.000000    0.000000    0.125841
    8    8.000000    0.000000    0.226890    0.000000
    1    1.000000    1.388498   -0.949684    0.000000
    1    1.000000   -1.388498   -0.865433    0.000000
  6.15080E-03  6.36623E-03  6.58812E-03  6.81643E-03  7.05113E-03  7.29210E-03
       .            .            .            .            .            .
       .            .            .            .            .            .
       .            .            .            .            .            .
 -6.90733E-03 -6.78788E-03 -6.66819E-03 -6.54844E-03 -6.42880E-03 -6.30942E-03

512000 out of 512000 gridpoints are considered (100.0%).

...done!

                       Measure       RMSE[kcal/mol/e]   MaxError[kcal/mol/e]   NPoints
                         Total        6.700362119E-01        4.701049938E+00    407872
Close (  1.20 < r <   1.66 )          1.060432048E+00        4.701049938E+00    142958
Mid-range ( 1.66 < r <  2.20)         3.308934543E-01        1.045305273E+00    195476
Far-range (  2.20         < r)        1.171020470E-01        3.178962970E-01     69438
Did analysis and wrote slice data
