/home/boittier/esp_check
h2o_294
/data/boittier/energies/h2o_geom.xyz.dir
Read multipoles for 3 atoms with max. rank 2
Running in generate mode

Reading "/data/boittier/energies/h2o_geom.xyz.dir/h2o_294.chk.fchk.potential.cube"...

  h2o Potential=SCF
  Electrostatic potential from Total SCF Density
    3   -4.970736   -4.751862   -4.970736
   80    0.125841    0.000000    0.000000
   80    0.000000    0.125841    0.000000
   80    0.000000    0.000000    0.125841
    8    8.000000    0.000000    0.218874    0.000000
    1    1.000000    1.422534   -0.904318    0.000000
    1    1.000000   -1.422534   -0.846670    0.000000
  1.62831E-02  1.64586E-02  1.66071E-02  1.67275E-02  1.68188E-02  1.68800E-02
       .            .            .            .            .            .
       .            .            .            .            .            .
       .            .            .            .            .            .
 -9.26168E-03 -9.25684E-03 -9.24716E-03 -9.23263E-03 -9.21323E-03 -9.18896E-03

338339 out of 512000 gridpoints are considered ( 66.1%).

...done!

 writing cube file quadrupole_expansion.cube                                                                                                                                                                                                                                                                                                                                                                                                                                                                                                                                                                                                                                                                                                                                                                                                                                                                                                                                                                                                                                       
Written cubefile and slice data
Running in analysis mode

Reading "/data/boittier/energies/h2o_geom.xyz.dir/h2o_294.chk.fchk.potential.cube"...

  h2o Potential=SCF
  Electrostatic potential from Total SCF Density
    3   -4.970736   -4.751862   -4.970736
   80    0.125841    0.000000    0.000000
   80    0.000000    0.125841    0.000000
   80    0.000000    0.000000    0.125841
    8    8.000000    0.000000    0.218874    0.000000
    1    1.000000    1.422534   -0.904318    0.000000
    1    1.000000   -1.422534   -0.846670    0.000000
  6.06550E-03  6.28434E-03  6.51005E-03  6.74262E-03  6.98200E-03  7.22811E-03
       .            .            .            .            .            .
       .            .            .            .            .            .
       .            .            .            .            .            .
 -6.75694E-03 -6.63758E-03 -6.51821E-03 -6.39898E-03 -6.28006E-03 -6.16159E-03

512000 out of 512000 gridpoints are considered (100.0%).

...done!

Reading "/home/boittier/esp_check/quadrupole_expansion.cube"...

  Fitted ESP
  Electrostatic potential fitted from quadrupole expansion.
    3   -4.970736   -4.751862   -4.970736
   80    0.125841    0.000000    0.000000
   80    0.000000    0.125841    0.000000
   80    0.000000    0.000000    0.125841
    8    8.000000    0.000000    0.218874    0.000000
    1    1.000000    1.422534   -0.904318    0.000000
    1    1.000000   -1.422534   -0.846670    0.000000
  6.00842E-03  6.22112E-03  6.44028E-03  6.66588E-03  6.89786E-03  7.13614E-03
       .            .            .            .            .            .
       .            .            .            .            .            .
       .            .            .            .            .            .
 -6.70540E-03 -6.59105E-03 -6.47639E-03 -6.36160E-03 -6.24684E-03 -6.13226E-03

512000 out of 512000 gridpoints are considered (100.0%).

...done!

                       Measure       RMSE[kcal/mol/e]   MaxError[kcal/mol/e]   NPoints
                         Total        6.824754556E-01        4.690256775E+00    407871
Close (  1.20 < r <   1.66 )          1.080237801E+00        4.690256775E+00    142925
Mid-range ( 1.66 < r <  2.20)         3.370092081E-01        1.065009071E+00    195414
Far-range (  2.20         < r)        1.199165962E-01        3.192579925E-01     69532
Did analysis and wrote slice data
