/home/boittier/esp_check
h2o_379
/data/boittier/energies/h2o_geom.xyz.dir
Read multipoles for 3 atoms with max. rank 2
Running in generate mode

Reading "/data/boittier/energies/h2o_geom.xyz.dir/h2o_379.chk.fchk.potential.cube"...

  h2o Potential=SCF
  Electrostatic potential from Total SCF Density
    3   -4.970736   -4.752135   -4.970736
   80    0.125841    0.000000    0.000000
   80    0.000000    0.125841    0.000000
   80    0.000000    0.000000    0.125841
    8    8.000000    0.000000    0.218601    0.000000
    1    1.000000    1.416255   -0.912106    0.000000
    1    1.000000   -1.416255   -0.836699    0.000000
  1.63671E-02  1.65141E-02  1.66333E-02  1.67236E-02  1.67842E-02  1.68147E-02
       .            .            .            .            .            .
       .            .            .            .            .            .
       .            .            .            .            .            .
 -9.34626E-03 -9.34128E-03 -9.33130E-03 -9.31633E-03 -9.29635E-03 -9.27137E-03

338413 out of 512000 gridpoints are considered ( 66.1%).

...done!

 writing cube file quadrupole_expansion.cube                                                                                                                                                                                                                                                                                                                                                                                                                                                                                                                                                                                                                                                                                                                                                                                                                                                                                                                                                                                                                                       
Written cubefile and slice data
Running in analysis mode

Reading "/data/boittier/energies/h2o_geom.xyz.dir/h2o_379.chk.fchk.potential.cube"...

  h2o Potential=SCF
  Electrostatic potential from Total SCF Density
    3   -4.970736   -4.752135   -4.970736
   80    0.125841    0.000000    0.000000
   80    0.000000    0.125841    0.000000
   80    0.000000    0.000000    0.125841
    8    8.000000    0.000000    0.218601    0.000000
    1    1.000000    1.416255   -0.912106    0.000000
    1    1.000000   -1.416255   -0.836699    0.000000
  6.05596E-03  6.27372E-03  6.49828E-03  6.72963E-03  6.96772E-03  7.21247E-03
       .            .            .            .            .            .
       .            .            .            .            .            .
       .            .            .            .            .            .
 -6.78451E-03 -6.66420E-03 -6.54388E-03 -6.42373E-03 -6.30391E-03 -6.18457E-03

512000 out of 512000 gridpoints are considered (100.0%).

...done!

Reading "/home/boittier/esp_check/quadrupole_expansion.cube"...

  Fitted ESP
  Electrostatic potential fitted from quadrupole expansion.
    3   -4.970736   -4.752135   -4.970736
   80    0.125841    0.000000    0.000000
   80    0.000000    0.125841    0.000000
   80    0.000000    0.000000    0.125841
    8    8.000000    0.000000    0.218601    0.000000
    1    1.000000    1.416255   -0.912106    0.000000
    1    1.000000   -1.416255   -0.836699    0.000000
  5.99980E-03  6.21149E-03  6.42956E-03  6.65401E-03  6.88476E-03  7.12174E-03
       .            .            .            .            .            .
       .            .            .            .            .            .
       .            .            .            .            .            .
 -6.73408E-03 -6.61872E-03 -6.50308E-03 -6.38733E-03 -6.27162E-03 -6.15613E-03

512000 out of 512000 gridpoints are considered (100.0%).

...done!

                       Measure       RMSE[kcal/mol/e]   MaxError[kcal/mol/e]   NPoints
                         Total        6.816896317E-01        4.687934990E+00    407989
Close (  1.20 < r <   1.66 )          1.079296145E+00        4.687934990E+00    142869
Mid-range ( 1.66 < r <  2.20)         3.367057412E-01        1.061620520E+00    195544
Far-range (  2.20         < r)        1.198001450E-01        3.184798808E-01     69576
Did analysis and wrote slice data
