/home/boittier/esp_check
h2o_298
/data/boittier/energies/h2o_geom.xyz.dir
Read multipoles for 3 atoms with max. rank 2
Running in generate mode

Reading "/data/boittier/energies/h2o_geom.xyz.dir/h2o_298.chk.fchk.potential.cube"...

  h2o Potential=SCF
  Electrostatic potential from Total SCF Density
    3   -4.970736   -4.753305   -4.970736
   80    0.125841    0.000000    0.000000
   80    0.000000    0.125841    0.000000
   80    0.000000    0.000000    0.125841
    8    8.000000    0.000000    0.217431    0.000000
    1    1.000000    1.450845   -0.865559    0.000000
    1    1.000000   -1.450845   -0.873885    0.000000
  1.65316E-02  1.66200E-02  1.66793E-02  1.67091E-02  1.67091E-02  1.66793E-02
       .            .            .            .            .            .
       .            .            .            .            .            .
       .            .            .            .            .            .
 -8.83943E-03 -8.83528E-03 -8.82699E-03 -8.81452E-03 -8.79786E-03 -8.77697E-03

338144 out of 512000 gridpoints are considered ( 66.0%).

...done!

 writing cube file quadrupole_expansion.cube                                                                                                                                                                                                                                                                                                                                                                                                                                                                                                                                                                                                                                                                                                                                                                                                                                                                                                                                                                                                                                       
Written cubefile and slice data
Running in analysis mode

Reading "/data/boittier/energies/h2o_geom.xyz.dir/h2o_298.chk.fchk.potential.cube"...

  h2o Potential=SCF
  Electrostatic potential from Total SCF Density
    3   -4.970736   -4.753305   -4.970736
   80    0.125841    0.000000    0.000000
   80    0.000000    0.125841    0.000000
   80    0.000000    0.000000    0.125841
    8    8.000000    0.000000    0.217431    0.000000
    1    1.000000    1.450845   -0.865559    0.000000
    1    1.000000   -1.450845   -0.873885    0.000000
  6.06089E-03  6.28261E-03  6.51143E-03  6.74734E-03  6.99030E-03  7.24024E-03
       .            .            .            .            .            .
       .            .            .            .            .            .
       .            .            .            .            .            .
 -6.60864E-03 -6.49392E-03 -6.37909E-03 -6.26432E-03 -6.14974E-03 -6.03553E-03

512000 out of 512000 gridpoints are considered (100.0%).

...done!

Reading "/home/boittier/esp_check/quadrupole_expansion.cube"...

  Fitted ESP
  Electrostatic potential fitted from quadrupole expansion.
    3   -4.970736   -4.753305   -4.970736
   80    0.125841    0.000000    0.000000
   80    0.000000    0.125841    0.000000
   80    0.000000    0.000000    0.125841
    8    8.000000    0.000000    0.217431    0.000000
    1    1.000000    1.450845   -0.865559    0.000000
    1    1.000000   -1.450845   -0.873885    0.000000
  5.99985E-03  6.21523E-03  6.43727E-03  6.66597E-03  6.90129E-03  7.14314E-03
       .            .            .            .            .            .
       .            .            .            .            .            .
       .            .            .            .            .            .
 -6.55218E-03 -6.44266E-03 -6.33274E-03 -6.22259E-03 -6.11235E-03 -6.00220E-03

512000 out of 512000 gridpoints are considered (100.0%).

...done!

                       Measure       RMSE[kcal/mol/e]   MaxError[kcal/mol/e]   NPoints
                         Total        6.879564326E-01        4.691700047E+00    407460
Close (  1.20 < r <   1.66 )          1.088169156E+00        4.691700047E+00    143026
Mid-range ( 1.66 < r <  2.20)         3.394110595E-01        1.089921197E+00    195118
Far-range (  2.20         < r)        1.205866511E-01        3.218433316E-01     69316
Did analysis and wrote slice data
