/home/boittier/esp_check
h2o_412
/data/boittier/energies/h2o_geom.xyz.dir
Read multipoles for 3 atoms with max. rank 2
Running in generate mode

Reading "/data/boittier/energies/h2o_geom.xyz.dir/h2o_412.chk.fchk.potential.cube"...

  h2o Potential=SCF
  Electrostatic potential from Total SCF Density
    3   -4.970736   -4.747684   -4.970736
   80    0.125841    0.000000    0.000000
   80    0.000000    0.125841    0.000000
   80    0.000000    0.000000    0.125841
    8    8.000000    0.000000    0.223052    0.000000
    1    1.000000    1.443619   -0.872823    0.000000
    1    1.000000   -1.443619   -0.911594    0.000000
  1.65798E-02  1.67272E-02  1.68467E-02  1.69372E-02  1.69980E-02  1.70285E-02
       .            .            .            .            .            .
       .            .            .            .            .            .
       .            .            .            .            .            .
 -8.93447E-03 -8.93024E-03 -8.92176E-03 -8.90903E-03 -8.89202E-03 -8.87069E-03

338080 out of 512000 gridpoints are considered ( 66.0%).

...done!

 writing cube file quadrupole_expansion.cube                                                                                                                                                                                                                                                                                                                                                                                                                                                                                                                                                                                                                                                                                                                                                                                                                                                                                                                                                                                                                                       
Written cubefile and slice data
Running in analysis mode

Reading "/data/boittier/energies/h2o_geom.xyz.dir/h2o_412.chk.fchk.potential.cube"...

  h2o Potential=SCF
  Electrostatic potential from Total SCF Density
    3   -4.970736   -4.747684   -4.970736
   80    0.125841    0.000000    0.000000
   80    0.000000    0.125841    0.000000
   80    0.000000    0.000000    0.125841
    8    8.000000    0.000000    0.223052    0.000000
    1    1.000000    1.443619   -0.872823    0.000000
    1    1.000000   -1.443619   -0.911594    0.000000
  6.16939E-03  6.39537E-03  6.62861E-03  6.86911E-03  7.11684E-03  7.37173E-03
       .            .            .            .            .            .
       .            .            .            .            .            .
       .            .            .            .            .            .
 -6.65927E-03 -6.54388E-03 -6.42837E-03 -6.31291E-03 -6.19765E-03 -6.08274E-03

512000 out of 512000 gridpoints are considered (100.0%).

...done!

Reading "/home/boittier/esp_check/quadrupole_expansion.cube"...

  Fitted ESP
  Electrostatic potential fitted from quadrupole expansion.
    3   -4.970736   -4.747684   -4.970736
   80    0.125841    0.000000    0.000000
   80    0.000000    0.125841    0.000000
   80    0.000000    0.000000    0.125841
    8    8.000000    0.000000    0.223052    0.000000
    1    1.000000    1.443619   -0.872823    0.000000
    1    1.000000   -1.443619   -0.911594    0.000000
  6.10846E-03  6.32803E-03  6.55444E-03  6.78768E-03  7.02770E-03  7.27442E-03
       .            .            .            .            .            .
       .            .            .            .            .            .
       .            .            .            .            .            .
 -6.60314E-03 -6.49296E-03 -6.38236E-03 -6.27152E-03 -6.16059E-03 -6.04974E-03

512000 out of 512000 gridpoints are considered (100.0%).

...done!

                       Measure       RMSE[kcal/mol/e]   MaxError[kcal/mol/e]   NPoints
                         Total        6.824092984E-01        4.705191500E+00    407188
Close (  1.20 < r <   1.66 )          1.078262384E+00        4.705191500E+00    143284
Mid-range ( 1.66 < r <  2.20)         3.364677563E-01        1.077182754E+00    194796
Far-range (  2.20         < r)        1.189753898E-01        3.228724471E-01     69108
Did analysis and wrote slice data
