/home/boittier/esp_check
h2o_796
/data/boittier/energies/h2o_geom.xyz.dir
Read multipoles for 3 atoms with max. rank 2
Running in generate mode

Reading "/data/boittier/energies/h2o_geom.xyz.dir/h2o_796.chk.fchk.potential.cube"...

  h2o Potential=SCF
  Electrostatic potential from Total SCF Density
    3   -4.970736   -4.753595   -4.970736
   80    0.125841    0.000000    0.000000
   80    0.000000    0.125841    0.000000
   80    0.000000    0.000000    0.125841
    8    8.000000    0.000000    0.217141    0.000000
    1    1.000000    1.403693   -0.931017    0.000000
    1    1.000000   -1.403693   -0.806108    0.000000
  1.63628E-02  1.64506E-02  1.65096E-02  1.65392E-02  1.65392E-02  1.65096E-02
       .            .            .            .            .            .
       .            .            .            .            .            .
       .            .            .            .            .            .
 -9.53891E-03 -9.53358E-03 -9.52293E-03 -9.50694E-03 -9.48562E-03 -9.45897E-03

338582 out of 512000 gridpoints are considered ( 66.1%).

...done!

 writing cube file quadrupole_expansion.cube                                                                                                                                                                                                                                                                                                                                                                                                                                                                                                                                                                                                                                                                                                                                                                                                                                                                                                                                                                                                                                       
Written cubefile and slice data
Running in analysis mode

Reading "/data/boittier/energies/h2o_geom.xyz.dir/h2o_796.chk.fchk.potential.cube"...

  h2o Potential=SCF
  Electrostatic potential from Total SCF Density
    3   -4.970736   -4.753595   -4.970736
   80    0.125841    0.000000    0.000000
   80    0.000000    0.125841    0.000000
   80    0.000000    0.000000    0.125841
    8    8.000000    0.000000    0.217141    0.000000
    1    1.000000    1.403693   -0.931017    0.000000
    1    1.000000   -1.403693   -0.806108    0.000000
  6.01440E-03  6.22892E-03  6.45007E-03  6.67781E-03  6.91210E-03  7.15285E-03
       .            .            .            .            .            .
       .            .            .            .            .            .
       .            .            .            .            .            .
 -6.84513E-03 -6.72256E-03 -6.60005E-03 -6.47776E-03 -6.35585E-03 -6.23447E-03

512000 out of 512000 gridpoints are considered (100.0%).

...done!

Reading "/home/boittier/esp_check/quadrupole_expansion.cube"...

  Fitted ESP
  Electrostatic potential fitted from quadrupole expansion.
    3   -4.970736   -4.753595   -4.970736
   80    0.125841    0.000000    0.000000
   80    0.000000    0.125841    0.000000
   80    0.000000    0.000000    0.125841
    8    8.000000    0.000000    0.217141    0.000000
    1    1.000000    1.403693   -0.931017    0.000000
    1    1.000000   -1.403693   -0.806108    0.000000
  5.96062E-03  6.16922E-03  6.38405E-03  6.60506E-03  6.83219E-03  7.06536E-03
       .            .            .            .            .            .
       .            .            .            .            .            .
       .            .            .            .            .            .
 -6.79750E-03 -6.67977E-03 -6.56182E-03 -6.44380E-03 -6.32590E-03 -6.20826E-03

512000 out of 512000 gridpoints are considered (100.0%).

...done!

                       Measure       RMSE[kcal/mol/e]   MaxError[kcal/mol/e]   NPoints
                         Total        6.807726281E-01        4.679651865E+00    408320
Close (  1.20 < r <   1.66 )          1.078508651E+00        4.679651865E+00    142787
Mid-range ( 1.66 < r <  2.20)         3.363199439E-01        1.054027655E+00    195795
Far-range (  2.20         < r)        1.199124645E-01        3.216801791E-01     69738
Did analysis and wrote slice data
