/home/boittier/esp_check
h2o_273
/data/boittier/energies/h2o_geom.xyz.dir
Read multipoles for 3 atoms with max. rank 2
Running in generate mode

Reading "/data/boittier/energies/h2o_geom.xyz.dir/h2o_273.chk.fchk.potential.cube"...

  h2o Potential=SCF
  Electrostatic potential from Total SCF Density
    3   -4.970736   -4.748858   -4.970736
   80    0.125841    0.000000    0.000000
   80    0.000000    0.125841    0.000000
   80    0.000000    0.000000    0.125841
    8    8.000000    0.000000    0.221878    0.000000
    1    1.000000    1.463167   -0.844044    0.000000
    1    1.000000   -1.463167   -0.930980    0.000000
  1.65868E-02  1.67651E-02  1.69161E-02  1.70384E-02  1.71311E-02  1.71933E-02
       .            .            .            .            .            .
       .            .            .            .            .            .
       .            .            .            .            .            .
 -8.62144E-03 -8.61772E-03 -8.61027E-03 -8.59908E-03 -8.58409E-03 -8.56527E-03

337899 out of 512000 gridpoints are considered ( 66.0%).

...done!

 writing cube file quadrupole_expansion.cube                                                                                                                                                                                                                                                                                                                                                                                                                                                                                                                                                                                                                                                                                                                                                                                                                                                                                                                                                                                                                                       
Written cubefile and slice data
Running in analysis mode

Reading "/data/boittier/energies/h2o_geom.xyz.dir/h2o_273.chk.fchk.potential.cube"...

  h2o Potential=SCF
  Electrostatic potential from Total SCF Density
    3   -4.970736   -4.748858   -4.970736
   80    0.125841    0.000000    0.000000
   80    0.000000    0.125841    0.000000
   80    0.000000    0.000000    0.125841
    8    8.000000    0.000000    0.221878    0.000000
    1    1.000000    1.463167   -0.844044    0.000000
    1    1.000000   -1.463167   -0.930980    0.000000
  6.16723E-03  6.39537E-03  6.63094E-03  6.87394E-03  7.12436E-03  7.38211E-03
       .            .            .            .            .            .
       .            .            .            .            .            .
       .            .            .            .            .            .
 -6.54857E-03 -6.43663E-03 -6.32451E-03 -6.21236E-03 -6.10034E-03 -5.98860E-03

512000 out of 512000 gridpoints are considered (100.0%).

...done!

Reading "/home/boittier/esp_check/quadrupole_expansion.cube"...

  Fitted ESP
  Electrostatic potential fitted from quadrupole expansion.
    3   -4.970736   -4.748858   -4.970736
   80    0.125841    0.000000    0.000000
   80    0.000000    0.125841    0.000000
   80    0.000000    0.000000    0.125841
    8    8.000000    0.000000    0.221878    0.000000
    1    1.000000    1.463167   -0.844044    0.000000
    1    1.000000   -1.463167   -0.930980    0.000000
  6.10357E-03  6.32516E-03  6.55375E-03  6.78933E-03  7.03187E-03  7.28129E-03
       .            .            .            .            .            .
       .            .            .            .            .            .
       .            .            .            .            .            .
 -6.48896E-03 -6.38236E-03 -6.27527E-03 -6.16787E-03 -6.06031E-03 -5.95275E-03

512000 out of 512000 gridpoints are considered (100.0%).

...done!

                       Measure       RMSE[kcal/mol/e]   MaxError[kcal/mol/e]   NPoints
                         Total        6.861424767E-01        4.706948527E+00    406903
Close (  1.20 < r <   1.66 )          1.083607333E+00        4.706948527E+00    143357
Mid-range ( 1.66 < r <  2.20)         3.381772907E-01        1.092933242E+00    194542
Far-range (  2.20         < r)        1.196221573E-01        3.247738008E-01     69004
Did analysis and wrote slice data
