/home/boittier/esp_check
h2o_771
/data/boittier/energies/h2o_geom.xyz.dir
Read multipoles for 3 atoms with max. rank 2
Running in generate mode

Reading "/data/boittier/energies/h2o_geom.xyz.dir/h2o_771.chk.fchk.potential.cube"...

  h2o Potential=SCF
  Electrostatic potential from Total SCF Density
    3   -4.970736   -4.755452   -4.970736
   80    0.125841    0.000000    0.000000
   80    0.000000    0.125841    0.000000
   80    0.000000    0.000000    0.125841
    8    8.000000    0.000000    0.215284    0.000000
    1    1.000000    1.463623   -0.849244    0.000000
    1    1.000000   -1.463623   -0.873028    0.000000
  1.65390E-02  1.66279E-02  1.66876E-02  1.67176E-02  1.67176E-02  1.66876E-02
       .            .            .            .            .            .
       .            .            .            .            .            .
       .            .            .            .            .            .
 -8.65217E-03 -8.64831E-03 -8.64060E-03 -8.62900E-03 -8.61349E-03 -8.59402E-03

338034 out of 512000 gridpoints are considered ( 66.0%).

...done!

 writing cube file quadrupole_expansion.cube                                                                                                                                                                                                                                                                                                                                                                                                                                                                                                                                                                                                                                                                                                                                                                                                                                                                                                                                                                                                                                       
Written cubefile and slice data
Running in analysis mode

Reading "/data/boittier/energies/h2o_geom.xyz.dir/h2o_771.chk.fchk.potential.cube"...

  h2o Potential=SCF
  Electrostatic potential from Total SCF Density
    3   -4.970736   -4.755452   -4.970736
   80    0.125841    0.000000    0.000000
   80    0.000000    0.125841    0.000000
   80    0.000000    0.000000    0.125841
    8    8.000000    0.000000    0.215284    0.000000
    1    1.000000    1.463623   -0.849244    0.000000
    1    1.000000   -1.463623   -0.873028    0.000000
  6.02815E-03  6.24976E-03  6.47851E-03  6.71438E-03  6.95735E-03  7.20735E-03
       .            .            .            .            .            .
       .            .            .            .            .            .
       .            .            .            .            .            .
 -6.53829E-03 -6.42553E-03 -6.31263E-03 -6.19974E-03 -6.08702E-03 -5.97462E-03

512000 out of 512000 gridpoints are considered (100.0%).

...done!

Reading "/home/boittier/esp_check/quadrupole_expansion.cube"...

  Fitted ESP
  Electrostatic potential fitted from quadrupole expansion.
    3   -4.970736   -4.755452   -4.970736
   80    0.125841    0.000000    0.000000
   80    0.000000    0.125841    0.000000
   80    0.000000    0.000000    0.125841
    8    8.000000    0.000000    0.215284    0.000000
    1    1.000000    1.463623   -0.849244    0.000000
    1    1.000000   -1.463623   -0.873028    0.000000
  5.96568E-03  6.18088E-03  6.40278E-03  6.63138E-03  6.86664E-03  7.10847E-03
       .            .            .            .            .            .
       .            .            .            .            .            .
       .            .            .            .            .            .
 -6.48000E-03 -6.37250E-03 -6.26457E-03 -6.15637E-03 -6.04805E-03 -5.93977E-03

512000 out of 512000 gridpoints are considered (100.0%).

...done!

                       Measure       RMSE[kcal/mol/e]   MaxError[kcal/mol/e]   NPoints
                         Total        6.911388068E-01        4.689629266E+00    407344
Close (  1.20 < r <   1.66 )          1.093066876E+00        4.689629266E+00    143030
Mid-range ( 1.66 < r <  2.20)         3.409334141E-01        1.105608933E+00    195004
Far-range (  2.20         < r)        1.212643990E-01        3.225273169E-01     69310
Did analysis and wrote slice data
