/home/boittier/esp_check
h2o_1776
/data/boittier/energies/h2o_geom.xyz.dir
Read multipoles for 3 atoms with max. rank 2
Running in generate mode

Reading "/data/boittier/energies/h2o_geom.xyz.dir/h2o_1776.chk.fchk.potential.cube"...

  h2o Potential=SCF
  Electrostatic potential from Total SCF Density
    3   -4.970736   -4.742843   -4.970736
   80    0.125841    0.000000    0.000000
   80    0.000000    0.125841    0.000000
   80    0.000000    0.000000    0.125841
    8    8.000000    0.000000    0.227892    0.000000
    1    1.000000    1.403564   -0.932947    0.000000
    1    1.000000   -1.403564   -0.890191    0.000000
  1.67927E-02  1.68222E-02  1.68222E-02  1.67927E-02  1.64291E-02  1.66345E-02
       .            .            .            .            .            .
       .            .            .            .            .            .
       .            .            .            .            .            .
 -9.57040E-03 -9.56517E-03 -9.55471E-03 -9.53903E-03 -9.51810E-03 -9.49195E-03

338322 out of 512000 gridpoints are considered ( 66.1%).

...done!

 writing cube file quadrupole_expansion.cube                                                                                                                                                                                                                                                                                                                                                                                                                                                                                                                                                                                                                                                                                                                                                                                                                                                                                                                                                                                                                                       
Written cubefile and slice data
Running in analysis mode

Reading "/data/boittier/energies/h2o_geom.xyz.dir/h2o_1776.chk.fchk.potential.cube"...

  h2o Potential=SCF
  Electrostatic potential from Total SCF Density
    3   -4.970736   -4.742843   -4.970736
   80    0.125841    0.000000    0.000000
   80    0.000000    0.125841    0.000000
   80    0.000000    0.000000    0.125841
    8    8.000000    0.000000    0.227892    0.000000
    1    1.000000    1.403564   -0.932947    0.000000
    1    1.000000   -1.403564   -0.890191    0.000000
  6.22794E-03  6.45198E-03  6.68305E-03  6.92115E-03  7.16622E-03  7.41819E-03
       .            .            .            .            .            .
       .            .            .            .            .            .
       .            .            .            .            .            .
 -6.89481E-03 -6.77264E-03 -6.65046E-03 -6.52846E-03 -6.40679E-03 -6.28559E-03

512000 out of 512000 gridpoints are considered (100.0%).

...done!

Reading "/home/boittier/esp_check/quadrupole_expansion.cube"...

  Fitted ESP
  Electrostatic potential fitted from quadrupole expansion.
    3   -4.970736   -4.742843   -4.970736
   80    0.125841    0.000000    0.000000
   80    0.000000    0.125841    0.000000
   80    0.000000    0.000000    0.125841
    8    8.000000    0.000000    0.227892    0.000000
    1    1.000000    1.403564   -0.932947    0.000000
    1    1.000000   -1.403564   -0.890191    0.000000
  6.17247E-03  6.39038E-03  6.61490E-03  6.84603E-03  7.08369E-03  7.32781E-03
       .            .            .            .            .            .
       .            .            .            .            .            .
       .            .            .            .            .            .
 -6.84585E-03 -6.72860E-03 -6.61107E-03 -6.49342E-03 -6.37583E-03 -6.25846E-03

512000 out of 512000 gridpoints are considered (100.0%).

...done!

                       Measure       RMSE[kcal/mol/e]   MaxError[kcal/mol/e]   NPoints
                         Total        6.719443393E-01        4.706948527E+00    407584
Close (  1.20 < r <   1.66 )          1.062360002E+00        4.706948527E+00    143230
Mid-range ( 1.66 < r <  2.20)         3.314129338E-01        1.054027655E+00    195092
Far-range (  2.20         < r)        1.170815889E-01        3.199670782E-01     69262
Did analysis and wrote slice data
