/home/boittier/esp_check
h2o_1148
/data/boittier/energies/h2o_geom.xyz.dir
Read multipoles for 3 atoms with max. rank 2
Running in generate mode

Reading "/data/boittier/energies/h2o_geom.xyz.dir/h2o_1148.chk.fchk.potential.cube"...

  h2o Potential=SCF
  Electrostatic potential from Total SCF Density
    3   -4.970736   -4.746194   -4.970736
   80    0.125841    0.000000    0.000000
   80    0.000000    0.125841    0.000000
   80    0.000000    0.000000    0.125841
    8    8.000000    0.000000    0.224542    0.000000
    1    1.000000    1.484566   -0.813634    0.000000
    1    1.000000   -1.484566   -0.982702    0.000000
  1.69126E-02  1.70328E-02  1.71238E-02  1.71850E-02  1.72156E-02  1.72156E-02
       .            .            .            .            .            .
       .            .            .            .            .            .
       .            .            .            .            .            .
 -8.28612E-03 -8.28301E-03 -8.27677E-03 -8.26738E-03 -8.25477E-03 -8.23890E-03

337668 out of 512000 gridpoints are considered ( 66.0%).

...done!

 writing cube file quadrupole_expansion.cube                                                                                                                                                                                                                                                                                                                                                                                                                                                                                                                                                                                                                                                                                                                                                                                                                                                                                                                                                                                                                                       
Written cubefile and slice data
Running in analysis mode

Reading "/data/boittier/energies/h2o_geom.xyz.dir/h2o_1148.chk.fchk.potential.cube"...

  h2o Potential=SCF
  Electrostatic potential from Total SCF Density
    3   -4.970736   -4.746194   -4.970736
   80    0.125841    0.000000    0.000000
   80    0.000000    0.125841    0.000000
   80    0.000000    0.000000    0.125841
    8    8.000000    0.000000    0.224542    0.000000
    1    1.000000    1.484566   -0.813634    0.000000
    1    1.000000   -1.484566   -0.982702    0.000000
  6.24144E-03  6.47557E-03  6.71749E-03  6.96721E-03  7.22471E-03  7.48994E-03
       .            .            .            .            .            .
       .            .            .            .            .            .
       .            .            .            .            .            .
 -6.44286E-03 -6.33491E-03 -6.22669E-03 -6.11835E-03 -6.01004E-03 -5.90189E-03

512000 out of 512000 gridpoints are considered (100.0%).

...done!

Reading "/home/boittier/esp_check/quadrupole_expansion.cube"...

  Fitted ESP
  Electrostatic potential fitted from quadrupole expansion.
    3   -4.970736   -4.746194   -4.970736
   80    0.125841    0.000000    0.000000
   80    0.000000    0.125841    0.000000
   80    0.000000    0.000000    0.125841
    8    8.000000    0.000000    0.224542    0.000000
    1    1.000000    1.484566   -0.813634    0.000000
    1    1.000000   -1.484566   -0.982702    0.000000
  6.17467E-03  6.40205E-03  6.63677E-03  6.87884E-03  7.12823E-03  7.38487E-03
       .            .            .            .            .            .
       .            .            .            .            .            .
       .            .            .            .            .            .
 -6.37941E-03 -6.27694E-03 -6.17390E-03 -6.07044E-03 -5.96672E-03 -5.86289E-03

512000 out of 512000 gridpoints are considered (100.0%).

...done!

                       Measure       RMSE[kcal/mol/e]   MaxError[kcal/mol/e]   NPoints
                         Total        6.870288030E-01        4.713411874E+00    406310
Close (  1.20 < r <   1.66 )          1.083411916E+00        4.713411874E+00    143688
Mid-range ( 1.66 < r <  2.20)         3.379279147E-01        1.103287148E+00    193980
Far-range (  2.20         < r)        1.189918551E-01        3.275975934E-01     68642
Did analysis and wrote slice data
