/home/boittier/esp_check
h2o_901
/data/boittier/energies/h2o_geom.xyz.dir
Read multipoles for 3 atoms with max. rank 2
Running in generate mode

Reading "/data/boittier/energies/h2o_geom.xyz.dir/h2o_901.chk.fchk.potential.cube"...

  h2o Potential=SCF
  Electrostatic potential from Total SCF Density
    3   -4.970736   -4.757506   -4.970736
   80    0.125841    0.000000    0.000000
   80    0.000000    0.125841    0.000000
   80    0.000000    0.000000    0.125841
    8    8.000000    0.000000    0.213230    0.000000
    1    1.000000    1.439990   -0.884085    0.000000
    1    1.000000   -1.439990   -0.821752    0.000000
  1.62608E-02  1.64079E-02  1.65272E-02  1.66175E-02  1.66782E-02  1.67087E-02
       .            .            .            .            .            .
       .            .            .            .            .            .
       .            .            .            .            .            .
 -9.02235E-03 -9.01784E-03 -9.00880E-03 -8.99524E-03 -8.97713E-03 -8.95445E-03

338317 out of 512000 gridpoints are considered ( 66.1%).

...done!

 writing cube file quadrupole_expansion.cube                                                                                                                                                                                                                                                                                                                                                                                                                                                                                                                                                                                                                                                                                                                                                                                                                                                                                                                                                                                                                                       
Written cubefile and slice data
Running in analysis mode

Reading "/data/boittier/energies/h2o_geom.xyz.dir/h2o_901.chk.fchk.potential.cube"...

  h2o Potential=SCF
  Electrostatic potential from Total SCF Density
    3   -4.970736   -4.757506   -4.970736
   80    0.125841    0.000000    0.000000
   80    0.000000    0.125841    0.000000
   80    0.000000    0.000000    0.125841
    8    8.000000    0.000000    0.213230    0.000000
    1    1.000000    1.439990   -0.884085    0.000000
    1    1.000000   -1.439990   -0.821752    0.000000
  5.95770E-03  6.17351E-03  6.39613E-03  6.62553E-03  6.86167E-03  7.10447E-03
       .            .            .            .            .            .
       .            .            .            .            .            .
       .            .            .            .            .            .
 -6.65590E-03 -6.53882E-03 -6.42171E-03 -6.30471E-03 -6.18799E-03 -6.07169E-03

512000 out of 512000 gridpoints are considered (100.0%).

...done!

Reading "/home/boittier/esp_check/quadrupole_expansion.cube"...

  Fitted ESP
  Electrostatic potential fitted from quadrupole expansion.
    3   -4.970736   -4.757506   -4.970736
   80    0.125841    0.000000    0.000000
   80    0.000000    0.125841    0.000000
   80    0.000000    0.000000    0.125841
    8    8.000000    0.000000    0.213230    0.000000
    1    1.000000    1.439990   -0.884085    0.000000
    1    1.000000   -1.439990   -0.821752    0.000000
  5.89934E-03  6.10900E-03  6.32505E-03  6.54746E-03  6.77619E-03  7.01114E-03
       .            .            .            .            .            .
       .            .            .            .            .            .
       .            .            .            .            .            .
 -6.60253E-03 -6.49052E-03 -6.37818E-03 -6.26567E-03 -6.15316E-03 -6.04079E-03

512000 out of 512000 gridpoints are considered (100.0%).

...done!

                       Measure       RMSE[kcal/mol/e]   MaxError[kcal/mol/e]   NPoints
                         Total        6.894035842E-01        4.679149857E+00    407939
Close (  1.20 < r <   1.66 )          1.091772461E+00        4.679149857E+00    142787
Mid-range ( 1.66 < r <  2.20)         3.404163081E-01        1.090548706E+00    195530
Far-range (  2.20         < r)        1.215182185E-01        3.218433316E-01     69622
Did analysis and wrote slice data
