/home/boittier/esp_check
h2o_648
/data/boittier/energies/h2o_geom.xyz.dir
Read multipoles for 3 atoms with max. rank 2
Running in generate mode

Reading "/data/boittier/energies/h2o_geom.xyz.dir/h2o_648.chk.fchk.potential.cube"...

  h2o Potential=SCF
  Electrostatic potential from Total SCF Density
    3   -4.970736   -4.747813   -4.970736
   80    0.125841    0.000000    0.000000
   80    0.000000    0.125841    0.000000
   80    0.000000    0.000000    0.125841
    8    8.000000    0.000000    0.222922    0.000000
    1    1.000000    1.447887   -0.870995    0.000000
    1    1.000000   -1.447887   -0.912383    0.000000
  1.65989E-02  1.67468E-02  1.68666E-02  1.69574E-02  1.70183E-02  1.70489E-02
       .            .            .            .            .            .
       .            .            .            .            .            .
       .            .            .            .            .            .
 -8.90389E-03 -8.89971E-03 -8.89135E-03 -8.87878E-03 -8.86197E-03 -8.84091E-03

338069 out of 512000 gridpoints are considered ( 66.0%).

...done!

 writing cube file quadrupole_expansion.cube                                                                                                                                                                                                                                                                                                                                                                                                                                                                                                                                                                                                                                                                                                                                                                                                                                                                                                                                                                                                                                       
Written cubefile and slice data
Running in analysis mode

Reading "/data/boittier/energies/h2o_geom.xyz.dir/h2o_648.chk.fchk.potential.cube"...

  h2o Potential=SCF
  Electrostatic potential from Total SCF Density
    3   -4.970736   -4.747813   -4.970736
   80    0.125841    0.000000    0.000000
   80    0.000000    0.125841    0.000000
   80    0.000000    0.000000    0.125841
    8    8.000000    0.000000    0.222922    0.000000
    1    1.000000    1.447887   -0.870995    0.000000
    1    1.000000   -1.447887   -0.912383    0.000000
  6.16614E-03  6.39231E-03  6.62576E-03  6.86650E-03  7.11449E-03  7.36965E-03
       .            .            .            .            .            .
       .            .            .            .            .            .
       .            .            .            .            .            .
 -6.64955E-03 -6.53449E-03 -6.41931E-03 -6.30416E-03 -6.18921E-03 -6.07460E-03

512000 out of 512000 gridpoints are considered (100.0%).

...done!

Reading "/home/boittier/esp_check/quadrupole_expansion.cube"...

  Fitted ESP
  Electrostatic potential fitted from quadrupole expansion.
    3   -4.970736   -4.747813   -4.970736
   80    0.125841    0.000000    0.000000
   80    0.000000    0.125841    0.000000
   80    0.000000    0.000000    0.125841
    8    8.000000    0.000000    0.222922    0.000000
    1    1.000000    1.447887   -0.870995    0.000000
    1    1.000000   -1.447887   -0.912383    0.000000
  6.10492E-03  6.32467E-03  6.55128E-03  6.78473E-03  7.02499E-03  7.27197E-03
       .            .            .            .            .            .
       .            .            .            .            .            .
       .            .            .            .            .            .
 -6.59313E-03 -6.48328E-03 -6.37301E-03 -6.26250E-03 -6.15189E-03 -6.04135E-03

512000 out of 512000 gridpoints are considered (100.0%).

...done!

                       Measure       RMSE[kcal/mol/e]   MaxError[kcal/mol/e]   NPoints
                         Total        6.832236481E-01        4.705819010E+00    407147
Close (  1.20 < r <   1.66 )          1.079327433E+00        4.705819010E+00    143341
Mid-range ( 1.66 < r <  2.20)         3.368082677E-01        1.079504540E+00    194728
Far-range (  2.20         < r)        1.190676060E-01        3.233054286E-01     69078
Did analysis and wrote slice data
