/home/boittier/esp_check
h2o_306
/data/boittier/energies/h2o_geom.xyz.dir
Read multipoles for 3 atoms with max. rank 2
Running in generate mode

Reading "/data/boittier/energies/h2o_geom.xyz.dir/h2o_306.chk.fchk.potential.cube"...

  h2o Potential=SCF
  Electrostatic potential from Total SCF Density
    3   -4.970736   -4.752643   -4.970736
   80    0.125841    0.000000    0.000000
   80    0.000000    0.125841    0.000000
   80    0.000000    0.000000    0.125841
    8    8.000000    0.000000    0.218092    0.000000
    1    1.000000    1.440827   -0.878223    0.000000
    1    1.000000   -1.440827   -0.866515    0.000000
  1.65440E-02  1.66027E-02  1.66322E-02  1.66322E-02  1.66027E-02  1.65440E-02
       .            .            .            .            .            .
       .            .            .            .            .            .
       .            .            .            .            .            .
 -8.98164E-03 -8.97726E-03 -8.96850E-03 -8.95534E-03 -8.93775E-03 -8.91573E-03

338215 out of 512000 gridpoints are considered ( 66.1%).

...done!

 writing cube file quadrupole_expansion.cube                                                                                                                                                                                                                                                                                                                                                                                                                                                                                                                                                                                                                                                                                                                                                                                                                                                                                                                                                                                                                                       
Written cubefile and slice data
Running in analysis mode

Reading "/data/boittier/energies/h2o_geom.xyz.dir/h2o_306.chk.fchk.potential.cube"...

  h2o Potential=SCF
  Electrostatic potential from Total SCF Density
    3   -4.970736   -4.752643   -4.970736
   80    0.125841    0.000000    0.000000
   80    0.000000    0.125841    0.000000
   80    0.000000    0.000000    0.125841
    8    8.000000    0.000000    0.218092    0.000000
    1    1.000000    1.440827   -0.878223    0.000000
    1    1.000000   -1.440827   -0.866515    0.000000
  6.06629E-03  6.28719E-03  6.51511E-03  6.75006E-03  6.99198E-03  7.24081E-03
       .            .            .            .            .            .
       .            .            .            .            .            .
       .            .            .            .            .            .
 -6.65878E-03 -6.54251E-03 -6.42616E-03 -6.30990E-03 -6.19387E-03 -6.07822E-03

512000 out of 512000 gridpoints are considered (100.0%).

...done!

Reading "/home/boittier/esp_check/quadrupole_expansion.cube"...

  Fitted ESP
  Electrostatic potential fitted from quadrupole expansion.
    3   -4.970736   -4.752643   -4.970736
   80    0.125841    0.000000    0.000000
   80    0.000000    0.125841    0.000000
   80    0.000000    0.000000    0.125841
    8    8.000000    0.000000    0.218092    0.000000
    1    1.000000    1.440827   -0.878223    0.000000
    1    1.000000   -1.440827   -0.866515    0.000000
  6.00653E-03  6.22115E-03  6.44237E-03  6.67018E-03  6.90454E-03  7.14535E-03
       .            .            .            .            .            .
       .            .            .            .            .            .
       .            .            .            .            .            .
 -6.60391E-03 -6.49278E-03 -6.38128E-03 -6.26957E-03 -6.15783E-03 -6.04619E-03

512000 out of 512000 gridpoints are considered (100.0%).

...done!

                       Measure       RMSE[kcal/mol/e]   MaxError[kcal/mol/e]   NPoints
                         Total        6.860487858E-01        4.691323541E+00    407599
Close (  1.20 < r <   1.66 )          1.085313326E+00        4.691323541E+00    143030
Mid-range ( 1.66 < r <  2.20)         3.384756406E-01        1.080006547E+00    195185
Far-range (  2.20         < r)        1.203202863E-01        3.209459930E-01     69384
Did analysis and wrote slice data
