/home/boittier/esp_check
h2o_1240
/data/boittier/energies/h2o_geom.xyz.dir
Read multipoles for 3 atoms with max. rank 2
Running in generate mode

Reading "/data/boittier/energies/h2o_geom.xyz.dir/h2o_1240.chk.fchk.potential.cube"...

  h2o Potential=SCF
  Electrostatic potential from Total SCF Density
    3   -4.970736   -4.736492   -4.970736
   80    0.125841    0.000000    0.000000
   80    0.000000    0.125841    0.000000
   80    0.000000    0.000000    0.125841
    8    8.000000    0.000000    0.234243    0.000000
    1    1.000000    1.436055   -0.878531    0.000000
    1    1.000000   -1.436055   -0.995415    0.000000
  1.70575E-02  1.71471E-02  1.72072E-02  1.72374E-02  1.72374E-02  1.72072E-02
       .            .            .            .            .            .
       .            .            .            .            .            .
       .            .            .            .            .            .
 -9.01329E-03 -9.00906E-03 -9.00058E-03 -8.98784E-03 -8.97082E-03 -8.94948E-03

337868 out of 512000 gridpoints are considered ( 66.0%).

...done!

 writing cube file quadrupole_expansion.cube                                                                                                                                                                                                                                                                                                                                                                                                                                                                                                                                                                                                                                                                                                                                                                                                                                                                                                                                                                                                                                       
Written cubefile and slice data
Running in analysis mode

Reading "/data/boittier/energies/h2o_geom.xyz.dir/h2o_1240.chk.fchk.potential.cube"...

  h2o Potential=SCF
  Electrostatic potential from Total SCF Density
    3   -4.970736   -4.736492   -4.970736
   80    0.125841    0.000000    0.000000
   80    0.000000    0.125841    0.000000
   80    0.000000    0.000000    0.125841
    8    8.000000    0.000000    0.234243    0.000000
    1    1.000000    1.436055   -0.878531    0.000000
    1    1.000000   -1.436055   -0.995415    0.000000
  6.37269E-03  6.60763E-03  6.85024E-03  7.10052E-03  7.35844E-03  7.62394E-03
       .            .            .            .            .            .
       .            .            .            .            .            .
       .            .            .            .            .            .
 -6.71883E-03 -6.60336E-03 -6.48773E-03 -6.37211E-03 -6.25665E-03 -6.14150E-03

512000 out of 512000 gridpoints are considered (100.0%).

...done!

Reading "/home/boittier/esp_check/quadrupole_expansion.cube"...

  Fitted ESP
  Electrostatic potential fitted from quadrupole expansion.
    3   -4.970736   -4.736492   -4.970736
   80    0.125841    0.000000    0.000000
   80    0.000000    0.125841    0.000000
   80    0.000000    0.000000    0.125841
    8    8.000000    0.000000    0.234243    0.000000
    1    1.000000    1.436055   -0.878531    0.000000
    1    1.000000   -1.436055   -0.995415    0.000000
  6.31172E-03  6.54015E-03  6.77580E-03  7.01867E-03  7.26873E-03  7.52591E-03
       .            .            .            .            .            .
       .            .            .            .            .            .
       .            .            .            .            .            .
 -6.66299E-03 -6.55271E-03 -6.44199E-03 -6.33098E-03 -6.21986E-03 -6.10878E-03

512000 out of 512000 gridpoints are considered (100.0%).

...done!

                       Measure       RMSE[kcal/mol/e]   MaxError[kcal/mol/e]   NPoints
                         Total        6.716356918E-01        4.725648309E+00    406516
Close (  1.20 < r <   1.66 )          1.059175608E+00        4.725648309E+00    143778
Mid-range ( 1.66 < r <  2.20)         3.301796217E-01        1.073543200E+00    194090
Far-range (  2.20         < r)        1.157619472E-01        3.254264106E-01     68648
Did analysis and wrote slice data
