/home/boittier/esp_check
h2o_57
/data/boittier/energies/h2o_geom.xyz.dir
Read multipoles for 3 atoms with max. rank 2
Running in generate mode

Reading "/data/boittier/energies/h2o_geom.xyz.dir/h2o_57.chk.fchk.potential.cube"...

  h2o Potential=SCF
  Electrostatic potential from Total SCF Density
    3   -4.970736   -4.749676   -4.970736
   80    0.125841    0.000000    0.000000
   80    0.000000    0.125841    0.000000
   80    0.000000    0.000000    0.125841
    8    8.000000    0.000000    0.221059    0.000000
    1    1.000000    1.421376   -0.903503    0.000000
    1    1.000000   -1.421376   -0.864970    0.000000
  1.64312E-02  1.66089E-02  1.67594E-02  1.68813E-02  1.69736E-02  1.70357E-02
       .            .            .            .            .            .
       .            .            .            .            .            .
       .            .            .            .            .            .
 -9.26272E-03 -9.25791E-03 -9.24828E-03 -9.23382E-03 -9.21453E-03 -9.19039E-03

338302 out of 512000 gridpoints are considered ( 66.1%).

...done!

 writing cube file quadrupole_expansion.cube                                                                                                                                                                                                                                                                                                                                                                                                                                                                                                                                                                                                                                                                                                                                                                                                                                                                                                                                                                                                                                       
Written cubefile and slice data
Running in analysis mode

Reading "/data/boittier/energies/h2o_geom.xyz.dir/h2o_57.chk.fchk.potential.cube"...

  h2o Potential=SCF
  Electrostatic potential from Total SCF Density
    3   -4.970736   -4.749676   -4.970736
   80    0.125841    0.000000    0.000000
   80    0.000000    0.125841    0.000000
   80    0.000000    0.000000    0.125841
    8    8.000000    0.000000    0.221059    0.000000
    1    1.000000    1.421376   -0.903503    0.000000
    1    1.000000   -1.421376   -0.864970    0.000000
  6.11164E-03  6.33251E-03  6.56033E-03  6.79510E-03  7.03677E-03  7.28527E-03
       .            .            .            .            .            .
       .            .            .            .            .            .
       .            .            .            .            .            .
 -6.76445E-03 -6.64524E-03 -6.52600E-03 -6.40690E-03 -6.28808E-03 -6.16971E-03

512000 out of 512000 gridpoints are considered (100.0%).

...done!

Reading "/home/boittier/esp_check/quadrupole_expansion.cube"...

  Fitted ESP
  Electrostatic potential fitted from quadrupole expansion.
    3   -4.970736   -4.749676   -4.970736
   80    0.125841    0.000000    0.000000
   80    0.000000    0.125841    0.000000
   80    0.000000    0.000000    0.125841
    8    8.000000    0.000000    0.221059    0.000000
    1    1.000000    1.421376   -0.903503    0.000000
    1    1.000000   -1.421376   -0.864970    0.000000
  6.05418E-03  6.26886E-03  6.49009E-03  6.71784E-03  6.95206E-03  7.19266E-03
       .            .            .            .            .            .
       .            .            .            .            .            .
       .            .            .            .            .            .
 -6.71253E-03 -6.59835E-03 -6.48385E-03 -6.36920E-03 -6.25457E-03 -6.14011E-03

512000 out of 512000 gridpoints are considered (100.0%).

...done!

                       Measure       RMSE[kcal/mol/e]   MaxError[kcal/mol/e]   NPoints
                         Total        6.806312403E-01        4.695151349E+00    407738
Close (  1.20 < r <   1.66 )          1.076947315E+00        4.695151349E+00    143006
Mid-range ( 1.66 < r <  2.20)         3.359294610E-01        1.064444312E+00    195296
Far-range (  2.20         < r)        1.193329094E-01        3.198353013E-01     69436
Did analysis and wrote slice data
