/home/boittier/esp_check
h2o_1400
/data/boittier/energies/h2o_geom.xyz.dir
Read multipoles for 3 atoms with max. rank 2
Running in generate mode

Reading "/data/boittier/energies/h2o_geom.xyz.dir/h2o_1400.chk.fchk.potential.cube"...

  h2o Potential=SCF
  Electrostatic potential from Total SCF Density
    3   -4.970736   -4.759794   -4.970736
   80    0.125841    0.000000    0.000000
   80    0.000000    0.125841    0.000000
   80    0.000000    0.000000    0.125841
    8    8.000000    0.000000    0.210941    0.000000
    1    1.000000    1.437761   -0.894155    0.000000
    1    1.000000   -1.437761   -0.793375    0.000000
  1.61641E-02  1.62807E-02  1.63691E-02  1.64285E-02  1.64583E-02  1.64583E-02
       .            .            .            .            .            .
       .            .            .            .            .            .
       .            .            .            .            .            .
 -9.10684E-03 -9.10216E-03 -9.09278E-03 -9.07870E-03 -9.05991E-03 -9.03640E-03

338364 out of 512000 gridpoints are considered ( 66.1%).

...done!

 writing cube file quadrupole_expansion.cube                                                                                                                                                                                                                                                                                                                                                                                                                                                                                                                                                                                                                                                                                                                                                                                                                                                                                                                                                                                                                                       
Written cubefile and slice data
Running in analysis mode

Reading "/data/boittier/energies/h2o_geom.xyz.dir/h2o_1400.chk.fchk.potential.cube"...

  h2o Potential=SCF
  Electrostatic potential from Total SCF Density
    3   -4.970736   -4.759794   -4.970736
   80    0.125841    0.000000    0.000000
   80    0.000000    0.125841    0.000000
   80    0.000000    0.000000    0.125841
    8    8.000000    0.000000    0.210941    0.000000
    1    1.000000    1.437761   -0.894155    0.000000
    1    1.000000   -1.437761   -0.793375    0.000000
  5.89651E-03  6.10920E-03  6.32854E-03  6.55451E-03  6.78707E-03  7.02612E-03
       .            .            .            .            .            .
       .            .            .            .            .            .
       .            .            .            .            .            .
 -6.67732E-03 -6.55913E-03 -6.44092E-03 -6.32288E-03 -6.20514E-03 -6.08785E-03

512000 out of 512000 gridpoints are considered (100.0%).

...done!

Reading "/home/boittier/esp_check/quadrupole_expansion.cube"...

  Fitted ESP
  Electrostatic potential fitted from quadrupole expansion.
    3   -4.970736   -4.759794   -4.970736
   80    0.125841    0.000000    0.000000
   80    0.000000    0.125841    0.000000
   80    0.000000    0.000000    0.125841
    8    8.000000    0.000000    0.210941    0.000000
    1    1.000000    1.437761   -0.894155    0.000000
    1    1.000000   -1.437761   -0.793375    0.000000
  5.83961E-03  6.04625E-03  6.25914E-03  6.47824E-03  6.70351E-03  6.93485E-03
       .            .            .            .            .            .
       .            .            .            .            .            .
       .            .            .            .            .            .
 -6.62568E-03 -6.51246E-03 -6.39895E-03 -6.28532E-03 -6.17171E-03 -6.05829E-03

512000 out of 512000 gridpoints are considered (100.0%).

...done!

                       Measure       RMSE[kcal/mol/e]   MaxError[kcal/mol/e]   NPoints
                         Total        6.904465785E-01        4.676890823E+00    408106
Close (  1.20 < r <   1.66 )          1.093954422E+00        4.676890823E+00    142680
Mid-range ( 1.66 < r <  2.20)         3.410636184E-01        1.092556736E+00    195684
Far-range (  2.20         < r)        1.219800597E-01        3.265371024E-01     69742
Did analysis and wrote slice data
