/home/boittier/esp_check
h2o_1307
/data/boittier/energies/h2o_geom.xyz.dir
Read multipoles for 3 atoms with max. rank 2
Running in generate mode

Reading "/data/boittier/energies/h2o_geom.xyz.dir/h2o_1307.chk.fchk.potential.cube"...

  h2o Potential=SCF
  Electrostatic potential from Total SCF Density
    3   -4.970736   -4.742997   -4.970736
   80    0.125841    0.000000    0.000000
   80    0.000000    0.125841    0.000000
   80    0.000000    0.000000    0.125841
    8    8.000000    0.000000    0.227739    0.000000
    1    1.000000    1.360518   -0.991163    0.000000
    1    1.000000   -1.360518   -0.830749    0.000000
  1.65774E-02  1.66651E-02  1.67240E-02  1.67536E-02  1.67536E-02  1.67240E-02
       .            .            .            .            .            .
       .            .            .            .            .            .
       .            .            .            .            .            .
 -1.01728E-02 -1.01665E-02 -1.01541E-02 -1.01355E-02 -1.01107E-02 -1.00797E-02

338692 out of 512000 gridpoints are considered ( 66.2%).

...done!

 writing cube file quadrupole_expansion.cube                                                                                                                                                                                                                                                                                                                                                                                                                                                                                                                                                                                                                                                                                                                                                                                                                                                                                                                                                                                                                                       
Written cubefile and slice data
Running in analysis mode

Reading "/data/boittier/energies/h2o_geom.xyz.dir/h2o_1307.chk.fchk.potential.cube"...

  h2o Potential=SCF
  Electrostatic potential from Total SCF Density
    3   -4.970736   -4.742997   -4.970736
   80    0.125841    0.000000    0.000000
   80    0.000000    0.125841    0.000000
   80    0.000000    0.000000    0.125841
    8    8.000000    0.000000    0.227739    0.000000
    1    1.000000    1.360518   -0.991163    0.000000
    1    1.000000   -1.360518   -0.830749    0.000000
  6.20589E-03  6.42427E-03  6.64928E-03  6.88090E-03  7.11907E-03  7.36369E-03
       .            .            .            .            .            .
       .            .            .            .            .            .
       .            .            .            .            .            .
 -7.10301E-03 -6.97416E-03 -6.84543E-03 -6.71702E-03 -6.58908E-03 -6.46177E-03

512000 out of 512000 gridpoints are considered (100.0%).

...done!

Reading "/home/boittier/esp_check/quadrupole_expansion.cube"...

  Fitted ESP
  Electrostatic potential fitted from quadrupole expansion.
    3   -4.970736   -4.742997   -4.970736
   80    0.125841    0.000000    0.000000
   80    0.000000    0.125841    0.000000
   80    0.000000    0.000000    0.125841
    8    8.000000    0.000000    0.227739    0.000000
    1    1.000000    1.360518   -0.991163    0.000000
    1    1.000000   -1.360518   -0.830749    0.000000
  6.15666E-03  6.36928E-03  6.58814E-03  6.81319E-03  7.04438E-03  7.28160E-03
       .            .            .            .            .            .
       .            .            .            .            .            .
       .            .            .            .            .            .
 -7.06175E-03 -6.93751E-03 -6.81313E-03 -6.68877E-03 -6.56463E-03 -6.44085E-03

512000 out of 512000 gridpoints are considered (100.0%).

...done!

                       Measure       RMSE[kcal/mol/e]   MaxError[kcal/mol/e]   NPoints
                         Total        6.645236493E-01        4.692264805E+00    408314
Close (  1.20 < r <   1.66 )          1.052811563E+00        4.692264805E+00    142786
Mid-range ( 1.66 < r <  2.20)         3.281973074E-01        1.026417238E+00    195906
Far-range (  2.20         < r)        1.162333957E-01        3.144449949E-01     69622
Did analysis and wrote slice data
