/home/boittier/esp_check
h2o_383
/data/boittier/energies/h2o_geom.xyz.dir
Read multipoles for 3 atoms with max. rank 2
Running in generate mode

Reading "/data/boittier/energies/h2o_geom.xyz.dir/h2o_383.chk.fchk.potential.cube"...

  h2o Potential=SCF
  Electrostatic potential from Total SCF Density
    3   -4.970736   -4.754116   -4.970736
   80    0.125841    0.000000    0.000000
   80    0.000000    0.125841    0.000000
   80    0.000000    0.000000    0.125841
    8    8.000000    0.000000    0.216619    0.000000
    1    1.000000    1.442222   -0.878186    0.000000
    1    1.000000   -1.442222   -0.854770    0.000000
  1.65322E-02  1.65322E-02  1.61663E-02  1.63704E-02  1.65486E-02  1.66995E-02
       .            .            .            .            .            .
       .            .            .            .            .            .
       .            .            .            .            .            .
 -8.97348E-03 -8.96910E-03 -8.96033E-03 -8.94715E-03 -8.92954E-03 -8.90749E-03

338225 out of 512000 gridpoints are considered ( 66.1%).

...done!

 writing cube file quadrupole_expansion.cube                                                                                                                                                                                                                                                                                                                                                                                                                                                                                                                                                                                                                                                                                                                                                                                                                                                                                                                                                                                                                                       
Written cubefile and slice data
Running in analysis mode

Reading "/data/boittier/energies/h2o_geom.xyz.dir/h2o_383.chk.fchk.potential.cube"...

  h2o Potential=SCF
  Electrostatic potential from Total SCF Density
    3   -4.970736   -4.754116   -4.970736
   80    0.125841    0.000000    0.000000
   80    0.000000    0.125841    0.000000
   80    0.000000    0.000000    0.125841
    8    8.000000    0.000000    0.216619    0.000000
    1    1.000000    1.442222   -0.878186    0.000000
    1    1.000000   -1.442222   -0.854770    0.000000
  6.03496E-03  6.25455E-03  6.48110E-03  6.71462E-03  6.95506E-03  7.20234E-03
       .            .            .            .            .            .
       .            .            .            .            .            .
       .            .            .            .            .            .
 -6.65125E-03 -6.53497E-03 -6.41861E-03 -6.30234E-03 -6.18632E-03 -6.07068E-03

512000 out of 512000 gridpoints are considered (100.0%).

...done!

Reading "/home/boittier/esp_check/quadrupole_expansion.cube"...

  Fitted ESP
  Electrostatic potential fitted from quadrupole expansion.
    3   -4.970736   -4.754116   -4.970736
   80    0.125841    0.000000    0.000000
   80    0.000000    0.125841    0.000000
   80    0.000000    0.000000    0.125841
    8    8.000000    0.000000    0.216619    0.000000
    1    1.000000    1.442222   -0.878186    0.000000
    1    1.000000   -1.442222   -0.854770    0.000000
  5.97539E-03  6.18871E-03  6.40859E-03  6.63501E-03  6.86791E-03  7.10721E-03
       .            .            .            .            .            .
       .            .            .            .            .            .
       .            .            .            .            .            .
 -6.59656E-03 -6.48540E-03 -6.37388E-03 -6.26216E-03 -6.15041E-03 -6.03877E-03

512000 out of 512000 gridpoints are considered (100.0%).

...done!

                       Measure       RMSE[kcal/mol/e]   MaxError[kcal/mol/e]   NPoints
                         Total        6.872311223E-01        4.688248745E+00    407672
Close (  1.20 < r <   1.66 )          1.087420068E+00        4.688248745E+00    142972
Mid-range ( 1.66 < r <  2.20)         3.391911411E-01        1.084838370E+00    195253
Far-range (  2.20         < r)        1.207260160E-01        3.207012643E-01     69447
Did analysis and wrote slice data
