/home/boittier/esp_check
h2o_263
/data/boittier/energies/h2o_geom.xyz.dir
Read multipoles for 3 atoms with max. rank 2
Running in generate mode

Reading "/data/boittier/energies/h2o_geom.xyz.dir/h2o_263.chk.fchk.potential.cube"...

  h2o Potential=SCF
  Electrostatic potential from Total SCF Density
    3   -4.970736   -4.751214   -4.970736
   80    0.125841    0.000000    0.000000
   80    0.000000    0.125841    0.000000
   80    0.000000    0.000000    0.125841
    8    8.000000    0.000000    0.219521    0.000000
    1    1.000000    1.439025   -0.880699    0.000000
    1    1.000000   -1.439025   -0.875473    0.000000
  1.66215E-02  1.66805E-02  1.67102E-02  1.67102E-02  1.66805E-02  1.66215E-02
       .            .            .            .            .            .
       .            .            .            .            .            .
       .            .            .            .            .            .
 -9.01104E-03 -9.00663E-03 -8.99781E-03 -8.98456E-03 -8.96685E-03 -8.94468E-03

338195 out of 512000 gridpoints are considered ( 66.1%).

...done!

 writing cube file quadrupole_expansion.cube                                                                                                                                                                                                                                                                                                                                                                                                                                                                                                                                                                                                                                                                                                                                                                                                                                                                                                                                                                                                                                       
Written cubefile and slice data
Running in analysis mode

Reading "/data/boittier/energies/h2o_geom.xyz.dir/h2o_263.chk.fchk.potential.cube"...

  h2o Potential=SCF
  Electrostatic potential from Total SCF Density
    3   -4.970736   -4.751214   -4.970736
   80    0.125841    0.000000    0.000000
   80    0.000000    0.125841    0.000000
   80    0.000000    0.000000    0.125841
    8    8.000000    0.000000    0.219521    0.000000
    1    1.000000    1.439025   -0.880699    0.000000
    1    1.000000   -1.439025   -0.875473    0.000000
  6.09369E-03  6.31563E-03  6.54464E-03  6.78071E-03  7.02380E-03  7.27383E-03
       .            .            .            .            .            .
       .            .            .            .            .            .
       .            .            .            .            .            .
 -6.67379E-03 -6.55728E-03 -6.44070E-03 -6.32421E-03 -6.20795E-03 -6.09207E-03

512000 out of 512000 gridpoints are considered (100.0%).

...done!

Reading "/home/boittier/esp_check/quadrupole_expansion.cube"...

  Fitted ESP
  Electrostatic potential fitted from quadrupole expansion.
    3   -4.970736   -4.751214   -4.970736
   80    0.125841    0.000000    0.000000
   80    0.000000    0.125841    0.000000
   80    0.000000    0.000000    0.125841
    8    8.000000    0.000000    0.219521    0.000000
    1    1.000000    1.439025   -0.880699    0.000000
    1    1.000000   -1.439025   -0.875473    0.000000
  6.03398E-03  6.24963E-03  6.47192E-03  6.70084E-03  6.93635E-03  7.17835E-03
       .            .            .            .            .            .
       .            .            .            .            .            .
       .            .            .            .            .            .
 -6.61904E-03 -6.50768E-03 -6.39595E-03 -6.28401E-03 -6.17203E-03 -6.06016E-03

512000 out of 512000 gridpoints are considered (100.0%).

...done!

                       Measure       RMSE[kcal/mol/e]   MaxError[kcal/mol/e]   NPoints
                         Total        6.846849193E-01        4.694210085E+00    407527
Close (  1.20 < r <   1.66 )          1.082934234E+00        4.694210085E+00    143073
Mid-range ( 1.66 < r <  2.20)         3.377651845E-01        1.074986471E+00    195122
Far-range (  2.20         < r)        1.199206044E-01        3.211593462E-01     69332
Did analysis and wrote slice data
