/home/boittier/esp_check
h2o_625
/data/boittier/energies/h2o_geom.xyz.dir
Read multipoles for 3 atoms with max. rank 2
Running in generate mode

Reading "/data/boittier/energies/h2o_geom.xyz.dir/h2o_625.chk.fchk.potential.cube"...

  h2o Potential=SCF
  Electrostatic potential from Total SCF Density
    3   -4.970736   -4.755485   -4.970736
   80    0.125841    0.000000    0.000000
   80    0.000000    0.125841    0.000000
   80    0.000000    0.000000    0.125841
    8    8.000000    0.000000    0.215251    0.000000
    1    1.000000    1.458732   -0.858376    0.000000
    1    1.000000   -1.458732   -0.863628    0.000000
  1.64547E-02  1.65428E-02  1.66019E-02  1.66316E-02  1.66316E-02  1.66019E-02
       .            .            .            .            .            .
       .            .            .            .            .            .
       .            .            .            .            .            .
 -8.74645E-03 -8.74244E-03 -8.73441E-03 -8.72233E-03 -8.70619E-03 -8.68594E-03

338128 out of 512000 gridpoints are considered ( 66.0%).

...done!

 writing cube file quadrupole_expansion.cube                                                                                                                                                                                                                                                                                                                                                                                                                                                                                                                                                                                                                                                                                                                                                                                                                                                                                                                                                                                                                                       
Written cubefile and slice data
Running in analysis mode

Reading "/data/boittier/energies/h2o_geom.xyz.dir/h2o_625.chk.fchk.potential.cube"...

  h2o Potential=SCF
  Electrostatic potential from Total SCF Density
    3   -4.970736   -4.755485   -4.970736
   80    0.125841    0.000000    0.000000
   80    0.000000    0.125841    0.000000
   80    0.000000    0.000000    0.125841
    8    8.000000    0.000000    0.215251    0.000000
    1    1.000000    1.458732   -0.858376    0.000000
    1    1.000000   -1.458732   -0.863628    0.000000
  6.01916E-03  6.23976E-03  6.46742E-03  6.70214E-03  6.94389E-03  7.19260E-03
       .            .            .            .            .            .
       .            .            .            .            .            .
       .            .            .            .            .            .
 -6.57055E-03 -6.45672E-03 -6.34277E-03 -6.22886E-03 -6.11514E-03 -6.00176E-03

512000 out of 512000 gridpoints are considered (100.0%).

...done!

Reading "/home/boittier/esp_check/quadrupole_expansion.cube"...

  Fitted ESP
  Electrostatic potential fitted from quadrupole expansion.
    3   -4.970736   -4.755485   -4.970736
   80    0.125841    0.000000    0.000000
   80    0.000000    0.125841    0.000000
   80    0.000000    0.000000    0.125841
    8    8.000000    0.000000    0.215251    0.000000
    1    1.000000    1.458732   -0.858376    0.000000
    1    1.000000   -1.458732   -0.863628    0.000000
  5.95761E-03  6.17184E-03  6.39271E-03  6.62022E-03  6.85432E-03  7.09492E-03
       .            .            .            .            .            .
       .            .            .            .            .            .
       .            .            .            .            .            .
 -6.51341E-03 -6.40480E-03 -6.29577E-03 -6.18650E-03 -6.07714E-03 -5.96784E-03

512000 out of 512000 gridpoints are considered (100.0%).

...done!

                       Measure       RMSE[kcal/mol/e]   MaxError[kcal/mol/e]   NPoints
                         Total        6.906254450E-01        4.687558484E+00    407474
Close (  1.20 < r <   1.66 )          1.092545607E+00        4.687558484E+00    142983
Mid-range ( 1.66 < r <  2.20)         3.407523576E-01        1.100777111E+00    195145
Far-range (  2.20         < r)        1.212215380E-01        3.219688334E-01     69346
Did analysis and wrote slice data
