/home/boittier/esp_check
h2o_102
/data/boittier/energies/h2o_geom.xyz.dir
Read multipoles for 3 atoms with max. rank 2
Running in generate mode

Reading "/data/boittier/energies/h2o_geom.xyz.dir/h2o_102.chk.fchk.potential.cube"...

  h2o Potential=SCF
  Electrostatic potential from Total SCF Density
    3   -4.970736   -4.746045   -4.970736
   80    0.125841    0.000000    0.000000
   80    0.000000    0.125841    0.000000
   80    0.000000    0.000000    0.125841
    8    8.000000    0.000000    0.224691    0.000000
    1    1.000000    1.407508   -0.922177    0.000000
    1    1.000000   -1.407508   -0.875349    0.000000
  1.65056E-02  1.66834E-02  1.68339E-02  1.69559E-02  1.70483E-02  1.71104E-02
       .            .            .            .            .            .
       .            .            .            .            .            .
       .            .            .            .            .            .
 -9.46698E-03 -9.46187E-03 -9.45166E-03 -9.43634E-03 -9.41590E-03 -9.39035E-03

338351 out of 512000 gridpoints are considered ( 66.1%).

...done!

 writing cube file quadrupole_expansion.cube                                                                                                                                                                                                                                                                                                                                                                                                                                                                                                                                                                                                                                                                                                                                                                                                                                                                                                                                                                                                                                       
Written cubefile and slice data
Running in analysis mode

Reading "/data/boittier/energies/h2o_geom.xyz.dir/h2o_102.chk.fchk.potential.cube"...

  h2o Potential=SCF
  Electrostatic potential from Total SCF Density
    3   -4.970736   -4.746045   -4.970736
   80    0.125841    0.000000    0.000000
   80    0.000000    0.125841    0.000000
   80    0.000000    0.000000    0.125841
    8    8.000000    0.000000    0.224691    0.000000
    1    1.000000    1.407508   -0.922177    0.000000
    1    1.000000   -1.407508   -0.875349    0.000000
  6.17401E-03  6.39620E-03  6.62535E-03  6.86146E-03  7.10448E-03  7.35433E-03
       .            .            .            .            .            .
       .            .            .            .            .            .
       .            .            .            .            .            .
 -6.84694E-03 -6.72570E-03 -6.60446E-03 -6.48338E-03 -6.36262E-03 -6.24234E-03

512000 out of 512000 gridpoints are considered (100.0%).

...done!

Reading "/home/boittier/esp_check/quadrupole_expansion.cube"...

  Fitted ESP
  Electrostatic potential fitted from quadrupole expansion.
    3   -4.970736   -4.746045   -4.970736
   80    0.125841    0.000000    0.000000
   80    0.000000    0.125841    0.000000
   80    0.000000    0.000000    0.125841
    8    8.000000    0.000000    0.224691    0.000000
    1    1.000000    1.407508   -0.922177    0.000000
    1    1.000000   -1.407508   -0.875349    0.000000
  6.11801E-03  6.33406E-03  6.55667E-03  6.78581E-03  7.02143E-03  7.26344E-03
       .            .            .            .            .            .
       .            .            .            .            .            .
       .            .            .            .            .            .
 -6.79703E-03 -6.68075E-03 -6.56418E-03 -6.44749E-03 -6.33085E-03 -6.21441E-03

512000 out of 512000 gridpoints are considered (100.0%).

...done!

                       Measure       RMSE[kcal/mol/e]   MaxError[kcal/mol/e]   NPoints
                         Total        6.753412526E-01        4.700736183E+00    407733
Close (  1.20 < r <   1.66 )          1.068286719E+00        4.700736183E+00    143099
Mid-range ( 1.66 < r <  2.20)         3.332473212E-01        1.056725946E+00    195252
Far-range (  2.20         < r)        1.181149827E-01        3.194650707E-01     69382
Did analysis and wrote slice data
