/home/boittier/esp_check
h2o_1582
/data/boittier/energies/h2o_geom.xyz.dir
Read multipoles for 3 atoms with max. rank 2
Running in generate mode

Reading "/data/boittier/energies/h2o_geom.xyz.dir/h2o_1582.chk.fchk.potential.cube"...

  h2o Potential=SCF
  Electrostatic potential from Total SCF Density
    3   -4.970736   -4.760836   -4.970736
   80    0.125841    0.000000    0.000000
   80    0.000000    0.125841    0.000000
   80    0.000000    0.000000    0.125841
    8    8.000000    0.000000    0.209900    0.000000
    1    1.000000    1.523653   -0.777398    0.000000
    1    1.000000   -1.523653   -0.901802    0.000000
  1.64617E-02  1.66421E-02  1.67947E-02  1.69184E-02  1.70122E-02  1.70752E-02
       .            .            .            .            .            .
       .            .            .            .            .            .
       .            .            .            .            .            .
 -7.79551E-03 -7.79310E-03 -7.78824E-03 -7.78091E-03 -7.77104E-03 -7.75855E-03

337544 out of 512000 gridpoints are considered ( 65.9%).

...done!

 writing cube file quadrupole_expansion.cube                                                                                                                                                                                                                                                                                                                                                                                                                                                                                                                                                                                                                                                                                                                                                                                                                                                                                                                                                                                                                                       
Written cubefile and slice data
Running in analysis mode

Reading "/data/boittier/energies/h2o_geom.xyz.dir/h2o_1582.chk.fchk.potential.cube"...

  h2o Potential=SCF
  Electrostatic potential from Total SCF Density
    3   -4.970736   -4.760836   -4.970736
   80    0.125841    0.000000    0.000000
   80    0.000000    0.125841    0.000000
   80    0.000000    0.000000    0.125841
    8    8.000000    0.000000    0.209900    0.000000
    1    1.000000    1.523653   -0.777398    0.000000
    1    1.000000   -1.523653   -0.901802    0.000000
  5.97594E-03  6.20152E-03  6.43459E-03  6.67519E-03  6.92328E-03  7.17881E-03
       .            .            .            .            .            .
       .            .            .            .            .            .
       .            .            .            .            .            .
 -6.23721E-03 -6.13377E-03 -6.03001E-03 -5.92608E-03 -5.82211E-03 -5.71826E-03

512000 out of 512000 gridpoints are considered (100.0%).

...done!

Reading "/home/boittier/esp_check/quadrupole_expansion.cube"...

  Fitted ESP
  Electrostatic potential fitted from quadrupole expansion.
    3   -4.970736   -4.760836   -4.970736
   80    0.125841    0.000000    0.000000
   80    0.000000    0.125841    0.000000
   80    0.000000    0.000000    0.125841
    8    8.000000    0.000000    0.209900    0.000000
    1    1.000000    1.523653   -0.777398    0.000000
    1    1.000000   -1.523653   -0.901802    0.000000
  5.90661E-03  6.12542E-03  6.35131E-03  6.58425E-03  6.82424E-03  7.07120E-03
       .            .            .            .            .            .
       .            .            .            .            .            .
       .            .            .            .            .            .
 -6.17051E-03 -6.07264E-03 -5.97415E-03 -5.87519E-03 -5.77591E-03 -5.67646E-03

512000 out of 512000 gridpoints are considered (100.0%).

...done!

                       Measure       RMSE[kcal/mol/e]   MaxError[kcal/mol/e]   NPoints
                         Total        7.021166245E-01        4.697912391E+00    406596
Close (  1.20 < r <   1.66 )          1.108770282E+00        4.697912391E+00    143336
Mid-range ( 1.66 < r <  2.20)         3.454937335E-01        1.160327759E+00    194208
Far-range (  2.20         < r)        1.229419345E-01        3.305908136E-01     69052
Did analysis and wrote slice data
