/home/boittier/esp_check
h2o_930
/data/boittier/energies/h2o_geom.xyz.dir
Read multipoles for 3 atoms with max. rank 2
Running in generate mode

Reading "/data/boittier/energies/h2o_geom.xyz.dir/h2o_930.chk.fchk.potential.cube"...

  h2o Potential=SCF
  Electrostatic potential from Total SCF Density
    3   -4.970736   -4.753171   -4.970736
   80    0.125841    0.000000    0.000000
   80    0.000000    0.125841    0.000000
   80    0.000000    0.000000    0.125841
    8    8.000000    0.000000    0.217564    0.000000
    1    1.000000    1.404808   -0.928254    0.000000
    1    1.000000   -1.404808   -0.812261    0.000000
  1.62979E-02  1.64143E-02  1.65026E-02  1.65618E-02  1.65915E-02  1.65915E-02
       .            .            .            .            .            .
       .            .            .            .            .            .
       .            .            .            .            .            .
 -9.51382E-03 -9.50854E-03 -9.49797E-03 -9.48213E-03 -9.46099E-03 -9.43458E-03

338543 out of 512000 gridpoints are considered ( 66.1%).

...done!

 writing cube file quadrupole_expansion.cube                                                                                                                                                                                                                                                                                                                                                                                                                                                                                                                                                                                                                                                                                                                                                                                                                                                                                                                                                                                                                                       
Written cubefile and slice data
Running in analysis mode

Reading "/data/boittier/energies/h2o_geom.xyz.dir/h2o_930.chk.fchk.potential.cube"...

  h2o Potential=SCF
  Electrostatic potential from Total SCF Density
    3   -4.970736   -4.753171   -4.970736
   80    0.125841    0.000000    0.000000
   80    0.000000    0.125841    0.000000
   80    0.000000    0.000000    0.125841
    8    8.000000    0.000000    0.217564    0.000000
    1    1.000000    1.404808   -0.928254    0.000000
    1    1.000000   -1.404808   -0.812261    0.000000
  6.02551E-03  6.24068E-03  6.46250E-03  6.69096E-03  6.92599E-03  7.16752E-03
       .            .            .            .            .            .
       .            .            .            .            .            .
       .            .            .            .            .            .
 -6.83786E-03 -6.71561E-03 -6.59340E-03 -6.47140E-03 -6.34978E-03 -6.22868E-03

512000 out of 512000 gridpoints are considered (100.0%).

...done!

Reading "/home/boittier/esp_check/quadrupole_expansion.cube"...

  Fitted ESP
  Electrostatic potential fitted from quadrupole expansion.
    3   -4.970736   -4.753171   -4.970736
   80    0.125841    0.000000    0.000000
   80    0.000000    0.125841    0.000000
   80    0.000000    0.000000    0.125841
    8    8.000000    0.000000    0.217564    0.000000
    1    1.000000    1.404808   -0.928254    0.000000
    1    1.000000   -1.404808   -0.812261    0.000000
  5.97136E-03  6.18058E-03  6.39605E-03  6.61775E-03  6.84560E-03  7.07951E-03
       .            .            .            .            .            .
       .            .            .            .            .            .
       .            .            .            .            .            .
 -6.78980E-03 -6.67240E-03 -6.55477E-03 -6.43707E-03 -6.31947E-03 -6.20212E-03

512000 out of 512000 gridpoints are considered (100.0%).

...done!

                       Measure       RMSE[kcal/mol/e]   MaxError[kcal/mol/e]   NPoints
                         Total        6.805405688E-01        4.681408892E+00    408271
Close (  1.20 < r <   1.66 )          1.078002825E+00        4.681408892E+00    142806
Mid-range ( 1.66 < r <  2.20)         3.362356846E-01        1.054843417E+00    195737
Far-range (  2.20         < r)        1.198997458E-01        3.207075394E-01     69728
Did analysis and wrote slice data
