/home/boittier/esp_check
h2o_1525
/data/boittier/energies/h2o_geom.xyz.dir
Read multipoles for 3 atoms with max. rank 2
Running in generate mode

Reading "/data/boittier/energies/h2o_geom.xyz.dir/h2o_1525.chk.fchk.potential.cube"...

  h2o Potential=SCF
  Electrostatic potential from Total SCF Density
    3   -4.970736   -4.750668   -4.970736
   80    0.125841    0.000000    0.000000
   80    0.000000    0.125841    0.000000
   80    0.000000    0.000000    0.125841
    8    8.000000    0.000000    0.220068    0.000000
    1    1.000000    1.396163   -0.950843    0.000000
    1    1.000000   -1.396163   -0.809699    0.000000
  1.64161E-02  1.65039E-02  1.65629E-02  1.65925E-02  1.65925E-02  1.65629E-02
       .            .            .            .            .            .
       .            .            .            .            .            .
       .            .            .            .            .            .
 -9.72830E-03 -9.72270E-03 -9.71152E-03 -9.69475E-03 -9.67240E-03 -9.64447E-03

338534 out of 512000 gridpoints are considered ( 66.1%).

...done!

 writing cube file quadrupole_expansion.cube                                                                                                                                                                                                                                                                                                                                                                                                                                                                                                                                                                                                                                                                                                                                                                                                                                                                                                                                                                                                                                       
Written cubefile and slice data
Running in analysis mode

Reading "/data/boittier/energies/h2o_geom.xyz.dir/h2o_1525.chk.fchk.potential.cube"...

  h2o Potential=SCF
  Electrostatic potential from Total SCF Density
    3   -4.970736   -4.750668   -4.970736
   80    0.125841    0.000000    0.000000
   80    0.000000    0.125841    0.000000
   80    0.000000    0.000000    0.125841
    8    8.000000    0.000000    0.220068    0.000000
    1    1.000000    1.396163   -0.950843    0.000000
    1    1.000000   -1.396163   -0.809699    0.000000
  6.05984E-03  6.27527E-03  6.49732E-03  6.72598E-03  6.96118E-03  7.20284E-03
       .            .            .            .            .            .
       .            .            .            .            .            .
       .            .            .            .            .            .
 -6.92348E-03 -6.79900E-03 -6.67459E-03 -6.55043E-03 -6.42669E-03 -6.30350E-03

512000 out of 512000 gridpoints are considered (100.0%).

...done!

Reading "/home/boittier/esp_check/quadrupole_expansion.cube"...

  Fitted ESP
  Electrostatic potential fitted from quadrupole expansion.
    3   -4.970736   -4.750668   -4.970736
   80    0.125841    0.000000    0.000000
   80    0.000000    0.125841    0.000000
   80    0.000000    0.000000    0.125841
    8    8.000000    0.000000    0.220068    0.000000
    1    1.000000    1.396163   -0.950843    0.000000
    1    1.000000   -1.396163   -0.809699    0.000000
  6.00741E-03  6.21696E-03  6.43275E-03  6.65472E-03  6.88282E-03  7.11695E-03
       .            .            .            .            .            .
       .            .            .            .            .            .
       .            .            .            .            .            .
 -6.87782E-03 -6.75811E-03 -6.63819E-03 -6.51824E-03 -6.39843E-03 -6.27892E-03

512000 out of 512000 gridpoints are considered (100.0%).

...done!

                       Measure       RMSE[kcal/mol/e]   MaxError[kcal/mol/e]   NPoints
                         Total        6.770010053E-01        4.684985696E+00    408218
Close (  1.20 < r <   1.66 )          1.072358307E+00        4.684985696E+00    142790
Mid-range ( 1.66 < r <  2.20)         3.345592739E-01        1.049886093E+00    195744
Far-range (  2.20         < r)        1.190365393E-01        3.197097994E-01     69684
Did analysis and wrote slice data
