/home/boittier/esp_check
h2o_1184
/data/boittier/energies/h2o_geom.xyz.dir
Read multipoles for 3 atoms with max. rank 2
Running in generate mode

Reading "/data/boittier/energies/h2o_geom.xyz.dir/h2o_1184.chk.fchk.potential.cube"...

  h2o Potential=SCF
  Electrostatic potential from Total SCF Density
    3   -4.970736   -4.753269   -4.970736
   80    0.125841    0.000000    0.000000
   80    0.000000    0.125841    0.000000
   80    0.000000    0.000000    0.125841
    8    8.000000    0.000000    0.217466    0.000000
    1    1.000000    1.481260   -0.823661    0.000000
    1    1.000000   -1.481260   -0.916070    0.000000
  1.64955E-02  1.66736E-02  1.68244E-02  1.69466E-02  1.70392E-02  1.71013E-02
       .            .            .            .            .            .
       .            .            .            .            .            .
       .            .            .            .            .            .
 -8.37494E-03 -8.37159E-03 -8.36489E-03 -8.35480E-03 -8.34127E-03 -8.32426E-03

337806 out of 512000 gridpoints are considered ( 66.0%).

...done!

 writing cube file quadrupole_expansion.cube                                                                                                                                                                                                                                                                                                                                                                                                                                                                                                                                                                                                                                                                                                                                                                                                                                                                                                                                                                                                                                       
Written cubefile and slice data
Running in analysis mode

Reading "/data/boittier/energies/h2o_geom.xyz.dir/h2o_1184.chk.fchk.potential.cube"...

  h2o Potential=SCF
  Electrostatic potential from Total SCF Density
    3   -4.970736   -4.753269   -4.970736
   80    0.125841    0.000000    0.000000
   80    0.000000    0.125841    0.000000
   80    0.000000    0.000000    0.125841
    8    8.000000    0.000000    0.217466    0.000000
    1    1.000000    1.481260   -0.823661    0.000000
    1    1.000000   -1.481260   -0.916070    0.000000
  6.09421E-03  6.32085E-03  6.55490E-03  6.79639E-03  7.04527E-03  7.30148E-03
       .            .            .            .            .            .
       .            .            .            .            .            .
       .            .            .            .            .            .
 -6.45231E-03 -6.34284E-03 -6.23316E-03 -6.12341E-03 -6.01374E-03 -5.90430E-03

512000 out of 512000 gridpoints are considered (100.0%).

...done!

Reading "/home/boittier/esp_check/quadrupole_expansion.cube"...

  Fitted ESP
  Electrostatic potential fitted from quadrupole expansion.
    3   -4.970736   -4.753269   -4.970736
   80    0.125841    0.000000    0.000000
   80    0.000000    0.125841    0.000000
   80    0.000000    0.000000    0.125841
    8    8.000000    0.000000    0.217466    0.000000
    1    1.000000    1.481260   -0.823661    0.000000
    1    1.000000   -1.481260   -0.916070    0.000000
  6.02884E-03  6.24888E-03  6.47589E-03  6.70989E-03  6.95084E-03  7.19866E-03
       .            .            .            .            .            .
       .            .            .            .            .            .
       .            .            .            .            .            .
 -6.39051E-03 -6.28645E-03 -6.18187E-03 -6.07694E-03 -5.97180E-03 -5.86661E-03

512000 out of 512000 gridpoints are considered (100.0%).

...done!

                       Measure       RMSE[kcal/mol/e]   MaxError[kcal/mol/e]   NPoints
                         Total        6.919873573E-01        4.699920421E+00    406864
Close (  1.20 < r <   1.66 )          1.092975967E+00        4.699920421E+00    143308
Mid-range ( 1.66 < r <  2.20)         3.410303170E-01        1.117343361E+00    194498
Far-range (  2.20         < r)        1.209192778E-01        3.252005072E-01     69058
Did analysis and wrote slice data
