/home/boittier/esp_check
h2o_1638
/data/boittier/energies/h2o_geom.xyz.dir
Read multipoles for 3 atoms with max. rank 2
Running in generate mode

Reading "/data/boittier/energies/h2o_geom.xyz.dir/h2o_1638.chk.fchk.potential.cube"...

  h2o Potential=SCF
  Electrostatic potential from Total SCF Density
    3   -4.970736   -4.752783   -4.970736
   80    0.125841    0.000000    0.000000
   80    0.000000    0.125841    0.000000
   80    0.000000    0.000000    0.125841
    8    8.000000    0.000000    0.217953    0.000000
    1    1.000000    1.351940   -1.009175    0.000000
    1    1.000000   -1.351940   -0.734445    0.000000
  1.61907E-02  1.62776E-02  1.63359E-02  1.63652E-02  1.63652E-02  1.63359E-02
       .            .            .            .            .            .
       .            .            .            .            .            .
       .            .            .            .            .            .
 -1.03230E-02 -1.03164E-02 -1.03032E-02 -1.02834E-02 -1.02571E-02 -1.02242E-02

338957 out of 512000 gridpoints are considered ( 66.2%).

...done!

 writing cube file quadrupole_expansion.cube                                                                                                                                                                                                                                                                                                                                                                                                                                                                                                                                                                                                                                                                                                                                                                                                                                                                                                                                                                                                                                       
Written cubefile and slice data
Running in analysis mode

Reading "/data/boittier/energies/h2o_geom.xyz.dir/h2o_1638.chk.fchk.potential.cube"...

  h2o Potential=SCF
  Electrostatic potential from Total SCF Density
    3   -4.970736   -4.752783   -4.970736
   80    0.125841    0.000000    0.000000
   80    0.000000    0.125841    0.000000
   80    0.000000    0.000000    0.125841
    8    8.000000    0.000000    0.217953    0.000000
    1    1.000000    1.351940   -1.009175    0.000000
    1    1.000000   -1.351940   -0.734445    0.000000
  5.99520E-03  6.20333E-03  6.41763E-03  6.63805E-03  6.86454E-03  7.09699E-03
       .            .            .            .            .            .
       .            .            .            .            .            .
       .            .            .            .            .            .
 -7.11906E-03 -6.98789E-03 -6.85693E-03 -6.72637E-03 -6.59638E-03 -6.46710E-03

512000 out of 512000 gridpoints are considered (100.0%).

...done!

Reading "/home/boittier/esp_check/quadrupole_expansion.cube"...

  Fitted ESP
  Electrostatic potential fitted from quadrupole expansion.
    3   -4.970736   -4.752783   -4.970736
   80    0.125841    0.000000    0.000000
   80    0.000000    0.125841    0.000000
   80    0.000000    0.000000    0.125841
    8    8.000000    0.000000    0.217953    0.000000
    1    1.000000    1.351940   -1.009175    0.000000
    1    1.000000   -1.351940   -0.734445    0.000000
  5.95024E-03  6.15296E-03  6.36148E-03  6.57574E-03  6.79567E-03  7.02116E-03
       .            .            .            .            .            .
       .            .            .            .            .            .
       .            .            .            .            .            .
 -7.08214E-03 -6.95535E-03 -6.82851E-03 -6.70180E-03 -6.57539E-03 -6.44945E-03

512000 out of 512000 gridpoints are considered (100.0%).

...done!

                       Measure       RMSE[kcal/mol/e]   MaxError[kcal/mol/e]   NPoints
                         Total        6.709409698E-01        4.674067031E+00    409084
Close (  1.20 < r <   1.66 )          1.065270048E+00        4.674067031E+00    142299
Mid-range ( 1.66 < r <  2.20)         3.320891606E-01        1.040542477E+00    196658
Far-range (  2.20         < r)        1.185134112E-01        3.276101436E-01     70127
Did analysis and wrote slice data
