/home/boittier/esp_check
h2o_777
/data/boittier/energies/h2o_geom.xyz.dir
Read multipoles for 3 atoms with max. rank 2
Running in generate mode

Reading "/data/boittier/energies/h2o_geom.xyz.dir/h2o_777.chk.fchk.potential.cube"...

  h2o Potential=SCF
  Electrostatic potential from Total SCF Density
    3   -4.970736   -4.754162   -4.970736
   80    0.125841    0.000000    0.000000
   80    0.000000    0.125841    0.000000
   80    0.000000    0.000000    0.125841
    8    8.000000    0.000000    0.216573    0.000000
    1    1.000000    1.469400   -0.840560    0.000000
    1    1.000000   -1.469400   -0.892027    0.000000
  1.64479E-02  1.65952E-02  1.67145E-02  1.68049E-02  1.68656E-02  1.68961E-02
       .            .            .            .            .            .
       .            .            .            .            .            .
       .            .            .            .            .            .
 -8.56054E-03 -8.55687E-03 -8.54950E-03 -8.53842E-03 -8.52359E-03 -8.50497E-03

337981 out of 512000 gridpoints are considered ( 66.0%).

...done!

 writing cube file quadrupole_expansion.cube                                                                                                                                                                                                                                                                                                                                                                                                                                                                                                                                                                                                                                                                                                                                                                                                                                                                                                                                                                                                                                       
Written cubefile and slice data
Running in analysis mode

Reading "/data/boittier/energies/h2o_geom.xyz.dir/h2o_777.chk.fchk.potential.cube"...

  h2o Potential=SCF
  Electrostatic potential from Total SCF Density
    3   -4.970736   -4.754162   -4.970736
   80    0.125841    0.000000    0.000000
   80    0.000000    0.125841    0.000000
   80    0.000000    0.000000    0.125841
    8    8.000000    0.000000    0.216573    0.000000
    1    1.000000    1.469400   -0.840560    0.000000
    1    1.000000   -1.469400   -0.892027    0.000000
  6.06197E-03  6.28578E-03  6.51684E-03  6.75515E-03  7.00069E-03  7.25337E-03
       .            .            .            .            .            .
       .            .            .            .            .            .
       .            .            .            .            .            .
 -6.51181E-03 -6.40017E-03 -6.28837E-03 -6.17655E-03 -6.06488E-03 -5.95348E-03

512000 out of 512000 gridpoints are considered (100.0%).

...done!

Reading "/home/boittier/esp_check/quadrupole_expansion.cube"...

  Fitted ESP
  Electrostatic potential fitted from quadrupole expansion.
    3   -4.970736   -4.754162   -4.970736
   80    0.125841    0.000000    0.000000
   80    0.000000    0.125841    0.000000
   80    0.000000    0.000000    0.125841
    8    8.000000    0.000000    0.216573    0.000000
    1    1.000000    1.469400   -0.840560    0.000000
    1    1.000000   -1.469400   -0.892027    0.000000
  5.99842E-03  6.21574E-03  6.43988E-03  6.67084E-03  6.90857E-03  7.15300E-03
       .            .            .            .            .            .
       .            .            .            .            .            .
       .            .            .            .            .            .
 -6.45223E-03 -6.34592E-03 -6.23914E-03 -6.13206E-03 -6.02483E-03 -5.91760E-03

512000 out of 512000 gridpoints are considered (100.0%).

...done!

                       Measure       RMSE[kcal/mol/e]   MaxError[kcal/mol/e]   NPoints
                         Total        6.910164822E-01        4.695088598E+00    407163
Close (  1.20 < r <   1.66 )          1.092198668E+00        4.695088598E+00    143177
Mid-range ( 1.66 < r <  2.20)         3.407161134E-01        1.108871983E+00    194804
Far-range (  2.20         < r)        1.209478323E-01        3.236631090E-01     69182
Did analysis and wrote slice data
