/home/boittier/esp_check
h2o_560
/data/boittier/energies/h2o_geom.xyz.dir
Read multipoles for 3 atoms with max. rank 2
Running in generate mode

Reading "/data/boittier/energies/h2o_geom.xyz.dir/h2o_560.chk.fchk.potential.cube"...

  h2o Potential=SCF
  Electrostatic potential from Total SCF Density
    3   -4.970736   -4.745535   -4.970736
   80    0.125841    0.000000    0.000000
   80    0.000000    0.125841    0.000000
   80    0.000000    0.000000    0.125841
    8    8.000000    0.000000    0.225200    0.000000
    1    1.000000    1.407320   -0.922343    0.000000
    1    1.000000   -1.407320   -0.879258    0.000000
  1.67190E-02  1.67190E-02  1.65371E-02  1.67154E-02  1.68663E-02  1.69886E-02
       .            .            .            .            .            .
       .            .            .            .            .            .
       .            .            .            .            .            .
 -9.46953E-03 -9.46442E-03 -9.45422E-03 -9.43890E-03 -9.41848E-03 -9.39293E-03

338350 out of 512000 gridpoints are considered ( 66.1%).

...done!

 writing cube file quadrupole_expansion.cube                                                                                                                                                                                                                                                                                                                                                                                                                                                                                                                                                                                                                                                                                                                                                                                                                                                                                                                                                                                                                                       
Written cubefile and slice data
Running in analysis mode

Reading "/data/boittier/energies/h2o_geom.xyz.dir/h2o_560.chk.fchk.potential.cube"...

  h2o Potential=SCF
  Electrostatic potential from Total SCF Density
    3   -4.970736   -4.745535   -4.970736
   80    0.125841    0.000000    0.000000
   80    0.000000    0.125841    0.000000
   80    0.000000    0.000000    0.125841
    8    8.000000    0.000000    0.225200    0.000000
    1    1.000000    1.407320   -0.922343    0.000000
    1    1.000000   -1.407320   -0.879258    0.000000
  6.18389E-03  6.40651E-03  6.63611E-03  6.87269E-03  7.11621E-03  7.36656E-03
       .            .            .            .            .            .
       .            .            .            .            .            .
       .            .            .            .            .            .
 -6.84953E-03 -6.72830E-03 -6.60706E-03 -6.48599E-03 -6.36523E-03 -6.24495E-03

512000 out of 512000 gridpoints are considered (100.0%).

...done!

Reading "/home/boittier/esp_check/quadrupole_expansion.cube"...

  Fitted ESP
  Electrostatic potential fitted from quadrupole expansion.
    3   -4.970736   -4.745535   -4.970736
   80    0.125841    0.000000    0.000000
   80    0.000000    0.125841    0.000000
   80    0.000000    0.000000    0.125841
    8    8.000000    0.000000    0.225200    0.000000
    1    1.000000    1.407320   -0.922343    0.000000
    1    1.000000   -1.407320   -0.879258    0.000000
  6.12783E-03  6.34431E-03  6.56736E-03  6.79697E-03  7.03307E-03  7.27558E-03
       .            .            .            .            .            .
       .            .            .            .            .            .
       .            .            .            .            .            .
 -6.79959E-03 -6.68332E-03 -6.56676E-03 -6.45007E-03 -6.33343E-03 -6.21700E-03

512000 out of 512000 gridpoints are considered (100.0%).

...done!

                       Measure       RMSE[kcal/mol/e]   MaxError[kcal/mol/e]   NPoints
                         Total        6.748685488E-01        4.701802949E+00    407704
Close (  1.20 < r <   1.66 )          1.067434107E+00        4.701802949E+00    143124
Mid-range ( 1.66 < r <  2.20)         3.329765440E-01        1.056537693E+00    195226
Far-range (  2.20         < r)        1.179404404E-01        3.195278216E-01     69354
Did analysis and wrote slice data
