/home/boittier/esp_check
h2o_939
/data/boittier/energies/h2o_geom.xyz.dir
Read multipoles for 3 atoms with max. rank 2
Running in generate mode

Reading "/data/boittier/energies/h2o_geom.xyz.dir/h2o_939.chk.fchk.potential.cube"...

  h2o Potential=SCF
  Electrostatic potential from Total SCF Density
    3   -4.970736   -4.745375   -4.970736
   80    0.125841    0.000000    0.000000
   80    0.000000    0.125841    0.000000
   80    0.000000    0.000000    0.125841
    8    8.000000    0.000000    0.225361    0.000000
    1    1.000000    1.454966   -0.858472    0.000000
    1    1.000000   -1.454966   -0.944413    0.000000
  1.66915E-02  1.68708E-02  1.70226E-02  1.71456E-02  1.72387E-02  1.73013E-02
       .            .            .            .            .            .
       .            .            .            .            .            .
       .            .            .            .            .            .
 -8.77623E-03 -8.77229E-03 -8.76441E-03 -8.75257E-03 -8.73673E-03 -8.71685E-03

337899 out of 512000 gridpoints are considered ( 66.0%).

...done!

 writing cube file quadrupole_expansion.cube                                                                                                                                                                                                                                                                                                                                                                                                                                                                                                                                                                                                                                                                                                                                                                                                                                                                                                                                                                                                                                       
Written cubefile and slice data
Running in analysis mode

Reading "/data/boittier/energies/h2o_geom.xyz.dir/h2o_939.chk.fchk.potential.cube"...

  h2o Potential=SCF
  Electrostatic potential from Total SCF Density
    3   -4.970736   -4.745375   -4.970736
   80    0.125841    0.000000    0.000000
   80    0.000000    0.125841    0.000000
   80    0.000000    0.000000    0.125841
    8    8.000000    0.000000    0.225361    0.000000
    1    1.000000    1.454966   -0.858472    0.000000
    1    1.000000   -1.454966   -0.944413    0.000000
  6.22229E-03  6.45198E-03  6.68914E-03  6.93378E-03  7.18586E-03  7.44533E-03
       .            .            .            .            .            .
       .            .            .            .            .            .
       .            .            .            .            .            .
 -6.61304E-03 -6.49959E-03 -6.38598E-03 -6.27237E-03 -6.15890E-03 -6.04573E-03

512000 out of 512000 gridpoints are considered (100.0%).

...done!

Reading "/home/boittier/esp_check/quadrupole_expansion.cube"...

  Fitted ESP
  Electrostatic potential fitted from quadrupole expansion.
    3   -4.970736   -4.745375   -4.970736
   80    0.125841    0.000000    0.000000
   80    0.000000    0.125841    0.000000
   80    0.000000    0.000000    0.125841
    8    8.000000    0.000000    0.225361    0.000000
    1    1.000000    1.454966   -0.858472    0.000000
    1    1.000000   -1.454966   -0.944413    0.000000
  6.15967E-03  6.38284E-03  6.61304E-03  6.85028E-03  7.09451E-03  7.34567E-03
       .            .            .            .            .            .
       .            .            .            .            .            .
       .            .            .            .            .            .
 -6.55491E-03 -6.44674E-03 -6.33812E-03 -6.22920E-03 -6.12014E-03 -6.01111E-03

512000 out of 512000 gridpoints are considered (100.0%).

...done!

                       Measure       RMSE[kcal/mol/e]   MaxError[kcal/mol/e]   NPoints
                         Total        6.821984830E-01        4.713035369E+00    406817
Close (  1.20 < r <   1.66 )          1.077046061E+00        4.713035369E+00    143445
Mid-range ( 1.66 < r <  2.20)         3.360575678E-01        1.084461864E+00    194454
Far-range (  2.20         < r)        1.186157007E-01        3.248616521E-01     68918
Did analysis and wrote slice data
