/home/boittier/esp_check
h2o_1607
/data/boittier/energies/h2o_geom.xyz.dir
Read multipoles for 3 atoms with max. rank 2
Running in generate mode

Reading "/data/boittier/energies/h2o_geom.xyz.dir/h2o_1607.chk.fchk.potential.cube"...

  h2o Potential=SCF
  Electrostatic potential from Total SCF Density
    3   -4.970736   -4.736977   -4.970736
   80    0.125841    0.000000    0.000000
   80    0.000000    0.125841    0.000000
   80    0.000000    0.000000    0.125841
    8    8.000000    0.000000    0.233758    0.000000
    1    1.000000    1.453749   -0.850356    0.000000
    1    1.000000   -1.453749   -1.019710    0.000000
  1.70009E-02  1.71507E-02  1.72720E-02  1.73639E-02  1.74256E-02  1.74566E-02
       .            .            .            .            .            .
       .            .            .            .            .            .
       .            .            .            .            .            .
 -8.71371E-03 -8.70997E-03 -8.70247E-03 -8.69120E-03 -8.67611E-03 -8.65716E-03

337715 out of 512000 gridpoints are considered ( 66.0%).

...done!

 writing cube file quadrupole_expansion.cube                                                                                                                                                                                                                                                                                                                                                                                                                                                                                                                                                                                                                                                                                                                                                                                                                                                                                                                                                                                                                                       
Written cubefile and slice data
Running in analysis mode

Reading "/data/boittier/energies/h2o_geom.xyz.dir/h2o_1607.chk.fchk.potential.cube"...

  h2o Potential=SCF
  Electrostatic potential from Total SCF Density
    3   -4.970736   -4.736977   -4.970736
   80    0.125841    0.000000    0.000000
   80    0.000000    0.125841    0.000000
   80    0.000000    0.000000    0.125841
    8    8.000000    0.000000    0.233758    0.000000
    1    1.000000    1.453749   -0.850356    0.000000
    1    1.000000   -1.453749   -1.019710    0.000000
  6.38130E-03  6.61887E-03  6.86431E-03  7.11761E-03  7.37876E-03  7.64771E-03
       .            .            .            .            .            .
       .            .            .            .            .            .
       .            .            .            .            .            .
 -6.61296E-03 -6.50083E-03 -6.38849E-03 -6.27608E-03 -6.16377E-03 -6.05170E-03

512000 out of 512000 gridpoints are considered (100.0%).

...done!

Reading "/home/boittier/esp_check/quadrupole_expansion.cube"...

  Fitted ESP
  Electrostatic potential fitted from quadrupole expansion.
    3   -4.970736   -4.736977   -4.970736
   80    0.125841    0.000000    0.000000
   80    0.000000    0.125841    0.000000
   80    0.000000    0.000000    0.125841
    8    8.000000    0.000000    0.233758    0.000000
    1    1.000000    1.453749   -0.850356    0.000000
    1    1.000000   -1.453749   -1.019710    0.000000
  6.31786E-03  6.54879E-03  6.78712E-03  7.03287E-03  7.28600E-03  7.54647E-03
       .            .            .            .            .            .
       .            .            .            .            .            .
       .            .            .            .            .            .
 -6.55385E-03 -6.44703E-03 -6.33971E-03 -6.23204E-03 -6.12417E-03 -6.01627E-03

512000 out of 512000 gridpoints are considered (100.0%).

...done!

                       Measure       RMSE[kcal/mol/e]   MaxError[kcal/mol/e]   NPoints
                         Total        6.745725855E-01        4.725334554E+00    406207
Close (  1.20 < r <   1.66 )          1.063178147E+00        4.725334554E+00    143853
Mid-range ( 1.66 < r <  2.20)         3.315958513E-01        1.083457849E+00    193862
Far-range (  2.20         < r)        1.161228971E-01        3.271206862E-01     68492
Did analysis and wrote slice data
