/home/boittier/esp_check
h2o_1429
/data/boittier/energies/h2o_geom.xyz.dir
Read multipoles for 3 atoms with max. rank 2
Running in generate mode

Reading "/data/boittier/energies/h2o_geom.xyz.dir/h2o_1429.chk.fchk.potential.cube"...

  h2o Potential=SCF
  Electrostatic potential from Total SCF Density
    3   -4.970736   -4.752886   -4.970736
   80    0.125841    0.000000    0.000000
   80    0.000000    0.125841    0.000000
   80    0.000000    0.000000    0.125841
    8    8.000000    0.000000    0.217850    0.000000
    1    1.000000    1.349602   -1.009479    0.000000
    1    1.000000   -1.349602   -0.733321    0.000000
  1.61750E-02  1.62617E-02  1.63199E-02  1.63491E-02  1.63491E-02  1.63199E-02
       .            .            .            .            .            .
       .            .            .            .            .            .
       .            .            .            .            .            .
 -1.03325E-02 -1.03258E-02 -1.03126E-02 -1.02928E-02 -1.02664E-02 -1.02334E-02

338988 out of 512000 gridpoints are considered ( 66.2%).

...done!

 writing cube file quadrupole_expansion.cube                                                                                                                                                                                                                                                                                                                                                                                                                                                                                                                                                                                                                                                                                                                                                                                                                                                                                                                                                                                                                                       
Written cubefile and slice data
Running in analysis mode

Reading "/data/boittier/energies/h2o_geom.xyz.dir/h2o_1429.chk.fchk.potential.cube"...

  h2o Potential=SCF
  Electrostatic potential from Total SCF Density
    3   -4.970736   -4.752886   -4.970736
   80    0.125841    0.000000    0.000000
   80    0.000000    0.125841    0.000000
   80    0.000000    0.000000    0.125841
    8    8.000000    0.000000    0.217850    0.000000
    1    1.000000    1.349602   -1.009479    0.000000
    1    1.000000   -1.349602   -0.733321    0.000000
  5.99526E-03  6.20324E-03  6.41738E-03  6.63763E-03  6.86394E-03  7.09619E-03
       .            .            .            .            .            .
       .            .            .            .            .            .
       .            .            .            .            .            .
 -7.12122E-03 -6.98994E-03 -6.85888E-03 -6.72822E-03 -6.59813E-03 -6.46876E-03

512000 out of 512000 gridpoints are considered (100.0%).

...done!

Reading "/home/boittier/esp_check/quadrupole_expansion.cube"...

  Fitted ESP
  Electrostatic potential fitted from quadrupole expansion.
    3   -4.970736   -4.752886   -4.970736
   80    0.125841    0.000000    0.000000
   80    0.000000    0.125841    0.000000
   80    0.000000    0.000000    0.125841
    8    8.000000    0.000000    0.217850    0.000000
    1    1.000000    1.349602   -1.009479    0.000000
    1    1.000000   -1.349602   -0.733321    0.000000
  5.95045E-03  6.15304E-03  6.36140E-03  6.57550E-03  6.79526E-03  7.02057E-03
       .            .            .            .            .            .
       .            .            .            .            .            .
       .            .            .            .            .            .
 -7.08444E-03 -6.95753E-03 -6.83058E-03 -6.70377E-03 -6.57726E-03 -6.45122E-03

512000 out of 512000 gridpoints are considered (100.0%).

...done!

                       Measure       RMSE[kcal/mol/e]   MaxError[kcal/mol/e]   NPoints
                         Total        6.707248281E-01        4.673314019E+00    409142
Close (  1.20 < r <   1.66 )          1.065059468E+00        4.673314019E+00    142285
Mid-range ( 1.66 < r <  2.20)         3.319502401E-01        1.040191071E+00    196703
Far-range (  2.20         < r)        1.185123769E-01        3.276540692E-01     70154
Did analysis and wrote slice data
