/home/boittier/esp_check
h2o_316
/data/boittier/energies/h2o_geom.xyz.dir
Read multipoles for 3 atoms with max. rank 2
Running in generate mode

Reading "/data/boittier/energies/h2o_geom.xyz.dir/h2o_316.chk.fchk.potential.cube"...

  h2o Potential=SCF
  Electrostatic potential from Total SCF Density
    3   -4.970736   -4.751821   -4.970736
   80    0.125841    0.000000    0.000000
   80    0.000000    0.125841    0.000000
   80    0.000000    0.000000    0.125841
    8    8.000000    0.000000    0.218915    0.000000
    1    1.000000    1.466760   -0.841528    0.000000
    1    1.000000   -1.466760   -0.909792    0.000000
  1.65937E-02  1.67427E-02  1.68634E-02  1.69548E-02  1.70163E-02  1.70471E-02
       .            .            .            .            .            .
       .            .            .            .            .            .
       .            .            .            .            .            .
 -8.58272E-03 -8.57903E-03 -8.57165E-03 -8.56054E-03 -8.54568E-03 -8.52701E-03

337901 out of 512000 gridpoints are considered ( 66.0%).

...done!

 writing cube file quadrupole_expansion.cube                                                                                                                                                                                                                                                                                                                                                                                                                                                                                                                                                                                                                                                                                                                                                                                                                                                                                                                                                                                                                                       
Written cubefile and slice data
Running in analysis mode

Reading "/data/boittier/energies/h2o_geom.xyz.dir/h2o_316.chk.fchk.potential.cube"...

  h2o Potential=SCF
  Electrostatic potential from Total SCF Density
    3   -4.970736   -4.751821   -4.970736
   80    0.125841    0.000000    0.000000
   80    0.000000    0.125841    0.000000
   80    0.000000    0.000000    0.125841
    8    8.000000    0.000000    0.218915    0.000000
    1    1.000000    1.466760   -0.841528    0.000000
    1    1.000000   -1.466760   -0.909792    0.000000
  6.10977E-03  6.33557E-03  6.56870E-03  6.80917E-03  7.05694E-03  7.31196E-03
       .            .            .            .            .            .
       .            .            .            .            .            .
       .            .            .            .            .            .
 -6.52648E-03 -6.41476E-03 -6.30287E-03 -6.19096E-03 -6.07918E-03 -5.96768E-03

512000 out of 512000 gridpoints are considered (100.0%).

...done!

Reading "/home/boittier/esp_check/quadrupole_expansion.cube"...

  Fitted ESP
  Electrostatic potential fitted from quadrupole expansion.
    3   -4.970736   -4.751821   -4.970736
   80    0.125841    0.000000    0.000000
   80    0.000000    0.125841    0.000000
   80    0.000000    0.000000    0.125841
    8    8.000000    0.000000    0.218915    0.000000
    1    1.000000    1.466760   -0.841528    0.000000
    1    1.000000   -1.466760   -0.909792    0.000000
  6.04611E-03  6.26538E-03  6.49156E-03  6.72464E-03  6.96457E-03  7.21129E-03
       .            .            .            .            .            .
       .            .            .            .            .            .
       .            .            .            .            .            .
 -6.46679E-03 -6.36041E-03 -6.25355E-03 -6.14638E-03 -6.03906E-03 -5.93174E-03

512000 out of 512000 gridpoints are considered (100.0%).

...done!

                       Measure       RMSE[kcal/mol/e]   MaxError[kcal/mol/e]   NPoints
                         Total        6.887595575E-01        4.700673432E+00    407011
Close (  1.20 < r <   1.66 )          1.088231117E+00        4.700673432E+00    143229
Mid-range ( 1.66 < r <  2.20)         3.396801887E-01        1.102345884E+00    194672
Far-range (  2.20         < r)        1.203839077E-01        3.242090423E-01     69110
Did analysis and wrote slice data
