/home/boittier/esp_check
h2o_1109
/data/boittier/energies/h2o_geom.xyz.dir
Read multipoles for 3 atoms with max. rank 2
Running in generate mode

Reading "/data/boittier/energies/h2o_geom.xyz.dir/h2o_1109.chk.fchk.potential.cube"...

  h2o Potential=SCF
  Electrostatic potential from Total SCF Density
    3   -4.970736   -4.746863   -4.970736
   80    0.125841    0.000000    0.000000
   80    0.000000    0.125841    0.000000
   80    0.000000    0.000000    0.125841
    8    8.000000    0.000000    0.223872    0.000000
    1    1.000000    1.483009   -0.815651    0.000000
    1    1.000000   -1.483009   -0.975328    0.000000
  1.68476E-02  1.69670E-02  1.70575E-02  1.71182E-02  1.71488E-02  1.71488E-02
       .            .            .            .            .            .
       .            .            .            .            .            .
       .            .            .            .            .            .
 -8.30869E-03 -8.30554E-03 -8.29921E-03 -8.28967E-03 -8.27688E-03 -8.26078E-03

337694 out of 512000 gridpoints are considered ( 66.0%).

...done!

 writing cube file quadrupole_expansion.cube                                                                                                                                                                                                                                                                                                                                                                                                                                                                                                                                                                                                                                                                                                                                                                                                                                                                                                                                                                                                                                       
Written cubefile and slice data
Running in analysis mode

Reading "/data/boittier/energies/h2o_geom.xyz.dir/h2o_1109.chk.fchk.potential.cube"...

  h2o Potential=SCF
  Electrostatic potential from Total SCF Density
    3   -4.970736   -4.746863   -4.970736
   80    0.125841    0.000000    0.000000
   80    0.000000    0.125841    0.000000
   80    0.000000    0.000000    0.125841
    8    8.000000    0.000000    0.223872    0.000000
    1    1.000000    1.483009   -0.815651    0.000000
    1    1.000000   -1.483009   -0.975328    0.000000
  6.22740E-03  6.46069E-03  6.70171E-03  6.95049E-03  7.20700E-03  7.47120E-03
       .            .            .            .            .            .
       .            .            .            .            .            .
       .            .            .            .            .            .
 -6.44850E-03 -6.34025E-03 -6.23173E-03 -6.12310E-03 -6.01451E-03 -5.90610E-03

512000 out of 512000 gridpoints are considered (100.0%).

...done!

Reading "/home/boittier/esp_check/quadrupole_expansion.cube"...

  Fitted ESP
  Electrostatic potential fitted from quadrupole expansion.
    3   -4.970736   -4.746863   -4.970736
   80    0.125841    0.000000    0.000000
   80    0.000000    0.125841    0.000000
   80    0.000000    0.000000    0.125841
    8    8.000000    0.000000    0.223872    0.000000
    1    1.000000    1.483009   -0.815651    0.000000
    1    1.000000   -1.483009   -0.975328    0.000000
  6.16086E-03  6.38741E-03  6.62126E-03  6.86241E-03  7.11083E-03  7.36647E-03
       .            .            .            .            .            .
       .            .            .            .            .            .
       .            .            .            .            .            .
 -6.38532E-03 -6.28254E-03 -6.17919E-03 -6.07543E-03 -5.97143E-03 -5.86732E-03

512000 out of 512000 gridpoints are considered (100.0%).

...done!

                       Measure       RMSE[kcal/mol/e]   MaxError[kcal/mol/e]   NPoints
                         Total        6.873169693E-01        4.712470610E+00    406398
Close (  1.20 < r <   1.66 )          1.084084850E+00        4.712470610E+00    143646
Mid-range ( 1.66 < r <  2.20)         3.381610136E-01        1.103726405E+00    194048
Far-range (  2.20         < r)        1.191777341E-01        3.272587383E-01     68704
Did analysis and wrote slice data
