/home/boittier/esp_check
h2o_86
/data/boittier/energies/h2o_geom.xyz.dir
Read multipoles for 3 atoms with max. rank 2
Running in generate mode

Reading "/data/boittier/energies/h2o_geom.xyz.dir/h2o_86.chk.fchk.potential.cube"...

  h2o Potential=SCF
  Electrostatic potential from Total SCF Density
    3   -4.970736   -4.752787   -4.970736
   80    0.125841    0.000000    0.000000
   80    0.000000    0.125841    0.000000
   80    0.000000    0.000000    0.125841
    8    8.000000    0.000000    0.217949    0.000000
    1    1.000000    1.407300   -0.924930    0.000000
    1    1.000000   -1.407300   -0.818660    0.000000
  1.63544E-02  1.64715E-02  1.65603E-02  1.66199E-02  1.66498E-02  1.66498E-02
       .            .            .            .            .            .
       .            .            .            .            .            .
       .            .            .            .            .            .
 -9.47937E-03 -9.47416E-03 -9.46372E-03 -9.44806E-03 -9.42717E-03 -9.40106E-03

338506 out of 512000 gridpoints are considered ( 66.1%).

...done!

 writing cube file quadrupole_expansion.cube                                                                                                                                                                                                                                                                                                                                                                                                                                                                                                                                                                                                                                                                                                                                                                                                                                                                                                                                                                                                                                       
Written cubefile and slice data
Running in analysis mode

Reading "/data/boittier/energies/h2o_geom.xyz.dir/h2o_86.chk.fchk.potential.cube"...

  h2o Potential=SCF
  Electrostatic potential from Total SCF Density
    3   -4.970736   -4.752787   -4.970736
   80    0.125841    0.000000    0.000000
   80    0.000000    0.125841    0.000000
   80    0.000000    0.000000    0.125841
    8    8.000000    0.000000    0.217949    0.000000
    1    1.000000    1.407300   -0.924930    0.000000
    1    1.000000   -1.407300   -0.818660    0.000000
  6.03520E-03  6.25106E-03  6.47361E-03  6.70284E-03  6.93868E-03  7.18105E-03
       .            .            .            .            .            .
       .            .            .            .            .            .
       .            .            .            .            .            .
 -6.82760E-03 -6.70575E-03 -6.58394E-03 -6.46233E-03 -6.34109E-03 -6.22035E-03

512000 out of 512000 gridpoints are considered (100.0%).

...done!

Reading "/home/boittier/esp_check/quadrupole_expansion.cube"...

  Fitted ESP
  Electrostatic potential fitted from quadrupole expansion.
    3   -4.970736   -4.752787   -4.970736
   80    0.125841    0.000000    0.000000
   80    0.000000    0.125841    0.000000
   80    0.000000    0.000000    0.125841
    8    8.000000    0.000000    0.217949    0.000000
    1    1.000000    1.407300   -0.924930    0.000000
    1    1.000000   -1.407300   -0.818660    0.000000
  5.98060E-03  6.19048E-03  6.40665E-03  6.62907E-03  6.85769E-03  7.09242E-03
       .            .            .            .            .            .
       .            .            .            .            .            .
       .            .            .            .            .            .
 -6.77900E-03 -6.66204E-03 -6.54483E-03 -6.42754E-03 -6.31034E-03 -6.19338E-03

512000 out of 512000 gridpoints are considered (100.0%).

...done!

                       Measure       RMSE[kcal/mol/e]   MaxError[kcal/mol/e]   NPoints
                         Total        6.805748090E-01        4.683416922E+00    408194
Close (  1.20 < r <   1.66 )          1.077923980E+00        4.683416922E+00    142808
Mid-range ( 1.66 < r <  2.20)         3.363238681E-01        1.056412191E+00    195698
Far-range (  2.20         < r)        1.198213877E-01        3.197725503E-01     69688
Did analysis and wrote slice data
