/home/boittier/esp_check
h2o_1697
/data/boittier/energies/h2o_geom.xyz.dir
Read multipoles for 3 atoms with max. rank 2
Running in generate mode

Reading "/data/boittier/energies/h2o_geom.xyz.dir/h2o_1697.chk.fchk.potential.cube"...

  h2o Potential=SCF
  Electrostatic potential from Total SCF Density
    3   -4.970736   -4.734727   -4.970736
   80    0.125841    0.000000    0.000000
   80    0.000000    0.125841    0.000000
   80    0.000000    0.000000    0.125841
    8    8.000000    0.000000    0.236009    0.000000
    1    1.000000    1.398957   -0.940936    0.000000
    1    1.000000   -1.398957   -0.947135    0.000000
  1.68406E-02  1.69885E-02  1.71085E-02  1.71993E-02  1.72603E-02  1.72909E-02
       .            .            .            .            .            .
       .            .            .            .            .            .
       .            .            .            .            .            .
 -9.65249E-03 -9.64723E-03 -9.63672E-03 -9.62094E-03 -9.59989E-03 -9.57359E-03

338131 out of 512000 gridpoints are considered ( 66.0%).

...done!

 writing cube file quadrupole_expansion.cube                                                                                                                                                                                                                                                                                                                                                                                                                                                                                                                                                                                                                                                                                                                                                                                                                                                                                                                                                                                                                                       
Written cubefile and slice data
Running in analysis mode

Reading "/data/boittier/energies/h2o_geom.xyz.dir/h2o_1697.chk.fchk.potential.cube"...

  h2o Potential=SCF
  Electrostatic potential from Total SCF Density
    3   -4.970736   -4.734727   -4.970736
   80    0.125841    0.000000    0.000000
   80    0.000000    0.125841    0.000000
   80    0.000000    0.000000    0.125841
    8    8.000000    0.000000    0.236009    0.000000
    1    1.000000    1.398957   -0.940936    0.000000
    1    1.000000   -1.398957   -0.947135    0.000000
  6.37241E-03  6.60264E-03  6.84017E-03  7.08499E-03  7.33706E-03  7.59631E-03
       .            .            .            .            .            .
       .            .            .            .            .            .
       .            .            .            .            .            .
 -6.94931E-03 -6.82679E-03 -6.70425E-03 -6.58185E-03 -6.45976E-03 -6.33813E-03

512000 out of 512000 gridpoints are considered (100.0%).

...done!

Reading "/home/boittier/esp_check/quadrupole_expansion.cube"...

  Fitted ESP
  Electrostatic potential fitted from quadrupole expansion.
    3   -4.970736   -4.734727   -4.970736
   80    0.125841    0.000000    0.000000
   80    0.000000    0.125841    0.000000
   80    0.000000    0.000000    0.125841
    8    8.000000    0.000000    0.236009    0.000000
    1    1.000000    1.398957   -0.940936    0.000000
    1    1.000000   -1.398957   -0.947135    0.000000
  6.31692E-03  6.54093E-03  6.77182E-03  7.00956E-03  7.25412E-03  7.50540E-03
       .            .            .            .            .            .
       .            .            .            .            .            .
       .            .            .            .            .            .
 -6.90080E-03 -6.78320E-03 -6.66529E-03 -6.54724E-03 -6.42923E-03 -6.31141E-03

512000 out of 512000 gridpoints are considered (100.0%).

...done!

                       Measure       RMSE[kcal/mol/e]   MaxError[kcal/mol/e]   NPoints
                         Total        6.636727141E-01        4.720188977E+00    407032
Close (  1.20 < r <   1.66 )          1.047940035E+00        4.720188977E+00    143508
Mid-range ( 1.66 < r <  2.20)         3.267478037E-01        1.048003564E+00    194623
Far-range (  2.20         < r)        1.146567978E-01        3.213475991E-01     68901
Did analysis and wrote slice data
