/home/boittier/esp_check
h2o_46
/data/boittier/energies/h2o_geom.xyz.dir
Read multipoles for 3 atoms with max. rank 2
Running in generate mode

Reading "/data/boittier/energies/h2o_geom.xyz.dir/h2o_46.chk.fchk.potential.cube"...

  h2o Potential=SCF
  Electrostatic potential from Total SCF Density
    3   -4.970736   -4.750070   -4.970736
   80    0.125841    0.000000    0.000000
   80    0.000000    0.125841    0.000000
   80    0.000000    0.000000    0.125841
    8    8.000000    0.000000    0.220665    0.000000
    1    1.000000    1.447312   -0.867731    0.000000
    1    1.000000   -1.447312   -0.897592    0.000000
  1.66117E-02  1.67302E-02  1.68200E-02  1.68803E-02  1.69105E-02  1.69105E-02
       .            .            .            .            .            .
       .            .            .            .            .            .
       .            .            .            .            .            .
 -8.87572E-03 -8.87156E-03 -8.86322E-03 -8.85069E-03 -8.83395E-03 -8.81295E-03

338097 out of 512000 gridpoints are considered ( 66.0%).

...done!

 writing cube file quadrupole_expansion.cube                                                                                                                                                                                                                                                                                                                                                                                                                                                                                                                                                                                                                                                                                                                                                                                                                                                                                                                                                                                                                                       
Written cubefile and slice data
Running in analysis mode

Reading "/data/boittier/energies/h2o_geom.xyz.dir/h2o_46.chk.fchk.potential.cube"...

  h2o Potential=SCF
  Electrostatic potential from Total SCF Density
    3   -4.970736   -4.750070   -4.970736
   80    0.125841    0.000000    0.000000
   80    0.000000    0.125841    0.000000
   80    0.000000    0.000000    0.125841
    8    8.000000    0.000000    0.220665    0.000000
    1    1.000000    1.447312   -0.867731    0.000000
    1    1.000000   -1.447312   -0.897592    0.000000
  6.12593E-03  6.35031E-03  6.58190E-03  6.82069E-03  7.06665E-03  7.31970E-03
       .            .            .            .            .            .
       .            .            .            .            .            .
       .            .            .            .            .            .
 -6.63134E-03 -6.51645E-03 -6.40143E-03 -6.28646E-03 -6.17169E-03 -6.05726E-03

512000 out of 512000 gridpoints are considered (100.0%).

...done!

Reading "/home/boittier/esp_check/quadrupole_expansion.cube"...

  Fitted ESP
  Electrostatic potential fitted from quadrupole expansion.
    3   -4.970736   -4.750070   -4.970736
   80    0.125841    0.000000    0.000000
   80    0.000000    0.125841    0.000000
   80    0.000000    0.000000    0.125841
    8    8.000000    0.000000    0.220665    0.000000
    1    1.000000    1.447312   -0.867731    0.000000
    1    1.000000   -1.447312   -0.897592    0.000000
  6.06475E-03  6.28274E-03  6.50751E-03  6.73905E-03  6.97731E-03  7.22222E-03
       .            .            .            .            .            .
       .            .            .            .            .            .
       .            .            .            .            .            .
 -6.57481E-03 -6.46513E-03 -6.35503E-03 -6.24469E-03 -6.13427E-03 -6.02391E-03

512000 out of 512000 gridpoints are considered (100.0%).

...done!

                       Measure       RMSE[kcal/mol/e]   MaxError[kcal/mol/e]   NPoints
                         Total        6.848271024E-01        4.700045923E+00    407287
Close (  1.20 < r <   1.66 )          1.082497012E+00        4.700045923E+00    143185
Mid-range ( 1.66 < r <  2.20)         3.377699115E-01        1.080885060E+00    194912
Far-range (  2.20         < r)        1.197029093E-01        3.225398671E-01     69190
Did analysis and wrote slice data
