/home/boittier/esp_check
h2o_97
/data/boittier/energies/h2o_geom.xyz.dir
Read multipoles for 3 atoms with max. rank 2
Running in generate mode

Reading "/data/boittier/energies/h2o_geom.xyz.dir/h2o_97.chk.fchk.potential.cube"...

  h2o Potential=SCF
  Electrostatic potential from Total SCF Density
    3   -4.970736   -4.750866   -4.970736
   80    0.125841    0.000000    0.000000
   80    0.000000    0.125841    0.000000
   80    0.000000    0.000000    0.125841
    8    8.000000    0.000000    0.219869    0.000000
    1    1.000000    1.432707   -0.890065    0.000000
    1    1.000000   -1.432707   -0.868889    0.000000
  1.66194E-02  1.66488E-02  1.66488E-02  1.66194E-02  1.62738E-02  1.64790E-02
       .            .            .            .            .            .
       .            .            .            .            .            .
       .            .            .            .            .            .
 -9.11115E-03 -9.10657E-03 -9.09742E-03 -9.08368E-03 -9.06534E-03 -9.04237E-03

338251 out of 512000 gridpoints are considered ( 66.1%).

...done!

 writing cube file quadrupole_expansion.cube                                                                                                                                                                                                                                                                                                                                                                                                                                                                                                                                                                                                                                                                                                                                                                                                                                                                                                                                                                                                                                       
Written cubefile and slice data
Running in analysis mode

Reading "/data/boittier/energies/h2o_geom.xyz.dir/h2o_97.chk.fchk.potential.cube"...

  h2o Potential=SCF
  Electrostatic potential from Total SCF Density
    3   -4.970736   -4.750866   -4.970736
   80    0.125841    0.000000    0.000000
   80    0.000000    0.125841    0.000000
   80    0.000000    0.000000    0.125841
    8    8.000000    0.000000    0.219869    0.000000
    1    1.000000    1.432707   -0.890065    0.000000
    1    1.000000   -1.432707   -0.868889    0.000000
  6.09444E-03  6.31570E-03  6.54397E-03  6.77925E-03  7.02149E-03  7.27062E-03
       .            .            .            .            .            .
       .            .            .            .            .            .
       .            .            .            .            .            .
 -6.70921E-03 -6.59161E-03 -6.47395E-03 -6.35639E-03 -6.23910E-03 -6.12221E-03

512000 out of 512000 gridpoints are considered (100.0%).

...done!

Reading "/home/boittier/esp_check/quadrupole_expansion.cube"...

  Fitted ESP
  Electrostatic potential fitted from quadrupole expansion.
    3   -4.970736   -4.750866   -4.970736
   80    0.125841    0.000000    0.000000
   80    0.000000    0.125841    0.000000
   80    0.000000    0.000000    0.125841
    8    8.000000    0.000000    0.219869    0.000000
    1    1.000000    1.432707   -0.890065    0.000000
    1    1.000000   -1.432707   -0.868889    0.000000
  6.03566E-03  6.25067E-03  6.47228E-03  6.70047E-03  6.93518E-03  7.17634E-03
       .            .            .            .            .            .
       .            .            .            .            .            .
       .            .            .            .            .            .
 -6.65563E-03 -6.54313E-03 -6.43027E-03 -6.31723E-03 -6.20418E-03 -6.09126E-03

512000 out of 512000 gridpoints are considered (100.0%).

...done!

                       Measure       RMSE[kcal/mol/e]   MaxError[kcal/mol/e]   NPoints
                         Total        6.834083218E-01        4.694335587E+00    407618
Close (  1.20 < r <   1.66 )          1.081027465E+00        4.694335587E+00    143068
Mid-range ( 1.66 < r <  2.20)         3.371760508E-01        1.070280150E+00    195183
Far-range (  2.20         < r)        1.197455160E-01        3.205945877E-01     69367
Did analysis and wrote slice data
