/home/boittier/esp_check
h2o_154
/data/boittier/energies/h2o_geom.xyz.dir
Read multipoles for 3 atoms with max. rank 2
Running in generate mode

Reading "/data/boittier/energies/h2o_geom.xyz.dir/h2o_154.chk.fchk.potential.cube"...

  h2o Potential=SCF
  Electrostatic potential from Total SCF Density
    3   -4.970736   -4.747215   -4.970736
   80    0.125841    0.000000    0.000000
   80    0.000000    0.125841    0.000000
   80    0.000000    0.000000    0.125841
    8    8.000000    0.000000    0.223520    0.000000
    1    1.000000    1.456978   -0.851367    0.000000
    1    1.000000   -1.456978   -0.936795    0.000000
  1.66239E-02  1.68024E-02  1.69535E-02  1.70759E-02  1.71687E-02  1.72310E-02
       .            .            .            .            .            .
       .            .            .            .            .            .
       .            .            .            .            .            .
 -8.70754E-03 -8.70369E-03 -8.69599E-03 -8.68441E-03 -8.66892E-03 -8.64948E-03

337937 out of 512000 gridpoints are considered ( 66.0%).

...done!

 writing cube file quadrupole_expansion.cube                                                                                                                                                                                                                                                                                                                                                                                                                                                                                                                                                                                                                                                                                                                                                                                                                                                                                                                                                                                                                                       
Written cubefile and slice data
Running in analysis mode

Reading "/data/boittier/energies/h2o_geom.xyz.dir/h2o_154.chk.fchk.potential.cube"...

  h2o Potential=SCF
  Electrostatic potential from Total SCF Density
    3   -4.970736   -4.747215   -4.970736
   80    0.125841    0.000000    0.000000
   80    0.000000    0.125841    0.000000
   80    0.000000    0.000000    0.125841
    8    8.000000    0.000000    0.223520    0.000000
    1    1.000000    1.456978   -0.851367    0.000000
    1    1.000000   -1.456978   -0.936795    0.000000
  6.19408E-03  6.42282E-03  6.65899E-03  6.90261E-03  7.15365E-03  7.41203E-03
       .            .            .            .            .            .
       .            .            .            .            .            .
       .            .            .            .            .            .
 -6.58268E-03 -6.46988E-03 -6.35692E-03 -6.24394E-03 -6.13111E-03 -6.01856E-03

512000 out of 512000 gridpoints are considered (100.0%).

...done!

Reading "/home/boittier/esp_check/quadrupole_expansion.cube"...

  Fitted ESP
  Electrostatic potential fitted from quadrupole expansion.
    3   -4.970736   -4.747215   -4.970736
   80    0.125841    0.000000    0.000000
   80    0.000000    0.125841    0.000000
   80    0.000000    0.000000    0.125841
    8    8.000000    0.000000    0.223520    0.000000
    1    1.000000    1.456978   -0.851367    0.000000
    1    1.000000   -1.456978   -0.936795    0.000000
  6.13104E-03  6.35325E-03  6.58246E-03  6.81867E-03  7.06185E-03  7.31191E-03
       .            .            .            .            .            .
       .            .            .            .            .            .
       .            .            .            .            .            .
 -6.52388E-03 -6.41639E-03 -6.30843E-03 -6.20017E-03 -6.09177E-03 -5.98338E-03

512000 out of 512000 gridpoints are considered (100.0%).

...done!

                       Measure       RMSE[kcal/mol/e]   MaxError[kcal/mol/e]   NPoints
                         Total        6.840691450E-01        4.709458565E+00    406923
Close (  1.20 < r <   1.66 )          1.080287715E+00        4.709458565E+00    143387
Mid-range ( 1.66 < r <  2.20)         3.370783989E-01        1.085528630E+00    194550
Far-range (  2.20         < r)        1.191278510E-01        3.245478974E-01     68986
Did analysis and wrote slice data
