/home/boittier/esp_check
h2o_332
/data/boittier/energies/h2o_geom.xyz.dir
Read multipoles for 3 atoms with max. rank 2
Running in generate mode

Reading "/data/boittier/energies/h2o_geom.xyz.dir/h2o_332.chk.fchk.potential.cube"...

  h2o Potential=SCF
  Electrostatic potential from Total SCF Density
    3   -4.970736   -4.745249   -4.970736
   80    0.125841    0.000000    0.000000
   80    0.000000    0.125841    0.000000
   80    0.000000    0.000000    0.125841
    8    8.000000    0.000000    0.225486    0.000000
    1    1.000000    1.412872   -0.914215    0.000000
    1    1.000000   -1.412872   -0.889675    0.000000
  1.67206E-02  1.67796E-02  1.68092E-02  1.68092E-02  1.67796E-02  1.67206E-02
       .            .            .            .            .            .
       .            .            .            .            .            .
       .            .            .            .            .            .
 -9.38492E-03 -9.37996E-03 -9.37004E-03 -9.35516E-03 -9.33530E-03 -9.31045E-03

338283 out of 512000 gridpoints are considered ( 66.1%).

...done!

 writing cube file quadrupole_expansion.cube                                                                                                                                                                                                                                                                                                                                                                                                                                                                                                                                                                                                                                                                                                                                                                                                                                                                                                                                                                                                                                       
Written cubefile and slice data
Running in analysis mode

Reading "/data/boittier/energies/h2o_geom.xyz.dir/h2o_332.chk.fchk.potential.cube"...

  h2o Potential=SCF
  Electrostatic potential from Total SCF Density
    3   -4.970736   -4.745249   -4.970736
   80    0.125841    0.000000    0.000000
   80    0.000000    0.125841    0.000000
   80    0.000000    0.000000    0.125841
    8    8.000000    0.000000    0.225486    0.000000
    1    1.000000    1.412872   -0.914215    0.000000
    1    1.000000   -1.412872   -0.889675    0.000000
  6.19357E-03  6.41726E-03  6.64801E-03  6.88580E-03  7.13060E-03  7.38231E-03
       .            .            .            .            .            .
       .            .            .            .            .            .
       .            .            .            .            .            .
 -6.82127E-03 -6.70100E-03 -6.58071E-03 -6.46055E-03 -6.34070E-03 -6.22129E-03

512000 out of 512000 gridpoints are considered (100.0%).

...done!

Reading "/home/boittier/esp_check/quadrupole_expansion.cube"...

  Fitted ESP
  Electrostatic potential fitted from quadrupole expansion.
    3   -4.970736   -4.745249   -4.970736
   80    0.125841    0.000000    0.000000
   80    0.000000    0.125841    0.000000
   80    0.000000    0.000000    0.125841
    8    8.000000    0.000000    0.225486    0.000000
    1    1.000000    1.412872   -0.914215    0.000000
    1    1.000000   -1.412872   -0.889675    0.000000
  6.13664E-03  6.35414E-03  6.57828E-03  6.80903E-03  7.04635E-03  7.29015E-03
       .            .            .            .            .            .
       .            .            .            .            .            .
       .            .            .            .            .            .
 -6.77024E-03 -6.65498E-03 -6.53941E-03 -6.42369E-03 -6.30799E-03 -6.19247E-03

512000 out of 512000 gridpoints are considered (100.0%).

...done!

                       Measure       RMSE[kcal/mol/e]   MaxError[kcal/mol/e]   NPoints
                         Total        6.754887242E-01        4.703308972E+00    407561
Close (  1.20 < r <   1.66 )          1.068113626E+00        4.703308972E+00    143167
Mid-range ( 1.66 < r <  2.20)         3.332329732E-01        1.059486987E+00    195116
Far-range (  2.20         < r)        1.179010131E-01        3.202180820E-01     69278
Did analysis and wrote slice data
