/home/boittier/esp_check
h2o_81
/data/boittier/energies/h2o_geom.xyz.dir
Read multipoles for 3 atoms with max. rank 2
Running in generate mode

Reading "/data/boittier/energies/h2o_geom.xyz.dir/h2o_81.chk.fchk.potential.cube"...

  h2o Potential=SCF
  Electrostatic potential from Total SCF Density
    3   -4.970736   -4.745491   -4.970736
   80    0.125841    0.000000    0.000000
   80    0.000000    0.125841    0.000000
   80    0.000000    0.000000    0.125841
    8    8.000000    0.000000    0.225245    0.000000
    1    1.000000    1.430143   -0.889112    0.000000
    1    1.000000   -1.430143   -0.912846    0.000000
  1.67191E-02  1.68379E-02  1.69279E-02  1.69883E-02  1.70187E-02  1.70187E-02
       .            .            .            .            .            .
       .            .            .            .            .            .
       .            .            .            .            .            .
 -9.11926E-03 -9.11474E-03 -9.10570E-03 -9.09212E-03 -9.07399E-03 -9.05127E-03

338146 out of 512000 gridpoints are considered ( 66.0%).

...done!

 writing cube file quadrupole_expansion.cube                                                                                                                                                                                                                                                                                                                                                                                                                                                                                                                                                                                                                                                                                                                                                                                                                                                                                                                                                                                                                                       
Written cubefile and slice data
Running in analysis mode

Reading "/data/boittier/energies/h2o_geom.xyz.dir/h2o_81.chk.fchk.potential.cube"...

  h2o Potential=SCF
  Electrostatic potential from Total SCF Density
    3   -4.970736   -4.745491   -4.970736
   80    0.125841    0.000000    0.000000
   80    0.000000    0.125841    0.000000
   80    0.000000    0.000000    0.125841
    8    8.000000    0.000000    0.225245    0.000000
    1    1.000000    1.430143   -0.889112    0.000000
    1    1.000000   -1.430143   -0.912846    0.000000
  6.20285E-03  6.42894E-03  6.66226E-03  6.90279E-03  7.15052E-03  7.40535E-03
       .            .            .            .            .            .
       .            .            .            .            .            .
       .            .            .            .            .            .
 -6.72893E-03 -6.61163E-03 -6.49423E-03 -6.37692E-03 -6.25984E-03 -6.14315E-03

512000 out of 512000 gridpoints are considered (100.0%).

...done!

Reading "/home/boittier/esp_check/quadrupole_expansion.cube"...

  Fitted ESP
  Electrostatic potential fitted from quadrupole expansion.
    3   -4.970736   -4.745491   -4.970736
   80    0.125841    0.000000    0.000000
   80    0.000000    0.125841    0.000000
   80    0.000000    0.000000    0.125841
    8    8.000000    0.000000    0.225245    0.000000
    1    1.000000    1.430143   -0.889112    0.000000
    1    1.000000   -1.430143   -0.912846    0.000000
  6.14341E-03  6.36316E-03  6.58971E-03  6.82306E-03  7.06314E-03  7.30988E-03
       .            .            .            .            .            .
       .            .            .            .            .            .
       .            .            .            .            .            .
 -6.67473E-03 -6.56256E-03 -6.45000E-03 -6.33724E-03 -6.22444E-03 -6.11174E-03

512000 out of 512000 gridpoints are considered (100.0%).

...done!

                       Measure       RMSE[kcal/mol/e]   MaxError[kcal/mol/e]   NPoints
                         Total        6.784790041E-01        4.706697523E+00    407280
Close (  1.20 < r <   1.66 )          1.072128220E+00        4.706697523E+00    143292
Mid-range ( 1.66 < r <  2.20)         3.345590533E-01        1.069527139E+00    194854
Far-range (  2.20         < r)        1.182377292E-01        3.221068855E-01     69134
Did analysis and wrote slice data
