/home/boittier/esp_check
h2o_630
/data/boittier/energies/h2o_geom.xyz.dir
Read multipoles for 3 atoms with max. rank 2
Running in generate mode

Reading "/data/boittier/energies/h2o_geom.xyz.dir/h2o_630.chk.fchk.potential.cube"...

  h2o Potential=SCF
  Electrostatic potential from Total SCF Density
    3   -4.970736   -4.745633   -4.970736
   80    0.125841    0.000000    0.000000
   80    0.000000    0.125841    0.000000
   80    0.000000    0.000000    0.125841
    8    8.000000    0.000000    0.225103    0.000000
    1    1.000000    1.489142   -0.805530    0.000000
    1    1.000000   -1.489142   -0.995293    0.000000
  1.68743E-02  1.70243E-02  1.71458E-02  1.72379E-02  1.72997E-02  1.73307E-02
       .            .            .            .            .            .
       .            .            .            .            .            .
       .            .            .            .            .            .
 -8.19960E-03 -8.19664E-03 -8.19072E-03 -8.18178E-03 -8.16978E-03 -8.15465E-03

337542 out of 512000 gridpoints are considered ( 65.9%).

...done!

 writing cube file quadrupole_expansion.cube                                                                                                                                                                                                                                                                                                                                                                                                                                                                                                                                                                                                                                                                                                                                                                                                                                                                                                                                                                                                                                       
Written cubefile and slice data
Running in analysis mode

Reading "/data/boittier/energies/h2o_geom.xyz.dir/h2o_630.chk.fchk.potential.cube"...

  h2o Potential=SCF
  Electrostatic potential from Total SCF Density
    3   -4.970736   -4.745633   -4.970736
   80    0.125841    0.000000    0.000000
   80    0.000000    0.125841    0.000000
   80    0.000000    0.000000    0.125841
    8    8.000000    0.000000    0.225103    0.000000
    1    1.000000    1.489142   -0.805530    0.000000
    1    1.000000   -1.489142   -0.995293    0.000000
  6.25897E-03  6.49454E-03  6.73797E-03  6.98930E-03  7.24851E-03  7.51554E-03
       .            .            .            .            .            .
       .            .            .            .            .            .
       .            .            .            .            .            .
 -6.41466E-03 -6.30774E-03 -6.20052E-03 -6.09316E-03 -5.98580E-03 -5.87859E-03

512000 out of 512000 gridpoints are considered (100.0%).

...done!

Reading "/home/boittier/esp_check/quadrupole_expansion.cube"...

  Fitted ESP
  Electrostatic potential fitted from quadrupole expansion.
    3   -4.970736   -4.745633   -4.970736
   80    0.125841    0.000000    0.000000
   80    0.000000    0.125841    0.000000
   80    0.000000    0.000000    0.125841
    8    8.000000    0.000000    0.225103    0.000000
    1    1.000000    1.489142   -0.805530    0.000000
    1    1.000000   -1.489142   -0.995293    0.000000
  6.19147E-03  6.42024E-03  6.65643E-03  6.90006E-03  7.15110E-03  7.40948E-03
       .            .            .            .            .            .
       .            .            .            .            .            .
       .            .            .            .            .            .
 -6.35027E-03 -6.24886E-03 -6.14685E-03 -6.04441E-03 -5.94167E-03 -5.83881E-03

512000 out of 512000 gridpoints are considered (100.0%).

...done!

                       Measure       RMSE[kcal/mol/e]   MaxError[kcal/mol/e]   NPoints
                         Total        6.867859269E-01        4.713788380E+00    406130
Close (  1.20 < r <   1.66 )          1.082677531E+00        4.713788380E+00    143714
Mid-range ( 1.66 < r <  2.20)         3.379057886E-01        1.106926703E+00    193828
Far-range (  2.20         < r)        1.189085443E-01        3.281058761E-01     68588
Did analysis and wrote slice data
