/home/boittier/esp_check
h2o_1069
/data/boittier/energies/h2o_geom.xyz.dir
Read multipoles for 3 atoms with max. rank 2
Running in generate mode

Reading "/data/boittier/energies/h2o_geom.xyz.dir/h2o_1069.chk.fchk.potential.cube"...

  h2o Potential=SCF
  Electrostatic potential from Total SCF Density
    3   -4.970736   -4.747473   -4.970736
   80    0.125841    0.000000    0.000000
   80    0.000000    0.125841    0.000000
   80    0.000000    0.000000    0.125841
    8    8.000000    0.000000    0.223263    0.000000
    1    1.000000    1.454304   -0.860352    0.000000
    1    1.000000   -1.454304   -0.925751    0.000000
  1.67157E-02  1.68654E-02  1.69868E-02  1.70787E-02  1.71404E-02  1.71714E-02
       .            .            .            .            .            .
       .            .            .            .            .            .
       .            .            .            .            .            .
 -8.79236E-03 -8.78837E-03 -8.78039E-03 -8.76839E-03 -8.75234E-03 -8.73221E-03

337960 out of 512000 gridpoints are considered ( 66.0%).

...done!

 writing cube file quadrupole_expansion.cube                                                                                                                                                                                                                                                                                                                                                                                                                                                                                                                                                                                                                                                                                                                                                                                                                                                                                                                                                                                                                                       
Written cubefile and slice data
Running in analysis mode

Reading "/data/boittier/energies/h2o_geom.xyz.dir/h2o_1069.chk.fchk.potential.cube"...

  h2o Potential=SCF
  Electrostatic potential from Total SCF Density
    3   -4.970736   -4.747473   -4.970736
   80    0.125841    0.000000    0.000000
   80    0.000000    0.125841    0.000000
   80    0.000000    0.000000    0.125841
    8    8.000000    0.000000    0.223263    0.000000
    1    1.000000    1.454304   -0.860352    0.000000
    1    1.000000   -1.454304   -0.925751    0.000000
  6.18065E-03  6.40828E-03  6.64328E-03  6.88566E-03  7.13538E-03  7.39238E-03
       .            .            .            .            .            .
       .            .            .            .            .            .
       .            .            .            .            .            .
 -6.61220E-03 -6.49842E-03 -6.38449E-03 -6.27057E-03 -6.15682E-03 -6.04337E-03

512000 out of 512000 gridpoints are considered (100.0%).

...done!

Reading "/home/boittier/esp_check/quadrupole_expansion.cube"...

  Fitted ESP
  Electrostatic potential fitted from quadrupole expansion.
    3   -4.970736   -4.747473   -4.970736
   80    0.125841    0.000000    0.000000
   80    0.000000    0.125841    0.000000
   80    0.000000    0.000000    0.125841
    8    8.000000    0.000000    0.223263    0.000000
    1    1.000000    1.454304   -0.860352    0.000000
    1    1.000000   -1.454304   -0.925751    0.000000
  6.11837E-03  6.33952E-03  6.56760E-03  6.80263E-03  7.04454E-03  7.29329E-03
       .            .            .            .            .            .
       .            .            .            .            .            .
       .            .            .            .            .            .
 -6.55443E-03 -6.44592E-03 -6.33696E-03 -6.22772E-03 -6.11836E-03 -6.00904E-03

512000 out of 512000 gridpoints are considered (100.0%).

...done!

                       Measure       RMSE[kcal/mol/e]   MaxError[kcal/mol/e]   NPoints
                         Total        6.837071402E-01        4.708329048E+00    406970
Close (  1.20 < r <   1.66 )          1.079884632E+00        4.708329048E+00    143334
Mid-range ( 1.66 < r <  2.20)         3.370635881E-01        1.083646102E+00    194626
Far-range (  2.20         < r)        1.191345829E-01        3.241713917E-01     69010
Did analysis and wrote slice data
