/home/boittier/esp_check
h2o_703
/data/boittier/energies/h2o_geom.xyz.dir
Read multipoles for 3 atoms with max. rank 2
Running in generate mode

Reading "/data/boittier/energies/h2o_geom.xyz.dir/h2o_703.chk.fchk.potential.cube"...

  h2o Potential=SCF
  Electrostatic potential from Total SCF Density
    3   -4.970736   -4.750808   -4.970736
   80    0.125841    0.000000    0.000000
   80    0.000000    0.125841    0.000000
   80    0.000000    0.000000    0.125841
    8    8.000000    0.000000    0.219928    0.000000
    1    1.000000    1.452852   -0.866330    0.000000
    1    1.000000   -1.452852   -0.893094    0.000000
  1.65909E-02  1.67094E-02  1.67992E-02  1.68594E-02  1.68897E-02  1.68897E-02
       .            .            .            .            .            .
       .            .            .            .            .            .
       .            .            .            .            .            .
 -8.84304E-03 -8.83892E-03 -8.83069E-03 -8.81831E-03 -8.80177E-03 -8.78103E-03

338079 out of 512000 gridpoints are considered ( 66.0%).

...done!

 writing cube file quadrupole_expansion.cube                                                                                                                                                                                                                                                                                                                                                                                                                                                                                                                                                                                                                                                                                                                                                                                                                                                                                                                                                                                                                                       
Written cubefile and slice data
Running in analysis mode

Reading "/data/boittier/energies/h2o_geom.xyz.dir/h2o_703.chk.fchk.potential.cube"...

  h2o Potential=SCF
  Electrostatic potential from Total SCF Density
    3   -4.970736   -4.750808   -4.970736
   80    0.125841    0.000000    0.000000
   80    0.000000    0.125841    0.000000
   80    0.000000    0.000000    0.125841
    8    8.000000    0.000000    0.219928    0.000000
    1    1.000000    1.452852   -0.866330    0.000000
    1    1.000000   -1.452852   -0.893094    0.000000
  6.10914E-03  6.33317E-03  6.56440E-03  6.80283E-03  7.04843E-03  7.30111E-03
       .            .            .            .            .            .
       .            .            .            .            .            .
       .            .            .            .            .            .
 -6.61950E-03 -6.50491E-03 -6.39019E-03 -6.27552E-03 -6.16104E-03 -6.04690E-03

512000 out of 512000 gridpoints are considered (100.0%).

...done!

Reading "/home/boittier/esp_check/quadrupole_expansion.cube"...

  Fitted ESP
  Electrostatic potential fitted from quadrupole expansion.
    3   -4.970736   -4.750808   -4.970736
   80    0.125841    0.000000    0.000000
   80    0.000000    0.125841    0.000000
   80    0.000000    0.000000    0.125841
    8    8.000000    0.000000    0.219928    0.000000
    1    1.000000    1.452852   -0.866330    0.000000
    1    1.000000   -1.452852   -0.893094    0.000000
  6.04774E-03  6.26536E-03  6.48977E-03  6.72094E-03  6.95883E-03  7.20336E-03
       .            .            .            .            .            .
       .            .            .            .            .            .
       .            .            .            .            .            .
 -6.56275E-03 -6.45338E-03 -6.34359E-03 -6.23355E-03 -6.12342E-03 -6.01336E-03

512000 out of 512000 gridpoints are considered (100.0%).

...done!

                       Measure       RMSE[kcal/mol/e]   MaxError[kcal/mol/e]   NPoints
                         Total        6.861969339E-01        4.699355662E+00    407244
Close (  1.20 < r <   1.66 )          1.084602086E+00        4.699355662E+00    143188
Mid-range ( 1.66 < r <  2.20)         3.384276199E-01        1.087222906E+00    194891
Far-range (  2.20         < r)        1.199454290E-01        3.229602984E-01     69165
Did analysis and wrote slice data
