/home/boittier/esp_check
h2o_751
/data/boittier/energies/h2o_geom.xyz.dir
Read multipoles for 3 atoms with max. rank 2
Running in generate mode

Reading "/data/boittier/energies/h2o_geom.xyz.dir/h2o_751.chk.fchk.potential.cube"...

  h2o Potential=SCF
  Electrostatic potential from Total SCF Density
    3   -4.970736   -4.749353   -4.970736
   80    0.125841    0.000000    0.000000
   80    0.000000    0.125841    0.000000
   80    0.000000    0.000000    0.125841
    8    8.000000    0.000000    0.221382    0.000000
    1    1.000000    1.429117   -0.898141    0.000000
    1    1.000000   -1.429117   -0.872917    0.000000
  1.66004E-02  1.66591E-02  1.66886E-02  1.66886E-02  1.66591E-02  1.66004E-02
       .            .            .            .            .            .
       .            .            .            .            .            .
       .            .            .            .            .            .
 -9.19242E-03 -9.18774E-03 -9.17836E-03 -9.16428E-03 -9.14549E-03 -9.12197E-03

338240 out of 512000 gridpoints are considered ( 66.1%).

...done!

 writing cube file quadrupole_expansion.cube                                                                                                                                                                                                                                                                                                                                                                                                                                                                                                                                                                                                                                                                                                                                                                                                                                                                                                                                                                                                                                       
Written cubefile and slice data
Running in analysis mode

Reading "/data/boittier/energies/h2o_geom.xyz.dir/h2o_751.chk.fchk.potential.cube"...

  h2o Potential=SCF
  Electrostatic potential from Total SCF Density
    3   -4.970736   -4.749353   -4.970736
   80    0.125841    0.000000    0.000000
   80    0.000000    0.125841    0.000000
   80    0.000000    0.000000    0.125841
    8    8.000000    0.000000    0.221382    0.000000
    1    1.000000    1.429117   -0.898141    0.000000
    1    1.000000   -1.429117   -0.872917    0.000000
  6.11831E-03  6.34016E-03  6.56903E-03  6.80491E-03  7.04777E-03  7.29752E-03
       .            .            .            .            .            .
       .            .            .            .            .            .
       .            .            .            .            .            .
 -6.74304E-03 -6.62463E-03 -6.50617E-03 -6.38782E-03 -6.26975E-03 -6.15210E-03

512000 out of 512000 gridpoints are considered (100.0%).

...done!

Reading "/home/boittier/esp_check/quadrupole_expansion.cube"...

  Fitted ESP
  Electrostatic potential fitted from quadrupole expansion.
    3   -4.970736   -4.749353   -4.970736
   80    0.125841    0.000000    0.000000
   80    0.000000    0.125841    0.000000
   80    0.000000    0.000000    0.125841
    8    8.000000    0.000000    0.221382    0.000000
    1    1.000000    1.429117   -0.898141    0.000000
    1    1.000000   -1.429117   -0.872917    0.000000
  6.06007E-03  6.27569E-03  6.49791E-03  6.72672E-03  6.96206E-03  7.20386E-03
       .            .            .            .            .            .
       .            .            .            .            .            .
       .            .            .            .            .            .
 -6.69026E-03 -6.57691E-03 -6.46323E-03 -6.34937E-03 -6.23551E-03 -6.12180E-03

512000 out of 512000 gridpoints are considered (100.0%).

...done!

                       Measure       RMSE[kcal/mol/e]   MaxError[kcal/mol/e]   NPoints
                         Total        6.816011229E-01        4.697473134E+00    407566
Close (  1.20 < r <   1.66 )          1.078123529E+00        4.697473134E+00    143060
Mid-range ( 1.66 < r <  2.20)         3.363038597E-01        1.068523124E+00    195180
Far-range (  2.20         < r)        1.192766324E-01        3.207514651E-01     69326
Did analysis and wrote slice data
