/home/boittier/esp_check
h2o_1327
/data/boittier/energies/h2o_geom.xyz.dir
Read multipoles for 3 atoms with max. rank 2
Running in generate mode

Reading "/data/boittier/energies/h2o_geom.xyz.dir/h2o_1327.chk.fchk.potential.cube"...

  h2o Potential=SCF
  Electrostatic potential from Total SCF Density
    3   -4.970736   -4.760830   -4.970736
   80    0.125841    0.000000    0.000000
   80    0.000000    0.125841    0.000000
   80    0.000000    0.000000    0.125841
    8    8.000000    0.000000    0.209905    0.000000
    1    1.000000    1.496898   -0.813027    0.000000
    1    1.000000   -1.496898   -0.866214    0.000000
  1.64168E-02  1.65355E-02  1.66255E-02  1.66859E-02  1.67163E-02  1.67163E-02
       .            .            .            .            .            .
       .            .            .            .            .            .
       .            .            .            .            .            .
 -8.20704E-03 -8.20390E-03 -8.19760E-03 -8.18810E-03 -8.17537E-03 -8.15934E-03

337856 out of 512000 gridpoints are considered ( 66.0%).

...done!

 writing cube file quadrupole_expansion.cube                                                                                                                                                                                                                                                                                                                                                                                                                                                                                                                                                                                                                                                                                                                                                                                                                                                                                                                                                                                                                                       
Written cubefile and slice data
Running in analysis mode

Reading "/data/boittier/energies/h2o_geom.xyz.dir/h2o_1327.chk.fchk.potential.cube"...

  h2o Potential=SCF
  Electrostatic potential from Total SCF Density
    3   -4.970736   -4.760830   -4.970736
   80    0.125841    0.000000    0.000000
   80    0.000000    0.125841    0.000000
   80    0.000000    0.000000    0.125841
    8    8.000000    0.000000    0.209905    0.000000
    1    1.000000    1.496898   -0.813027    0.000000
    1    1.000000   -1.496898   -0.866214    0.000000
  5.94060E-03  6.16164E-03  6.38989E-03  6.62535E-03  6.86800E-03  7.11777E-03
       .            .            .            .            .            .
       .            .            .            .            .            .
       .            .            .            .            .            .
 -6.37299E-03 -6.26487E-03 -6.15653E-03 -6.04812E-03 -5.93979E-03 -5.83169E-03

512000 out of 512000 gridpoints are considered (100.0%).

...done!

Reading "/home/boittier/esp_check/quadrupole_expansion.cube"...

  Fitted ESP
  Electrostatic potential fitted from quadrupole expansion.
    3   -4.970736   -4.760830   -4.970736
   80    0.125841    0.000000    0.000000
   80    0.000000    0.125841    0.000000
   80    0.000000    0.000000    0.125841
    8    8.000000    0.000000    0.209905    0.000000
    1    1.000000    1.496898   -0.813027    0.000000
    1    1.000000   -1.496898   -0.866214    0.000000
  5.87494E-03  6.08943E-03  6.31070E-03  6.53875E-03  6.77354E-03  7.01499E-03
       .            .            .            .            .            .
       .            .            .            .            .            .
       .            .            .            .            .            .
 -6.31074E-03 -6.20802E-03 -6.10478E-03 -6.00119E-03 -5.89739E-03 -5.79353E-03

512000 out of 512000 gridpoints are considered (100.0%).

...done!

                       Measure       RMSE[kcal/mol/e]   MaxError[kcal/mol/e]   NPoints
                         Total        6.989446843E-01        4.683040416E+00    407118
Close (  1.20 < r <   1.66 )          1.104992129E+00        4.683040416E+00    143114
Mid-range ( 1.66 < r <  2.20)         3.444069815E-01        1.141314222E+00    194742
Far-range (  2.20         < r)        1.227698946E-01        3.251942321E-01     69262
Did analysis and wrote slice data
