/home/boittier/esp_check
h2o_1279
/data/boittier/energies/h2o_geom.xyz.dir
Read multipoles for 3 atoms with max. rank 2
Running in generate mode

Reading "/data/boittier/energies/h2o_geom.xyz.dir/h2o_1279.chk.fchk.potential.cube"...

  h2o Potential=SCF
  Electrostatic potential from Total SCF Density
    3   -4.970736   -4.763197   -4.970736
   80    0.125841    0.000000    0.000000
   80    0.000000    0.125841    0.000000
   80    0.000000    0.000000    0.125841
    8    8.000000    0.000000    0.207539    0.000000
    1    1.000000    1.453924   -0.875014    0.000000
    1    1.000000   -1.453924   -0.785298    0.000000
  1.61036E-02  1.62204E-02  1.63090E-02  1.63684E-02  1.63983E-02  1.63983E-02
       .            .            .            .            .            .
       .            .            .            .            .            .
       .            .            .            .            .            .
 -8.88110E-03 -8.87675E-03 -8.86805E-03 -8.85497E-03 -8.83750E-03 -8.81562E-03

338298 out of 512000 gridpoints are considered ( 66.1%).

...done!

 writing cube file quadrupole_expansion.cube                                                                                                                                                                                                                                                                                                                                                                                                                                                                                                                                                                                                                                                                                                                                                                                                                                                                                                                                                                                                                                       
Written cubefile and slice data
Running in analysis mode

Reading "/data/boittier/energies/h2o_geom.xyz.dir/h2o_1279.chk.fchk.potential.cube"...

  h2o Potential=SCF
  Electrostatic potential from Total SCF Density
    3   -4.970736   -4.763197   -4.970736
   80    0.125841    0.000000    0.000000
   80    0.000000    0.125841    0.000000
   80    0.000000    0.000000    0.125841
    8    8.000000    0.000000    0.207539    0.000000
    1    1.000000    1.453924   -0.875014    0.000000
    1    1.000000   -1.453924   -0.785298    0.000000
  5.83260E-03  6.04414E-03  6.26233E-03  6.48716E-03  6.71859E-03  6.95653E-03
       .            .            .            .            .            .
       .            .            .            .            .            .
       .            .            .            .            .            .
 -6.58885E-03 -6.47295E-03 -6.35700E-03 -6.24118E-03 -6.12562E-03 -6.01048E-03

512000 out of 512000 gridpoints are considered (100.0%).

...done!

Reading "/home/boittier/esp_check/quadrupole_expansion.cube"...

  Fitted ESP
  Electrostatic potential fitted from quadrupole expansion.
    3   -4.970736   -4.763197   -4.970736
   80    0.125841    0.000000    0.000000
   80    0.000000    0.125841    0.000000
   80    0.000000    0.000000    0.125841
    8    8.000000    0.000000    0.207539    0.000000
    1    1.000000    1.453924   -0.875014    0.000000
    1    1.000000   -1.453924   -0.785298    0.000000
  5.77422E-03  5.97966E-03  6.19135E-03  6.40926E-03  6.63333E-03  6.86349E-03
       .            .            .            .            .            .
       .            .            .            .            .            .
       .            .            .            .            .            .
 -6.53529E-03 -6.42443E-03 -6.31324E-03 -6.20188E-03 -6.09052E-03 -5.97930E-03

512000 out of 512000 gridpoints are considered (100.0%).

...done!

                       Measure       RMSE[kcal/mol/e]   MaxError[kcal/mol/e]   NPoints
                         Total        6.947847334E-01        4.678459597E+00    408050
Close (  1.20 < r <   1.66 )          1.100932198E+00        4.678459597E+00    142637
Mid-range ( 1.66 < r <  2.20)         3.431440849E-01        1.111256519E+00    195661
Far-range (  2.20         < r)        1.229365454E-01        3.286957350E-01     69752
Did analysis and wrote slice data
