/home/boittier/esp_check
h2o_364
/data/boittier/energies/h2o_geom.xyz.dir
Read multipoles for 3 atoms with max. rank 2
Running in generate mode

Reading "/data/boittier/energies/h2o_geom.xyz.dir/h2o_364.chk.fchk.potential.cube"...

  h2o Potential=SCF
  Electrostatic potential from Total SCF Density
    3   -4.970736   -4.751206   -4.970736
   80    0.125841    0.000000    0.000000
   80    0.000000    0.125841    0.000000
   80    0.000000    0.000000    0.125841
    8    8.000000    0.000000    0.219530    0.000000
    1    1.000000    1.426342   -0.899713    0.000000
    1    1.000000   -1.426342   -0.856523    0.000000
  1.63705E-02  1.65476E-02  1.66975E-02  1.68190E-02  1.69111E-02  1.69729E-02
       .            .            .            .            .            .
       .            .            .            .            .            .
       .            .            .            .            .            .
 -9.21199E-03 -9.20724E-03 -9.19775E-03 -9.18349E-03 -9.16446E-03 -9.14064E-03

338286 out of 512000 gridpoints are considered ( 66.1%).

...done!

 writing cube file quadrupole_expansion.cube                                                                                                                                                                                                                                                                                                                                                                                                                                                                                                                                                                                                                                                                                                                                                                                                                                                                                                                                                                                                                                       
Written cubefile and slice data
Running in analysis mode

Reading "/data/boittier/energies/h2o_geom.xyz.dir/h2o_364.chk.fchk.potential.cube"...

  h2o Potential=SCF
  Electrostatic potential from Total SCF Density
    3   -4.970736   -4.751206   -4.970736
   80    0.125841    0.000000    0.000000
   80    0.000000    0.125841    0.000000
   80    0.000000    0.000000    0.125841
    8    8.000000    0.000000    0.219530    0.000000
    1    1.000000    1.426342   -0.899713    0.000000
    1    1.000000   -1.426342   -0.856523    0.000000
  6.08124E-03  6.30118E-03  6.52805E-03  6.76184E-03  7.00251E-03  7.24998E-03
       .            .            .            .            .            .
       .            .            .            .            .            .
       .            .            .            .            .            .
 -6.74256E-03 -6.62380E-03 -6.50501E-03 -6.38636E-03 -6.26799E-03 -6.15005E-03

512000 out of 512000 gridpoints are considered (100.0%).

...done!

Reading "/home/boittier/esp_check/quadrupole_expansion.cube"...

  Fitted ESP
  Electrostatic potential fitted from quadrupole expansion.
    3   -4.970736   -4.751206   -4.970736
   80    0.125841    0.000000    0.000000
   80    0.000000    0.125841    0.000000
   80    0.000000    0.000000    0.125841
    8    8.000000    0.000000    0.219530    0.000000
    1    1.000000    1.426342   -0.899713    0.000000
    1    1.000000   -1.426342   -0.856523    0.000000
  6.02353E-03  6.23729E-03  6.45756E-03  6.68434E-03  6.91755E-03  7.15713E-03
       .            .            .            .            .            .
       .            .            .            .            .            .
       .            .            .            .            .            .
 -6.69029E-03 -6.57657E-03 -6.46254E-03 -6.34834E-03 -6.23416E-03 -6.12014E-03

512000 out of 512000 gridpoints are considered (100.0%).

...done!

                       Measure       RMSE[kcal/mol/e]   MaxError[kcal/mol/e]   NPoints
                         Total        6.825405401E-01        4.692641311E+00    407750
Close (  1.20 < r <   1.66 )          1.080083636E+00        4.692641311E+00    142971
Mid-range ( 1.66 < r <  2.20)         3.369178445E-01        1.067017101E+00    195315
Far-range (  2.20         < r)        1.197996205E-01        3.198729518E-01     69464
Did analysis and wrote slice data
