/home/boittier/esp_check
h2o_17
/data/boittier/energies/h2o_geom.xyz.dir
Read multipoles for 3 atoms with max. rank 2
Running in generate mode

Reading "/data/boittier/energies/h2o_geom.xyz.dir/h2o_17.chk.fchk.potential.cube"...

  h2o Potential=SCF
  Electrostatic potential from Total SCF Density
    3   -4.970736   -4.747858   -4.970736
   80    0.125841    0.000000    0.000000
   80    0.000000    0.125841    0.000000
   80    0.000000    0.000000    0.125841
    8    8.000000    0.000000    0.222878    0.000000
    1    1.000000    1.452363   -0.858911    0.000000
    1    1.000000   -1.452363   -0.924110    0.000000
  1.66916E-02  1.68410E-02  1.69621E-02  1.70538E-02  1.71154E-02  1.71463E-02
       .            .            .            .            .            .
       .            .            .            .            .            .
       .            .            .            .            .            .
 -8.78684E-03 -8.78285E-03 -8.77487E-03 -8.76287E-03 -8.74682E-03 -8.72669E-03

337996 out of 512000 gridpoints are considered ( 66.0%).

...done!

 writing cube file quadrupole_expansion.cube                                                                                                                                                                                                                                                                                                                                                                                                                                                                                                                                                                                                                                                                                                                                                                                                                                                                                                                                                                                                                                       
Written cubefile and slice data
Running in analysis mode

Reading "/data/boittier/energies/h2o_geom.xyz.dir/h2o_17.chk.fchk.potential.cube"...

  h2o Potential=SCF
  Electrostatic potential from Total SCF Density
    3   -4.970736   -4.747858   -4.970736
   80    0.125841    0.000000    0.000000
   80    0.000000    0.125841    0.000000
   80    0.000000    0.000000    0.125841
    8    8.000000    0.000000    0.222878    0.000000
    1    1.000000    1.452363   -0.858911    0.000000
    1    1.000000   -1.452363   -0.924110    0.000000
  6.17605E-03  6.40338E-03  6.63806E-03  6.88011E-03  7.12949E-03  7.38612E-03
       .            .            .            .            .            .
       .            .            .            .            .            .
       .            .            .            .            .            .
 -6.60792E-03 -6.49419E-03 -6.38030E-03 -6.26643E-03 -6.15272E-03 -6.03932E-03

512000 out of 512000 gridpoints are considered (100.0%).

...done!

Reading "/home/boittier/esp_check/quadrupole_expansion.cube"...

  Fitted ESP
  Electrostatic potential fitted from quadrupole expansion.
    3   -4.970736   -4.747858   -4.970736
   80    0.125841    0.000000    0.000000
   80    0.000000    0.125841    0.000000
   80    0.000000    0.000000    0.125841
    8    8.000000    0.000000    0.222878    0.000000
    1    1.000000    1.452363   -0.858911    0.000000
    1    1.000000   -1.452363   -0.924110    0.000000
  6.11378E-03  6.33464E-03  6.56241E-03  6.79711E-03  7.03869E-03  7.28708E-03
       .            .            .            .            .            .
       .            .            .            .            .            .
       .            .            .            .            .            .
 -6.55010E-03 -6.44163E-03 -6.33271E-03 -6.22352E-03 -6.11421E-03 -6.00493E-03

512000 out of 512000 gridpoints are considered (100.0%).

...done!

                       Measure       RMSE[kcal/mol/e]   MaxError[kcal/mol/e]   NPoints
                         Total        6.838485374E-01        4.707074029E+00    407042
Close (  1.20 < r <   1.66 )          1.080251841E+00        4.707074029E+00    143322
Mid-range ( 1.66 < r <  2.20)         3.371081116E-01        1.082642087E+00    194674
Far-range (  2.20         < r)        1.191871902E-01        3.238576370E-01     69046
Did analysis and wrote slice data
