/home/boittier/esp_check
h2o_314
/data/boittier/energies/h2o_geom.xyz.dir
Read multipoles for 3 atoms with max. rank 2
Running in generate mode

Reading "/data/boittier/energies/h2o_geom.xyz.dir/h2o_314.chk.fchk.potential.cube"...

  h2o Potential=SCF
  Electrostatic potential from Total SCF Density
    3   -4.970736   -4.747638   -4.970736
   80    0.125841    0.000000    0.000000
   80    0.000000    0.125841    0.000000
   80    0.000000    0.000000    0.125841
    8    8.000000    0.000000    0.223098    0.000000
    1    1.000000    1.469344   -0.834601    0.000000
    1    1.000000   -1.469344   -0.950182    0.000000
  1.68795E-02  1.69092E-02  1.69092E-02  1.68795E-02  1.65473E-02  1.67549E-02
       .            .            .            .            .            .
       .            .            .            .            .            .
       .            .            .            .            .            .
 -8.52028E-03 -8.51675E-03 -8.50967E-03 -8.49903E-03 -8.48478E-03 -8.46687E-03

337830 out of 512000 gridpoints are considered ( 66.0%).

...done!

 writing cube file quadrupole_expansion.cube                                                                                                                                                                                                                                                                                                                                                                                                                                                                                                                                                                                                                                                                                                                                                                                                                                                                                                                                                                                                                                       
Written cubefile and slice data
Running in analysis mode

Reading "/data/boittier/energies/h2o_geom.xyz.dir/h2o_314.chk.fchk.potential.cube"...

  h2o Potential=SCF
  Electrostatic potential from Total SCF Density
    3   -4.970736   -4.747638   -4.970736
   80    0.125841    0.000000    0.000000
   80    0.000000    0.125841    0.000000
   80    0.000000    0.000000    0.125841
    8    8.000000    0.000000    0.223098    0.000000
    1    1.000000    1.469344   -0.834601    0.000000
    1    1.000000   -1.469344   -0.950182    0.000000
  6.19804E-03  6.42836E-03  6.66623E-03  6.91167E-03  7.16464E-03  7.42509E-03
       .            .            .            .            .            .
       .            .            .            .            .            .
       .            .            .            .            .            .
 -6.51786E-03 -6.40715E-03 -6.29623E-03 -6.18526E-03 -6.07438E-03 -5.96374E-03

512000 out of 512000 gridpoints are considered (100.0%).

...done!

Reading "/home/boittier/esp_check/quadrupole_expansion.cube"...

  Fitted ESP
  Electrostatic potential fitted from quadrupole expansion.
    3   -4.970736   -4.747638   -4.970736
   80    0.125841    0.000000    0.000000
   80    0.000000    0.125841    0.000000
   80    0.000000    0.000000    0.125841
    8    8.000000    0.000000    0.223098    0.000000
    1    1.000000    1.469344   -0.834601    0.000000
    1    1.000000   -1.469344   -0.950182    0.000000
  6.13338E-03  6.35708E-03  6.58789E-03  6.82583E-03  7.07084E-03  7.32287E-03
       .            .            .            .            .            .
       .            .            .            .            .            .
       .            .            .            .            .            .
 -6.45702E-03 -6.35169E-03 -6.24585E-03 -6.13967E-03 -6.03330E-03 -5.92688E-03

512000 out of 512000 gridpoints are considered (100.0%).

...done!

                       Measure       RMSE[kcal/mol/e]   MaxError[kcal/mol/e]   NPoints
                         Total        6.861591949E-01        4.710399829E+00    406710
Close (  1.20 < r <   1.66 )          1.083009001E+00        4.710399829E+00    143507
Mid-range ( 1.66 < r <  2.20)         3.378762660E-01        1.095255027E+00    194323
Far-range (  2.20         < r)        1.193025428E-01        3.257150650E-01     68880
Did analysis and wrote slice data
