/home/boittier/esp_check
h2o_542
/data/boittier/energies/h2o_geom.xyz.dir
Read multipoles for 3 atoms with max. rank 2
Running in generate mode

Reading "/data/boittier/energies/h2o_geom.xyz.dir/h2o_542.chk.fchk.potential.cube"...

  h2o Potential=SCF
  Electrostatic potential from Total SCF Density
    3   -4.970736   -4.750675   -4.970736
   80    0.125841    0.000000    0.000000
   80    0.000000    0.125841    0.000000
   80    0.000000    0.000000    0.125841
    8    8.000000    0.000000    0.220060    0.000000
    1    1.000000    1.437883   -0.882059    0.000000
    1    1.000000   -1.437883   -0.878422    0.000000
  1.65578E-02  1.66459E-02  1.67051E-02  1.67348E-02  1.67348E-02  1.67051E-02
       .            .            .            .            .            .
       .            .            .            .            .            .
       .            .            .            .            .            .
 -9.02721E-03 -9.02278E-03 -9.01392E-03 -9.00061E-03 -8.98283E-03 -8.96055E-03

338194 out of 512000 gridpoints are considered ( 66.1%).

...done!

 writing cube file quadrupole_expansion.cube                                                                                                                                                                                                                                                                                                                                                                                                                                                                                                                                                                                                                                                                                                                                                                                                                                                                                                                                                                                                                                       
Written cubefile and slice data
Running in analysis mode

Reading "/data/boittier/energies/h2o_geom.xyz.dir/h2o_542.chk.fchk.potential.cube"...

  h2o Potential=SCF
  Electrostatic potential from Total SCF Density
    3   -4.970736   -4.750675   -4.970736
   80    0.125841    0.000000    0.000000
   80    0.000000    0.125841    0.000000
   80    0.000000    0.000000    0.125841
    8    8.000000    0.000000    0.220060    0.000000
    1    1.000000    1.437883   -0.882059    0.000000
    1    1.000000   -1.437883   -0.878422    0.000000
  6.10377E-03  6.32605E-03  6.55541E-03  6.79184E-03  7.03530E-03  7.28572E-03
       .            .            .            .            .            .
       .            .            .            .            .            .
       .            .            .            .            .            .
 -6.68110E-03 -6.56445E-03 -6.44773E-03 -6.33109E-03 -6.21469E-03 -6.09868E-03

512000 out of 512000 gridpoints are considered (100.0%).

...done!

Reading "/home/boittier/esp_check/quadrupole_expansion.cube"...

  Fitted ESP
  Electrostatic potential fitted from quadrupole expansion.
    3   -4.970736   -4.750675   -4.970736
   80    0.125841    0.000000    0.000000
   80    0.000000    0.125841    0.000000
   80    0.000000    0.000000    0.125841
    8    8.000000    0.000000    0.220060    0.000000
    1    1.000000    1.437883   -0.882059    0.000000
    1    1.000000   -1.437883   -0.878422    0.000000
  6.04413E-03  6.26012E-03  6.48276E-03  6.71204E-03  6.94792E-03  7.19030E-03
       .            .            .            .            .            .
       .            .            .            .            .            .
       .            .            .            .            .            .
 -6.62647E-03 -6.51496E-03 -6.40308E-03 -6.29100E-03 -6.17887E-03 -6.06686E-03

512000 out of 512000 gridpoints are considered (100.0%).

...done!

                       Measure       RMSE[kcal/mol/e]   MaxError[kcal/mol/e]   NPoints
                         Total        6.841583070E-01        4.695214100E+00    407510
Close (  1.20 < r <   1.66 )          1.082060053E+00        4.695214100E+00    143088
Mid-range ( 1.66 < r <  2.20)         3.374337896E-01        1.073229445E+00    195106
Far-range (  2.20         < r)        1.197523937E-01        3.211593462E-01     69316
Did analysis and wrote slice data
