/home/boittier/esp_check
h2o_1398
/data/boittier/energies/h2o_geom.xyz.dir
Read multipoles for 3 atoms with max. rank 2
Running in generate mode

Reading "/data/boittier/energies/h2o_geom.xyz.dir/h2o_1398.chk.fchk.potential.cube"...

  h2o Potential=SCF
  Electrostatic potential from Total SCF Density
    3   -4.970736   -4.754856   -4.970736
   80    0.125841    0.000000    0.000000
   80    0.000000    0.125841    0.000000
   80    0.000000    0.000000    0.125841
    8    8.000000    0.000000    0.215879    0.000000
    1    1.000000    1.362677   -0.986894    0.000000
    1    1.000000   -1.362677   -0.740140    0.000000
  1.60984E-02  1.62140E-02  1.63015E-02  1.63603E-02  1.63899E-02  1.63899E-02
       .            .            .            .            .            .
       .            .            .            .            .            .
       .            .            .            .            .            .
 -1.01125E-02 -1.01062E-02 -1.00936E-02 -1.00747E-02 -1.00496E-02 -1.00182E-02

338989 out of 512000 gridpoints are considered ( 66.2%).

...done!

 writing cube file quadrupole_expansion.cube                                                                                                                                                                                                                                                                                                                                                                                                                                                                                                                                                                                                                                                                                                                                                                                                                                                                                                                                                                                                                                       
Written cubefile and slice data
Running in analysis mode

Reading "/data/boittier/energies/h2o_geom.xyz.dir/h2o_1398.chk.fchk.potential.cube"...

  h2o Potential=SCF
  Electrostatic potential from Total SCF Density
    3   -4.970736   -4.754856   -4.970736
   80    0.125841    0.000000    0.000000
   80    0.000000    0.125841    0.000000
   80    0.000000    0.000000    0.125841
    8    8.000000    0.000000    0.215879    0.000000
    1    1.000000    1.362677   -0.986894    0.000000
    1    1.000000   -1.362677   -0.740140    0.000000
  5.96355E-03  6.17164E-03  6.38593E-03  6.60640E-03  6.83298E-03  7.06557E-03
       .            .            .            .            .            .
       .            .            .            .            .            .
       .            .            .            .            .            .
 -7.03625E-03 -6.90725E-03 -6.77845E-03 -6.65001E-03 -6.52210E-03 -6.39486E-03

512000 out of 512000 gridpoints are considered (100.0%).

...done!

Reading "/home/boittier/esp_check/quadrupole_expansion.cube"...

  Fitted ESP
  Electrostatic potential fitted from quadrupole expansion.
    3   -4.970736   -4.754856   -4.970736
   80    0.125841    0.000000    0.000000
   80    0.000000    0.125841    0.000000
   80    0.000000    0.000000    0.125841
    8    8.000000    0.000000    0.215879    0.000000
    1    1.000000    1.362677   -0.986894    0.000000
    1    1.000000   -1.362677   -0.740140    0.000000
  5.91671E-03  6.11930E-03  6.32772E-03  6.54192E-03  6.76184E-03  6.98737E-03
       .            .            .            .            .            .
       .            .            .            .            .            .
       .            .            .            .            .            .
 -6.99681E-03 -6.87230E-03 -6.74771E-03 -6.62321E-03 -6.49898E-03 -6.37517E-03

512000 out of 512000 gridpoints are considered (100.0%).

...done!

                       Measure       RMSE[kcal/mol/e]   MaxError[kcal/mol/e]   NPoints
                         Total        6.748041489E-01        4.676451567E+00    409121
Close (  1.20 < r <   1.66 )          1.071243834E+00        4.676451567E+00    142372
Mid-range ( 1.66 < r <  2.20)         3.338827039E-01        1.049202107E+00    196617
Far-range (  2.20         < r)        1.193092287E-01        3.286706346E-01     70132
Did analysis and wrote slice data
