/home/boittier/esp_check
h2o_1712
/data/boittier/energies/h2o_geom.xyz.dir
Read multipoles for 3 atoms with max. rank 2
Running in generate mode

Reading "/data/boittier/energies/h2o_geom.xyz.dir/h2o_1712.chk.fchk.potential.cube"...

  h2o Potential=SCF
  Electrostatic potential from Total SCF Density
    3   -4.970736   -4.732345   -4.970736
   80    0.125841    0.000000    0.000000
   80    0.000000    0.125841    0.000000
   80    0.000000    0.000000    0.125841
    8    8.000000    0.000000    0.238391    0.000000
    1    1.000000    1.410315   -0.920388    0.000000
    1    1.000000   -1.410315   -0.986737    0.000000
  1.71526E-02  1.71526E-02  1.69655E-02  1.71459E-02  1.72986E-02  1.74224E-02
       .            .            .            .            .            .
       .            .            .            .            .            .
       .            .            .            .            .            .
 -9.44597E-03 -9.44107E-03 -9.43128E-03 -9.41657E-03 -9.39694E-03 -9.37239E-03

337949 out of 512000 gridpoints are considered ( 66.0%).

...done!

 writing cube file quadrupole_expansion.cube                                                                                                                                                                                                                                                                                                                                                                                                                                                                                                                                                                                                                                                                                                                                                                                                                                                                                                                                                                                                                                       
Written cubefile and slice data
Running in analysis mode

Reading "/data/boittier/energies/h2o_geom.xyz.dir/h2o_1712.chk.fchk.potential.cube"...

  h2o Potential=SCF
  Electrostatic potential from Total SCF Density
    3   -4.970736   -4.732345   -4.970736
   80    0.125841    0.000000    0.000000
   80    0.000000    0.125841    0.000000
   80    0.000000    0.000000    0.125841
    8    8.000000    0.000000    0.238391    0.000000
    1    1.000000    1.410315   -0.920388    0.000000
    1    1.000000   -1.410315   -0.986737    0.000000
  6.42249E-03  6.65663E-03  6.89830E-03  7.14749E-03  7.40419E-03  7.66832E-03
       .            .            .            .            .            .
       .            .            .            .            .            .
       .            .            .            .            .            .
 -6.88264E-03 -6.76259E-03 -6.64247E-03 -6.52244E-03 -6.40266E-03 -6.28327E-03

512000 out of 512000 gridpoints are considered (100.0%).

...done!

Reading "/home/boittier/esp_check/quadrupole_expansion.cube"...

  Fitted ESP
  Electrostatic potential fitted from quadrupole expansion.
    3   -4.970736   -4.732345   -4.970736
   80    0.125841    0.000000    0.000000
   80    0.000000    0.125841    0.000000
   80    0.000000    0.000000    0.125841
    8    8.000000    0.000000    0.238391    0.000000
    1    1.000000    1.410315   -0.920388    0.000000
    1    1.000000   -1.410315   -0.986737    0.000000
  6.36510E-03  6.59289E-03  6.82777E-03  7.06974E-03  7.31876E-03  7.57475E-03
       .            .            .            .            .            .
       .            .            .            .            .            .
       .            .            .            .            .            .
 -6.83170E-03 -6.71666E-03 -6.60127E-03 -6.48567E-03 -6.37006E-03 -6.25456E-03

512000 out of 512000 gridpoints are considered (100.0%).

...done!

                       Measure       RMSE[kcal/mol/e]   MaxError[kcal/mol/e]   NPoints
                         Total        6.634711326E-01        4.727907343E+00    406651
Close (  1.20 < r <   1.66 )          1.046776084E+00        4.727907343E+00    143681
Mid-range ( 1.66 < r <  2.20)         3.262094963E-01        1.055910183E+00    194268
Far-range (  2.20         < r)        1.141813595E-01        3.234183803E-01     68702
Did analysis and wrote slice data
