/home/boittier/esp_check
h2o_672
/data/boittier/energies/h2o_geom.xyz.dir
Read multipoles for 3 atoms with max. rank 2
Running in generate mode

Reading "/data/boittier/energies/h2o_geom.xyz.dir/h2o_672.chk.fchk.potential.cube"...

  h2o Potential=SCF
  Electrostatic potential from Total SCF Density
    3   -4.970736   -4.746293   -4.970736
   80    0.125841    0.000000    0.000000
   80    0.000000    0.125841    0.000000
   80    0.000000    0.000000    0.125841
    8    8.000000    0.000000    0.224443    0.000000
    1    1.000000    1.455917   -0.860590    0.000000
    1    1.000000   -1.455917   -0.934953    0.000000
  1.66214E-02  1.67996E-02  1.69505E-02  1.70727E-02  1.71654E-02  1.72276E-02
       .            .            .            .            .            .
       .            .            .            .            .            .
       .            .            .            .            .            .
 -8.78977E-03 -8.78581E-03 -8.77787E-03 -8.76593E-03 -8.74997E-03 -8.72994E-03

337920 out of 512000 gridpoints are considered ( 66.0%).

...done!

 writing cube file quadrupole_expansion.cube                                                                                                                                                                                                                                                                                                                                                                                                                                                                                                                                                                                                                                                                                                                                                                                                                                                                                                                                                                                                                                       
Written cubefile and slice data
Running in analysis mode

Reading "/data/boittier/energies/h2o_geom.xyz.dir/h2o_672.chk.fchk.potential.cube"...

  h2o Potential=SCF
  Electrostatic potential from Total SCF Density
    3   -4.970736   -4.746293   -4.970736
   80    0.125841    0.000000    0.000000
   80    0.000000    0.125841    0.000000
   80    0.000000    0.000000    0.125841
    8    8.000000    0.000000    0.224443    0.000000
    1    1.000000    1.455917   -0.860590    0.000000
    1    1.000000   -1.455917   -0.934953    0.000000
  6.20201E-03  6.43074E-03  6.66689E-03  6.91048E-03  7.16147E-03  7.41979E-03
       .            .            .            .            .            .
       .            .            .            .            .            .
       .            .            .            .            .            .
 -6.61575E-03 -6.50208E-03 -6.38826E-03 -6.27444E-03 -6.16077E-03 -6.04741E-03

512000 out of 512000 gridpoints are considered (100.0%).

...done!

Reading "/home/boittier/esp_check/quadrupole_expansion.cube"...

  Fitted ESP
  Electrostatic potential fitted from quadrupole expansion.
    3   -4.970736   -4.746293   -4.970736
   80    0.125841    0.000000    0.000000
   80    0.000000    0.125841    0.000000
   80    0.000000    0.000000    0.125841
    8    8.000000    0.000000    0.224443    0.000000
    1    1.000000    1.455917   -0.860590    0.000000
    1    1.000000   -1.455917   -0.934953    0.000000
  6.13958E-03  6.36180E-03  6.59102E-03  6.82722E-03  7.07038E-03  7.32042E-03
       .            .            .            .            .            .
       .            .            .            .            .            .
       .            .            .            .            .            .
 -6.55788E-03 -6.44948E-03 -6.34063E-03 -6.23149E-03 -6.12222E-03 -6.01298E-03

512000 out of 512000 gridpoints are considered (100.0%).

...done!

                       Measure       RMSE[kcal/mol/e]   MaxError[kcal/mol/e]   NPoints
                         Total        6.830635248E-01        4.711215591E+00    406862
Close (  1.20 < r <   1.66 )          1.078513169E+00        4.711215591E+00    143422
Mid-range ( 1.66 < r <  2.20)         3.365569257E-01        1.084712868E+00    194498
Far-range (  2.20         < r)        1.188559957E-01        3.246733993E-01     68942
Did analysis and wrote slice data
