/home/boittier/esp_check
h2o_1539
/data/boittier/energies/h2o_geom.xyz.dir
Read multipoles for 3 atoms with max. rank 2
Running in generate mode

Reading "/data/boittier/energies/h2o_geom.xyz.dir/h2o_1539.chk.fchk.potential.cube"...

  h2o Potential=SCF
  Electrostatic potential from Total SCF Density
    3   -4.970736   -4.738177   -4.970736
   80    0.125841    0.000000    0.000000
   80    0.000000    0.125841    0.000000
   80    0.000000    0.000000    0.125841
    8    8.000000    0.000000    0.232559    0.000000
    1    1.000000    1.490660   -0.795734    0.000000
    1    1.000000   -1.490660   -1.064735    0.000000
  1.73079E-02  1.73686E-02  1.73991E-02  1.73991E-02  1.73686E-02  1.73079E-02
       .            .            .            .            .            .
       .            .            .            .            .            .
       .            .            .            .            .            .
 -8.10971E-03 -8.10697E-03 -8.10149E-03 -8.09322E-03 -8.08210E-03 -8.06806E-03

337370 out of 512000 gridpoints are considered ( 65.9%).

...done!

 writing cube file quadrupole_expansion.cube                                                                                                                                                                                                                                                                                                                                                                                                                                                                                                                                                                                                                                                                                                                                                                                                                                                                                                                                                                                                                                       
Written cubefile and slice data
Running in analysis mode

Reading "/data/boittier/energies/h2o_geom.xyz.dir/h2o_1539.chk.fchk.potential.cube"...

  h2o Potential=SCF
  Electrostatic potential from Total SCF Density
    3   -4.970736   -4.738177   -4.970736
   80    0.125841    0.000000    0.000000
   80    0.000000    0.125841    0.000000
   80    0.000000    0.000000    0.125841
    8    8.000000    0.000000    0.232559    0.000000
    1    1.000000    1.490660   -0.795734    0.000000
    1    1.000000   -1.490660   -1.064735    0.000000
  6.39933E-03  6.64231E-03  6.89354E-03  7.15304E-03  7.42082E-03  7.69683E-03
       .            .            .            .            .            .
       .            .            .            .            .            .
       .            .            .            .            .            .
 -6.40150E-03 -6.29616E-03 -6.19046E-03 -6.08456E-03 -5.97860E-03 -5.87274E-03

512000 out of 512000 gridpoints are considered (100.0%).

...done!

Reading "/home/boittier/esp_check/quadrupole_expansion.cube"...

  Fitted ESP
  Electrostatic potential fitted from quadrupole expansion.
    3   -4.970736   -4.738177   -4.970736
   80    0.125841    0.000000    0.000000
   80    0.000000    0.125841    0.000000
   80    0.000000    0.000000    0.125841
    8    8.000000    0.000000    0.232559    0.000000
    1    1.000000    1.490660   -0.795734    0.000000
    1    1.000000   -1.490660   -1.064735    0.000000
  6.33116E-03  6.56723E-03  6.81109E-03  7.06277E-03  7.32224E-03  7.58946E-03
       .            .            .            .            .            .
       .            .            .            .            .            .
       .            .            .            .            .            .
 -6.33614E-03 -6.23633E-03 -6.13586E-03 -6.03490E-03 -5.93361E-03 -5.83211E-03

512000 out of 512000 gridpoints are considered (100.0%).

...done!

                       Measure       RMSE[kcal/mol/e]   MaxError[kcal/mol/e]   NPoints
                         Total        6.809947598E-01        4.718180946E+00    405580
Close (  1.20 < r <   1.66 )          1.071660639E+00        4.718180946E+00    144202
Mid-range ( 1.66 < r <  2.20)         3.339911708E-01        1.106487447E+00    193168
Far-range (  2.20         < r)        1.168700569E-01        3.301327316E-01     68210
Did analysis and wrote slice data
