/home/boittier/esp_check
h2o_1209
/data/boittier/energies/h2o_geom.xyz.dir
Read multipoles for 3 atoms with max. rank 2
Running in generate mode

Reading "/data/boittier/energies/h2o_geom.xyz.dir/h2o_1209.chk.fchk.potential.cube"...

  h2o Potential=SCF
  Electrostatic potential from Total SCF Density
    3   -4.970736   -4.742928   -4.970736
   80    0.125841    0.000000    0.000000
   80    0.000000    0.125841    0.000000
   80    0.000000    0.000000    0.125841
    8    8.000000    0.000000    0.227807    0.000000
    1    1.000000    1.453413   -0.872485    0.000000
    1    1.000000   -1.453413   -0.949974    0.000000
  1.67563E-02  1.69362E-02  1.70886E-02  1.72120E-02  1.73056E-02  1.73684E-02
       .            .            .            .            .            .
       .            .            .            .            .            .
       .            .            .            .            .            .
 -8.90087E-03 -8.89677E-03 -8.88855E-03 -8.87620E-03 -8.85969E-03 -8.83899E-03

337857 out of 512000 gridpoints are considered ( 66.0%).

...done!

 writing cube file quadrupole_expansion.cube                                                                                                                                                                                                                                                                                                                                                                                                                                                                                                                                                                                                                                                                                                                                                                                                                                                                                                                                                                                                                                       
Written cubefile and slice data
Running in analysis mode

Reading "/data/boittier/energies/h2o_geom.xyz.dir/h2o_1209.chk.fchk.potential.cube"...

  h2o Potential=SCF
  Electrostatic potential from Total SCF Density
    3   -4.970736   -4.742928   -4.970736
   80    0.125841    0.000000    0.000000
   80    0.000000    0.125841    0.000000
   80    0.000000    0.000000    0.125841
    8    8.000000    0.000000    0.227807    0.000000
    1    1.000000    1.453413   -0.872485    0.000000
    1    1.000000   -1.453413   -0.949974    0.000000
  6.25395E-03  6.48456E-03  6.72267E-03  6.96828E-03  7.22136E-03  7.48186E-03
       .            .            .            .            .            .
       .            .            .            .            .            .
       .            .            .            .            .            .
 -6.66644E-03 -6.55174E-03 -6.43690E-03 -6.32207E-03 -6.20740E-03 -6.09305E-03

512000 out of 512000 gridpoints are considered (100.0%).

...done!

Reading "/home/boittier/esp_check/quadrupole_expansion.cube"...

  Fitted ESP
  Electrostatic potential fitted from quadrupole expansion.
    3   -4.970736   -4.742928   -4.970736
   80    0.125841    0.000000    0.000000
   80    0.000000    0.125841    0.000000
   80    0.000000    0.000000    0.125841
    8    8.000000    0.000000    0.227807    0.000000
    1    1.000000    1.453413   -0.872485    0.000000
    1    1.000000   -1.453413   -0.949974    0.000000
  6.19218E-03  6.41628E-03  6.64745E-03  6.88568E-03  7.13093E-03  7.38313E-03
       .            .            .            .            .            .
       .            .            .            .            .            .
       .            .            .            .            .            .
 -6.60965E-03 -6.50018E-03 -6.39027E-03 -6.28009E-03 -6.16978E-03 -6.05952E-03

512000 out of 512000 gridpoints are considered (100.0%).

...done!

                       Measure       RMSE[kcal/mol/e]   MaxError[kcal/mol/e]   NPoints
                         Total        6.799652409E-01        4.717616188E+00    406667
Close (  1.20 < r <   1.66 )          1.073012408E+00        4.717616188E+00    143565
Mid-range ( 1.66 < r <  2.20)         3.347559882E-01        1.083834355E+00    194292
Far-range (  2.20         < r)        1.179044696E-01        3.254703363E-01     68810
Did analysis and wrote slice data
