/home/boittier/esp_check
h2o_1667
/data/boittier/energies/h2o_geom.xyz.dir
Read multipoles for 3 atoms with max. rank 2
Running in generate mode

Reading "/data/boittier/energies/h2o_geom.xyz.dir/h2o_1667.chk.fchk.potential.cube"...

  h2o Potential=SCF
  Electrostatic potential from Total SCF Density
    3   -4.970736   -4.762624   -4.970736
   80    0.125841    0.000000    0.000000
   80    0.000000    0.125841    0.000000
   80    0.000000    0.000000    0.125841
    8    8.000000    0.000000    0.208112    0.000000
    1    1.000000    1.468828   -0.860097    0.000000
    1    1.000000   -1.468828   -0.804796    0.000000
  1.59865E-02  1.61607E-02  1.63082E-02  1.64277E-02  1.65183E-02  1.65791E-02
       .            .            .            .            .            .
       .            .            .            .            .            .
       .            .            .            .            .            .
 -8.70461E-03 -8.70058E-03 -8.69251E-03 -8.68038E-03 -8.66417E-03 -8.64384E-03

338103 out of 512000 gridpoints are considered ( 66.0%).

...done!

 writing cube file quadrupole_expansion.cube                                                                                                                                                                                                                                                                                                                                                                                                                                                                                                                                                                                                                                                                                                                                                                                                                                                                                                                                                                                                                                       
Written cubefile and slice data
Running in analysis mode

Reading "/data/boittier/energies/h2o_geom.xyz.dir/h2o_1667.chk.fchk.potential.cube"...

  h2o Potential=SCF
  Electrostatic potential from Total SCF Density
    3   -4.970736   -4.762624   -4.970736
   80    0.125841    0.000000    0.000000
   80    0.000000    0.125841    0.000000
   80    0.000000    0.000000    0.125841
    8    8.000000    0.000000    0.208112    0.000000
    1    1.000000    1.468828   -0.860097    0.000000
    1    1.000000   -1.468828   -0.804796    0.000000
  5.85411E-03  6.06801E-03  6.28870E-03  6.51618E-03  6.75042E-03  6.99132E-03
       .            .            .            .            .            .
       .            .            .            .            .            .
       .            .            .            .            .            .
 -6.53387E-03 -6.41999E-03 -6.30601E-03 -6.19210E-03 -6.07841E-03 -5.96509E-03

512000 out of 512000 gridpoints are considered (100.0%).

...done!

Reading "/home/boittier/esp_check/quadrupole_expansion.cube"...

  Fitted ESP
  Electrostatic potential fitted from quadrupole expansion.
    3   -4.970736   -4.762624   -4.970736
   80    0.125841    0.000000    0.000000
   80    0.000000    0.125841    0.000000
   80    0.000000    0.000000    0.125841
    8    8.000000    0.000000    0.208112    0.000000
    1    1.000000    1.468828   -0.860097    0.000000
    1    1.000000   -1.468828   -0.804796    0.000000
  5.79373E-03  6.00140E-03  6.21545E-03  6.43587E-03  6.66261E-03  6.89558E-03
       .            .            .            .            .            .
       .            .            .            .            .            .
       .            .            .            .            .            .
 -6.47805E-03 -6.36930E-03 -6.26016E-03 -6.15081E-03 -6.04141E-03 -5.93209E-03

512000 out of 512000 gridpoints are considered (100.0%).

...done!

                       Measure       RMSE[kcal/mol/e]   MaxError[kcal/mol/e]   NPoints
                         Total        6.963868503E-01        4.672937514E+00    407717
Close (  1.20 < r <   1.66 )          1.102734468E+00        4.672937514E+00    142749
Mid-range ( 1.66 < r <  2.20)         3.437534657E-01        1.122112432E+00    195354
Far-range (  2.20         < r)        1.230387711E-01        3.260099944E-01     69614
Did analysis and wrote slice data
