/home/boittier/esp_check
h2o_310
/data/boittier/energies/h2o_geom.xyz.dir
Read multipoles for 3 atoms with max. rank 2
Running in generate mode

Reading "/data/boittier/energies/h2o_geom.xyz.dir/h2o_310.chk.fchk.potential.cube"...

  h2o Potential=SCF
  Electrostatic potential from Total SCF Density
    3   -4.970736   -4.747083   -4.970736
   80    0.125841    0.000000    0.000000
   80    0.000000    0.125841    0.000000
   80    0.000000    0.000000    0.125841
    8    8.000000    0.000000    0.223653    0.000000
    1    1.000000    1.465995   -0.838982    0.000000
    1    1.000000   -1.465995   -0.950243    0.000000
  1.68750E-02  1.69047E-02  1.69047E-02  1.68750E-02  1.65420E-02  1.67493E-02
       .            .            .            .            .            .
       .            .            .            .            .            .
       .            .            .            .            .            .
 -8.57028E-03 -8.56667E-03 -8.55944E-03 -8.54856E-03 -8.53400E-03 -8.51570E-03

337829 out of 512000 gridpoints are considered ( 66.0%).

...done!

 writing cube file quadrupole_expansion.cube                                                                                                                                                                                                                                                                                                                                                                                                                                                                                                                                                                                                                                                                                                                                                                                                                                                                                                                                                                                                                                       
Written cubefile and slice data
Running in analysis mode

Reading "/data/boittier/energies/h2o_geom.xyz.dir/h2o_310.chk.fchk.potential.cube"...

  h2o Potential=SCF
  Electrostatic potential from Total SCF Density
    3   -4.970736   -4.747083   -4.970736
   80    0.125841    0.000000    0.000000
   80    0.000000    0.125841    0.000000
   80    0.000000    0.000000    0.125841
    8    8.000000    0.000000    0.223653    0.000000
    1    1.000000    1.465995   -0.838982    0.000000
    1    1.000000   -1.465995   -0.950243    0.000000
  6.20543E-03  6.43573E-03  6.67356E-03  6.91895E-03  7.17186E-03  7.43223E-03
       .            .            .            .            .            .
       .            .            .            .            .            .
       .            .            .            .            .            .
 -6.53647E-03 -6.42524E-03 -6.31380E-03 -6.20232E-03 -6.09094E-03 -5.97982E-03

512000 out of 512000 gridpoints are considered (100.0%).

...done!

Reading "/home/boittier/esp_check/quadrupole_expansion.cube"...

  Fitted ESP
  Electrostatic potential fitted from quadrupole expansion.
    3   -4.970736   -4.747083   -4.970736
   80    0.125841    0.000000    0.000000
   80    0.000000    0.125841    0.000000
   80    0.000000    0.000000    0.125841
    8    8.000000    0.000000    0.223653    0.000000
    1    1.000000    1.465995   -0.838982    0.000000
    1    1.000000   -1.465995   -0.950243    0.000000
  6.14116E-03  6.36485E-03  6.59565E-03  6.83355E-03  7.07852E-03  7.33049E-03
       .            .            .            .            .            .
       .            .            .            .            .            .
       .            .            .            .            .            .
 -6.47613E-03 -6.37026E-03 -6.26389E-03 -6.15718E-03 -6.05029E-03 -5.94338E-03

512000 out of 512000 gridpoints are considered (100.0%).

...done!

                       Measure       RMSE[kcal/mol/e]   MaxError[kcal/mol/e]   NPoints
                         Total        6.851489688E-01        4.711090089E+00    406717
Close (  1.20 < r <   1.66 )          1.081465266E+00        4.711090089E+00    143487
Mid-range ( 1.66 < r <  2.20)         3.374441918E-01        1.091929227E+00    194342
Far-range (  2.20         < r)        1.191310900E-01        3.255268121E-01     68888
Did analysis and wrote slice data
