/home/boittier/esp_check
h2o_1379
/data/boittier/energies/h2o_geom.xyz.dir
Read multipoles for 3 atoms with max. rank 2
Running in generate mode

Reading "/data/boittier/energies/h2o_geom.xyz.dir/h2o_1379.chk.fchk.potential.cube"...

  h2o Potential=SCF
  Electrostatic potential from Total SCF Density
    3   -4.970736   -4.756365   -4.970736
   80    0.125841    0.000000    0.000000
   80    0.000000    0.125841    0.000000
   80    0.000000    0.000000    0.125841
    8    8.000000    0.000000    0.214371    0.000000
    1    1.000000    1.433322   -0.895184    0.000000
    1    1.000000   -1.433322   -0.819781    0.000000
  1.62431E-02  1.63896E-02  1.65083E-02  1.65983E-02  1.66586E-02  1.66890E-02
       .            .            .            .            .            .
       .            .            .            .            .            .
       .            .            .            .            .            .
 -9.13987E-03 -9.13518E-03 -9.12578E-03 -9.11168E-03 -9.09285E-03 -9.06929E-03

338365 out of 512000 gridpoints are considered ( 66.1%).

...done!

 writing cube file quadrupole_expansion.cube                                                                                                                                                                                                                                                                                                                                                                                                                                                                                                                                                                                                                                                                                                                                                                                                                                                                                                                                                                                                                                       
Written cubefile and slice data
Running in analysis mode

Reading "/data/boittier/energies/h2o_geom.xyz.dir/h2o_1379.chk.fchk.potential.cube"...

  h2o Potential=SCF
  Electrostatic potential from Total SCF Density
    3   -4.970736   -4.756365   -4.970736
   80    0.125841    0.000000    0.000000
   80    0.000000    0.125841    0.000000
   80    0.000000    0.000000    0.125841
    8    8.000000    0.000000    0.214371    0.000000
    1    1.000000    1.433322   -0.895184    0.000000
    1    1.000000   -1.433322   -0.819781    0.000000
  5.97350E-03  6.18924E-03  6.41174E-03  6.64101E-03  6.87698E-03  7.11958E-03
       .            .            .            .            .            .
       .            .            .            .            .            .
       .            .            .            .            .            .
 -6.70043E-03 -6.58211E-03 -6.46378E-03 -6.34558E-03 -6.22768E-03 -6.11023E-03

512000 out of 512000 gridpoints are considered (100.0%).

...done!

Reading "/home/boittier/esp_check/quadrupole_expansion.cube"...

  Fitted ESP
  Electrostatic potential fitted from quadrupole expansion.
    3   -4.970736   -4.756365   -4.970736
   80    0.125841    0.000000    0.000000
   80    0.000000    0.125841    0.000000
   80    0.000000    0.000000    0.125841
    8    8.000000    0.000000    0.214371    0.000000
    1    1.000000    1.433322   -0.895184    0.000000
    1    1.000000   -1.433322   -0.819781    0.000000
  5.91609E-03  6.12572E-03  6.34171E-03  6.56404E-03  6.79264E-03  7.02744E-03
       .            .            .            .            .            .
       .            .            .            .            .            .
       .            .            .            .            .            .
 -6.64832E-03 -6.53501E-03 -6.42140E-03 -6.30765E-03 -6.19392E-03 -6.08036E-03

512000 out of 512000 gridpoints are considered (100.0%).

...done!

                       Measure       RMSE[kcal/mol/e]   MaxError[kcal/mol/e]   NPoints
                         Total        6.874810944E-01        4.680844133E+00    407981
Close (  1.20 < r <   1.66 )          1.088589679E+00        4.680844133E+00    142837
Mid-range ( 1.66 < r <  2.20)         3.395043848E-01        1.082767589E+00    195528
Far-range (  2.20         < r)        1.211160854E-01        3.216864542E-01     69616
Did analysis and wrote slice data
