/home/boittier/esp_check
h2o_163
/data/boittier/energies/h2o_geom.xyz.dir
Read multipoles for 3 atoms with max. rank 2
Running in generate mode

Reading "/data/boittier/energies/h2o_geom.xyz.dir/h2o_163.chk.fchk.potential.cube"...

  h2o Potential=SCF
  Electrostatic potential from Total SCF Density
    3   -4.970736   -4.747587   -4.970736
   80    0.125841    0.000000    0.000000
   80    0.000000    0.125841    0.000000
   80    0.000000    0.000000    0.125841
    8    8.000000    0.000000    0.223149    0.000000
    1    1.000000    1.440511   -0.877634    0.000000
    1    1.000000   -1.440511   -0.907555    0.000000
  1.66907E-02  1.68096E-02  1.68997E-02  1.69602E-02  1.69906E-02  1.69906E-02
       .            .            .            .            .            .
       .            .            .            .            .            .
       .            .            .            .            .            .
 -8.98558E-03 -8.98127E-03 -8.97262E-03 -8.95964E-03 -8.94229E-03 -8.92056E-03

338071 out of 512000 gridpoints are considered ( 66.0%).

...done!

 writing cube file quadrupole_expansion.cube                                                                                                                                                                                                                                                                                                                                                                                                                                                                                                                                                                                                                                                                                                                                                                                                                                                                                                                                                                                                                                       
Written cubefile and slice data
Running in analysis mode

Reading "/data/boittier/energies/h2o_geom.xyz.dir/h2o_163.chk.fchk.potential.cube"...

  h2o Potential=SCF
  Electrostatic potential from Total SCF Density
    3   -4.970736   -4.747587   -4.970736
   80    0.125841    0.000000    0.000000
   80    0.000000    0.125841    0.000000
   80    0.000000    0.000000    0.125841
    8    8.000000    0.000000    0.223149    0.000000
    1    1.000000    1.440511   -0.877634    0.000000
    1    1.000000   -1.440511   -0.907555    0.000000
  6.16798E-03  6.39352E-03  6.62630E-03  6.86631E-03  7.11351E-03  7.36784E-03
       .            .            .            .            .            .
       .            .            .            .            .            .
       .            .            .            .            .            .
 -6.67715E-03 -6.56120E-03 -6.44513E-03 -6.32913E-03 -6.21334E-03 -6.09790E-03

512000 out of 512000 gridpoints are considered (100.0%).

...done!

Reading "/home/boittier/esp_check/quadrupole_expansion.cube"...

  Fitted ESP
  Electrostatic potential fitted from quadrupole expansion.
    3   -4.970736   -4.747587   -4.970736
   80    0.125841    0.000000    0.000000
   80    0.000000    0.125841    0.000000
   80    0.000000    0.000000    0.125841
    8    8.000000    0.000000    0.223149    0.000000
    1    1.000000    1.440511   -0.877634    0.000000
    1    1.000000   -1.440511   -0.907555    0.000000
  6.10751E-03  6.32668E-03  6.55266E-03  6.78543E-03  7.02495E-03  7.27114E-03
       .            .            .            .            .            .
       .            .            .            .            .            .
       .            .            .            .            .            .
 -6.62163E-03 -6.51085E-03 -6.39967E-03 -6.28826E-03 -6.17678E-03 -6.06539E-03

512000 out of 512000 gridpoints are considered (100.0%).

...done!

                       Measure       RMSE[kcal/mol/e]   MaxError[kcal/mol/e]   NPoints
                         Total        6.816582659E-01        4.704501240E+00    407204
Close (  1.20 < r <   1.66 )          1.077153305E+00        4.704501240E+00    143256
Mid-range ( 1.66 < r <  2.20)         3.361912463E-01        1.075300226E+00    194815
Far-range (  2.20         < r)        1.189163288E-01        3.225837927E-01     69133
Did analysis and wrote slice data
