/home/boittier/esp_check
h2o_1218
/data/boittier/energies/h2o_geom.xyz.dir
Read multipoles for 3 atoms with max. rank 2
Running in generate mode

Reading "/data/boittier/energies/h2o_geom.xyz.dir/h2o_1218.chk.fchk.potential.cube"...

  h2o Potential=SCF
  Electrostatic potential from Total SCF Density
    3   -4.970736   -4.754947   -4.970736
   80    0.125841    0.000000    0.000000
   80    0.000000    0.125841    0.000000
   80    0.000000    0.000000    0.125841
    8    8.000000    0.000000    0.215789    0.000000
    1    1.000000    1.422039   -0.922680    0.000000
    1    1.000000   -1.422039   -0.803628    0.000000
  1.62668E-02  1.63836E-02  1.64721E-02  1.65315E-02  1.65613E-02  1.65613E-02
       .            .            .            .            .            .
       .            .            .            .            .            .
       .            .            .            .            .            .
 -9.40610E-03 -9.40099E-03 -9.39077E-03 -9.37542E-03 -9.35496E-03 -9.32936E-03

338406 out of 512000 gridpoints are considered ( 66.1%).

...done!

 writing cube file quadrupole_expansion.cube                                                                                                                                                                                                                                                                                                                                                                                                                                                                                                                                                                                                                                                                                                                                                                                                                                                                                                                                                                                                                                       
Written cubefile and slice data
Running in analysis mode

Reading "/data/boittier/energies/h2o_geom.xyz.dir/h2o_1218.chk.fchk.potential.cube"...

  h2o Potential=SCF
  Electrostatic potential from Total SCF Density
    3   -4.970736   -4.754947   -4.970736
   80    0.125841    0.000000    0.000000
   80    0.000000    0.125841    0.000000
   80    0.000000    0.000000    0.125841
    8    8.000000    0.000000    0.215789    0.000000
    1    1.000000    1.422039   -0.922680    0.000000
    1    1.000000   -1.422039   -0.803628    0.000000
  5.97929E-03  6.19371E-03  6.41479E-03  6.64252E-03  6.87684E-03  7.11766E-03
       .            .            .            .            .            .
       .            .            .            .            .            .
       .            .            .            .            .            .
 -6.79924E-03 -6.67803E-03 -6.55685E-03 -6.43586E-03 -6.31523E-03 -6.19511E-03

512000 out of 512000 gridpoints are considered (100.0%).

...done!

Reading "/home/boittier/esp_check/quadrupole_expansion.cube"...

  Fitted ESP
  Electrostatic potential fitted from quadrupole expansion.
    3   -4.970736   -4.754947   -4.970736
   80    0.125841    0.000000    0.000000
   80    0.000000    0.125841    0.000000
   80    0.000000    0.000000    0.125841
    8    8.000000    0.000000    0.215789    0.000000
    1    1.000000    1.422039   -0.922680    0.000000
    1    1.000000   -1.422039   -0.803628    0.000000
  5.92436E-03  6.13280E-03  6.34749E-03  6.56842E-03  6.79552E-03  7.02870E-03
       .            .            .            .            .            .
       .            .            .            .            .            .
       .            .            .            .            .            .
 -6.75038E-03 -6.63405E-03 -6.51746E-03 -6.40080E-03 -6.28421E-03 -6.16786E-03

512000 out of 512000 gridpoints are considered (100.0%).

...done!

                       Measure       RMSE[kcal/mol/e]   MaxError[kcal/mol/e]   NPoints
                         Total        6.844754145E-01        4.681471643E+00    408062
Close (  1.20 < r <   1.66 )          1.083935831E+00        4.681471643E+00    142806
Mid-range ( 1.66 < r <  2.20)         3.382722918E-01        1.069401637E+00    195600
Far-range (  2.20         < r)        1.205589196E-01        3.232991535E-01     69656
Did analysis and wrote slice data
