/home/boittier/esp_check
h2o_317
/data/boittier/energies/h2o_geom.xyz.dir
Read multipoles for 3 atoms with max. rank 2
Running in generate mode

Reading "/data/boittier/energies/h2o_geom.xyz.dir/h2o_317.chk.fchk.potential.cube"...

  h2o Potential=SCF
  Electrostatic potential from Total SCF Density
    3   -4.970736   -4.748456   -4.970736
   80    0.125841    0.000000    0.000000
   80    0.000000    0.125841    0.000000
   80    0.000000    0.000000    0.125841
    8    8.000000    0.000000    0.222280    0.000000
    1    1.000000    1.466678   -0.839249    0.000000
    1    1.000000   -1.466678   -0.938992    0.000000
  1.66590E-02  1.68387E-02  1.69908E-02  1.71141E-02  1.72074E-02  1.72702E-02
       .            .            .            .            .            .
       .            .            .            .            .            .
       .            .            .            .            .            .
 -8.56855E-03 -8.56493E-03 -8.55767E-03 -8.54676E-03 -8.53214E-03 -8.51379E-03

337844 out of 512000 gridpoints are considered ( 66.0%).

...done!

 writing cube file quadrupole_expansion.cube                                                                                                                                                                                                                                                                                                                                                                                                                                                                                                                                                                                                                                                                                                                                                                                                                                                                                                                                                                                                                                       
Written cubefile and slice data
Running in analysis mode

Reading "/data/boittier/energies/h2o_geom.xyz.dir/h2o_317.chk.fchk.potential.cube"...

  h2o Potential=SCF
  Electrostatic potential from Total SCF Density
    3   -4.970736   -4.748456   -4.970736
   80    0.125841    0.000000    0.000000
   80    0.000000    0.125841    0.000000
   80    0.000000    0.000000    0.125841
    8    8.000000    0.000000    0.222280    0.000000
    1    1.000000    1.466678   -0.839249    0.000000
    1    1.000000   -1.466678   -0.938992    0.000000
  6.17852E-03  6.40758E-03  6.64413E-03  6.88817E-03  7.13968E-03  7.39859E-03
       .            .            .            .            .            .
       .            .            .            .            .            .
       .            .            .            .            .            .
 -6.53194E-03 -6.42063E-03 -6.30912E-03 -6.19757E-03 -6.08613E-03 -5.97495E-03

512000 out of 512000 gridpoints are considered (100.0%).

...done!

Reading "/home/boittier/esp_check/quadrupole_expansion.cube"...

  Fitted ESP
  Electrostatic potential fitted from quadrupole expansion.
    3   -4.970736   -4.748456   -4.970736
   80    0.125841    0.000000    0.000000
   80    0.000000    0.125841    0.000000
   80    0.000000    0.000000    0.125841
    8    8.000000    0.000000    0.222280    0.000000
    1    1.000000    1.466678   -0.839249    0.000000
    1    1.000000   -1.466678   -0.938992    0.000000
  6.11435E-03  6.33683E-03  6.56636E-03  6.80294E-03  7.04653E-03  7.29707E-03
       .            .            .            .            .            .
       .            .            .            .            .            .
       .            .            .            .            .            .
 -6.47171E-03 -6.36575E-03 -6.25930E-03 -6.15252E-03 -6.04556E-03 -5.93859E-03

512000 out of 512000 gridpoints are considered (100.0%).

...done!

                       Measure       RMSE[kcal/mol/e]   MaxError[kcal/mol/e]   NPoints
                         Total        6.863101669E-01        4.708454550E+00    406804
Close (  1.20 < r <   1.66 )          1.083570081E+00        4.708454550E+00    143423
Mid-range ( 1.66 < r <  2.20)         3.381524394E-01        1.095066774E+00    194421
Far-range (  2.20         < r)        1.195514092E-01        3.252256076E-01     68960
Did analysis and wrote slice data
