/home/boittier/esp_check
h2o_1134
/data/boittier/energies/h2o_geom.xyz.dir
Read multipoles for 3 atoms with max. rank 2
Running in generate mode

Reading "/data/boittier/energies/h2o_geom.xyz.dir/h2o_1134.chk.fchk.potential.cube"...

  h2o Potential=SCF
  Electrostatic potential from Total SCF Density
    3   -4.970736   -4.755794   -4.970736
   80    0.125841    0.000000    0.000000
   80    0.000000    0.125841    0.000000
   80    0.000000    0.000000    0.125841
    8    8.000000    0.000000    0.214942    0.000000
    1    1.000000    1.475529   -0.833724    0.000000
    1    1.000000   -1.475529   -0.885810    0.000000
  1.65508E-02  1.66700E-02  1.67603E-02  1.68209E-02  1.68513E-02  1.68513E-02
       .            .            .            .            .            .
       .            .            .            .            .            .
       .            .            .            .            .            .
 -8.47663E-03 -8.47308E-03 -8.46596E-03 -8.45525E-03 -8.44091E-03 -8.42290E-03

337944 out of 512000 gridpoints are considered ( 66.0%).

...done!

 writing cube file quadrupole_expansion.cube                                                                                                                                                                                                                                                                                                                                                                                                                                                                                                                                                                                                                                                                                                                                                                                                                                                                                                                                                                                                                                       
Written cubefile and slice data
Running in analysis mode

Reading "/data/boittier/energies/h2o_geom.xyz.dir/h2o_1134.chk.fchk.potential.cube"...

  h2o Potential=SCF
  Electrostatic potential from Total SCF Density
    3   -4.970736   -4.755794   -4.970736
   80    0.125841    0.000000    0.000000
   80    0.000000    0.125841    0.000000
   80    0.000000    0.000000    0.125841
    8    8.000000    0.000000    0.214942    0.000000
    1    1.000000    1.475529   -0.833724    0.000000
    1    1.000000   -1.475529   -0.885810    0.000000
  6.03318E-03  6.25630E-03  6.48667E-03  6.72428E-03  6.96911E-03  7.22107E-03
       .            .            .            .            .            .
       .            .            .            .            .            .
       .            .            .            .            .            .
 -6.47842E-03 -6.36762E-03 -6.25663E-03 -6.14562E-03 -6.03474E-03 -5.92412E-03

512000 out of 512000 gridpoints are considered (100.0%).

...done!

Reading "/home/boittier/esp_check/quadrupole_expansion.cube"...

  Fitted ESP
  Electrostatic potential fitted from quadrupole expansion.
    3   -4.970736   -4.755794   -4.970736
   80    0.125841    0.000000    0.000000
   80    0.000000    0.125841    0.000000
   80    0.000000    0.000000    0.125841
    8    8.000000    0.000000    0.214942    0.000000
    1    1.000000    1.475529   -0.833724    0.000000
    1    1.000000   -1.475529   -0.885810    0.000000
  5.96911E-03  6.18573E-03  6.40917E-03  6.63941E-03  6.87641E-03  7.12010E-03
       .            .            .            .            .            .
       .            .            .            .            .            .
       .            .            .            .            .            .
 -6.41817E-03 -6.31271E-03 -6.20677E-03 -6.10051E-03 -5.99409E-03 -5.88767E-03

512000 out of 512000 gridpoints are considered (100.0%).

...done!

                       Measure       RMSE[kcal/mol/e]   MaxError[kcal/mol/e]   NPoints
                         Total        6.928964029E-01        4.692139304E+00    407150
Close (  1.20 < r <   1.66 )          1.095324473E+00        4.692139304E+00    143125
Mid-range ( 1.66 < r <  2.20)         3.416674754E-01        1.116966855E+00    194819
Far-range (  2.20         < r)        1.214164423E-01        3.237070347E-01     69206
Did analysis and wrote slice data
