/home/boittier/esp_check
h2o_1391
/data/boittier/energies/h2o_geom.xyz.dir
Read multipoles for 3 atoms with max. rank 2
Running in generate mode

Reading "/data/boittier/energies/h2o_geom.xyz.dir/h2o_1391.chk.fchk.potential.cube"...

  h2o Potential=SCF
  Electrostatic potential from Total SCF Density
    3   -4.970736   -4.755581   -4.970736
   80    0.125841    0.000000    0.000000
   80    0.000000    0.125841    0.000000
   80    0.000000    0.000000    0.125841
    8    8.000000    0.000000    0.215155    0.000000
    1    1.000000    1.516745   -0.777459    0.000000
    1    1.000000   -1.516745   -0.943778    0.000000
  1.67650E-02  1.68550E-02  1.69155E-02  1.69458E-02  1.69458E-02  1.69155E-02
       .            .            .            .            .            .
       .            .            .            .            .            .
       .            .            .            .            .            .
 -7.83646E-03 -7.83404E-03 -7.82916E-03 -7.82178E-03 -7.81186E-03 -7.79929E-03

337501 out of 512000 gridpoints are considered ( 65.9%).

...done!

 writing cube file quadrupole_expansion.cube                                                                                                                                                                                                                                                                                                                                                                                                                                                                                                                                                                                                                                                                                                                                                                                                                                                                                                                                                                                                                                       
Written cubefile and slice data
Running in analysis mode

Reading "/data/boittier/energies/h2o_geom.xyz.dir/h2o_1391.chk.fchk.potential.cube"...

  h2o Potential=SCF
  Electrostatic potential from Total SCF Density
    3   -4.970736   -4.755581   -4.970736
   80    0.125841    0.000000    0.000000
   80    0.000000    0.125841    0.000000
   80    0.000000    0.000000    0.125841
    8    8.000000    0.000000    0.215155    0.000000
    1    1.000000    1.516745   -0.777459    0.000000
    1    1.000000   -1.516745   -0.943778    0.000000
  6.08920E-03  6.31953E-03  6.55756E-03  6.80332E-03  7.05678E-03  7.31790E-03
       .            .            .            .            .            .
       .            .            .            .            .            .
       .            .            .            .            .            .
 -6.26561E-03 -6.16210E-03 -6.05825E-03 -5.95422E-03 -5.85013E-03 -5.74615E-03

512000 out of 512000 gridpoints are considered (100.0%).

...done!

Reading "/home/boittier/esp_check/quadrupole_expansion.cube"...

  Fitted ESP
  Electrostatic potential fitted from quadrupole expansion.
    3   -4.970736   -4.755581   -4.970736
   80    0.125841    0.000000    0.000000
   80    0.000000    0.125841    0.000000
   80    0.000000    0.000000    0.125841
    8    8.000000    0.000000    0.215155    0.000000
    1    1.000000    1.516745   -0.777459    0.000000
    1    1.000000   -1.516745   -0.943778    0.000000
  6.01947E-03  6.24297E-03  6.47373E-03  6.71175E-03  6.95702E-03  7.20947E-03
       .            .            .            .            .            .
       .            .            .            .            .            .
       .            .            .            .            .            .
 -6.19840E-03 -6.10049E-03 -6.00195E-03 -5.90291E-03 -5.80354E-03 -5.70399E-03

512000 out of 512000 gridpoints are considered (100.0%).

...done!

                       Measure       RMSE[kcal/mol/e]   MaxError[kcal/mol/e]   NPoints
                         Total        6.979334449E-01        4.701489195E+00    406341
Close (  1.20 < r <   1.66 )          1.101103423E+00        4.701489195E+00    143555
Mid-range ( 1.66 < r <  2.20)         3.433506355E-01        1.146899056E+00    193946
Far-range (  2.20         < r)        1.216516660E-01        3.294926720E-01     68840
Did analysis and wrote slice data
