/home/boittier/esp_check
h2o_356
/data/boittier/energies/h2o_geom.xyz.dir
Read multipoles for 3 atoms with max. rank 2
Running in generate mode

Reading "/data/boittier/energies/h2o_geom.xyz.dir/h2o_356.chk.fchk.potential.cube"...

  h2o Potential=SCF
  Electrostatic potential from Total SCF Density
    3   -4.970736   -4.747726   -4.970736
   80    0.125841    0.000000    0.000000
   80    0.000000    0.125841    0.000000
   80    0.000000    0.000000    0.125841
    8    8.000000    0.000000    0.223009    0.000000
    1    1.000000    1.461746   -0.845228    0.000000
    1    1.000000   -1.461746   -0.938847    0.000000
  1.66487E-02  1.68279E-02  1.69796E-02  1.71025E-02  1.71957E-02  1.72582E-02
       .            .            .            .            .            .
       .            .            .            .            .            .
       .            .            .            .            .            .
 -8.63794E-03 -8.63421E-03 -8.62673E-03 -8.61549E-03 -8.60044E-03 -8.58155E-03

337895 out of 512000 gridpoints are considered ( 66.0%).

...done!

 writing cube file quadrupole_expansion.cube                                                                                                                                                                                                                                                                                                                                                                                                                                                                                                                                                                                                                                                                                                                                                                                                                                                                                                                                                                                                                                       
Written cubefile and slice data
Running in analysis mode

Reading "/data/boittier/energies/h2o_geom.xyz.dir/h2o_356.chk.fchk.potential.cube"...

  h2o Potential=SCF
  Electrostatic potential from Total SCF Density
    3   -4.970736   -4.747726   -4.970736
   80    0.125841    0.000000    0.000000
   80    0.000000    0.125841    0.000000
   80    0.000000    0.000000    0.125841
    8    8.000000    0.000000    0.223009    0.000000
    1    1.000000    1.461746   -0.845228    0.000000
    1    1.000000   -1.461746   -0.938847    0.000000
  6.18848E-03  6.41748E-03  6.65394E-03  6.89788E-03  7.14927E-03  7.40803E-03
       .            .            .            .            .            .
       .            .            .            .            .            .
       .            .            .            .            .            .
 -6.55754E-03 -6.44550E-03 -6.33327E-03 -6.22102E-03 -6.10889E-03 -5.99703E-03

512000 out of 512000 gridpoints are considered (100.0%).

...done!

Reading "/home/boittier/esp_check/quadrupole_expansion.cube"...

  Fitted ESP
  Electrostatic potential fitted from quadrupole expansion.
    3   -4.970736   -4.747726   -4.970736
   80    0.125841    0.000000    0.000000
   80    0.000000    0.125841    0.000000
   80    0.000000    0.000000    0.125841
    8    8.000000    0.000000    0.223009    0.000000
    1    1.000000    1.461746   -0.845228    0.000000
    1    1.000000   -1.461746   -0.938847    0.000000
  6.12486E-03  6.34730E-03  6.57677E-03  6.81328E-03  7.05677E-03  7.30719E-03
       .            .            .            .            .            .
       .            .            .            .            .            .
       .            .            .            .            .            .
 -6.49801E-03 -6.39130E-03 -6.28410E-03 -6.17659E-03 -6.06892E-03 -5.96124E-03

512000 out of 512000 gridpoints are considered (100.0%).

...done!

                       Measure       RMSE[kcal/mol/e]   MaxError[kcal/mol/e]   NPoints
                         Total        6.852055444E-01        4.709207561E+00    406869
Close (  1.20 < r <   1.66 )          1.082007609E+00        4.709207561E+00    143399
Mid-range ( 1.66 < r <  2.20)         3.375631135E-01        1.089607442E+00    194496
Far-range (  2.20         < r)        1.193252616E-01        3.249181280E-01     68974
Did analysis and wrote slice data
