/home/boittier/esp_check
h2o_234
/data/boittier/energies/h2o_geom.xyz.dir
Read multipoles for 3 atoms with max. rank 2
Running in generate mode

Reading "/data/boittier/energies/h2o_geom.xyz.dir/h2o_234.chk.fchk.potential.cube"...

  h2o Potential=SCF
  Electrostatic potential from Total SCF Density
    3   -4.970736   -4.746173   -4.970736
   80    0.125841    0.000000    0.000000
   80    0.000000    0.125841    0.000000
   80    0.000000    0.000000    0.125841
    8    8.000000    0.000000    0.224563    0.000000
    1    1.000000    1.410367   -0.918002    0.000000
    1    1.000000   -1.410367   -0.878501    0.000000
  1.67135E-02  1.67135E-02  1.63287E-02  1.65330E-02  1.67114E-02  1.68625E-02
       .            .            .            .            .            .
       .            .            .            .            .            .
       .            .            .            .            .            .
 -9.42327E-03 -9.41823E-03 -9.40816E-03 -9.39305E-03 -9.37289E-03 -9.34768E-03

338311 out of 512000 gridpoints are considered ( 66.1%).

...done!

 writing cube file quadrupole_expansion.cube                                                                                                                                                                                                                                                                                                                                                                                                                                                                                                                                                                                                                                                                                                                                                                                                                                                                                                                                                                                                                                       
Written cubefile and slice data
Running in analysis mode

Reading "/data/boittier/energies/h2o_geom.xyz.dir/h2o_234.chk.fchk.potential.cube"...

  h2o Potential=SCF
  Electrostatic potential from Total SCF Density
    3   -4.970736   -4.746173   -4.970736
   80    0.125841    0.000000    0.000000
   80    0.000000    0.125841    0.000000
   80    0.000000    0.000000    0.125841
    8    8.000000    0.000000    0.224563    0.000000
    1    1.000000    1.410367   -0.918002    0.000000
    1    1.000000   -1.410367   -0.878501    0.000000
  6.17365E-03  6.39615E-03  6.62563E-03  6.86210E-03  7.10550E-03  7.35575E-03
       .            .            .            .            .            .
       .            .            .            .            .            .
       .            .            .            .            .            .
 -6.83141E-03 -6.71065E-03 -6.58988E-03 -6.46926E-03 -6.34896E-03 -6.22911E-03

512000 out of 512000 gridpoints are considered (100.0%).

...done!

Reading "/home/boittier/esp_check/quadrupole_expansion.cube"...

  Fitted ESP
  Electrostatic potential fitted from quadrupole expansion.
    3   -4.970736   -4.746173   -4.970736
   80    0.125841    0.000000    0.000000
   80    0.000000    0.125841    0.000000
   80    0.000000    0.000000    0.125841
    8    8.000000    0.000000    0.224563    0.000000
    1    1.000000    1.410367   -0.918002    0.000000
    1    1.000000   -1.410367   -0.878501    0.000000
  6.11724E-03  6.33357E-03  6.55649E-03  6.78596E-03  7.02193E-03  7.26432E-03
       .            .            .            .            .            .
       .            .            .            .            .            .
       .            .            .            .            .            .
 -6.78098E-03 -6.66520E-03 -6.54912E-03 -6.43291E-03 -6.31674E-03 -6.20076E-03

512000 out of 512000 gridpoints are considered (100.0%).

...done!

                       Measure       RMSE[kcal/mol/e]   MaxError[kcal/mol/e]   NPoints
                         Total        6.758271831E-01        4.700987187E+00    407666
Close (  1.20 < r <   1.66 )          1.069040251E+00        4.700987187E+00    143074
Mid-range ( 1.66 < r <  2.20)         3.335273888E-01        1.058357470E+00    195237
Far-range (  2.20         < r)        1.181633400E-01        3.197160745E-01     69355
Did analysis and wrote slice data
