/home/boittier/esp_check
h2o_964
/data/boittier/energies/h2o_geom.xyz.dir
Read multipoles for 3 atoms with max. rank 2
Running in generate mode

Reading "/data/boittier/energies/h2o_geom.xyz.dir/h2o_964.chk.fchk.potential.cube"...

  h2o Potential=SCF
  Electrostatic potential from Total SCF Density
    3   -4.970736   -4.750794   -4.970736
   80    0.125841    0.000000    0.000000
   80    0.000000    0.125841    0.000000
   80    0.000000    0.000000    0.125841
    8    8.000000    0.000000    0.219942    0.000000
    1    1.000000    1.379870   -0.963483    0.000000
    1    1.000000   -1.379870   -0.796051    0.000000
  1.64206E-02  1.64497E-02  1.64497E-02  1.64206E-02  1.60538E-02  1.62562E-02
       .            .            .            .            .            .
       .            .            .            .            .            .
       .            .            .            .            .            .
 -9.88208E-03 -9.87623E-03 -9.86452E-03 -9.84696E-03 -9.82357E-03 -9.79436E-03

338686 out of 512000 gridpoints are considered ( 66.1%).

...done!

 writing cube file quadrupole_expansion.cube                                                                                                                                                                                                                                                                                                                                                                                                                                                                                                                                                                                                                                                                                                                                                                                                                                                                                                                                                                                                                                       
Written cubefile and slice data
Running in analysis mode

Reading "/data/boittier/energies/h2o_geom.xyz.dir/h2o_964.chk.fchk.potential.cube"...

  h2o Potential=SCF
  Electrostatic potential from Total SCF Density
    3   -4.970736   -4.750794   -4.970736
   80    0.125841    0.000000    0.000000
   80    0.000000    0.125841    0.000000
   80    0.000000    0.000000    0.125841
    8    8.000000    0.000000    0.219942    0.000000
    1    1.000000    1.379870   -0.963483    0.000000
    1    1.000000   -1.379870   -0.796051    0.000000
  6.05843E-03  6.27238E-03  6.49284E-03  6.71979E-03  6.95316E-03  7.19287E-03
       .            .            .            .            .            .
       .            .            .            .            .            .
       .            .            .            .            .            .
 -6.97328E-03 -6.84710E-03 -6.72104E-03 -6.59526E-03 -6.46993E-03 -6.34520E-03

512000 out of 512000 gridpoints are considered (100.0%).

...done!

Reading "/home/boittier/esp_check/quadrupole_expansion.cube"...

  Fitted ESP
  Electrostatic potential fitted from quadrupole expansion.
    3   -4.970736   -4.750794   -4.970736
   80    0.125841    0.000000    0.000000
   80    0.000000    0.125841    0.000000
   80    0.000000    0.000000    0.125841
    8    8.000000    0.000000    0.219942    0.000000
    1    1.000000    1.379870   -0.963483    0.000000
    1    1.000000   -1.379870   -0.796051    0.000000
  6.00777E-03  6.21595E-03  6.43025E-03  6.65063E-03  6.87703E-03  7.10934E-03
       .            .            .            .            .            .
       .            .            .            .            .            .
       .            .            .            .            .            .
 -6.92960E-03 -6.80811E-03 -6.68645E-03 -6.56480E-03 -6.44334E-03 -6.32221E-03

512000 out of 512000 gridpoints are considered (100.0%).

...done!

                       Measure       RMSE[kcal/mol/e]   MaxError[kcal/mol/e]   NPoints
                         Total        6.744168383E-01        4.678145842E+00    408506
Close (  1.20 < r <   1.66 )          1.069050787E+00        4.678145842E+00    142644
Mid-range ( 1.66 < r <  2.20)         3.334365768E-01        1.042512856E+00    196042
Far-range (  2.20         < r)        1.187549045E-01        3.207138145E-01     69820
Did analysis and wrote slice data
