/home/boittier/esp_check
h2o_713
/data/boittier/energies/h2o_geom.xyz.dir
Read multipoles for 3 atoms with max. rank 2
Running in generate mode

Reading "/data/boittier/energies/h2o_geom.xyz.dir/h2o_713.chk.fchk.potential.cube"...

  h2o Potential=SCF
  Electrostatic potential from Total SCF Density
    3   -4.970736   -4.745869   -4.970736
   80    0.125841    0.000000    0.000000
   80    0.000000    0.125841    0.000000
   80    0.000000    0.000000    0.125841
    8    8.000000    0.000000    0.224867    0.000000
    1    1.000000    1.469431   -0.839048    0.000000
    1    1.000000   -1.469431   -0.959884    0.000000
  1.69115E-02  1.69712E-02  1.70011E-02  1.70011E-02  1.69712E-02  1.69115E-02
       .            .            .            .            .            .
       .            .            .            .            .            .
       .            .            .            .            .            .
 -8.55936E-03 -8.55579E-03 -8.54864E-03 -8.53787E-03 -8.52346E-03 -8.50535E-03

337792 out of 512000 gridpoints are considered ( 66.0%).

...done!

 writing cube file quadrupole_expansion.cube                                                                                                                                                                                                                                                                                                                                                                                                                                                                                                                                                                                                                                                                                                                                                                                                                                                                                                                                                                                                                                       
Written cubefile and slice data
Running in analysis mode

Reading "/data/boittier/energies/h2o_geom.xyz.dir/h2o_713.chk.fchk.potential.cube"...

  h2o Potential=SCF
  Electrostatic potential from Total SCF Density
    3   -4.970736   -4.745869   -4.970736
   80    0.125841    0.000000    0.000000
   80    0.000000    0.125841    0.000000
   80    0.000000    0.000000    0.125841
    8    8.000000    0.000000    0.224867    0.000000
    1    1.000000    1.469431   -0.839048    0.000000
    1    1.000000   -1.469431   -0.959884    0.000000
  6.22633E-03  6.45784E-03  6.69696E-03  6.94370E-03  7.19803E-03  7.45989E-03
       .            .            .            .            .            .
       .            .            .            .            .            .
       .            .            .            .            .            .
 -6.53783E-03 -6.42680E-03 -6.31556E-03 -6.20426E-03 -6.09306E-03 -5.98210E-03

512000 out of 512000 gridpoints are considered (100.0%).

...done!

Reading "/home/boittier/esp_check/quadrupole_expansion.cube"...

  Fitted ESP
  Electrostatic potential fitted from quadrupole expansion.
    3   -4.970736   -4.745869   -4.970736
   80    0.125841    0.000000    0.000000
   80    0.000000    0.125841    0.000000
   80    0.000000    0.000000    0.125841
    8    8.000000    0.000000    0.224867    0.000000
    1    1.000000    1.469431   -0.839048    0.000000
    1    1.000000   -1.469431   -0.959884    0.000000
  6.16184E-03  6.38672E-03  6.61878E-03  6.85800E-03  7.10436E-03  7.35779E-03
       .            .            .            .            .            .
       .            .            .            .            .            .
       .            .            .            .            .            .
 -6.47734E-03 -6.37168E-03 -6.26550E-03 -6.15898E-03 -6.05228E-03 -5.94553E-03

512000 out of 512000 gridpoints are considered (100.0%).

...done!

                       Measure       RMSE[kcal/mol/e]   MaxError[kcal/mol/e]   NPoints
                         Total        6.847174936E-01        4.713976633E+00    406586
Close (  1.20 < r <   1.66 )          1.080366473E+00        4.713976633E+00    143580
Mid-range ( 1.66 < r <  2.20)         3.370758498E-01        1.092995993E+00    194212
Far-range (  2.20         < r)        1.188175393E-01        3.262421729E-01     68794
Did analysis and wrote slice data
