/home/boittier/esp_check
h2o_1620
/data/boittier/energies/h2o_geom.xyz.dir
Read multipoles for 3 atoms with max. rank 2
Running in generate mode

Reading "/data/boittier/energies/h2o_geom.xyz.dir/h2o_1620.chk.fchk.potential.cube"...

  h2o Potential=SCF
  Electrostatic potential from Total SCF Density
    3   -4.970736   -4.759558   -4.970736
   80    0.125841    0.000000    0.000000
   80    0.000000    0.125841    0.000000
   80    0.000000    0.000000    0.125841
    8    8.000000    0.000000    0.211178    0.000000
    1    1.000000    1.362230   -0.988888    0.000000
    1    1.000000   -1.362230   -0.700534    0.000000
  1.59484E-02  1.60055E-02  1.60341E-02  1.60341E-02  1.60055E-02  1.59484E-02
       .            .            .            .            .            .
       .            .            .            .            .            .
       .            .            .            .            .            .
 -1.01173E-02 -1.01109E-02 -1.00982E-02 -1.00790E-02 -1.00536E-02 -1.00218E-02

339064 out of 512000 gridpoints are considered ( 66.2%).

...done!

 writing cube file quadrupole_expansion.cube                                                                                                                                                                                                                                                                                                                                                                                                                                                                                                                                                                                                                                                                                                                                                                                                                                                                                                                                                                                                                                       
Written cubefile and slice data
Running in analysis mode

Reading "/data/boittier/energies/h2o_geom.xyz.dir/h2o_1620.chk.fchk.potential.cube"...

  h2o Potential=SCF
  Electrostatic potential from Total SCF Density
    3   -4.970736   -4.759558   -4.970736
   80    0.125841    0.000000    0.000000
   80    0.000000    0.125841    0.000000
   80    0.000000    0.000000    0.125841
    8    8.000000    0.000000    0.211178    0.000000
    1    1.000000    1.362230   -0.988888    0.000000
    1    1.000000   -1.362230   -0.700534    0.000000
  5.85758E-03  6.06110E-03  6.27066E-03  6.48619E-03  6.70765E-03  6.93492E-03
       .            .            .            .            .            .
       .            .            .            .            .            .
       .            .            .            .            .            .
 -7.01837E-03 -6.88901E-03 -6.75987E-03 -6.63112E-03 -6.50293E-03 -6.37545E-03

512000 out of 512000 gridpoints are considered (100.0%).

...done!

Reading "/home/boittier/esp_check/quadrupole_expansion.cube"...

  Fitted ESP
  Electrostatic potential fitted from quadrupole expansion.
    3   -4.970736   -4.759558   -4.970736
   80    0.125841    0.000000    0.000000
   80    0.000000    0.125841    0.000000
   80    0.000000    0.000000    0.125841
    8    8.000000    0.000000    0.211178    0.000000
    1    1.000000    1.362230   -0.988888    0.000000
    1    1.000000   -1.362230   -0.700534    0.000000
  5.81242E-03  6.01060E-03  6.21443E-03  6.42387E-03  6.63884E-03  6.85923E-03
       .            .            .            .            .            .
       .            .            .            .            .            .
       .            .            .            .            .            .
 -6.98053E-03 -6.85556E-03 -6.73054E-03 -6.60564E-03 -6.48104E-03 -6.35690E-03

512000 out of 512000 gridpoints are considered (100.0%).

...done!

                       Measure       RMSE[kcal/mol/e]   MaxError[kcal/mol/e]   NPoints
                         Total        6.782549119E-01        4.681848148E+00    409402
Close (  1.20 < r <   1.66 )          1.077740763E+00        4.681848148E+00    142174
Mid-range ( 1.66 < r <  2.20)         3.356325640E-01        1.059731716E+00    196890
Far-range (  2.20         < r)        1.203573254E-01        3.354038112E-01     70338
Did analysis and wrote slice data
