/home/boittier/esp_check
h2o_1416
/data/boittier/energies/h2o_geom.xyz.dir
Read multipoles for 3 atoms with max. rank 2
Running in generate mode

Reading "/data/boittier/energies/h2o_geom.xyz.dir/h2o_1416.chk.fchk.potential.cube"...

  h2o Potential=SCF
  Electrostatic potential from Total SCF Density
    3   -4.970736   -4.745703   -4.970736
   80    0.125841    0.000000    0.000000
   80    0.000000    0.125841    0.000000
   80    0.000000    0.000000    0.125841
    8    8.000000    0.000000    0.225033    0.000000
    1    1.000000    1.482542   -0.835486    0.000000
    1    1.000000   -1.482542   -0.964777    0.000000
  1.69088E-02  1.69986E-02  1.70589E-02  1.70892E-02  1.70892E-02  1.70589E-02
       .            .            .            .            .            .
       .            .            .            .            .            .
       .            .            .            .            .            .
 -8.48101E-03 -8.47759E-03 -8.47073E-03 -8.46041E-03 -8.44659E-03 -8.42921E-03

337692 out of 512000 gridpoints are considered ( 66.0%).

...done!

 writing cube file quadrupole_expansion.cube                                                                                                                                                                                                                                                                                                                                                                                                                                                                                                                                                                                                                                                                                                                                                                                                                                                                                                                                                                                                                                       
Written cubefile and slice data
Running in analysis mode

Reading "/data/boittier/energies/h2o_geom.xyz.dir/h2o_1416.chk.fchk.potential.cube"...

  h2o Potential=SCF
  Electrostatic potential from Total SCF Density
    3   -4.970736   -4.745703   -4.970736
   80    0.125841    0.000000    0.000000
   80    0.000000    0.125841    0.000000
   80    0.000000    0.000000    0.125841
    8    8.000000    0.000000    0.225033    0.000000
    1    1.000000    1.482542   -0.835486    0.000000
    1    1.000000   -1.482542   -0.964777    0.000000
  6.22633E-03  6.45886E-03  6.69907E-03  6.94698E-03  7.20257E-03  7.46578E-03
       .            .            .            .            .            .
       .            .            .            .            .            .
       .            .            .            .            .            .
 -6.51583E-03 -6.40567E-03 -6.29529E-03 -6.18482E-03 -6.07444E-03 -5.96426E-03

512000 out of 512000 gridpoints are considered (100.0%).

...done!

Reading "/home/boittier/esp_check/quadrupole_expansion.cube"...

  Fitted ESP
  Electrostatic potential fitted from quadrupole expansion.
    3   -4.970736   -4.745703   -4.970736
   80    0.125841    0.000000    0.000000
   80    0.000000    0.125841    0.000000
   80    0.000000    0.000000    0.125841
    8    8.000000    0.000000    0.225033    0.000000
    1    1.000000    1.482542   -0.835486    0.000000
    1    1.000000   -1.482542   -0.964777    0.000000
  6.16106E-03  6.38692E-03  6.62001E-03  6.86035E-03  7.10791E-03  7.36262E-03
       .            .            .            .            .            .
       .            .            .            .            .            .
       .            .            .            .            .            .
 -6.45462E-03 -6.34985E-03 -6.24456E-03 -6.13889E-03 -6.03302E-03 -5.92708E-03

512000 out of 512000 gridpoints are considered (100.0%).

...done!

                       Measure       RMSE[kcal/mol/e]   MaxError[kcal/mol/e]   NPoints
                         Total        6.864731601E-01        4.715796410E+00    406342
Close (  1.20 < r <   1.66 )          1.082547993E+00        4.715796410E+00    143690
Mid-range ( 1.66 < r <  2.20)         3.377012741E-01        1.102220382E+00    194002
Far-range (  2.20         < r)        1.189063097E-01        3.276979949E-01     68650
Did analysis and wrote slice data
