/home/boittier/esp_check
h2o_526
/data/boittier/energies/h2o_geom.xyz.dir
Read multipoles for 3 atoms with max. rank 2
Running in generate mode

Reading "/data/boittier/energies/h2o_geom.xyz.dir/h2o_526.chk.fchk.potential.cube"...

  h2o Potential=SCF
  Electrostatic potential from Total SCF Density
    3   -4.970736   -4.750854   -4.970736
   80    0.125841    0.000000    0.000000
   80    0.000000    0.125841    0.000000
   80    0.000000    0.000000    0.125841
    8    8.000000    0.000000    0.219882    0.000000
    1    1.000000    1.406711   -0.925126    0.000000
    1    1.000000   -1.406711   -0.833926    0.000000
  1.63389E-02  1.64850E-02  1.66034E-02  1.66931E-02  1.67533E-02  1.67836E-02
       .            .            .            .            .            .
       .            .            .            .            .            .
       .            .            .            .            .            .
 -9.48657E-03 -9.48137E-03 -9.47096E-03 -9.45534E-03 -9.43452E-03 -9.40849E-03

338476 out of 512000 gridpoints are considered ( 66.1%).

...done!

 writing cube file quadrupole_expansion.cube                                                                                                                                                                                                                                                                                                                                                                                                                                                                                                                                                                                                                                                                                                                                                                                                                                                                                                                                                                                                                                       
Written cubefile and slice data
Running in analysis mode

Reading "/data/boittier/energies/h2o_geom.xyz.dir/h2o_526.chk.fchk.potential.cube"...

  h2o Potential=SCF
  Electrostatic potential from Total SCF Density
    3   -4.970736   -4.750854   -4.970736
   80    0.125841    0.000000    0.000000
   80    0.000000    0.125841    0.000000
   80    0.000000    0.000000    0.125841
    8    8.000000    0.000000    0.219882    0.000000
    1    1.000000    1.406711   -0.925126    0.000000
    1    1.000000   -1.406711   -0.833926    0.000000
  6.07540E-03  6.29300E-03  6.51736E-03  6.74847E-03  6.98628E-03  7.23069E-03
       .            .            .            .            .            .
       .            .            .            .            .            .
       .            .            .            .            .            .
 -6.83708E-03 -6.71529E-03 -6.59352E-03 -6.47195E-03 -6.35073E-03 -6.23001E-03

512000 out of 512000 gridpoints are considered (100.0%).

...done!

Reading "/home/boittier/esp_check/quadrupole_expansion.cube"...

  Fitted ESP
  Electrostatic potential fitted from quadrupole expansion.
    3   -4.970736   -4.750854   -4.970736
   80    0.125841    0.000000    0.000000
   80    0.000000    0.125841    0.000000
   80    0.000000    0.000000    0.125841
    8    8.000000    0.000000    0.219882    0.000000
    1    1.000000    1.406711   -0.925126    0.000000
    1    1.000000   -1.406711   -0.833926    0.000000
  6.02046E-03  6.23204E-03  6.44997E-03  6.67424E-03  6.90477E-03  7.14149E-03
       .            .            .            .            .            .
       .            .            .            .            .            .
       .            .            .            .            .            .
 -6.78819E-03 -6.67130E-03 -6.55415E-03 -6.43692E-03 -6.31976E-03 -6.20284E-03

512000 out of 512000 gridpoints are considered (100.0%).

...done!

                       Measure       RMSE[kcal/mol/e]   MaxError[kcal/mol/e]   NPoints
                         Total        6.790048281E-01        4.688688001E+00    408070
Close (  1.20 < r <   1.66 )          1.075101927E+00        4.688688001E+00    142876
Mid-range ( 1.66 < r <  2.20)         3.354228535E-01        1.056412191E+00    195600
Far-range (  2.20         < r)        1.193078643E-01        3.178837468E-01     69594
Did analysis and wrote slice data
