/home/boittier/esp_check
h2o_1646
/data/boittier/energies/h2o_geom.xyz.dir
Read multipoles for 3 atoms with max. rank 2
Running in generate mode

Reading "/data/boittier/energies/h2o_geom.xyz.dir/h2o_1646.chk.fchk.potential.cube"...

  h2o Potential=SCF
  Electrostatic potential from Total SCF Density
    3   -4.970736   -4.759248   -4.970736
   80    0.125841    0.000000    0.000000
   80    0.000000    0.125841    0.000000
   80    0.000000    0.000000    0.125841
    8    8.000000    0.000000    0.211488    0.000000
    1    1.000000    1.511559   -0.792389    0.000000
    1    1.000000   -1.511559   -0.899512    0.000000
  1.64166E-02  1.65955E-02  1.67469E-02  1.68696E-02  1.69626E-02  1.70250E-02
       .            .            .            .            .            .
       .            .            .            .            .            .
       .            .            .            .            .            .
 -7.97750E-03 -7.97478E-03 -7.96933E-03 -7.96110E-03 -7.95004E-03 -7.93607E-03

337663 out of 512000 gridpoints are considered ( 65.9%).

...done!

 writing cube file quadrupole_expansion.cube                                                                                                                                                                                                                                                                                                                                                                                                                                                                                                                                                                                                                                                                                                                                                                                                                                                                                                                                                                                                                                       
Written cubefile and slice data
Running in analysis mode

Reading "/data/boittier/energies/h2o_geom.xyz.dir/h2o_1646.chk.fchk.potential.cube"...

  h2o Potential=SCF
  Electrostatic potential from Total SCF Density
    3   -4.970736   -4.759248   -4.970736
   80    0.125841    0.000000    0.000000
   80    0.000000    0.125841    0.000000
   80    0.000000    0.000000    0.125841
    8    8.000000    0.000000    0.211488    0.000000
    1    1.000000    1.511559   -0.792389    0.000000
    1    1.000000   -1.511559   -0.899512    0.000000
  5.99496E-03  6.22010E-03  6.45268E-03  6.69272E-03  6.94020E-03  7.19504E-03
       .            .            .            .            .            .
       .            .            .            .            .            .
       .            .            .            .            .            .
 -6.30243E-03 -6.19703E-03 -6.09135E-03 -5.98553E-03 -5.87973E-03 -5.77407E-03

512000 out of 512000 gridpoints are considered (100.0%).

...done!

Reading "/home/boittier/esp_check/quadrupole_expansion.cube"...

  Fitted ESP
  Electrostatic potential fitted from quadrupole expansion.
    3   -4.970736   -4.759248   -4.970736
   80    0.125841    0.000000    0.000000
   80    0.000000    0.125841    0.000000
   80    0.000000    0.000000    0.125841
    8    8.000000    0.000000    0.211488    0.000000
    1    1.000000    1.511559   -0.792389    0.000000
    1    1.000000   -1.511559   -0.899512    0.000000
  5.92694E-03  6.14538E-03  6.37083E-03  6.60328E-03  6.84272E-03  7.08906E-03
       .            .            .            .            .            .
       .            .            .            .            .            .
       .            .            .            .            .            .
 -6.23735E-03 -6.13747E-03 -6.03700E-03 -5.93610E-03 -5.83493E-03 -5.73363E-03

512000 out of 512000 gridpoints are considered (100.0%).

...done!

                       Measure       RMSE[kcal/mol/e]   MaxError[kcal/mol/e]   NPoints
                         Total        6.997668289E-01        4.691825549E+00    406741
Close (  1.20 < r <   1.66 )          1.105135590E+00        4.691825549E+00    143337
Mid-range ( 1.66 < r <  2.20)         3.445680521E-01        1.150287608E+00    194326
Far-range (  2.20         < r)        1.225560537E-01        3.281560768E-01     69078
Did analysis and wrote slice data
