/home/boittier/esp_check
h2o_1356
/data/boittier/energies/h2o_geom.xyz.dir
Read multipoles for 3 atoms with max. rank 2
Running in generate mode

Reading "/data/boittier/energies/h2o_geom.xyz.dir/h2o_1356.chk.fchk.potential.cube"...

  h2o Potential=SCF
  Electrostatic potential from Total SCF Density
    3   -4.970736   -4.754827   -4.970736
   80    0.125841    0.000000    0.000000
   80    0.000000    0.125841    0.000000
   80    0.000000    0.000000    0.125841
    8    8.000000    0.000000    0.215908    0.000000
    1    1.000000    1.420305   -0.922452    0.000000
    1    1.000000   -1.420305   -0.804814    0.000000
  1.62710E-02  1.63878E-02  1.64763E-02  1.65357E-02  1.65655E-02  1.65655E-02
       .            .            .            .            .            .
       .            .            .            .            .            .
       .            .            .            .            .            .
 -9.41051E-03 -9.40539E-03 -9.39515E-03 -9.37978E-03 -9.35928E-03 -9.33365E-03

338413 out of 512000 gridpoints are considered ( 66.1%).

...done!

 writing cube file quadrupole_expansion.cube                                                                                                                                                                                                                                                                                                                                                                                                                                                                                                                                                                                                                                                                                                                                                                                                                                                                                                                                                                                                                                       
Written cubefile and slice data
Running in analysis mode

Reading "/data/boittier/energies/h2o_geom.xyz.dir/h2o_1356.chk.fchk.potential.cube"...

  h2o Potential=SCF
  Electrostatic potential from Total SCF Density
    3   -4.970736   -4.754827   -4.970736
   80    0.125841    0.000000    0.000000
   80    0.000000    0.125841    0.000000
   80    0.000000    0.000000    0.125841
    8    8.000000    0.000000    0.215908    0.000000
    1    1.000000    1.420305   -0.922452    0.000000
    1    1.000000   -1.420305   -0.804814    0.000000
  5.98368E-03  6.19819E-03  6.41935E-03  6.64717E-03  6.88158E-03  7.12249E-03
       .            .            .            .            .            .
       .            .            .            .            .            .
       .            .            .            .            .            .
 -6.80050E-03 -6.67925E-03 -6.55803E-03 -6.43702E-03 -6.31635E-03 -6.19619E-03

512000 out of 512000 gridpoints are considered (100.0%).

...done!

Reading "/home/boittier/esp_check/quadrupole_expansion.cube"...

  Fitted ESP
  Electrostatic potential fitted from quadrupole expansion.
    3   -4.970736   -4.754827   -4.970736
   80    0.125841    0.000000    0.000000
   80    0.000000    0.125841    0.000000
   80    0.000000    0.000000    0.125841
    8    8.000000    0.000000    0.215908    0.000000
    1    1.000000    1.420305   -0.922452    0.000000
    1    1.000000   -1.420305   -0.804814    0.000000
  5.92877E-03  6.13730E-03  6.35208E-03  6.57310E-03  6.80029E-03  7.03356E-03
       .            .            .            .            .            .
       .            .            .            .            .            .
       .            .            .            .            .            .
 -6.75163E-03 -6.63527E-03 -6.51865E-03 -6.40195E-03 -6.28533E-03 -6.16895E-03

512000 out of 512000 gridpoints are considered (100.0%).

...done!

                       Measure       RMSE[kcal/mol/e]   MaxError[kcal/mol/e]   NPoints
                         Total        6.841034634E-01        4.681220639E+00    408079
Close (  1.20 < r <   1.66 )          1.083401868E+00        4.681220639E+00    142797
Mid-range ( 1.66 < r <  2.20)         3.380820927E-01        1.067707362E+00    195616
Far-range (  2.20         < r)        1.205144039E-01        3.230167743E-01     69666
Did analysis and wrote slice data
