/home/boittier/esp_check
h2o_1298
/data/boittier/energies/h2o_geom.xyz.dir
Read multipoles for 3 atoms with max. rank 2
Running in generate mode

Reading "/data/boittier/energies/h2o_geom.xyz.dir/h2o_1298.chk.fchk.potential.cube"...

  h2o Potential=SCF
  Electrostatic potential from Total SCF Density
    3   -4.970736   -4.746290   -4.970736
   80    0.125841    0.000000    0.000000
   80    0.000000    0.125841    0.000000
   80    0.000000    0.000000    0.125841
    8    8.000000    0.000000    0.224446    0.000000
    1    1.000000    1.525923   -0.755649    0.000000
    1    1.000000   -1.525923   -1.039917    0.000000
  1.71030E-02  1.71937E-02  1.72545E-02  1.72851E-02  1.72851E-02  1.72545E-02
       .            .            .            .            .            .
       .            .            .            .            .            .
       .            .            .            .            .            .
 -7.62200E-03 -7.62005E-03 -7.61611E-03 -7.61014E-03 -7.60207E-03 -7.59180E-03

337206 out of 512000 gridpoints are considered ( 65.9%).

...done!

 writing cube file quadrupole_expansion.cube                                                                                                                                                                                                                                                                                                                                                                                                                                                                                                                                                                                                                                                                                                                                                                                                                                                                                                                                                                                                                                       
Written cubefile and slice data
Running in analysis mode

Reading "/data/boittier/energies/h2o_geom.xyz.dir/h2o_1298.chk.fchk.potential.cube"...

  h2o Potential=SCF
  Electrostatic potential from Total SCF Density
    3   -4.970736   -4.746290   -4.970736
   80    0.125841    0.000000    0.000000
   80    0.000000    0.125841    0.000000
   80    0.000000    0.000000    0.125841
    8    8.000000    0.000000    0.224446    0.000000
    1    1.000000    1.525923   -0.755649    0.000000
    1    1.000000   -1.525923   -1.039917    0.000000
  6.29147E-03  6.53289E-03  6.78258E-03  7.04057E-03  7.30688E-03  7.58146E-03
       .            .            .            .            .            .
       .            .            .            .            .            .
       .            .            .            .            .            .
 -6.21830E-03 -6.11793E-03 -6.01713E-03 -5.91604E-03 -5.81480E-03 -5.71356E-03

512000 out of 512000 gridpoints are considered (100.0%).

...done!

Reading "/home/boittier/esp_check/quadrupole_expansion.cube"...

  Fitted ESP
  Electrostatic potential fitted from quadrupole expansion.
    3   -4.970736   -4.746290   -4.970736
   80    0.125841    0.000000    0.000000
   80    0.000000    0.125841    0.000000
   80    0.000000    0.000000    0.125841
    8    8.000000    0.000000    0.224446    0.000000
    1    1.000000    1.525923   -0.755649    0.000000
    1    1.000000   -1.525923   -1.039917    0.000000
  6.21950E-03  6.45388E-03  6.69606E-03  6.94609E-03  7.20395E-03  7.46959E-03
       .            .            .            .            .            .
       .            .            .            .            .            .
       .            .            .            .            .            .
 -6.14821E-03 -6.05355E-03 -5.95815E-03 -5.86216E-03 -5.76574E-03 -5.66902E-03

512000 out of 512000 gridpoints are considered (100.0%).

...done!

                       Measure       RMSE[kcal/mol/e]   MaxError[kcal/mol/e]   NPoints
                         Total        6.924406077E-01        4.706383768E+00    405498
Close (  1.20 < r <   1.66 )          1.089961008E+00        4.706383768E+00    144073
Mid-range ( 1.66 < r <  2.20)         3.397403742E-01        1.140184705E+00    193133
Far-range (  2.20         < r)        1.193493920E-01        3.311367468E-01     68292
Did analysis and wrote slice data
