/home/boittier/esp_check
h2o_90
/data/boittier/energies/h2o_geom.xyz.dir
Read multipoles for 3 atoms with max. rank 2
Running in generate mode

Reading "/data/boittier/energies/h2o_geom.xyz.dir/h2o_90.chk.fchk.potential.cube"...

  h2o Potential=SCF
  Electrostatic potential from Total SCF Density
    3   -4.970736   -4.747051   -4.970736
   80    0.125841    0.000000    0.000000
   80    0.000000    0.125841    0.000000
   80    0.000000    0.000000    0.125841
    8    8.000000    0.000000    0.223685    0.000000
    1    1.000000    1.436665   -0.881084    0.000000
    1    1.000000   -1.436665   -0.908393    0.000000
  1.66901E-02  1.68089E-02  1.68989E-02  1.69593E-02  1.69897E-02  1.69897E-02
       .            .            .            .            .            .
       .            .            .            .            .            .
       .            .            .            .            .            .
 -9.02839E-03 -9.02401E-03 -9.01523E-03 -9.00205E-03 -8.98444E-03 -8.96238E-03

338100 out of 512000 gridpoints are considered ( 66.0%).

...done!

 writing cube file quadrupole_expansion.cube                                                                                                                                                                                                                                                                                                                                                                                                                                                                                                                                                                                                                                                                                                                                                                                                                                                                                                                                                                                                                                       
Written cubefile and slice data
Running in analysis mode

Reading "/data/boittier/energies/h2o_geom.xyz.dir/h2o_90.chk.fchk.potential.cube"...

  h2o Potential=SCF
  Electrostatic potential from Total SCF Density
    3   -4.970736   -4.747051   -4.970736
   80    0.125841    0.000000    0.000000
   80    0.000000    0.125841    0.000000
   80    0.000000    0.000000    0.125841
    8    8.000000    0.000000    0.223685    0.000000
    1    1.000000    1.436665   -0.881084    0.000000
    1    1.000000   -1.436665   -0.908393    0.000000
  6.17713E-03  6.40273E-03  6.63555E-03  6.87559E-03  7.12282E-03  7.37716E-03
       .            .            .            .            .            .
       .            .            .            .            .            .
       .            .            .            .            .            .
 -6.69302E-03 -6.57662E-03 -6.46012E-03 -6.34369E-03 -6.22748E-03 -6.11164E-03

512000 out of 512000 gridpoints are considered (100.0%).

...done!

Reading "/home/boittier/esp_check/quadrupole_expansion.cube"...

  Fitted ESP
  Electrostatic potential fitted from quadrupole expansion.
    3   -4.970736   -4.747051   -4.970736
   80    0.125841    0.000000    0.000000
   80    0.000000    0.125841    0.000000
   80    0.000000    0.000000    0.125841
    8    8.000000    0.000000    0.223685    0.000000
    1    1.000000    1.436665   -0.881084    0.000000
    1    1.000000   -1.436665   -0.908393    0.000000
  6.11701E-03  6.33625E-03  6.56228E-03  6.79510E-03  7.03467E-03  7.28089E-03
       .            .            .            .            .            .
       .            .            .            .            .            .
       .            .            .            .            .            .
 -6.63791E-03 -6.52668E-03 -6.41505E-03 -6.30320E-03 -6.19130E-03 -6.07948E-03

512000 out of 512000 gridpoints are considered (100.0%).

...done!

                       Measure       RMSE[kcal/mol/e]   MaxError[kcal/mol/e]   NPoints
                         Total        6.807168235E-01        4.704752244E+00    407250
Close (  1.20 < r <   1.66 )          1.075824965E+00        4.704752244E+00    143228
Mid-range ( 1.66 < r <  2.20)         3.357115670E-01        1.073166694E+00    194872
Far-range (  2.20         < r)        1.187498172E-01        3.223014135E-01     69150
Did analysis and wrote slice data
