/home/boittier/esp_check
h2o_1729
/data/boittier/energies/h2o_geom.xyz.dir
Read multipoles for 3 atoms with max. rank 2
Running in generate mode

Reading "/data/boittier/energies/h2o_geom.xyz.dir/h2o_1729.chk.fchk.potential.cube"...

  h2o Potential=SCF
  Electrostatic potential from Total SCF Density
    3   -4.970736   -4.760212   -4.970736
   80    0.125841    0.000000    0.000000
   80    0.000000    0.125841    0.000000
   80    0.000000    0.000000    0.125841
    8    8.000000    0.000000    0.210524    0.000000
    1    1.000000    1.459790   -0.867755    0.000000
    1    1.000000   -1.459790   -0.816434    0.000000
  1.60756E-02  1.62505E-02  1.63986E-02  1.65186E-02  1.66096E-02  1.66706E-02
       .            .            .            .            .            .
       .            .            .            .            .            .
       .            .            .            .            .            .
 -8.80877E-03 -8.80460E-03 -8.79623E-03 -8.78366E-03 -8.76687E-03 -8.74582E-03

338179 out of 512000 gridpoints are considered ( 66.1%).

...done!

 writing cube file quadrupole_expansion.cube                                                                                                                                                                                                                                                                                                                                                                                                                                                                                                                                                                                                                                                                                                                                                                                                                                                                                                                                                                                                                                       
Written cubefile and slice data
Running in analysis mode

Reading "/data/boittier/energies/h2o_geom.xyz.dir/h2o_1729.chk.fchk.potential.cube"...

  h2o Potential=SCF
  Electrostatic potential from Total SCF Density
    3   -4.970736   -4.760212   -4.970736
   80    0.125841    0.000000    0.000000
   80    0.000000    0.125841    0.000000
   80    0.000000    0.000000    0.125841
    8    8.000000    0.000000    0.210524    0.000000
    1    1.000000    1.459790   -0.867755    0.000000
    1    1.000000   -1.459790   -0.816434    0.000000
  5.90443E-03  6.11970E-03  6.34180E-03  6.57072E-03  6.80643E-03  7.04883E-03
       .            .            .            .            .            .
       .            .            .            .            .            .
       .            .            .            .            .            .
 -6.57679E-03 -6.46190E-03 -6.34694E-03 -6.23206E-03 -6.11742E-03 -6.00315E-03

512000 out of 512000 gridpoints are considered (100.0%).

...done!

Reading "/home/boittier/esp_check/quadrupole_expansion.cube"...

  Fitted ESP
  Electrostatic potential fitted from quadrupole expansion.
    3   -4.970736   -4.760212   -4.970736
   80    0.125841    0.000000    0.000000
   80    0.000000    0.125841    0.000000
   80    0.000000    0.000000    0.125841
    8    8.000000    0.000000    0.210524    0.000000
    1    1.000000    1.459790   -0.867755    0.000000
    1    1.000000   -1.459790   -0.816434    0.000000
  5.84450E-03  6.05354E-03  6.26901E-03  6.49087E-03  6.71909E-03  6.95356E-03
       .            .            .            .            .            .
       .            .            .            .            .            .
       .            .            .            .            .            .
 -6.52156E-03 -6.41180E-03 -6.30167E-03 -6.19133E-03 -6.08096E-03 -5.97069E-03

512000 out of 512000 gridpoints are considered (100.0%).

...done!

                       Measure       RMSE[kcal/mol/e]   MaxError[kcal/mol/e]   NPoints
                         Total        6.938092156E-01        4.676200563E+00    407767
Close (  1.20 < r <   1.66 )          1.098457795E+00        4.676200563E+00    142813
Mid-range ( 1.66 < r <  2.20)         3.425516078E-01        1.111382021E+00    195366
Far-range (  2.20         < r)        1.224390068E-01        3.237384102E-01     69588
Did analysis and wrote slice data
