/home/boittier/esp_check
h2o_1490
/data/boittier/energies/h2o_geom.xyz.dir
Read multipoles for 3 atoms with max. rank 2
Running in generate mode

Reading "/data/boittier/energies/h2o_geom.xyz.dir/h2o_1490.chk.fchk.potential.cube"...

  h2o Potential=SCF
  Electrostatic potential from Total SCF Density
    3   -4.970736   -4.742921   -4.970736
   80    0.125841    0.000000    0.000000
   80    0.000000    0.125841    0.000000
   80    0.000000    0.000000    0.125841
    8    8.000000    0.000000    0.227815    0.000000
    1    1.000000    1.467128   -0.860731    0.000000
    1    1.000000   -1.467128   -0.961788    0.000000
  1.69583E-02  1.70181E-02  1.70481E-02  1.70481E-02  1.70181E-02  1.69583E-02
       .            .            .            .            .            .
       .            .            .            .            .            .
       .            .            .            .            .            .
 -8.75302E-03 -8.74918E-03 -8.74147E-03 -8.72989E-03 -8.71439E-03 -8.69493E-03

337736 out of 512000 gridpoints are considered ( 66.0%).

...done!

 writing cube file quadrupole_expansion.cube                                                                                                                                                                                                                                                                                                                                                                                                                                                                                                                                                                                                                                                                                                                                                                                                                                                                                                                                                                                                                                       
Written cubefile and slice data
Running in analysis mode

Reading "/data/boittier/energies/h2o_geom.xyz.dir/h2o_1490.chk.fchk.potential.cube"...

  h2o Potential=SCF
  Electrostatic potential from Total SCF Density
    3   -4.970736   -4.742921   -4.970736
   80    0.125841    0.000000    0.000000
   80    0.000000    0.125841    0.000000
   80    0.000000    0.000000    0.125841
    8    8.000000    0.000000    0.227815    0.000000
    1    1.000000    1.467128   -0.860731    0.000000
    1    1.000000   -1.467128   -0.961788    0.000000
  6.25863E-03  6.49079E-03  6.73056E-03  6.97795E-03  7.23295E-03  7.49547E-03
       .            .            .            .            .            .
       .            .            .            .            .            .
       .            .            .            .            .            .
 -6.61786E-03 -6.50482E-03 -6.39160E-03 -6.27836E-03 -6.16524E-03 -6.05240E-03

512000 out of 512000 gridpoints are considered (100.0%).

...done!

Reading "/home/boittier/esp_check/quadrupole_expansion.cube"...

  Fitted ESP
  Electrostatic potential fitted from quadrupole expansion.
    3   -4.970736   -4.742921   -4.970736
   80    0.125841    0.000000    0.000000
   80    0.000000    0.125841    0.000000
   80    0.000000    0.000000    0.125841
    8    8.000000    0.000000    0.227815    0.000000
    1    1.000000    1.467128   -0.860731    0.000000
    1    1.000000   -1.467128   -0.961788    0.000000
  6.19550E-03  6.42108E-03  6.65383E-03  6.89375E-03  7.14082E-03  7.39495E-03
       .            .            .            .            .            .
       .            .            .            .            .            .
       .            .            .            .            .            .
 -6.55949E-03 -6.45173E-03 -6.34350E-03 -6.23496E-03 -6.12626E-03 -6.01755E-03

512000 out of 512000 gridpoints are considered (100.0%).

...done!

                       Measure       RMSE[kcal/mol/e]   MaxError[kcal/mol/e]   NPoints
                         Total        6.818546340E-01        4.719624218E+00    406402
Close (  1.20 < r <   1.66 )          1.075376416E+00        4.719624218E+00    143667
Mid-range ( 1.66 < r <  2.20)         3.355394277E-01        1.091427219E+00    194069
Far-range (  2.20         < r)        1.179747001E-01        3.269073330E-01     68666
Did analysis and wrote slice data
