/home/boittier/esp_check
h2o_151
/data/boittier/energies/h2o_geom.xyz.dir
Read multipoles for 3 atoms with max. rank 2
Running in generate mode

Reading "/data/boittier/energies/h2o_geom.xyz.dir/h2o_151.chk.fchk.potential.cube"...

  h2o Potential=SCF
  Electrostatic potential from Total SCF Density
    3   -4.970736   -4.751531   -4.970736
   80    0.125841    0.000000    0.000000
   80    0.000000    0.125841    0.000000
   80    0.000000    0.000000    0.125841
    8    8.000000    0.000000    0.219205    0.000000
    1    1.000000    1.442253   -0.875466    0.000000
    1    1.000000   -1.442253   -0.878172    0.000000
  1.65579E-02  1.66462E-02  1.67055E-02  1.67352E-02  1.67352E-02  1.67055E-02
       .            .            .            .            .            .
       .            .            .            .            .            .
       .            .            .            .            .            .
 -8.95572E-03 -8.95140E-03 -8.94276E-03 -8.92977E-03 -8.91241E-03 -8.89067E-03

338181 out of 512000 gridpoints are considered ( 66.1%).

...done!

 writing cube file quadrupole_expansion.cube                                                                                                                                                                                                                                                                                                                                                                                                                                                                                                                                                                                                                                                                                                                                                                                                                                                                                                                                                                                                                                       
Written cubefile and slice data
Running in analysis mode

Reading "/data/boittier/energies/h2o_geom.xyz.dir/h2o_151.chk.fchk.potential.cube"...

  h2o Potential=SCF
  Electrostatic potential from Total SCF Density
    3   -4.970736   -4.751531   -4.970736
   80    0.125841    0.000000    0.000000
   80    0.000000    0.125841    0.000000
   80    0.000000    0.000000    0.125841
    8    8.000000    0.000000    0.219205    0.000000
    1    1.000000    1.442253   -0.875466    0.000000
    1    1.000000   -1.442253   -0.878172    0.000000
  6.09114E-03  6.31335E-03  6.54264E-03  6.77903E-03  7.02245E-03  7.27285E-03
       .            .            .            .            .            .
       .            .            .            .            .            .
       .            .            .            .            .            .
 -6.65369E-03 -6.53779E-03 -6.42180E-03 -6.30588E-03 -6.19019E-03 -6.07486E-03

512000 out of 512000 gridpoints are considered (100.0%).

...done!

Reading "/home/boittier/esp_check/quadrupole_expansion.cube"...

  Fitted ESP
  Electrostatic potential fitted from quadrupole expansion.
    3   -4.970736   -4.751531   -4.970736
   80    0.125841    0.000000    0.000000
   80    0.000000    0.125841    0.000000
   80    0.000000    0.000000    0.125841
    8    8.000000    0.000000    0.219205    0.000000
    1    1.000000    1.442253   -0.875466    0.000000
    1    1.000000   -1.442253   -0.878172    0.000000
  6.03094E-03  6.24683E-03  6.46939E-03  6.69860E-03  6.93441E-03  7.17675E-03
       .            .            .            .            .            .
       .            .            .            .            .            .
       .            .            .            .            .            .
 -6.59832E-03 -6.48759E-03 -6.37647E-03 -6.26513E-03 -6.15374E-03 -6.04244E-03

512000 out of 512000 gridpoints are considered (100.0%).

...done!

                       Measure       RMSE[kcal/mol/e]   MaxError[kcal/mol/e]   NPoints
                         Total        6.854575085E-01        4.694021832E+00    407498
Close (  1.20 < r <   1.66 )          1.084094772E+00        4.694021832E+00    143083
Mid-range ( 1.66 < r <  2.20)         3.381234054E-01        1.078375022E+00    195098
Far-range (  2.20         < r)        1.200355783E-01        3.214731010E-01     69317
Did analysis and wrote slice data
