/home/boittier/esp_check
h2o_1322
/data/boittier/energies/h2o_geom.xyz.dir
Read multipoles for 3 atoms with max. rank 2
Running in generate mode

Reading "/data/boittier/energies/h2o_geom.xyz.dir/h2o_1322.chk.fchk.potential.cube"...

  h2o Potential=SCF
  Electrostatic potential from Total SCF Density
    3   -4.970736   -4.762613   -4.970736
   80    0.125841    0.000000    0.000000
   80    0.000000    0.125841    0.000000
   80    0.000000    0.000000    0.125841
    8    8.000000    0.000000    0.208123    0.000000
    1    1.000000    1.490417   -0.825533    0.000000
    1    1.000000   -1.490417   -0.839448    0.000000
  1.62839E-02  1.63717E-02  1.64307E-02  1.64603E-02  1.64603E-02  1.64307E-02
       .            .            .            .            .            .
       .            .            .            .            .            .
       .            .            .            .            .            .
 -8.33288E-03 -8.32949E-03 -8.32271E-03 -8.31249E-03 -8.29880E-03 -8.28159E-03

337934 out of 512000 gridpoints are considered ( 66.0%).

...done!

 writing cube file quadrupole_expansion.cube                                                                                                                                                                                                                                                                                                                                                                                                                                                                                                                                                                                                                                                                                                                                                                                                                                                                                                                                                                                                                                       
Written cubefile and slice data
Running in analysis mode

Reading "/data/boittier/energies/h2o_geom.xyz.dir/h2o_1322.chk.fchk.potential.cube"...

  h2o Potential=SCF
  Electrostatic potential from Total SCF Density
    3   -4.970736   -4.762613   -4.970736
   80    0.125841    0.000000    0.000000
   80    0.000000    0.125841    0.000000
   80    0.000000    0.000000    0.125841
    8    8.000000    0.000000    0.208123    0.000000
    1    1.000000    1.490417   -0.825533    0.000000
    1    1.000000   -1.490417   -0.839448    0.000000
  5.88781E-03  6.10568E-03  6.33059E-03  6.56254E-03  6.80151E-03  7.04742E-03
       .            .            .            .            .            .
       .            .            .            .            .            .
       .            .            .            .            .            .
 -6.40906E-03 -6.29938E-03 -6.18952E-03 -6.07963E-03 -5.96987E-03 -5.86038E-03

512000 out of 512000 gridpoints are considered (100.0%).

...done!

Reading "/home/boittier/esp_check/quadrupole_expansion.cube"...

  Fitted ESP
  Electrostatic potential fitted from quadrupole expansion.
    3   -4.970736   -4.762613   -4.970736
   80    0.125841    0.000000    0.000000
   80    0.000000    0.125841    0.000000
   80    0.000000    0.000000    0.125841
    8    8.000000    0.000000    0.208123    0.000000
    1    1.000000    1.490417   -0.825533    0.000000
    1    1.000000   -1.490417   -0.839448    0.000000
  5.82373E-03  6.03515E-03  6.25320E-03  6.47786E-03  6.70909E-03  6.94681E-03
       .            .            .            .            .            .
       .            .            .            .            .            .
       .            .            .            .            .            .
 -6.34870E-03 -6.24434E-03 -6.13950E-03 -6.03435E-03 -5.92905E-03 -5.82373E-03

512000 out of 512000 gridpoints are considered (100.0%).

...done!

                       Measure       RMSE[kcal/mol/e]   MaxError[kcal/mol/e]   NPoints
                         Total        6.992261032E-01        4.675133797E+00    407344
Close (  1.20 < r <   1.66 )          1.106055392E+00        4.675133797E+00    143010
Mid-range ( 1.66 < r <  2.20)         3.446391347E-01        1.137298162E+00    194924
Far-range (  2.20         < r)        1.231485879E-01        3.232489528E-01     69410
Did analysis and wrote slice data
