/home/boittier/esp_check
h2o_66
/data/boittier/energies/h2o_geom.xyz.dir
Read multipoles for 3 atoms with max. rank 2
Running in generate mode

Reading "/data/boittier/energies/h2o_geom.xyz.dir/h2o_66.chk.fchk.potential.cube"...

  h2o Potential=SCF
  Electrostatic potential from Total SCF Density
    3   -4.970736   -4.748546   -4.970736
   80    0.125841    0.000000    0.000000
   80    0.000000    0.125841    0.000000
   80    0.000000    0.000000    0.125841
    8    8.000000    0.000000    0.222189    0.000000
    1    1.000000    1.463565   -0.843589    0.000000
    1    1.000000   -1.463565   -0.933926    0.000000
  1.66121E-02  1.67908E-02  1.69421E-02  1.70648E-02  1.71577E-02  1.72200E-02
       .            .            .            .            .            .
       .            .            .            .            .            .
       .            .            .            .            .            .
 -8.61652E-03 -8.61282E-03 -8.60540E-03 -8.59424E-03 -8.57930E-03 -8.56054E-03

337888 out of 512000 gridpoints are considered ( 66.0%).

...done!

 writing cube file quadrupole_expansion.cube                                                                                                                                                                                                                                                                                                                                                                                                                                                                                                                                                                                                                                                                                                                                                                                                                                                                                                                                                                                                                                       
Written cubefile and slice data
Running in analysis mode

Reading "/data/boittier/energies/h2o_geom.xyz.dir/h2o_66.chk.fchk.potential.cube"...

  h2o Potential=SCF
  Electrostatic potential from Total SCF Density
    3   -4.970736   -4.748546   -4.970736
   80    0.125841    0.000000    0.000000
   80    0.000000    0.125841    0.000000
   80    0.000000    0.000000    0.125841
    8    8.000000    0.000000    0.222189    0.000000
    1    1.000000    1.463565   -0.843589    0.000000
    1    1.000000   -1.463565   -0.933926    0.000000
  6.17354E-03  6.40201E-03  6.63794E-03  6.88132E-03  7.13212E-03  7.39028E-03
       .            .            .            .            .            .
       .            .            .            .            .            .
       .            .            .            .            .            .
 -6.54793E-03 -6.43606E-03 -6.32402E-03 -6.21194E-03 -6.09999E-03 -5.98831E-03

512000 out of 512000 gridpoints are considered (100.0%).

...done!

Reading "/home/boittier/esp_check/quadrupole_expansion.cube"...

  Fitted ESP
  Electrostatic potential fitted from quadrupole expansion.
    3   -4.970736   -4.748546   -4.970736
   80    0.125841    0.000000    0.000000
   80    0.000000    0.125841    0.000000
   80    0.000000    0.000000    0.125841
    8    8.000000    0.000000    0.222189    0.000000
    1    1.000000    1.463565   -0.843589    0.000000
    1    1.000000   -1.463565   -0.933926    0.000000
  6.10980E-03  6.33172E-03  6.56066E-03  6.79660E-03  7.03952E-03  7.28934E-03
       .            .            .            .            .            .
       .            .            .            .            .            .
       .            .            .            .            .            .
 -6.48824E-03 -6.38171E-03 -6.27470E-03 -6.16738E-03 -6.05989E-03 -5.95239E-03

512000 out of 512000 gridpoints are considered (100.0%).

...done!

                       Measure       RMSE[kcal/mol/e]   MaxError[kcal/mol/e]   NPoints
                         Total        6.860289548E-01        4.707764289E+00    406882
Close (  1.20 < r <   1.66 )          1.083322024E+00        4.707764289E+00    143388
Mid-range ( 1.66 < r <  2.20)         3.380634467E-01        1.092619487E+00    194500
Far-range (  2.20         < r)        1.195555926E-01        3.248742023E-01     68994
Did analysis and wrote slice data
