/home/boittier/esp_check
h2o_724
/data/boittier/energies/h2o_geom.xyz.dir
Read multipoles for 3 atoms with max. rank 2
Running in generate mode

Reading "/data/boittier/energies/h2o_geom.xyz.dir/h2o_724.chk.fchk.potential.cube"...

  h2o Potential=SCF
  Electrostatic potential from Total SCF Density
    3   -4.970736   -4.745551   -4.970736
   80    0.125841    0.000000    0.000000
   80    0.000000    0.125841    0.000000
   80    0.000000    0.000000    0.125841
    8    8.000000    0.000000    0.225185    0.000000
    1    1.000000    1.409587   -0.919208    0.000000
    1    1.000000   -1.409587   -0.882269    0.000000
  1.67161E-02  1.67455E-02  1.67455E-02  1.67161E-02  1.63586E-02  1.65634E-02
       .            .            .            .            .            .
       .            .            .            .            .            .
       .            .            .            .            .            .
 -9.43639E-03 -9.43134E-03 -9.42124E-03 -9.40609E-03 -9.38588E-03 -9.36060E-03

338319 out of 512000 gridpoints are considered ( 66.1%).

...done!

 writing cube file quadrupole_expansion.cube                                                                                                                                                                                                                                                                                                                                                                                                                                                                                                                                                                                                                                                                                                                                                                                                                                                                                                                                                                                                                                       
Written cubefile and slice data
Running in analysis mode

Reading "/data/boittier/energies/h2o_geom.xyz.dir/h2o_724.chk.fchk.potential.cube"...

  h2o Potential=SCF
  Electrostatic potential from Total SCF Density
    3   -4.970736   -4.745551   -4.970736
   80    0.125841    0.000000    0.000000
   80    0.000000    0.125841    0.000000
   80    0.000000    0.000000    0.125841
    8    8.000000    0.000000    0.225185    0.000000
    1    1.000000    1.409587   -0.919208    0.000000
    1    1.000000   -1.409587   -0.882269    0.000000
  6.18508E-03  6.40800E-03  6.63793E-03  6.87486E-03  7.11875E-03  7.36950E-03
       .            .            .            .            .            .
       .            .            .            .            .            .
       .            .            .            .            .            .
 -6.83807E-03 -6.71721E-03 -6.59633E-03 -6.47561E-03 -6.35520E-03 -6.23526E-03

512000 out of 512000 gridpoints are considered (100.0%).

...done!

Reading "/home/boittier/esp_check/quadrupole_expansion.cube"...

  Fitted ESP
  Electrostatic potential fitted from quadrupole expansion.
    3   -4.970736   -4.745551   -4.970736
   80    0.125841    0.000000    0.000000
   80    0.000000    0.125841    0.000000
   80    0.000000    0.000000    0.125841
    8    8.000000    0.000000    0.225185    0.000000
    1    1.000000    1.409587   -0.919208    0.000000
    1    1.000000   -1.409587   -0.882269    0.000000
  6.12870E-03  6.34546E-03  6.56882E-03  6.79875E-03  7.03520E-03  7.27809E-03
       .            .            .            .            .            .
       .            .            .            .            .            .
       .            .            .            .            .            .
 -6.78773E-03 -6.67184E-03 -6.55566E-03 -6.43934E-03 -6.32306E-03 -6.20698E-03

512000 out of 512000 gridpoints are considered (100.0%).

...done!

                       Measure       RMSE[kcal/mol/e]   MaxError[kcal/mol/e]   NPoints
                         Total        6.751716595E-01        4.702179455E+00    407639
Close (  1.20 < r <   1.66 )          1.067846185E+00        4.702179455E+00    143120
Mid-range ( 1.66 < r <  2.20)         3.331256482E-01        1.057792712E+00    195199
Far-range (  2.20         < r)        1.179350763E-01        3.198415763E-01     69320
Did analysis and wrote slice data
