/home/boittier/esp_check
h2o_612
/data/boittier/energies/h2o_geom.xyz.dir
Read multipoles for 3 atoms with max. rank 2
Running in generate mode

Reading "/data/boittier/energies/h2o_geom.xyz.dir/h2o_612.chk.fchk.potential.cube"...

  h2o Potential=SCF
  Electrostatic potential from Total SCF Density
    3   -4.970736   -4.743986   -4.970736
   80    0.125841    0.000000    0.000000
   80    0.000000    0.125841    0.000000
   80    0.000000    0.000000    0.125841
    8    8.000000    0.000000    0.226750    0.000000
    1    1.000000    1.416546   -0.911523    0.000000
    1    1.000000   -1.416546   -0.902476    0.000000
  1.67472E-02  1.68360E-02  1.68956E-02  1.69255E-02  1.69255E-02  1.68956E-02
       .            .            .            .            .            .
       .            .            .            .            .            .
       .            .            .            .            .            .
 -9.35155E-03 -9.34667E-03 -9.33690E-03 -9.32224E-03 -9.30267E-03 -9.27818E-03

338223 out of 512000 gridpoints are considered ( 66.1%).

...done!

 writing cube file quadrupole_expansion.cube                                                                                                                                                                                                                                                                                                                                                                                                                                                                                                                                                                                                                                                                                                                                                                                                                                                                                                                                                                                                                                       
Written cubefile and slice data
Running in analysis mode

Reading "/data/boittier/energies/h2o_geom.xyz.dir/h2o_612.chk.fchk.potential.cube"...

  h2o Potential=SCF
  Electrostatic potential from Total SCF Density
    3   -4.970736   -4.743986   -4.970736
   80    0.125841    0.000000    0.000000
   80    0.000000    0.125841    0.000000
   80    0.000000    0.000000    0.125841
    8    8.000000    0.000000    0.226750    0.000000
    1    1.000000    1.416546   -0.911523    0.000000
    1    1.000000   -1.416546   -0.902476    0.000000
  6.21786E-03  6.44301E-03  6.67528E-03  6.91467E-03  7.16115E-03  7.41464E-03
       .            .            .            .            .            .
       .            .            .            .            .            .
       .            .            .            .            .            .
 -6.81462E-03 -6.69481E-03 -6.57496E-03 -6.45524E-03 -6.33579E-03 -6.21679E-03

512000 out of 512000 gridpoints are considered (100.0%).

...done!

Reading "/home/boittier/esp_check/quadrupole_expansion.cube"...

  Fitted ESP
  Electrostatic potential fitted from quadrupole expansion.
    3   -4.970736   -4.743986   -4.970736
   80    0.125841    0.000000    0.000000
   80    0.000000    0.125841    0.000000
   80    0.000000    0.000000    0.125841
    8    8.000000    0.000000    0.226750    0.000000
    1    1.000000    1.416546   -0.911523    0.000000
    1    1.000000   -1.416546   -0.902476    0.000000
  6.16044E-03  6.37934E-03  6.60496E-03  6.83727E-03  7.07622E-03  7.32173E-03
       .            .            .            .            .            .
       .            .            .            .            .            .
       .            .            .            .            .            .
 -6.76308E-03 -6.64829E-03 -6.53318E-03 -6.41792E-03 -6.30265E-03 -6.18755E-03

512000 out of 512000 gridpoints are considered (100.0%).

...done!

                       Measure       RMSE[kcal/mol/e]   MaxError[kcal/mol/e]   NPoints
                         Total        6.750519592E-01        4.706446519E+00    407405
Close (  1.20 < r <   1.66 )          1.066965869E+00        4.706446519E+00    143269
Mid-range ( 1.66 < r <  2.20)         3.328257066E-01        1.061118512E+00    194954
Far-range (  2.20         < r)        1.176206190E-01        3.209710934E-01     69182
Did analysis and wrote slice data
