/home/boittier/esp_check
h2o_929
/data/boittier/energies/h2o_geom.xyz.dir
Read multipoles for 3 atoms with max. rank 2
Running in generate mode

Reading "/data/boittier/energies/h2o_geom.xyz.dir/h2o_929.chk.fchk.potential.cube"...

  h2o Potential=SCF
  Electrostatic potential from Total SCF Density
    3   -4.970736   -4.756549   -4.970736
   80    0.125841    0.000000    0.000000
   80    0.000000    0.125841    0.000000
   80    0.000000    0.000000    0.125841
    8    8.000000    0.000000    0.214187    0.000000
    1    1.000000    1.445476   -0.877733    0.000000
    1    1.000000   -1.445476   -0.835763    0.000000
  1.62162E-02  1.63923E-02  1.65414E-02  1.66622E-02  1.67538E-02  1.68153E-02
       .            .            .            .            .            .
       .            .            .            .            .            .
       .            .            .            .            .            .
 -8.95272E-03 -8.94834E-03 -8.93958E-03 -8.92641E-03 -8.90882E-03 -8.88679E-03

338237 out of 512000 gridpoints are considered ( 66.1%).

...done!

 writing cube file quadrupole_expansion.cube                                                                                                                                                                                                                                                                                                                                                                                                                                                                                                                                                                                                                                                                                                                                                                                                                                                                                                                                                                                                                                       
Written cubefile and slice data
Running in analysis mode

Reading "/data/boittier/energies/h2o_geom.xyz.dir/h2o_929.chk.fchk.potential.cube"...

  h2o Potential=SCF
  Electrostatic potential from Total SCF Density
    3   -4.970736   -4.756549   -4.970736
   80    0.125841    0.000000    0.000000
   80    0.000000    0.125841    0.000000
   80    0.000000    0.000000    0.125841
    8    8.000000    0.000000    0.214187    0.000000
    1    1.000000    1.445476   -0.877733    0.000000
    1    1.000000   -1.445476   -0.835763    0.000000
  5.98192E-03  6.19937E-03  6.42370E-03  6.65490E-03  6.89294E-03  7.13773E-03
       .            .            .            .            .            .
       .            .            .            .            .            .
       .            .            .            .            .            .
 -6.63639E-03 -6.52016E-03 -6.40387E-03 -6.28768E-03 -6.17173E-03 -6.05619E-03

512000 out of 512000 gridpoints are considered (100.0%).

...done!

Reading "/home/boittier/esp_check/quadrupole_expansion.cube"...

  Fitted ESP
  Electrostatic potential fitted from quadrupole expansion.
    3   -4.970736   -4.756549   -4.970736
   80    0.125841    0.000000    0.000000
   80    0.000000    0.125841    0.000000
   80    0.000000    0.000000    0.125841
    8    8.000000    0.000000    0.214187    0.000000
    1    1.000000    1.445476   -0.877733    0.000000
    1    1.000000   -1.445476   -0.835763    0.000000
  5.92262E-03  6.13385E-03  6.35155E-03  6.57569E-03  6.80624E-03  7.04310E-03
       .            .            .            .            .            .
       .            .            .            .            .            .
       .            .            .            .            .            .
 -6.58197E-03 -6.47085E-03 -6.35937E-03 -6.24771E-03 -6.13602E-03 -6.02445E-03

512000 out of 512000 gridpoints are considered (100.0%).

...done!

                       Measure       RMSE[kcal/mol/e]   MaxError[kcal/mol/e]   NPoints
                         Total        6.895520061E-01        4.682914914E+00    407788
Close (  1.20 < r <   1.66 )          1.091474655E+00        4.682914914E+00    142904
Mid-range ( 1.66 < r <  2.20)         3.403455280E-01        1.092995993E+00    195333
Far-range (  2.20         < r)        1.214257166E-01        3.203373088E-01     69551
Did analysis and wrote slice data
