/home/boittier/esp_check
h2o_1683
/data/boittier/energies/h2o_geom.xyz.dir
Read multipoles for 3 atoms with max. rank 2
Running in generate mode

Reading "/data/boittier/energies/h2o_geom.xyz.dir/h2o_1683.chk.fchk.potential.cube"...

  h2o Potential=SCF
  Electrostatic potential from Total SCF Density
    3   -4.970736   -4.759876   -4.970736
   80    0.125841    0.000000    0.000000
   80    0.000000    0.125841    0.000000
   80    0.000000    0.000000    0.125841
    8    8.000000    0.000000    0.210859    0.000000
    1    1.000000    1.509236   -0.796688    0.000000
    1    1.000000   -1.509236   -0.890185    0.000000
  1.63308E-02  1.65082E-02  1.66584E-02  1.67801E-02  1.68723E-02  1.69342E-02
       .            .            .            .            .            .
       .            .            .            .            .            .
       .            .            .            .            .            .
 -8.02193E-03 -8.01913E-03 -8.01350E-03 -8.00502E-03 -7.99362E-03 -7.97924E-03

337686 out of 512000 gridpoints are considered ( 66.0%).

...done!

 writing cube file quadrupole_expansion.cube                                                                                                                                                                                                                                                                                                                                                                                                                                                                                                                                                                                                                                                                                                                                                                                                                                                                                                                                                                                                                                       
Written cubefile and slice data
Running in analysis mode

Reading "/data/boittier/energies/h2o_geom.xyz.dir/h2o_1683.chk.fchk.potential.cube"...

  h2o Potential=SCF
  Electrostatic potential from Total SCF Density
    3   -4.970736   -4.759876   -4.970736
   80    0.125841    0.000000    0.000000
   80    0.000000    0.125841    0.000000
   80    0.000000    0.000000    0.125841
    8    8.000000    0.000000    0.210859    0.000000
    1    1.000000    1.509236   -0.796688    0.000000
    1    1.000000   -1.509236   -0.890185    0.000000
  5.97677E-03  6.20079E-03  6.43220E-03  6.67100E-03  6.91717E-03  7.17064E-03
       .            .            .            .            .            .
       .            .            .            .            .            .
       .            .            .            .            .            .
 -6.31526E-03 -6.20931E-03 -6.10309E-03 -5.99675E-03 -5.89044E-03 -5.78429E-03

512000 out of 512000 gridpoints are considered (100.0%).

...done!

Reading "/home/boittier/esp_check/quadrupole_expansion.cube"...

  Fitted ESP
  Electrostatic potential fitted from quadrupole expansion.
    3   -4.970736   -4.759876   -4.970736
   80    0.125841    0.000000    0.000000
   80    0.000000    0.125841    0.000000
   80    0.000000    0.000000    0.125841
    8    8.000000    0.000000    0.210859    0.000000
    1    1.000000    1.509236   -0.796688    0.000000
    1    1.000000   -1.509236   -0.890185    0.000000
  5.90925E-03  6.12661E-03  6.35091E-03  6.58217E-03  6.82034E-03  7.06535E-03
       .            .            .            .            .            .
       .            .            .            .            .            .
       .            .            .            .            .            .
 -6.25079E-03 -6.15033E-03 -6.04930E-03 -5.94785E-03 -5.84615E-03 -5.74433E-03

512000 out of 512000 gridpoints are considered (100.0%).

...done!

                       Measure       RMSE[kcal/mol/e]   MaxError[kcal/mol/e]   NPoints
                         Total        6.999594311E-01        4.688688001E+00    406824
Close (  1.20 < r <   1.66 )          1.105801981E+00        4.688688001E+00    143261
Mid-range ( 1.66 < r <  2.20)         3.446939562E-01        1.149471845E+00    194425
Far-range (  2.20         < r)        1.227057417E-01        3.276101436E-01     69138
Did analysis and wrote slice data
