/home/boittier/esp_check
h2o_1558
/data/boittier/energies/h2o_geom.xyz.dir
Read multipoles for 3 atoms with max. rank 2
Running in generate mode

Reading "/data/boittier/energies/h2o_geom.xyz.dir/h2o_1558.chk.fchk.potential.cube"...

  h2o Potential=SCF
  Electrostatic potential from Total SCF Density
    3   -4.970736   -4.759268   -4.970736
   80    0.125841    0.000000    0.000000
   80    0.000000    0.125841    0.000000
   80    0.000000    0.000000    0.125841
    8    8.000000    0.000000    0.211468    0.000000
    1    1.000000    1.461476   -0.863116    0.000000
    1    1.000000   -1.461476   -0.828628    0.000000
  1.61819E-02  1.63585E-02  1.65080E-02  1.66292E-02  1.67211E-02  1.67828E-02
       .            .            .            .            .            .
       .            .            .            .            .            .
       .            .            .            .            .            .
 -8.76667E-03 -8.76257E-03 -8.75438E-03 -8.74206E-03 -8.72560E-03 -8.70496E-03

338132 out of 512000 gridpoints are considered ( 66.0%).

...done!

 writing cube file quadrupole_expansion.cube                                                                                                                                                                                                                                                                                                                                                                                                                                                                                                                                                                                                                                                                                                                                                                                                                                                                                                                                                                                                                                       
Written cubefile and slice data
Running in analysis mode

Reading "/data/boittier/energies/h2o_geom.xyz.dir/h2o_1558.chk.fchk.potential.cube"...

  h2o Potential=SCF
  Electrostatic potential from Total SCF Density
    3   -4.970736   -4.759268   -4.970736
   80    0.125841    0.000000    0.000000
   80    0.000000    0.125841    0.000000
   80    0.000000    0.000000    0.125841
    8    8.000000    0.000000    0.211468    0.000000
    1    1.000000    1.461476   -0.863116    0.000000
    1    1.000000   -1.461476   -0.828628    0.000000
  5.93012E-03  6.14677E-03  6.37032E-03  6.60077E-03  6.83806E-03  7.08213E-03
       .            .            .            .            .            .
       .            .            .            .            .            .
       .            .            .            .            .            .
 -6.56568E-03 -6.45134E-03 -6.33691E-03 -6.22254E-03 -6.10840E-03 -5.99461E-03

512000 out of 512000 gridpoints are considered (100.0%).

...done!

Reading "/home/boittier/esp_check/quadrupole_expansion.cube"...

  Fitted ESP
  Electrostatic potential fitted from quadrupole expansion.
    3   -4.970736   -4.759268   -4.970736
   80    0.125841    0.000000    0.000000
   80    0.000000    0.125841    0.000000
   80    0.000000    0.000000    0.125841
    8    8.000000    0.000000    0.211468    0.000000
    1    1.000000    1.461476   -0.863116    0.000000
    1    1.000000   -1.461476   -0.828628    0.000000
  5.86953E-03  6.07992E-03  6.29679E-03  6.52012E-03  6.74987E-03  6.98595E-03
       .            .            .            .            .            .
       .            .            .            .            .            .
       .            .            .            .            .            .
 -6.50968E-03 -6.40050E-03 -6.29093E-03 -6.18115E-03 -6.07130E-03 -5.96154E-03

512000 out of 512000 gridpoints are considered (100.0%).

...done!

                       Measure       RMSE[kcal/mol/e]   MaxError[kcal/mol/e]   NPoints
                         Total        6.934875625E-01        4.678961605E+00    407662
Close (  1.20 < r <   1.66 )          1.097687658E+00        4.678961605E+00    142866
Mid-range ( 1.66 < r <  2.20)         3.422607835E-01        1.110817262E+00    195266
Far-range (  2.20         < r)        1.222463252E-01        3.218182312E-01     69530
Did analysis and wrote slice data
