/home/boittier/esp_check
h2o_598
/data/boittier/energies/h2o_geom.xyz.dir
Read multipoles for 3 atoms with max. rank 2
Running in generate mode

Reading "/data/boittier/energies/h2o_geom.xyz.dir/h2o_598.chk.fchk.potential.cube"...

  h2o Potential=SCF
  Electrostatic potential from Total SCF Density
    3   -4.970736   -4.753055   -4.970736
   80    0.125841    0.000000    0.000000
   80    0.000000    0.125841    0.000000
   80    0.000000    0.000000    0.125841
    8    8.000000    0.000000    0.217680    0.000000
    1    1.000000    1.435643   -0.885731    0.000000
    1    1.000000   -1.435643   -0.855711    0.000000
  1.63691E-02  1.65469E-02  1.66974E-02  1.68194E-02  1.69118E-02  1.69739E-02
       .            .            .            .            .            .
       .            .            .            .            .            .
       .            .            .            .            .            .
 -9.06120E-03 -9.05668E-03 -9.04764E-03 -9.03406E-03 -9.01592E-03 -8.99321E-03

338250 out of 512000 gridpoints are considered ( 66.1%).

...done!

 writing cube file quadrupole_expansion.cube                                                                                                                                                                                                                                                                                                                                                                                                                                                                                                                                                                                                                                                                                                                                                                                                                                                                                                                                                                                                                                       
Written cubefile and slice data
Running in analysis mode

Reading "/data/boittier/energies/h2o_geom.xyz.dir/h2o_598.chk.fchk.potential.cube"...

  h2o Potential=SCF
  Electrostatic potential from Total SCF Density
    3   -4.970736   -4.753055   -4.970736
   80    0.125841    0.000000    0.000000
   80    0.000000    0.125841    0.000000
   80    0.000000    0.000000    0.125841
    8    8.000000    0.000000    0.217680    0.000000
    1    1.000000    1.435643   -0.885731    0.000000
    1    1.000000   -1.435643   -0.855711    0.000000
  6.05270E-03  6.27241E-03  6.49908E-03  6.73269E-03  6.97320E-03  7.22054E-03
       .            .            .            .            .            .
       .            .            .            .            .            .
       .            .            .            .            .            .
 -6.68437E-03 -6.56718E-03 -6.44992E-03 -6.33278E-03 -6.21589E-03 -6.09941E-03

512000 out of 512000 gridpoints are considered (100.0%).

...done!

Reading "/home/boittier/esp_check/quadrupole_expansion.cube"...

  Fitted ESP
  Electrostatic potential fitted from quadrupole expansion.
    3   -4.970736   -4.753055   -4.970736
   80    0.125841    0.000000    0.000000
   80    0.000000    0.125841    0.000000
   80    0.000000    0.000000    0.125841
    8    8.000000    0.000000    0.217680    0.000000
    1    1.000000    1.435643   -0.885731    0.000000
    1    1.000000   -1.435643   -0.855711    0.000000
  5.99381E-03  6.20729E-03  6.42731E-03  6.65385E-03  6.88686E-03  7.12625E-03
       .            .            .            .            .            .
       .            .            .            .            .            .
       .            .            .            .            .            .
 -6.63054E-03 -6.51845E-03 -6.40600E-03 -6.29338E-03 -6.18073E-03 -6.06822E-03

512000 out of 512000 gridpoints are considered (100.0%).

...done!

                       Measure       RMSE[kcal/mol/e]   MaxError[kcal/mol/e]   NPoints
                         Total        6.854590373E-01        4.689692017E+00    407714
Close (  1.20 < r <   1.66 )          1.084682204E+00        4.689692017E+00    142971
Mid-range ( 1.66 < r <  2.20)         3.382979170E-01        1.077120004E+00    195279
Far-range (  2.20         < r)        1.203926079E-01        3.203435839E-01     69464
Did analysis and wrote slice data
