/home/boittier/esp_check
h2o_443
/data/boittier/energies/h2o_geom.xyz.dir
Read multipoles for 3 atoms with max. rank 2
Running in generate mode

Reading "/data/boittier/energies/h2o_geom.xyz.dir/h2o_443.chk.fchk.potential.cube"...

  h2o Potential=SCF
  Electrostatic potential from Total SCF Density
    3   -4.970736   -4.751949   -4.970736
   80    0.125841    0.000000    0.000000
   80    0.000000    0.125841    0.000000
   80    0.000000    0.000000    0.125841
    8    8.000000    0.000000    0.218787    0.000000
    1    1.000000    1.458622   -0.852864    0.000000
    1    1.000000   -1.458622   -0.897432    0.000000
  1.66244E-02  1.67436E-02  1.68338E-02  1.68944E-02  1.69249E-02  1.69249E-02
       .            .            .            .            .            .
       .            .            .            .            .            .
       .            .            .            .            .            .
 -8.70763E-03 -8.70373E-03 -8.69592E-03 -8.68417E-03 -8.66845E-03 -8.64874E-03

338040 out of 512000 gridpoints are considered ( 66.0%).

...done!

 writing cube file quadrupole_expansion.cube                                                                                                                                                                                                                                                                                                                                                                                                                                                                                                                                                                                                                                                                                                                                                                                                                                                                                                                                                                                                                                       
Written cubefile and slice data
Running in analysis mode

Reading "/data/boittier/energies/h2o_geom.xyz.dir/h2o_443.chk.fchk.potential.cube"...

  h2o Potential=SCF
  Electrostatic potential from Total SCF Density
    3   -4.970736   -4.751949   -4.970736
   80    0.125841    0.000000    0.000000
   80    0.000000    0.125841    0.000000
   80    0.000000    0.000000    0.125841
    8    8.000000    0.000000    0.218787    0.000000
    1    1.000000    1.458622   -0.852864    0.000000
    1    1.000000   -1.458622   -0.897432    0.000000
  6.09860E-03  6.32297E-03  6.55458E-03  6.79343E-03  7.03949E-03  7.29269E-03
       .            .            .            .            .            .
       .            .            .            .            .            .
       .            .            .            .            .            .
 -6.56825E-03 -6.45512E-03 -6.34184E-03 -6.22857E-03 -6.11546E-03 -6.00267E-03

512000 out of 512000 gridpoints are considered (100.0%).

...done!

Reading "/home/boittier/esp_check/quadrupole_expansion.cube"...

  Fitted ESP
  Electrostatic potential fitted from quadrupole expansion.
    3   -4.970736   -4.751949   -4.970736
   80    0.125841    0.000000    0.000000
   80    0.000000    0.125841    0.000000
   80    0.000000    0.000000    0.125841
    8    8.000000    0.000000    0.218787    0.000000
    1    1.000000    1.458622   -0.852864    0.000000
    1    1.000000   -1.458622   -0.897432    0.000000
  6.03610E-03  6.25402E-03  6.47875E-03  6.71029E-03  6.94859E-03  7.19357E-03
       .            .            .            .            .            .
       .            .            .            .            .            .
       .            .            .            .            .            .
 -6.51002E-03 -6.40216E-03 -6.29386E-03 -6.18528E-03 -6.07658E-03 -5.96791E-03

512000 out of 512000 gridpoints are considered (100.0%).

...done!

                       Measure       RMSE[kcal/mol/e]   MaxError[kcal/mol/e]   NPoints
                         Total        6.879601771E-01        4.698226145E+00    407218
Close (  1.20 < r <   1.66 )          1.087400688E+00        4.698226145E+00    143183
Mid-range ( 1.66 < r <  2.20)         3.392444347E-01        1.095255027E+00    194857
Far-range (  2.20         < r)        1.202954453E-01        3.232364026E-01     69178
Did analysis and wrote slice data
