/home/boittier/esp_check
h2o_1613
/data/boittier/energies/h2o_geom.xyz.dir
Read multipoles for 3 atoms with max. rank 2
Running in generate mode

Reading "/data/boittier/energies/h2o_geom.xyz.dir/h2o_1613.chk.fchk.potential.cube"...

  h2o Potential=SCF
  Electrostatic potential from Total SCF Density
    3   -4.970736   -4.739342   -4.970736
   80    0.125841    0.000000    0.000000
   80    0.000000    0.125841    0.000000
   80    0.000000    0.000000    0.125841
    8    8.000000    0.000000    0.231393    0.000000
    1    1.000000    1.339968   -1.023816    0.000000
    1    1.000000   -1.339968   -0.827332    0.000000
  1.67152E-02  1.67445E-02  1.67445E-02  1.67152E-02  1.63217E-02  1.65249E-02
       .            .            .            .            .            .
       .            .            .            .            .            .
       .            .            .            .            .            .
 -1.04926E-02 -1.04859E-02 -1.04726E-02 -1.04526E-02 -1.04260E-02 -1.03928E-02

338696 out of 512000 gridpoints are considered ( 66.2%).

...done!

 writing cube file quadrupole_expansion.cube                                                                                                                                                                                                                                                                                                                                                                                                                                                                                                                                                                                                                                                                                                                                                                                                                                                                                                                                                                                                                                       
Written cubefile and slice data
Running in analysis mode

Reading "/data/boittier/energies/h2o_geom.xyz.dir/h2o_1613.chk.fchk.potential.cube"...

  h2o Potential=SCF
  Electrostatic potential from Total SCF Density
    3   -4.970736   -4.739342   -4.970736
   80    0.125841    0.000000    0.000000
   80    0.000000    0.125841    0.000000
   80    0.000000    0.000000    0.125841
    8    8.000000    0.000000    0.231393    0.000000
    1    1.000000    1.339968   -1.023816    0.000000
    1    1.000000   -1.339968   -0.827332    0.000000
  6.26725E-03  6.48604E-03  6.71140E-03  6.94330E-03  7.18168E-03  7.42645E-03
       .            .            .            .            .            .
       .            .            .            .            .            .
       .            .            .            .            .            .
 -7.22899E-03 -7.09686E-03 -6.96492E-03 -6.83333E-03 -6.70228E-03 -6.57190E-03

512000 out of 512000 gridpoints are considered (100.0%).

...done!

Reading "/home/boittier/esp_check/quadrupole_expansion.cube"...

  Fitted ESP
  Electrostatic potential fitted from quadrupole expansion.
    3   -4.970736   -4.739342   -4.970736
   80    0.125841    0.000000    0.000000
   80    0.000000    0.125841    0.000000
   80    0.000000    0.000000    0.125841
    8    8.000000    0.000000    0.231393    0.000000
    1    1.000000    1.339968   -1.023816    0.000000
    1    1.000000   -1.339968   -0.827332    0.000000
  6.22072E-03  6.43387E-03  6.65320E-03  6.87867E-03  7.11022E-03  7.34773E-03
       .            .            .            .            .            .
       .            .            .            .            .            .
       .            .            .            .            .            .
 -7.19145E-03 -7.06380E-03 -6.93605E-03 -6.80839E-03 -6.68099E-03 -6.55402E-03

512000 out of 512000 gridpoints are considered (100.0%).

...done!

                       Measure       RMSE[kcal/mol/e]   MaxError[kcal/mol/e]   NPoints
                         Total        6.576244875E-01        4.691135288E+00    408352
Close (  1.20 < r <   1.66 )          1.042017365E+00        4.691135288E+00    142769
Mid-range ( 1.66 < r <  2.20)         3.247512197E-01        1.010227494E+00    195927
Far-range (  2.20         < r)        1.148156734E-01        3.124997156E-01     69656
Did analysis and wrote slice data
