/home/boittier/esp_check
h2o_1544
/data/boittier/energies/h2o_geom.xyz.dir
Read multipoles for 3 atoms with max. rank 2
Running in generate mode

Reading "/data/boittier/energies/h2o_geom.xyz.dir/h2o_1544.chk.fchk.potential.cube"...

  h2o Potential=SCF
  Electrostatic potential from Total SCF Density
    3   -4.970736   -4.759814   -4.970736
   80    0.125841    0.000000    0.000000
   80    0.000000    0.125841    0.000000
   80    0.000000    0.000000    0.125841
    8    8.000000    0.000000    0.210922    0.000000
    1    1.000000    1.529822   -0.767320    0.000000
    1    1.000000   -1.529822   -0.920054    0.000000
  1.66733E-02  1.67330E-02  1.67631E-02  1.67631E-02  1.67330E-02  1.66733E-02
       .            .            .            .            .            .
       .            .            .            .            .            .
       .            .            .            .            .            .
 -7.68594E-03 -7.68373E-03 -7.67929E-03 -7.67257E-03 -7.66351E-03 -7.65202E-03

337472 out of 512000 gridpoints are considered ( 65.9%).

...done!

 writing cube file quadrupole_expansion.cube                                                                                                                                                                                                                                                                                                                                                                                                                                                                                                                                                                                                                                                                                                                                                                                                                                                                                                                                                                                                                                       
Written cubefile and slice data
Running in analysis mode

Reading "/data/boittier/energies/h2o_geom.xyz.dir/h2o_1544.chk.fchk.potential.cube"...

  h2o Potential=SCF
  Electrostatic potential from Total SCF Density
    3   -4.970736   -4.759814   -4.970736
   80    0.125841    0.000000    0.000000
   80    0.000000    0.125841    0.000000
   80    0.000000    0.000000    0.125841
    8    8.000000    0.000000    0.210922    0.000000
    1    1.000000    1.529822   -0.767320    0.000000
    1    1.000000   -1.529822   -0.920054    0.000000
  6.00918E-03  6.23702E-03  6.47249E-03  6.71561E-03  6.96635E-03  7.22467E-03
       .            .            .            .            .            .
       .            .            .            .            .            .
       .            .            .            .            .            .
 -6.20411E-03 -6.10200E-03 -5.99953E-03 -5.89686E-03 -5.79413E-03 -5.69147E-03

512000 out of 512000 gridpoints are considered (100.0%).

...done!

Reading "/home/boittier/esp_check/quadrupole_expansion.cube"...

  Fitted ESP
  Electrostatic potential fitted from quadrupole expansion.
    3   -4.970736   -4.759814   -4.970736
   80    0.125841    0.000000    0.000000
   80    0.000000    0.125841    0.000000
   80    0.000000    0.000000    0.125841
    8    8.000000    0.000000    0.210922    0.000000
    1    1.000000    1.529822   -0.767320    0.000000
    1    1.000000   -1.529822   -0.920054    0.000000
  5.93875E-03  6.15977E-03  6.38796E-03  6.62335E-03  6.86591E-03  7.11557E-03
       .            .            .            .            .            .
       .            .            .            .            .            .
       .            .            .            .            .            .
 -6.13608E-03 -6.03960E-03 -5.94245E-03 -5.84480E-03 -5.74680E-03 -5.64859E-03

512000 out of 512000 gridpoints are considered (100.0%).

...done!

                       Measure       RMSE[kcal/mol/e]   MaxError[kcal/mol/e]   NPoints
                         Total        7.022271271E-01        4.703685478E+00    406396
Close (  1.20 < r <   1.66 )          1.108451511E+00        4.703685478E+00    143433
Mid-range ( 1.66 < r <  2.20)         3.452925339E-01        1.162461291E+00    194039
Far-range (  2.20         < r)        1.226865350E-01        3.318458325E-01     68924
Did analysis and wrote slice data
