/home/boittier/esp_check
h2o_492
/data/boittier/energies/h2o_geom.xyz.dir
Read multipoles for 3 atoms with max. rank 2
Running in generate mode

Reading "/data/boittier/energies/h2o_geom.xyz.dir/h2o_492.chk.fchk.potential.cube"...

  h2o Potential=SCF
  Electrostatic potential from Total SCF Density
    3   -4.970736   -4.754743   -4.970736
   80    0.125841    0.000000    0.000000
   80    0.000000    0.125841    0.000000
   80    0.000000    0.000000    0.125841
    8    8.000000    0.000000    0.215993    0.000000
    1    1.000000    1.441689   -0.879186    0.000000
    1    1.000000   -1.441689   -0.848756    0.000000
  1.63184E-02  1.64958E-02  1.66461E-02  1.67678E-02  1.68600E-02  1.69220E-02
       .            .            .            .            .            .
       .            .            .            .            .            .
       .            .            .            .            .            .
 -8.98232E-03 -8.97792E-03 -8.96910E-03 -8.95585E-03 -8.93815E-03 -8.91598E-03

338242 out of 512000 gridpoints are considered ( 66.1%).

...done!

 writing cube file quadrupole_expansion.cube                                                                                                                                                                                                                                                                                                                                                                                                                                                                                                                                                                                                                                                                                                                                                                                                                                                                                                                                                                                                                                       
Written cubefile and slice data
Running in analysis mode

Reading "/data/boittier/energies/h2o_geom.xyz.dir/h2o_492.chk.fchk.potential.cube"...

  h2o Potential=SCF
  Electrostatic potential from Total SCF Density
    3   -4.970736   -4.754743   -4.970736
   80    0.125841    0.000000    0.000000
   80    0.000000    0.125841    0.000000
   80    0.000000    0.000000    0.125841
    8    8.000000    0.000000    0.215993    0.000000
    1    1.000000    1.441689   -0.879186    0.000000
    1    1.000000   -1.441689   -0.848756    0.000000
  6.02108E-03  6.23998E-03  6.46582E-03  6.69858E-03  6.93823E-03  7.18469E-03
       .            .            .            .            .            .
       .            .            .            .            .            .
       .            .            .            .            .            .
 -6.65203E-03 -6.53560E-03 -6.41911E-03 -6.30271E-03 -6.18655E-03 -6.07080E-03

512000 out of 512000 gridpoints are considered (100.0%).

...done!

Reading "/home/boittier/esp_check/quadrupole_expansion.cube"...

  Fitted ESP
  Electrostatic potential fitted from quadrupole expansion.
    3   -4.970736   -4.754743   -4.970736
   80    0.125841    0.000000    0.000000
   80    0.000000    0.125841    0.000000
   80    0.000000    0.000000    0.125841
    8    8.000000    0.000000    0.215993    0.000000
    1    1.000000    1.441689   -0.879186    0.000000
    1    1.000000   -1.441689   -0.848756    0.000000
  5.96172E-03  6.17438E-03  6.39356E-03  6.61924E-03  6.85138E-03  7.08988E-03
       .            .            .            .            .            .
       .            .            .            .            .            .
       .            .            .            .            .            .
 -6.59757E-03 -6.48626E-03 -6.37459E-03 -6.26273E-03 -6.15083E-03 -6.03907E-03

512000 out of 512000 gridpoints are considered (100.0%).

...done!

                       Measure       RMSE[kcal/mol/e]   MaxError[kcal/mol/e]   NPoints
                         Total        6.877370886E-01        4.686679971E+00    407726
Close (  1.20 < r <   1.66 )          1.088355753E+00        4.686679971E+00    142956
Mid-range ( 1.66 < r <  2.20)         3.394159775E-01        1.085905136E+00    195286
Far-range (  2.20         < r)        1.208990845E-01        3.204565356E-01     69484
Did analysis and wrote slice data
