/home/boittier/esp_check
h2o_78
/data/boittier/energies/h2o_geom.xyz.dir
Read multipoles for 3 atoms with max. rank 2
Running in generate mode

Reading "/data/boittier/energies/h2o_geom.xyz.dir/h2o_78.chk.fchk.potential.cube"...

  h2o Potential=SCF
  Electrostatic potential from Total SCF Density
    3   -4.970736   -4.750181   -4.970736
   80    0.125841    0.000000    0.000000
   80    0.000000    0.125841    0.000000
   80    0.000000    0.000000    0.125841
    8    8.000000    0.000000    0.220554    0.000000
    1    1.000000    1.420992   -0.906590    0.000000
    1    1.000000   -1.420992   -0.857844    0.000000
  1.63766E-02  1.65534E-02  1.67030E-02  1.68243E-02  1.69162E-02  1.69779E-02
       .            .            .            .            .            .
       .            .            .            .            .            .
       .            .            .            .            .            .
 -9.28844E-03 -9.28358E-03 -9.27385E-03 -9.25926E-03 -9.23978E-03 -9.21540E-03

338308 out of 512000 gridpoints are considered ( 66.1%).

...done!

 writing cube file quadrupole_expansion.cube                                                                                                                                                                                                                                                                                                                                                                                                                                                                                                                                                                                                                                                                                                                                                                                                                                                                                                                                                                                                                                       
Written cubefile and slice data
Running in analysis mode

Reading "/data/boittier/energies/h2o_geom.xyz.dir/h2o_78.chk.fchk.potential.cube"...

  h2o Potential=SCF
  Electrostatic potential from Total SCF Density
    3   -4.970736   -4.750181   -4.970736
   80    0.125841    0.000000    0.000000
   80    0.000000    0.125841    0.000000
   80    0.000000    0.000000    0.125841
    8    8.000000    0.000000    0.220554    0.000000
    1    1.000000    1.420992   -0.906590    0.000000
    1    1.000000   -1.420992   -0.857844    0.000000
  6.09833E-03  6.31847E-03  6.54553E-03  6.77950E-03  7.02034E-03  7.26796E-03
       .            .            .            .            .            .
       .            .            .            .            .            .
       .            .            .            .            .            .
 -6.77214E-03 -6.65260E-03 -6.53304E-03 -6.41362E-03 -6.29451E-03 -6.17584E-03

512000 out of 512000 gridpoints are considered (100.0%).

...done!

Reading "/home/boittier/esp_check/quadrupole_expansion.cube"...

  Fitted ESP
  Electrostatic potential fitted from quadrupole expansion.
    3   -4.970736   -4.750181   -4.970736
   80    0.125841    0.000000    0.000000
   80    0.000000    0.125841    0.000000
   80    0.000000    0.000000    0.125841
    8    8.000000    0.000000    0.220554    0.000000
    1    1.000000    1.420992   -0.906590    0.000000
    1    1.000000   -1.420992   -0.857844    0.000000
  6.04120E-03  6.25519E-03  6.47568E-03  6.70266E-03  6.93607E-03  7.17583E-03
       .            .            .            .            .            .
       .            .            .            .            .            .
       .            .            .            .            .            .
 -6.72064E-03 -6.60612E-03 -6.49128E-03 -6.37630E-03 -6.26135E-03 -6.14658E-03

512000 out of 512000 gridpoints are considered (100.0%).

...done!

                       Measure       RMSE[kcal/mol/e]   MaxError[kcal/mol/e]   NPoints
                         Total        6.808617318E-01        4.694021832E+00    407772
Close (  1.20 < r <   1.66 )          1.077430263E+00        4.694021832E+00    142972
Mid-range ( 1.66 < r <  2.20)         3.361378916E-01        1.064318810E+00    195336
Far-range (  2.20         < r)        1.194605797E-01        3.196156729E-01     69464
Did analysis and wrote slice data
