/home/boittier/esp_check
h2o_1075
/data/boittier/energies/h2o_geom.xyz.dir
Read multipoles for 3 atoms with max. rank 2
Running in generate mode

Reading "/data/boittier/energies/h2o_geom.xyz.dir/h2o_1075.chk.fchk.potential.cube"...

  h2o Potential=SCF
  Electrostatic potential from Total SCF Density
    3   -4.970736   -4.755459   -4.970736
   80    0.125841    0.000000    0.000000
   80    0.000000    0.125841    0.000000
   80    0.000000    0.000000    0.125841
    8    8.000000    0.000000    0.215277    0.000000
    1    1.000000    1.449487   -0.870097    0.000000
    1    1.000000   -1.449487   -0.852120    0.000000
  1.64881E-02  1.65174E-02  1.65174E-02  1.64881E-02  1.61542E-02  1.63587E-02
       .            .            .            .            .            .
       .            .            .            .            .            .
       .            .            .            .            .            .
 -8.87758E-03 -8.87334E-03 -8.86486E-03 -8.85212E-03 -8.83509E-03 -8.81375E-03

338170 out of 512000 gridpoints are considered ( 66.0%).

...done!

 writing cube file quadrupole_expansion.cube                                                                                                                                                                                                                                                                                                                                                                                                                                                                                                                                                                                                                                                                                                                                                                                                                                                                                                                                                                                                                                       
Written cubefile and slice data
Running in analysis mode

Reading "/data/boittier/energies/h2o_geom.xyz.dir/h2o_1075.chk.fchk.potential.cube"...

  h2o Potential=SCF
  Electrostatic potential from Total SCF Density
    3   -4.970736   -4.755459   -4.970736
   80    0.125841    0.000000    0.000000
   80    0.000000    0.125841    0.000000
   80    0.000000    0.000000    0.125841
    8    8.000000    0.000000    0.215277    0.000000
    1    1.000000    1.449487   -0.870097    0.000000
    1    1.000000   -1.449487   -0.852120    0.000000
  6.01159E-03  6.23086E-03  6.45711E-03  6.69033E-03  6.93049E-03  7.17750E-03
       .            .            .            .            .            .
       .            .            .            .            .            .
       .            .            .            .            .            .
 -6.61452E-03 -6.49922E-03 -6.38382E-03 -6.26850E-03 -6.15341E-03 -6.03869E-03

512000 out of 512000 gridpoints are considered (100.0%).

...done!

Reading "/home/boittier/esp_check/quadrupole_expansion.cube"...

  Fitted ESP
  Electrostatic potential fitted from quadrupole expansion.
    3   -4.970736   -4.755459   -4.970736
   80    0.125841    0.000000    0.000000
   80    0.000000    0.125841    0.000000
   80    0.000000    0.000000    0.125841
    8    8.000000    0.000000    0.215277    0.000000
    1    1.000000    1.449487   -0.870097    0.000000
    1    1.000000   -1.449487   -0.852120    0.000000
  5.95131E-03  6.16430E-03  6.38384E-03  6.60993E-03  6.84252E-03  7.08152E-03
       .            .            .            .            .            .
       .            .            .            .            .            .
       .            .            .            .            .            .
 -6.55893E-03 -6.44879E-03 -6.33826E-03 -6.22752E-03 -6.11673E-03 -6.00604E-03

512000 out of 512000 gridpoints are considered (100.0%).

...done!

                       Measure       RMSE[kcal/mol/e]   MaxError[kcal/mol/e]   NPoints
                         Total        6.892442470E-01        4.686052462E+00    407614
Close (  1.20 < r <   1.66 )          1.090722467E+00        4.686052462E+00    142916
Mid-range ( 1.66 < r <  2.20)         3.401948306E-01        1.093498001E+00    195254
Far-range (  2.20         < r)        1.211492703E-01        3.210526696E-01     69444
Did analysis and wrote slice data
