/home/boittier/esp_check
h2o_752
/data/boittier/energies/h2o_geom.xyz.dir
Read multipoles for 3 atoms with max. rank 2
Running in generate mode

Reading "/data/boittier/energies/h2o_geom.xyz.dir/h2o_752.chk.fchk.potential.cube"...

  h2o Potential=SCF
  Electrostatic potential from Total SCF Density
    3   -4.970736   -4.756725   -4.970736
   80    0.125841    0.000000    0.000000
   80    0.000000    0.125841    0.000000
   80    0.000000    0.000000    0.125841
    8    8.000000    0.000000    0.214011    0.000000
    1    1.000000    1.433138   -0.892880    0.000000
    1    1.000000   -1.433138   -0.819208    0.000000
  1.62325E-02  1.63789E-02  1.64975E-02  1.65874E-02  1.66477E-02  1.66780E-02
       .            .            .            .            .            .
       .            .            .            .            .            .
       .            .            .            .            .            .
 -9.12078E-03 -9.11611E-03 -9.10676E-03 -9.09273E-03 -9.07400E-03 -9.05056E-03

338372 out of 512000 gridpoints are considered ( 66.1%).

...done!

 writing cube file quadrupole_expansion.cube                                                                                                                                                                                                                                                                                                                                                                                                                                                                                                                                                                                                                                                                                                                                                                                                                                                                                                                                                                                                                                       
Written cubefile and slice data
Running in analysis mode

Reading "/data/boittier/energies/h2o_geom.xyz.dir/h2o_752.chk.fchk.potential.cube"...

  h2o Potential=SCF
  Electrostatic potential from Total SCF Density
    3   -4.970736   -4.756725   -4.970736
   80    0.125841    0.000000    0.000000
   80    0.000000    0.125841    0.000000
   80    0.000000    0.000000    0.125841
    8    8.000000    0.000000    0.214011    0.000000
    1    1.000000    1.433138   -0.892880    0.000000
    1    1.000000   -1.433138   -0.819208    0.000000
  5.96887E-03  6.18446E-03  6.40682E-03  6.63593E-03  6.87175E-03  7.11418E-03
       .            .            .            .            .            .
       .            .            .            .            .            .
       .            .            .            .            .            .
 -6.69191E-03 -6.57378E-03 -6.45564E-03 -6.33763E-03 -6.21992E-03 -6.10265E-03

512000 out of 512000 gridpoints are considered (100.0%).

...done!

Reading "/home/boittier/esp_check/quadrupole_expansion.cube"...

  Fitted ESP
  Electrostatic potential fitted from quadrupole expansion.
    3   -4.970736   -4.756725   -4.970736
   80    0.125841    0.000000    0.000000
   80    0.000000    0.125841    0.000000
   80    0.000000    0.000000    0.125841
    8    8.000000    0.000000    0.214011    0.000000
    1    1.000000    1.433138   -0.892880    0.000000
    1    1.000000   -1.433138   -0.819208    0.000000
  5.91136E-03  6.12084E-03  6.33668E-03  6.55884E-03  6.78729E-03  7.02192E-03
       .            .            .            .            .            .
       .            .            .            .            .            .
       .            .            .            .            .            .
 -6.63960E-03 -6.52650E-03 -6.41309E-03 -6.29953E-03 -6.18599E-03 -6.07263E-03

512000 out of 512000 gridpoints are considered (100.0%).

...done!

                       Measure       RMSE[kcal/mol/e]   MaxError[kcal/mol/e]   NPoints
                         Total        6.876832453E-01        4.679714616E+00    408004
Close (  1.20 < r <   1.66 )          1.089050118E+00        4.679714616E+00    142800
Mid-range ( 1.66 < r <  2.20)         3.396436339E-01        1.083332347E+00    195572
Far-range (  2.20         < r)        1.211845214E-01        3.218433316E-01     69632
Did analysis and wrote slice data
