/home/boittier/esp_check
h2o_716
/data/boittier/energies/h2o_geom.xyz.dir
Read multipoles for 3 atoms with max. rank 2
Running in generate mode

Reading "/data/boittier/energies/h2o_geom.xyz.dir/h2o_716.chk.fchk.potential.cube"...

  h2o Potential=SCF
  Electrostatic potential from Total SCF Density
    3   -4.970736   -4.754271   -4.970736
   80    0.125841    0.000000    0.000000
   80    0.000000    0.125841    0.000000
   80    0.000000    0.000000    0.125841
    8    8.000000    0.000000    0.216464    0.000000
    1    1.000000    1.448054   -0.871808    0.000000
    1    1.000000   -1.448054   -0.859905    0.000000
  1.64979E-02  1.65566E-02  1.65860E-02  1.65860E-02  1.65566E-02  1.64979E-02
       .            .            .            .            .            .
       .            .            .            .            .            .
       .            .            .            .            .            .
 -8.89949E-03 -8.89523E-03 -8.88671E-03 -8.87390E-03 -8.85679E-03 -8.83535E-03

338186 out of 512000 gridpoints are considered ( 66.1%).

...done!

 writing cube file quadrupole_expansion.cube                                                                                                                                                                                                                                                                                                                                                                                                                                                                                                                                                                                                                                                                                                                                                                                                                                                                                                                                                                                                                                       
Written cubefile and slice data
Running in analysis mode

Reading "/data/boittier/energies/h2o_geom.xyz.dir/h2o_716.chk.fchk.potential.cube"...

  h2o Potential=SCF
  Electrostatic potential from Total SCF Density
    3   -4.970736   -4.754271   -4.970736
   80    0.125841    0.000000    0.000000
   80    0.000000    0.125841    0.000000
   80    0.000000    0.000000    0.125841
    8    8.000000    0.000000    0.216464    0.000000
    1    1.000000    1.448054   -0.871808    0.000000
    1    1.000000   -1.448054   -0.859905    0.000000
  6.03527E-03  6.25545E-03  6.48265E-03  6.71686E-03  6.95803E-03  7.20610E-03
       .            .            .            .            .            .
       .            .            .            .            .            .
       .            .            .            .            .            .
 -6.62615E-03 -6.51068E-03 -6.39512E-03 -6.27964E-03 -6.16438E-03 -6.04949E-03

512000 out of 512000 gridpoints are considered (100.0%).

...done!

Reading "/home/boittier/esp_check/quadrupole_expansion.cube"...

  Fitted ESP
  Electrostatic potential fitted from quadrupole expansion.
    3   -4.970736   -4.754271   -4.970736
   80    0.125841    0.000000    0.000000
   80    0.000000    0.125841    0.000000
   80    0.000000    0.000000    0.125841
    8    8.000000    0.000000    0.216464    0.000000
    1    1.000000    1.448054   -0.871808    0.000000
    1    1.000000   -1.448054   -0.859905    0.000000
  5.97498E-03  6.18887E-03  6.40935E-03  6.63641E-03  6.87000E-03  7.11004E-03
       .            .            .            .            .            .
       .            .            .            .            .            .
       .            .            .            .            .            .
 -6.57060E-03 -6.46030E-03 -6.34961E-03 -6.23871E-03 -6.12775E-03 -6.01689E-03

512000 out of 512000 gridpoints are considered (100.0%).

...done!

                       Measure       RMSE[kcal/mol/e]   MaxError[kcal/mol/e]   NPoints
                         Total        6.882989512E-01        4.688688001E+00    407580
Close (  1.20 < r <   1.66 )          1.088973240E+00        4.688688001E+00    142992
Mid-range ( 1.66 < r <  2.20)         3.396016922E-01        1.089670193E+00    195194
Far-range (  2.20         < r)        1.208078911E-01        3.212409225E-01     69394
Did analysis and wrote slice data
