/home/boittier/esp_check
h2o_217
/data/boittier/energies/h2o_geom.xyz.dir
Read multipoles for 3 atoms with max. rank 2
Running in generate mode

Reading "/data/boittier/energies/h2o_geom.xyz.dir/h2o_217.chk.fchk.potential.cube"...

  h2o Potential=SCF
  Electrostatic potential from Total SCF Density
    3   -4.970736   -4.746233   -4.970736
   80    0.125841    0.000000    0.000000
   80    0.000000    0.125841    0.000000
   80    0.000000    0.000000    0.125841
    8    8.000000    0.000000    0.224503    0.000000
    1    1.000000    1.420402   -0.903559    0.000000
    1    1.000000   -1.420402   -0.892463    0.000000
  1.66601E-02  1.67484E-02  1.68076E-02  1.68374E-02  1.68374E-02  1.68076E-02
       .            .            .            .            .            .
       .            .            .            .            .            .
       .            .            .            .            .            .
 -9.27107E-03 -9.26629E-03 -9.25672E-03 -9.24236E-03 -9.22319E-03 -9.19921E-03

338265 out of 512000 gridpoints are considered ( 66.1%).

...done!

 writing cube file quadrupole_expansion.cube                                                                                                                                                                                                                                                                                                                                                                                                                                                                                                                                                                                                                                                                                                                                                                                                                                                                                                                                                                                                                                       
Written cubefile and slice data
Running in analysis mode

Reading "/data/boittier/energies/h2o_geom.xyz.dir/h2o_217.chk.fchk.potential.cube"...

  h2o Potential=SCF
  Electrostatic potential from Total SCF Density
    3   -4.970736   -4.746233   -4.970736
   80    0.125841    0.000000    0.000000
   80    0.000000    0.125841    0.000000
   80    0.000000    0.000000    0.125841
    8    8.000000    0.000000    0.224503    0.000000
    1    1.000000    1.420402   -0.903559    0.000000
    1    1.000000   -1.420402   -0.892463    0.000000
  6.18016E-03  6.40408E-03  6.63509E-03  6.87319E-03  7.11833E-03  7.37044E-03
       .            .            .            .            .            .
       .            .            .            .            .            .
       .            .            .            .            .            .
 -6.77880E-03 -6.65973E-03 -6.54062E-03 -6.42164E-03 -6.30292E-03 -6.18463E-03

512000 out of 512000 gridpoints are considered (100.0%).

...done!

Reading "/home/boittier/esp_check/quadrupole_expansion.cube"...

  Fitted ESP
  Electrostatic potential fitted from quadrupole expansion.
    3   -4.970736   -4.746233   -4.970736
   80    0.125841    0.000000    0.000000
   80    0.000000    0.125841    0.000000
   80    0.000000    0.000000    0.125841
    8    8.000000    0.000000    0.224503    0.000000
    1    1.000000    1.420402   -0.903559    0.000000
    1    1.000000   -1.420402   -0.892463    0.000000
  6.12226E-03  6.33994E-03  6.56429E-03  6.79530E-03  7.03291E-03  7.27705E-03
       .            .            .            .            .            .
       .            .            .            .            .            .
       .            .            .            .            .            .
 -6.72650E-03 -6.61249E-03 -6.49815E-03 -6.38364E-03 -6.26913E-03 -6.15477E-03

512000 out of 512000 gridpoints are considered (100.0%).

...done!

                       Measure       RMSE[kcal/mol/e]   MaxError[kcal/mol/e]   NPoints
                         Total        6.776381962E-01        4.702304957E+00    407513
Close (  1.20 < r <   1.66 )          1.071386801E+00        4.702304957E+00    143196
Mid-range ( 1.66 < r <  2.20)         3.342075165E-01        1.063440297E+00    195069
Far-range (  2.20         < r)        1.182816815E-01        3.207640153E-01     69248
Did analysis and wrote slice data
