/home/boittier/esp_check
h2o_1178
/data/boittier/energies/h2o_geom.xyz.dir
Read multipoles for 3 atoms with max. rank 2
Running in generate mode

Reading "/data/boittier/energies/h2o_geom.xyz.dir/h2o_1178.chk.fchk.potential.cube"...

  h2o Potential=SCF
  Electrostatic potential from Total SCF Density
    3   -4.970736   -4.756172   -4.970736
   80    0.125841    0.000000    0.000000
   80    0.000000    0.125841    0.000000
   80    0.000000    0.000000    0.125841
    8    8.000000    0.000000    0.214564    0.000000
    1    1.000000    1.412445   -0.919199    0.000000
    1    1.000000   -1.412445   -0.797311    0.000000
  1.62866E-02  1.63741E-02  1.64329E-02  1.64624E-02  1.64624E-02  1.64329E-02
       .            .            .            .            .            .
       .            .            .            .            .            .
       .            .            .            .            .            .
 -9.40817E-03 -9.40302E-03 -9.39272E-03 -9.37727E-03 -9.35666E-03 -9.33089E-03

338517 out of 512000 gridpoints are considered ( 66.1%).

...done!

 writing cube file quadrupole_expansion.cube                                                                                                                                                                                                                                                                                                                                                                                                                                                                                                                                                                                                                                                                                                                                                                                                                                                                                                                                                                                                                                       
Written cubefile and slice data
Running in analysis mode

Reading "/data/boittier/energies/h2o_geom.xyz.dir/h2o_1178.chk.fchk.potential.cube"...

  h2o Potential=SCF
  Electrostatic potential from Total SCF Density
    3   -4.970736   -4.756172   -4.970736
   80    0.125841    0.000000    0.000000
   80    0.000000    0.125841    0.000000
   80    0.000000    0.000000    0.125841
    8    8.000000    0.000000    0.214564    0.000000
    1    1.000000    1.412445   -0.919199    0.000000
    1    1.000000   -1.412445   -0.797311    0.000000
  5.96588E-03  6.17920E-03  6.39912E-03  6.62562E-03  6.85865E-03  7.09812E-03
       .            .            .            .            .            .
       .            .            .            .            .            .
       .            .            .            .            .            .
 -6.79075E-03 -6.66946E-03 -6.54821E-03 -6.42717E-03 -6.30649E-03 -6.18632E-03

512000 out of 512000 gridpoints are considered (100.0%).

...done!

Reading "/home/boittier/esp_check/quadrupole_expansion.cube"...

  Fitted ESP
  Electrostatic potential fitted from quadrupole expansion.
    3   -4.970736   -4.756172   -4.970736
   80    0.125841    0.000000    0.000000
   80    0.000000    0.125841    0.000000
   80    0.000000    0.000000    0.125841
    8    8.000000    0.000000    0.214564    0.000000
    1    1.000000    1.412445   -0.919199    0.000000
    1    1.000000   -1.412445   -0.797311    0.000000
  5.91131E-03  6.11870E-03  6.33227E-03  6.55202E-03  6.77787E-03  7.00973E-03
       .            .            .            .            .            .
       .            .            .            .            .            .
       .            .            .            .            .            .
 -6.74199E-03 -6.62558E-03 -6.50892E-03 -6.39219E-03 -6.27555E-03 -6.15915E-03

512000 out of 512000 gridpoints are considered (100.0%).

...done!

                       Measure       RMSE[kcal/mol/e]   MaxError[kcal/mol/e]   NPoints
                         Total        6.841651406E-01        4.674882793E+00    408321
Close (  1.20 < r <   1.66 )          1.084135972E+00        4.674882793E+00    142713
Mid-range ( 1.66 < r <  2.20)         3.380169068E-01        1.063503048E+00    195804
Far-range (  2.20         < r)        1.207733988E-01        3.241462913E-01     69804
Did analysis and wrote slice data
