/home/boittier/esp_check
h2o_1367
/data/boittier/energies/h2o_geom.xyz.dir
Read multipoles for 3 atoms with max. rank 2
Running in generate mode

Reading "/data/boittier/energies/h2o_geom.xyz.dir/h2o_1367.chk.fchk.potential.cube"...

  h2o Potential=SCF
  Electrostatic potential from Total SCF Density
    3   -4.970736   -4.741342   -4.970736
   80    0.125841    0.000000    0.000000
   80    0.000000    0.125841    0.000000
   80    0.000000    0.000000    0.125841
    8    8.000000    0.000000    0.229394    0.000000
    1    1.000000    1.516304   -0.764018    0.000000
    1    1.000000   -1.516304   -1.071133    0.000000
  1.72129E-02  1.73346E-02  1.74268E-02  1.74887E-02  1.75197E-02  1.75197E-02
       .            .            .            .            .            .
       .            .            .            .            .            .
       .            .            .            .            .            .
 -7.73487E-03 -7.73276E-03 -7.72851E-03 -7.72209E-03 -7.71341E-03 -7.70238E-03

337164 out of 512000 gridpoints are considered ( 65.9%).

...done!

 writing cube file quadrupole_expansion.cube                                                                                                                                                                                                                                                                                                                                                                                                                                                                                                                                                                                                                                                                                                                                                                                                                                                                                                                                                                                                                                       
Written cubefile and slice data
Running in analysis mode

Reading "/data/boittier/energies/h2o_geom.xyz.dir/h2o_1367.chk.fchk.potential.cube"...

  h2o Potential=SCF
  Electrostatic potential from Total SCF Density
    3   -4.970736   -4.741342   -4.970736
   80    0.125841    0.000000    0.000000
   80    0.000000    0.125841    0.000000
   80    0.000000    0.000000    0.125841
    8    8.000000    0.000000    0.229394    0.000000
    1    1.000000    1.516304   -0.764018    0.000000
    1    1.000000   -1.516304   -1.071133    0.000000
  6.37150E-03  6.61598E-03  6.86885E-03  7.13016E-03  7.39992E-03  7.67807E-03
       .            .            .            .            .            .
       .            .            .            .            .            .
       .            .            .            .            .            .
 -6.26736E-03 -6.16607E-03 -6.06434E-03 -5.96234E-03 -5.86020E-03 -5.75805E-03

512000 out of 512000 gridpoints are considered (100.0%).

...done!

Reading "/home/boittier/esp_check/quadrupole_expansion.cube"...

  Fitted ESP
  Electrostatic potential fitted from quadrupole expansion.
    3   -4.970736   -4.741342   -4.970736
   80    0.125841    0.000000    0.000000
   80    0.000000    0.125841    0.000000
   80    0.000000    0.000000    0.125841
    8    8.000000    0.000000    0.229394    0.000000
    1    1.000000    1.516304   -0.764018    0.000000
    1    1.000000   -1.516304   -1.071133    0.000000
  6.30044E-03  6.53787E-03  6.78325E-03  7.03658E-03  7.29788E-03  7.56710E-03
       .            .            .            .            .            .
       .            .            .            .            .            .
       .            .            .            .            .            .
 -6.19830E-03 -6.10267E-03 -6.00631E-03 -5.90937E-03 -5.81200E-03 -5.71435E-03

512000 out of 512000 gridpoints are considered (100.0%).

...done!

                       Measure       RMSE[kcal/mol/e]   MaxError[kcal/mol/e]   NPoints
                         Total        6.870526427E-01        4.710148825E+00    405302
Close (  1.20 < r <   1.66 )          1.080722929E+00        4.710148825E+00    144250
Mid-range ( 1.66 < r <  2.20)         3.368724311E-01        1.128638531E+00    192914
Far-range (  2.20         < r)        1.179720983E-01        3.317454310E-01     68138
Did analysis and wrote slice data
