/home/boittier/esp_check
h2o_1531
/data/boittier/energies/h2o_geom.xyz.dir
Read multipoles for 3 atoms with max. rank 2
Running in generate mode

Reading "/data/boittier/energies/h2o_geom.xyz.dir/h2o_1531.chk.fchk.potential.cube"...

  h2o Potential=SCF
  Electrostatic potential from Total SCF Density
    3   -4.970736   -4.750986   -4.970736
   80    0.125841    0.000000    0.000000
   80    0.000000    0.125841    0.000000
   80    0.000000    0.000000    0.125841
    8    8.000000    0.000000    0.219750    0.000000
    1    1.000000    1.340855   -1.022538    0.000000
    1    1.000000   -1.340855   -0.735460    0.000000
  1.62040E-02  1.62905E-02  1.63486E-02  1.63778E-02  1.63778E-02  1.63486E-02
       .            .            .            .            .            .
       .            .            .            .            .            .
       .            .            .            .            .            .
 -1.04634E-02 -1.04566E-02 -1.04430E-02 -1.04226E-02 -1.03955E-02 -1.03617E-02

338988 out of 512000 gridpoints are considered ( 66.2%).

...done!

 writing cube file quadrupole_expansion.cube                                                                                                                                                                                                                                                                                                                                                                                                                                                                                                                                                                                                                                                                                                                                                                                                                                                                                                                                                                                                                                       
Written cubefile and slice data
Running in analysis mode

Reading "/data/boittier/energies/h2o_geom.xyz.dir/h2o_1531.chk.fchk.potential.cube"...

  h2o Potential=SCF
  Electrostatic potential from Total SCF Density
    3   -4.970736   -4.750986   -4.970736
   80    0.125841    0.000000    0.000000
   80    0.000000    0.125841    0.000000
   80    0.000000    0.000000    0.125841
    8    8.000000    0.000000    0.219750    0.000000
    1    1.000000    1.340855   -1.022538    0.000000
    1    1.000000   -1.340855   -0.735460    0.000000
  6.03172E-03  6.24034E-03  6.45511E-03  6.67600E-03  6.90293E-03  7.13579E-03
       .            .            .            .            .            .
       .            .            .            .            .            .
       .            .            .            .            .            .
 -7.17451E-03 -7.04192E-03 -6.90957E-03 -6.77764E-03 -6.64629E-03 -6.51569E-03

512000 out of 512000 gridpoints are considered (100.0%).

...done!

Reading "/home/boittier/esp_check/quadrupole_expansion.cube"...

  Fitted ESP
  Electrostatic potential fitted from quadrupole expansion.
    3   -4.970736   -4.750986   -4.970736
   80    0.125841    0.000000    0.000000
   80    0.000000    0.125841    0.000000
   80    0.000000    0.000000    0.125841
    8    8.000000    0.000000    0.219750    0.000000
    1    1.000000    1.340855   -1.022538    0.000000
    1    1.000000   -1.340855   -0.735460    0.000000
  5.98789E-03  6.19116E-03  6.40020E-03  6.61498E-03  6.83540E-03  7.06137E-03
       .            .            .            .            .            .
       .            .            .            .            .            .
       .            .            .            .            .            .
 -7.13909E-03 -7.01083E-03 -6.88254E-03 -6.75441E-03 -6.62660E-03 -6.49928E-03

512000 out of 512000 gridpoints are considered (100.0%).

...done!

                       Measure       RMSE[kcal/mol/e]   MaxError[kcal/mol/e]   NPoints
                         Total        6.676725533E-01        4.669423461E+00    409144
Close (  1.20 < r <   1.66 )          1.060164861E+00        4.669423461E+00    142306
Mid-range ( 1.66 < r <  2.20)         3.304100363E-01        1.032573106E+00    196682
Far-range (  2.20         < r)        1.178419193E-01        3.257527155E-01     70156
Did analysis and wrote slice data
