/home/boittier/esp_check
h2o_1787
/data/boittier/energies/h2o_geom.xyz.dir
Read multipoles for 3 atoms with max. rank 2
Running in generate mode

Reading "/data/boittier/energies/h2o_geom.xyz.dir/h2o_1787.chk.fchk.potential.cube"...

  h2o Potential=SCF
  Electrostatic potential from Total SCF Density
    3   -4.970736   -4.760104   -4.970736
   80    0.125841    0.000000    0.000000
   80    0.000000    0.125841    0.000000
   80    0.000000    0.000000    0.125841
    8    8.000000    0.000000    0.210632    0.000000
    1    1.000000    1.516503   -0.785763    0.000000
    1    1.000000   -1.516503   -0.899292    0.000000
  1.64236E-02  1.66029E-02  1.67547E-02  1.68777E-02  1.69709E-02  1.70335E-02
       .            .            .            .            .            .
       .            .            .            .            .            .
       .            .            .            .            .            .
 -7.89845E-03 -7.89586E-03 -7.89066E-03 -7.88281E-03 -7.87226E-03 -7.85892E-03

337598 out of 512000 gridpoints are considered ( 65.9%).

...done!

 writing cube file quadrupole_expansion.cube                                                                                                                                                                                                                                                                                                                                                                                                                                                                                                                                                                                                                                                                                                                                                                                                                                                                                                                                                                                                                                       
Written cubefile and slice data
Running in analysis mode

Reading "/data/boittier/energies/h2o_geom.xyz.dir/h2o_1787.chk.fchk.potential.cube"...

  h2o Potential=SCF
  Electrostatic potential from Total SCF Density
    3   -4.970736   -4.760104   -4.970736
   80    0.125841    0.000000    0.000000
   80    0.000000    0.125841    0.000000
   80    0.000000    0.000000    0.125841
    8    8.000000    0.000000    0.210632    0.000000
    1    1.000000    1.516503   -0.785763    0.000000
    1    1.000000   -1.516503   -0.899292    0.000000
  5.98345E-03  6.20862E-03  6.44124E-03  6.68134E-03  6.92889E-03  7.18384E-03
       .            .            .            .            .            .
       .            .            .            .            .            .
       .            .            .            .            .            .
 -6.27333E-03 -6.16877E-03 -6.06391E-03 -5.95890E-03 -5.85389E-03 -5.74901E-03

512000 out of 512000 gridpoints are considered (100.0%).

...done!

Reading "/home/boittier/esp_check/quadrupole_expansion.cube"...

  Fitted ESP
  Electrostatic potential fitted from quadrupole expansion.
    3   -4.970736   -4.760104   -4.970736
   80    0.125841    0.000000    0.000000
   80    0.000000    0.125841    0.000000
   80    0.000000    0.000000    0.125841
    8    8.000000    0.000000    0.210632    0.000000
    1    1.000000    1.516503   -0.785763    0.000000
    1    1.000000   -1.516503   -0.899292    0.000000
  5.91488E-03  6.13333E-03  6.35879E-03  6.59129E-03  6.83077E-03  7.07719E-03
       .            .            .            .            .            .
       .            .            .            .            .            .
       .            .            .            .            .            .
 -6.20756E-03 -6.10854E-03 -6.00892E-03 -5.90886E-03 -5.80850E-03 -5.70799E-03

512000 out of 512000 gridpoints are considered (100.0%).

...done!

                       Measure       RMSE[kcal/mol/e]   MaxError[kcal/mol/e]   NPoints
                         Total        7.007774759E-01        4.694272836E+00    406668
Close (  1.20 < r <   1.66 )          1.106835281E+00        4.694272836E+00    143288
Mid-range ( 1.66 < r <  2.20)         3.450131521E-01        1.154680174E+00    194310
Far-range (  2.20         < r)        1.227557549E-01        3.292730437E-01     69070
Did analysis and wrote slice data
