/home/boittier/esp_check
h2o_758
/data/boittier/energies/h2o_geom.xyz.dir
Read multipoles for 3 atoms with max. rank 2
Running in generate mode

Reading "/data/boittier/energies/h2o_geom.xyz.dir/h2o_758.chk.fchk.potential.cube"...

  h2o Potential=SCF
  Electrostatic potential from Total SCF Density
    3   -4.970736   -4.742979   -4.970736
   80    0.125841    0.000000    0.000000
   80    0.000000    0.125841    0.000000
   80    0.000000    0.000000    0.125841
    8    8.000000    0.000000    0.227757    0.000000
    1    1.000000    1.449114   -0.860251    0.000000
    1    1.000000   -1.449114   -0.961802    0.000000
  1.69772E-02  1.69772E-02  1.66053E-02  1.68124E-02  1.69933E-02  1.71464E-02
       .            .            .            .            .            .
       .            .            .            .            .            .
       .            .            .            .            .            .
 -8.81369E-03 -8.80972E-03 -8.80176E-03 -8.78979E-03 -8.77379E-03 -8.75372E-03

337901 out of 512000 gridpoints are considered ( 66.0%).

...done!

 writing cube file quadrupole_expansion.cube                                                                                                                                                                                                                                                                                                                                                                                                                                                                                                                                                                                                                                                                                                                                                                                                                                                                                                                                                                                                                                       
Written cubefile and slice data
Running in analysis mode

Reading "/data/boittier/energies/h2o_geom.xyz.dir/h2o_758.chk.fchk.potential.cube"...

  h2o Potential=SCF
  Electrostatic potential from Total SCF Density
    3   -4.970736   -4.742979   -4.970736
   80    0.125841    0.000000    0.000000
   80    0.000000    0.125841    0.000000
   80    0.000000    0.000000    0.125841
    8    8.000000    0.000000    0.227757    0.000000
    1    1.000000    1.449114   -0.860251    0.000000
    1    1.000000   -1.449114   -0.961802    0.000000
  6.26820E-03  6.49961E-03  6.73857E-03  6.98507E-03  7.23908E-03  7.50055E-03
       .            .            .            .            .            .
       .            .            .            .            .            .
       .            .            .            .            .            .
 -6.63137E-03 -6.51768E-03 -6.40382E-03 -6.28996E-03 -6.17625E-03 -6.06282E-03

512000 out of 512000 gridpoints are considered (100.0%).

...done!

Reading "/home/boittier/esp_check/quadrupole_expansion.cube"...

  Fitted ESP
  Electrostatic potential fitted from quadrupole expansion.
    3   -4.970736   -4.742979   -4.970736
   80    0.125841    0.000000    0.000000
   80    0.000000    0.125841    0.000000
   80    0.000000    0.000000    0.125841
    8    8.000000    0.000000    0.227757    0.000000
    1    1.000000    1.449114   -0.860251    0.000000
    1    1.000000   -1.449114   -0.961802    0.000000
  6.20578E-03  6.43066E-03  6.66264E-03  6.90172E-03  7.14787E-03  7.40100E-03
       .            .            .            .            .            .
       .            .            .            .            .            .
       .            .            .            .            .            .
 -6.57346E-03 -6.46504E-03 -6.35617E-03 -6.24700E-03 -6.13769E-03 -6.02839E-03

512000 out of 512000 gridpoints are considered (100.0%).

...done!

                       Measure       RMSE[kcal/mol/e]   MaxError[kcal/mol/e]   NPoints
                         Total        6.793510143E-01        4.716737675E+00    406748
Close (  1.20 < r <   1.66 )          1.072252956E+00        4.716737675E+00    143529
Mid-range ( 1.66 < r <  2.20)         3.344849555E-01        1.081575321E+00    194372
Far-range (  2.20         < r)        1.178374528E-01        3.250185295E-01     68847
Did analysis and wrote slice data
