/home/boittier/esp_check
h2o_1549
/data/boittier/energies/h2o_geom.xyz.dir
Read multipoles for 3 atoms with max. rank 2
Running in generate mode

Reading "/data/boittier/energies/h2o_geom.xyz.dir/h2o_1549.chk.fchk.potential.cube"...

  h2o Potential=SCF
  Electrostatic potential from Total SCF Density
    3   -4.970736   -4.742887   -4.970736
   80    0.125841    0.000000    0.000000
   80    0.000000    0.125841    0.000000
   80    0.000000    0.000000    0.125841
    8    8.000000    0.000000    0.227849    0.000000
    1    1.000000    1.494617   -0.805403    0.000000
    1    1.000000   -1.494617   -1.017386    0.000000
  1.68985E-02  1.70790E-02  1.72318E-02  1.73557E-02  1.74495E-02  1.75125E-02
       .            .            .            .            .            .
       .            .            .            .            .            .
       .            .            .            .            .            .
 -8.17922E-03 -8.17634E-03 -8.17055E-03 -8.16183E-03 -8.15011E-03 -8.13534E-03

337460 out of 512000 gridpoints are considered ( 65.9%).

...done!

 writing cube file quadrupole_expansion.cube                                                                                                                                                                                                                                                                                                                                                                                                                                                                                                                                                                                                                                                                                                                                                                                                                                                                                                                                                                                                                                       
Written cubefile and slice data
Running in analysis mode

Reading "/data/boittier/energies/h2o_geom.xyz.dir/h2o_1549.chk.fchk.potential.cube"...

  h2o Potential=SCF
  Electrostatic potential from Total SCF Density
    3   -4.970736   -4.742887   -4.970736
   80    0.125841    0.000000    0.000000
   80    0.000000    0.125841    0.000000
   80    0.000000    0.000000    0.125841
    8    8.000000    0.000000    0.227849    0.000000
    1    1.000000    1.494617   -0.805403    0.000000
    1    1.000000   -1.494617   -1.017386    0.000000
  6.30626E-03  6.54452E-03  6.79080E-03  7.04510E-03  7.30744E-03  7.57775E-03
       .            .            .            .            .            .
       .            .            .            .            .            .
       .            .            .            .            .            .
 -6.41749E-03 -6.31099E-03 -6.20418E-03 -6.09719E-03 -5.99020E-03 -5.88332E-03

512000 out of 512000 gridpoints are considered (100.0%).

...done!

Reading "/home/boittier/esp_check/quadrupole_expansion.cube"...

  Fitted ESP
  Electrostatic potential fitted from quadrupole expansion.
    3   -4.970736   -4.742887   -4.970736
   80    0.125841    0.000000    0.000000
   80    0.000000    0.125841    0.000000
   80    0.000000    0.000000    0.125841
    8    8.000000    0.000000    0.227849    0.000000
    1    1.000000    1.494617   -0.805403    0.000000
    1    1.000000   -1.494617   -1.017386    0.000000
  6.23847E-03  6.46989E-03  6.70886E-03  6.95541E-03  7.20952E-03  7.47113E-03
       .            .            .            .            .            .
       .            .            .            .            .            .
       .            .            .            .            .            .
 -6.35289E-03 -6.25190E-03 -6.15030E-03 -6.04824E-03 -5.94587E-03 -5.84335E-03

512000 out of 512000 gridpoints are considered (100.0%).

...done!

                       Measure       RMSE[kcal/mol/e]   MaxError[kcal/mol/e]   NPoints
                         Total        6.855749754E-01        4.717365184E+00    405875
Close (  1.20 < r <   1.66 )          1.079828405E+00        4.717365184E+00    143953
Mid-range ( 1.66 < r <  2.20)         3.368427359E-01        1.106926703E+00    193507
Far-range (  2.20         < r)        1.182855804E-01        3.292918690E-01     68415
Did analysis and wrote slice data
