/home/boittier/esp_check
h2o_1311
/data/boittier/energies/h2o_geom.xyz.dir
Read multipoles for 3 atoms with max. rank 2
Running in generate mode

Reading "/data/boittier/energies/h2o_geom.xyz.dir/h2o_1311.chk.fchk.potential.cube"...

  h2o Potential=SCF
  Electrostatic potential from Total SCF Density
    3   -4.970736   -4.739678   -4.970736
   80    0.125841    0.000000    0.000000
   80    0.000000    0.125841    0.000000
   80    0.000000    0.000000    0.125841
    8    8.000000    0.000000    0.231058    0.000000
    1    1.000000    1.424871   -0.899063    0.000000
    1    1.000000   -1.424871   -0.949401    0.000000
  1.68692E-02  1.70193E-02  1.71408E-02  1.72329E-02  1.72947E-02  1.73258E-02
       .            .            .            .            .            .
       .            .            .            .            .            .
       .            .            .            .            .            .
 -9.22290E-03 -9.21828E-03 -9.20904E-03 -9.19517E-03 -9.17665E-03 -9.15346E-03

338035 out of 512000 gridpoints are considered ( 66.0%).

...done!

 writing cube file quadrupole_expansion.cube                                                                                                                                                                                                                                                                                                                                                                                                                                                                                                                                                                                                                                                                                                                                                                                                                                                                                                                                                                                                                                       
Written cubefile and slice data
Running in analysis mode

Reading "/data/boittier/energies/h2o_geom.xyz.dir/h2o_1311.chk.fchk.potential.cube"...

  h2o Potential=SCF
  Electrostatic potential from Total SCF Density
    3   -4.970736   -4.739678   -4.970736
   80    0.125841    0.000000    0.000000
   80    0.000000    0.125841    0.000000
   80    0.000000    0.000000    0.125841
    8    8.000000    0.000000    0.231058    0.000000
    1    1.000000    1.424871   -0.899063    0.000000
    1    1.000000   -1.424871   -0.949401    0.000000
  6.30428E-03  6.53445E-03  6.77202E-03  7.01697E-03  7.26928E-03  7.52888E-03
       .            .            .            .            .            .
       .            .            .            .            .            .
       .            .            .            .            .            .
 -6.78353E-03 -6.66547E-03 -6.54731E-03 -6.42923E-03 -6.31138E-03 -6.19391E-03

512000 out of 512000 gridpoints are considered (100.0%).

...done!

Reading "/home/boittier/esp_check/quadrupole_expansion.cube"...

  Fitted ESP
  Electrostatic potential fitted from quadrupole expansion.
    3   -4.970736   -4.739678   -4.970736
   80    0.125841    0.000000    0.000000
   80    0.000000    0.125841    0.000000
   80    0.000000    0.000000    0.125841
    8    8.000000    0.000000    0.231058    0.000000
    1    1.000000    1.424871   -0.899063    0.000000
    1    1.000000   -1.424871   -0.949401    0.000000
  6.24526E-03  6.46906E-03  6.69981E-03  6.93752E-03  7.18215E-03  7.43360E-03
       .            .            .            .            .            .
       .            .            .            .            .            .
       .            .            .            .            .            .
 -6.73015E-03 -6.61719E-03 -6.50385E-03 -6.39030E-03 -6.27669E-03 -6.16320E-03

512000 out of 512000 gridpoints are considered (100.0%).

...done!

                       Measure       RMSE[kcal/mol/e]   MaxError[kcal/mol/e]   NPoints
                         Total        6.724280262E-01        4.718369199E+00    406935
Close (  1.20 < r <   1.66 )          1.061681036E+00        4.718369199E+00    143467
Mid-range ( 1.66 < r <  2.20)         3.312749639E-01        1.066828848E+00    194568
Far-range (  2.20         < r)        1.165416201E-01        3.232928784E-01     68900
Did analysis and wrote slice data
