/home/boittier/esp_check
h2o_607
/data/boittier/energies/h2o_geom.xyz.dir
Read multipoles for 3 atoms with max. rank 2
Running in generate mode

Reading "/data/boittier/energies/h2o_geom.xyz.dir/h2o_607.chk.fchk.potential.cube"...

  h2o Potential=SCF
  Electrostatic potential from Total SCF Density
    3   -4.970736   -4.743128   -4.970736
   80    0.125841    0.000000    0.000000
   80    0.000000    0.125841    0.000000
   80    0.000000    0.000000    0.125841
    8    8.000000    0.000000    0.227608    0.000000
    1    1.000000    1.400269   -0.932361    0.000000
    1    1.000000   -1.400269   -0.888500    0.000000
  1.67654E-02  1.67948E-02  1.67948E-02  1.67654E-02  1.64026E-02  1.66073E-02
       .            .            .            .            .            .
       .            .            .            .            .            .
       .            .            .            .            .            .
 -9.57655E-03 -9.57130E-03 -9.56081E-03 -9.54506E-03 -9.52407E-03 -9.49782E-03

338341 out of 512000 gridpoints are considered ( 66.1%).

...done!

 writing cube file quadrupole_expansion.cube                                                                                                                                                                                                                                                                                                                                                                                                                                                                                                                                                                                                                                                                                                                                                                                                                                                                                                                                                                                                                                       
Written cubefile and slice data
Running in analysis mode

Reading "/data/boittier/energies/h2o_geom.xyz.dir/h2o_607.chk.fchk.potential.cube"...

  h2o Potential=SCF
  Electrostatic potential from Total SCF Density
    3   -4.970736   -4.743128   -4.970736
   80    0.125841    0.000000    0.000000
   80    0.000000    0.125841    0.000000
   80    0.000000    0.000000    0.125841
    8    8.000000    0.000000    0.227608    0.000000
    1    1.000000    1.400269   -0.932361    0.000000
    1    1.000000   -1.400269   -0.888500    0.000000
  6.22552E-03  6.44925E-03  6.68000E-03  6.91775E-03  7.16245E-03  7.41402E-03
       .            .            .            .            .            .
       .            .            .            .            .            .
       .            .            .            .            .            .
 -6.89463E-03 -6.77237E-03 -6.65012E-03 -6.52804E-03 -6.40630E-03 -6.28504E-03

512000 out of 512000 gridpoints are considered (100.0%).

...done!

Reading "/home/boittier/esp_check/quadrupole_expansion.cube"...

  Fitted ESP
  Electrostatic potential fitted from quadrupole expansion.
    3   -4.970736   -4.743128   -4.970736
   80    0.125841    0.000000    0.000000
   80    0.000000    0.125841    0.000000
   80    0.000000    0.000000    0.125841
    8    8.000000    0.000000    0.227608    0.000000
    1    1.000000    1.400269   -0.932361    0.000000
    1    1.000000   -1.400269   -0.888500    0.000000
  6.17018E-03  6.38780E-03  6.61201E-03  6.84279E-03  7.08010E-03  7.32384E-03
       .            .            .            .            .            .
       .            .            .            .            .            .
       .            .            .            .            .            .
 -6.84574E-03 -6.72841E-03 -6.61079E-03 -6.49307E-03 -6.37541E-03 -6.25797E-03

512000 out of 512000 gridpoints are considered (100.0%).

...done!

                       Measure       RMSE[kcal/mol/e]   MaxError[kcal/mol/e]   NPoints
                         Total        6.715758091E-01        4.705505255E+00    407653
Close (  1.20 < r <   1.66 )          1.061991209E+00        4.705505255E+00    143182
Mid-range ( 1.66 < r <  2.20)         3.313093238E-01        1.052019625E+00    195159
Far-range (  2.20         < r)        1.171443472E-01        3.194023197E-01     69312
Did analysis and wrote slice data
