/home/boittier/esp_check
h2o_344
/data/boittier/energies/h2o_geom.xyz.dir
Read multipoles for 3 atoms with max. rank 2
Running in generate mode

Reading "/data/boittier/energies/h2o_geom.xyz.dir/h2o_344.chk.fchk.potential.cube"...

  h2o Potential=SCF
  Electrostatic potential from Total SCF Density
    3   -4.970736   -4.750773   -4.970736
   80    0.125841    0.000000    0.000000
   80    0.000000    0.125841    0.000000
   80    0.000000    0.000000    0.125841
    8    8.000000    0.000000    0.219963    0.000000
    1    1.000000    1.420575   -0.905310    0.000000
    1    1.000000   -1.420575   -0.854393    0.000000
  1.63434E-02  1.65196E-02  1.66689E-02  1.67898E-02  1.68815E-02  1.69430E-02
       .            .            .            .            .            .
       .            .            .            .            .            .
       .            .            .            .            .            .
 -9.27847E-03 -9.27362E-03 -9.26391E-03 -9.24933E-03 -9.22988E-03 -9.20554E-03

338331 out of 512000 gridpoints are considered ( 66.1%).

...done!

 writing cube file quadrupole_expansion.cube                                                                                                                                                                                                                                                                                                                                                                                                                                                                                                                                                                                                                                                                                                                                                                                                                                                                                                                                                                                                                                       
Written cubefile and slice data
Running in analysis mode

Reading "/data/boittier/energies/h2o_geom.xyz.dir/h2o_344.chk.fchk.potential.cube"...

  h2o Potential=SCF
  Electrostatic potential from Total SCF Density
    3   -4.970736   -4.750773   -4.970736
   80    0.125841    0.000000    0.000000
   80    0.000000    0.125841    0.000000
   80    0.000000    0.000000    0.125841
    8    8.000000    0.000000    0.219963    0.000000
    1    1.000000    1.420575   -0.905310    0.000000
    1    1.000000   -1.420575   -0.854393    0.000000
  6.08812E-03  6.30782E-03  6.53441E-03  6.76790E-03  7.00824E-03  7.25533E-03
       .            .            .            .            .            .
       .            .            .            .            .            .
       .            .            .            .            .            .
 -6.76613E-03 -6.64666E-03 -6.52718E-03 -6.40784E-03 -6.28880E-03 -6.17021E-03

512000 out of 512000 gridpoints are considered (100.0%).

...done!

Reading "/home/boittier/esp_check/quadrupole_expansion.cube"...

  Fitted ESP
  Electrostatic potential fitted from quadrupole expansion.
    3   -4.970736   -4.750773   -4.970736
   80    0.125841    0.000000    0.000000
   80    0.000000    0.125841    0.000000
   80    0.000000    0.000000    0.125841
    8    8.000000    0.000000    0.219963    0.000000
    1    1.000000    1.420575   -0.905310    0.000000
    1    1.000000   -1.420575   -0.854393    0.000000
  6.03101E-03  6.24456E-03  6.46459E-03  6.69110E-03  6.92401E-03  7.16326E-03
       .            .            .            .            .            .
       .            .            .            .            .            .
       .            .            .            .            .            .
 -6.71458E-03 -6.60013E-03 -6.48537E-03 -6.37047E-03 -6.25559E-03 -6.14090E-03

512000 out of 512000 gridpoints are considered (100.0%).

...done!

                       Measure       RMSE[kcal/mol/e]   MaxError[kcal/mol/e]   NPoints
                         Total        6.813480289E-01        4.692453058E+00    407832
Close (  1.20 < r <   1.66 )          1.078365960E+00        4.692453058E+00    142942
Mid-range ( 1.66 < r <  2.20)         3.364057795E-01        1.064005056E+00    195389
Far-range (  2.20         < r)        1.196258473E-01        3.194211450E-01     69501
Did analysis and wrote slice data
