/home/boittier/esp_check
h2o_4
/data/boittier/energies/h2o_geom.xyz.dir
Read multipoles for 3 atoms with max. rank 2
Running in generate mode

Reading "/data/boittier/energies/h2o_geom.xyz.dir/h2o_4.chk.fchk.potential.cube"...

  h2o Potential=SCF
  Electrostatic potential from Total SCF Density
    3   -4.970736   -4.748858   -4.970736
   80    0.125841    0.000000    0.000000
   80    0.000000    0.125841    0.000000
   80    0.000000    0.000000    0.125841
    8    8.000000    0.000000    0.221877    0.000000
    1    1.000000    1.432916   -0.887791    0.000000
    1    1.000000   -1.432916   -0.887227    0.000000
  1.66277E-02  1.67161E-02  1.67755E-02  1.68054E-02  1.68054E-02  1.67755E-02
       .            .            .            .            .            .
       .            .            .            .            .            .
       .            .            .            .            .            .
 -9.09475E-03 -9.09023E-03 -9.08118E-03 -9.06760E-03 -9.04946E-03 -9.02675E-03

338207 out of 512000 gridpoints are considered ( 66.1%).

...done!

 writing cube file quadrupole_expansion.cube                                                                                                                                                                                                                                                                                                                                                                                                                                                                                                                                                                                                                                                                                                                                                                                                                                                                                                                                                                                                                                       
Written cubefile and slice data
Running in analysis mode

Reading "/data/boittier/energies/h2o_geom.xyz.dir/h2o_4.chk.fchk.potential.cube"...

  h2o Potential=SCF
  Electrostatic potential from Total SCF Density
    3   -4.970736   -4.748858   -4.970736
   80    0.125841    0.000000    0.000000
   80    0.000000    0.125841    0.000000
   80    0.000000    0.000000    0.125841
    8    8.000000    0.000000    0.221877    0.000000
    1    1.000000    1.432916   -0.887791    0.000000
    1    1.000000   -1.432916   -0.887227    0.000000
  6.13698E-03  6.36027E-03  6.59065E-03  6.82814E-03  7.07269E-03  7.32422E-03
       .            .            .            .            .            .
       .            .            .            .            .            .
       .            .            .            .            .            .
 -6.71003E-03 -6.59276E-03 -6.47541E-03 -6.35816E-03 -6.24115E-03 -6.12453E-03

512000 out of 512000 gridpoints are considered (100.0%).

...done!

Reading "/home/boittier/esp_check/quadrupole_expansion.cube"...

  Fitted ESP
  Electrostatic potential fitted from quadrupole expansion.
    3   -4.970736   -4.748858   -4.970736
   80    0.125841    0.000000    0.000000
   80    0.000000    0.125841    0.000000
   80    0.000000    0.000000    0.125841
    8    8.000000    0.000000    0.221877    0.000000
    1    1.000000    1.432916   -0.887791    0.000000
    1    1.000000   -1.432916   -0.887227    0.000000
  6.07773E-03  6.29472E-03  6.51839E-03  6.74874E-03  6.98570E-03  7.22920E-03
       .            .            .            .            .            .
       .            .            .            .            .            .
       .            .            .            .            .            .
 -6.65595E-03 -6.54379E-03 -6.43127E-03 -6.31856E-03 -6.20581E-03 -6.09318E-03

512000 out of 512000 gridpoints are considered (100.0%).

...done!

                       Measure       RMSE[kcal/mol/e]   MaxError[kcal/mol/e]   NPoints
                         Total        6.817778211E-01        4.698414398E+00    407477
Close (  1.20 < r <   1.66 )          1.077948060E+00        4.698414398E+00    143174
Mid-range ( 1.66 < r <  2.20)         3.362800811E-01        1.069966396E+00    195033
Far-range (  2.20         < r)        1.192170728E-01        3.212032719E-01     69270
Did analysis and wrote slice data
