/home/boittier/esp_check
h2o_1293
/data/boittier/energies/h2o_geom.xyz.dir
Read multipoles for 3 atoms with max. rank 2
Running in generate mode

Reading "/data/boittier/energies/h2o_geom.xyz.dir/h2o_1293.chk.fchk.potential.cube"...

  h2o Potential=SCF
  Electrostatic potential from Total SCF Density
    3   -4.970736   -4.758194   -4.970736
   80    0.125841    0.000000    0.000000
   80    0.000000    0.125841    0.000000
   80    0.000000    0.000000    0.125841
    8    8.000000    0.000000    0.212542    0.000000
    1    1.000000    1.461472   -0.857801    0.000000
    1    1.000000   -1.461472   -0.842533    0.000000
  1.64181E-02  1.64474E-02  1.64474E-02  1.64181E-02  1.60913E-02  1.62955E-02
       .            .            .            .            .            .
       .            .            .            .            .            .
       .            .            .            .            .            .
 -8.72516E-03 -8.72115E-03 -8.71312E-03 -8.70105E-03 -8.68491E-03 -8.66467E-03

338123 out of 512000 gridpoints are considered ( 66.0%).

...done!

 writing cube file quadrupole_expansion.cube                                                                                                                                                                                                                                                                                                                                                                                                                                                                                                                                                                                                                                                                                                                                                                                                                                                                                                                                                                                                                                       
Written cubefile and slice data
Running in analysis mode

Reading "/data/boittier/energies/h2o_geom.xyz.dir/h2o_1293.chk.fchk.potential.cube"...

  h2o Potential=SCF
  Electrostatic potential from Total SCF Density
    3   -4.970736   -4.758194   -4.970736
   80    0.125841    0.000000    0.000000
   80    0.000000    0.125841    0.000000
   80    0.000000    0.000000    0.125841
    8    8.000000    0.000000    0.212542    0.000000
    1    1.000000    1.461472   -0.857801    0.000000
    1    1.000000   -1.461472   -0.842533    0.000000
  5.96053E-03  6.17869E-03  6.40383E-03  6.63593E-03  6.87495E-03  7.12083E-03
       .            .            .            .            .            .
       .            .            .            .            .            .
       .            .            .            .            .            .
 -6.55435E-03 -6.44056E-03 -6.32667E-03 -6.21282E-03 -6.09918E-03 -5.98588E-03

512000 out of 512000 gridpoints are considered (100.0%).

...done!

Reading "/home/boittier/esp_check/quadrupole_expansion.cube"...

  Fitted ESP
  Electrostatic potential fitted from quadrupole expansion.
    3   -4.970736   -4.758194   -4.970736
   80    0.125841    0.000000    0.000000
   80    0.000000    0.125841    0.000000
   80    0.000000    0.000000    0.125841
    8    8.000000    0.000000    0.212542    0.000000
    1    1.000000    1.461472   -0.857801    0.000000
    1    1.000000   -1.461472   -0.842533    0.000000
  5.89929E-03  6.11115E-03  6.32955E-03  6.55448E-03  6.78591E-03  7.02373E-03
       .            .            .            .            .            .
       .            .            .            .            .            .
       .            .            .            .            .            .
 -6.49753E-03 -6.38894E-03 -6.27995E-03 -6.17072E-03 -6.06141E-03 -5.95218E-03

512000 out of 512000 gridpoints are considered (100.0%).

...done!

                       Measure       RMSE[kcal/mol/e]   MaxError[kcal/mol/e]   NPoints
                         Total        6.929375861E-01        4.681220639E+00    407593
Close (  1.20 < r <   1.66 )          1.096622362E+00        4.681220639E+00    142909
Mid-range ( 1.66 < r <  2.20)         3.418913929E-01        1.108369975E+00    195214
Far-range (  2.20         < r)        1.219279557E-01        3.213350489E-01     69470
Did analysis and wrote slice data
