/home/boittier/esp_check
h2o_195
/data/boittier/energies/h2o_geom.xyz.dir
Read multipoles for 3 atoms with max. rank 2
Running in generate mode

Reading "/data/boittier/energies/h2o_geom.xyz.dir/h2o_195.chk.fchk.potential.cube"...

  h2o Potential=SCF
  Electrostatic potential from Total SCF Density
    3   -4.970736   -4.751153   -4.970736
   80    0.125841    0.000000    0.000000
   80    0.000000    0.125841    0.000000
   80    0.000000    0.000000    0.125841
    8    8.000000    0.000000    0.219583    0.000000
    1    1.000000    1.425133   -0.900860    0.000000
    1    1.000000   -1.425133   -0.855803    0.000000
  1.63624E-02  1.65393E-02  1.66890E-02  1.68104E-02  1.69023E-02  1.69641E-02
       .            .            .            .            .            .
       .            .            .            .            .            .
       .            .            .            .            .            .
 -9.22568E-03 -9.22091E-03 -9.21137E-03 -9.19704E-03 -9.17792E-03 -9.15400E-03

338297 out of 512000 gridpoints are considered ( 66.1%).

...done!

 writing cube file quadrupole_expansion.cube                                                                                                                                                                                                                                                                                                                                                                                                                                                                                                                                                                                                                                                                                                                                                                                                                                                                                                                                                                                                                                       
Written cubefile and slice data
Running in analysis mode

Reading "/data/boittier/energies/h2o_geom.xyz.dir/h2o_195.chk.fchk.potential.cube"...

  h2o Potential=SCF
  Electrostatic potential from Total SCF Density
    3   -4.970736   -4.751153   -4.970736
   80    0.125841    0.000000    0.000000
   80    0.000000    0.125841    0.000000
   80    0.000000    0.000000    0.125841
    8    8.000000    0.000000    0.219583    0.000000
    1    1.000000    1.425133   -0.900860    0.000000
    1    1.000000   -1.425133   -0.855803    0.000000
  6.08194E-03  6.30180E-03  6.52858E-03  6.76227E-03  7.00283E-03  7.25018E-03
       .            .            .            .            .            .
       .            .            .            .            .            .
       .            .            .            .            .            .
 -6.74727E-03 -6.62837E-03 -6.50943E-03 -6.39063E-03 -6.27212E-03 -6.15405E-03

512000 out of 512000 gridpoints are considered (100.0%).

...done!

Reading "/home/boittier/esp_check/quadrupole_expansion.cube"...

  Fitted ESP
  Electrostatic potential fitted from quadrupole expansion.
    3   -4.970736   -4.751153   -4.970736
   80    0.125841    0.000000    0.000000
   80    0.000000    0.125841    0.000000
   80    0.000000    0.000000    0.125841
    8    8.000000    0.000000    0.219583    0.000000
    1    1.000000    1.425133   -0.900860    0.000000
    1    1.000000   -1.425133   -0.855803    0.000000
  6.02436E-03  6.23804E-03  6.45823E-03  6.68491E-03  6.91803E-03  7.15750E-03
       .            .            .            .            .            .
       .            .            .            .            .            .
       .            .            .            .            .            .
 -6.69515E-03 -6.58128E-03 -6.46709E-03 -6.35275E-03 -6.23843E-03 -6.12427E-03

512000 out of 512000 gridpoints are considered (100.0%).

...done!

                       Measure       RMSE[kcal/mol/e]   MaxError[kcal/mol/e]   NPoints
                         Total        6.822819761E-01        4.692453058E+00    407769
Close (  1.20 < r <   1.66 )          1.079751914E+00        4.692453058E+00    142948
Mid-range ( 1.66 < r <  2.20)         3.368473125E-01        1.066389592E+00    195349
Far-range (  2.20         < r)        1.197701637E-01        3.197600001E-01     69472
Did analysis and wrote slice data
