/home/boittier/esp_check
h2o_1487
/data/boittier/energies/h2o_geom.xyz.dir
Read multipoles for 3 atoms with max. rank 2
Running in generate mode

Reading "/data/boittier/energies/h2o_geom.xyz.dir/h2o_1487.chk.fchk.potential.cube"...

  h2o Potential=SCF
  Electrostatic potential from Total SCF Density
    3   -4.970736   -4.746583   -4.970736
   80    0.125841    0.000000    0.000000
   80    0.000000    0.125841    0.000000
   80    0.000000    0.000000    0.125841
    8    8.000000    0.000000    0.224153    0.000000
    1    1.000000    1.387398   -0.961884    0.000000
    1    1.000000   -1.387398   -0.831340    0.000000
  1.64821E-02  1.65994E-02  1.66882E-02  1.67479E-02  1.67778E-02  1.67778E-02
       .            .            .            .            .            .
       .            .            .            .            .            .
       .            .            .            .            .            .
 -9.85143E-03 -9.84570E-03 -9.83423E-03 -9.81703E-03 -9.79411E-03 -9.76548E-03

338498 out of 512000 gridpoints are considered ( 66.1%).

...done!

 writing cube file quadrupole_expansion.cube                                                                                                                                                                                                                                                                                                                                                                                                                                                                                                                                                                                                                                                                                                                                                                                                                                                                                                                                                                                                                                       
Written cubefile and slice data
Running in analysis mode

Reading "/data/boittier/energies/h2o_geom.xyz.dir/h2o_1487.chk.fchk.potential.cube"...

  h2o Potential=SCF
  Electrostatic potential from Total SCF Density
    3   -4.970736   -4.746583   -4.970736
   80    0.125841    0.000000    0.000000
   80    0.000000    0.125841    0.000000
   80    0.000000    0.000000    0.125841
    8    8.000000    0.000000    0.224153    0.000000
    1    1.000000    1.387398   -0.961884    0.000000
    1    1.000000   -1.387398   -0.831340    0.000000
  6.13925E-03  6.35729E-03  6.58204E-03  6.81348E-03  7.05154E-03  7.29615E-03
       .            .            .            .            .            .
       .            .            .            .            .            .
       .            .            .            .            .            .
 -6.98065E-03 -6.85509E-03 -6.72960E-03 -6.60437E-03 -6.47956E-03 -6.35532E-03

512000 out of 512000 gridpoints are considered (100.0%).

...done!

Reading "/home/boittier/esp_check/quadrupole_expansion.cube"...

  Fitted ESP
  Electrostatic potential fitted from quadrupole expansion.
    3   -4.970736   -4.746583   -4.970736
   80    0.125841    0.000000    0.000000
   80    0.000000    0.125841    0.000000
   80    0.000000    0.000000    0.125841
    8    8.000000    0.000000    0.224153    0.000000
    1    1.000000    1.387398   -0.961884    0.000000
    1    1.000000   -1.387398   -0.831340    0.000000
  6.08726E-03  6.29942E-03  6.51787E-03  6.74261E-03  6.97355E-03  7.21060E-03
       .            .            .            .            .            .
       .            .            .            .            .            .
       .            .            .            .            .            .
 -6.93583E-03 -6.81501E-03 -6.69399E-03 -6.57295E-03 -6.45206E-03 -6.33147E-03

512000 out of 512000 gridpoints are considered (100.0%).

...done!

                       Measure       RMSE[kcal/mol/e]   MaxError[kcal/mol/e]   NPoints
                         Total        6.719458456E-01        4.693394322E+00    408058
Close (  1.20 < r <   1.66 )          1.063931188E+00        4.693394322E+00    142858
Mid-range ( 1.66 < r <  2.20)         3.320430314E-01        1.044740515E+00    195640
Far-range (  2.20         < r)        1.177772100E-01        3.168922818E-01     69560
Did analysis and wrote slice data
