/home/boittier/esp_check
h2o_373
/data/boittier/energies/h2o_geom.xyz.dir
Read multipoles for 3 atoms with max. rank 2
Running in generate mode

Reading "/data/boittier/energies/h2o_geom.xyz.dir/h2o_373.chk.fchk.potential.cube"...

  h2o Potential=SCF
  Electrostatic potential from Total SCF Density
    3   -4.970736   -4.747352   -4.970736
   80    0.125841    0.000000    0.000000
   80    0.000000    0.125841    0.000000
   80    0.000000    0.000000    0.125841
    8    8.000000    0.000000    0.223384    0.000000
    1    1.000000    1.424756   -0.897729    0.000000
    1    1.000000   -1.424756   -0.889343    0.000000
  1.66370E-02  1.67252E-02  1.67845E-02  1.68142E-02  1.68142E-02  1.67845E-02
       .            .            .            .            .            .
       .            .            .            .            .            .
       .            .            .            .            .            .
 -9.20693E-03 -9.20225E-03 -9.19286E-03 -9.17878E-03 -9.15997E-03 -9.13644E-03

338248 out of 512000 gridpoints are considered ( 66.1%).

...done!

 writing cube file quadrupole_expansion.cube                                                                                                                                                                                                                                                                                                                                                                                                                                                                                                                                                                                                                                                                                                                                                                                                                                                                                                                                                                                                                                       
Written cubefile and slice data
Running in analysis mode

Reading "/data/boittier/energies/h2o_geom.xyz.dir/h2o_373.chk.fchk.potential.cube"...

  h2o Potential=SCF
  Electrostatic potential from Total SCF Density
    3   -4.970736   -4.747352   -4.970736
   80    0.125841    0.000000    0.000000
   80    0.000000    0.125841    0.000000
   80    0.000000    0.000000    0.125841
    8    8.000000    0.000000    0.223384    0.000000
    1    1.000000    1.424756   -0.897729    0.000000
    1    1.000000   -1.424756   -0.889343    0.000000
  6.16148E-03  6.38502E-03  6.61566E-03  6.85337E-03  7.09813E-03  7.34985E-03
       .            .            .            .            .            .
       .            .            .            .            .            .
       .            .            .            .            .            .
 -6.75311E-03 -6.63468E-03 -6.51620E-03 -6.39784E-03 -6.27973E-03 -6.16205E-03

512000 out of 512000 gridpoints are considered (100.0%).

...done!

Reading "/home/boittier/esp_check/quadrupole_expansion.cube"...

  Fitted ESP
  Electrostatic potential fitted from quadrupole expansion.
    3   -4.970736   -4.747352   -4.970736
   80    0.125841    0.000000    0.000000
   80    0.000000    0.125841    0.000000
   80    0.000000    0.000000    0.125841
    8    8.000000    0.000000    0.223384    0.000000
    1    1.000000    1.424756   -0.897729    0.000000
    1    1.000000   -1.424756   -0.889343    0.000000
  6.10311E-03  6.32040E-03  6.54435E-03  6.77496E-03  7.01217E-03  7.25591E-03
       .            .            .            .            .            .
       .            .            .            .            .            .
       .            .            .            .            .            .
 -6.70017E-03 -6.58683E-03 -6.47314E-03 -6.35927E-03 -6.24539E-03 -6.13165E-03

512000 out of 512000 gridpoints are considered (100.0%).

...done!

                       Measure       RMSE[kcal/mol/e]   MaxError[kcal/mol/e]   NPoints
                         Total        6.792322734E-01        4.700547930E+00    407520
Close (  1.20 < r <   1.66 )          1.074001594E+00        4.700547930E+00    143168
Mid-range ( 1.66 < r <  2.20)         3.350171433E-01        1.065824833E+00    195080
Far-range (  2.20         < r)        1.186718022E-01        3.208832421E-01     69272
Did analysis and wrote slice data
