/home/boittier/esp_check
h2o_1410
/data/boittier/energies/h2o_geom.xyz.dir
Read multipoles for 3 atoms with max. rank 2
Running in generate mode

Reading "/data/boittier/energies/h2o_geom.xyz.dir/h2o_1410.chk.fchk.potential.cube"...

  h2o Potential=SCF
  Electrostatic potential from Total SCF Density
    3   -4.970736   -4.747141   -4.970736
   80    0.125841    0.000000    0.000000
   80    0.000000    0.125841    0.000000
   80    0.000000    0.000000    0.125841
    8    8.000000    0.000000    0.223594    0.000000
    1    1.000000    1.343484   -1.017441    0.000000
    1    1.000000   -1.343484   -0.771313    0.000000
  1.62428E-02  1.63876E-02  1.65049E-02  1.65938E-02  1.66535E-02  1.66834E-02
       .            .            .            .            .            .
       .            .            .            .            .            .
       .            .            .            .            .            .
 -1.04234E-02 -1.04167E-02 -1.04034E-02 -1.03834E-02 -1.03567E-02 -1.03235E-02

338857 out of 512000 gridpoints are considered ( 66.2%).

...done!

 writing cube file quadrupole_expansion.cube                                                                                                                                                                                                                                                                                                                                                                                                                                                                                                                                                                                                                                                                                                                                                                                                                                                                                                                                                                                                                                       
Written cubefile and slice data
Running in analysis mode

Reading "/data/boittier/energies/h2o_geom.xyz.dir/h2o_1410.chk.fchk.potential.cube"...

  h2o Potential=SCF
  Electrostatic potential from Total SCF Density
    3   -4.970736   -4.747141   -4.970736
   80    0.125841    0.000000    0.000000
   80    0.000000    0.125841    0.000000
   80    0.000000    0.000000    0.125841
    8    8.000000    0.000000    0.223594    0.000000
    1    1.000000    1.343484   -1.017441    0.000000
    1    1.000000   -1.343484   -0.771313    0.000000
  6.11455E-03  6.32703E-03  6.54584E-03  6.77093E-03  7.00225E-03  7.23968E-03
       .            .            .            .            .            .
       .            .            .            .            .            .
       .            .            .            .            .            .
 -7.17551E-03 -7.04362E-03 -6.91194E-03 -6.78064E-03 -6.64990E-03 -6.51987E-03

512000 out of 512000 gridpoints are considered (100.0%).

...done!

Reading "/home/boittier/esp_check/quadrupole_expansion.cube"...

  Fitted ESP
  Electrostatic potential fitted from quadrupole expansion.
    3   -4.970736   -4.747141   -4.970736
   80    0.125841    0.000000    0.000000
   80    0.000000    0.125841    0.000000
   80    0.000000    0.000000    0.125841
    8    8.000000    0.000000    0.223594    0.000000
    1    1.000000    1.343484   -1.017441    0.000000
    1    1.000000   -1.343484   -0.771313    0.000000
  6.06910E-03  6.27610E-03  6.48903E-03  6.70787E-03  6.93252E-03  7.16288E-03
       .            .            .            .            .            .
       .            .            .            .            .            .
       .            .            .            .            .            .
 -7.13852E-03 -7.01104E-03 -6.88350E-03 -6.75608E-03 -6.62896E-03 -6.50229E-03

512000 out of 512000 gridpoints are considered (100.0%).

...done!

                       Measure       RMSE[kcal/mol/e]   MaxError[kcal/mol/e]   NPoints
                         Total        6.647233394E-01        4.668670449E+00    408825
Close (  1.20 < r <   1.66 )          1.054639888E+00        4.668670449E+00    142447
Mid-range ( 1.66 < r <  2.20)         3.288993827E-01        1.023085163E+00    196410
Far-range (  2.20         < r)        1.169374911E-01        3.195529220E-01     69968
Did analysis and wrote slice data
