/home/boittier/esp_check
h2o_1048
/data/boittier/energies/h2o_geom.xyz.dir
Read multipoles for 3 atoms with max. rank 2
Running in generate mode

Reading "/data/boittier/energies/h2o_geom.xyz.dir/h2o_1048.chk.fchk.potential.cube"...

  h2o Potential=SCF
  Electrostatic potential from Total SCF Density
    3   -4.970736   -4.756173   -4.970736
   80    0.125841    0.000000    0.000000
   80    0.000000    0.125841    0.000000
   80    0.000000    0.000000    0.125841
    8    8.000000    0.000000    0.214563    0.000000
    1    1.000000    1.488047   -0.817002    0.000000
    1    1.000000   -1.488047   -0.899500    0.000000
  1.65432E-02  1.66927E-02  1.68138E-02  1.69056E-02  1.69673E-02  1.69982E-02
       .            .            .            .            .            .
       .            .            .            .            .            .
       .            .            .            .            .            .
 -8.28669E-03 -8.28347E-03 -8.27700E-03 -8.26725E-03 -8.25419E-03 -8.23776E-03

337798 out of 512000 gridpoints are considered ( 66.0%).

...done!

 writing cube file quadrupole_expansion.cube                                                                                                                                                                                                                                                                                                                                                                                                                                                                                                                                                                                                                                                                                                                                                                                                                                                                                                                                                                                                                                       
Written cubefile and slice data
Running in analysis mode

Reading "/data/boittier/energies/h2o_geom.xyz.dir/h2o_1048.chk.fchk.potential.cube"...

  h2o Potential=SCF
  Electrostatic potential from Total SCF Density
    3   -4.970736   -4.756173   -4.970736
   80    0.125841    0.000000    0.000000
   80    0.000000    0.125841    0.000000
   80    0.000000    0.000000    0.125841
    8    8.000000    0.000000    0.214563    0.000000
    1    1.000000    1.488047   -0.817002    0.000000
    1    1.000000   -1.488047   -0.899500    0.000000
  6.03953E-03  6.26433E-03  6.49648E-03  6.73599E-03  6.98285E-03  7.23697E-03
       .            .            .            .            .            .
       .            .            .            .            .            .
       .            .            .            .            .            .
 -6.41370E-03 -6.30502E-03 -6.19611E-03 -6.08714E-03 -5.97824E-03 -5.86957E-03

512000 out of 512000 gridpoints are considered (100.0%).

...done!

Reading "/home/boittier/esp_check/quadrupole_expansion.cube"...

  Fitted ESP
  Electrostatic potential fitted from quadrupole expansion.
    3   -4.970736   -4.756173   -4.970736
   80    0.125841    0.000000    0.000000
   80    0.000000    0.125841    0.000000
   80    0.000000    0.000000    0.125841
    8    8.000000    0.000000    0.214563    0.000000
    1    1.000000    1.488047   -0.817002    0.000000
    1    1.000000   -1.488047   -0.899500    0.000000
  5.97378E-03  6.19198E-03  6.41710E-03  6.64914E-03  6.88807E-03  7.13381E-03
       .            .            .            .            .            .
       .            .            .            .            .            .
       .            .            .            .            .            .
 -6.35137E-03 -6.24811E-03 -6.14433E-03 -6.04018E-03 -5.93583E-03 -5.83141E-03

512000 out of 512000 gridpoints are considered (100.0%).

...done!

                       Measure       RMSE[kcal/mol/e]   MaxError[kcal/mol/e]   NPoints
                         Total        6.947504920E-01        4.694021832E+00    406944
Close (  1.20 < r <   1.66 )          1.097778312E+00        4.694021832E+00    143198
Mid-range ( 1.66 < r <  2.20)         3.425043374E-01        1.127948271E+00    194600
Far-range (  2.20         < r)        1.217090179E-01        3.248302766E-01     69146
Did analysis and wrote slice data
