/home/boittier/esp_check
h2o_199
/data/boittier/energies/h2o_geom.xyz.dir
Read multipoles for 3 atoms with max. rank 2
Running in generate mode

Reading "/data/boittier/energies/h2o_geom.xyz.dir/h2o_199.chk.fchk.potential.cube"...

  h2o Potential=SCF
  Electrostatic potential from Total SCF Density
    3   -4.970736   -4.753474   -4.970736
   80    0.125841    0.000000    0.000000
   80    0.000000    0.125841    0.000000
   80    0.000000    0.000000    0.125841
    8    8.000000    0.000000    0.217262    0.000000
    1    1.000000    1.447860   -0.869030    0.000000
    1    1.000000   -1.447860   -0.869064    0.000000
  1.65731E-02  1.66322E-02  1.66618E-02  1.66618E-02  1.66322E-02  1.65731E-02
       .            .            .            .            .            .
       .            .            .            .            .            .
       .            .            .            .            .            .
 -8.87871E-03 -8.87449E-03 -8.86605E-03 -8.85338E-03 -8.83644E-03 -8.81521E-03

338153 out of 512000 gridpoints are considered ( 66.0%).

...done!

 writing cube file quadrupole_expansion.cube                                                                                                                                                                                                                                                                                                                                                                                                                                                                                                                                                                                                                                                                                                                                                                                                                                                                                                                                                                                                                                       
Written cubefile and slice data
Running in analysis mode

Reading "/data/boittier/energies/h2o_geom.xyz.dir/h2o_199.chk.fchk.potential.cube"...

  h2o Potential=SCF
  Electrostatic potential from Total SCF Density
    3   -4.970736   -4.753474   -4.970736
   80    0.125841    0.000000    0.000000
   80    0.000000    0.125841    0.000000
   80    0.000000    0.000000    0.125841
    8    8.000000    0.000000    0.217262    0.000000
    1    1.000000    1.447860   -0.869030    0.000000
    1    1.000000   -1.447860   -0.869064    0.000000
  6.05530E-03  6.27647E-03  6.50469E-03  6.73997E-03  6.98226E-03  7.23150E-03
       .            .            .            .            .            .
       .            .            .            .            .            .
       .            .            .            .            .            .
 -6.62113E-03 -6.50596E-03 -6.39069E-03 -6.27548E-03 -6.16049E-03 -6.04586E-03

512000 out of 512000 gridpoints are considered (100.0%).

...done!

Reading "/home/boittier/esp_check/quadrupole_expansion.cube"...

  Fitted ESP
  Electrostatic potential fitted from quadrupole expansion.
    3   -4.970736   -4.753474   -4.970736
   80    0.125841    0.000000    0.000000
   80    0.000000    0.125841    0.000000
   80    0.000000    0.000000    0.125841
    8    8.000000    0.000000    0.217262    0.000000
    1    1.000000    1.447860   -0.869030    0.000000
    1    1.000000   -1.447860   -0.869064    0.000000
  5.99468E-03  6.20952E-03  6.43100E-03  6.65910E-03  6.89377E-03  7.13495E-03
       .            .            .            .            .            .
       .            .            .            .            .            .
       .            .            .            .            .            .
 -6.56517E-03 -6.45518E-03 -6.34479E-03 -6.23419E-03 -6.12351E-03 -6.01293E-03

512000 out of 512000 gridpoints are considered (100.0%).

...done!

                       Measure       RMSE[kcal/mol/e]   MaxError[kcal/mol/e]   NPoints
                         Total        6.876137761E-01        4.690194024E+00    407516
Close (  1.20 < r <   1.66 )          1.087729130E+00        4.690194024E+00    143012
Mid-range ( 1.66 < r <  2.20)         3.392881958E-01        1.087285657E+00    195141
Far-range (  2.20         < r)        1.206384010E-01        3.214542757E-01     69363
Did analysis and wrote slice data
