/home/boittier/esp_check
h2o_675
/data/boittier/energies/h2o_geom.xyz.dir
Read multipoles for 3 atoms with max. rank 2
Running in generate mode

Reading "/data/boittier/energies/h2o_geom.xyz.dir/h2o_675.chk.fchk.potential.cube"...

  h2o Potential=SCF
  Electrostatic potential from Total SCF Density
    3   -4.970736   -4.743147   -4.970736
   80    0.125841    0.000000    0.000000
   80    0.000000    0.125841    0.000000
   80    0.000000    0.000000    0.125841
    8    8.000000    0.000000    0.227588    0.000000
    1    1.000000    1.389535   -0.948169    0.000000
    1    1.000000   -1.389535   -0.872536    0.000000
  1.64755E-02  1.66515E-02  1.68004E-02  1.69211E-02  1.70126E-02  1.70740E-02
       .            .            .            .            .            .
       .            .            .            .            .            .
       .            .            .            .            .            .
 -9.73923E-03 -9.73372E-03 -9.72270E-03 -9.70616E-03 -9.68412E-03 -9.65657E-03

338396 out of 512000 gridpoints are considered ( 66.1%).

...done!

 writing cube file quadrupole_expansion.cube                                                                                                                                                                                                                                                                                                                                                                                                                                                                                                                                                                                                                                                                                                                                                                                                                                                                                                                                                                                                                                       
Written cubefile and slice data
Running in analysis mode

Reading "/data/boittier/energies/h2o_geom.xyz.dir/h2o_675.chk.fchk.potential.cube"...

  h2o Potential=SCF
  Electrostatic potential from Total SCF Density
    3   -4.970736   -4.743147   -4.970736
   80    0.125841    0.000000    0.000000
   80    0.000000    0.125841    0.000000
   80    0.000000    0.000000    0.125841
    8    8.000000    0.000000    0.227588    0.000000
    1    1.000000    1.389535   -0.948169    0.000000
    1    1.000000   -1.389535   -0.872536    0.000000
  6.21832E-03  6.44051E-03  6.66960E-03  6.90558E-03  7.14840E-03  7.39797E-03
       .            .            .            .            .            .
       .            .            .            .            .            .
       .            .            .            .            .            .
 -6.95112E-03 -6.82705E-03 -6.70303E-03 -6.57921E-03 -6.45577E-03 -6.33285E-03

512000 out of 512000 gridpoints are considered (100.0%).

...done!

Reading "/home/boittier/esp_check/quadrupole_expansion.cube"...

  Fitted ESP
  Electrostatic potential fitted from quadrupole expansion.
    3   -4.970736   -4.743147   -4.970736
   80    0.125841    0.000000    0.000000
   80    0.000000    0.125841    0.000000
   80    0.000000    0.000000    0.125841
    8    8.000000    0.000000    0.227588    0.000000
    1    1.000000    1.389535   -0.948169    0.000000
    1    1.000000   -1.389535   -0.872536    0.000000
  6.16460E-03  6.38076E-03  6.60342E-03  6.83254E-03  7.06808E-03  7.30993E-03
       .            .            .            .            .            .
       .            .            .            .            .            .
       .            .            .            .            .            .
 -6.90426E-03 -6.78504E-03 -6.66557E-03 -6.54603E-03 -6.42660E-03 -6.30742E-03

512000 out of 512000 gridpoints are considered (100.0%).

...done!

                       Measure       RMSE[kcal/mol/e]   MaxError[kcal/mol/e]   NPoints
                         Total        6.695281514E-01        4.702932466E+00    407804
Close (  1.20 < r <   1.66 )          1.059426225E+00        4.702932466E+00    142997
Mid-range ( 1.66 < r <  2.20)         3.306153187E-01        1.045744530E+00    195399
Far-range (  2.20         < r)        1.169644231E-01        3.182100517E-01     69408
Did analysis and wrote slice data
