/home/boittier/esp_check
h2o_1693
/data/boittier/energies/h2o_geom.xyz.dir
Read multipoles for 3 atoms with max. rank 2
Running in generate mode

Reading "/data/boittier/energies/h2o_geom.xyz.dir/h2o_1693.chk.fchk.potential.cube"...

  h2o Potential=SCF
  Electrostatic potential from Total SCF Density
    3   -4.970736   -4.730794   -4.970736
   80    0.125841    0.000000    0.000000
   80    0.000000    0.125841    0.000000
   80    0.000000    0.000000    0.125841
    8    8.000000    0.000000    0.239941    0.000000
    1    1.000000    1.406279   -0.927496    0.000000
    1    1.000000   -1.406279   -0.992034    0.000000
  1.71940E-02  1.71940E-02  1.70036E-02  1.71843E-02  1.73372E-02  1.74612E-02
       .            .            .            .            .            .
       .            .            .            .            .            .
       .            .            .            .            .            .
 -9.51651E-03 -9.51152E-03 -9.50153E-03 -9.48654E-03 -9.46653E-03 -9.44151E-03

337973 out of 512000 gridpoints are considered ( 66.0%).

...done!

 writing cube file quadrupole_expansion.cube                                                                                                                                                                                                                                                                                                                                                                                                                                                                                                                                                                                                                                                                                                                                                                                                                                                                                                                                                                                                                                       
Written cubefile and slice data
Running in analysis mode

Reading "/data/boittier/energies/h2o_geom.xyz.dir/h2o_1693.chk.fchk.potential.cube"...

  h2o Potential=SCF
  Electrostatic potential from Total SCF Density
    3   -4.970736   -4.730794   -4.970736
   80    0.125841    0.000000    0.000000
   80    0.000000    0.125841    0.000000
   80    0.000000    0.000000    0.125841
    8    8.000000    0.000000    0.239941    0.000000
    1    1.000000    1.406279   -0.927496    0.000000
    1    1.000000   -1.406279   -0.992034    0.000000
  6.44531E-03  6.68005E-03  6.92232E-03  7.17213E-03  7.42946E-03  7.69422E-03
       .            .            .            .            .            .
       .            .            .            .            .            .
       .            .            .            .            .            .
 -6.91203E-03 -6.79131E-03 -6.67052E-03 -6.54982E-03 -6.42938E-03 -6.30935E-03

512000 out of 512000 gridpoints are considered (100.0%).

...done!

Reading "/home/boittier/esp_check/quadrupole_expansion.cube"...

  Fitted ESP
  Electrostatic potential fitted from quadrupole expansion.
    3   -4.970736   -4.730794   -4.970736
   80    0.125841    0.000000    0.000000
   80    0.000000    0.125841    0.000000
   80    0.000000    0.000000    0.125841
    8    8.000000    0.000000    0.239941    0.000000
    1    1.000000    1.406279   -0.927496    0.000000
    1    1.000000   -1.406279   -0.992034    0.000000
  6.38850E-03  6.61689E-03  6.85239E-03  7.09500E-03  7.34466E-03  7.60131E-03
       .            .            .            .            .            .
       .            .            .            .            .            .
       .            .            .            .            .            .
 -6.86192E-03 -6.74617E-03 -6.63007E-03 -6.51379E-03 -6.39748E-03 -6.28132E-03

512000 out of 512000 gridpoints are considered (100.0%).

...done!

                       Measure       RMSE[kcal/mol/e]   MaxError[kcal/mol/e]   NPoints
                         Total        6.614721051E-01        4.729287864E+00    406633
Close (  1.20 < r <   1.66 )          1.043456410E+00        4.729287864E+00    143747
Mid-range ( 1.66 < r <  2.20)         3.250527010E-01        1.052584383E+00    194226
Far-range (  2.20         < r)        1.136403351E-01        3.232928784E-01     68660
Did analysis and wrote slice data
