/home/boittier/esp_check
h2o_1617
/data/boittier/energies/h2o_geom.xyz.dir
Read multipoles for 3 atoms with max. rank 2
Running in generate mode

Reading "/data/boittier/energies/h2o_geom.xyz.dir/h2o_1617.chk.fchk.potential.cube"...

  h2o Potential=SCF
  Electrostatic potential from Total SCF Density
    3   -4.970736   -4.762502   -4.970736
   80    0.125841    0.000000    0.000000
   80    0.000000    0.125841    0.000000
   80    0.000000    0.000000    0.125841
    8    8.000000    0.000000    0.208233    0.000000
    1    1.000000    1.504503   -0.805234    0.000000
    1    1.000000   -1.504503   -0.860634    0.000000
  1.63800E-02  1.64987E-02  1.65887E-02  1.66490E-02  1.66794E-02  1.66794E-02
       .            .            .            .            .            .
       .            .            .            .            .            .
       .            .            .            .            .            .
 -8.10596E-03 -8.10297E-03 -8.09698E-03 -8.08795E-03 -8.07583E-03 -8.06056E-03

337779 out of 512000 gridpoints are considered ( 66.0%).

...done!

 writing cube file quadrupole_expansion.cube                                                                                                                                                                                                                                                                                                                                                                                                                                                                                                                                                                                                                                                                                                                                                                                                                                                                                                                                                                                                                                       
Written cubefile and slice data
Running in analysis mode

Reading "/data/boittier/energies/h2o_geom.xyz.dir/h2o_1617.chk.fchk.potential.cube"...

  h2o Potential=SCF
  Electrostatic potential from Total SCF Density
    3   -4.970736   -4.762502   -4.970736
   80    0.125841    0.000000    0.000000
   80    0.000000    0.125841    0.000000
   80    0.000000    0.000000    0.125841
    8    8.000000    0.000000    0.208233    0.000000
    1    1.000000    1.504503   -0.805234    0.000000
    1    1.000000   -1.504503   -0.860634    0.000000
  5.91036E-03  6.13080E-03  6.35845E-03  6.59332E-03  6.83536E-03  7.08453E-03
       .            .            .            .            .            .
       .            .            .            .            .            .
       .            .            .            .            .            .
 -6.33412E-03 -6.22702E-03 -6.11969E-03 -6.01228E-03 -5.90492E-03 -5.79778E-03

512000 out of 512000 gridpoints are considered (100.0%).

...done!

Reading "/home/boittier/esp_check/quadrupole_expansion.cube"...

  Fitted ESP
  Electrostatic potential fitted from quadrupole expansion.
    3   -4.970736   -4.762502   -4.970736
   80    0.125841    0.000000    0.000000
   80    0.000000    0.125841    0.000000
   80    0.000000    0.000000    0.125841
    8    8.000000    0.000000    0.208233    0.000000
    1    1.000000    1.504503   -0.805234    0.000000
    1    1.000000   -1.504503   -0.860634    0.000000
  5.84411E-03  6.05799E-03  6.27864E-03  6.50607E-03  6.74023E-03  6.98106E-03
       .            .            .            .            .            .
       .            .            .            .            .            .
       .            .            .            .            .            .
 -6.27113E-03 -6.16946E-03 -6.06726E-03 -5.96467E-03 -5.86187E-03 -5.75899E-03

512000 out of 512000 gridpoints are considered (100.0%).

...done!

                       Measure       RMSE[kcal/mol/e]   MaxError[kcal/mol/e]   NPoints
                         Total        7.009448937E-01        4.679965620E+00    407068
Close (  1.20 < r <   1.66 )          1.108124108E+00        4.679965620E+00    143126
Mid-range ( 1.66 < r <  2.20)         3.452340844E-01        1.148907087E+00    194653
Far-range (  2.20         < r)        1.232270471E-01        3.266186786E-01     69289
Did analysis and wrote slice data
