/home/boittier/esp_check
h2o_1748
/data/boittier/energies/h2o_geom.xyz.dir
Read multipoles for 3 atoms with max. rank 2
Running in generate mode

Reading "/data/boittier/energies/h2o_geom.xyz.dir/h2o_1748.chk.fchk.potential.cube"...

  h2o Potential=SCF
  Electrostatic potential from Total SCF Density
    3   -4.970736   -4.750902   -4.970736
   80    0.125841    0.000000    0.000000
   80    0.000000    0.125841    0.000000
   80    0.000000    0.000000    0.125841
    8    8.000000    0.000000    0.219834    0.000000
    1    1.000000    1.442371   -0.887316    0.000000
    1    1.000000   -1.442371   -0.871353    0.000000
  1.66112E-02  1.66703E-02  1.66999E-02  1.66999E-02  1.66703E-02  1.66112E-02
       .            .            .            .            .            .
       .            .            .            .            .            .
       .            .            .            .            .            .
 -9.05438E-03 -9.04992E-03 -9.04098E-03 -9.02755E-03 -9.00962E-03 -8.98716E-03

338164 out of 512000 gridpoints are considered ( 66.0%).

...done!

 writing cube file quadrupole_expansion.cube                                                                                                                                                                                                                                                                                                                                                                                                                                                                                                                                                                                                                                                                                                                                                                                                                                                                                                                                                                                                                                       
Written cubefile and slice data
Running in analysis mode

Reading "/data/boittier/energies/h2o_geom.xyz.dir/h2o_1748.chk.fchk.potential.cube"...

  h2o Potential=SCF
  Electrostatic potential from Total SCF Density
    3   -4.970736   -4.750902   -4.970736
   80    0.125841    0.000000    0.000000
   80    0.000000    0.125841    0.000000
   80    0.000000    0.000000    0.125841
    8    8.000000    0.000000    0.219834    0.000000
    1    1.000000    1.442371   -0.887316    0.000000
    1    1.000000   -1.442371   -0.871353    0.000000
  6.08979E-03  6.31157E-03  6.54040E-03  6.77629E-03  7.01919E-03  7.26902E-03
       .            .            .            .            .            .
       .            .            .            .            .            .
       .            .            .            .            .            .
 -6.69269E-03 -6.57570E-03 -6.45865E-03 -6.34168E-03 -6.22496E-03 -6.10863E-03

512000 out of 512000 gridpoints are considered (100.0%).

...done!

Reading "/home/boittier/esp_check/quadrupole_expansion.cube"...

  Fitted ESP
  Electrostatic potential fitted from quadrupole expansion.
    3   -4.970736   -4.750902   -4.970736
   80    0.125841    0.000000    0.000000
   80    0.000000    0.125841    0.000000
   80    0.000000    0.000000    0.125841
    8    8.000000    0.000000    0.219834    0.000000
    1    1.000000    1.442371   -0.887316    0.000000
    1    1.000000   -1.442371   -0.871353    0.000000
  6.03042E-03  6.24591E-03  6.46804E-03  6.69679E-03  6.93212E-03  7.17394E-03
       .            .            .            .            .            .
       .            .            .            .            .            .
       .            .            .            .            .            .
 -6.63855E-03 -6.52667E-03 -6.41444E-03 -6.30201E-03 -6.18954E-03 -6.07720E-03

512000 out of 512000 gridpoints are considered (100.0%).

...done!

                       Measure       RMSE[kcal/mol/e]   MaxError[kcal/mol/e]   NPoints
                         Total        6.848440101E-01        4.696343617E+00    407444
Close (  1.20 < r <   1.66 )          1.082966476E+00        4.696343617E+00    143106
Mid-range ( 1.66 < r <  2.20)         3.378416928E-01        1.077810264E+00    195058
Far-range (  2.20         < r)        1.198686242E-01        3.217241048E-01     69280
Did analysis and wrote slice data
