/home/boittier/esp_check
h2o_1710
/data/boittier/energies/h2o_geom.xyz.dir
Read multipoles for 3 atoms with max. rank 2
Running in generate mode

Reading "/data/boittier/energies/h2o_geom.xyz.dir/h2o_1710.chk.fchk.potential.cube"...

  h2o Potential=SCF
  Electrostatic potential from Total SCF Density
    3   -4.970736   -4.760367   -4.970736
   80    0.125841    0.000000    0.000000
   80    0.000000    0.125841    0.000000
   80    0.000000    0.000000    0.125841
    8    8.000000    0.000000    0.210369    0.000000
    1    1.000000    1.464717   -0.855767    0.000000
    1    1.000000   -1.464717   -0.827185    0.000000
  1.61665E-02  1.63432E-02  1.64928E-02  1.66140E-02  1.67059E-02  1.67676E-02
       .            .            .            .            .            .
       .            .            .            .            .            .
       .            .            .            .            .            .
 -8.69036E-03 -8.68638E-03 -8.67841E-03 -8.66643E-03 -8.65041E-03 -8.63032E-03

338090 out of 512000 gridpoints are considered ( 66.0%).

...done!

 writing cube file quadrupole_expansion.cube                                                                                                                                                                                                                                                                                                                                                                                                                                                                                                                                                                                                                                                                                                                                                                                                                                                                                                                                                                                                                                       
Written cubefile and slice data
Running in analysis mode

Reading "/data/boittier/energies/h2o_geom.xyz.dir/h2o_1710.chk.fchk.potential.cube"...

  h2o Potential=SCF
  Electrostatic potential from Total SCF Density
    3   -4.970736   -4.760367   -4.970736
   80    0.125841    0.000000    0.000000
   80    0.000000    0.125841    0.000000
   80    0.000000    0.000000    0.125841
    8    8.000000    0.000000    0.210369    0.000000
    1    1.000000    1.464717   -0.855767    0.000000
    1    1.000000   -1.464717   -0.827185    0.000000
  5.91369E-03  6.13006E-03  6.35333E-03  6.58349E-03  6.82051E-03  7.06430E-03
       .            .            .            .            .            .
       .            .            .            .            .            .
       .            .            .            .            .            .
 -6.53515E-03 -6.42160E-03 -6.30794E-03 -6.19434E-03 -6.08094E-03 -5.96789E-03

512000 out of 512000 gridpoints are considered (100.0%).

...done!

Reading "/home/boittier/esp_check/quadrupole_expansion.cube"...

  Fitted ESP
  Electrostatic potential fitted from quadrupole expansion.
    3   -4.970736   -4.760367   -4.970736
   80    0.125841    0.000000    0.000000
   80    0.000000    0.125841    0.000000
   80    0.000000    0.000000    0.125841
    8    8.000000    0.000000    0.210369    0.000000
    1    1.000000    1.464717   -0.855767    0.000000
    1    1.000000   -1.464717   -0.827185    0.000000
  5.85260E-03  6.06268E-03  6.27925E-03  6.50228E-03  6.73173E-03  6.96752E-03
       .            .            .            .            .            .
       .            .            .            .            .            .
       .            .            .            .            .            .
 -6.47843E-03 -6.37006E-03 -6.26130E-03 -6.15230E-03 -6.04322E-03 -5.93423E-03

512000 out of 512000 gridpoints are considered (100.0%).

...done!

                       Measure       RMSE[kcal/mol/e]   MaxError[kcal/mol/e]   NPoints
                         Total        6.944502088E-01        4.676326065E+00    407648
Close (  1.20 < r <   1.66 )          1.099294839E+00        4.676326065E+00    142832
Mid-range ( 1.66 < r <  2.20)         3.427861701E-01        1.114958825E+00    195258
Far-range (  2.20         < r)        1.225282616E-01        3.222637629E-01     69558
Did analysis and wrote slice data
