/home/boittier/esp_check
h2o_16
/data/boittier/energies/h2o_geom.xyz.dir
Read multipoles for 3 atoms with max. rank 2
Running in generate mode

Reading "/data/boittier/energies/h2o_geom.xyz.dir/h2o_16.chk.fchk.potential.cube"...

  h2o Potential=SCF
  Electrostatic potential from Total SCF Density
    3   -4.970736   -4.747324   -4.970736
   80    0.125841    0.000000    0.000000
   80    0.000000    0.125841    0.000000
   80    0.000000    0.000000    0.125841
    8    8.000000    0.000000    0.223411    0.000000
    1    1.000000    1.440791   -0.876563    0.000000
    1    1.000000   -1.440791   -0.910727    0.000000
  1.67165E-02  1.68357E-02  1.69260E-02  1.69867E-02  1.70171E-02  1.70171E-02
       .            .            .            .            .            .
       .            .            .            .            .            .
       .            .            .            .            .            .
 -8.97601E-03 -8.97171E-03 -8.96310E-03 -8.95018E-03 -8.93290E-03 -8.91126E-03

338078 out of 512000 gridpoints are considered ( 66.0%).

...done!

 writing cube file quadrupole_expansion.cube                                                                                                                                                                                                                                                                                                                                                                                                                                                                                                                                                                                                                                                                                                                                                                                                                                                                                                                                                                                                                                       
Written cubefile and slice data
Running in analysis mode

Reading "/data/boittier/energies/h2o_geom.xyz.dir/h2o_16.chk.fchk.potential.cube"...

  h2o Potential=SCF
  Electrostatic potential from Total SCF Density
    3   -4.970736   -4.747324   -4.970736
   80    0.125841    0.000000    0.000000
   80    0.000000    0.125841    0.000000
   80    0.000000    0.000000    0.125841
    8    8.000000    0.000000    0.223411    0.000000
    1    1.000000    1.440791   -0.876563    0.000000
    1    1.000000   -1.440791   -0.910727    0.000000
  6.17407E-03  6.39995E-03  6.63308E-03  6.87345E-03  7.12105E-03  7.37578E-03
       .            .            .            .            .            .
       .            .            .            .            .            .
       .            .            .            .            .            .
 -6.67456E-03 -6.55873E-03 -6.44279E-03 -6.32691E-03 -6.21123E-03 -6.09591E-03

512000 out of 512000 gridpoints are considered (100.0%).

...done!

Reading "/home/boittier/esp_check/quadrupole_expansion.cube"...

  Fitted ESP
  Electrostatic potential fitted from quadrupole expansion.
    3   -4.970736   -4.747324   -4.970736
   80    0.125841    0.000000    0.000000
   80    0.000000    0.125841    0.000000
   80    0.000000    0.000000    0.125841
    8    8.000000    0.000000    0.223411    0.000000
    1    1.000000    1.440791   -0.876563    0.000000
    1    1.000000   -1.440791   -0.910727    0.000000
  6.11348E-03  6.33297E-03  6.55929E-03  6.79242E-03  7.03232E-03  7.27891E-03
       .            .            .            .            .            .
       .            .            .            .            .            .
       .            .            .            .            .            .
 -6.61888E-03 -6.50824E-03 -6.39719E-03 -6.28591E-03 -6.17455E-03 -6.06328E-03

512000 out of 512000 gridpoints are considered (100.0%).

...done!

                       Measure       RMSE[kcal/mol/e]   MaxError[kcal/mol/e]   NPoints
                         Total        6.816327256E-01        4.705254251E+00    407200
Close (  1.20 < r <   1.66 )          1.077023317E+00        4.705254251E+00    143291
Mid-range ( 1.66 < r <  2.20)         3.360974404E-01        1.075613981E+00    194787
Far-range (  2.20         < r)        1.188604978E-01        3.227092946E-01     69122
Did analysis and wrote slice data
