/home/boittier/esp_check
h2o_1196
/data/boittier/energies/h2o_geom.xyz.dir
Read multipoles for 3 atoms with max. rank 2
Running in generate mode

Reading "/data/boittier/energies/h2o_geom.xyz.dir/h2o_1196.chk.fchk.potential.cube"...

  h2o Potential=SCF
  Electrostatic potential from Total SCF Density
    3   -4.970736   -4.746765   -4.970736
   80    0.125841    0.000000    0.000000
   80    0.000000    0.125841    0.000000
   80    0.000000    0.000000    0.125841
    8    8.000000    0.000000    0.223970    0.000000
    1    1.000000    1.485751   -0.812070    0.000000
    1    1.000000   -1.485751   -0.979693    0.000000
  1.68895E-02  1.70095E-02  1.71004E-02  1.71614E-02  1.71921E-02  1.71921E-02
       .            .            .            .            .            .
       .            .            .            .            .            .
       .            .            .            .            .            .
 -8.26777E-03 -8.26469E-03 -8.25850E-03 -8.24918E-03 -8.23668E-03 -8.22093E-03

337662 out of 512000 gridpoints are considered ( 65.9%).

...done!

 writing cube file quadrupole_expansion.cube                                                                                                                                                                                                                                                                                                                                                                                                                                                                                                                                                                                                                                                                                                                                                                                                                                                                                                                                                                                                                                       
Written cubefile and slice data
Running in analysis mode

Reading "/data/boittier/energies/h2o_geom.xyz.dir/h2o_1196.chk.fchk.potential.cube"...

  h2o Potential=SCF
  Electrostatic potential from Total SCF Density
    3   -4.970736   -4.746765   -4.970736
   80    0.125841    0.000000    0.000000
   80    0.000000    0.125841    0.000000
   80    0.000000    0.000000    0.125841
    8    8.000000    0.000000    0.223970    0.000000
    1    1.000000    1.485751   -0.812070    0.000000
    1    1.000000   -1.485751   -0.979693    0.000000
  6.23205E-03  6.46586E-03  6.70745E-03  6.95683E-03  7.21399E-03  7.47885E-03
       .            .            .            .            .            .
       .            .            .            .            .            .
       .            .            .            .            .            .
 -6.43500E-03 -6.32722E-03 -6.21917E-03 -6.11099E-03 -6.00284E-03 -5.89485E-03

512000 out of 512000 gridpoints are considered (100.0%).

...done!

Reading "/home/boittier/esp_check/quadrupole_expansion.cube"...

  Fitted ESP
  Electrostatic potential fitted from quadrupole expansion.
    3   -4.970736   -4.746765   -4.970736
   80    0.125841    0.000000    0.000000
   80    0.000000    0.125841    0.000000
   80    0.000000    0.000000    0.125841
    8    8.000000    0.000000    0.223970    0.000000
    1    1.000000    1.485751   -0.812070    0.000000
    1    1.000000   -1.485751   -0.979693    0.000000
  6.16516E-03  6.39222E-03  6.62661E-03  6.86834E-03  7.11737E-03  7.37366E-03
       .            .            .            .            .            .
       .            .            .            .            .            .
       .            .            .            .            .            .
 -6.37139E-03 -6.26909E-03 -6.16622E-03 -6.06293E-03 -5.95938E-03 -5.85571E-03

512000 out of 512000 gridpoints are considered (100.0%).

...done!

                       Measure       RMSE[kcal/mol/e]   MaxError[kcal/mol/e]   NPoints
                         Total        6.875669848E-01        4.712596112E+00    406330
Close (  1.20 < r <   1.66 )          1.084325109E+00        4.712596112E+00    143668
Mid-range ( 1.66 < r <  2.20)         3.382659465E-01        1.105546182E+00    193994
Far-range (  2.20         < r)        1.191632252E-01        3.275536677E-01     68668
Did analysis and wrote slice data
