/home/boittier/esp_check
h2o_1346
/data/boittier/energies/h2o_geom.xyz.dir
Read multipoles for 3 atoms with max. rank 2
Running in generate mode

Reading "/data/boittier/energies/h2o_geom.xyz.dir/h2o_1346.chk.fchk.potential.cube"...

  h2o Potential=SCF
  Electrostatic potential from Total SCF Density
    3   -4.970736   -4.743829   -4.970736
   80    0.125841    0.000000    0.000000
   80    0.000000    0.125841    0.000000
   80    0.000000    0.000000    0.125841
    8    8.000000    0.000000    0.226906    0.000000
    1    1.000000    1.540208   -0.735082    0.000000
    1    1.000000   -1.540208   -1.080168    0.000000
  1.72027E-02  1.73558E-02  1.74799E-02  1.75739E-02  1.76370E-02  1.76687E-02
       .            .            .            .            .            .
       .            .            .            .            .            .
       .            .            .            .            .            .
 -7.38364E-03 -7.38212E-03 -7.37907E-03 -7.37442E-03 -7.36808E-03 -7.35996E-03

336946 out of 512000 gridpoints are considered ( 65.8%).

...done!

 writing cube file quadrupole_expansion.cube                                                                                                                                                                                                                                                                                                                                                                                                                                                                                                                                                                                                                                                                                                                                                                                                                                                                                                                                                                                                                                       
Written cubefile and slice data
Running in analysis mode

Reading "/data/boittier/energies/h2o_geom.xyz.dir/h2o_1346.chk.fchk.potential.cube"...

  h2o Potential=SCF
  Electrostatic potential from Total SCF Density
    3   -4.970736   -4.743829   -4.970736
   80    0.125841    0.000000    0.000000
   80    0.000000    0.125841    0.000000
   80    0.000000    0.000000    0.125841
    8    8.000000    0.000000    0.226906    0.000000
    1    1.000000    1.540208   -0.735082    0.000000
    1    1.000000   -1.540208   -1.080168    0.000000
  6.35540E-03  6.60174E-03  6.85665E-03  7.12016E-03  7.39230E-03  7.67302E-03
       .            .            .            .            .            .
       .            .            .            .            .            .
       .            .            .            .            .            .
 -6.14406E-03 -6.04661E-03 -5.94866E-03 -5.85034E-03 -5.75181E-03 -5.65319E-03

512000 out of 512000 gridpoints are considered (100.0%).

...done!

Reading "/home/boittier/esp_check/quadrupole_expansion.cube"...

  Fitted ESP
  Electrostatic potential fitted from quadrupole expansion.
    3   -4.970736   -4.743829   -4.970736
   80    0.125841    0.000000    0.000000
   80    0.000000    0.125841    0.000000
   80    0.000000    0.000000    0.125841
    8    8.000000    0.000000    0.226906    0.000000
    1    1.000000    1.540208   -0.735082    0.000000
    1    1.000000   -1.540208   -1.080168    0.000000
  6.28177E-03  6.52095E-03  6.76823E-03  7.02364E-03  7.28719E-03  7.55884E-03
       .            .            .            .            .            .
       .            .            .            .            .            .
       .            .            .            .            .            .
 -6.07174E-03 -5.98007E-03 -5.88758E-03 -5.79444E-03 -5.70078E-03 -5.60676E-03

512000 out of 512000 gridpoints are considered (100.0%).

...done!

                       Measure       RMSE[kcal/mol/e]   MaxError[kcal/mol/e]   NPoints
                         Total        6.918204197E-01        4.702304957E+00    404980
Close (  1.20 < r <   1.66 )          1.087936981E+00        4.702304957E+00    144254
Mid-range ( 1.66 < r <  2.20)         3.388938809E-01        1.146334298E+00    192692
Far-range (  2.20         < r)        1.187373225E-01        3.329439741E-01     68034
Did analysis and wrote slice data
