/home/boittier/esp_check
h2o_1197
/data/boittier/energies/h2o_geom.xyz.dir
Read multipoles for 3 atoms with max. rank 2
Running in generate mode

Reading "/data/boittier/energies/h2o_geom.xyz.dir/h2o_1197.chk.fchk.potential.cube"...

  h2o Potential=SCF
  Electrostatic potential from Total SCF Density
    3   -4.970736   -4.756294   -4.970736
   80    0.125841    0.000000    0.000000
   80    0.000000    0.125841    0.000000
   80    0.000000    0.000000    0.125841
    8    8.000000    0.000000    0.214441    0.000000
    1    1.000000    1.435096   -0.889296    0.000000
    1    1.000000   -1.435096   -0.826235    0.000000
  1.62940E-02  1.64413E-02  1.65606E-02  1.66510E-02  1.67118E-02  1.67423E-02
       .            .            .            .            .            .
       .            .            .            .            .            .
       .            .            .            .            .            .
 -9.08550E-03 -9.08089E-03 -9.07168E-03 -9.05784E-03 -9.03937E-03 -9.01625E-03

338336 out of 512000 gridpoints are considered ( 66.1%).

...done!

 writing cube file quadrupole_expansion.cube                                                                                                                                                                                                                                                                                                                                                                                                                                                                                                                                                                                                                                                                                                                                                                                                                                                                                                                                                                                                                                       
Written cubefile and slice data
Running in analysis mode

Reading "/data/boittier/energies/h2o_geom.xyz.dir/h2o_1197.chk.fchk.potential.cube"...

  h2o Potential=SCF
  Electrostatic potential from Total SCF Density
    3   -4.970736   -4.756294   -4.970736
   80    0.125841    0.000000    0.000000
   80    0.000000    0.125841    0.000000
   80    0.000000    0.000000    0.125841
    8    8.000000    0.000000    0.214441    0.000000
    1    1.000000    1.435096   -0.889296    0.000000
    1    1.000000   -1.435096   -0.826235    0.000000
  5.98096E-03  6.19733E-03  6.42050E-03  6.65046E-03  6.88717E-03  7.13055E-03
       .            .            .            .            .            .
       .            .            .            .            .            .
       .            .            .            .            .            .
 -6.68139E-03 -6.56369E-03 -6.44596E-03 -6.32836E-03 -6.21105E-03 -6.09416E-03

512000 out of 512000 gridpoints are considered (100.0%).

...done!

Reading "/home/boittier/esp_check/quadrupole_expansion.cube"...

  Fitted ESP
  Electrostatic potential fitted from quadrupole expansion.
    3   -4.970736   -4.756294   -4.970736
   80    0.125841    0.000000    0.000000
   80    0.000000    0.125841    0.000000
   80    0.000000    0.000000    0.125841
    8    8.000000    0.000000    0.214441    0.000000
    1    1.000000    1.435096   -0.889296    0.000000
    1    1.000000   -1.435096   -0.826235    0.000000
  5.92298E-03  6.13320E-03  6.34982E-03  6.57281E-03  6.80211E-03  7.03765E-03
       .            .            .            .            .            .
       .            .            .            .            .            .
       .            .            .            .            .            .
 -6.62853E-03 -6.51588E-03 -6.40291E-03 -6.28978E-03 -6.17666E-03 -6.06369E-03

512000 out of 512000 gridpoints are considered (100.0%).

...done!

                       Measure       RMSE[kcal/mol/e]   MaxError[kcal/mol/e]   NPoints
                         Total        6.878324603E-01        4.681346141E+00    407946
Close (  1.20 < r <   1.66 )          1.089156822E+00        4.681346141E+00    142828
Mid-range ( 1.66 < r <  2.20)         3.396285001E-01        1.084085359E+00    195508
Far-range (  2.20         < r)        1.211615127E-01        3.207451900E-01     69610
Did analysis and wrote slice data
