/home/boittier/esp_check
h2o_665
/data/boittier/energies/h2o_geom.xyz.dir
Read multipoles for 3 atoms with max. rank 2
Running in generate mode

Reading "/data/boittier/energies/h2o_geom.xyz.dir/h2o_665.chk.fchk.potential.cube"...

  h2o Potential=SCF
  Electrostatic potential from Total SCF Density
    3   -4.970736   -4.753209   -4.970736
   80    0.125841    0.000000    0.000000
   80    0.000000    0.125841    0.000000
   80    0.000000    0.000000    0.125841
    8    8.000000    0.000000    0.217526    0.000000
    1    1.000000    1.432084   -0.895274    0.000000
    1    1.000000   -1.432084   -0.844938    0.000000
  1.62834E-02  1.64596E-02  1.66087E-02  1.67295E-02  1.68211E-02  1.68826E-02
       .            .            .            .            .            .
       .            .            .            .            .            .
       .            .            .            .            .            .
 -9.15184E-03 -9.14717E-03 -9.13783E-03 -9.12380E-03 -9.10507E-03 -9.08162E-03

338276 out of 512000 gridpoints are considered ( 66.1%).

...done!

 writing cube file quadrupole_expansion.cube                                                                                                                                                                                                                                                                                                                                                                                                                                                                                                                                                                                                                                                                                                                                                                                                                                                                                                                                                                                                                                       
Written cubefile and slice data
Running in analysis mode

Reading "/data/boittier/energies/h2o_geom.xyz.dir/h2o_665.chk.fchk.potential.cube"...

  h2o Potential=SCF
  Electrostatic potential from Total SCF Density
    3   -4.970736   -4.753209   -4.970736
   80    0.125841    0.000000    0.000000
   80    0.000000    0.125841    0.000000
   80    0.000000    0.000000    0.125841
    8    8.000000    0.000000    0.217526    0.000000
    1    1.000000    1.432084   -0.895274    0.000000
    1    1.000000   -1.432084   -0.844938    0.000000
  6.04084E-03  6.25948E-03  6.48502E-03  6.71743E-03  6.95668E-03  7.20269E-03
       .            .            .            .            .            .
       .            .            .            .            .            .
       .            .            .            .            .            .
 -6.71582E-03 -6.59759E-03 -6.47933E-03 -6.36119E-03 -6.24334E-03 -6.12592E-03

512000 out of 512000 gridpoints are considered (100.0%).

...done!

Reading "/home/boittier/esp_check/quadrupole_expansion.cube"...

  Fitted ESP
  Electrostatic potential fitted from quadrupole expansion.
    3   -4.970736   -4.753209   -4.970736
   80    0.125841    0.000000    0.000000
   80    0.000000    0.125841    0.000000
   80    0.000000    0.000000    0.125841
    8    8.000000    0.000000    0.217526    0.000000
    1    1.000000    1.432084   -0.895274    0.000000
    1    1.000000   -1.432084   -0.844938    0.000000
  5.98288E-03  6.19535E-03  6.41430E-03  6.63970E-03  6.87151E-03  7.10963E-03
       .            .            .            .            .            .
       .            .            .            .            .            .
       .            .            .            .            .            .
 -6.66320E-03 -6.55002E-03 -6.43651E-03 -6.32285E-03 -6.20919E-03 -6.09569E-03

512000 out of 512000 gridpoints are considered (100.0%).

...done!

                       Measure       RMSE[kcal/mol/e]   MaxError[kcal/mol/e]   NPoints
                         Total        6.849829991E-01        4.689001756E+00    407788
Close (  1.20 < r <   1.66 )          1.083986083E+00        4.689001756E+00    142966
Mid-range ( 1.66 < r <  2.20)         3.381919292E-01        1.074986471E+00    195310
Far-range (  2.20         < r)        1.204050138E-01        3.199043273E-01     69512
Did analysis and wrote slice data
