/home/boittier/esp_check
h2o_944
/data/boittier/energies/h2o_geom.xyz.dir
Read multipoles for 3 atoms with max. rank 2
Running in generate mode

Reading "/data/boittier/energies/h2o_geom.xyz.dir/h2o_944.chk.fchk.potential.cube"...

  h2o Potential=SCF
  Electrostatic potential from Total SCF Density
    3   -4.970736   -4.747030   -4.970736
   80    0.125841    0.000000    0.000000
   80    0.000000    0.125841    0.000000
   80    0.000000    0.000000    0.125841
    8    8.000000    0.000000    0.223706    0.000000
    1    1.000000    1.407055   -0.923488    0.000000
    1    1.000000   -1.407055   -0.866156    0.000000
  1.64314E-02  1.66080E-02  1.67576E-02  1.68787E-02  1.69706E-02  1.70322E-02
       .            .            .            .            .            .
       .            .            .            .            .            .
       .            .            .            .            .            .
 -9.47795E-03 -9.47281E-03 -9.46254E-03 -9.44712E-03 -9.42657E-03 -9.40086E-03

338377 out of 512000 gridpoints are considered ( 66.1%).

...done!

 writing cube file quadrupole_expansion.cube                                                                                                                                                                                                                                                                                                                                                                                                                                                                                                                                                                                                                                                                                                                                                                                                                                                                                                                                                                                                                                       
Written cubefile and slice data
Running in analysis mode

Reading "/data/boittier/energies/h2o_geom.xyz.dir/h2o_944.chk.fchk.potential.cube"...

  h2o Potential=SCF
  Electrostatic potential from Total SCF Density
    3   -4.970736   -4.747030   -4.970736
   80    0.125841    0.000000    0.000000
   80    0.000000    0.125841    0.000000
   80    0.000000    0.000000    0.125841
    8    8.000000    0.000000    0.223706    0.000000
    1    1.000000    1.407055   -0.923488    0.000000
    1    1.000000   -1.407055   -0.866156    0.000000
  6.15370E-03  6.37489E-03  6.60300E-03  6.83802E-03  7.07990E-03  7.32857E-03
       .            .            .            .            .            .
       .            .            .            .            .            .
       .            .            .            .            .            .
 -6.84749E-03 -6.72606E-03 -6.60463E-03 -6.48338E-03 -6.36245E-03 -6.24201E-03

512000 out of 512000 gridpoints are considered (100.0%).

...done!

Reading "/home/boittier/esp_check/quadrupole_expansion.cube"...

  Fitted ESP
  Electrostatic potential fitted from quadrupole expansion.
    3   -4.970736   -4.747030   -4.970736
   80    0.125841    0.000000    0.000000
   80    0.000000    0.125841    0.000000
   80    0.000000    0.000000    0.125841
    8    8.000000    0.000000    0.223706    0.000000
    1    1.000000    1.407055   -0.923488    0.000000
    1    1.000000   -1.407055   -0.866156    0.000000
  6.09796E-03  6.31304E-03  6.53464E-03  6.76272E-03  6.99723E-03  7.23809E-03
       .            .            .            .            .            .
       .            .            .            .            .            .
       .            .            .            .            .            .
 -6.79786E-03 -6.68137E-03 -6.56461E-03 -6.44773E-03 -6.33090E-03 -6.21429E-03

512000 out of 512000 gridpoints are considered (100.0%).

...done!

                       Measure       RMSE[kcal/mol/e]   MaxError[kcal/mol/e]   NPoints
                         Total        6.761434906E-01        4.698477149E+00    407812
Close (  1.20 < r <   1.66 )          1.069801372E+00        4.698477149E+00    143048
Mid-range ( 1.66 < r <  2.20)         3.337054358E-01        1.056663195E+00    195329
Far-range (  2.20         < r)        1.183684257E-01        3.190885650E-01     69435
Did analysis and wrote slice data
