/home/boittier/esp_check
h2o_757
/data/boittier/energies/h2o_geom.xyz.dir
Read multipoles for 3 atoms with max. rank 2
Running in generate mode

Reading "/data/boittier/energies/h2o_geom.xyz.dir/h2o_757.chk.fchk.potential.cube"...

  h2o Potential=SCF
  Electrostatic potential from Total SCF Density
    3   -4.970736   -4.754888   -4.970736
   80    0.125841    0.000000    0.000000
   80    0.000000    0.125841    0.000000
   80    0.000000    0.000000    0.125841
    8    8.000000    0.000000    0.215847    0.000000
    1    1.000000    1.463065   -0.849401    0.000000
    1    1.000000   -1.463065   -0.877376    0.000000
  1.64585E-02  1.65761E-02  1.66653E-02  1.67251E-02  1.67552E-02  1.67552E-02
       .            .            .            .            .            .
       .            .            .            .            .            .
       .            .            .            .            .            .
 -8.65674E-03 -8.65289E-03 -8.64517E-03 -8.63357E-03 -8.61806E-03 -8.59859E-03

338036 out of 512000 gridpoints are considered ( 66.0%).

...done!

 writing cube file quadrupole_expansion.cube                                                                                                                                                                                                                                                                                                                                                                                                                                                                                                                                                                                                                                                                                                                                                                                                                                                                                                                                                                                                                                       
Written cubefile and slice data
Running in analysis mode

Reading "/data/boittier/energies/h2o_geom.xyz.dir/h2o_757.chk.fchk.potential.cube"...

  h2o Potential=SCF
  Electrostatic potential from Total SCF Density
    3   -4.970736   -4.754888   -4.970736
   80    0.125841    0.000000    0.000000
   80    0.000000    0.125841    0.000000
   80    0.000000    0.000000    0.125841
    8    8.000000    0.000000    0.215847    0.000000
    1    1.000000    1.463065   -0.849401    0.000000
    1    1.000000   -1.463065   -0.877376    0.000000
  6.04001E-03  6.26212E-03  6.49137E-03  6.72779E-03  6.97131E-03  7.22189E-03
       .            .            .            .            .            .
       .            .            .            .            .            .
       .            .            .            .            .            .
 -6.54165E-03 -6.42888E-03 -6.31597E-03 -6.20307E-03 -6.09033E-03 -5.97791E-03

512000 out of 512000 gridpoints are considered (100.0%).

...done!

Reading "/home/boittier/esp_check/quadrupole_expansion.cube"...

  Fitted ESP
  Electrostatic potential fitted from quadrupole expansion.
    3   -4.970736   -4.754888   -4.970736
   80    0.125841    0.000000    0.000000
   80    0.000000    0.125841    0.000000
   80    0.000000    0.000000    0.125841
    8    8.000000    0.000000    0.215847    0.000000
    1    1.000000    1.463065   -0.849401    0.000000
    1    1.000000   -1.463065   -0.877376    0.000000
  5.97749E-03  6.19317E-03  6.41558E-03  6.64471E-03  6.88051E-03  7.12291E-03
       .            .            .            .            .            .
       .            .            .            .            .            .
       .            .            .            .            .            .
 -6.48331E-03 -6.37581E-03 -6.26787E-03 -6.15965E-03 -6.05132E-03 -5.94303E-03

512000 out of 512000 gridpoints are considered (100.0%).

...done!

                       Measure       RMSE[kcal/mol/e]   MaxError[kcal/mol/e]   NPoints
                         Total        6.906795964E-01        4.691198039E+00    407320
Close (  1.20 < r <   1.66 )          1.092242064E+00        4.691198039E+00    143052
Mid-range ( 1.66 < r <  2.20)         3.406849202E-01        1.104291164E+00    194984
Far-range (  2.20         < r)        1.211076033E-01        3.227343950E-01     69284
Did analysis and wrote slice data
