/home/boittier/esp_check
h2o_1309
/data/boittier/energies/h2o_geom.xyz.dir
Read multipoles for 3 atoms with max. rank 2
Running in generate mode

Reading "/data/boittier/energies/h2o_geom.xyz.dir/h2o_1309.chk.fchk.potential.cube"...

  h2o Potential=SCF
  Electrostatic potential from Total SCF Density
    3   -4.970736   -4.756635   -4.970736
   80    0.125841    0.000000    0.000000
   80    0.000000    0.125841    0.000000
   80    0.000000    0.000000    0.125841
    8    8.000000    0.000000    0.214100    0.000000
    1    1.000000    1.357636   -0.998414    0.000000
    1    1.000000   -1.357636   -0.714387    0.000000
  1.60865E-02  1.61441E-02  1.61730E-02  1.61730E-02  1.61441E-02  1.60865E-02
       .            .            .            .            .            .
       .            .            .            .            .            .
       .            .            .            .            .            .
 -1.02133E-02 -1.02068E-02 -1.01938E-02 -1.01744E-02 -1.01485E-02 -1.01162E-02

339037 out of 512000 gridpoints are considered ( 66.2%).

...done!

 writing cube file quadrupole_expansion.cube                                                                                                                                                                                                                                                                                                                                                                                                                                                                                                                                                                                                                                                                                                                                                                                                                                                                                                                                                                                                                                       
Written cubefile and slice data
Running in analysis mode

Reading "/data/boittier/energies/h2o_geom.xyz.dir/h2o_1309.chk.fchk.potential.cube"...

  h2o Potential=SCF
  Electrostatic potential from Total SCF Density
    3   -4.970736   -4.756635   -4.970736
   80    0.125841    0.000000    0.000000
   80    0.000000    0.125841    0.000000
   80    0.000000    0.000000    0.125841
    8    8.000000    0.000000    0.214100    0.000000
    1    1.000000    1.357636   -0.998414    0.000000
    1    1.000000   -1.357636   -0.714387    0.000000
  5.91681E-03  6.12228E-03  6.33382E-03  6.55142E-03  6.77499E-03  7.00443E-03
       .            .            .            .            .            .
       .            .            .            .            .            .
       .            .            .            .            .            .
 -7.06455E-03 -6.93433E-03 -6.80432E-03 -6.67472E-03 -6.54567E-03 -6.41734E-03

512000 out of 512000 gridpoints are considered (100.0%).

...done!

Reading "/home/boittier/esp_check/quadrupole_expansion.cube"...

  Fitted ESP
  Electrostatic potential fitted from quadrupole expansion.
    3   -4.970736   -4.756635   -4.970736
   80    0.125841    0.000000    0.000000
   80    0.000000    0.125841    0.000000
   80    0.000000    0.000000    0.125841
    8    8.000000    0.000000    0.214100    0.000000
    1    1.000000    1.357636   -0.998414    0.000000
    1    1.000000   -1.357636   -0.714387    0.000000
  5.87179E-03  6.07189E-03  6.27770E-03  6.48917E-03  6.70622E-03  6.92876E-03
       .            .            .            .            .            .
       .            .            .            .            .            .
       .            .            .            .            .            .
 -7.02718E-03 -6.90134E-03 -6.77545E-03 -6.64969E-03 -6.52423E-03 -6.39924E-03

512000 out of 512000 gridpoints are considered (100.0%).

...done!

                       Measure       RMSE[kcal/mol/e]   MaxError[kcal/mol/e]   NPoints
                         Total        6.753184577E-01        4.678898854E+00    409287
Close (  1.20 < r <   1.66 )          1.072727850E+00        4.678898854E+00    142238
Mid-range ( 1.66 < r <  2.20)         3.341435383E-01        1.051712145E+00    196799
Far-range (  2.20         < r)        1.195921094E-01        3.322223382E-01     70250
Did analysis and wrote slice data
