/home/boittier/esp_check
h2o_1691
/data/boittier/energies/h2o_geom.xyz.dir
Read multipoles for 3 atoms with max. rank 2
Running in generate mode

Reading "/data/boittier/energies/h2o_geom.xyz.dir/h2o_1691.chk.fchk.potential.cube"...

  h2o Potential=SCF
  Electrostatic potential from Total SCF Density
    3   -4.970736   -4.742923   -4.970736
   80    0.125841    0.000000    0.000000
   80    0.000000    0.125841    0.000000
   80    0.000000    0.000000    0.125841
    8    8.000000    0.000000    0.227813    0.000000
    1    1.000000    1.535190   -0.743795    0.000000
    1    1.000000   -1.535190   -1.078710    0.000000
  1.71791E-02  1.73316E-02  1.74552E-02  1.75489E-02  1.76117E-02  1.76433E-02
       .            .            .            .            .            .
       .            .            .            .            .            .
       .            .            .            .            .            .
 -7.48151E-03 -7.47984E-03 -7.47646E-03 -7.47133E-03 -7.46435E-03 -7.45544E-03

337000 out of 512000 gridpoints are considered ( 65.8%).

...done!

 writing cube file quadrupole_expansion.cube                                                                                                                                                                                                                                                                                                                                                                                                                                                                                                                                                                                                                                                                                                                                                                                                                                                                                                                                                                                                                                       
Written cubefile and slice data
Running in analysis mode

Reading "/data/boittier/energies/h2o_geom.xyz.dir/h2o_1691.chk.fchk.potential.cube"...

  h2o Potential=SCF
  Electrostatic potential from Total SCF Density
    3   -4.970736   -4.742923   -4.970736
   80    0.125841    0.000000    0.000000
   80    0.000000    0.125841    0.000000
   80    0.000000    0.000000    0.125841
    8    8.000000    0.000000    0.227813    0.000000
    1    1.000000    1.535190   -0.743795    0.000000
    1    1.000000   -1.535190   -1.078710    0.000000
  6.36197E-03  6.60799E-03  6.86254E-03  7.12567E-03  7.39738E-03  7.67764E-03
       .            .            .            .            .            .
       .            .            .            .            .            .
       .            .            .            .            .            .
 -6.17968E-03 -6.08117E-03 -5.98218E-03 -5.88284E-03 -5.78331E-03 -5.68371E-03

512000 out of 512000 gridpoints are considered (100.0%).

...done!

Reading "/home/boittier/esp_check/quadrupole_expansion.cube"...

  Fitted ESP
  Electrostatic potential fitted from quadrupole expansion.
    3   -4.970736   -4.742923   -4.970736
   80    0.125841    0.000000    0.000000
   80    0.000000    0.125841    0.000000
   80    0.000000    0.000000    0.125841
    8    8.000000    0.000000    0.227813    0.000000
    1    1.000000    1.535190   -0.743795    0.000000
    1    1.000000   -1.535190   -1.078710    0.000000
  6.28902E-03  6.52791E-03  6.77487E-03  7.02992E-03  7.29308E-03  7.56430E-03
       .            .            .            .            .            .
       .            .            .            .            .            .
       .            .            .            .            .            .
 -6.10829E-03 -6.01552E-03 -5.92196E-03 -5.82776E-03 -5.73308E-03 -5.63805E-03

512000 out of 512000 gridpoints are considered (100.0%).

...done!

                       Measure       RMSE[kcal/mol/e]   MaxError[kcal/mol/e]   NPoints
                         Total        6.906886875E-01        4.704187485E+00    405032
Close (  1.20 < r <   1.66 )          1.086148420E+00        4.704187485E+00    144272
Mid-range ( 1.66 < r <  2.20)         3.383633262E-01        1.142569241E+00    192728
Far-range (  2.20         < r)        1.184896065E-01        3.328749480E-01     68032
Did analysis and wrote slice data
