/home/boittier/esp_check
h2o_1157
/data/boittier/energies/h2o_geom.xyz.dir
Read multipoles for 3 atoms with max. rank 2
Running in generate mode

Reading "/data/boittier/energies/h2o_geom.xyz.dir/h2o_1157.chk.fchk.potential.cube"...

  h2o Potential=SCF
  Electrostatic potential from Total SCF Density
    3   -4.970736   -4.741811   -4.970736
   80    0.125841    0.000000    0.000000
   80    0.000000    0.125841    0.000000
   80    0.000000    0.000000    0.125841
    8    8.000000    0.000000    0.228924    0.000000
    1    1.000000    1.431220   -0.886560    0.000000
    1    1.000000   -1.431220   -0.944835    0.000000
  1.68326E-02  1.69826E-02  1.71041E-02  1.71962E-02  1.72580E-02  1.72891E-02
       .            .            .            .            .            .
       .            .            .            .            .            .
       .            .            .            .            .            .
 -9.09688E-03 -9.09245E-03 -9.08357E-03 -9.07024E-03 -9.05242E-03 -9.03011E-03

338036 out of 512000 gridpoints are considered ( 66.0%).

...done!

 writing cube file quadrupole_expansion.cube                                                                                                                                                                                                                                                                                                                                                                                                                                                                                                                                                                                                                                                                                                                                                                                                                                                                                                                                                                                                                                       
Written cubefile and slice data
Running in analysis mode

Reading "/data/boittier/energies/h2o_geom.xyz.dir/h2o_1157.chk.fchk.potential.cube"...

  h2o Potential=SCF
  Electrostatic potential from Total SCF Density
    3   -4.970736   -4.741811   -4.970736
   80    0.125841    0.000000    0.000000
   80    0.000000    0.125841    0.000000
   80    0.000000    0.000000    0.125841
    8    8.000000    0.000000    0.228924    0.000000
    1    1.000000    1.431220   -0.886560    0.000000
    1    1.000000   -1.431220   -0.944835    0.000000
  6.27356E-03  6.50312E-03  6.74008E-03  6.98442E-03  7.23613E-03  7.49512E-03
       .            .            .            .            .            .
       .            .            .            .            .            .
       .            .            .            .            .            .
 -6.73257E-03 -6.61577E-03 -6.49887E-03 -6.38202E-03 -6.26538E-03 -6.14910E-03

512000 out of 512000 gridpoints are considered (100.0%).

...done!

Reading "/home/boittier/esp_check/quadrupole_expansion.cube"...

  Fitted ESP
  Electrostatic potential fitted from quadrupole expansion.
    3   -4.970736   -4.741811   -4.970736
   80    0.125841    0.000000    0.000000
   80    0.000000    0.125841    0.000000
   80    0.000000    0.000000    0.125841
    8    8.000000    0.000000    0.228924    0.000000
    1    1.000000    1.431220   -0.886560    0.000000
    1    1.000000   -1.431220   -0.944835    0.000000
  6.21357E-03  6.43673E-03  6.66684E-03  6.90391E-03  7.14789E-03  7.39870E-03
       .            .            .            .            .            .
       .            .            .            .            .            .
       .            .            .            .            .            .
 -6.67781E-03 -6.56617E-03 -6.45413E-03 -6.34186E-03 -6.22952E-03 -6.11726E-03

512000 out of 512000 gridpoints are considered (100.0%).

...done!

                       Measure       RMSE[kcal/mol/e]   MaxError[kcal/mol/e]   NPoints
                         Total        6.755623554E-01        4.715608158E+00    406990
Close (  1.20 < r <   1.66 )          1.066789285E+00        4.715608158E+00    143440
Mid-range ( 1.66 < r <  2.20)         3.328203092E-01        1.070907660E+00    194596
Far-range (  2.20         < r)        1.172706535E-01        3.234183803E-01     68954
Did analysis and wrote slice data
