/home/boittier/esp_check
h2o_434
/data/boittier/energies/h2o_geom.xyz.dir
Read multipoles for 3 atoms with max. rank 2
Running in generate mode

Reading "/data/boittier/energies/h2o_geom.xyz.dir/h2o_434.chk.fchk.potential.cube"...

  h2o Potential=SCF
  Electrostatic potential from Total SCF Density
    3   -4.970736   -4.750983   -4.970736
   80    0.125841    0.000000    0.000000
   80    0.000000    0.125841    0.000000
   80    0.000000    0.000000    0.125841
    8    8.000000    0.000000    0.219753    0.000000
    1    1.000000    1.426033   -0.899732    0.000000
    1    1.000000   -1.426033   -0.858290    0.000000
  1.63844E-02  1.65616E-02  1.67117E-02  1.68333E-02  1.69255E-02  1.69874E-02
       .            .            .            .            .            .
       .            .            .            .            .            .
       .            .            .            .            .            .
 -9.21360E-03 -9.20886E-03 -9.19936E-03 -9.18510E-03 -9.16607E-03 -9.14226E-03

338286 out of 512000 gridpoints are considered ( 66.1%).

...done!

 writing cube file quadrupole_expansion.cube                                                                                                                                                                                                                                                                                                                                                                                                                                                                                                                                                                                                                                                                                                                                                                                                                                                                                                                                                                                                                                       
Written cubefile and slice data
Running in analysis mode

Reading "/data/boittier/energies/h2o_geom.xyz.dir/h2o_434.chk.fchk.potential.cube"...

  h2o Potential=SCF
  Electrostatic potential from Total SCF Density
    3   -4.970736   -4.750983   -4.970736
   80    0.125841    0.000000    0.000000
   80    0.000000    0.125841    0.000000
   80    0.000000    0.000000    0.125841
    8    8.000000    0.000000    0.219753    0.000000
    1    1.000000    1.426033   -0.899732    0.000000
    1    1.000000   -1.426033   -0.858290    0.000000
  6.08599E-03  6.30613E-03  6.53320E-03  6.76720E-03  7.00808E-03  7.25577E-03
       .            .            .            .            .            .
       .            .            .            .            .            .
       .            .            .            .            .            .
 -6.74379E-03 -6.62504E-03 -6.50625E-03 -6.38759E-03 -6.26921E-03 -6.15127E-03

512000 out of 512000 gridpoints are considered (100.0%).

...done!

Reading "/home/boittier/esp_check/quadrupole_expansion.cube"...

  Fitted ESP
  Electrostatic potential fitted from quadrupole expansion.
    3   -4.970736   -4.750983   -4.970736
   80    0.125841    0.000000    0.000000
   80    0.000000    0.125841    0.000000
   80    0.000000    0.000000    0.125841
    8    8.000000    0.000000    0.219753    0.000000
    1    1.000000    1.426033   -0.899732    0.000000
    1    1.000000   -1.426033   -0.858290    0.000000
  6.02825E-03  6.24220E-03  6.46268E-03  6.68966E-03  6.92309E-03  7.16288E-03
       .            .            .            .            .            .
       .            .            .            .            .            .
       .            .            .            .            .            .
 -6.69151E-03 -6.57779E-03 -6.46375E-03 -6.34956E-03 -6.23537E-03 -6.12135E-03

512000 out of 512000 gridpoints are considered (100.0%).

...done!

                       Measure       RMSE[kcal/mol/e]   MaxError[kcal/mol/e]   NPoints
                         Total        6.823057271E-01        4.693143319E+00    407742
Close (  1.20 < r <   1.66 )          1.079657274E+00        4.693143319E+00    142984
Mid-range ( 1.66 < r <  2.20)         3.368024987E-01        1.066828848E+00    195302
Far-range (  2.20         < r)        1.197313863E-01        3.198855020E-01     69456
Did analysis and wrote slice data
