/home/boittier/esp_check
h2o_537
/data/boittier/energies/h2o_geom.xyz.dir
Read multipoles for 3 atoms with max. rank 2
Running in generate mode

Reading "/data/boittier/energies/h2o_geom.xyz.dir/h2o_537.chk.fchk.potential.cube"...

  h2o Potential=SCF
  Electrostatic potential from Total SCF Density
    3   -4.970736   -4.750036   -4.970736
   80    0.125841    0.000000    0.000000
   80    0.000000    0.125841    0.000000
   80    0.000000    0.000000    0.125841
    8    8.000000    0.000000    0.220700    0.000000
    1    1.000000    1.466934   -0.839691    0.000000
    1    1.000000   -1.466934   -0.925907    0.000000
  1.65513E-02  1.67293E-02  1.68800E-02  1.70021E-02  1.70947E-02  1.71568E-02
       .            .            .            .            .            .
       .            .            .            .            .            .
       .            .            .            .            .            .
 -8.56930E-03 -8.56566E-03 -8.55836E-03 -8.54739E-03 -8.53270E-03 -8.51424E-03

337882 out of 512000 gridpoints are considered ( 66.0%).

...done!

 writing cube file quadrupole_expansion.cube                                                                                                                                                                                                                                                                                                                                                                                                                                                                                                                                                                                                                                                                                                                                                                                                                                                                                                                                                                                                                                       
Written cubefile and slice data
Running in analysis mode

Reading "/data/boittier/energies/h2o_geom.xyz.dir/h2o_537.chk.fchk.potential.cube"...

  h2o Potential=SCF
  Electrostatic potential from Total SCF Density
    3   -4.970736   -4.750036   -4.970736
   80    0.125841    0.000000    0.000000
   80    0.000000    0.125841    0.000000
   80    0.000000    0.000000    0.125841
    8    8.000000    0.000000    0.220700    0.000000
    1    1.000000    1.466934   -0.839691    0.000000
    1    1.000000   -1.466934   -0.925907    0.000000
  6.14717E-03  6.37478E-03  6.60980E-03  6.85224E-03  7.10208E-03  7.35925E-03
       .            .            .            .            .            .
       .            .            .            .            .            .
       .            .            .            .            .            .
 -6.52736E-03 -6.41593E-03 -6.30430E-03 -6.19265E-03 -6.08112E-03 -5.96984E-03

512000 out of 512000 gridpoints are considered (100.0%).

...done!

Reading "/home/boittier/esp_check/quadrupole_expansion.cube"...

  Fitted ESP
  Electrostatic potential fitted from quadrupole expansion.
    3   -4.970736   -4.750036   -4.970736
   80    0.125841    0.000000    0.000000
   80    0.000000    0.125841    0.000000
   80    0.000000    0.000000    0.125841
    8    8.000000    0.000000    0.220700    0.000000
    1    1.000000    1.466934   -0.839691    0.000000
    1    1.000000   -1.466934   -0.925907    0.000000
  6.08318E-03  6.30422E-03  6.53225E-03  6.76726E-03  7.00921E-03  7.25804E-03
       .            .            .            .            .            .
       .            .            .            .            .            .
       .            .            .            .            .            .
 -6.46730E-03 -6.36122E-03 -6.25464E-03 -6.14775E-03 -6.04069E-03 -5.93361E-03

512000 out of 512000 gridpoints are considered (100.0%).

...done!

                       Measure       RMSE[kcal/mol/e]   MaxError[kcal/mol/e]   NPoints
                         Total        6.874869351E-01        4.705003248E+00    406904
Close (  1.20 < r <   1.66 )          1.085752885E+00        4.705003248E+00    143344
Mid-range ( 1.66 < r <  2.20)         3.388969922E-01        1.098831831E+00    194538
Far-range (  2.20         < r)        1.199495117E-01        3.247675257E-01     69022
Did analysis and wrote slice data
