/home/boittier/esp_check
h2o_1073
/data/boittier/energies/h2o_geom.xyz.dir
Read multipoles for 3 atoms with max. rank 2
Running in generate mode

Reading "/data/boittier/energies/h2o_geom.xyz.dir/h2o_1073.chk.fchk.potential.cube"...

  h2o Potential=SCF
  Electrostatic potential from Total SCF Density
    3   -4.970736   -4.753079   -4.970736
   80    0.125841    0.000000    0.000000
   80    0.000000    0.125841    0.000000
   80    0.000000    0.000000    0.125841
    8    8.000000    0.000000    0.217656    0.000000
    1    1.000000    1.380605   -0.963362    0.000000
    1    1.000000   -1.380605   -0.777889    0.000000
  1.61048E-02  1.62793E-02  1.64270E-02  1.65468E-02  1.66375E-02  1.66984E-02
       .            .            .            .            .            .
       .            .            .            .            .            .
       .            .            .            .            .            .
 -9.87420E-03 -9.86832E-03 -9.85657E-03 -9.83895E-03 -9.81548E-03 -9.78617E-03

338724 out of 512000 gridpoints are considered ( 66.2%).

...done!

 writing cube file quadrupole_expansion.cube                                                                                                                                                                                                                                                                                                                                                                                                                                                                                                                                                                                                                                                                                                                                                                                                                                                                                                                                                                                                                                       
Written cubefile and slice data
Running in analysis mode

Reading "/data/boittier/energies/h2o_geom.xyz.dir/h2o_1073.chk.fchk.potential.cube"...

  h2o Potential=SCF
  Electrostatic potential from Total SCF Density
    3   -4.970736   -4.753079   -4.970736
   80    0.125841    0.000000    0.000000
   80    0.000000    0.125841    0.000000
   80    0.000000    0.000000    0.125841
    8    8.000000    0.000000    0.217656    0.000000
    1    1.000000    1.380605   -0.963362    0.000000
    1    1.000000   -1.380605   -0.777889    0.000000
  6.00989E-03  6.22178E-03  6.44009E-03  6.66480E-03  6.89585E-03  7.13315E-03
       .            .            .            .            .            .
       .            .            .            .            .            .
       .            .            .            .            .            .
 -6.96193E-03 -6.83568E-03 -6.70956E-03 -6.58373E-03 -6.45837E-03 -6.33361E-03

512000 out of 512000 gridpoints are considered (100.0%).

...done!

Reading "/home/boittier/esp_check/quadrupole_expansion.cube"...

  Fitted ESP
  Electrostatic potential fitted from quadrupole expansion.
    3   -4.970736   -4.753079   -4.970736
   80    0.125841    0.000000    0.000000
   80    0.000000    0.125841    0.000000
   80    0.000000    0.000000    0.125841
    8    8.000000    0.000000    0.217656    0.000000
    1    1.000000    1.380605   -0.963362    0.000000
    1    1.000000   -1.380605   -0.777889    0.000000
  5.95973E-03  6.16590E-03  6.37811E-03  6.59631E-03  6.82045E-03  7.05042E-03
       .            .            .            .            .            .
       .            .            .            .            .            .
       .            .            .            .            .            .
 -6.91868E-03 -6.79709E-03 -6.67535E-03 -6.55363E-03 -6.43210E-03 -6.31092E-03

512000 out of 512000 gridpoints are considered (100.0%).

...done!

                       Measure       RMSE[kcal/mol/e]   MaxError[kcal/mol/e]   NPoints
                         Total        6.762923678E-01        4.673941529E+00    408660
Close (  1.20 < r <   1.66 )          1.072476648E+00        4.673941529E+00    142542
Mid-range ( 1.66 < r <  2.20)         3.345664163E-01        1.048693825E+00    196182
Far-range (  2.20         < r)        1.194055492E-01        3.241462913E-01     69936
Did analysis and wrote slice data
