/home/boittier/esp_check
h2o_1064
/data/boittier/energies/h2o_geom.xyz.dir
Read multipoles for 3 atoms with max. rank 2
Running in generate mode

Reading "/data/boittier/energies/h2o_geom.xyz.dir/h2o_1064.chk.fchk.potential.cube"...

  h2o Potential=SCF
  Electrostatic potential from Total SCF Density
    3   -4.970736   -4.744946   -4.970736
   80    0.125841    0.000000    0.000000
   80    0.000000    0.125841    0.000000
   80    0.000000    0.000000    0.125841
    8    8.000000    0.000000    0.225789    0.000000
    1    1.000000    1.484333   -0.813480    0.000000
    1    1.000000   -1.484333   -0.992834    0.000000
  1.68470E-02  1.69964E-02  1.71174E-02  1.72091E-02  1.72707E-02  1.73016E-02
       .            .            .            .            .            .
       .            .            .            .            .            .
       .            .            .            .            .            .
 -8.28653E-03 -8.28343E-03 -8.27722E-03 -8.26786E-03 -8.25531E-03 -8.23950E-03

337616 out of 512000 gridpoints are considered ( 65.9%).

...done!

 writing cube file quadrupole_expansion.cube                                                                                                                                                                                                                                                                                                                                                                                                                                                                                                                                                                                                                                                                                                                                                                                                                                                                                                                                                                                                                                       
Written cubefile and slice data
Running in analysis mode

Reading "/data/boittier/energies/h2o_geom.xyz.dir/h2o_1064.chk.fchk.potential.cube"...

  h2o Potential=SCF
  Electrostatic potential from Total SCF Density
    3   -4.970736   -4.744946   -4.970736
   80    0.125841    0.000000    0.000000
   80    0.000000    0.125841    0.000000
   80    0.000000    0.000000    0.125841
    8    8.000000    0.000000    0.225789    0.000000
    1    1.000000    1.484333   -0.813480    0.000000
    1    1.000000   -1.484333   -0.992834    0.000000
  6.26469E-03  6.49993E-03  6.74301E-03  6.99395E-03  7.25273E-03  7.51929E-03
       .            .            .            .            .            .
       .            .            .            .            .            .
       .            .            .            .            .            .
 -6.44646E-03 -6.33860E-03 -6.23046E-03 -6.12219E-03 -6.01394E-03 -5.90586E-03

512000 out of 512000 gridpoints are considered (100.0%).

...done!

Reading "/home/boittier/esp_check/quadrupole_expansion.cube"...

  Fitted ESP
  Electrostatic potential fitted from quadrupole expansion.
    3   -4.970736   -4.744946   -4.970736
   80    0.125841    0.000000    0.000000
   80    0.000000    0.125841    0.000000
   80    0.000000    0.000000    0.125841
    8    8.000000    0.000000    0.225789    0.000000
    1    1.000000    1.484333   -0.813480    0.000000
    1    1.000000   -1.484333   -0.992834    0.000000
  6.19786E-03  6.42634E-03  6.66221E-03  6.90547E-03  7.15612E-03  7.41408E-03
       .            .            .            .            .            .
       .            .            .            .            .            .
       .            .            .            .            .            .
 -6.38295E-03 -6.28057E-03 -6.17761E-03 -6.07422E-03 -5.97058E-03 -5.86681E-03

512000 out of 512000 gridpoints are considered (100.0%).

...done!

                       Measure       RMSE[kcal/mol/e]   MaxError[kcal/mol/e]   NPoints
                         Total        6.858283860E-01        4.715168901E+00    406206
Close (  1.20 < r <   1.66 )          1.081276904E+00        4.715168901E+00    143724
Mid-range ( 1.66 < r <  2.20)         3.373151306E-01        1.101028114E+00    193892
Far-range (  2.20         < r)        1.186532516E-01        3.278423221E-01     68590
Did analysis and wrote slice data
