/home/boittier/esp_check
h2o_1239
/data/boittier/energies/h2o_geom.xyz.dir
Read multipoles for 3 atoms with max. rank 2
Running in generate mode

Reading "/data/boittier/energies/h2o_geom.xyz.dir/h2o_1239.chk.fchk.potential.cube"...

  h2o Potential=SCF
  Electrostatic potential from Total SCF Density
    3   -4.970736   -4.731728   -4.970736
   80    0.125841    0.000000    0.000000
   80    0.000000    0.125841    0.000000
   80    0.000000    0.000000    0.125841
    8    8.000000    0.000000    0.239007    0.000000
    1    1.000000    1.414859   -0.917713    0.000000
    1    1.000000   -1.414859   -0.994346    0.000000
  1.71944E-02  1.72243E-02  1.72243E-02  1.71944E-02  1.68274E-02  1.70356E-02
       .            .            .            .            .            .
       .            .            .            .            .            .
       .            .            .            .            .            .
 -9.40814E-03 -9.40331E-03 -9.39366E-03 -9.37917E-03 -9.35982E-03 -9.33562E-03

337924 out of 512000 gridpoints are considered ( 66.0%).

...done!

 writing cube file quadrupole_expansion.cube                                                                                                                                                                                                                                                                                                                                                                                                                                                                                                                                                                                                                                                                                                                                                                                                                                                                                                                                                                                                                                       
Written cubefile and slice data
Running in analysis mode

Reading "/data/boittier/energies/h2o_geom.xyz.dir/h2o_1239.chk.fchk.potential.cube"...

  h2o Potential=SCF
  Electrostatic potential from Total SCF Density
    3   -4.970736   -4.731728   -4.970736
   80    0.125841    0.000000    0.000000
   80    0.000000    0.125841    0.000000
   80    0.000000    0.000000    0.125841
    8    8.000000    0.000000    0.239007    0.000000
    1    1.000000    1.414859   -0.917713    0.000000
    1    1.000000   -1.414859   -0.994346    0.000000
  6.43233E-03  6.66736E-03  6.90997E-03  7.16016E-03  7.41792E-03  7.68316E-03
       .            .            .            .            .            .
       .            .            .            .            .            .
       .            .            .            .            .            .
 -6.87206E-03 -6.75248E-03 -6.63281E-03 -6.51322E-03 -6.39386E-03 -6.27489E-03

512000 out of 512000 gridpoints are considered (100.0%).

...done!

Reading "/home/boittier/esp_check/quadrupole_expansion.cube"...

  Fitted ESP
  Electrostatic potential fitted from quadrupole expansion.
    3   -4.970736   -4.731728   -4.970736
   80    0.125841    0.000000    0.000000
   80    0.000000    0.125841    0.000000
   80    0.000000    0.000000    0.125841
    8    8.000000    0.000000    0.239007    0.000000
    1    1.000000    1.414859   -0.917713    0.000000
    1    1.000000   -1.414859   -0.994346    0.000000
  6.37457E-03  6.60322E-03  6.83901E-03  7.08195E-03  7.33199E-03  7.58906E-03
       .            .            .            .            .            .
       .            .            .            .            .            .
       .            .            .            .            .            .
 -6.82071E-03 -6.70616E-03 -6.59122E-03 -6.47608E-03 -6.36090E-03 -6.24584E-03

512000 out of 512000 gridpoints are considered (100.0%).

...done!

                       Measure       RMSE[kcal/mol/e]   MaxError[kcal/mol/e]   NPoints
                         Total        6.637170008E-01        4.729601619E+00    406538
Close (  1.20 < r <   1.66 )          1.046704028E+00        4.729601619E+00    143804
Mid-range ( 1.66 < r <  2.20)         3.261261607E-01        1.058733976E+00    194120
Far-range (  2.20         < r)        1.140077993E-01        3.241713917E-01     68614
Did analysis and wrote slice data
