/home/boittier/esp_check
h2o_1546
/data/boittier/energies/h2o_geom.xyz.dir
Read multipoles for 3 atoms with max. rank 2
Running in generate mode

Reading "/data/boittier/energies/h2o_geom.xyz.dir/h2o_1546.chk.fchk.potential.cube"...

  h2o Potential=SCF
  Electrostatic potential from Total SCF Density
    3   -4.970736   -4.746105   -4.970736
   80    0.125841    0.000000    0.000000
   80    0.000000    0.125841    0.000000
   80    0.000000    0.000000    0.125841
    8    8.000000    0.000000    0.224631    0.000000
    1    1.000000    1.440055   -0.886864    0.000000
    1    1.000000   -1.440055   -0.910185    0.000000
  1.67297E-02  1.68489E-02  1.69392E-02  1.69999E-02  1.70303E-02  1.70303E-02
       .            .            .            .            .            .
       .            .            .            .            .            .
       .            .            .            .            .            .
 -9.06530E-03 -9.06087E-03 -9.05202E-03 -9.03872E-03 -9.02095E-03 -8.99869E-03

338072 out of 512000 gridpoints are considered ( 66.0%).

...done!

 writing cube file quadrupole_expansion.cube                                                                                                                                                                                                                                                                                                                                                                                                                                                                                                                                                                                                                                                                                                                                                                                                                                                                                                                                                                                                                                       
Written cubefile and slice data
Running in analysis mode

Reading "/data/boittier/energies/h2o_geom.xyz.dir/h2o_1546.chk.fchk.potential.cube"...

  h2o Potential=SCF
  Electrostatic potential from Total SCF Density
    3   -4.970736   -4.746105   -4.970736
   80    0.125841    0.000000    0.000000
   80    0.000000    0.125841    0.000000
   80    0.000000    0.000000    0.125841
    8    8.000000    0.000000    0.224631    0.000000
    1    1.000000    1.440055   -0.886864    0.000000
    1    1.000000   -1.440055   -0.910185    0.000000
  6.18689E-03  6.41297E-03  6.64631E-03  6.88688E-03  7.13467E-03  7.38959E-03
       .            .            .            .            .            .
       .            .            .            .            .            .
       .            .            .            .            .            .
 -6.71160E-03 -6.59484E-03 -6.47798E-03 -6.36119E-03 -6.24463E-03 -6.12843E-03

512000 out of 512000 gridpoints are considered (100.0%).

...done!

Reading "/home/boittier/esp_check/quadrupole_expansion.cube"...

  Fitted ESP
  Electrostatic potential fitted from quadrupole expansion.
    3   -4.970736   -4.746105   -4.970736
   80    0.125841    0.000000    0.000000
   80    0.000000    0.125841    0.000000
   80    0.000000    0.000000    0.125841
    8    8.000000    0.000000    0.224631    0.000000
    1    1.000000    1.440055   -0.886864    0.000000
    1    1.000000   -1.440055   -0.910185    0.000000
  6.12695E-03  6.34667E-03  6.57321E-03  6.80657E-03  7.04669E-03  7.29349E-03
       .            .            .            .            .            .
       .            .            .            .            .            .
       .            .            .            .            .            .
 -6.65693E-03 -6.54532E-03 -6.43331E-03 -6.32109E-03 -6.20881E-03 -6.09662E-03

512000 out of 512000 gridpoints are considered (100.0%).

...done!

                       Measure       RMSE[kcal/mol/e]   MaxError[kcal/mol/e]   NPoints
                         Total        6.805050636E-01        4.707450535E+00    407143
Close (  1.20 < r <   1.66 )          1.074975561E+00        4.707450535E+00    143355
Mid-range ( 1.66 < r <  2.20)         3.354841468E-01        1.075049222E+00    194717
Far-range (  2.20         < r)        1.185221945E-01        3.229540233E-01     69071
Did analysis and wrote slice data
