/home/boittier/esp_check
h2o_1706
/data/boittier/energies/h2o_geom.xyz.dir
Read multipoles for 3 atoms with max. rank 2
Running in generate mode

Reading "/data/boittier/energies/h2o_geom.xyz.dir/h2o_1706.chk.fchk.potential.cube"...

  h2o Potential=SCF
  Electrostatic potential from Total SCF Density
    3   -4.970736   -4.746397   -4.970736
   80    0.125841    0.000000    0.000000
   80    0.000000    0.125841    0.000000
   80    0.000000    0.000000    0.125841
    8    8.000000    0.000000    0.224338    0.000000
    1    1.000000    1.465979   -0.855424    0.000000
    1    1.000000   -1.465979   -0.939284    0.000000
  1.66871E-02  1.68669E-02  1.70190E-02  1.71424E-02  1.72358E-02  1.72986E-02
       .            .            .            .            .            .
       .            .            .            .            .            .
       .            .            .            .            .            .
 -8.70991E-03 -8.70609E-03 -8.69843E-03 -8.68692E-03 -8.67152E-03 -8.65218E-03

337802 out of 512000 gridpoints are considered ( 66.0%).

...done!

 writing cube file quadrupole_expansion.cube                                                                                                                                                                                                                                                                                                                                                                                                                                                                                                                                                                                                                                                                                                                                                                                                                                                                                                                                                                                                                                       
Written cubefile and slice data
Running in analysis mode

Reading "/data/boittier/energies/h2o_geom.xyz.dir/h2o_1706.chk.fchk.potential.cube"...

  h2o Potential=SCF
  Electrostatic potential from Total SCF Density
    3   -4.970736   -4.746397   -4.970736
   80    0.125841    0.000000    0.000000
   80    0.000000    0.125841    0.000000
   80    0.000000    0.000000    0.125841
    8    8.000000    0.000000    0.224338    0.000000
    1    1.000000    1.465979   -0.855424    0.000000
    1    1.000000   -1.465979   -0.939284    0.000000
  6.19977E-03  6.42924E-03  6.66620E-03  6.91066E-03  7.16259E-03  7.42191E-03
       .            .            .            .            .            .
       .            .            .            .            .            .
       .            .            .            .            .            .
 -6.59068E-03 -6.47789E-03 -6.36493E-03 -6.25195E-03 -6.13910E-03 -6.02654E-03

512000 out of 512000 gridpoints are considered (100.0%).

...done!

Reading "/home/boittier/esp_check/quadrupole_expansion.cube"...

  Fitted ESP
  Electrostatic potential fitted from quadrupole expansion.
    3   -4.970736   -4.746397   -4.970736
   80    0.125841    0.000000    0.000000
   80    0.000000    0.125841    0.000000
   80    0.000000    0.000000    0.125841
    8    8.000000    0.000000    0.224338    0.000000
    1    1.000000    1.465979   -0.855424    0.000000
    1    1.000000   -1.465979   -0.939284    0.000000
  6.13658E-03  6.35950E-03  6.58948E-03  6.82651E-03  7.07055E-03  7.32153E-03
       .            .            .            .            .            .
       .            .            .            .            .            .
       .            .            .            .            .            .
 -6.53200E-03 -6.42450E-03 -6.31654E-03 -6.20827E-03 -6.09985E-03 -5.99144E-03

512000 out of 512000 gridpoints are considered (100.0%).

...done!

                       Measure       RMSE[kcal/mol/e]   MaxError[kcal/mol/e]   NPoints
                         Total        6.845007131E-01        4.712721614E+00    406674
Close (  1.20 < r <   1.66 )          1.080334965E+00        4.712721614E+00    143496
Mid-range ( 1.66 < r <  2.20)         3.371749333E-01        1.091238967E+00    194306
Far-range (  2.20         < r)        1.190372859E-01        3.257401654E-01     68872
Did analysis and wrote slice data
