/home/boittier/esp_check
h2o_258
/data/boittier/energies/h2o_geom.xyz.dir
Read multipoles for 3 atoms with max. rank 2
Running in generate mode

Reading "/data/boittier/energies/h2o_geom.xyz.dir/h2o_258.chk.fchk.potential.cube"...

  h2o Potential=SCF
  Electrostatic potential from Total SCF Density
    3   -4.970736   -4.753188   -4.970736
   80    0.125841    0.000000    0.000000
   80    0.000000    0.125841    0.000000
   80    0.000000    0.000000    0.125841
    8    8.000000    0.000000    0.217547    0.000000
    1    1.000000    1.451801   -0.864097    0.000000
    1    1.000000   -1.451801   -0.876282    0.000000
  1.65533E-02  1.66419E-02  1.67014E-02  1.67313E-02  1.67313E-02  1.67014E-02
       .            .            .            .            .            .
       .            .            .            .            .            .
       .            .            .            .            .            .
 -8.82402E-03 -8.81990E-03 -8.81166E-03 -8.79928E-03 -8.78272E-03 -8.76197E-03

338132 out of 512000 gridpoints are considered ( 66.0%).

...done!

 writing cube file quadrupole_expansion.cube                                                                                                                                                                                                                                                                                                                                                                                                                                                                                                                                                                                                                                                                                                                                                                                                                                                                                                                                                                                                                                       
Written cubefile and slice data
Running in analysis mode

Reading "/data/boittier/energies/h2o_geom.xyz.dir/h2o_258.chk.fchk.potential.cube"...

  h2o Potential=SCF
  Electrostatic potential from Total SCF Density
    3   -4.970736   -4.753188   -4.970736
   80    0.125841    0.000000    0.000000
   80    0.000000    0.125841    0.000000
   80    0.000000    0.000000    0.125841
    8    8.000000    0.000000    0.217547    0.000000
    1    1.000000    1.451801   -0.864097    0.000000
    1    1.000000   -1.451801   -0.876282    0.000000
  6.06440E-03  6.28639E-03  6.51549E-03  6.75170E-03  6.99498E-03  7.24526E-03
       .            .            .            .            .            .
       .            .            .            .            .            .
       .            .            .            .            .            .
 -6.60380E-03 -6.48927E-03 -6.37462E-03 -6.26001E-03 -6.14561E-03 -6.03156E-03

512000 out of 512000 gridpoints are considered (100.0%).

...done!

Reading "/home/boittier/esp_check/quadrupole_expansion.cube"...

  Fitted ESP
  Electrostatic potential fitted from quadrupole expansion.
    3   -4.970736   -4.753188   -4.970736
   80    0.125841    0.000000    0.000000
   80    0.000000    0.125841    0.000000
   80    0.000000    0.000000    0.125841
    8    8.000000    0.000000    0.217547    0.000000
    1    1.000000    1.451801   -0.864097    0.000000
    1    1.000000   -1.451801   -0.876282    0.000000
  6.00320E-03  6.21882E-03  6.44114E-03  6.67013E-03  6.90575E-03  7.14792E-03
       .            .            .            .            .            .
       .            .            .            .            .            .
       .            .            .            .            .            .
 -6.54714E-03 -6.43781E-03 -6.32808E-03 -6.21810E-03 -6.10805E-03 -5.99806E-03

512000 out of 512000 gridpoints are considered (100.0%).

...done!

                       Measure       RMSE[kcal/mol/e]   MaxError[kcal/mol/e]   NPoints
                         Total        6.880228447E-01        4.692390307E+00    407438
Close (  1.20 < r <   1.66 )          1.088186444E+00        4.692390307E+00    143048
Mid-range ( 1.66 < r <  2.20)         3.394079705E-01        1.090736959E+00    195084
Far-range (  2.20         < r)        1.205782004E-01        3.220064840E-01     69306
Did analysis and wrote slice data
