/home/boittier/esp_check
h2o_1316
/data/boittier/energies/h2o_geom.xyz.dir
Read multipoles for 3 atoms with max. rank 2
Running in generate mode

Reading "/data/boittier/energies/h2o_geom.xyz.dir/h2o_1316.chk.fchk.potential.cube"...

  h2o Potential=SCF
  Electrostatic potential from Total SCF Density
    3   -4.970736   -4.737445   -4.970736
   80    0.125841    0.000000    0.000000
   80    0.000000    0.125841    0.000000
   80    0.000000    0.000000    0.125841
    8    8.000000    0.000000    0.233290    0.000000
    1    1.000000    1.361137   -0.992293    0.000000
    1    1.000000   -1.361137   -0.874028    0.000000
  1.66677E-02  1.68150E-02  1.69344E-02  1.70248E-02  1.70855E-02  1.71160E-02
       .            .            .            .            .            .
       .            .            .            .            .            .
       .            .            .            .            .            .
 -1.01837E-02 -1.01776E-02 -1.01653E-02 -1.01468E-02 -1.01223E-02 -1.00916E-02

338478 out of 512000 gridpoints are considered ( 66.1%).

...done!

 writing cube file quadrupole_expansion.cube                                                                                                                                                                                                                                                                                                                                                                                                                                                                                                                                                                                                                                                                                                                                                                                                                                                                                                                                                                                                                                       
Written cubefile and slice data
Running in analysis mode

Reading "/data/boittier/energies/h2o_geom.xyz.dir/h2o_1316.chk.fchk.potential.cube"...

  h2o Potential=SCF
  Electrostatic potential from Total SCF Density
    3   -4.970736   -4.737445   -4.970736
   80    0.125841    0.000000    0.000000
   80    0.000000    0.125841    0.000000
   80    0.000000    0.000000    0.125841
    8    8.000000    0.000000    0.233290    0.000000
    1    1.000000    1.361137   -0.992293    0.000000
    1    1.000000   -1.361137   -0.874028    0.000000
  6.31003E-03  6.53312E-03  6.76305E-03  6.99979E-03  7.24330E-03  7.49348E-03
       .            .            .            .            .            .
       .            .            .            .            .            .
       .            .            .            .            .            .
 -7.12652E-03 -6.99793E-03 -6.86944E-03 -6.74122E-03 -6.61346E-03 -6.48630E-03

512000 out of 512000 gridpoints are considered (100.0%).

...done!

Reading "/home/boittier/esp_check/quadrupole_expansion.cube"...

  Fitted ESP
  Electrostatic potential fitted from quadrupole expansion.
    3   -4.970736   -4.737445   -4.970736
   80    0.125841    0.000000    0.000000
   80    0.000000    0.125841    0.000000
   80    0.000000    0.000000    0.125841
    8    8.000000    0.000000    0.233290    0.000000
    1    1.000000    1.361137   -0.992293    0.000000
    1    1.000000   -1.361137   -0.874028    0.000000
  6.25994E-03  6.47716E-03  6.70081E-03  6.93087E-03  7.16727E-03  7.40991E-03
       .            .            .            .            .            .
       .            .            .            .            .            .
       .            .            .            .            .            .
 -7.08470E-03 -6.96076E-03 -6.83664E-03 -6.71253E-03 -6.58859E-03 -6.46499E-03

512000 out of 512000 gridpoints are considered (100.0%).

...done!

                       Measure       RMSE[kcal/mol/e]   MaxError[kcal/mol/e]   NPoints
                         Total        6.594536580E-01        4.706258267E+00    407864
Close (  1.20 < r <   1.66 )          1.043868865E+00        4.706258267E+00    142926
Mid-range ( 1.66 < r <  2.20)         3.254856263E-01        1.025475974E+00    195552
Far-range (  2.20         < r)        1.147425636E-01        3.160137686E-01     69386
Did analysis and wrote slice data
