/home/boittier/esp_check
h2o_1105
/data/boittier/energies/h2o_geom.xyz.dir
Read multipoles for 3 atoms with max. rank 2
Running in generate mode

Reading "/data/boittier/energies/h2o_geom.xyz.dir/h2o_1105.chk.fchk.potential.cube"...

  h2o Potential=SCF
  Electrostatic potential from Total SCF Density
    3   -4.970736   -4.742608   -4.970736
   80    0.125841    0.000000    0.000000
   80    0.000000    0.125841    0.000000
   80    0.000000    0.000000    0.125841
    8    8.000000    0.000000    0.228127    0.000000
    1    1.000000    1.440890   -0.872040    0.000000
    1    1.000000   -1.440890   -0.952978    0.000000
  1.67303E-02  1.69093E-02  1.70608E-02  1.71837E-02  1.72767E-02  1.73392E-02
       .            .            .            .            .            .
       .            .            .            .            .            .
       .            .            .            .            .            .
 -8.94180E-03 -8.93761E-03 -8.92923E-03 -8.91664E-03 -8.89981E-03 -8.87871E-03

337942 out of 512000 gridpoints are considered ( 66.0%).

...done!

 writing cube file quadrupole_expansion.cube                                                                                                                                                                                                                                                                                                                                                                                                                                                                                                                                                                                                                                                                                                                                                                                                                                                                                                                                                                                                                                       
Written cubefile and slice data
Running in analysis mode

Reading "/data/boittier/energies/h2o_geom.xyz.dir/h2o_1105.chk.fchk.potential.cube"...

  h2o Potential=SCF
  Electrostatic potential from Total SCF Density
    3   -4.970736   -4.742608   -4.970736
   80    0.125841    0.000000    0.000000
   80    0.000000    0.125841    0.000000
   80    0.000000    0.000000    0.125841
    8    8.000000    0.000000    0.228127    0.000000
    1    1.000000    1.440890   -0.872040    0.000000
    1    1.000000   -1.440890   -0.952978    0.000000
  6.26764E-03  6.49807E-03  6.73597E-03  6.98133E-03  7.23413E-03  7.49430E-03
       .            .            .            .            .            .
       .            .            .            .            .            .
       .            .            .            .            .            .
 -6.67652E-03 -6.56141E-03 -6.44617E-03 -6.33094E-03 -6.21590E-03 -6.10117E-03

512000 out of 512000 gridpoints are considered (100.0%).

...done!

Reading "/home/boittier/esp_check/quadrupole_expansion.cube"...

  Fitted ESP
  Electrostatic potential fitted from quadrupole expansion.
    3   -4.970736   -4.742608   -4.970736
   80    0.125841    0.000000    0.000000
   80    0.000000    0.125841    0.000000
   80    0.000000    0.000000    0.125841
    8    8.000000    0.000000    0.228127    0.000000
    1    1.000000    1.440890   -0.872040    0.000000
    1    1.000000   -1.440890   -0.952978    0.000000
  6.20632E-03  6.43028E-03  6.66126E-03  6.89927E-03  7.14427E-03  7.39618E-03
       .            .            .            .            .            .
       .            .            .            .            .            .
       .            .            .            .            .            .
 -6.62003E-03 -6.51015E-03 -6.39983E-03 -6.28924E-03 -6.17855E-03 -6.06791E-03

512000 out of 512000 gridpoints are considered (100.0%).

...done!

                       Measure       RMSE[kcal/mol/e]   MaxError[kcal/mol/e]   NPoints
                         Total        6.778593558E-01        4.716110165E+00    406874
Close (  1.20 < r <   1.66 )          1.070141490E+00        4.716110165E+00    143496
Mid-range ( 1.66 < r <  2.20)         3.338264460E-01        1.076869000E+00    194446
Far-range (  2.20         < r)        1.176902309E-01        3.242592430E-01     68932
Did analysis and wrote slice data
