/home/boittier/esp_check
h2o_574
/data/boittier/energies/h2o_geom.xyz.dir
Read multipoles for 3 atoms with max. rank 2
Running in generate mode

Reading "/data/boittier/energies/h2o_geom.xyz.dir/h2o_574.chk.fchk.potential.cube"...

  h2o Potential=SCF
  Electrostatic potential from Total SCF Density
    3   -4.970736   -4.746767   -4.970736
   80    0.125841    0.000000    0.000000
   80    0.000000    0.125841    0.000000
   80    0.000000    0.000000    0.125841
    8    8.000000    0.000000    0.223969    0.000000
    1    1.000000    1.461029   -0.845652    0.000000
    1    1.000000   -1.461029   -0.946098    0.000000
  1.67066E-02  1.68866E-02  1.70390E-02  1.71625E-02  1.72561E-02  1.73189E-02
       .            .            .            .            .            .
       .            .            .            .            .            .
       .            .            .            .            .            .
 -8.64511E-03 -8.64138E-03 -8.63390E-03 -8.62266E-03 -8.60761E-03 -8.58871E-03

337868 out of 512000 gridpoints are considered ( 66.0%).

...done!

 writing cube file quadrupole_expansion.cube                                                                                                                                                                                                                                                                                                                                                                                                                                                                                                                                                                                                                                                                                                                                                                                                                                                                                                                                                                                                                                       
Written cubefile and slice data
Running in analysis mode

Reading "/data/boittier/energies/h2o_geom.xyz.dir/h2o_574.chk.fchk.potential.cube"...

  h2o Potential=SCF
  Electrostatic potential from Total SCF Density
    3   -4.970736   -4.746767   -4.970736
   80    0.125841    0.000000    0.000000
   80    0.000000    0.125841    0.000000
   80    0.000000    0.000000    0.125841
    8    8.000000    0.000000    0.223969    0.000000
    1    1.000000    1.461029   -0.845652    0.000000
    1    1.000000   -1.461029   -0.946098    0.000000
  6.20668E-03  6.43647E-03  6.67377E-03  6.91857E-03  7.17086E-03  7.43056E-03
       .            .            .            .            .            .
       .            .            .            .            .            .
       .            .            .            .            .            .
 -6.56282E-03 -6.45077E-03 -6.33852E-03 -6.22625E-03 -6.11410E-03 -6.00222E-03

512000 out of 512000 gridpoints are considered (100.0%).

...done!

Reading "/home/boittier/esp_check/quadrupole_expansion.cube"...

  Fitted ESP
  Electrostatic potential fitted from quadrupole expansion.
    3   -4.970736   -4.746767   -4.970736
   80    0.125841    0.000000    0.000000
   80    0.000000    0.125841    0.000000
   80    0.000000    0.000000    0.125841
    8    8.000000    0.000000    0.223969    0.000000
    1    1.000000    1.461029   -0.845652    0.000000
    1    1.000000   -1.461029   -0.946098    0.000000
  6.14304E-03  6.36627E-03  6.59656E-03  6.83391E-03  7.07829E-03  7.32964E-03
       .            .            .            .            .            .
       .            .            .            .            .            .
       .            .            .            .            .            .
 -6.50329E-03 -6.39656E-03 -6.28935E-03 -6.18183E-03 -6.07414E-03 -5.96644E-03

512000 out of 512000 gridpoints are considered (100.0%).

...done!

                       Measure       RMSE[kcal/mol/e]   MaxError[kcal/mol/e]   NPoints
                         Total        6.842716051E-01        4.711090089E+00    406804
Close (  1.20 < r <   1.66 )          1.080362204E+00        4.711090089E+00    143430
Mid-range ( 1.66 < r <  2.20)         3.370661108E-01        1.087975917E+00    194438
Far-range (  2.20         < r)        1.190542980E-01        3.251126559E-01     68936
Did analysis and wrote slice data
