/home/boittier/esp_check
h2o_239
/data/boittier/energies/h2o_geom.xyz.dir
Read multipoles for 3 atoms with max. rank 2
Running in generate mode

Reading "/data/boittier/energies/h2o_geom.xyz.dir/h2o_239.chk.fchk.potential.cube"...

  h2o Potential=SCF
  Electrostatic potential from Total SCF Density
    3   -4.970736   -4.753794   -4.970736
   80    0.125841    0.000000    0.000000
   80    0.000000    0.125841    0.000000
   80    0.000000    0.000000    0.125841
    8    8.000000    0.000000    0.216941    0.000000
    1    1.000000    1.420408   -0.906963    0.000000
    1    1.000000   -1.420408   -0.828567    0.000000
  1.63002E-02  1.64467E-02  1.65654E-02  1.66554E-02  1.67158E-02  1.67461E-02
       .            .            .            .            .            .
       .            .            .            .            .            .
       .            .            .            .            .            .
 -9.28684E-03 -9.28193E-03 -9.27211E-03 -9.25736E-03 -9.23769E-03 -9.21308E-03

338406 out of 512000 gridpoints are considered ( 66.1%).

...done!

 writing cube file quadrupole_expansion.cube                                                                                                                                                                                                                                                                                                                                                                                                                                                                                                                                                                                                                                                                                                                                                                                                                                                                                                                                                                                                                                       
Written cubefile and slice data
Running in analysis mode

Reading "/data/boittier/energies/h2o_geom.xyz.dir/h2o_239.chk.fchk.potential.cube"...

  h2o Potential=SCF
  Electrostatic potential from Total SCF Density
    3   -4.970736   -4.753794   -4.970736
   80    0.125841    0.000000    0.000000
   80    0.000000    0.125841    0.000000
   80    0.000000    0.000000    0.125841
    8    8.000000    0.000000    0.216941    0.000000
    1    1.000000    1.420408   -0.906963    0.000000
    1    1.000000   -1.420408   -0.828567    0.000000
  6.02412E-03  6.24089E-03  6.46444E-03  6.69475E-03  6.93177E-03  7.17542E-03
       .            .            .            .            .            .
       .            .            .            .            .            .
       .            .            .            .            .            .
 -6.75830E-03 -6.63853E-03 -6.51876E-03 -6.39915E-03 -6.27986E-03 -6.16104E-03

512000 out of 512000 gridpoints are considered (100.0%).

...done!

Reading "/home/boittier/esp_check/quadrupole_expansion.cube"...

  Fitted ESP
  Electrostatic potential fitted from quadrupole expansion.
    3   -4.970736   -4.753794   -4.970736
   80    0.125841    0.000000    0.000000
   80    0.000000    0.125841    0.000000
   80    0.000000    0.000000    0.125841
    8    8.000000    0.000000    0.216941    0.000000
    1    1.000000    1.420408   -0.906963    0.000000
    1    1.000000   -1.420408   -0.828567    0.000000
  5.96769E-03  6.17839E-03  6.39545E-03  6.61886E-03  6.84855E-03  7.08443E-03
       .            .            .            .            .            .
       .            .            .            .            .            .
       .            .            .            .            .            .
 -6.70743E-03 -6.59264E-03 -6.47755E-03 -6.36235E-03 -6.24719E-03 -6.13223E-03

512000 out of 512000 gridpoints are considered (100.0%).

...done!

                       Measure       RMSE[kcal/mol/e]   MaxError[kcal/mol/e]   NPoints
                         Total        6.835078576E-01        4.684546439E+00    408014
Close (  1.20 < r <   1.66 )          1.082388563E+00        4.684546439E+00    142806
Mid-range ( 1.66 < r <  2.20)         3.376783871E-01        1.066201339E+00    195600
Far-range (  2.20         < r)        1.202818003E-01        3.192077918E-01     69608
Did analysis and wrote slice data
