/home/boittier/esp_check
h2o_1439
/data/boittier/energies/h2o_geom.xyz.dir
Read multipoles for 3 atoms with max. rank 2
Running in generate mode

Reading "/data/boittier/energies/h2o_geom.xyz.dir/h2o_1439.chk.fchk.potential.cube"...

  h2o Potential=SCF
  Electrostatic potential from Total SCF Density
    3   -4.970736   -4.760367   -4.970736
   80    0.125841    0.000000    0.000000
   80    0.000000    0.125841    0.000000
   80    0.000000    0.000000    0.125841
    8    8.000000    0.000000    0.210368    0.000000
    1    1.000000    1.471491   -0.847838    0.000000
    1    1.000000   -1.471491   -0.835110    0.000000
  1.63648E-02  1.63941E-02  1.63941E-02  1.63648E-02  1.60435E-02  1.62478E-02
       .            .            .            .            .            .
       .            .            .            .            .            .
       .            .            .            .            .            .
 -8.59896E-03 -8.59514E-03 -8.58749E-03 -8.57598E-03 -8.56059E-03 -8.54127E-03

338078 out of 512000 gridpoints are considered ( 66.0%).

...done!

 writing cube file quadrupole_expansion.cube                                                                                                                                                                                                                                                                                                                                                                                                                                                                                                                                                                                                                                                                                                                                                                                                                                                                                                                                                                                                                                       
Written cubefile and slice data
Running in analysis mode

Reading "/data/boittier/energies/h2o_geom.xyz.dir/h2o_1439.chk.fchk.potential.cube"...

  h2o Potential=SCF
  Electrostatic potential from Total SCF Density
    3   -4.970736   -4.760367   -4.970736
   80    0.125841    0.000000    0.000000
   80    0.000000    0.125841    0.000000
   80    0.000000    0.000000    0.125841
    8    8.000000    0.000000    0.210368    0.000000
    1    1.000000    1.471491   -0.847838    0.000000
    1    1.000000   -1.471491   -0.835110    0.000000
  5.91946E-03  6.13678E-03  6.36106E-03  6.59230E-03  6.83046E-03  7.07546E-03
       .            .            .            .            .            .
       .            .            .            .            .            .
       .            .            .            .            .            .
 -6.50503E-03 -6.39251E-03 -6.27985E-03 -6.16723E-03 -6.05480E-03 -5.94268E-03

512000 out of 512000 gridpoints are considered (100.0%).

...done!

Reading "/home/boittier/esp_check/quadrupole_expansion.cube"...

  Fitted ESP
  Electrostatic potential fitted from quadrupole expansion.
    3   -4.970736   -4.760367   -4.970736
   80    0.125841    0.000000    0.000000
   80    0.000000    0.125841    0.000000
   80    0.000000    0.000000    0.125841
    8    8.000000    0.000000    0.210368    0.000000
    1    1.000000    1.471491   -0.847838    0.000000
    1    1.000000   -1.471491   -0.835110    0.000000
  5.85745E-03  6.06843E-03  6.28595E-03  6.51000E-03  6.74053E-03  6.97746E-03
       .            .            .            .            .            .
       .            .            .            .            .            .
       .            .            .            .            .            .
 -6.44722E-03 -6.33993E-03 -6.23221E-03 -6.12424E-03 -6.01616E-03 -5.90814E-03

512000 out of 512000 gridpoints are considered (100.0%).

...done!

                       Measure       RMSE[kcal/mol/e]   MaxError[kcal/mol/e]   NPoints
                         Total        6.956213586E-01        4.677204578E+00    407558
Close (  1.20 < r <   1.66 )          1.100770097E+00        4.677204578E+00    142940
Mid-range ( 1.66 < r <  2.20)         3.430924939E-01        1.119665146E+00    195138
Far-range (  2.20         < r)        1.225234823E-01        3.215044764E-01     69480
Did analysis and wrote slice data
