/home/boittier/esp_check
h2o_96
/data/boittier/energies/h2o_geom.xyz.dir
Read multipoles for 3 atoms with max. rank 2
Running in generate mode

Reading "/data/boittier/energies/h2o_geom.xyz.dir/h2o_96.chk.fchk.potential.cube"...

  h2o Potential=SCF
  Electrostatic potential from Total SCF Density
    3   -4.970736   -4.752582   -4.970736
   80    0.125841    0.000000    0.000000
   80    0.000000    0.125841    0.000000
   80    0.000000    0.000000    0.125841
    8    8.000000    0.000000    0.218154    0.000000
    1    1.000000    1.411875   -0.918371    0.000000
    1    1.000000   -1.411875   -0.826857    0.000000
  1.62810E-02  1.64268E-02  1.65449E-02  1.66343E-02  1.66944E-02  1.67246E-02
       .            .            .            .            .            .
       .            .            .            .            .            .
       .            .            .            .            .            .
 -9.41121E-03 -9.40611E-03 -9.39591E-03 -9.38059E-03 -9.36017E-03 -9.33463E-03

338451 out of 512000 gridpoints are considered ( 66.1%).

...done!

 writing cube file quadrupole_expansion.cube                                                                                                                                                                                                                                                                                                                                                                                                                                                                                                                                                                                                                                                                                                                                                                                                                                                                                                                                                                                                                                       
Written cubefile and slice data
Running in analysis mode

Reading "/data/boittier/energies/h2o_geom.xyz.dir/h2o_96.chk.fchk.potential.cube"...

  h2o Potential=SCF
  Electrostatic potential from Total SCF Density
    3   -4.970736   -4.752582   -4.970736
   80    0.125841    0.000000    0.000000
   80    0.000000    0.125841    0.000000
   80    0.000000    0.000000    0.125841
    8    8.000000    0.000000    0.218154    0.000000
    1    1.000000    1.411875   -0.918371    0.000000
    1    1.000000   -1.411875   -0.826857    0.000000
  6.04312E-03  6.25983E-03  6.48329E-03  6.71346E-03  6.95032E-03  7.19376E-03
       .            .            .            .            .            .
       .            .            .            .            .            .
       .            .            .            .            .            .
 -6.80506E-03 -6.68398E-03 -6.56293E-03 -6.44206E-03 -6.32154E-03 -6.20151E-03

512000 out of 512000 gridpoints are considered (100.0%).

...done!

Reading "/home/boittier/esp_check/quadrupole_expansion.cube"...

  Fitted ESP
  Electrostatic potential fitted from quadrupole expansion.
    3   -4.970736   -4.752582   -4.970736
   80    0.125841    0.000000    0.000000
   80    0.000000    0.125841    0.000000
   80    0.000000    0.000000    0.125841
    8    8.000000    0.000000    0.218154    0.000000
    1    1.000000    1.411875   -0.918371    0.000000
    1    1.000000   -1.411875   -0.826857    0.000000
  5.98775E-03  6.19843E-03  6.41545E-03  6.63877E-03  6.86835E-03  7.10409E-03
       .            .            .            .            .            .
       .            .            .            .            .            .
       .            .            .            .            .            .
 -6.75554E-03 -6.63939E-03 -6.52297E-03 -6.40646E-03 -6.29001E-03 -6.17380E-03

512000 out of 512000 gridpoints are considered (100.0%).

...done!

                       Measure       RMSE[kcal/mol/e]   MaxError[kcal/mol/e]   NPoints
                         Total        6.811611827E-01        4.685487703E+00    408081
Close (  1.20 < r <   1.66 )          1.078699387E+00        4.685487703E+00    142819
Mid-range ( 1.66 < r <  2.20)         3.365515632E-01        1.059110482E+00    195632
Far-range (  2.20         < r)        1.198346293E-01        3.187308846E-01     69630
Did analysis and wrote slice data
