/home/boittier/esp_check
h2o_788
/data/boittier/energies/h2o_geom.xyz.dir
Read multipoles for 3 atoms with max. rank 2
Running in generate mode

Reading "/data/boittier/energies/h2o_geom.xyz.dir/h2o_788.chk.fchk.potential.cube"...

  h2o Potential=SCF
  Electrostatic potential from Total SCF Density
    3   -4.970736   -4.753595   -4.970736
   80    0.125841    0.000000    0.000000
   80    0.000000    0.125841    0.000000
   80    0.000000    0.000000    0.125841
    8    8.000000    0.000000    0.217140    0.000000
    1    1.000000    1.486528   -0.816291    0.000000
    1    1.000000   -1.486528   -0.920831    0.000000
  1.65447E-02  1.67239E-02  1.68757E-02  1.69986E-02  1.70918E-02  1.71544E-02
       .            .            .            .            .            .
       .            .            .            .            .            .
       .            .            .            .            .            .
 -8.29167E-03 -8.28846E-03 -8.28204E-03 -8.27236E-03 -8.25939E-03 -8.24306E-03

337765 out of 512000 gridpoints are considered ( 66.0%).

...done!

 writing cube file quadrupole_expansion.cube                                                                                                                                                                                                                                                                                                                                                                                                                                                                                                                                                                                                                                                                                                                                                                                                                                                                                                                                                                                                                                       
Written cubefile and slice data
Running in analysis mode

Reading "/data/boittier/energies/h2o_geom.xyz.dir/h2o_788.chk.fchk.potential.cube"...

  h2o Potential=SCF
  Electrostatic potential from Total SCF Density
    3   -4.970736   -4.753595   -4.970736
   80    0.125841    0.000000    0.000000
   80    0.000000    0.125841    0.000000
   80    0.000000    0.000000    0.125841
    8    8.000000    0.000000    0.217140    0.000000
    1    1.000000    1.486528   -0.816291    0.000000
    1    1.000000   -1.486528   -0.920831    0.000000
  6.09400E-03  6.32122E-03  6.55591E-03  6.79807E-03  7.04768E-03  7.30467E-03
       .            .            .            .            .            .
       .            .            .            .            .            .
       .            .            .            .            .            .
 -6.42326E-03 -6.31471E-03 -6.20593E-03 -6.09706E-03 -5.98826E-03 -5.87966E-03

512000 out of 512000 gridpoints are considered (100.0%).

...done!

Reading "/home/boittier/esp_check/quadrupole_expansion.cube"...

  Fitted ESP
  Electrostatic potential fitted from quadrupole expansion.
    3   -4.970736   -4.753595   -4.970736
   80    0.125841    0.000000    0.000000
   80    0.000000    0.125841    0.000000
   80    0.000000    0.000000    0.125841
    8    8.000000    0.000000    0.217140    0.000000
    1    1.000000    1.486528   -0.816291    0.000000
    1    1.000000   -1.486528   -0.920831    0.000000
  6.02793E-03  6.24852E-03  6.47613E-03  6.71076E-03  6.95239E-03  7.20095E-03
       .            .            .            .            .            .
       .            .            .            .            .            .
       .            .            .            .            .            .
 -6.36058E-03 -6.25747E-03 -6.15383E-03 -6.04981E-03 -5.94557E-03 -5.84125E-03

512000 out of 512000 gridpoints are considered (100.0%).

...done!

                       Measure       RMSE[kcal/mol/e]   MaxError[kcal/mol/e]   NPoints
                         Total        6.928592009E-01        4.699983172E+00    406784
Close (  1.20 < r <   1.66 )          1.094216009E+00        4.699983172E+00    143324
Mid-range ( 1.66 < r <  2.20)         3.414084043E-01        1.122175183E+00    194441
Far-range (  2.20         < r)        1.210403723E-01        3.255832880E-01     69019
Did analysis and wrote slice data
