/home/boittier/esp_check
h2o_398
/data/boittier/energies/h2o_geom.xyz.dir
Read multipoles for 3 atoms with max. rank 2
Running in generate mode

Reading "/data/boittier/energies/h2o_geom.xyz.dir/h2o_398.chk.fchk.potential.cube"...

  h2o Potential=SCF
  Electrostatic potential from Total SCF Density
    3   -4.970736   -4.753364   -4.970736
   80    0.125841    0.000000    0.000000
   80    0.000000    0.125841    0.000000
   80    0.000000    0.000000    0.125841
    8    8.000000    0.000000    0.217372    0.000000
    1    1.000000    1.444981   -0.872843    0.000000
    1    1.000000   -1.444981   -0.866133    0.000000
  1.65444E-02  1.66033E-02  1.66328E-02  1.66328E-02  1.66033E-02  1.65444E-02
       .            .            .            .            .            .
       .            .            .            .            .            .
       .            .            .            .            .            .
 -8.92089E-03 -8.91661E-03 -8.90803E-03 -8.89514E-03 -8.87793E-03 -8.85636E-03

338205 out of 512000 gridpoints are considered ( 66.1%).

...done!

 writing cube file quadrupole_expansion.cube                                                                                                                                                                                                                                                                                                                                                                                                                                                                                                                                                                                                                                                                                                                                                                                                                                                                                                                                                                                                                                       
Written cubefile and slice data
Running in analysis mode

Reading "/data/boittier/energies/h2o_geom.xyz.dir/h2o_398.chk.fchk.potential.cube"...

  h2o Potential=SCF
  Electrostatic potential from Total SCF Density
    3   -4.970736   -4.753364   -4.970736
   80    0.125841    0.000000    0.000000
   80    0.000000    0.125841    0.000000
   80    0.000000    0.000000    0.125841
    8    8.000000    0.000000    0.217372    0.000000
    1    1.000000    1.444981   -0.872843    0.000000
    1    1.000000   -1.444981   -0.866133    0.000000
  6.05499E-03  6.27583E-03  6.50370E-03  6.73861E-03  6.98050E-03  7.22931E-03
       .            .            .            .            .            .
       .            .            .            .            .            .
       .            .            .            .            .            .
 -6.63575E-03 -6.52011E-03 -6.40438E-03 -6.28872E-03 -6.17330E-03 -6.05824E-03

512000 out of 512000 gridpoints are considered (100.0%).

...done!

Reading "/home/boittier/esp_check/quadrupole_expansion.cube"...

  Fitted ESP
  Electrostatic potential fitted from quadrupole expansion.
    3   -4.970736   -4.753364   -4.970736
   80    0.125841    0.000000    0.000000
   80    0.000000    0.125841    0.000000
   80    0.000000    0.000000    0.125841
    8    8.000000    0.000000    0.217372    0.000000
    1    1.000000    1.444981   -0.872843    0.000000
    1    1.000000   -1.444981   -0.866133    0.000000
  5.99477E-03  6.20930E-03  6.43045E-03  6.65820E-03  6.89250E-03  7.13327E-03
       .            .            .            .            .            .
       .            .            .            .            .            .
       .            .            .            .            .            .
 -6.58027E-03 -6.46979E-03 -6.35893E-03 -6.24786E-03 -6.13673E-03 -6.02570E-03

512000 out of 512000 gridpoints are considered (100.0%).

...done!

                       Measure       RMSE[kcal/mol/e]   MaxError[kcal/mol/e]   NPoints
                         Total        6.871749621E-01        4.690131273E+00    407581
Close (  1.20 < r <   1.66 )          1.087097905E+00        4.690131273E+00    143016
Mid-range ( 1.66 < r <  2.20)         3.390787883E-01        1.084901121E+00    195189
Far-range (  2.20         < r)        1.205464888E-01        3.211781715E-01     69376
Did analysis and wrote slice data
