/home/boittier/esp_check
h2o_1164
/data/boittier/energies/h2o_geom.xyz.dir
Read multipoles for 3 atoms with max. rank 2
Running in generate mode

Reading "/data/boittier/energies/h2o_geom.xyz.dir/h2o_1164.chk.fchk.potential.cube"...

  h2o Potential=SCF
  Electrostatic potential from Total SCF Density
    3   -4.970736   -4.747159   -4.970736
   80    0.125841    0.000000    0.000000
   80    0.000000    0.125841    0.000000
   80    0.000000    0.000000    0.125841
    8    8.000000    0.000000    0.223577    0.000000
    1    1.000000    1.434245   -0.885932    0.000000
    1    1.000000   -1.434245   -0.902681    0.000000
  1.66427E-02  1.67609E-02  1.68504E-02  1.69105E-02  1.69407E-02  1.69407E-02
       .            .            .            .            .            .
       .            .            .            .            .            .
       .            .            .            .            .            .
 -9.07689E-03 -9.07242E-03 -9.06348E-03 -9.05006E-03 -9.03213E-03 -9.00967E-03

338164 out of 512000 gridpoints are considered ( 66.0%).

...done!

 writing cube file quadrupole_expansion.cube                                                                                                                                                                                                                                                                                                                                                                                                                                                                                                                                                                                                                                                                                                                                                                                                                                                                                                                                                                                                                                       
Written cubefile and slice data
Running in analysis mode

Reading "/data/boittier/energies/h2o_geom.xyz.dir/h2o_1164.chk.fchk.potential.cube"...

  h2o Potential=SCF
  Electrostatic potential from Total SCF Density
    3   -4.970736   -4.747159   -4.970736
   80    0.125841    0.000000    0.000000
   80    0.000000    0.125841    0.000000
   80    0.000000    0.000000    0.125841
    8    8.000000    0.000000    0.223577    0.000000
    1    1.000000    1.434245   -0.885932    0.000000
    1    1.000000   -1.434245   -0.902681    0.000000
  6.17139E-03  6.39641E-03  6.62861E-03  6.86799E-03  7.11452E-03  7.36812E-03
       .            .            .            .            .            .
       .            .            .            .            .            .
       .            .            .            .            .            .
 -6.70964E-03 -6.59269E-03 -6.47565E-03 -6.35869E-03 -6.24196E-03 -6.12561E-03

512000 out of 512000 gridpoints are considered (100.0%).

...done!

Reading "/home/boittier/esp_check/quadrupole_expansion.cube"...

  Fitted ESP
  Electrostatic potential fitted from quadrupole expansion.
    3   -4.970736   -4.747159   -4.970736
   80    0.125841    0.000000    0.000000
   80    0.000000    0.125841    0.000000
   80    0.000000    0.000000    0.125841
    8    8.000000    0.000000    0.223577    0.000000
    1    1.000000    1.434245   -0.885932    0.000000
    1    1.000000   -1.434245   -0.902681    0.000000
  6.11174E-03  6.33042E-03  6.55586E-03  6.78805E-03  7.02695E-03  7.27247E-03
       .            .            .            .            .            .
       .            .            .            .            .            .
       .            .            .            .            .            .
 -6.65514E-03 -6.54332E-03 -6.43113E-03 -6.31873E-03 -6.20628E-03 -6.09394E-03

512000 out of 512000 gridpoints are considered (100.0%).

...done!

                       Measure       RMSE[kcal/mol/e]   MaxError[kcal/mol/e]   NPoints
                         Total        6.805729764E-01        4.703622727E+00    407324
Close (  1.20 < r <   1.66 )          1.075644528E+00        4.703622727E+00    143244
Mid-range ( 1.66 < r <  2.20)         3.356075192E-01        1.071535169E+00    194920
Far-range (  2.20         < r)        1.187304888E-01        3.220064840E-01     69160
Did analysis and wrote slice data
