/home/boittier/esp_check
h2o_1412
/data/boittier/energies/h2o_geom.xyz.dir
Read multipoles for 3 atoms with max. rank 2
Running in generate mode

Reading "/data/boittier/energies/h2o_geom.xyz.dir/h2o_1412.chk.fchk.potential.cube"...

  h2o Potential=SCF
  Electrostatic potential from Total SCF Density
    3   -4.970736   -4.731803   -4.970736
   80    0.125841    0.000000    0.000000
   80    0.000000    0.125841    0.000000
   80    0.000000    0.000000    0.125841
    8    8.000000    0.000000    0.238932    0.000000
    1    1.000000    1.415844   -0.912056    0.000000
    1    1.000000   -1.415844   -0.999404    0.000000
  1.71663E-02  1.72260E-02  1.72560E-02  1.72560E-02  1.72260E-02  1.71663E-02
       .            .            .            .            .            .
       .            .            .            .            .            .
       .            .            .            .            .            .
 -9.35833E-03 -9.35358E-03 -9.34408E-03 -9.32981E-03 -9.31077E-03 -9.28694E-03

337916 out of 512000 gridpoints are considered ( 66.0%).

...done!

 writing cube file quadrupole_expansion.cube                                                                                                                                                                                                                                                                                                                                                                                                                                                                                                                                                                                                                                                                                                                                                                                                                                                                                                                                                                                                                                       
Written cubefile and slice data
Running in analysis mode

Reading "/data/boittier/energies/h2o_geom.xyz.dir/h2o_1412.chk.fchk.potential.cube"...

  h2o Potential=SCF
  Electrostatic potential from Total SCF Density
    3   -4.970736   -4.731803   -4.970736
   80    0.125841    0.000000    0.000000
   80    0.000000    0.125841    0.000000
   80    0.000000    0.000000    0.125841
    8    8.000000    0.000000    0.238932    0.000000
    1    1.000000    1.415844   -0.912056    0.000000
    1    1.000000   -1.415844   -0.999404    0.000000
  6.43487E-03  6.67029E-03  6.91333E-03  7.16398E-03  7.42221E-03  7.68796E-03
       .            .            .            .            .            .
       .            .            .            .            .            .
       .            .            .            .            .            .
 -6.85327E-03 -6.73425E-03 -6.61513E-03 -6.49607E-03 -6.37724E-03 -6.25878E-03

512000 out of 512000 gridpoints are considered (100.0%).

...done!

Reading "/home/boittier/esp_check/quadrupole_expansion.cube"...

  Fitted ESP
  Electrostatic potential fitted from quadrupole expansion.
    3   -4.970736   -4.731803   -4.970736
   80    0.125841    0.000000    0.000000
   80    0.000000    0.125841    0.000000
   80    0.000000    0.000000    0.125841
    8    8.000000    0.000000    0.238932    0.000000
    1    1.000000    1.415844   -0.912056    0.000000
    1    1.000000   -1.415844   -0.999404    0.000000
  6.37672E-03  6.60574E-03  6.84194E-03  7.08531E-03  7.33580E-03  7.59336E-03
       .            .            .            .            .            .
       .            .            .            .            .            .
       .            .            .            .            .            .
 -6.80135E-03 -6.68737E-03 -6.57301E-03 -6.45843E-03 -6.34379E-03 -6.22927E-03

512000 out of 512000 gridpoints are considered (100.0%).

...done!

                       Measure       RMSE[kcal/mol/e]   MaxError[kcal/mol/e]   NPoints
                         Total        6.639756436E-01        4.729727121E+00    406527
Close (  1.20 < r <   1.66 )          1.047002142E+00        4.729727121E+00    143834
Mid-range ( 1.66 < r <  2.20)         3.262487960E-01        1.059549738E+00    194082
Far-range (  2.20         < r)        1.140502624E-01        3.242968936E-01     68611
Did analysis and wrote slice data
