/home/boittier/esp_check
h2o_1541
/data/boittier/energies/h2o_geom.xyz.dir
Read multipoles for 3 atoms with max. rank 2
Running in generate mode

Reading "/data/boittier/energies/h2o_geom.xyz.dir/h2o_1541.chk.fchk.potential.cube"...

  h2o Potential=SCF
  Electrostatic potential from Total SCF Density
    3   -4.970736   -4.740082   -4.970736
   80    0.125841    0.000000    0.000000
   80    0.000000    0.125841    0.000000
   80    0.000000    0.000000    0.125841
    8    8.000000    0.000000    0.230654    0.000000
    1    1.000000    1.406519   -0.923019    0.000000
    1    1.000000   -1.406519   -0.922211    0.000000
  1.67794E-02  1.68976E-02  1.69872E-02  1.70473E-02  1.70775E-02  1.70775E-02
       .            .            .            .            .            .
       .            .            .            .            .            .
       .            .            .            .            .            .
 -9.48162E-03 -9.47657E-03 -9.46647E-03 -9.45131E-03 -9.43108E-03 -9.40578E-03

338191 out of 512000 gridpoints are considered ( 66.1%).

...done!

 writing cube file quadrupole_expansion.cube                                                                                                                                                                                                                                                                                                                                                                                                                                                                                                                                                                                                                                                                                                                                                                                                                                                                                                                                                                                                                                       
Written cubefile and slice data
Running in analysis mode

Reading "/data/boittier/energies/h2o_geom.xyz.dir/h2o_1541.chk.fchk.potential.cube"...

  h2o Potential=SCF
  Electrostatic potential from Total SCF Density
    3   -4.970736   -4.740082   -4.970736
   80    0.125841    0.000000    0.000000
   80    0.000000    0.125841    0.000000
   80    0.000000    0.000000    0.125841
    8    8.000000    0.000000    0.230654    0.000000
    1    1.000000    1.406519   -0.923019    0.000000
    1    1.000000   -1.406519   -0.922211    0.000000
  6.28669E-03  6.51399E-03  6.74848E-03  6.99017E-03  7.23900E-03  7.49490E-03
       .            .            .            .            .            .
       .            .            .            .            .            .
       .            .            .            .            .            .
 -6.87146E-03 -6.75047E-03 -6.62946E-03 -6.50858E-03 -6.38799E-03 -6.26785E-03

512000 out of 512000 gridpoints are considered (100.0%).

...done!

Reading "/home/boittier/esp_check/quadrupole_expansion.cube"...

  Fitted ESP
  Electrostatic potential fitted from quadrupole expansion.
    3   -4.970736   -4.740082   -4.970736
   80    0.125841    0.000000    0.000000
   80    0.000000    0.125841    0.000000
   80    0.000000    0.000000    0.125841
    8    8.000000    0.000000    0.230654    0.000000
    1    1.000000    1.406519   -0.923019    0.000000
    1    1.000000   -1.406519   -0.922211    0.000000
  6.23010E-03  6.45117E-03  6.67901E-03  6.91362E-03  7.15493E-03  7.40287E-03
       .            .            .            .            .            .
       .            .            .            .            .            .
       .            .            .            .            .            .
 -6.82114E-03 -6.70514E-03 -6.58882E-03 -6.47236E-03 -6.35591E-03 -6.23964E-03

512000 out of 512000 gridpoints are considered (100.0%).

...done!

                       Measure       RMSE[kcal/mol/e]   MaxError[kcal/mol/e]   NPoints
                         Total        6.698021499E-01        4.711905852E+00    407299
Close (  1.20 < r <   1.66 )          1.058226135E+00        4.711905852E+00    143379
Mid-range ( 1.66 < r <  2.20)         3.301240392E-01        1.054278659E+00    194812
Far-range (  2.20         < r)        1.163582884E-01        3.209083424E-01     69108
Did analysis and wrote slice data
