/home/boittier/esp_check
h2o_65
/data/boittier/energies/h2o_geom.xyz.dir
Read multipoles for 3 atoms with max. rank 2
Running in generate mode

Reading "/data/boittier/energies/h2o_geom.xyz.dir/h2o_65.chk.fchk.potential.cube"...

  h2o Potential=SCF
  Electrostatic potential from Total SCF Density
    3   -4.970736   -4.750477   -4.970736
   80    0.125841    0.000000    0.000000
   80    0.000000    0.125841    0.000000
   80    0.000000    0.000000    0.125841
    8    8.000000    0.000000    0.220259    0.000000
    1    1.000000    1.442391   -0.875285    0.000000
    1    1.000000   -1.442391   -0.886786    0.000000
  1.66330E-02  1.67219E-02  1.67815E-02  1.68115E-02  1.68115E-02  1.67815E-02
       .            .            .            .            .            .
       .            .            .            .            .            .
       .            .            .            .            .            .
 -8.95546E-03 -8.95115E-03 -8.94254E-03 -8.92959E-03 -8.91230E-03 -8.89062E-03

338168 out of 512000 gridpoints are considered ( 66.0%).

...done!

 writing cube file quadrupole_expansion.cube                                                                                                                                                                                                                                                                                                                                                                                                                                                                                                                                                                                                                                                                                                                                                                                                                                                                                                                                                                                                                                       
Written cubefile and slice data
Running in analysis mode

Reading "/data/boittier/energies/h2o_geom.xyz.dir/h2o_65.chk.fchk.potential.cube"...

  h2o Potential=SCF
  Electrostatic potential from Total SCF Density
    3   -4.970736   -4.750477   -4.970736
   80    0.125841    0.000000    0.000000
   80    0.000000    0.125841    0.000000
   80    0.000000    0.000000    0.125841
    8    8.000000    0.000000    0.220259    0.000000
    1    1.000000    1.442391   -0.875285    0.000000
    1    1.000000   -1.442391   -0.886786    0.000000
  6.11242E-03  6.33562E-03  6.56594E-03  6.80340E-03  7.04795E-03  7.29951E-03
       .            .            .            .            .            .
       .            .            .            .            .            .
       .            .            .            .            .            .
 -6.65725E-03 -6.54143E-03 -6.42551E-03 -6.30965E-03 -6.19402E-03 -6.07875E-03

512000 out of 512000 gridpoints are considered (100.0%).

...done!

Reading "/home/boittier/esp_check/quadrupole_expansion.cube"...

  Fitted ESP
  Electrostatic potential fitted from quadrupole expansion.
    3   -4.970736   -4.750477   -4.970736
   80    0.125841    0.000000    0.000000
   80    0.000000    0.125841    0.000000
   80    0.000000    0.000000    0.125841
    8    8.000000    0.000000    0.220259    0.000000
    1    1.000000    1.442391   -0.875285    0.000000
    1    1.000000   -1.442391   -0.886786    0.000000
  6.05207E-03  6.26892E-03  6.49248E-03  6.72274E-03  6.95965E-03  7.20313E-03
       .            .            .            .            .            .
       .            .            .            .            .            .
       .            .            .            .            .            .
 -6.60172E-03 -6.49107E-03 -6.38003E-03 -6.26877E-03 -6.15745E-03 -6.04621E-03

512000 out of 512000 gridpoints are considered (100.0%).

...done!

                       Measure       RMSE[kcal/mol/e]   MaxError[kcal/mol/e]   NPoints
                         Total        6.845991150E-01        4.697222130E+00    407426
Close (  1.20 < r <   1.66 )          1.082475153E+00        4.697222130E+00    143136
Mid-range ( 1.66 < r <  2.20)         3.376689590E-01        1.076743498E+00    195032
Far-range (  2.20         < r)        1.197518622E-01        3.217868557E-01     69258
Did analysis and wrote slice data
