/home/boittier/esp_check
h2o_1629
/data/boittier/energies/h2o_geom.xyz.dir
Read multipoles for 3 atoms with max. rank 2
Running in generate mode

Reading "/data/boittier/energies/h2o_geom.xyz.dir/h2o_1629.chk.fchk.potential.cube"...

  h2o Potential=SCF
  Electrostatic potential from Total SCF Density
    3   -4.970736   -4.746759   -4.970736
   80    0.125841    0.000000    0.000000
   80    0.000000    0.125841    0.000000
   80    0.000000    0.000000    0.125841
    8    8.000000    0.000000    0.223977    0.000000
    1    1.000000    1.405383   -0.949416    0.000000
    1    1.000000   -1.405383   -0.842397    0.000000
  1.64611E-02  1.66083E-02  1.67276E-02  1.68179E-02  1.68786E-02  1.69091E-02
       .            .            .            .            .            .
       .            .            .            .            .            .
       .            .            .            .            .            .
 -9.69229E-03 -9.68682E-03 -9.67589E-03 -9.65949E-03 -9.63764E-03 -9.61032E-03

338367 out of 512000 gridpoints are considered ( 66.1%).

...done!

 writing cube file quadrupole_expansion.cube                                                                                                                                                                                                                                                                                                                                                                                                                                                                                                                                                                                                                                                                                                                                                                                                                                                                                                                                                                                                                                       
Written cubefile and slice data
Running in analysis mode

Reading "/data/boittier/energies/h2o_geom.xyz.dir/h2o_1629.chk.fchk.potential.cube"...

  h2o Potential=SCF
  Electrostatic potential from Total SCF Density
    3   -4.970736   -4.746759   -4.970736
   80    0.125841    0.000000    0.000000
   80    0.000000    0.125841    0.000000
   80    0.000000    0.000000    0.125841
    8    8.000000    0.000000    0.223977    0.000000
    1    1.000000    1.405383   -0.949416    0.000000
    1    1.000000   -1.405383   -0.842397    0.000000
  6.13319E-03  6.35252E-03  6.57866E-03  6.81160E-03  7.05128E-03  7.29761E-03
       .            .            .            .            .            .
       .            .            .            .            .            .
       .            .            .            .            .            .
 -6.92837E-03 -6.80453E-03 -6.68075E-03 -6.55718E-03 -6.43399E-03 -6.31133E-03

512000 out of 512000 gridpoints are considered (100.0%).

...done!

Reading "/home/boittier/esp_check/quadrupole_expansion.cube"...

  Fitted ESP
  Electrostatic potential fitted from quadrupole expansion.
    3   -4.970736   -4.746759   -4.970736
   80    0.125841    0.000000    0.000000
   80    0.000000    0.125841    0.000000
   80    0.000000    0.000000    0.125841
    8    8.000000    0.000000    0.223977    0.000000
    1    1.000000    1.405383   -0.949416    0.000000
    1    1.000000   -1.405383   -0.842397    0.000000
  6.07950E-03  6.29284E-03  6.51258E-03  6.73870E-03  6.97114E-03  7.20981E-03
       .            .            .            .            .            .
       .            .            .            .            .            .
       .            .            .            .            .            .
 -6.88162E-03 -6.76261E-03 -6.64337E-03 -6.52406E-03 -6.40486E-03 -6.28592E-03

512000 out of 512000 gridpoints are considered (100.0%).

...done!

                       Measure       RMSE[kcal/mol/e]   MaxError[kcal/mol/e]   NPoints
                         Total        6.752284352E-01        4.698665402E+00    407781
Close (  1.20 < r <   1.66 )          1.068443422E+00        4.698665402E+00    142977
Mid-range ( 1.66 < r <  2.20)         3.335130830E-01        1.055972934E+00    195390
Far-range (  2.20         < r)        1.181590063E-01        3.190258140E-01     69414
Did analysis and wrote slice data
