/home/boittier/esp_check
h2o_1214
/data/boittier/energies/h2o_geom.xyz.dir
Read multipoles for 3 atoms with max. rank 2
Running in generate mode

Reading "/data/boittier/energies/h2o_geom.xyz.dir/h2o_1214.chk.fchk.potential.cube"...

  h2o Potential=SCF
  Electrostatic potential from Total SCF Density
    3   -4.970736   -4.759224   -4.970736
   80    0.125841    0.000000    0.000000
   80    0.000000    0.125841    0.000000
   80    0.000000    0.000000    0.125841
    8    8.000000    0.000000    0.211512    0.000000
    1    1.000000    1.372056   -0.975250    0.000000
    1    1.000000   -1.372056   -0.716844    0.000000
  1.60030E-02  1.60894E-02  1.61474E-02  1.61766E-02  1.61766E-02  1.61474E-02
       .            .            .            .            .            .
       .            .            .            .            .            .
       .            .            .            .            .            .
 -9.98042E-03 -9.97426E-03 -9.96196E-03 -9.94353E-03 -9.91898E-03 -9.88834E-03

338942 out of 512000 gridpoints are considered ( 66.2%).

...done!

 writing cube file quadrupole_expansion.cube                                                                                                                                                                                                                                                                                                                                                                                                                                                                                                                                                                                                                                                                                                                                                                                                                                                                                                                                                                                                                                       
Written cubefile and slice data
Running in analysis mode

Reading "/data/boittier/energies/h2o_geom.xyz.dir/h2o_1214.chk.fchk.potential.cube"...

  h2o Potential=SCF
  Electrostatic potential from Total SCF Density
    3   -4.970736   -4.759224   -4.970736
   80    0.125841    0.000000    0.000000
   80    0.000000    0.125841    0.000000
   80    0.000000    0.000000    0.125841
    8    8.000000    0.000000    0.211512    0.000000
    1    1.000000    1.372056   -0.975250    0.000000
    1    1.000000   -1.372056   -0.716844    0.000000
  5.87070E-03  6.07577E-03  6.28695E-03  6.50421E-03  6.72750E-03  6.95670E-03
       .            .            .            .            .            .
       .            .            .            .            .            .
       .            .            .            .            .            .
 -6.97304E-03 -6.84521E-03 -6.71756E-03 -6.59028E-03 -6.46351E-03 -6.33742E-03

512000 out of 512000 gridpoints are considered (100.0%).

...done!

Reading "/home/boittier/esp_check/quadrupole_expansion.cube"...

  Fitted ESP
  Electrostatic potential fitted from quadrupole expansion.
    3   -4.970736   -4.759224   -4.970736
   80    0.125841    0.000000    0.000000
   80    0.000000    0.125841    0.000000
   80    0.000000    0.000000    0.125841
    8    8.000000    0.000000    0.211512    0.000000
    1    1.000000    1.372056   -0.975250    0.000000
    1    1.000000   -1.372056   -0.716844    0.000000
  5.82372E-03  6.02332E-03  6.22867E-03  6.43971E-03  6.65637E-03  6.87856E-03
       .            .            .            .            .            .
       .            .            .            .            .            .
       .            .            .            .            .            .
 -6.93307E-03 -6.80973E-03 -6.68629E-03 -6.56294E-03 -6.43986E-03 -6.31719E-03

512000 out of 512000 gridpoints are considered (100.0%).

...done!

                       Measure       RMSE[kcal/mol/e]   MaxError[kcal/mol/e]   NPoints
                         Total        6.795801884E-01        4.682601160E+00    409192
Close (  1.20 < r <   1.66 )          1.079427354E+00        4.682601160E+00    142218
Mid-range ( 1.66 < r <  2.20)         3.362972606E-01        1.061633070E+00    196724
Far-range (  2.20         < r)        1.205532562E-01        3.339040635E-01     70250
Did analysis and wrote slice data
