/home/boittier/esp_check
h2o_973
/data/boittier/energies/h2o_geom.xyz.dir
Read multipoles for 3 atoms with max. rank 2
Running in generate mode

Reading "/data/boittier/energies/h2o_geom.xyz.dir/h2o_973.chk.fchk.potential.cube"...

  h2o Potential=SCF
  Electrostatic potential from Total SCF Density
    3   -4.970736   -4.753435   -4.970736
   80    0.125841    0.000000    0.000000
   80    0.000000    0.125841    0.000000
   80    0.000000    0.000000    0.125841
    8    8.000000    0.000000    0.217300    0.000000
    1    1.000000    1.384836   -0.956840    0.000000
    1    1.000000   -1.384836   -0.781563    0.000000
  1.61344E-02  1.63096E-02  1.64580E-02  1.65783E-02  1.66694E-02  1.67307E-02
       .            .            .            .            .            .
       .            .            .            .            .            .
       .            .            .            .            .            .
 -9.80805E-03 -9.80228E-03 -9.79073E-03 -9.77342E-03 -9.75035E-03 -9.72155E-03

338654 out of 512000 gridpoints are considered ( 66.1%).

...done!

 writing cube file quadrupole_expansion.cube                                                                                                                                                                                                                                                                                                                                                                                                                                                                                                                                                                                                                                                                                                                                                                                                                                                                                                                                                                                                                                       
Written cubefile and slice data
Running in analysis mode

Reading "/data/boittier/energies/h2o_geom.xyz.dir/h2o_973.chk.fchk.potential.cube"...

  h2o Potential=SCF
  Electrostatic potential from Total SCF Density
    3   -4.970736   -4.753435   -4.970736
   80    0.125841    0.000000    0.000000
   80    0.000000    0.125841    0.000000
   80    0.000000    0.000000    0.125841
    8    8.000000    0.000000    0.217300    0.000000
    1    1.000000    1.384836   -0.956840    0.000000
    1    1.000000   -1.384836   -0.781563    0.000000
  6.00560E-03  6.21776E-03  6.43638E-03  6.66142E-03  6.89283E-03  7.13052E-03
       .            .            .            .            .            .
       .            .            .            .            .            .
       .            .            .            .            .            .
 -6.93769E-03 -6.81214E-03 -6.68672E-03 -6.56157E-03 -6.43688E-03 -6.31278E-03

512000 out of 512000 gridpoints are considered (100.0%).

...done!

Reading "/home/boittier/esp_check/quadrupole_expansion.cube"...

  Fitted ESP
  Electrostatic potential fitted from quadrupole expansion.
    3   -4.970736   -4.753435   -4.970736
   80    0.125841    0.000000    0.000000
   80    0.000000    0.125841    0.000000
   80    0.000000    0.000000    0.125841
    8    8.000000    0.000000    0.217300    0.000000
    1    1.000000    1.384836   -0.956840    0.000000
    1    1.000000   -1.384836   -0.781563    0.000000
  5.95478E-03  6.16119E-03  6.37367E-03  6.59217E-03  6.81663E-03  7.04694E-03
       .            .            .            .            .            .
       .            .            .            .            .            .
       .            .            .            .            .            .
 -6.89361E-03 -6.77276E-03 -6.65175E-03 -6.53074E-03 -6.40991E-03 -6.28942E-03

512000 out of 512000 gridpoints are considered (100.0%).

...done!

                       Measure       RMSE[kcal/mol/e]   MaxError[kcal/mol/e]   NPoints
                         Total        6.772283023E-01        4.673941529E+00    408584
Close (  1.20 < r <   1.66 )          1.073843160E+00        4.673941529E+00    142552
Mid-range ( 1.66 < r <  2.20)         3.350155804E-01        1.050262598E+00    196102
Far-range (  2.20         < r)        1.196027456E-01        3.240396147E-01     69930
Did analysis and wrote slice data
