/home/boittier/esp_check
h2o_1272
/data/boittier/energies/h2o_geom.xyz.dir
Read multipoles for 3 atoms with max. rank 2
Running in generate mode

Reading "/data/boittier/energies/h2o_geom.xyz.dir/h2o_1272.chk.fchk.potential.cube"...

  h2o Potential=SCF
  Electrostatic potential from Total SCF Density
    3   -4.970736   -4.753829   -4.970736
   80    0.125841    0.000000    0.000000
   80    0.000000    0.125841    0.000000
   80    0.000000    0.000000    0.125841
    8    8.000000    0.000000    0.216907    0.000000
    1    1.000000    1.374491   -0.970628    0.000000
    1    1.000000   -1.374491   -0.764627    0.000000
  1.61626E-02  1.63085E-02  1.64267E-02  1.65163E-02  1.65765E-02  1.66067E-02
       .            .            .            .            .            .
       .            .            .            .            .            .
       .            .            .            .            .            .
 -9.94970E-03 -9.94369E-03 -9.93166E-03 -9.91363E-03 -9.88962E-03 -9.85965E-03

338793 out of 512000 gridpoints are considered ( 66.2%).

...done!

 writing cube file quadrupole_expansion.cube                                                                                                                                                                                                                                                                                                                                                                                                                                                                                                                                                                                                                                                                                                                                                                                                                                                                                                                                                                                                                                       
Written cubefile and slice data
Running in analysis mode

Reading "/data/boittier/energies/h2o_geom.xyz.dir/h2o_1272.chk.fchk.potential.cube"...

  h2o Potential=SCF
  Electrostatic potential from Total SCF Density
    3   -4.970736   -4.753829   -4.970736
   80    0.125841    0.000000    0.000000
   80    0.000000    0.125841    0.000000
   80    0.000000    0.000000    0.125841
    8    8.000000    0.000000    0.216907    0.000000
    1    1.000000    1.374491   -0.970628    0.000000
    1    1.000000   -1.374491   -0.764627    0.000000
  5.99181E-03  6.20231E-03  6.41917E-03  6.64234E-03  6.87177E-03  7.10737E-03
       .            .            .            .            .            .
       .            .            .            .            .            .
       .            .            .            .            .            .
 -6.98455E-03 -6.85742E-03 -6.73044E-03 -6.60377E-03 -6.47759E-03 -6.35204E-03

512000 out of 512000 gridpoints are considered (100.0%).

...done!

Reading "/home/boittier/esp_check/quadrupole_expansion.cube"...

  Fitted ESP
  Electrostatic potential fitted from quadrupole expansion.
    3   -4.970736   -4.753829   -4.970736
   80    0.125841    0.000000    0.000000
   80    0.000000    0.125841    0.000000
   80    0.000000    0.000000    0.125841
    8    8.000000    0.000000    0.216907    0.000000
    1    1.000000    1.374491   -0.970628    0.000000
    1    1.000000   -1.374491   -0.764627    0.000000
  5.94273E-03  6.14759E-03  6.35842E-03  6.57517E-03  6.79777E-03  7.02613E-03
       .            .            .            .            .            .
       .            .            .            .            .            .
       .            .            .            .            .            .
 -6.94253E-03 -6.82000E-03 -6.69734E-03 -6.57473E-03 -6.45233E-03 -6.33031E-03

512000 out of 512000 gridpoints are considered (100.0%).

...done!

                       Measure       RMSE[kcal/mol/e]   MaxError[kcal/mol/e]   NPoints
                         Total        6.757963321E-01        4.675196548E+00    408800
Close (  1.20 < r <   1.66 )          1.072296645E+00        4.675196548E+00    142398
Mid-range ( 1.66 < r <  2.20)         3.344566138E-01        1.049434286E+00    196395
Far-range (  2.20         < r)        1.194075743E-01        3.258468420E-01     70007
Did analysis and wrote slice data
