/home/boittier/esp_check
h2o_207
/data/boittier/energies/h2o_geom.xyz.dir
Read multipoles for 3 atoms with max. rank 2
Running in generate mode

Reading "/data/boittier/energies/h2o_geom.xyz.dir/h2o_207.chk.fchk.potential.cube"...

  h2o Potential=SCF
  Electrostatic potential from Total SCF Density
    3   -4.970736   -4.748571   -4.970736
   80    0.125841    0.000000    0.000000
   80    0.000000    0.125841    0.000000
   80    0.000000    0.000000    0.125841
    8    8.000000    0.000000    0.222165    0.000000
    1    1.000000    1.422144   -0.903643    0.000000
    1    1.000000   -1.422144   -0.873675    0.000000
  1.66527E-02  1.66821E-02  1.66821E-02  1.66527E-02  1.63022E-02  1.65070E-02
       .            .            .            .            .            .
       .            .            .            .            .            .
       .            .            .            .            .            .
 -9.26283E-03 -9.25803E-03 -9.24843E-03 -9.23402E-03 -9.21480E-03 -9.19073E-03

338290 out of 512000 gridpoints are considered ( 66.1%).

...done!

 writing cube file quadrupole_expansion.cube                                                                                                                                                                                                                                                                                                                                                                                                                                                                                                                                                                                                                                                                                                                                                                                                                                                                                                                                                                                                                                       
Written cubefile and slice data
Running in analysis mode

Reading "/data/boittier/energies/h2o_geom.xyz.dir/h2o_207.chk.fchk.potential.cube"...

  h2o Potential=SCF
  Electrostatic potential from Total SCF Density
    3   -4.970736   -4.748571   -4.970736
   80    0.125841    0.000000    0.000000
   80    0.000000    0.125841    0.000000
   80    0.000000    0.000000    0.125841
    8    8.000000    0.000000    0.222165    0.000000
    1    1.000000    1.422144   -0.903643    0.000000
    1    1.000000   -1.422144   -0.873675    0.000000
  6.13297E-03  6.35484E-03  6.58373E-03  6.81960E-03  7.06243E-03  7.31213E-03
       .            .            .            .            .            .
       .            .            .            .            .            .
       .            .            .            .            .            .
 -6.76868E-03 -6.64954E-03 -6.53037E-03 -6.41132E-03 -6.29256E-03 -6.17424E-03

512000 out of 512000 gridpoints are considered (100.0%).

...done!

Reading "/home/boittier/esp_check/quadrupole_expansion.cube"...

  Fitted ESP
  Electrostatic potential fitted from quadrupole expansion.
    3   -4.970736   -4.748571   -4.970736
   80    0.125841    0.000000    0.000000
   80    0.000000    0.125841    0.000000
   80    0.000000    0.000000    0.125841
    8    8.000000    0.000000    0.222165    0.000000
    1    1.000000    1.422144   -0.903643    0.000000
    1    1.000000   -1.422144   -0.873675    0.000000
  6.07532E-03  6.29099E-03  6.51325E-03  6.74208E-03  6.97743E-03  7.21921E-03
       .            .            .            .            .            .
       .            .            .            .            .            .
       .            .            .            .            .            .
 -6.71661E-03 -6.60251E-03 -6.48809E-03 -6.37351E-03 -6.25894E-03 -6.14453E-03

512000 out of 512000 gridpoints are considered (100.0%).

...done!

                       Measure       RMSE[kcal/mol/e]   MaxError[kcal/mol/e]   NPoints
                         Total        6.799319390E-01        4.697849640E+00    407644
Close (  1.20 < r <   1.66 )          1.075609656E+00        4.697849640E+00    143053
Mid-range ( 1.66 < r <  2.20)         3.354702883E-01        1.064820818E+00    195237
Far-range (  2.20         < r)        1.189706082E-01        3.202745579E-01     69354
Did analysis and wrote slice data
