/home/boittier/esp_check
h2o_496
/data/boittier/energies/h2o_geom.xyz.dir
Read multipoles for 3 atoms with max. rank 2
Running in generate mode

Reading "/data/boittier/energies/h2o_geom.xyz.dir/h2o_496.chk.fchk.potential.cube"...

  h2o Potential=SCF
  Electrostatic potential from Total SCF Density
    3   -4.970736   -4.753658   -4.970736
   80    0.125841    0.000000    0.000000
   80    0.000000    0.125841    0.000000
   80    0.000000    0.000000    0.125841
    8    8.000000    0.000000    0.217077    0.000000
    1    1.000000    1.460168   -0.852328    0.000000
    1    1.000000   -1.460168   -0.884292    0.000000
  1.65143E-02  1.66324E-02  1.67219E-02  1.67820E-02  1.68121E-02  1.68121E-02
       .            .            .            .            .            .
       .            .            .            .            .            .
       .            .            .            .            .            .
 -8.69439E-03 -8.69048E-03 -8.68267E-03 -8.67093E-03 -8.65522E-03 -8.63551E-03

338057 out of 512000 gridpoints are considered ( 66.0%).

...done!

 writing cube file quadrupole_expansion.cube                                                                                                                                                                                                                                                                                                                                                                                                                                                                                                                                                                                                                                                                                                                                                                                                                                                                                                                                                                                                                                       
Written cubefile and slice data
Running in analysis mode

Reading "/data/boittier/energies/h2o_geom.xyz.dir/h2o_496.chk.fchk.potential.cube"...

  h2o Potential=SCF
  Electrostatic potential from Total SCF Density
    3   -4.970736   -4.753658   -4.970736
   80    0.125841    0.000000    0.000000
   80    0.000000    0.125841    0.000000
   80    0.000000    0.000000    0.125841
    8    8.000000    0.000000    0.217077    0.000000
    1    1.000000    1.460168   -0.852328    0.000000
    1    1.000000   -1.460168   -0.884292    0.000000
  6.06358E-03  6.28647E-03  6.51654E-03  6.75379E-03  6.99818E-03  7.24964E-03
       .            .            .            .            .            .
       .            .            .            .            .            .
       .            .            .            .            .            .
 -6.55835E-03 -6.44524E-03 -6.33199E-03 -6.21876E-03 -6.10569E-03 -5.99295E-03

512000 out of 512000 gridpoints are considered (100.0%).

...done!

Reading "/home/boittier/esp_check/quadrupole_expansion.cube"...

  Fitted ESP
  Electrostatic potential fitted from quadrupole expansion.
    3   -4.970736   -4.753658   -4.970736
   80    0.125841    0.000000    0.000000
   80    0.000000    0.125841    0.000000
   80    0.000000    0.000000    0.125841
    8    8.000000    0.000000    0.217077    0.000000
    1    1.000000    1.460168   -0.852328    0.000000
    1    1.000000   -1.460168   -0.884292    0.000000
  6.00122E-03  6.21768E-03  6.44090E-03  6.67086E-03  6.90752E-03  7.15080E-03
       .            .            .            .            .            .
       .            .            .            .            .            .
       .            .            .            .            .            .
 -6.50023E-03 -6.39239E-03 -6.28411E-03 -6.17555E-03 -6.06689E-03 -5.95826E-03

512000 out of 512000 gridpoints are considered (100.0%).

...done!

                       Measure       RMSE[kcal/mol/e]   MaxError[kcal/mol/e]   NPoints
                         Total        6.894568437E-01        4.693896330E+00    407309
Close (  1.20 < r <   1.66 )          1.090149892E+00        4.693896330E+00    143099
Mid-range ( 1.66 < r <  2.20)         3.400350888E-01        1.099647593E+00    194958
Far-range (  2.20         < r)        1.207750785E-01        3.228034210E-01     69252
Did analysis and wrote slice data
