/home/boittier/esp_check
h2o_1781
/data/boittier/energies/h2o_geom.xyz.dir
Read multipoles for 3 atoms with max. rank 2
Running in generate mode

Reading "/data/boittier/energies/h2o_geom.xyz.dir/h2o_1781.chk.fchk.potential.cube"...

  h2o Potential=SCF
  Electrostatic potential from Total SCF Density
    3   -4.970736   -4.741818   -4.970736
   80    0.125841    0.000000    0.000000
   80    0.000000    0.125841    0.000000
   80    0.000000    0.000000    0.125841
    8    8.000000    0.000000    0.228917    0.000000
    1    1.000000    1.532737   -0.747494    0.000000
    1    1.000000   -1.532737   -1.083846    0.000000
  1.72148E-02  1.73677E-02  1.74916E-02  1.75854E-02  1.76484E-02  1.76801E-02
       .            .            .            .            .            .
       .            .            .            .            .            .
       .            .            .            .            .            .
 -7.52418E-03 -7.52244E-03 -7.51894E-03 -7.51361E-03 -7.50639E-03 -7.49716E-03

337012 out of 512000 gridpoints are considered ( 65.8%).

...done!

 writing cube file quadrupole_expansion.cube                                                                                                                                                                                                                                                                                                                                                                                                                                                                                                                                                                                                                                                                                                                                                                                                                                                                                                                                                                                                                                       
Written cubefile and slice data
Running in analysis mode

Reading "/data/boittier/energies/h2o_geom.xyz.dir/h2o_1781.chk.fchk.potential.cube"...

  h2o Potential=SCF
  Electrostatic potential from Total SCF Density
    3   -4.970736   -4.741818   -4.970736
   80    0.125841    0.000000    0.000000
   80    0.000000    0.125841    0.000000
   80    0.000000    0.000000    0.125841
    8    8.000000    0.000000    0.228917    0.000000
    1    1.000000    1.532737   -0.747494    0.000000
    1    1.000000   -1.532737   -1.083846    0.000000
  6.37719E-03  6.62368E-03  6.87872E-03  7.14236E-03  7.41460E-03  7.69540E-03
       .            .            .            .            .            .
       .            .            .            .            .            .
       .            .            .            .            .            .
 -6.19676E-03 -6.09785E-03 -5.99845E-03 -5.89871E-03 -5.79879E-03 -5.69881E-03

512000 out of 512000 gridpoints are considered (100.0%).

...done!

Reading "/home/boittier/esp_check/quadrupole_expansion.cube"...

  Fitted ESP
  Electrostatic potential fitted from quadrupole expansion.
    3   -4.970736   -4.741818   -4.970736
   80    0.125841    0.000000    0.000000
   80    0.000000    0.125841    0.000000
   80    0.000000    0.000000    0.125841
    8    8.000000    0.000000    0.228917    0.000000
    1    1.000000    1.532737   -0.747494    0.000000
    1    1.000000   -1.532737   -1.083846    0.000000
  6.30456E-03  6.54394E-03  6.79139E-03  7.04696E-03  7.31065E-03  7.58242E-03
       .            .            .            .            .            .
       .            .            .            .            .            .
       .            .            .            .            .            .
 -6.12579E-03 -6.03259E-03 -5.93861E-03 -5.84400E-03 -5.74891E-03 -5.65348E-03

512000 out of 512000 gridpoints are considered (100.0%).

...done!

                       Measure       RMSE[kcal/mol/e]   MaxError[kcal/mol/e]   NPoints
                         Total        6.896620135E-01        4.705379753E+00    405022
Close (  1.20 < r <   1.66 )          1.084424705E+00        4.705379753E+00    144312
Mid-range ( 1.66 < r <  2.20)         3.377647266E-01        1.140749464E+00    192700
Far-range (  2.20         < r)        1.182099284E-01        3.330004499E-01     68010
Did analysis and wrote slice data
