/home/boittier/esp_check
h2o_618
/data/boittier/energies/h2o_geom.xyz.dir
Read multipoles for 3 atoms with max. rank 2
Running in generate mode

Reading "/data/boittier/energies/h2o_geom.xyz.dir/h2o_618.chk.fchk.potential.cube"...

  h2o Potential=SCF
  Electrostatic potential from Total SCF Density
    3   -4.970736   -4.751812   -4.970736
   80    0.125841    0.000000    0.000000
   80    0.000000    0.125841    0.000000
   80    0.000000    0.000000    0.125841
    8    8.000000    0.000000    0.218924    0.000000
    1    1.000000    1.412453   -0.922190    0.000000
    1    1.000000   -1.412453   -0.829203    0.000000
  1.63117E-02  1.64578E-02  1.65761E-02  1.66658E-02  1.67260E-02  1.67563E-02
       .            .            .            .            .            .
       .            .            .            .            .            .
       .            .            .            .            .            .
 -9.44155E-03 -9.43641E-03 -9.42613E-03 -9.41071E-03 -9.39015E-03 -9.36444E-03

338434 out of 512000 gridpoints are considered ( 66.1%).

...done!

 writing cube file quadrupole_expansion.cube                                                                                                                                                                                                                                                                                                                                                                                                                                                                                                                                                                                                                                                                                                                                                                                                                                                                                                                                                                                                                                       
Written cubefile and slice data
Running in analysis mode

Reading "/data/boittier/energies/h2o_geom.xyz.dir/h2o_618.chk.fchk.potential.cube"...

  h2o Potential=SCF
  Electrostatic potential from Total SCF Density
    3   -4.970736   -4.751812   -4.970736
   80    0.125841    0.000000    0.000000
   80    0.000000    0.125841    0.000000
   80    0.000000    0.000000    0.125841
    8    8.000000    0.000000    0.218924    0.000000
    1    1.000000    1.412453   -0.922190    0.000000
    1    1.000000   -1.412453   -0.829203    0.000000
  6.05421E-03  6.27133E-03  6.49521E-03  6.72583E-03  6.96314E-03  7.20705E-03
       .            .            .            .            .            .
       .            .            .            .            .            .
       .            .            .            .            .            .
 -6.81950E-03 -6.69813E-03 -6.57678E-03 -6.45563E-03 -6.33482E-03 -6.21451E-03

512000 out of 512000 gridpoints are considered (100.0%).

...done!

Reading "/home/boittier/esp_check/quadrupole_expansion.cube"...

  Fitted ESP
  Electrostatic potential fitted from quadrupole expansion.
    3   -4.970736   -4.751812   -4.970736
   80    0.125841    0.000000    0.000000
   80    0.000000    0.125841    0.000000
   80    0.000000    0.000000    0.125841
    8    8.000000    0.000000    0.218924    0.000000
    1    1.000000    1.412453   -0.922190    0.000000
    1    1.000000   -1.412453   -0.829203    0.000000
  5.99898E-03  6.21007E-03  6.42751E-03  6.65128E-03  6.88131E-03  7.11752E-03
       .            .            .            .            .            .
       .            .            .            .            .            .
       .            .            .            .            .            .
 -6.77027E-03 -6.65381E-03 -6.53710E-03 -6.42029E-03 -6.30355E-03 -6.18704E-03

512000 out of 512000 gridpoints are considered (100.0%).

...done!

                       Measure       RMSE[kcal/mol/e]   MaxError[kcal/mol/e]   NPoints
                         Total        6.806379733E-01        4.687809488E+00    408018
Close (  1.20 < r <   1.66 )          1.077701441E+00        4.687809488E+00    142848
Mid-range ( 1.66 < r <  2.20)         3.362701913E-01        1.059549738E+00    195586
Far-range (  2.20         < r)        1.196313348E-01        3.182100517E-01     69584
Did analysis and wrote slice data
