/home/boittier/esp_check
h2o_1536
/data/boittier/energies/h2o_geom.xyz.dir
Read multipoles for 3 atoms with max. rank 2
Running in generate mode

Reading "/data/boittier/energies/h2o_geom.xyz.dir/h2o_1536.chk.fchk.potential.cube"...

  h2o Potential=SCF
  Electrostatic potential from Total SCF Density
    3   -4.970736   -4.750005   -4.970736
   80    0.125841    0.000000    0.000000
   80    0.000000    0.125841    0.000000
   80    0.000000    0.000000    0.125841
    8    8.000000    0.000000    0.220731    0.000000
    1    1.000000    1.433682   -0.890734    0.000000
    1    1.000000   -1.433682   -0.875111    0.000000
  1.66200E-02  1.66789E-02  1.67085E-02  1.67085E-02  1.66789E-02  1.66200E-02
       .            .            .            .            .            .
       .            .            .            .            .            .
       .            .            .            .            .            .
 -9.11461E-03 -9.11005E-03 -9.10091E-03 -9.08719E-03 -9.06888E-03 -9.04595E-03

338225 out of 512000 gridpoints are considered ( 66.1%).

...done!

 writing cube file quadrupole_expansion.cube                                                                                                                                                                                                                                                                                                                                                                                                                                                                                                                                                                                                                                                                                                                                                                                                                                                                                                                                                                                                                                       
Written cubefile and slice data
Running in analysis mode

Reading "/data/boittier/energies/h2o_geom.xyz.dir/h2o_1536.chk.fchk.potential.cube"...

  h2o Potential=SCF
  Electrostatic potential from Total SCF Density
    3   -4.970736   -4.750005   -4.970736
   80    0.125841    0.000000    0.000000
   80    0.000000    0.125841    0.000000
   80    0.000000    0.000000    0.125841
    8    8.000000    0.000000    0.220731    0.000000
    1    1.000000    1.433682   -0.890734    0.000000
    1    1.000000   -1.433682   -0.875111    0.000000
  6.11029E-03  6.33231E-03  6.56138E-03  6.79749E-03  7.04060E-03  7.29063E-03
       .            .            .            .            .            .
       .            .            .            .            .            .
       .            .            .            .            .            .
 -6.71395E-03 -6.59637E-03 -6.47872E-03 -6.36118E-03 -6.24389E-03 -6.12701E-03

512000 out of 512000 gridpoints are considered (100.0%).

...done!

Reading "/home/boittier/esp_check/quadrupole_expansion.cube"...

  Fitted ESP
  Electrostatic potential fitted from quadrupole expansion.
    3   -4.970736   -4.750005   -4.970736
   80    0.125841    0.000000    0.000000
   80    0.000000    0.125841    0.000000
   80    0.000000    0.000000    0.125841
    8    8.000000    0.000000    0.220731    0.000000
    1    1.000000    1.433682   -0.890734    0.000000
    1    1.000000   -1.433682   -0.875111    0.000000
  6.05139E-03  6.26715E-03  6.48954E-03  6.71854E-03  6.95411E-03  7.19615E-03
       .            .            .            .            .            .
       .            .            .            .            .            .
       .            .            .            .            .            .
 -6.66031E-03 -6.54782E-03 -6.43499E-03 -6.32196E-03 -6.20892E-03 -6.09600E-03

512000 out of 512000 gridpoints are considered (100.0%).

...done!

                       Measure       RMSE[kcal/mol/e]   MaxError[kcal/mol/e]   NPoints
                         Total        6.828596477E-01        4.696594621E+00    407533
Close (  1.20 < r <   1.66 )          1.079960399E+00        4.696594621E+00    143103
Mid-range ( 1.66 < r <  2.20)         3.368398877E-01        1.070656656E+00    195122
Far-range (  2.20         < r)        1.194966125E-01        3.209710934E-01     69308
Did analysis and wrote slice data
