/home/boittier/esp_check
h2o_1618
/data/boittier/energies/h2o_geom.xyz.dir
Read multipoles for 3 atoms with max. rank 2
Running in generate mode

Reading "/data/boittier/energies/h2o_geom.xyz.dir/h2o_1618.chk.fchk.potential.cube"...

  h2o Potential=SCF
  Electrostatic potential from Total SCF Density
    3   -4.970736   -4.736797   -4.970736
   80    0.125841    0.000000    0.000000
   80    0.000000    0.125841    0.000000
   80    0.000000    0.000000    0.125841
    8    8.000000    0.000000    0.233938    0.000000
    1    1.000000    1.450422   -0.858299    0.000000
    1    1.000000   -1.450422   -1.013209    0.000000
  1.70995E-02  1.72201E-02  1.73114E-02  1.73728E-02  1.74036E-02  1.74036E-02
       .            .            .            .            .            .
       .            .            .            .            .            .
       .            .            .            .            .            .
 -8.79271E-03 -8.78884E-03 -8.78109E-03 -8.76943E-03 -8.75384E-03 -8.73427E-03

337751 out of 512000 gridpoints are considered ( 66.0%).

...done!

 writing cube file quadrupole_expansion.cube                                                                                                                                                                                                                                                                                                                                                                                                                                                                                                                                                                                                                                                                                                                                                                                                                                                                                                                                                                                                                                       
Written cubefile and slice data
Running in analysis mode

Reading "/data/boittier/energies/h2o_geom.xyz.dir/h2o_1618.chk.fchk.potential.cube"...

  h2o Potential=SCF
  Electrostatic potential from Total SCF Density
    3   -4.970736   -4.736797   -4.970736
   80    0.125841    0.000000    0.000000
   80    0.000000    0.125841    0.000000
   80    0.000000    0.000000    0.125841
    8    8.000000    0.000000    0.233938    0.000000
    1    1.000000    1.450422   -0.858299    0.000000
    1    1.000000   -1.450422   -1.013209    0.000000
  6.37860E-03  6.61553E-03  6.86028E-03  7.11284E-03  7.37320E-03  7.64131E-03
       .            .            .            .            .            .
       .            .            .            .            .            .
       .            .            .            .            .            .
 -6.64163E-03 -6.52862E-03 -6.41541E-03 -6.30215E-03 -6.18901E-03 -6.07612E-03

512000 out of 512000 gridpoints are considered (100.0%).

...done!

Reading "/home/boittier/esp_check/quadrupole_expansion.cube"...

  Fitted ESP
  Electrostatic potential fitted from quadrupole expansion.
    3   -4.970736   -4.736797   -4.970736
   80    0.125841    0.000000    0.000000
   80    0.000000    0.125841    0.000000
   80    0.000000    0.000000    0.125841
    8    8.000000    0.000000    0.233938    0.000000
    1    1.000000    1.450422   -0.858299    0.000000
    1    1.000000   -1.450422   -1.013209    0.000000
  6.31579E-03  6.54610E-03  6.78377E-03  7.02882E-03  7.28121E-03  7.54087E-03
       .            .            .            .            .            .
       .            .            .            .            .            .
       .            .            .            .            .            .
 -6.58338E-03 -6.47566E-03 -6.36743E-03 -6.25888E-03 -6.15016E-03 -6.04141E-03

512000 out of 512000 gridpoints are considered (100.0%).

...done!

                       Measure       RMSE[kcal/mol/e]   MaxError[kcal/mol/e]   NPoints
                         Total        6.739105716E-01        4.725962064E+00    406255
Close (  1.20 < r <   1.66 )          1.062203576E+00        4.725962064E+00    143851
Mid-range ( 1.66 < r <  2.20)         3.312597525E-01        1.081763574E+00    193900
Far-range (  2.20         < r)        1.160131392E-01        3.269324333E-01     68504
Did analysis and wrote slice data
