/home/boittier/esp_check
h2o_802
/data/boittier/energies/h2o_geom.xyz.dir
Read multipoles for 3 atoms with max. rank 2
Running in generate mode

Reading "/data/boittier/energies/h2o_geom.xyz.dir/h2o_802.chk.fchk.potential.cube"...

  h2o Potential=SCF
  Electrostatic potential from Total SCF Density
    3   -4.970736   -4.747710   -4.970736
   80    0.125841    0.000000    0.000000
   80    0.000000    0.125841    0.000000
   80    0.000000    0.000000    0.125841
    8    8.000000    0.000000    0.223025    0.000000
    1    1.000000    1.413130   -0.914672    0.000000
    1    1.000000   -1.413130   -0.869529    0.000000
  1.64623E-02  1.66399E-02  1.67902E-02  1.69120E-02  1.70043E-02  1.70663E-02
       .            .            .            .            .            .
       .            .            .            .            .            .
       .            .            .            .            .            .
 -9.38490E-03 -9.37991E-03 -9.36992E-03 -9.35494E-03 -9.33495E-03 -9.30995E-03

338306 out of 512000 gridpoints are considered ( 66.1%).

...done!

 writing cube file quadrupole_expansion.cube                                                                                                                                                                                                                                                                                                                                                                                                                                                                                                                                                                                                                                                                                                                                                                                                                                                                                                                                                                                                                                       
Written cubefile and slice data
Running in analysis mode

Reading "/data/boittier/energies/h2o_geom.xyz.dir/h2o_802.chk.fchk.potential.cube"...

  h2o Potential=SCF
  Electrostatic potential from Total SCF Density
    3   -4.970736   -4.747710   -4.970736
   80    0.125841    0.000000    0.000000
   80    0.000000    0.125841    0.000000
   80    0.000000    0.000000    0.125841
    8    8.000000    0.000000    0.223025    0.000000
    1    1.000000    1.413130   -0.914672    0.000000
    1    1.000000   -1.413130   -0.869529    0.000000
  6.14489E-03  6.36636E-03  6.59479E-03  6.83016E-03  7.07243E-03  7.32152E-03
       .            .            .            .            .            .
       .            .            .            .            .            .
       .            .            .            .            .            .
 -6.81307E-03 -6.69263E-03 -6.57218E-03 -6.45188E-03 -6.33190E-03 -6.21237E-03

512000 out of 512000 gridpoints are considered (100.0%).

...done!

Reading "/home/boittier/esp_check/quadrupole_expansion.cube"...

  Fitted ESP
  Electrostatic potential fitted from quadrupole expansion.
    3   -4.970736   -4.747710   -4.970736
   80    0.125841    0.000000    0.000000
   80    0.000000    0.125841    0.000000
   80    0.000000    0.000000    0.125841
    8    8.000000    0.000000    0.223025    0.000000
    1    1.000000    1.413130   -0.914672    0.000000
    1    1.000000   -1.413130   -0.869529    0.000000
  6.08832E-03  6.30365E-03  6.52551E-03  6.75390E-03  6.98875E-03  7.22999E-03
       .            .            .            .            .            .
       .            .            .            .            .            .
       .            .            .            .            .            .
 -6.76237E-03 -6.64692E-03 -6.53117E-03 -6.41529E-03 -6.29944E-03 -6.18378E-03

512000 out of 512000 gridpoints are considered (100.0%).

...done!

                       Measure       RMSE[kcal/mol/e]   MaxError[kcal/mol/e]   NPoints
                         Total        6.775146184E-01        4.698163394E+00    407718
Close (  1.20 < r <   1.66 )          1.071934162E+00        4.698163394E+00    143014
Mid-range ( 1.66 < r <  2.20)         3.344643563E-01        1.059988995E+00    195292
Far-range (  2.20         < r)        1.186614483E-01        3.195717473E-01     69412
Did analysis and wrote slice data
