/home/boittier/esp_check
h2o_727
/data/boittier/energies/h2o_geom.xyz.dir
Read multipoles for 3 atoms with max. rank 2
Running in generate mode

Reading "/data/boittier/energies/h2o_geom.xyz.dir/h2o_727.chk.fchk.potential.cube"...

  h2o Potential=SCF
  Electrostatic potential from Total SCF Density
    3   -4.970736   -4.757012   -4.970736
   80    0.125841    0.000000    0.000000
   80    0.000000    0.125841    0.000000
   80    0.000000    0.000000    0.125841
    8    8.000000    0.000000    0.213724    0.000000
    1    1.000000    1.489431   -0.816282    0.000000
    1    1.000000   -1.489431   -0.893507    0.000000
  1.64940E-02  1.66429E-02  1.67636E-02  1.68551E-02  1.69165E-02  1.69473E-02
       .            .            .            .            .            .
       .            .            .            .            .            .
       .            .            .            .            .            .
 -8.27336E-03 -8.27015E-03 -8.26371E-03 -8.25401E-03 -8.24100E-03 -8.22462E-03

337802 out of 512000 gridpoints are considered ( 66.0%).

...done!

 writing cube file quadrupole_expansion.cube                                                                                                                                                                                                                                                                                                                                                                                                                                                                                                                                                                                                                                                                                                                                                                                                                                                                                                                                                                                                                                       
Written cubefile and slice data
Running in analysis mode

Reading "/data/boittier/energies/h2o_geom.xyz.dir/h2o_727.chk.fchk.potential.cube"...

  h2o Potential=SCF
  Electrostatic potential from Total SCF Density
    3   -4.970736   -4.757012   -4.970736
   80    0.125841    0.000000    0.000000
   80    0.000000    0.125841    0.000000
   80    0.000000    0.000000    0.125841
    8    8.000000    0.000000    0.213724    0.000000
    1    1.000000    1.489431   -0.816282    0.000000
    1    1.000000   -1.489431   -0.893507    0.000000
  6.02219E-03  6.24632E-03  6.47777E-03  6.71655E-03  6.96265E-03  7.21599E-03
       .            .            .            .            .            .
       .            .            .            .            .            .
       .            .            .            .            .            .
 -6.40668E-03 -6.29809E-03 -6.18928E-03 -6.08040E-03 -5.97159E-03 -5.86301E-03

512000 out of 512000 gridpoints are considered (100.0%).

...done!

Reading "/home/boittier/esp_check/quadrupole_expansion.cube"...

  Fitted ESP
  Electrostatic potential fitted from quadrupole expansion.
    3   -4.970736   -4.757012   -4.970736
   80    0.125841    0.000000    0.000000
   80    0.000000    0.125841    0.000000
   80    0.000000    0.000000    0.125841
    8    8.000000    0.000000    0.213724    0.000000
    1    1.000000    1.489431   -0.816282    0.000000
    1    1.000000   -1.489431   -0.893507    0.000000
  5.95646E-03  6.17399E-03  6.39842E-03  6.62974E-03  6.86792E-03  7.11289E-03
       .            .            .            .            .            .
       .            .            .            .            .            .
       .            .            .            .            .            .
 -6.34436E-03 -6.24119E-03 -6.13749E-03 -6.03344E-03 -5.92917E-03 -5.82485E-03

512000 out of 512000 gridpoints are considered (100.0%).

...done!

                       Measure       RMSE[kcal/mol/e]   MaxError[kcal/mol/e]   NPoints
                         Total        6.954007662E-01        4.692139304E+00    406968
Close (  1.20 < r <   1.66 )          1.098899247E+00        4.692139304E+00    143177
Mid-range ( 1.66 < r <  2.20)         3.428488594E-01        1.130395557E+00    194625
Far-range (  2.20         < r)        1.218900126E-01        3.246545740E-01     69166
Did analysis and wrote slice data
