/home/boittier/esp_check
h2o_708
/data/boittier/energies/h2o_geom.xyz.dir
Read multipoles for 3 atoms with max. rank 2
Running in generate mode

Reading "/data/boittier/energies/h2o_geom.xyz.dir/h2o_708.chk.fchk.potential.cube"...

  h2o Potential=SCF
  Electrostatic potential from Total SCF Density
    3   -4.970736   -4.746392   -4.970736
   80    0.125841    0.000000    0.000000
   80    0.000000    0.125841    0.000000
   80    0.000000    0.000000    0.125841
    8    8.000000    0.000000    0.224344    0.000000
    1    1.000000    1.434807   -0.886878    0.000000
    1    1.000000   -1.434807   -0.907872    0.000000
  1.66905E-02  1.68091E-02  1.68990E-02  1.69594E-02  1.69897E-02  1.69897E-02
       .            .            .            .            .            .
       .            .            .            .            .            .
       .            .            .            .            .            .
 -9.08357E-03 -9.07910E-03 -9.07017E-03 -9.05674E-03 -9.03881E-03 -9.01636E-03

338101 out of 512000 gridpoints are considered ( 66.0%).

...done!

 writing cube file quadrupole_expansion.cube                                                                                                                                                                                                                                                                                                                                                                                                                                                                                                                                                                                                                                                                                                                                                                                                                                                                                                                                                                                                                                       
Written cubefile and slice data
Running in analysis mode

Reading "/data/boittier/energies/h2o_geom.xyz.dir/h2o_708.chk.fchk.potential.cube"...

  h2o Potential=SCF
  Electrostatic potential from Total SCF Density
    3   -4.970736   -4.746392   -4.970736
   80    0.125841    0.000000    0.000000
   80    0.000000    0.125841    0.000000
   80    0.000000    0.000000    0.125841
    8    8.000000    0.000000    0.224344    0.000000
    1    1.000000    1.434807   -0.886878    0.000000
    1    1.000000   -1.434807   -0.907872    0.000000
  6.18484E-03  6.41048E-03  6.64333E-03  6.88340E-03  7.13065E-03  7.38499E-03
       .            .            .            .            .            .
       .            .            .            .            .            .
       .            .            .            .            .            .
 -6.71493E-03 -6.59795E-03 -6.48089E-03 -6.36390E-03 -6.24713E-03 -6.13075E-03

512000 out of 512000 gridpoints are considered (100.0%).

...done!

Reading "/home/boittier/esp_check/quadrupole_expansion.cube"...

  Fitted ESP
  Electrostatic potential fitted from quadrupole expansion.
    3   -4.970736   -4.746392   -4.970736
   80    0.125841    0.000000    0.000000
   80    0.000000    0.125841    0.000000
   80    0.000000    0.000000    0.125841
    8    8.000000    0.000000    0.224344    0.000000
    1    1.000000    1.434807   -0.886878    0.000000
    1    1.000000   -1.434807   -0.907872    0.000000
  6.12514E-03  6.34444E-03  6.57052E-03  6.80339E-03  7.04299E-03  7.28924E-03
       .            .            .            .            .            .
       .            .            .            .            .            .
       .            .            .            .            .            .
 -6.66044E-03 -6.54860E-03 -6.43638E-03 -6.32395E-03 -6.21147E-03 -6.09909E-03

512000 out of 512000 gridpoints are considered (100.0%).

...done!

                       Measure       RMSE[kcal/mol/e]   MaxError[kcal/mol/e]   NPoints
                         Total        6.799019523E-01        4.705630757E+00    407237
Close (  1.20 < r <   1.66 )          1.074398515E+00        4.705630757E+00    143265
Mid-range ( 1.66 < r <  2.20)         3.353012256E-01        1.072037177E+00    194836
Far-range (  2.20         < r)        1.185644809E-01        3.222825882E-01     69136
Did analysis and wrote slice data
