/home/boittier/esp_check
h2o_684
/data/boittier/energies/h2o_geom.xyz.dir
Read multipoles for 3 atoms with max. rank 2
Running in generate mode

Reading "/data/boittier/energies/h2o_geom.xyz.dir/h2o_684.chk.fchk.potential.cube"...

  h2o Potential=SCF
  Electrostatic potential from Total SCF Density
    3   -4.970736   -4.745313   -4.970736
   80    0.125841    0.000000    0.000000
   80    0.000000    0.125841    0.000000
   80    0.000000    0.000000    0.125841
    8    8.000000    0.000000    0.225423    0.000000
    1    1.000000    1.439058   -0.882039    0.000000
    1    1.000000   -1.439058   -0.921341    0.000000
  1.66619E-02  1.68100E-02  1.69301E-02  1.70210E-02  1.70821E-02  1.71128E-02
       .            .            .            .            .            .
       .            .            .            .            .            .
       .            .            .            .            .            .
 -9.02961E-03 -9.02525E-03 -9.01652E-03 -9.00341E-03 -8.98590E-03 -8.96395E-03

338066 out of 512000 gridpoints are considered ( 66.0%).

...done!

 writing cube file quadrupole_expansion.cube                                                                                                                                                                                                                                                                                                                                                                                                                                                                                                                                                                                                                                                                                                                                                                                                                                                                                                                                                                                                                                       
Written cubefile and slice data
Running in analysis mode

Reading "/data/boittier/energies/h2o_geom.xyz.dir/h2o_684.chk.fchk.potential.cube"...

  h2o Potential=SCF
  Electrostatic potential from Total SCF Density
    3   -4.970736   -4.745313   -4.970736
   80    0.125841    0.000000    0.000000
   80    0.000000    0.125841    0.000000
   80    0.000000    0.000000    0.125841
    8    8.000000    0.000000    0.225423    0.000000
    1    1.000000    1.439058   -0.882039    0.000000
    1    1.000000   -1.439058   -0.921341    0.000000
  6.20789E-03  6.43504E-03  6.66949E-03  6.91125E-03  7.16026E-03  7.41647E-03
       .            .            .            .            .            .
       .            .            .            .            .            .
       .            .            .            .            .            .
 -6.70025E-03 -6.58395E-03 -6.46755E-03 -6.35120E-03 -6.23507E-03 -6.11929E-03

512000 out of 512000 gridpoints are considered (100.0%).

...done!

Reading "/home/boittier/esp_check/quadrupole_expansion.cube"...

  Fitted ESP
  Electrostatic potential fitted from quadrupole expansion.
    3   -4.970736   -4.745313   -4.970736
   80    0.125841    0.000000    0.000000
   80    0.000000    0.125841    0.000000
   80    0.000000    0.000000    0.125841
    8    8.000000    0.000000    0.225423    0.000000
    1    1.000000    1.439058   -0.882039    0.000000
    1    1.000000   -1.439058   -0.921341    0.000000
  6.14756E-03  6.36832E-03  6.59595E-03  6.83045E-03  7.07176E-03  7.31982E-03
       .            .            .            .            .            .
       .            .            .            .            .            .
       .            .            .            .            .            .
 -6.64503E-03 -6.53390E-03 -6.42237E-03 -6.31061E-03 -6.19879E-03 -6.08704E-03

512000 out of 512000 gridpoints are considered (100.0%).

...done!

                       Measure       RMSE[kcal/mol/e]   MaxError[kcal/mol/e]   NPoints
                         Total        6.797535815E-01        4.709521316E+00    407100
Close (  1.20 < r <   1.66 )          1.073792842E+00        4.709521316E+00    143344
Mid-range ( 1.66 < r <  2.20)         3.350600611E-01        1.075049222E+00    194722
Far-range (  2.20         < r)        1.182946245E-01        3.231799267E-01     69034
Did analysis and wrote slice data
