/home/boittier/esp_check
h2o_1594
/data/boittier/energies/h2o_geom.xyz.dir
Read multipoles for 3 atoms with max. rank 2
Running in generate mode

Reading "/data/boittier/energies/h2o_geom.xyz.dir/h2o_1594.chk.fchk.potential.cube"...

  h2o Potential=SCF
  Electrostatic potential from Total SCF Density
    3   -4.970736   -4.736811   -4.970736
   80    0.125841    0.000000    0.000000
   80    0.000000    0.125841    0.000000
   80    0.000000    0.000000    0.125841
    8    8.000000    0.000000    0.233925    0.000000
    1    1.000000    1.358507   -0.997172    0.000000
    1    1.000000   -1.358507   -0.874226    0.000000
  1.66723E-02  1.68195E-02  1.69387E-02  1.70291E-02  1.70897E-02  1.71202E-02
       .            .            .            .            .            .
       .            .            .            .            .            .
       .            .            .            .            .            .
 -1.02304E-02 -1.02242E-02 -1.02117E-02 -1.01931E-02 -1.01683E-02 -1.01373E-02

338500 out of 512000 gridpoints are considered ( 66.1%).

...done!

 writing cube file quadrupole_expansion.cube                                                                                                                                                                                                                                                                                                                                                                                                                                                                                                                                                                                                                                                                                                                                                                                                                                                                                                                                                                                                                                       
Written cubefile and slice data
Running in analysis mode

Reading "/data/boittier/energies/h2o_geom.xyz.dir/h2o_1594.chk.fchk.potential.cube"...

  h2o Potential=SCF
  Electrostatic potential from Total SCF Density
    3   -4.970736   -4.736811   -4.970736
   80    0.125841    0.000000    0.000000
   80    0.000000    0.125841    0.000000
   80    0.000000    0.000000    0.125841
    8    8.000000    0.000000    0.233925    0.000000
    1    1.000000    1.358507   -0.997172    0.000000
    1    1.000000   -1.358507   -0.874226    0.000000
  6.32004E-03  6.54325E-03  6.77330E-03  7.01016E-03  7.25378E-03  7.50407E-03
       .            .            .            .            .            .
       .            .            .            .            .            .
       .            .            .            .            .            .
 -7.14533E-03 -7.01626E-03 -6.88730E-03 -6.75863E-03 -6.63041E-03 -6.50281E-03

512000 out of 512000 gridpoints are considered (100.0%).

...done!

Reading "/home/boittier/esp_check/quadrupole_expansion.cube"...

  Fitted ESP
  Electrostatic potential fitted from quadrupole expansion.
    3   -4.970736   -4.736811   -4.970736
   80    0.125841    0.000000    0.000000
   80    0.000000    0.125841    0.000000
   80    0.000000    0.000000    0.125841
    8    8.000000    0.000000    0.233925    0.000000
    1    1.000000    1.358507   -0.997172    0.000000
    1    1.000000   -1.358507   -0.874226    0.000000
  6.27032E-03  6.48768E-03  6.71147E-03  6.94167E-03  7.17819E-03  7.42096E-03
       .            .            .            .            .            .
       .            .            .            .            .            .
       .            .            .            .            .            .
 -7.10404E-03 -6.97961E-03 -6.85500E-03 -6.73041E-03 -6.60601E-03 -6.48195E-03

512000 out of 512000 gridpoints are considered (100.0%).

...done!

                       Measure       RMSE[kcal/mol/e]   MaxError[kcal/mol/e]   NPoints
                         Total        6.585318113E-01        4.706572021E+00    407876
Close (  1.20 < r <   1.66 )          1.042430305E+00        4.706572021E+00    142936
Mid-range ( 1.66 < r <  2.20)         3.249426206E-01        1.023279691E+00    195564
Far-range (  2.20         < r)        1.144709276E-01        3.158255157E-01     69376
Did analysis and wrote slice data
