/home/boittier/esp_check
h2o_874
/data/boittier/energies/h2o_geom.xyz.dir
Read multipoles for 3 atoms with max. rank 2
Running in generate mode

Reading "/data/boittier/energies/h2o_geom.xyz.dir/h2o_874.chk.fchk.potential.cube"...

  h2o Potential=SCF
  Electrostatic potential from Total SCF Density
    3   -4.970736   -4.745070   -4.970736
   80    0.125841    0.000000    0.000000
   80    0.000000    0.125841    0.000000
   80    0.000000    0.000000    0.125841
    8    8.000000    0.000000    0.225665    0.000000
    1    1.000000    1.445787   -0.870443    0.000000
    1    1.000000   -1.445787   -0.934880    0.000000
  1.66001E-02  1.67774E-02  1.69274E-02  1.70490E-02  1.71411E-02  1.72030E-02
       .            .            .            .            .            .
       .            .            .            .            .            .
       .            .            .            .            .            .
 -8.90953E-03 -8.90538E-03 -8.89705E-03 -8.88455E-03 -8.86783E-03 -8.84687E-03

337995 out of 512000 gridpoints are considered ( 66.0%).

...done!

 writing cube file quadrupole_expansion.cube                                                                                                                                                                                                                                                                                                                                                                                                                                                                                                                                                                                                                                                                                                                                                                                                                                                                                                                                                                                                                                       
Written cubefile and slice data
Running in analysis mode

Reading "/data/boittier/energies/h2o_geom.xyz.dir/h2o_874.chk.fchk.potential.cube"...

  h2o Potential=SCF
  Electrostatic potential from Total SCF Density
    3   -4.970736   -4.745070   -4.970736
   80    0.125841    0.000000    0.000000
   80    0.000000    0.125841    0.000000
   80    0.000000    0.000000    0.125841
    8    8.000000    0.000000    0.225665    0.000000
    1    1.000000    1.445787   -0.870443    0.000000
    1    1.000000   -1.445787   -0.934880    0.000000
  6.22061E-03  6.44920E-03  6.68518E-03  6.92855E-03  7.17929E-03  7.43731E-03
       .            .            .            .            .            .
       .            .            .            .            .            .
       .            .            .            .            .            .
 -6.65931E-03 -6.54439E-03 -6.42933E-03 -6.31429E-03 -6.19944E-03 -6.08491E-03

512000 out of 512000 gridpoints are considered (100.0%).

...done!

Reading "/home/boittier/esp_check/quadrupole_expansion.cube"...

  Fitted ESP
  Electrostatic potential fitted from quadrupole expansion.
    3   -4.970736   -4.745070   -4.970736
   80    0.125841    0.000000    0.000000
   80    0.000000    0.125841    0.000000
   80    0.000000    0.000000    0.125841
    8    8.000000    0.000000    0.225665    0.000000
    1    1.000000    1.445787   -0.870443    0.000000
    1    1.000000   -1.445787   -0.934880    0.000000
  6.15917E-03  6.38130E-03  6.61039E-03  6.84643E-03  7.08939E-03  7.33918E-03
       .            .            .            .            .            .
       .            .            .            .            .            .
       .            .            .            .            .            .
 -6.60266E-03 -6.49296E-03 -6.38283E-03 -6.27244E-03 -6.16194E-03 -6.05150E-03

512000 out of 512000 gridpoints are considered (100.0%).

...done!

                       Measure       RMSE[kcal/mol/e]   MaxError[kcal/mol/e]   NPoints
                         Total        6.806048472E-01        4.711905852E+00    406963
Close (  1.20 < r <   1.66 )          1.074849368E+00        4.711905852E+00    143389
Mid-range ( 1.66 < r <  2.20)         3.353929724E-01        1.079253536E+00    194606
Far-range (  2.20         < r)        1.183612646E-01        3.240333396E-01     68968
Did analysis and wrote slice data
