/home/boittier/esp_check
h2o_399
/data/boittier/energies/h2o_geom.xyz.dir
Read multipoles for 3 atoms with max. rank 2
Running in generate mode

Reading "/data/boittier/energies/h2o_geom.xyz.dir/h2o_399.chk.fchk.potential.cube"...

  h2o Potential=SCF
  Electrostatic potential from Total SCF Density
    3   -4.970736   -4.752791   -4.970736
   80    0.125841    0.000000    0.000000
   80    0.000000    0.125841    0.000000
   80    0.000000    0.000000    0.125841
    8    8.000000    0.000000    0.217944    0.000000
    1    1.000000    1.465954   -0.843449    0.000000
    1    1.000000   -1.465954   -0.900105    0.000000
  1.65105E-02  1.66583E-02  1.67782E-02  1.68689E-02  1.69299E-02  1.69605E-02
       .            .            .            .            .            .
       .            .            .            .            .            .
       .            .            .            .            .            .
 -8.60019E-03 -8.59646E-03 -8.58899E-03 -8.57776E-03 -8.56273E-03 -8.54386E-03

337956 out of 512000 gridpoints are considered ( 66.0%).

...done!

 writing cube file quadrupole_expansion.cube                                                                                                                                                                                                                                                                                                                                                                                                                                                                                                                                                                                                                                                                                                                                                                                                                                                                                                                                                                                                                                       
Written cubefile and slice data
Running in analysis mode

Reading "/data/boittier/energies/h2o_geom.xyz.dir/h2o_399.chk.fchk.potential.cube"...

  h2o Potential=SCF
  Electrostatic potential from Total SCF Density
    3   -4.970736   -4.752791   -4.970736
   80    0.125841    0.000000    0.000000
   80    0.000000    0.125841    0.000000
   80    0.000000    0.000000    0.125841
    8    8.000000    0.000000    0.217944    0.000000
    1    1.000000    1.465954   -0.843449    0.000000
    1    1.000000   -1.465954   -0.900105    0.000000
  6.08843E-03  6.31313E-03  6.54510E-03  6.78437E-03  7.03088E-03  7.28457E-03
       .            .            .            .            .            .
       .            .            .            .            .            .
       .            .            .            .            .            .
 -6.52933E-03 -6.41734E-03 -6.30519E-03 -6.19303E-03 -6.08102E-03 -5.96928E-03

512000 out of 512000 gridpoints are considered (100.0%).

...done!

Reading "/home/boittier/esp_check/quadrupole_expansion.cube"...

  Fitted ESP
  Electrostatic potential fitted from quadrupole expansion.
    3   -4.970736   -4.752791   -4.970736
   80    0.125841    0.000000    0.000000
   80    0.000000    0.125841    0.000000
   80    0.000000    0.000000    0.125841
    8    8.000000    0.000000    0.217944    0.000000
    1    1.000000    1.465954   -0.843449    0.000000
    1    1.000000   -1.465954   -0.900105    0.000000
  6.02505E-03  6.24326E-03  6.46831E-03  6.70021E-03  6.93891E-03  7.18435E-03
       .            .            .            .            .            .
       .            .            .            .            .            .
       .            .            .            .            .            .
 -6.46998E-03 -6.36331E-03 -6.25618E-03 -6.14875E-03 -6.04118E-03 -5.93361E-03

512000 out of 512000 gridpoints are considered (100.0%).

...done!

                       Measure       RMSE[kcal/mol/e]   MaxError[kcal/mol/e]   NPoints
                         Total        6.893905477E-01        4.697975142E+00    407112
Close (  1.20 < r <   1.66 )          1.089485192E+00        4.697975142E+00    143190
Mid-range ( 1.66 < r <  2.20)         3.399978354E-01        1.103412650E+00    194766
Far-range (  2.20         < r)        1.205943083E-01        3.237697856E-01     69156
Did analysis and wrote slice data
