/home/boittier/esp_check
h2o_1644
/data/boittier/energies/h2o_geom.xyz.dir
Read multipoles for 3 atoms with max. rank 2
Running in generate mode

Reading "/data/boittier/energies/h2o_geom.xyz.dir/h2o_1644.chk.fchk.potential.cube"...

  h2o Potential=SCF
  Electrostatic potential from Total SCF Density
    3   -4.970736   -4.728273   -4.970736
   80    0.125841    0.000000    0.000000
   80    0.000000    0.125841    0.000000
   80    0.000000    0.000000    0.125841
    8    8.000000    0.000000    0.242462    0.000000
    1    1.000000    1.408830   -0.925649    0.000000
    1    1.000000   -1.408830   -1.014049    0.000000
  1.71908E-02  1.72804E-02  1.73406E-02  1.73708E-02  1.73708E-02  1.73406E-02
       .            .            .            .            .            .
       .            .            .            .            .            .
       .            .            .            .            .            .
 -9.49011E-03 -9.48519E-03 -9.47535E-03 -9.46057E-03 -9.44085E-03 -9.41617E-03

337902 out of 512000 gridpoints are considered ( 66.0%).

...done!

 writing cube file quadrupole_expansion.cube                                                                                                                                                                                                                                                                                                                                                                                                                                                                                                                                                                                                                                                                                                                                                                                                                                                                                                                                                                                                                                       
Written cubefile and slice data
Running in analysis mode

Reading "/data/boittier/energies/h2o_geom.xyz.dir/h2o_1644.chk.fchk.potential.cube"...

  h2o Potential=SCF
  Electrostatic potential from Total SCF Density
    3   -4.970736   -4.728273   -4.970736
   80    0.125841    0.000000    0.000000
   80    0.000000    0.125841    0.000000
   80    0.000000    0.000000    0.125841
    8    8.000000    0.000000    0.242462    0.000000
    1    1.000000    1.408830   -0.925649    0.000000
    1    1.000000   -1.408830   -1.014049    0.000000
  6.48639E-03  6.72340E-03  6.96806E-03  7.22039E-03  7.48036E-03  7.74789E-03
       .            .            .            .            .            .
       .            .            .            .            .            .
       .            .            .            .            .            .
 -6.90994E-03 -6.78969E-03 -6.66935E-03 -6.54909E-03 -6.42907E-03 -6.30943E-03

512000 out of 512000 gridpoints are considered (100.0%).

...done!

Reading "/home/boittier/esp_check/quadrupole_expansion.cube"...

  Fitted ESP
  Electrostatic potential fitted from quadrupole expansion.
    3   -4.970736   -4.728273   -4.970736
   80    0.125841    0.000000    0.000000
   80    0.000000    0.125841    0.000000
   80    0.000000    0.000000    0.125841
    8    8.000000    0.000000    0.242462    0.000000
    1    1.000000    1.408830   -0.925649    0.000000
    1    1.000000   -1.408830   -1.014049    0.000000
  6.42932E-03  6.65995E-03  6.89780E-03  7.14287E-03  7.39512E-03  7.65448E-03
       .            .            .            .            .            .
       .            .            .            .            .            .
       .            .            .            .            .            .
 -6.85962E-03 -6.74435E-03 -6.62870E-03 -6.51286E-03 -6.39698E-03 -6.28122E-03

512000 out of 512000 gridpoints are considered (100.0%).

...done!

                       Measure       RMSE[kcal/mol/e]   MaxError[kcal/mol/e]   NPoints
                         Total        6.594793449E-01        4.732990170E+00    406396
Close (  1.20 < r <   1.66 )          1.039473648E+00        4.732990170E+00    143972
Mid-range ( 1.66 < r <  2.20)         3.236293613E-01        1.053274644E+00    193930
Far-range (  2.20         < r)        1.128919395E-01        3.242341426E-01     68494
Did analysis and wrote slice data
