/home/boittier/esp_check
h2o_136
/data/boittier/energies/h2o_geom.xyz.dir
Read multipoles for 3 atoms with max. rank 2
Running in generate mode

Reading "/data/boittier/energies/h2o_geom.xyz.dir/h2o_136.chk.fchk.potential.cube"...

  h2o Potential=SCF
  Electrostatic potential from Total SCF Density
    3   -4.970736   -4.745270   -4.970736
   80    0.125841    0.000000    0.000000
   80    0.000000    0.125841    0.000000
   80    0.000000    0.000000    0.125841
    8    8.000000    0.000000    0.225466    0.000000
    1    1.000000    1.437085   -0.878900    0.000000
    1    1.000000   -1.437085   -0.924827    0.000000
  1.66769E-02  1.68253E-02  1.69455E-02  1.70365E-02  1.70977E-02  1.71284E-02
       .            .            .            .            .            .
       .            .            .            .            .            .
       .            .            .            .            .            .
 -9.01056E-03 -9.00623E-03 -8.99756E-03 -8.98453E-03 -8.96712E-03 -8.94531E-03

338076 out of 512000 gridpoints are considered ( 66.0%).

...done!

 writing cube file quadrupole_expansion.cube                                                                                                                                                                                                                                                                                                                                                                                                                                                                                                                                                                                                                                                                                                                                                                                                                                                                                                                                                                                                                                       
Written cubefile and slice data
Running in analysis mode

Reading "/data/boittier/energies/h2o_geom.xyz.dir/h2o_136.chk.fchk.potential.cube"...

  h2o Potential=SCF
  Electrostatic potential from Total SCF Density
    3   -4.970736   -4.745270   -4.970736
   80    0.125841    0.000000    0.000000
   80    0.000000    0.125841    0.000000
   80    0.000000    0.000000    0.125841
    8    8.000000    0.000000    0.225466    0.000000
    1    1.000000    1.437085   -0.878900    0.000000
    1    1.000000   -1.437085   -0.924827    0.000000
  6.21327E-03  6.44066E-03  6.67534E-03  6.91734E-03  7.16661E-03  7.42308E-03
       .            .            .            .            .            .
       .            .            .            .            .            .
       .            .            .            .            .            .
 -6.69225E-03 -6.57618E-03 -6.46000E-03 -6.34387E-03 -6.22795E-03 -6.11238E-03

512000 out of 512000 gridpoints are considered (100.0%).

...done!

Reading "/home/boittier/esp_check/quadrupole_expansion.cube"...

  Fitted ESP
  Electrostatic potential fitted from quadrupole expansion.
    3   -4.970736   -4.745270   -4.970736
   80    0.125841    0.000000    0.000000
   80    0.000000    0.125841    0.000000
   80    0.000000    0.000000    0.125841
    8    8.000000    0.000000    0.225466    0.000000
    1    1.000000    1.437085   -0.878900    0.000000
    1    1.000000   -1.437085   -0.924827    0.000000
  6.15280E-03  6.37378E-03  6.60164E-03  6.83637E-03  7.07793E-03  7.32624E-03
       .            .            .            .            .            .
       .            .            .            .            .            .
       .            .            .            .            .            .
 -6.63675E-03 -6.52586E-03 -6.41457E-03 -6.30304E-03 -6.19144E-03 -6.07991E-03

512000 out of 512000 gridpoints are considered (100.0%).

...done!

                       Measure       RMSE[kcal/mol/e]   MaxError[kcal/mol/e]   NPoints
                         Total        6.793918150E-01        4.709395814E+00    407134
Close (  1.20 < r <   1.66 )          1.073290706E+00        4.709395814E+00    143335
Mid-range ( 1.66 < r <  2.20)         3.348951895E-01        1.074045207E+00    194741
Far-range (  2.20         < r)        1.182626335E-01        3.230167743E-01     69058
Did analysis and wrote slice data
