/home/boittier/esp_check
h2o_924
/data/boittier/energies/h2o_geom.xyz.dir
Read multipoles for 3 atoms with max. rank 2
Running in generate mode

Reading "/data/boittier/energies/h2o_geom.xyz.dir/h2o_924.chk.fchk.potential.cube"...

  h2o Potential=SCF
  Electrostatic potential from Total SCF Density
    3   -4.970736   -4.741335   -4.970736
   80    0.125841    0.000000    0.000000
   80    0.000000    0.125841    0.000000
   80    0.000000    0.000000    0.125841
    8    8.000000    0.000000    0.229401    0.000000
    1    1.000000    1.406652   -0.923529    0.000000
    1    1.000000   -1.406652   -0.911678    0.000000
  1.68132E-02  1.69021E-02  1.69618E-02  1.69918E-02  1.69918E-02  1.69618E-02
       .            .            .            .            .            .
       .            .            .            .            .            .
       .            .            .            .            .            .
 -9.48477E-03 -9.47969E-03 -9.46955E-03 -9.45433E-03 -9.43402E-03 -9.40862E-03

338240 out of 512000 gridpoints are considered ( 66.1%).

...done!

 writing cube file quadrupole_expansion.cube                                                                                                                                                                                                                                                                                                                                                                                                                                                                                                                                                                                                                                                                                                                                                                                                                                                                                                                                                                                                                                       
Written cubefile and slice data
Running in analysis mode

Reading "/data/boittier/energies/h2o_geom.xyz.dir/h2o_924.chk.fchk.potential.cube"...

  h2o Potential=SCF
  Electrostatic potential from Total SCF Density
    3   -4.970736   -4.741335   -4.970736
   80    0.125841    0.000000    0.000000
   80    0.000000    0.125841    0.000000
   80    0.000000    0.000000    0.125841
    8    8.000000    0.000000    0.229401    0.000000
    1    1.000000    1.406652   -0.923529    0.000000
    1    1.000000   -1.406652   -0.911678    0.000000
  6.26301E-03  6.48919E-03  6.72252E-03  6.96298E-03  7.21054E-03  7.46512E-03
       .            .            .            .            .            .
       .            .            .            .            .            .
       .            .            .            .            .            .
 -6.86875E-03 -6.74764E-03 -6.62651E-03 -6.50552E-03 -6.38483E-03 -6.26460E-03

512000 out of 512000 gridpoints are considered (100.0%).

...done!

Reading "/home/boittier/esp_check/quadrupole_expansion.cube"...

  Fitted ESP
  Electrostatic potential fitted from quadrupole expansion.
    3   -4.970736   -4.741335   -4.970736
   80    0.125841    0.000000    0.000000
   80    0.000000    0.125841    0.000000
   80    0.000000    0.000000    0.125841
    8    8.000000    0.000000    0.229401    0.000000
    1    1.000000    1.406652   -0.923529    0.000000
    1    1.000000   -1.406652   -0.911678    0.000000
  6.20656E-03  6.42654E-03  6.65324E-03  6.88665E-03  7.12672E-03  7.37336E-03
       .            .            .            .            .            .
       .            .            .            .            .            .
       .            .            .            .            .            .
 -6.81856E-03 -6.70243E-03 -6.58599E-03 -6.46941E-03 -6.35286E-03 -6.23649E-03

512000 out of 512000 gridpoints are considered (100.0%).

...done!

                       Measure       RMSE[kcal/mol/e]   MaxError[kcal/mol/e]   NPoints
                         Total        6.710296269E-01        4.709897821E+00    407394
Close (  1.20 < r <   1.66 )          1.060407730E+00        4.709897821E+00    143335
Mid-range ( 1.66 < r <  2.20)         3.307726199E-01        1.054906168E+00    194905
Far-range (  2.20         < r)        1.167058220E-01        3.205945877E-01     69154
Did analysis and wrote slice data
