/home/boittier/esp_check
h2o_597
/data/boittier/energies/h2o_geom.xyz.dir
Read multipoles for 3 atoms with max. rank 2
Running in generate mode

Reading "/data/boittier/energies/h2o_geom.xyz.dir/h2o_597.chk.fchk.potential.cube"...

  h2o Potential=SCF
  Electrostatic potential from Total SCF Density
    3   -4.970736   -4.748029   -4.970736
   80    0.125841    0.000000    0.000000
   80    0.000000    0.125841    0.000000
   80    0.000000    0.000000    0.125841
    8    8.000000    0.000000    0.222707    0.000000
    1    1.000000    1.416367   -0.910030    0.000000
    1    1.000000   -1.416367   -0.871626    0.000000
  1.66579E-02  1.66579E-02  1.64818E-02  1.66599E-02  1.68106E-02  1.69328E-02
       .            .            .            .            .            .
       .            .            .            .            .            .
       .            .            .            .            .            .
 -9.33562E-03 -9.33070E-03 -9.32088E-03 -9.30612E-03 -9.28644E-03 -9.26182E-03

338293 out of 512000 gridpoints are considered ( 66.1%).

...done!

 writing cube file quadrupole_expansion.cube                                                                                                                                                                                                                                                                                                                                                                                                                                                                                                                                                                                                                                                                                                                                                                                                                                                                                                                                                                                                                                       
Written cubefile and slice data
Running in analysis mode

Reading "/data/boittier/energies/h2o_geom.xyz.dir/h2o_597.chk.fchk.potential.cube"...

  h2o Potential=SCF
  Electrostatic potential from Total SCF Density
    3   -4.970736   -4.748029   -4.970736
   80    0.125841    0.000000    0.000000
   80    0.000000    0.125841    0.000000
   80    0.000000    0.000000    0.125841
    8    8.000000    0.000000    0.222707    0.000000
    1    1.000000    1.416367   -0.910030    0.000000
    1    1.000000   -1.416367   -0.871626    0.000000
  6.14111E-03  6.36277E-03  6.59141E-03  6.82701E-03  7.06954E-03  7.31890E-03
       .            .            .            .            .            .
       .            .            .            .            .            .
       .            .            .            .            .            .
 -6.79504E-03 -6.67512E-03 -6.55519E-03 -6.43540E-03 -6.31591E-03 -6.19688E-03

512000 out of 512000 gridpoints are considered (100.0%).

...done!

Reading "/home/boittier/esp_check/quadrupole_expansion.cube"...

  Fitted ESP
  Electrostatic potential fitted from quadrupole expansion.
    3   -4.970736   -4.748029   -4.970736
   80    0.125841    0.000000    0.000000
   80    0.000000    0.125841    0.000000
   80    0.000000    0.000000    0.125841
    8    8.000000    0.000000    0.222707    0.000000
    1    1.000000    1.416367   -0.910030    0.000000
    1    1.000000   -1.416367   -0.871626    0.000000
  6.08410E-03  6.29959E-03  6.52165E-03  6.75024E-03  6.98532E-03  7.22680E-03
       .            .            .            .            .            .
       .            .            .            .            .            .
       .            .            .            .            .            .
 -6.74377E-03 -6.62887E-03 -6.51366E-03 -6.39830E-03 -6.28297E-03 -6.16782E-03

512000 out of 512000 gridpoints are considered (100.0%).

...done!

                       Measure       RMSE[kcal/mol/e]   MaxError[kcal/mol/e]   NPoints
                         Total        6.784127872E-01        4.698037893E+00    407687
Close (  1.20 < r <   1.66 )          1.073301295E+00        4.698037893E+00    143027
Mid-range ( 1.66 < r <  2.20)         3.348407640E-01        1.061746022E+00    195266
Far-range (  2.20         < r)        1.187725447E-01        3.197913756E-01     69394
Did analysis and wrote slice data
