/home/boittier/esp_check
h2o_807
/data/boittier/energies/h2o_geom.xyz.dir
Read multipoles for 3 atoms with max. rank 2
Running in generate mode

Reading "/data/boittier/energies/h2o_geom.xyz.dir/h2o_807.chk.fchk.potential.cube"...

  h2o Potential=SCF
  Electrostatic potential from Total SCF Density
    3   -4.970736   -4.744685   -4.970736
   80    0.125841    0.000000    0.000000
   80    0.000000    0.125841    0.000000
   80    0.000000    0.000000    0.125841
    8    8.000000    0.000000    0.226051    0.000000
    1    1.000000    1.487509   -0.807442    0.000000
    1    1.000000   -1.487509   -1.000966    0.000000
  1.69175E-02  1.70680E-02  1.71899E-02  1.72822E-02  1.73443E-02  1.73754E-02
       .            .            .            .            .            .
       .            .            .            .            .            .
       .            .            .            .            .            .
 -8.22280E-03 -8.21981E-03 -8.21382E-03 -8.20479E-03 -8.19268E-03 -8.17740E-03

337550 out of 512000 gridpoints are considered ( 65.9%).

...done!

 writing cube file quadrupole_expansion.cube                                                                                                                                                                                                                                                                                                                                                                                                                                                                                                                                                                                                                                                                                                                                                                                                                                                                                                                                                                                                                                       
Written cubefile and slice data
Running in analysis mode

Reading "/data/boittier/energies/h2o_geom.xyz.dir/h2o_807.chk.fchk.potential.cube"...

  h2o Potential=SCF
  Electrostatic potential from Total SCF Density
    3   -4.970736   -4.744685   -4.970736
   80    0.125841    0.000000    0.000000
   80    0.000000    0.125841    0.000000
   80    0.000000    0.000000    0.125841
    8    8.000000    0.000000    0.226051    0.000000
    1    1.000000    1.487509   -0.807442    0.000000
    1    1.000000   -1.487509   -1.000966    0.000000
  6.27483E-03  6.51099E-03  6.75504E-03  7.00701E-03  7.26688E-03  7.53460E-03
       .            .            .            .            .            .
       .            .            .            .            .            .
       .            .            .            .            .            .
 -6.42510E-03 -6.31799E-03 -6.21058E-03 -6.10302E-03 -5.99547E-03 -5.88807E-03

512000 out of 512000 gridpoints are considered (100.0%).

...done!

Reading "/home/boittier/esp_check/quadrupole_expansion.cube"...

  Fitted ESP
  Electrostatic potential fitted from quadrupole expansion.
    3   -4.970736   -4.744685   -4.970736
   80    0.125841    0.000000    0.000000
   80    0.000000    0.125841    0.000000
   80    0.000000    0.000000    0.125841
    8    8.000000    0.000000    0.226051    0.000000
    1    1.000000    1.487509   -0.807442    0.000000
    1    1.000000   -1.487509   -1.000966    0.000000
  6.20748E-03  6.43685E-03  6.67365E-03  6.91792E-03  7.16962E-03  7.42869E-03
       .            .            .            .            .            .
       .            .            .            .            .            .
       .            .            .            .            .            .
 -6.36091E-03 -6.25930E-03 -6.15709E-03 -6.05445E-03 -5.95152E-03 -5.84845E-03

512000 out of 512000 gridpoints are considered (100.0%).

...done!

                       Measure       RMSE[kcal/mol/e]   MaxError[kcal/mol/e]   NPoints
                         Total        6.859630163E-01        4.715106150E+00    406114
Close (  1.20 < r <   1.66 )          1.081298640E+00        4.715106150E+00    143743
Mid-range ( 1.66 < r <  2.20)         3.374125763E-01        1.103538152E+00    193807
Far-range (  2.20         < r)        1.186565537E-01        3.281623519E-01     68564
Did analysis and wrote slice data
