/home/boittier/esp_check
h2o_1470
/data/boittier/energies/h2o_geom.xyz.dir
Read multipoles for 3 atoms with max. rank 2
Running in generate mode

Reading "/data/boittier/energies/h2o_geom.xyz.dir/h2o_1470.chk.fchk.potential.cube"...

  h2o Potential=SCF
  Electrostatic potential from Total SCF Density
    3   -4.970736   -4.742042   -4.970736
   80    0.125841    0.000000    0.000000
   80    0.000000    0.125841    0.000000
   80    0.000000    0.000000    0.125841
    8    8.000000    0.000000    0.228693    0.000000
    1    1.000000    1.526835   -0.749542    0.000000
    1    1.000000   -1.526835   -1.080005    0.000000
  1.71609E-02  1.73129E-02  1.74360E-02  1.75293E-02  1.75919E-02  1.76234E-02
       .            .            .            .            .            .
       .            .            .            .            .            .
       .            .            .            .            .            .
 -7.56564E-03 -7.56382E-03 -7.56016E-03 -7.55459E-03 -7.54705E-03 -7.53743E-03

337068 out of 512000 gridpoints are considered ( 65.8%).

...done!

 writing cube file quadrupole_expansion.cube                                                                                                                                                                                                                                                                                                                                                                                                                                                                                                                                                                                                                                                                                                                                                                                                                                                                                                                                                                                                                                       
Written cubefile and slice data
Running in analysis mode

Reading "/data/boittier/energies/h2o_geom.xyz.dir/h2o_1470.chk.fchk.potential.cube"...

  h2o Potential=SCF
  Electrostatic potential from Total SCF Density
    3   -4.970736   -4.742042   -4.970736
   80    0.125841    0.000000    0.000000
   80    0.000000    0.125841    0.000000
   80    0.000000    0.000000    0.125841
    8    8.000000    0.000000    0.228693    0.000000
    1    1.000000    1.526835   -0.749542    0.000000
    1    1.000000   -1.526835   -1.080005    0.000000
  6.37287E-03  6.61865E-03  6.87294E-03  7.13577E-03  7.40714E-03  7.68703E-03
       .            .            .            .            .            .
       .            .            .            .            .            .
       .            .            .            .            .            .
 -6.20846E-03 -6.10906E-03 -6.00918E-03 -5.90899E-03 -5.80862E-03 -5.70821E-03

512000 out of 512000 gridpoints are considered (100.0%).

...done!

Reading "/home/boittier/esp_check/quadrupole_expansion.cube"...

  Fitted ESP
  Electrostatic potential fitted from quadrupole expansion.
    3   -4.970736   -4.742042   -4.970736
   80    0.125841    0.000000    0.000000
   80    0.000000    0.125841    0.000000
   80    0.000000    0.000000    0.125841
    8    8.000000    0.000000    0.228693    0.000000
    1    1.000000    1.526835   -0.749542    0.000000
    1    1.000000   -1.526835   -1.080005    0.000000
  6.30057E-03  6.53926E-03  6.78598E-03  7.04077E-03  7.30362E-03  7.57450E-03
       .            .            .            .            .            .
       .            .            .            .            .            .
       .            .            .            .            .            .
 -6.13780E-03 -6.04411E-03 -5.94965E-03 -5.85458E-03 -5.75903E-03 -5.66316E-03

512000 out of 512000 gridpoints are considered (100.0%).

...done!

                       Measure       RMSE[kcal/mol/e]   MaxError[kcal/mol/e]   NPoints
                         Total        6.890178945E-01        4.705881761E+00    405144
Close (  1.20 < r <   1.66 )          1.083573578E+00        4.705881761E+00    144293
Mid-range ( 1.66 < r <  2.20)         3.375876300E-01        1.137047158E+00    192775
Far-range (  2.20         < r)        1.182361753E-01        3.324168661E-01     68076
Did analysis and wrote slice data
