/home/boittier/esp_check
h2o_558
/data/boittier/energies/h2o_geom.xyz.dir
Read multipoles for 3 atoms with max. rank 2
Running in generate mode

Reading "/data/boittier/energies/h2o_geom.xyz.dir/h2o_558.chk.fchk.potential.cube"...

  h2o Potential=SCF
  Electrostatic potential from Total SCF Density
    3   -4.970736   -4.752579   -4.970736
   80    0.125841    0.000000    0.000000
   80    0.000000    0.125841    0.000000
   80    0.000000    0.000000    0.125841
    8    8.000000    0.000000    0.218157    0.000000
    1    1.000000    1.419753   -0.907652    0.000000
    1    1.000000   -1.419753   -0.837600    0.000000
  1.63776E-02  1.65250E-02  1.66444E-02  1.67349E-02  1.67957E-02  1.68262E-02
       .            .            .            .            .            .
       .            .            .            .            .            .
       .            .            .            .            .            .
 -9.29714E-03 -9.29223E-03 -9.28241E-03 -9.26766E-03 -9.24799E-03 -9.22338E-03

338393 out of 512000 gridpoints are considered ( 66.1%).

...done!

 writing cube file quadrupole_expansion.cube                                                                                                                                                                                                                                                                                                                                                                                                                                                                                                                                                                                                                                                                                                                                                                                                                                                                                                                                                                                                                                       
Written cubefile and slice data
Running in analysis mode

Reading "/data/boittier/energies/h2o_geom.xyz.dir/h2o_558.chk.fchk.potential.cube"...

  h2o Potential=SCF
  Electrostatic potential from Total SCF Density
    3   -4.970736   -4.752579   -4.970736
   80    0.125841    0.000000    0.000000
   80    0.000000    0.125841    0.000000
   80    0.000000    0.000000    0.125841
    8    8.000000    0.000000    0.218157    0.000000
    1    1.000000    1.419753   -0.907652    0.000000
    1    1.000000   -1.419753   -0.837600    0.000000
  6.04910E-03  6.26692E-03  6.49156E-03  6.72300E-03  6.96120E-03  7.20607E-03
       .            .            .            .            .            .
       .            .            .            .            .            .
       .            .            .            .            .            .
 -6.76625E-03 -6.64645E-03 -6.52664E-03 -6.40700E-03 -6.28766E-03 -6.16880E-03

512000 out of 512000 gridpoints are considered (100.0%).

...done!

Reading "/home/boittier/esp_check/quadrupole_expansion.cube"...

  Fitted ESP
  Electrostatic potential fitted from quadrupole expansion.
    3   -4.970736   -4.752579   -4.970736
   80    0.125841    0.000000    0.000000
   80    0.000000    0.125841    0.000000
   80    0.000000    0.000000    0.125841
    8    8.000000    0.000000    0.218157    0.000000
    1    1.000000    1.419753   -0.907652    0.000000
    1    1.000000   -1.419753   -0.837600    0.000000
  5.99253E-03  6.20425E-03  6.42238E-03  6.64689E-03  6.87774E-03  7.11482E-03
       .            .            .            .            .            .
       .            .            .            .            .            .
       .            .            .            .            .            .
 -6.71528E-03 -6.60046E-03 -6.48535E-03 -6.37011E-03 -6.25492E-03 -6.13992E-03

512000 out of 512000 gridpoints are considered (100.0%).

...done!

                       Measure       RMSE[kcal/mol/e]   MaxError[kcal/mol/e]   NPoints
                         Total        6.826381177E-01        4.687683986E+00    407964
Close (  1.20 < r <   1.66 )          1.080746803E+00        4.687683986E+00    142880
Mid-range ( 1.66 < r <  2.20)         3.371299954E-01        1.063503048E+00    195513
Far-range (  2.20         < r)        1.200083769E-01        3.187434348E-01     69571
Did analysis and wrote slice data
