/home/boittier/esp_check
h2o_1708
/data/boittier/energies/h2o_geom.xyz.dir
Read multipoles for 3 atoms with max. rank 2
Running in generate mode

Reading "/data/boittier/energies/h2o_geom.xyz.dir/h2o_1708.chk.fchk.potential.cube"...

  h2o Potential=SCF
  Electrostatic potential from Total SCF Density
    3   -4.970736   -4.754944   -4.970736
   80    0.125841    0.000000    0.000000
   80    0.000000    0.125841    0.000000
   80    0.000000    0.000000    0.125841
    8    8.000000    0.000000    0.215792    0.000000
    1    1.000000    1.494430   -0.806644    0.000000
    1    1.000000   -1.494430   -0.919691    0.000000
  1.65504E-02  1.67302E-02  1.68824E-02  1.70058E-02  1.70993E-02  1.71621E-02
       .            .            .            .            .            .
       .            .            .            .            .            .
       .            .            .            .            .            .
 -8.17644E-03 -8.17342E-03 -8.16736E-03 -8.15823E-03 -8.14599E-03 -8.13055E-03

337724 out of 512000 gridpoints are considered ( 66.0%).

...done!

 writing cube file quadrupole_expansion.cube                                                                                                                                                                                                                                                                                                                                                                                                                                                                                                                                                                                                                                                                                                                                                                                                                                                                                                                                                                                                                                       
Written cubefile and slice data
Running in analysis mode

Reading "/data/boittier/energies/h2o_geom.xyz.dir/h2o_1708.chk.fchk.potential.cube"...

  h2o Potential=SCF
  Electrostatic potential from Total SCF Density
    3   -4.970736   -4.754944   -4.970736
   80    0.125841    0.000000    0.000000
   80    0.000000    0.125841    0.000000
   80    0.000000    0.000000    0.125841
    8    8.000000    0.000000    0.215792    0.000000
    1    1.000000    1.494430   -0.806644    0.000000
    1    1.000000   -1.494430   -0.919691    0.000000
  6.07477E-03  6.30195E-03  6.53662E-03  6.77879E-03  7.02844E-03  7.28549E-03
       .            .            .            .            .            .
       .            .            .            .            .            .
       .            .            .            .            .            .
 -6.38057E-03 -6.27323E-03 -6.16564E-03 -6.05794E-03 -5.95028E-03 -5.84281E-03

512000 out of 512000 gridpoints are considered (100.0%).

...done!

Reading "/home/boittier/esp_check/quadrupole_expansion.cube"...

  Fitted ESP
  Electrostatic potential fitted from quadrupole expansion.
    3   -4.970736   -4.754944   -4.970736
   80    0.125841    0.000000    0.000000
   80    0.000000    0.125841    0.000000
   80    0.000000    0.000000    0.125841
    8    8.000000    0.000000    0.215792    0.000000
    1    1.000000    1.494430   -0.806644    0.000000
    1    1.000000   -1.494430   -0.919691    0.000000
  6.00786E-03  6.22837E-03  6.45593E-03  6.69053E-03  6.93216E-03  7.18074E-03
       .            .            .            .            .            .
       .            .            .            .            .            .
       .            .            .            .            .            .
 -6.31683E-03 -6.21497E-03 -6.11255E-03 -6.00974E-03 -5.90667E-03 -5.80352E-03

512000 out of 512000 gridpoints are considered (100.0%).

...done!

                       Measure       RMSE[kcal/mol/e]   MaxError[kcal/mol/e]   NPoints
                         Total        6.948404326E-01        4.698037893E+00    406758
Close (  1.20 < r <   1.66 )          1.097105739E+00        4.698037893E+00    143398
Mid-range ( 1.66 < r <  2.20)         3.422736027E-01        1.130709312E+00    194326
Far-range (  2.20         < r)        1.214843566E-01        3.258405669E-01     69034
Did analysis and wrote slice data
