/home/boittier/esp_check
h2o_812
/data/boittier/energies/h2o_geom.xyz.dir
Read multipoles for 3 atoms with max. rank 2
Running in generate mode

Reading "/data/boittier/energies/h2o_geom.xyz.dir/h2o_812.chk.fchk.potential.cube"...

  h2o Potential=SCF
  Electrostatic potential from Total SCF Density
    3   -4.970736   -4.743250   -4.970736
   80    0.125841    0.000000    0.000000
   80    0.000000    0.125841    0.000000
   80    0.000000    0.000000    0.125841
    8    8.000000    0.000000    0.227486    0.000000
    1    1.000000    1.382822   -0.958122    0.000000
    1    1.000000   -1.382822   -0.861766    0.000000
  1.65630E-02  1.67104E-02  1.68299E-02  1.69204E-02  1.69812E-02  1.70117E-02
       .            .            .            .            .            .
       .            .            .            .            .            .
       .            .            .            .            .            .
 -9.84056E-03 -9.83488E-03 -9.82353E-03 -9.80649E-03 -9.78380E-03 -9.75544E-03

338434 out of 512000 gridpoints are considered ( 66.1%).

...done!

 writing cube file quadrupole_expansion.cube                                                                                                                                                                                                                                                                                                                                                                                                                                                                                                                                                                                                                                                                                                                                                                                                                                                                                                                                                                                                                                       
Written cubefile and slice data
Running in analysis mode

Reading "/data/boittier/energies/h2o_geom.xyz.dir/h2o_812.chk.fchk.potential.cube"...

  h2o Potential=SCF
  Electrostatic potential from Total SCF Density
    3   -4.970736   -4.743250   -4.970736
   80    0.125841    0.000000    0.000000
   80    0.000000    0.125841    0.000000
   80    0.000000    0.000000    0.125841
    8    8.000000    0.000000    0.227486    0.000000
    1    1.000000    1.382822   -0.958122    0.000000
    1    1.000000   -1.382822   -0.861766    0.000000
  6.21236E-03  6.43352E-03  6.66151E-03  6.89631E-03  7.13789E-03  7.38614E-03
       .            .            .            .            .            .
       .            .            .            .            .            .
       .            .            .            .            .            .
 -6.98607E-03 -6.86087E-03 -6.73574E-03 -6.61083E-03 -6.48633E-03 -6.36237E-03

512000 out of 512000 gridpoints are considered (100.0%).

...done!

Reading "/home/boittier/esp_check/quadrupole_expansion.cube"...

  Fitted ESP
  Electrostatic potential fitted from quadrupole expansion.
    3   -4.970736   -4.743250   -4.970736
   80    0.125841    0.000000    0.000000
   80    0.000000    0.125841    0.000000
   80    0.000000    0.000000    0.125841
    8    8.000000    0.000000    0.227486    0.000000
    1    1.000000    1.382822   -0.958122    0.000000
    1    1.000000   -1.382822   -0.861766    0.000000
  6.15969E-03  6.37488E-03  6.59650E-03  6.82452E-03  7.05889E-03  7.29949E-03
       .            .            .            .            .            .
       .            .            .            .            .            .
       .            .            .            .            .            .
 -6.94052E-03 -6.82011E-03 -6.69948E-03 -6.57880E-03 -6.45826E-03 -6.33799E-03

512000 out of 512000 gridpoints are considered (100.0%).

...done!

                       Measure       RMSE[kcal/mol/e]   MaxError[kcal/mol/e]   NPoints
                         Total        6.682969636E-01        4.700736183E+00    407894
Close (  1.20 < r <   1.66 )          1.057888390E+00        4.700736183E+00    142888
Mid-range ( 1.66 < r <  2.20)         3.301623871E-01        1.041602968E+00    195546
Far-range (  2.20         < r)        1.168311450E-01        3.173315385E-01     69460
Did analysis and wrote slice data
