/home/boittier/esp_check
h2o_1271
/data/boittier/energies/h2o_geom.xyz.dir
Read multipoles for 3 atoms with max. rank 2
Running in generate mode

Reading "/data/boittier/energies/h2o_geom.xyz.dir/h2o_1271.chk.fchk.potential.cube"...

  h2o Potential=SCF
  Electrostatic potential from Total SCF Density
    3   -4.970736   -4.734726   -4.970736
   80    0.125841    0.000000    0.000000
   80    0.000000    0.125841    0.000000
   80    0.000000    0.000000    0.125841
    8    8.000000    0.000000    0.236010    0.000000
    1    1.000000    1.360169   -0.995294    0.000000
    1    1.000000   -1.360169   -0.892783    0.000000
  1.66414E-02  1.68176E-02  1.69667E-02  1.70875E-02  1.71791E-02  1.72405E-02
       .            .            .            .            .            .
       .            .            .            .            .            .
       .            .            .            .            .            .
 -1.02110E-02 -1.02048E-02 -1.01925E-02 -1.01740E-02 -1.01494E-02 -1.01188E-02

338408 out of 512000 gridpoints are considered ( 66.1%).

...done!

 writing cube file quadrupole_expansion.cube                                                                                                                                                                                                                                                                                                                                                                                                                                                                                                                                                                                                                                                                                                                                                                                                                                                                                                                                                                                                                                       
Written cubefile and slice data
Running in analysis mode

Reading "/data/boittier/energies/h2o_geom.xyz.dir/h2o_1271.chk.fchk.potential.cube"...

  h2o Potential=SCF
  Electrostatic potential from Total SCF Density
    3   -4.970736   -4.734726   -4.970736
   80    0.125841    0.000000    0.000000
   80    0.000000    0.125841    0.000000
   80    0.000000    0.000000    0.125841
    8    8.000000    0.000000    0.236010    0.000000
    1    1.000000    1.360169   -0.995294    0.000000
    1    1.000000   -1.360169   -0.892783    0.000000
  6.35819E-03  6.58334E-03  6.81540E-03  7.05438E-03  7.30021E-03  7.55280E-03
       .            .            .            .            .            .
       .            .            .            .            .            .
       .            .            .            .            .            .
 -7.14542E-03 -7.01671E-03 -6.88810E-03 -6.75976E-03 -6.63185E-03 -6.50454E-03

512000 out of 512000 gridpoints are considered (100.0%).

...done!

Reading "/home/boittier/esp_check/quadrupole_expansion.cube"...

  Fitted ESP
  Electrostatic potential fitted from quadrupole expansion.
    3   -4.970736   -4.734726   -4.970736
   80    0.125841    0.000000    0.000000
   80    0.000000    0.125841    0.000000
   80    0.000000    0.000000    0.125841
    8    8.000000    0.000000    0.236010    0.000000
    1    1.000000    1.360169   -0.995294    0.000000
    1    1.000000   -1.360169   -0.892783    0.000000
  6.30799E-03  6.52723E-03  6.75299E-03  6.98524E-03  7.22391E-03  7.46892E-03
       .            .            .            .            .            .
       .            .            .            .            .            .
       .            .            .            .            .            .
 -7.10371E-03 -6.97966E-03 -6.85542E-03 -6.73117E-03 -6.60710E-03 -6.48336E-03

512000 out of 512000 gridpoints are considered (100.0%).

...done!

                       Measure       RMSE[kcal/mol/e]   MaxError[kcal/mol/e]   NPoints
                         Total        6.569635789E-01        4.711466595E+00    407694
Close (  1.20 < r <   1.66 )          1.039410779E+00        4.711466595E+00    143064
Mid-range ( 1.66 < r <  2.20)         3.239346773E-01        1.023907201E+00    195344
Far-range (  2.20         < r)        1.139909164E-01        3.165157762E-01     69286
Did analysis and wrote slice data
