/home/boittier/esp_check
h2o_957
/data/boittier/energies/h2o_geom.xyz.dir
Read multipoles for 3 atoms with max. rank 2
Running in generate mode

Reading "/data/boittier/energies/h2o_geom.xyz.dir/h2o_957.chk.fchk.potential.cube"...

  h2o Potential=SCF
  Electrostatic potential from Total SCF Density
    3   -4.970736   -4.744923   -4.970736
   80    0.125841    0.000000    0.000000
   80    0.000000    0.125841    0.000000
   80    0.000000    0.000000    0.125841
    8    8.000000    0.000000    0.225812    0.000000
    1    1.000000    1.427298   -0.896586    0.000000
    1    1.000000   -1.427298   -0.909913    0.000000
  1.66994E-02  1.68178E-02  1.69075E-02  1.69678E-02  1.69980E-02  1.69980E-02
       .            .            .            .            .            .
       .            .            .            .            .            .
       .            .            .            .            .            .
 -9.19126E-03 -9.18663E-03 -9.17737E-03 -9.16346E-03 -9.14490E-03 -9.12165E-03

338172 out of 512000 gridpoints are considered ( 66.0%).

...done!

 writing cube file quadrupole_expansion.cube                                                                                                                                                                                                                                                                                                                                                                                                                                                                                                                                                                                                                                                                                                                                                                                                                                                                                                                                                                                                                                       
Written cubefile and slice data
Running in analysis mode

Reading "/data/boittier/energies/h2o_geom.xyz.dir/h2o_957.chk.fchk.potential.cube"...

  h2o Potential=SCF
  Electrostatic potential from Total SCF Density
    3   -4.970736   -4.744923   -4.970736
   80    0.125841    0.000000    0.000000
   80    0.000000    0.125841    0.000000
   80    0.000000    0.000000    0.125841
    8    8.000000    0.000000    0.225812    0.000000
    1    1.000000    1.427298   -0.896586    0.000000
    1    1.000000   -1.427298   -0.909913    0.000000
  6.20781E-03  6.43369E-03  6.66678E-03  6.90706E-03  7.15451E-03  7.40903E-03
       .            .            .            .            .            .
       .            .            .            .            .            .
       .            .            .            .            .            .
 -6.75644E-03 -6.63836E-03 -6.52020E-03 -6.40214E-03 -6.28433E-03 -6.16692E-03

512000 out of 512000 gridpoints are considered (100.0%).

...done!

Reading "/home/boittier/esp_check/quadrupole_expansion.cube"...

  Fitted ESP
  Electrostatic potential fitted from quadrupole expansion.
    3   -4.970736   -4.744923   -4.970736
   80    0.125841    0.000000    0.000000
   80    0.000000    0.125841    0.000000
   80    0.000000    0.000000    0.125841
    8    8.000000    0.000000    0.225812    0.000000
    1    1.000000    1.427298   -0.896586    0.000000
    1    1.000000   -1.427298   -0.909913    0.000000
  6.14896E-03  6.36854E-03  6.59489E-03  6.82801E-03  7.06784E-03  7.31431E-03
       .            .            .            .            .            .
       .            .            .            .            .            .
       .            .            .            .            .            .
 -6.70307E-03 -6.59008E-03 -6.47674E-03 -6.36320E-03 -6.24963E-03 -6.13619E-03

512000 out of 512000 gridpoints are considered (100.0%).

...done!

                       Measure       RMSE[kcal/mol/e]   MaxError[kcal/mol/e]   NPoints
                         Total        6.774944841E-01        4.706948527E+00    407294
Close (  1.20 < r <   1.66 )          1.070619236E+00        4.706948527E+00    143281
Mid-range ( 1.66 < r <  2.20)         3.340861084E-01        1.067644611E+00    194891
Far-range (  2.20         < r)        1.180109124E-01        3.219186327E-01     69122
Did analysis and wrote slice data
