/home/boittier/esp_check
h2o_865
/data/boittier/energies/h2o_geom.xyz.dir
Read multipoles for 3 atoms with max. rank 2
Running in generate mode

Reading "/data/boittier/energies/h2o_geom.xyz.dir/h2o_865.chk.fchk.potential.cube"...

  h2o Potential=SCF
  Electrostatic potential from Total SCF Density
    3   -4.970736   -4.746302   -4.970736
   80    0.125841    0.000000    0.000000
   80    0.000000    0.125841    0.000000
   80    0.000000    0.000000    0.125841
    8    8.000000    0.000000    0.224434    0.000000
    1    1.000000    1.412256   -0.916332    0.000000
    1    1.000000   -1.412256   -0.879139    0.000000
  1.66925E-02  1.67219E-02  1.67219E-02  1.66925E-02  1.63371E-02  1.65417E-02
       .            .            .            .            .            .
       .            .            .            .            .            .
       .            .            .            .            .            .
 -9.40311E-03 -9.39811E-03 -9.38810E-03 -9.37309E-03 -9.35306E-03 -9.32800E-03

338310 out of 512000 gridpoints are considered ( 66.1%).

...done!

 writing cube file quadrupole_expansion.cube                                                                                                                                                                                                                                                                                                                                                                                                                                                                                                                                                                                                                                                                                                                                                                                                                                                                                                                                                                                                                                       
Written cubefile and slice data
Running in analysis mode

Reading "/data/boittier/energies/h2o_geom.xyz.dir/h2o_865.chk.fchk.potential.cube"...

  h2o Potential=SCF
  Electrostatic potential from Total SCF Density
    3   -4.970736   -4.746302   -4.970736
   80    0.125841    0.000000    0.000000
   80    0.000000    0.125841    0.000000
   80    0.000000    0.000000    0.125841
    8    8.000000    0.000000    0.224434    0.000000
    1    1.000000    1.412256   -0.916332    0.000000
    1    1.000000   -1.412256   -0.879139    0.000000
  6.17146E-03  6.39403E-03  6.62360E-03  6.86016E-03  7.10367E-03  7.35404E-03
       .            .            .            .            .            .
       .            .            .            .            .            .
       .            .            .            .            .            .
 -6.82430E-03 -6.70375E-03 -6.58319E-03 -6.46278E-03 -6.34268E-03 -6.22303E-03

512000 out of 512000 gridpoints are considered (100.0%).

...done!

Reading "/home/boittier/esp_check/quadrupole_expansion.cube"...

  Fitted ESP
  Electrostatic potential fitted from quadrupole expansion.
    3   -4.970736   -4.746302   -4.970736
   80    0.125841    0.000000    0.000000
   80    0.000000    0.125841    0.000000
   80    0.000000    0.000000    0.125841
    8    8.000000    0.000000    0.224434    0.000000
    1    1.000000    1.412256   -0.916332    0.000000
    1    1.000000   -1.412256   -0.879139    0.000000
  6.11485E-03  6.33126E-03  6.55425E-03  6.78381E-03  7.01988E-03  7.26237E-03
       .            .            .            .            .            .
       .            .            .            .            .            .
       .            .            .            .            .            .
 -6.77364E-03 -6.65808E-03 -6.54222E-03 -6.42623E-03 -6.31027E-03 -6.19449E-03

512000 out of 512000 gridpoints are considered (100.0%).

...done!

                       Measure       RMSE[kcal/mol/e]   MaxError[kcal/mol/e]   NPoints
                         Total        6.762618667E-01        4.701112689E+00    407646
Close (  1.20 < r <   1.66 )          1.069657501E+00        4.701112689E+00    143091
Mid-range ( 1.66 < r <  2.20)         3.337092696E-01        1.059361486E+00    195219
Far-range (  2.20         < r)        1.182062453E-01        3.199043273E-01     69336
Did analysis and wrote slice data
