/home/boittier/esp_check
h2o_1071
/data/boittier/energies/h2o_geom.xyz.dir
Read multipoles for 3 atoms with max. rank 2
Running in generate mode

Reading "/data/boittier/energies/h2o_geom.xyz.dir/h2o_1071.chk.fchk.potential.cube"...

  h2o Potential=SCF
  Electrostatic potential from Total SCF Density
    3   -4.970736   -4.751732   -4.970736
   80    0.125841    0.000000    0.000000
   80    0.000000    0.125841    0.000000
   80    0.000000    0.000000    0.125841
    8    8.000000    0.000000    0.219003    0.000000
    1    1.000000    1.411227   -0.922676    0.000000
    1    1.000000   -1.411227   -0.829352    0.000000
  1.63099E-02  1.64559E-02  1.65742E-02  1.66638E-02  1.67240E-02  1.67542E-02
       .            .            .            .            .            .
       .            .            .            .            .            .
       .            .            .            .            .            .
 -9.44981E-03 -9.44466E-03 -9.43436E-03 -9.41890E-03 -9.39828E-03 -9.37250E-03

338456 out of 512000 gridpoints are considered ( 66.1%).

...done!

 writing cube file quadrupole_expansion.cube                                                                                                                                                                                                                                                                                                                                                                                                                                                                                                                                                                                                                                                                                                                                                                                                                                                                                                                                                                                                                                       
Written cubefile and slice data
Running in analysis mode

Reading "/data/boittier/energies/h2o_geom.xyz.dir/h2o_1071.chk.fchk.potential.cube"...

  h2o Potential=SCF
  Electrostatic potential from Total SCF Density
    3   -4.970736   -4.751732   -4.970736
   80    0.125841    0.000000    0.000000
   80    0.000000    0.125841    0.000000
   80    0.000000    0.000000    0.125841
    8    8.000000    0.000000    0.219003    0.000000
    1    1.000000    1.411227   -0.922676    0.000000
    1    1.000000   -1.411227   -0.829352    0.000000
  6.05633E-03  6.27345E-03  6.49732E-03  6.72793E-03  6.96523E-03  7.20913E-03
       .            .            .            .            .            .
       .            .            .            .            .            .
       .            .            .            .            .            .
 -6.82229E-03 -6.70084E-03 -6.57941E-03 -6.45817E-03 -6.33729E-03 -6.21690E-03

512000 out of 512000 gridpoints are considered (100.0%).

...done!

Reading "/home/boittier/esp_check/quadrupole_expansion.cube"...

  Fitted ESP
  Electrostatic potential fitted from quadrupole expansion.
    3   -4.970736   -4.751732   -4.970736
   80    0.125841    0.000000    0.000000
   80    0.000000    0.125841    0.000000
   80    0.000000    0.000000    0.125841
    8    8.000000    0.000000    0.219003    0.000000
    1    1.000000    1.411227   -0.922676    0.000000
    1    1.000000   -1.411227   -0.829352    0.000000
  6.00117E-03  6.21226E-03  6.42970E-03  6.65347E-03  6.88349E-03  7.11969E-03
       .            .            .            .            .            .
       .            .            .            .            .            .
       .            .            .            .            .            .
 -6.77314E-03 -6.65660E-03 -6.53979E-03 -6.42290E-03 -6.30608E-03 -6.18949E-03

512000 out of 512000 gridpoints are considered (100.0%).

...done!

                       Measure       RMSE[kcal/mol/e]   MaxError[kcal/mol/e]   NPoints
                         Total        6.804111017E-01        4.687621235E+00    408050
Close (  1.20 < r <   1.66 )          1.077314524E+00        4.687621235E+00    142870
Mid-range ( 1.66 < r <  2.20)         3.361396785E-01        1.058922229E+00    195586
Far-range (  2.20         < r)        1.195965990E-01        3.181096502E-01     69594
Did analysis and wrote slice data
