/home/boittier/esp_check
h2o_744
/data/boittier/energies/h2o_geom.xyz.dir
Read multipoles for 3 atoms with max. rank 2
Running in generate mode

Reading "/data/boittier/energies/h2o_geom.xyz.dir/h2o_744.chk.fchk.potential.cube"...

  h2o Potential=SCF
  Electrostatic potential from Total SCF Density
    3   -4.970736   -4.744351   -4.970736
   80    0.125841    0.000000    0.000000
   80    0.000000    0.125841    0.000000
   80    0.000000    0.000000    0.125841
    8    8.000000    0.000000    0.226385    0.000000
    1    1.000000    1.471367   -0.828378    0.000000
    1    1.000000   -1.471367   -0.982703    0.000000
  1.68843E-02  1.70036E-02  1.70940E-02  1.71547E-02  1.71852E-02  1.71852E-02
       .            .            .            .            .            .
       .            .            .            .            .            .
       .            .            .            .            .            .
 -8.46251E-03 -8.45912E-03 -8.45231E-03 -8.44207E-03 -8.42834E-03 -8.41108E-03

337743 out of 512000 gridpoints are considered ( 66.0%).

...done!

 writing cube file quadrupole_expansion.cube                                                                                                                                                                                                                                                                                                                                                                                                                                                                                                                                                                                                                                                                                                                                                                                                                                                                                                                                                                                                                                       
Written cubefile and slice data
Running in analysis mode

Reading "/data/boittier/energies/h2o_geom.xyz.dir/h2o_744.chk.fchk.potential.cube"...

  h2o Potential=SCF
  Electrostatic potential from Total SCF Density
    3   -4.970736   -4.744351   -4.970736
   80    0.125841    0.000000    0.000000
   80    0.000000    0.125841    0.000000
   80    0.000000    0.000000    0.125841
    8    8.000000    0.000000    0.226385    0.000000
    1    1.000000    1.471367   -0.828378    0.000000
    1    1.000000   -1.471367   -0.982703    0.000000
  6.26527E-03  6.49915E-03  6.74076E-03  6.99011E-03  7.24719E-03  7.51194E-03
       .            .            .            .            .            .
       .            .            .            .            .            .
       .            .            .            .            .            .
 -6.50711E-03 -6.39730E-03 -6.28725E-03 -6.17711E-03 -6.06703E-03 -5.95717E-03

512000 out of 512000 gridpoints are considered (100.0%).

...done!

Reading "/home/boittier/esp_check/quadrupole_expansion.cube"...

  Fitted ESP
  Electrostatic potential fitted from quadrupole expansion.
    3   -4.970736   -4.744351   -4.970736
   80    0.125841    0.000000    0.000000
   80    0.000000    0.125841    0.000000
   80    0.000000    0.000000    0.125841
    8    8.000000    0.000000    0.226385    0.000000
    1    1.000000    1.471367   -0.828378    0.000000
    1    1.000000   -1.471367   -0.982703    0.000000
  6.19991E-03  6.42710E-03  6.66157E-03  6.90334E-03  7.15237E-03  7.40861E-03
       .            .            .            .            .            .
       .            .            .            .            .            .
       .            .            .            .            .            .
 -6.44542E-03 -6.34102E-03 -6.23608E-03 -6.13077E-03 -6.02523E-03 -5.91962E-03

512000 out of 512000 gridpoints are considered (100.0%).

...done!

                       Measure       RMSE[kcal/mol/e]   MaxError[kcal/mol/e]   NPoints
                         Total        6.836347095E-01        4.715921912E+00    406431
Close (  1.20 < r <   1.66 )          1.078280685E+00        4.715921912E+00    143655
Mid-range ( 1.66 < r <  2.20)         3.363634770E-01        1.092870491E+00    194088
Far-range (  2.20         < r)        1.183947605E-01        3.267441805E-01     68688
Did analysis and wrote slice data
