/home/boittier/esp_check
h2o_1680
/data/boittier/energies/h2o_geom.xyz.dir
Read multipoles for 3 atoms with max. rank 2
Running in generate mode

Reading "/data/boittier/energies/h2o_geom.xyz.dir/h2o_1680.chk.fchk.potential.cube"...

  h2o Potential=SCF
  Electrostatic potential from Total SCF Density
    3   -4.970736   -4.756235   -4.970736
   80    0.125841    0.000000    0.000000
   80    0.000000    0.125841    0.000000
   80    0.000000    0.000000    0.125841
    8    8.000000    0.000000    0.214501    0.000000
    1    1.000000    1.343242   -1.018236    0.000000
    1    1.000000   -1.343242   -0.697772    0.000000
  1.58348E-02  1.60072E-02  1.61532E-02  1.62716E-02  1.63613E-02  1.64215E-02
       .            .            .            .            .            .
       .            .            .            .            .            .
       .            .            .            .            .            .
 -1.04115E-02 -1.04046E-02 -1.03910E-02 -1.03707E-02 -1.03435E-02 -1.03097E-02

339092 out of 512000 gridpoints are considered ( 66.2%).

...done!

 writing cube file quadrupole_expansion.cube                                                                                                                                                                                                                                                                                                                                                                                                                                                                                                                                                                                                                                                                                                                                                                                                                                                                                                                                                                                                                                       
Written cubefile and slice data
Running in analysis mode

Reading "/data/boittier/energies/h2o_geom.xyz.dir/h2o_1680.chk.fchk.potential.cube"...

  h2o Potential=SCF
  Electrostatic potential from Total SCF Density
    3   -4.970736   -4.756235   -4.970736
   80    0.125841    0.000000    0.000000
   80    0.000000    0.125841    0.000000
   80    0.000000    0.000000    0.125841
    8    8.000000    0.000000    0.214501    0.000000
    1    1.000000    1.343242   -1.018236    0.000000
    1    1.000000   -1.343242   -0.697772    0.000000
  5.91945E-03  6.12359E-03  6.33372E-03  6.54979E-03  6.77173E-03  6.99943E-03
       .            .            .            .            .            .
       .            .            .            .            .            .
       .            .            .            .            .            .
 -7.13440E-03 -7.00203E-03 -6.86993E-03 -6.73826E-03 -6.60720E-03 -6.47689E-03

512000 out of 512000 gridpoints are considered (100.0%).

...done!

Reading "/home/boittier/esp_check/quadrupole_expansion.cube"...

  Fitted ESP
  Electrostatic potential fitted from quadrupole expansion.
    3   -4.970736   -4.756235   -4.970736
   80    0.125841    0.000000    0.000000
   80    0.000000    0.125841    0.000000
   80    0.000000    0.000000    0.125841
    8    8.000000    0.000000    0.214501    0.000000
    1    1.000000    1.343242   -1.018236    0.000000
    1    1.000000   -1.343242   -0.697772    0.000000
  5.87679E-03  6.07570E-03  6.28024E-03  6.49034E-03  6.70592E-03  6.92687E-03
       .            .            .            .            .            .
       .            .            .            .            .            .
       .            .            .            .            .            .
 -7.09985E-03 -6.97174E-03 -6.84363E-03 -6.71570E-03 -6.58811E-03 -6.46104E-03

512000 out of 512000 gridpoints are considered (100.0%).

...done!

                       Measure       RMSE[kcal/mol/e]   MaxError[kcal/mol/e]   NPoints
                         Total        6.723688039E-01        4.675447552E+00    409460
Close (  1.20 < r <   1.66 )          1.068537650E+00        4.675447552E+00    142139
Mid-range ( 1.66 < r <  2.20)         3.328376788E-01        1.047476456E+00    196953
Far-range (  2.20         < r)        1.191820642E-01        3.329565243E-01     70368
Did analysis and wrote slice data
