/home/boittier/esp_check
h2o_1326
/data/boittier/energies/h2o_geom.xyz.dir
Read multipoles for 3 atoms with max. rank 2
Running in generate mode

Reading "/data/boittier/energies/h2o_geom.xyz.dir/h2o_1326.chk.fchk.potential.cube"...

  h2o Potential=SCF
  Electrostatic potential from Total SCF Density
    3   -4.970736   -4.735909   -4.970736
   80    0.125841    0.000000    0.000000
   80    0.000000    0.125841    0.000000
   80    0.000000    0.000000    0.125841
    8    8.000000    0.000000    0.234827    0.000000
    1    1.000000    1.415845   -0.915413    0.000000
    1    1.000000   -1.415845   -0.963203    0.000000
  1.67979E-02  1.69761E-02  1.71269E-02  1.72490E-02  1.73416E-02  1.74038E-02
       .            .            .            .            .            .
       .            .            .            .            .            .
       .            .            .            .            .            .
 -9.38812E-03 -9.38328E-03 -9.37359E-03 -9.35906E-03 -9.33965E-03 -9.31537E-03

338009 out of 512000 gridpoints are considered ( 66.0%).

...done!

 writing cube file quadrupole_expansion.cube                                                                                                                                                                                                                                                                                                                                                                                                                                                                                                                                                                                                                                                                                                                                                                                                                                                                                                                                                                                                                                       
Written cubefile and slice data
Running in analysis mode

Reading "/data/boittier/energies/h2o_geom.xyz.dir/h2o_1326.chk.fchk.potential.cube"...

  h2o Potential=SCF
  Electrostatic potential from Total SCF Density
    3   -4.970736   -4.735909   -4.970736
   80    0.125841    0.000000    0.000000
   80    0.000000    0.125841    0.000000
   80    0.000000    0.000000    0.125841
    8    8.000000    0.000000    0.234827    0.000000
    1    1.000000    1.415845   -0.915413    0.000000
    1    1.000000   -1.415845   -0.963203    0.000000
  6.36218E-03  6.59395E-03  6.83314E-03  7.07977E-03  7.33380E-03  7.59515E-03
       .            .            .            .            .            .
       .            .            .            .            .            .
       .            .            .            .            .            .
 -6.85304E-03 -6.73339E-03 -6.61367E-03 -6.49403E-03 -6.37465E-03 -6.25567E-03

512000 out of 512000 gridpoints are considered (100.0%).

...done!

Reading "/home/boittier/esp_check/quadrupole_expansion.cube"...

  Fitted ESP
  Electrostatic potential fitted from quadrupole expansion.
    3   -4.970736   -4.735909   -4.970736
   80    0.125841    0.000000    0.000000
   80    0.000000    0.125841    0.000000
   80    0.000000    0.000000    0.125841
    8    8.000000    0.000000    0.234827    0.000000
    1    1.000000    1.415845   -0.915413    0.000000
    1    1.000000   -1.415845   -0.963203    0.000000
  6.30439E-03  6.52982E-03  6.76224E-03  7.00166E-03  7.24803E-03  7.50127E-03
       .            .            .            .            .            .
       .            .            .            .            .            .
       .            .            .            .            .            .
 -6.80147E-03 -6.68685E-03 -6.57187E-03 -6.45670E-03 -6.34151E-03 -6.22644E-03

512000 out of 512000 gridpoints are considered (100.0%).

...done!

                       Measure       RMSE[kcal/mol/e]   MaxError[kcal/mol/e]   NPoints
                         Total        6.677098068E-01        4.723201022E+00    406835
Close (  1.20 < r <   1.66 )          1.053819407E+00        4.723201022E+00    143595
Mid-range ( 1.66 < r <  2.20)         3.286504939E-01        1.060428252E+00    194414
Far-range (  2.20         < r)        1.153419205E-01        3.232301275E-01     68826
Did analysis and wrote slice data
