/home/boittier/esp_check
h2o_711
/data/boittier/energies/h2o_geom.xyz.dir
Read multipoles for 3 atoms with max. rank 2
Running in generate mode

Reading "/data/boittier/energies/h2o_geom.xyz.dir/h2o_711.chk.fchk.potential.cube"...

  h2o Potential=SCF
  Electrostatic potential from Total SCF Density
    3   -4.970736   -4.757035   -4.970736
   80    0.125841    0.000000    0.000000
   80    0.000000    0.125841    0.000000
   80    0.000000    0.000000    0.125841
    8    8.000000    0.000000    0.213701    0.000000
    1    1.000000    1.425925   -0.901789    0.000000
    1    1.000000   -1.425925   -0.807817    0.000000
  1.62708E-02  1.63880E-02  1.64768E-02  1.65365E-02  1.65664E-02  1.65664E-02
       .            .            .            .            .            .
       .            .            .            .            .            .
       .            .            .            .            .            .
 -9.21815E-03 -9.21331E-03 -9.20363E-03 -9.18909E-03 -9.16969E-03 -9.14542E-03

338430 out of 512000 gridpoints are considered ( 66.1%).

...done!

 writing cube file quadrupole_expansion.cube                                                                                                                                                                                                                                                                                                                                                                                                                                                                                                                                                                                                                                                                                                                                                                                                                                                                                                                                                                                                                                       
Written cubefile and slice data
Running in analysis mode

Reading "/data/boittier/energies/h2o_geom.xyz.dir/h2o_711.chk.fchk.potential.cube"...

  h2o Potential=SCF
  Electrostatic potential from Total SCF Density
    3   -4.970736   -4.757035   -4.970736
   80    0.125841    0.000000    0.000000
   80    0.000000    0.125841    0.000000
   80    0.000000    0.000000    0.125841
    8    8.000000    0.000000    0.213701    0.000000
    1    1.000000    1.425925   -0.901789    0.000000
    1    1.000000   -1.425925   -0.807817    0.000000
  5.95708E-03  6.17142E-03  6.39244E-03  6.62014E-03  6.85445E-03  7.09530E-03
       .            .            .            .            .            .
       .            .            .            .            .            .
       .            .            .            .            .            .
 -6.72333E-03 -6.60410E-03 -6.48487E-03 -6.36581E-03 -6.24707E-03 -6.12879E-03

512000 out of 512000 gridpoints are considered (100.0%).

...done!

Reading "/home/boittier/esp_check/quadrupole_expansion.cube"...

  Fitted ESP
  Electrostatic potential fitted from quadrupole expansion.
    3   -4.970736   -4.757035   -4.970736
   80    0.125841    0.000000    0.000000
   80    0.000000    0.125841    0.000000
   80    0.000000    0.000000    0.125841
    8    8.000000    0.000000    0.213701    0.000000
    1    1.000000    1.425925   -0.901789    0.000000
    1    1.000000   -1.425925   -0.807817    0.000000
  5.90068E-03  6.10897E-03  6.32354E-03  6.54437E-03  6.77140E-03  7.00453E-03
       .            .            .            .            .            .
       .            .            .            .            .            .
       .            .            .            .            .            .
 -6.67233E-03 -6.55806E-03 -6.44351E-03 -6.32885E-03 -6.21423E-03 -6.09980E-03

512000 out of 512000 gridpoints are considered (100.0%).

...done!

                       Measure       RMSE[kcal/mol/e]   MaxError[kcal/mol/e]   NPoints
                         Total        6.867008195E-01        4.676765322E+00    408142
Close (  1.20 < r <   1.66 )          1.087864451E+00        4.676765322E+00    142720
Mid-range ( 1.66 < r <  2.20)         3.393502684E-01        1.077559260E+00    195710
Far-range (  2.20         < r)        1.211443921E-01        3.233681796E-01     69712
Did analysis and wrote slice data
