/home/boittier/esp_check
h2o_1575
/data/boittier/energies/h2o_geom.xyz.dir
Read multipoles for 3 atoms with max. rank 2
Running in generate mode

Reading "/data/boittier/energies/h2o_geom.xyz.dir/h2o_1575.chk.fchk.potential.cube"...

  h2o Potential=SCF
  Electrostatic potential from Total SCF Density
    3   -4.970736   -4.743615   -4.970736
   80    0.125841    0.000000    0.000000
   80    0.000000    0.125841    0.000000
   80    0.000000    0.000000    0.125841
    8    8.000000    0.000000    0.227121    0.000000
    1    1.000000    1.513277   -0.770159    0.000000
    1    1.000000   -1.513277   -1.046805    0.000000
  1.72186E-02  1.72794E-02  1.73099E-02  1.73099E-02  1.72794E-02  1.72186E-02
       .            .            .            .            .            .
       .            .            .            .            .            .
       .            .            .            .            .            .
 -7.80047E-03 -7.79823E-03 -7.79372E-03 -7.78689E-03 -7.77769E-03 -7.76601E-03

337289 out of 512000 gridpoints are considered ( 65.9%).

...done!

 writing cube file quadrupole_expansion.cube                                                                                                                                                                                                                                                                                                                                                                                                                                                                                                                                                                                                                                                                                                                                                                                                                                                                                                                                                                                                                                       
Written cubefile and slice data
Running in analysis mode

Reading "/data/boittier/energies/h2o_geom.xyz.dir/h2o_1575.chk.fchk.potential.cube"...

  h2o Potential=SCF
  Electrostatic potential from Total SCF Density
    3   -4.970736   -4.743615   -4.970736
   80    0.125841    0.000000    0.000000
   80    0.000000    0.125841    0.000000
   80    0.000000    0.000000    0.125841
    8    8.000000    0.000000    0.227121    0.000000
    1    1.000000    1.513277   -0.770159    0.000000
    1    1.000000   -1.513277   -1.046805    0.000000
  6.32622E-03  6.56798E-03  6.81800E-03  7.07631E-03  7.34290E-03  7.61773E-03
       .            .            .            .            .            .
       .            .            .            .            .            .
       .            .            .            .            .            .
 -6.28449E-03 -6.18228E-03 -6.07966E-03 -5.97679E-03 -5.87381E-03 -5.77085E-03

512000 out of 512000 gridpoints are considered (100.0%).

...done!

Reading "/home/boittier/esp_check/quadrupole_expansion.cube"...

  Fitted ESP
  Electrostatic potential fitted from quadrupole expansion.
    3   -4.970736   -4.743615   -4.970736
   80    0.125841    0.000000    0.000000
   80    0.000000    0.125841    0.000000
   80    0.000000    0.000000    0.125841
    8    8.000000    0.000000    0.227121    0.000000
    1    1.000000    1.513277   -0.770159    0.000000
    1    1.000000   -1.513277   -1.046805    0.000000
  6.25558E-03  6.49036E-03  6.73292E-03  6.98331E-03  7.24150E-03  7.50746E-03
       .            .            .            .            .            .
       .            .            .            .            .            .
       .            .            .            .            .            .
 -6.21606E-03 -6.11949E-03 -6.02222E-03 -5.92439E-03 -5.82617E-03 -5.72769E-03

512000 out of 512000 gridpoints are considered (100.0%).

...done!

                       Measure       RMSE[kcal/mol/e]   MaxError[kcal/mol/e]   NPoints
                         Total        6.886518031E-01        4.710776335E+00    405555
Close (  1.20 < r <   1.66 )          1.083776789E+00        4.710776335E+00    144151
Mid-range ( 1.66 < r <  2.20)         3.379316757E-01        1.125751987E+00    193138
Far-range (  2.20         < r)        1.185395313E-01        3.308794679E-01     68266
Did analysis and wrote slice data
