/home/boittier/esp_check
h2o_697
/data/boittier/energies/h2o_geom.xyz.dir
Read multipoles for 3 atoms with max. rank 2
Running in generate mode

Reading "/data/boittier/energies/h2o_geom.xyz.dir/h2o_697.chk.fchk.potential.cube"...

  h2o Potential=SCF
  Electrostatic potential from Total SCF Density
    3   -4.970736   -4.740537   -4.970736
   80    0.125841    0.000000    0.000000
   80    0.000000    0.125841    0.000000
   80    0.000000    0.000000    0.125841
    8    8.000000    0.000000    0.230198    0.000000
    1    1.000000    1.423964   -0.897966    0.000000
    1    1.000000   -1.423964   -0.943622    0.000000
  1.68173E-02  1.69666E-02  1.70876E-02  1.71792E-02  1.72408E-02  1.72717E-02
       .            .            .            .            .            .
       .            .            .            .            .            .
       .            .            .            .            .            .
 -9.21679E-03 -9.21217E-03 -9.20293E-03 -9.18905E-03 -9.17052E-03 -9.14732E-03

338070 out of 512000 gridpoints are considered ( 66.0%).

...done!

 writing cube file quadrupole_expansion.cube                                                                                                                                                                                                                                                                                                                                                                                                                                                                                                                                                                                                                                                                                                                                                                                                                                                                                                                                                                                                                                       
Written cubefile and slice data
Running in analysis mode

Reading "/data/boittier/energies/h2o_geom.xyz.dir/h2o_697.chk.fchk.potential.cube"...

  h2o Potential=SCF
  Electrostatic potential from Total SCF Density
    3   -4.970736   -4.740537   -4.970736
   80    0.125841    0.000000    0.000000
   80    0.000000    0.125841    0.000000
   80    0.000000    0.000000    0.125841
    8    8.000000    0.000000    0.230198    0.000000
    1    1.000000    1.423964   -0.897966    0.000000
    1    1.000000   -1.423964   -0.943622    0.000000
  6.29029E-03  6.51978E-03  6.75662E-03  7.00082E-03  7.25234E-03  7.51111E-03
       .            .            .            .            .            .
       .            .            .            .            .            .
       .            .            .            .            .            .
 -6.77817E-03 -6.66012E-03 -6.54198E-03 -6.42392E-03 -6.30609E-03 -6.18864E-03

512000 out of 512000 gridpoints are considered (100.0%).

...done!

Reading "/home/boittier/esp_check/quadrupole_expansion.cube"...

  Fitted ESP
  Electrostatic potential fitted from quadrupole expansion.
    3   -4.970736   -4.740537   -4.970736
   80    0.125841    0.000000    0.000000
   80    0.000000    0.125841    0.000000
   80    0.000000    0.000000    0.125841
    8    8.000000    0.000000    0.230198    0.000000
    1    1.000000    1.423964   -0.897966    0.000000
    1    1.000000   -1.423964   -0.943622    0.000000
  6.23129E-03  6.45441E-03  6.68446E-03  6.92143E-03  7.16528E-03  7.41592E-03
       .            .            .            .            .            .
       .            .            .            .            .            .
       .            .            .            .            .            .
 -6.72475E-03 -6.61180E-03 -6.49848E-03 -6.38494E-03 -6.27136E-03 -6.15789E-03

512000 out of 512000 gridpoints are considered (100.0%).

...done!

                       Measure       RMSE[kcal/mol/e]   MaxError[kcal/mol/e]   NPoints
                         Total        6.731338911E-01        4.716423920E+00    407014
Close (  1.20 < r <   1.66 )          1.063000940E+00        4.716423920E+00    143432
Mid-range ( 1.66 < r <  2.20)         3.316449427E-01        1.066326841E+00    194638
Far-range (  2.20         < r)        1.167587395E-01        3.229791237E-01     68944
Did analysis and wrote slice data
