/home/boittier/esp_check
h2o_798
/data/boittier/energies/h2o_geom.xyz.dir
Read multipoles for 3 atoms with max. rank 2
Running in generate mode

Reading "/data/boittier/energies/h2o_geom.xyz.dir/h2o_798.chk.fchk.potential.cube"...

  h2o Potential=SCF
  Electrostatic potential from Total SCF Density
    3   -4.970736   -4.752471   -4.970736
   80    0.125841    0.000000    0.000000
   80    0.000000    0.125841    0.000000
   80    0.000000    0.000000    0.125841
    8    8.000000    0.000000    0.218265    0.000000
    1    1.000000    1.397902   -0.937572    0.000000
    1    1.000000   -1.397902   -0.808546    0.000000
  1.63802E-02  1.64680E-02  1.65268E-02  1.65564E-02  1.65564E-02  1.65268E-02
       .            .            .            .            .            .
       .            .            .            .            .            .
       .            .            .            .            .            .
 -9.61328E-03 -9.60784E-03 -9.59697E-03 -9.58065E-03 -9.55891E-03 -9.53174E-03

338596 out of 512000 gridpoints are considered ( 66.1%).

...done!

 writing cube file quadrupole_expansion.cube                                                                                                                                                                                                                                                                                                                                                                                                                                                                                                                                                                                                                                                                                                                                                                                                                                                                                                                                                                                                                                       
Written cubefile and slice data
Running in analysis mode

Reading "/data/boittier/energies/h2o_geom.xyz.dir/h2o_798.chk.fchk.potential.cube"...

  h2o Potential=SCF
  Electrostatic potential from Total SCF Density
    3   -4.970736   -4.752471   -4.970736
   80    0.125841    0.000000    0.000000
   80    0.000000    0.125841    0.000000
   80    0.000000    0.000000    0.125841
    8    8.000000    0.000000    0.218265    0.000000
    1    1.000000    1.397902   -0.937572    0.000000
    1    1.000000   -1.397902   -0.808546    0.000000
  6.03561E-03  6.25050E-03  6.47200E-03  6.70010E-03  6.93474E-03  7.17582E-03
       .            .            .            .            .            .
       .            .            .            .            .            .
       .            .            .            .            .            .
 -6.87444E-03 -6.75113E-03 -6.62788E-03 -6.50486E-03 -6.38224E-03 -6.26016E-03

512000 out of 512000 gridpoints are considered (100.0%).

...done!

Reading "/home/boittier/esp_check/quadrupole_expansion.cube"...

  Fitted ESP
  Electrostatic potential fitted from quadrupole expansion.
    3   -4.970736   -4.752471   -4.970736
   80    0.125841    0.000000    0.000000
   80    0.000000    0.125841    0.000000
   80    0.000000    0.000000    0.125841
    8    8.000000    0.000000    0.218265    0.000000
    1    1.000000    1.397902   -0.937572    0.000000
    1    1.000000   -1.397902   -0.808546    0.000000
  5.98238E-03  6.19137E-03  6.40657E-03  6.62795E-03  6.85546E-03  7.08900E-03
       .            .            .            .            .            .
       .            .            .            .            .            .
       .            .            .            .            .            .
 -6.82753E-03 -6.70903E-03 -6.59031E-03 -6.47155E-03 -6.35291E-03 -6.23454E-03

512000 out of 512000 gridpoints are considered (100.0%).

...done!

                       Measure       RMSE[kcal/mol/e]   MaxError[kcal/mol/e]   NPoints
                         Total        6.788398067E-01        4.680969635E+00    408344
Close (  1.20 < r <   1.66 )          1.075390197E+00        4.680969635E+00    142806
Mid-range ( 1.66 < r <  2.20)         3.354194781E-01        1.050890108E+00    195790
Far-range (  2.20         < r)        1.195529385E-01        3.206510636E-01     69748
Did analysis and wrote slice data
