/home/boittier/esp_check
h2o_1027
/data/boittier/energies/h2o_geom.xyz.dir
Read multipoles for 3 atoms with max. rank 2
Running in generate mode

Reading "/data/boittier/energies/h2o_geom.xyz.dir/h2o_1027.chk.fchk.potential.cube"...

  h2o Potential=SCF
  Electrostatic potential from Total SCF Density
    3   -4.970736   -4.755823   -4.970736
   80    0.125841    0.000000    0.000000
   80    0.000000    0.125841    0.000000
   80    0.000000    0.000000    0.125841
    8    8.000000    0.000000    0.214912    0.000000
    1    1.000000    1.430177   -0.895165    0.000000
    1    1.000000   -1.430177   -0.824135    0.000000
  1.62704E-02  1.64171E-02  1.65360E-02  1.66261E-02  1.66866E-02  1.67169E-02
       .            .            .            .            .            .
       .            .            .            .            .            .
       .            .            .            .            .            .
 -9.15204E-03 -9.14733E-03 -9.13790E-03 -9.12375E-03 -9.10486E-03 -9.08122E-03

338366 out of 512000 gridpoints are considered ( 66.1%).

...done!

 writing cube file quadrupole_expansion.cube                                                                                                                                                                                                                                                                                                                                                                                                                                                                                                                                                                                                                                                                                                                                                                                                                                                                                                                                                                                                                                       
Written cubefile and slice data
Running in analysis mode

Reading "/data/boittier/energies/h2o_geom.xyz.dir/h2o_1027.chk.fchk.potential.cube"...

  h2o Potential=SCF
  Electrostatic potential from Total SCF Density
    3   -4.970736   -4.755823   -4.970736
   80    0.125841    0.000000    0.000000
   80    0.000000    0.125841    0.000000
   80    0.000000    0.000000    0.125841
    8    8.000000    0.000000    0.214912    0.000000
    1    1.000000    1.430177   -0.895165    0.000000
    1    1.000000   -1.430177   -0.824135    0.000000
  5.98767E-03  6.20383E-03  6.42677E-03  6.65648E-03  6.89290E-03  7.13597E-03
       .            .            .            .            .            .
       .            .            .            .            .            .
       .            .            .            .            .            .
 -6.70541E-03 -6.58701E-03 -6.46858E-03 -6.35030E-03 -6.23231E-03 -6.11477E-03

512000 out of 512000 gridpoints are considered (100.0%).

...done!

Reading "/home/boittier/esp_check/quadrupole_expansion.cube"...

  Fitted ESP
  Electrostatic potential fitted from quadrupole expansion.
    3   -4.970736   -4.755823   -4.970736
   80    0.125841    0.000000    0.000000
   80    0.000000    0.125841    0.000000
   80    0.000000    0.000000    0.125841
    8    8.000000    0.000000    0.214912    0.000000
    1    1.000000    1.430177   -0.895165    0.000000
    1    1.000000   -1.430177   -0.824135    0.000000
  5.93027E-03  6.14032E-03  6.35674E-03  6.57950E-03  6.80856E-03  7.04382E-03
       .            .            .            .            .            .
       .            .            .            .            .            .
       .            .            .            .            .            .
 -6.65328E-03 -6.53989E-03 -6.42620E-03 -6.31236E-03 -6.19854E-03 -6.08490E-03

512000 out of 512000 gridpoints are considered (100.0%).

...done!

                       Measure       RMSE[kcal/mol/e]   MaxError[kcal/mol/e]   NPoints
                         Total        6.865656007E-01        4.681471643E+00    407976
Close (  1.20 < r <   1.66 )          1.087188326E+00        4.681471643E+00    142816
Mid-range ( 1.66 < r <  2.20)         3.390934098E-01        1.078939781E+00    195550
Far-range (  2.20         < r)        1.209294693E-01        3.207828406E-01     69610
Did analysis and wrote slice data
