/home/boittier/esp_check
h2o_729
/data/boittier/energies/h2o_geom.xyz.dir
Read multipoles for 3 atoms with max. rank 2
Running in generate mode

Reading "/data/boittier/energies/h2o_geom.xyz.dir/h2o_729.chk.fchk.potential.cube"...

  h2o Potential=SCF
  Electrostatic potential from Total SCF Density
    3   -4.970736   -4.744270   -4.970736
   80    0.125841    0.000000    0.000000
   80    0.000000    0.125841    0.000000
   80    0.000000    0.000000    0.125841
    8    8.000000    0.000000    0.226465    0.000000
    1    1.000000    1.400269   -0.932454    0.000000
    1    1.000000   -1.400269   -0.879267    0.000000
  1.65332E-02  1.67108E-02  1.68612E-02  1.69831E-02  1.70755E-02  1.71375E-02
       .            .            .            .            .            .
       .            .            .            .            .            .
       .            .            .            .            .            .
 -9.57630E-03 -9.57104E-03 -9.56051E-03 -9.54473E-03 -9.52367E-03 -9.49735E-03

338352 out of 512000 gridpoints are considered ( 66.1%).

...done!

 writing cube file quadrupole_expansion.cube                                                                                                                                                                                                                                                                                                                                                                                                                                                                                                                                                                                                                                                                                                                                                                                                                                                                                                                                                                                                                                       
Written cubefile and slice data
Running in analysis mode

Reading "/data/boittier/energies/h2o_geom.xyz.dir/h2o_729.chk.fchk.potential.cube"...

  h2o Potential=SCF
  Electrostatic potential from Total SCF Density
    3   -4.970736   -4.744270   -4.970736
   80    0.125841    0.000000    0.000000
   80    0.000000    0.125841    0.000000
   80    0.000000    0.000000    0.125841
    8    8.000000    0.000000    0.226465    0.000000
    1    1.000000    1.400269   -0.932454    0.000000
    1    1.000000   -1.400269   -0.879267    0.000000
  6.20358E-03  6.42630E-03  6.65599E-03  6.89264E-03  7.13620E-03  7.38657E-03
       .            .            .            .            .            .
       .            .            .            .            .            .
       .            .            .            .            .            .
 -6.89073E-03 -6.76839E-03 -6.64607E-03 -6.52393E-03 -6.40213E-03 -6.28081E-03

512000 out of 512000 gridpoints are considered (100.0%).

...done!

Reading "/home/boittier/esp_check/quadrupole_expansion.cube"...

  Fitted ESP
  Electrostatic potential fitted from quadrupole expansion.
    3   -4.970736   -4.744270   -4.970736
   80    0.125841    0.000000    0.000000
   80    0.000000    0.125841    0.000000
   80    0.000000    0.000000    0.125841
    8    8.000000    0.000000    0.226465    0.000000
    1    1.000000    1.400269   -0.932454    0.000000
    1    1.000000   -1.400269   -0.879267    0.000000
  6.14839E-03  6.36502E-03  6.58820E-03  6.81791E-03  7.05409E-03  7.29667E-03
       .            .            .            .            .            .
       .            .            .            .            .            .
       .            .            .            .            .            .
 -6.84196E-03 -6.72454E-03 -6.60685E-03 -6.48906E-03 -6.37133E-03 -6.25383E-03

512000 out of 512000 gridpoints are considered (100.0%).

...done!

                       Measure       RMSE[kcal/mol/e]   MaxError[kcal/mol/e]   NPoints
                         Total        6.725211112E-01        4.703057968E+00    407722
Close (  1.20 < r <   1.66 )          1.063847790E+00        4.703057968E+00    143084
Mid-range ( 1.66 < r <  2.20)         3.318985283E-01        1.052333380E+00    195268
Far-range (  2.20         < r)        1.175069373E-01        3.191513159E-01     69370
Did analysis and wrote slice data
