/home/boittier/esp_check
h2o_196
/data/boittier/energies/h2o_geom.xyz.dir
Read multipoles for 3 atoms with max. rank 2
Running in generate mode

Reading "/data/boittier/energies/h2o_geom.xyz.dir/h2o_196.chk.fchk.potential.cube"...

  h2o Potential=SCF
  Electrostatic potential from Total SCF Density
    3   -4.970736   -4.748888   -4.970736
   80    0.125841    0.000000    0.000000
   80    0.000000    0.125841    0.000000
   80    0.000000    0.000000    0.125841
    8    8.000000    0.000000    0.221848    0.000000
    1    1.000000    1.446684   -0.868018    0.000000
    1    1.000000   -1.446684   -0.906764    0.000000
  1.66885E-02  1.68077E-02  1.68980E-02  1.69587E-02  1.69891E-02  1.69891E-02
       .            .            .            .            .            .
       .            .            .            .            .            .
       .            .            .            .            .            .
 -8.88203E-03 -8.87787E-03 -8.86954E-03 -8.85702E-03 -8.84029E-03 -8.81932E-03

338092 out of 512000 gridpoints are considered ( 66.0%).

...done!

 writing cube file quadrupole_expansion.cube                                                                                                                                                                                                                                                                                                                                                                                                                                                                                                                                                                                                                                                                                                                                                                                                                                                                                                                                                                                                                                       
Written cubefile and slice data
Running in analysis mode

Reading "/data/boittier/energies/h2o_geom.xyz.dir/h2o_196.chk.fchk.potential.cube"...

  h2o Potential=SCF
  Electrostatic potential from Total SCF Density
    3   -4.970736   -4.748888   -4.970736
   80    0.125841    0.000000    0.000000
   80    0.000000    0.125841    0.000000
   80    0.000000    0.000000    0.125841
    8    8.000000    0.000000    0.221848    0.000000
    1    1.000000    1.446684   -0.868018    0.000000
    1    1.000000   -1.446684   -0.906764    0.000000
  6.14932E-03  6.37473E-03  6.60739E-03  6.84730E-03  7.09442E-03  7.34868E-03
       .            .            .            .            .            .
       .            .            .            .            .            .
       .            .            .            .            .            .
 -6.63728E-03 -6.52240E-03 -6.40739E-03 -6.29243E-03 -6.17766E-03 -6.06322E-03

512000 out of 512000 gridpoints are considered (100.0%).

...done!

Reading "/home/boittier/esp_check/quadrupole_expansion.cube"...

  Fitted ESP
  Electrostatic potential fitted from quadrupole expansion.
    3   -4.970736   -4.748888   -4.970736
   80    0.125841    0.000000    0.000000
   80    0.000000    0.125841    0.000000
   80    0.000000    0.000000    0.125841
    8    8.000000    0.000000    0.221848    0.000000
    1    1.000000    1.446684   -0.868018    0.000000
    1    1.000000   -1.446684   -0.906764    0.000000
  6.08805E-03  6.30705E-03  6.53287E-03  6.76551E-03  7.00491E-03  7.25100E-03
       .            .            .            .            .            .
       .            .            .            .            .            .
       .            .            .            .            .            .
 -6.58067E-03 -6.47101E-03 -6.36093E-03 -6.25060E-03 -6.14018E-03 -6.02982E-03

512000 out of 512000 gridpoints are considered (100.0%).

...done!

                       Measure       RMSE[kcal/mol/e]   MaxError[kcal/mol/e]   NPoints
                         Total        6.837716079E-01        4.702995217E+00    407222
Close (  1.20 < r <   1.66 )          1.080551438E+00        4.702995217E+00    143246
Mid-range ( 1.66 < r <  2.20)         3.372152104E-01        1.079065283E+00    194846
Far-range (  2.20         < r)        1.193373588E-01        3.228536218E-01     69130
Did analysis and wrote slice data
