/home/boittier/esp_check
h2o_384
/data/boittier/energies/h2o_geom.xyz.dir
Read multipoles for 3 atoms with max. rank 2
Running in generate mode

Reading "/data/boittier/energies/h2o_geom.xyz.dir/h2o_384.chk.fchk.potential.cube"...

  h2o Potential=SCF
  Electrostatic potential from Total SCF Density
    3   -4.970736   -4.752936   -4.970736
   80    0.125841    0.000000    0.000000
   80    0.000000    0.125841    0.000000
   80    0.000000    0.000000    0.125841
    8    8.000000    0.000000    0.217799    0.000000
    1    1.000000    1.440928   -0.878335    0.000000
    1    1.000000   -1.440928   -0.864060    0.000000
  1.65229E-02  1.65815E-02  1.66110E-02  1.66110E-02  1.65815E-02  1.65229E-02
       .            .            .            .            .            .
       .            .            .            .            .            .
       .            .            .            .            .            .
 -8.98165E-03 -8.97727E-03 -8.96850E-03 -8.95532E-03 -8.93772E-03 -8.91568E-03

338230 out of 512000 gridpoints are considered ( 66.1%).

...done!

 writing cube file quadrupole_expansion.cube                                                                                                                                                                                                                                                                                                                                                                                                                                                                                                                                                                                                                                                                                                                                                                                                                                                                                                                                                                                                                                       
Written cubefile and slice data
Running in analysis mode

Reading "/data/boittier/energies/h2o_geom.xyz.dir/h2o_384.chk.fchk.potential.cube"...

  h2o Potential=SCF
  Electrostatic potential from Total SCF Density
    3   -4.970736   -4.752936   -4.970736
   80    0.125841    0.000000    0.000000
   80    0.000000    0.125841    0.000000
   80    0.000000    0.000000    0.125841
    8    8.000000    0.000000    0.217799    0.000000
    1    1.000000    1.440928   -0.878335    0.000000
    1    1.000000   -1.440928   -0.864060    0.000000
  6.06008E-03  6.28070E-03  6.50834E-03  6.74299E-03  6.98460E-03  7.23309E-03
       .            .            .            .            .            .
       .            .            .            .            .            .
       .            .            .            .            .            .
 -6.65781E-03 -6.54152E-03 -6.42515E-03 -6.30887E-03 -6.19282E-03 -6.07716E-03

512000 out of 512000 gridpoints are considered (100.0%).

...done!

Reading "/home/boittier/esp_check/quadrupole_expansion.cube"...

  Fitted ESP
  Electrostatic potential fitted from quadrupole expansion.
    3   -4.970736   -4.752936   -4.970736
   80    0.125841    0.000000    0.000000
   80    0.000000    0.125841    0.000000
   80    0.000000    0.000000    0.125841
    8    8.000000    0.000000    0.217799    0.000000
    1    1.000000    1.440928   -0.878335    0.000000
    1    1.000000   -1.440928   -0.864060    0.000000
  6.00038E-03  6.21472E-03  6.43566E-03  6.66318E-03  6.89723E-03  7.13772E-03
       .            .            .            .            .            .
       .            .            .            .            .            .
       .            .            .            .            .            .
 -6.60299E-03 -6.49184E-03 -6.38031E-03 -6.26859E-03 -6.15682E-03 -6.04517E-03

512000 out of 512000 gridpoints are considered (100.0%).

...done!

                       Measure       RMSE[kcal/mol/e]   MaxError[kcal/mol/e]   NPoints
                         Total        6.862640693E-01        4.690696032E+00    407622
Close (  1.20 < r <   1.66 )          1.085705125E+00        4.690696032E+00    143018
Mid-range ( 1.66 < r <  2.20)         3.386236681E-01        1.080885060E+00    195212
Far-range (  2.20         < r)        1.203777538E-01        3.208957923E-01     69392
Did analysis and wrote slice data
