/home/boittier/esp_check
h2o_313
/data/boittier/energies/h2o_geom.xyz.dir
Read multipoles for 3 atoms with max. rank 2
Running in generate mode

Reading "/data/boittier/energies/h2o_geom.xyz.dir/h2o_313.chk.fchk.potential.cube"...

  h2o Potential=SCF
  Electrostatic potential from Total SCF Density
    3   -4.970736   -4.744869   -4.970736
   80    0.125841    0.000000    0.000000
   80    0.000000    0.125841    0.000000
   80    0.000000    0.000000    0.125841
    8    8.000000    0.000000    0.225866    0.000000
    1    1.000000    1.428970   -0.891217    0.000000
    1    1.000000   -1.428970   -0.915715    0.000000
  1.67429E-02  1.68619E-02  1.69520E-02  1.70125E-02  1.70429E-02  1.70429E-02
       .            .            .            .            .            .
       .            .            .            .            .            .
       .            .            .            .            .            .
 -9.14127E-03 -9.13673E-03 -9.12763E-03 -9.11396E-03 -9.09572E-03 -9.07287E-03

338130 out of 512000 gridpoints are considered ( 66.0%).

...done!

 writing cube file quadrupole_expansion.cube                                                                                                                                                                                                                                                                                                                                                                                                                                                                                                                                                                                                                                                                                                                                                                                                                                                                                                                                                                                                                                       
Written cubefile and slice data
Running in analysis mode

Reading "/data/boittier/energies/h2o_geom.xyz.dir/h2o_313.chk.fchk.potential.cube"...

  h2o Potential=SCF
  Electrostatic potential from Total SCF Density
    3   -4.970736   -4.744869   -4.970736
   80    0.125841    0.000000    0.000000
   80    0.000000    0.125841    0.000000
   80    0.000000    0.000000    0.125841
    8    8.000000    0.000000    0.225866    0.000000
    1    1.000000    1.428970   -0.891217    0.000000
    1    1.000000   -1.428970   -0.915715    0.000000
  6.21327E-03  6.43970E-03  6.67336E-03  6.91425E-03  7.16235E-03  7.41756E-03
       .            .            .            .            .            .
       .            .            .            .            .            .
       .            .            .            .            .            .
 -6.73863E-03 -6.62111E-03 -6.50352E-03 -6.38601E-03 -6.26873E-03 -6.15184E-03

512000 out of 512000 gridpoints are considered (100.0%).

...done!

Reading "/home/boittier/esp_check/quadrupole_expansion.cube"...

  Fitted ESP
  Electrostatic potential fitted from quadrupole expansion.
    3   -4.970736   -4.744869   -4.970736
   80    0.125841    0.000000    0.000000
   80    0.000000    0.125841    0.000000
   80    0.000000    0.000000    0.125841
    8    8.000000    0.000000    0.225866    0.000000
    1    1.000000    1.428970   -0.891217    0.000000
    1    1.000000   -1.428970   -0.915715    0.000000
  6.15396E-03  6.37405E-03  6.60095E-03  6.83465E-03  7.07511E-03  7.32223E-03
       .            .            .            .            .            .
       .            .            .            .            .            .
       .            .            .            .            .            .
 -6.68463E-03 -6.57224E-03 -6.45948E-03 -6.34651E-03 -6.23350E-03 -6.12060E-03

512000 out of 512000 gridpoints are considered (100.0%).

...done!

                       Measure       RMSE[kcal/mol/e]   MaxError[kcal/mol/e]   NPoints
                         Total        6.776950299E-01        4.707889791E+00    407244
Close (  1.20 < r <   1.66 )          1.070852764E+00        4.707889791E+00    143287
Mid-range ( 1.66 < r <  2.20)         3.341965834E-01        1.068962380E+00    194843
Far-range (  2.20         < r)        1.180280404E-01        3.221884618E-01     69114
Did analysis and wrote slice data
