/home/boittier/esp_check
h2o_1339
/data/boittier/energies/h2o_geom.xyz.dir
Read multipoles for 3 atoms with max. rank 2
Running in generate mode

Reading "/data/boittier/energies/h2o_geom.xyz.dir/h2o_1339.chk.fchk.potential.cube"...

  h2o Potential=SCF
  Electrostatic potential from Total SCF Density
    3   -4.970736   -4.750097   -4.970736
   80    0.125841    0.000000    0.000000
   80    0.000000    0.125841    0.000000
   80    0.000000    0.000000    0.125841
    8    8.000000    0.000000    0.220638    0.000000
    1    1.000000    1.446551   -0.880665    0.000000
    1    1.000000   -1.446551   -0.884441    0.000000
  1.66389E-02  1.67279E-02  1.67876E-02  1.68176E-02  1.68176E-02  1.67876E-02
       .            .            .            .            .            .
       .            .            .            .            .            .
       .            .            .            .            .            .
 -8.98585E-03 -8.98151E-03 -8.97283E-03 -8.95977E-03 -8.94234E-03 -8.92049E-03

338090 out of 512000 gridpoints are considered ( 66.0%).

...done!

 writing cube file quadrupole_expansion.cube                                                                                                                                                                                                                                                                                                                                                                                                                                                                                                                                                                                                                                                                                                                                                                                                                                                                                                                                                                                                                                       
Written cubefile and slice data
Running in analysis mode

Reading "/data/boittier/energies/h2o_geom.xyz.dir/h2o_1339.chk.fchk.potential.cube"...

  h2o Potential=SCF
  Electrostatic potential from Total SCF Density
    3   -4.970736   -4.750097   -4.970736
   80    0.125841    0.000000    0.000000
   80    0.000000    0.125841    0.000000
   80    0.000000    0.000000    0.125841
    8    8.000000    0.000000    0.220638    0.000000
    1    1.000000    1.446551   -0.880665    0.000000
    1    1.000000   -1.446551   -0.884441    0.000000
  6.11083E-03  6.33405E-03  6.56441E-03  6.80190E-03  7.04650E-03  7.29811E-03
       .            .            .            .            .            .
       .            .            .            .            .            .
       .            .            .            .            .            .
 -6.67195E-03 -6.55579E-03 -6.43954E-03 -6.32336E-03 -6.20741E-03 -6.09182E-03

512000 out of 512000 gridpoints are considered (100.0%).

...done!

Reading "/home/boittier/esp_check/quadrupole_expansion.cube"...

  Fitted ESP
  Electrostatic potential fitted from quadrupole expansion.
    3   -4.970736   -4.750097   -4.970736
   80    0.125841    0.000000    0.000000
   80    0.000000    0.125841    0.000000
   80    0.000000    0.000000    0.125841
    8    8.000000    0.000000    0.220638    0.000000
    1    1.000000    1.446551   -0.880665    0.000000
    1    1.000000   -1.446551   -0.884441    0.000000
  6.05066E-03  6.26754E-03  6.49114E-03  6.72144E-03  6.95840E-03  7.20194E-03
       .            .            .            .            .            .
       .            .            .            .            .            .
       .            .            .            .            .            .
 -6.61685E-03 -6.50585E-03 -6.39446E-03 -6.28286E-03 -6.17119E-03 -6.05963E-03

512000 out of 512000 gridpoints are considered (100.0%).

...done!

                       Measure       RMSE[kcal/mol/e]   MaxError[kcal/mol/e]   NPoints
                         Total        6.847786971E-01        4.698602651E+00    407294
Close (  1.20 < r <   1.66 )          1.082491493E+00        4.698602651E+00    143168
Mid-range ( 1.66 < r <  2.20)         3.377434017E-01        1.079065283E+00    194922
Far-range (  2.20         < r)        1.197066152E-01        3.223516142E-01     69204
Did analysis and wrote slice data
