/home/boittier/esp_check
h2o_1137
/data/boittier/energies/h2o_geom.xyz.dir
Read multipoles for 3 atoms with max. rank 2
Running in generate mode

Reading "/data/boittier/energies/h2o_geom.xyz.dir/h2o_1137.chk.fchk.potential.cube"...

  h2o Potential=SCF
  Electrostatic potential from Total SCF Density
    3   -4.970736   -4.748041   -4.970736
   80    0.125841    0.000000    0.000000
   80    0.000000    0.125841    0.000000
   80    0.000000    0.000000    0.125841
    8    8.000000    0.000000    0.222695    0.000000
    1    1.000000    1.450238   -0.869590    0.000000
    1    1.000000   -1.450238   -0.911971    0.000000
  1.66016E-02  1.67496E-02  1.68696E-02  1.69604E-02  1.70214E-02  1.70521E-02
       .            .            .            .            .            .
       .            .            .            .            .            .
       .            .            .            .            .            .
 -8.88351E-03 -8.87936E-03 -8.87106E-03 -8.85859E-03 -8.84192E-03 -8.82102E-03

338032 out of 512000 gridpoints are considered ( 66.0%).

...done!

 writing cube file quadrupole_expansion.cube                                                                                                                                                                                                                                                                                                                                                                                                                                                                                                                                                                                                                                                                                                                                                                                                                                                                                                                                                                                                                                       
Written cubefile and slice data
Running in analysis mode

Reading "/data/boittier/energies/h2o_geom.xyz.dir/h2o_1137.chk.fchk.potential.cube"...

  h2o Potential=SCF
  Electrostatic potential from Total SCF Density
    3   -4.970736   -4.748041   -4.970736
   80    0.125841    0.000000    0.000000
   80    0.000000    0.125841    0.000000
   80    0.000000    0.000000    0.125841
    8    8.000000    0.000000    0.222695    0.000000
    1    1.000000    1.450238   -0.869590    0.000000
    1    1.000000   -1.450238   -0.911971    0.000000
  6.16178E-03  6.38795E-03  6.62141E-03  6.86216E-03  7.11017E-03  7.36536E-03
       .            .            .            .            .            .
       .            .            .            .            .            .
       .            .            .            .            .            .
 -6.64238E-03 -6.52753E-03 -6.41255E-03 -6.29761E-03 -6.18286E-03 -6.06844E-03

512000 out of 512000 gridpoints are considered (100.0%).

...done!

Reading "/home/boittier/esp_check/quadrupole_expansion.cube"...

  Fitted ESP
  Electrostatic potential fitted from quadrupole expansion.
    3   -4.970736   -4.748041   -4.970736
   80    0.125841    0.000000    0.000000
   80    0.000000    0.125841    0.000000
   80    0.000000    0.000000    0.125841
    8    8.000000    0.000000    0.222695    0.000000
    1    1.000000    1.450238   -0.869590    0.000000
    1    1.000000   -1.450238   -0.911971    0.000000
  6.10038E-03  6.32013E-03  6.54673E-03  6.78019E-03  7.02046E-03  7.26746E-03
       .            .            .            .            .            .
       .            .            .            .            .            .
       .            .            .            .            .            .
 -6.58576E-03 -6.47613E-03 -6.36608E-03 -6.25577E-03 -6.14537E-03 -6.03503E-03

512000 out of 512000 gridpoints are considered (100.0%).

...done!

                       Measure       RMSE[kcal/mol/e]   MaxError[kcal/mol/e]   NPoints
                         Total        6.836117835E-01        4.705819010E+00    407104
Close (  1.20 < r <   1.66 )          1.079927051E+00        4.705819010E+00    143320
Mid-range ( 1.66 < r <  2.20)         3.370749293E-01        1.080822309E+00    194712
Far-range (  2.20         < r)        1.191719895E-01        3.234811313E-01     69072
Did analysis and wrote slice data
