/home/boittier/esp_check
h2o_571
/data/boittier/energies/h2o_geom.xyz.dir
Read multipoles for 3 atoms with max. rank 2
Running in generate mode

Reading "/data/boittier/energies/h2o_geom.xyz.dir/h2o_571.chk.fchk.potential.cube"...

  h2o Potential=SCF
  Electrostatic potential from Total SCF Density
    3   -4.970736   -4.753419   -4.970736
   80    0.125841    0.000000    0.000000
   80    0.000000    0.125841    0.000000
   80    0.000000    0.000000    0.125841
    8    8.000000    0.000000    0.217317    0.000000
    1    1.000000    1.433579   -0.888639    0.000000
    1    1.000000   -1.433579   -0.849898    0.000000
  1.63177E-02  1.64945E-02  1.66442E-02  1.67656E-02  1.68575E-02  1.69192E-02
       .            .            .            .            .            .
       .            .            .            .            .            .
       .            .            .            .            .            .
 -9.09171E-03 -9.08713E-03 -9.07797E-03 -9.06422E-03 -9.04587E-03 -9.02288E-03

338264 out of 512000 gridpoints are considered ( 66.1%).

...done!

 writing cube file quadrupole_expansion.cube                                                                                                                                                                                                                                                                                                                                                                                                                                                                                                                                                                                                                                                                                                                                                                                                                                                                                                                                                                                                                                       
Written cubefile and slice data
Running in analysis mode

Reading "/data/boittier/energies/h2o_geom.xyz.dir/h2o_571.chk.fchk.potential.cube"...

  h2o Potential=SCF
  Electrostatic potential from Total SCF Density
    3   -4.970736   -4.753419   -4.970736
   80    0.125841    0.000000    0.000000
   80    0.000000    0.125841    0.000000
   80    0.000000    0.000000    0.125841
    8    8.000000    0.000000    0.217317    0.000000
    1    1.000000    1.433579   -0.888639    0.000000
    1    1.000000   -1.433579   -0.849898    0.000000
  6.04330E-03  6.26236E-03  6.48834E-03  6.72123E-03  6.96099E-03  7.20753E-03
       .            .            .            .            .            .
       .            .            .            .            .            .
       .            .            .            .            .            .
 -6.69341E-03 -6.57585E-03 -6.45824E-03 -6.34075E-03 -6.22352E-03 -6.10672E-03

512000 out of 512000 gridpoints are considered (100.0%).

...done!

Reading "/home/boittier/esp_check/quadrupole_expansion.cube"...

  Fitted ESP
  Electrostatic potential fitted from quadrupole expansion.
    3   -4.970736   -4.753419   -4.970736
   80    0.125841    0.000000    0.000000
   80    0.000000    0.125841    0.000000
   80    0.000000    0.000000    0.125841
    8    8.000000    0.000000    0.217317    0.000000
    1    1.000000    1.433579   -0.888639    0.000000
    1    1.000000   -1.433579   -0.849898    0.000000
  5.98479E-03  6.19764E-03  6.41701E-03  6.64285E-03  6.87513E-03  7.11376E-03
       .            .            .            .            .            .
       .            .            .            .            .            .
       .            .            .            .            .            .
 -6.64003E-03 -6.52755E-03 -6.41472E-03 -6.30173E-03 -6.18873E-03 -6.07587E-03

512000 out of 512000 gridpoints are considered (100.0%).

...done!

                       Measure       RMSE[kcal/mol/e]   MaxError[kcal/mol/e]   NPoints
                         Total        6.854213185E-01        4.688499749E+00    407769
Close (  1.20 < r <   1.66 )          1.084771406E+00        4.688499749E+00    142936
Mid-range ( 1.66 < r <  2.20)         3.383779981E-01        1.076366992E+00    195328
Far-range (  2.20         < r)        1.204814928E-01        3.199670782E-01     69505
Did analysis and wrote slice data
