/home/boittier/esp_check
h2o_1057
/data/boittier/energies/h2o_geom.xyz.dir
Read multipoles for 3 atoms with max. rank 2
Running in generate mode

Reading "/data/boittier/energies/h2o_geom.xyz.dir/h2o_1057.chk.fchk.potential.cube"...

  h2o Potential=SCF
  Electrostatic potential from Total SCF Density
    3   -4.970736   -4.749284   -4.970736
   80    0.125841    0.000000    0.000000
   80    0.000000    0.125841    0.000000
   80    0.000000    0.000000    0.125841
    8    8.000000    0.000000    0.221451    0.000000
    1    1.000000    1.484095   -0.817314    0.000000
    1    1.000000   -1.484095   -0.954298    0.000000
  1.68829E-02  1.69428E-02  1.69729E-02  1.69729E-02  1.69428E-02  1.68829E-02
       .            .            .            .            .            .
       .            .            .            .            .            .
       .            .            .            .            .            .
 -8.31630E-03 -8.31311E-03 -8.30670E-03 -8.29705E-03 -8.28411E-03 -8.26782E-03

337716 out of 512000 gridpoints are considered ( 66.0%).

...done!

 writing cube file quadrupole_expansion.cube                                                                                                                                                                                                                                                                                                                                                                                                                                                                                                                                                                                                                                                                                                                                                                                                                                                                                                                                                                                                                                       
Written cubefile and slice data
Running in analysis mode

Reading "/data/boittier/energies/h2o_geom.xyz.dir/h2o_1057.chk.fchk.potential.cube"...

  h2o Potential=SCF
  Electrostatic potential from Total SCF Density
    3   -4.970736   -4.749284   -4.970736
   80    0.125841    0.000000    0.000000
   80    0.000000    0.125841    0.000000
   80    0.000000    0.000000    0.125841
    8    8.000000    0.000000    0.221451    0.000000
    1    1.000000    1.484095   -0.817314    0.000000
    1    1.000000   -1.484095   -0.954298    0.000000
  6.17894E-03  6.40994E-03  6.64857E-03  6.89484E-03  7.14874E-03  7.41020E-03
       .            .            .            .            .            .
       .            .            .            .            .            .
       .            .            .            .            .            .
 -6.44466E-03 -6.33614E-03 -6.22738E-03 -6.11851E-03 -6.00969E-03 -5.90107E-03

512000 out of 512000 gridpoints are considered (100.0%).

...done!

Reading "/home/boittier/esp_check/quadrupole_expansion.cube"...

  Fitted ESP
  Electrostatic potential fitted from quadrupole expansion.
    3   -4.970736   -4.749284   -4.970736
   80    0.125841    0.000000    0.000000
   80    0.000000    0.125841    0.000000
   80    0.000000    0.000000    0.125841
    8    8.000000    0.000000    0.221451    0.000000
    1    1.000000    1.484095   -0.817314    0.000000
    1    1.000000   -1.484095   -0.954298    0.000000
  6.11263E-03  6.33693E-03  6.56842E-03  6.80711E-03  7.05296E-03  7.30591E-03
       .            .            .            .            .            .
       .            .            .            .            .            .
       .            .            .            .            .            .
 -6.38177E-03 -6.27870E-03 -6.17509E-03 -6.07109E-03 -5.96684E-03 -5.86251E-03

512000 out of 512000 gridpoints are considered (100.0%).

...done!

                       Measure       RMSE[kcal/mol/e]   MaxError[kcal/mol/e]   NPoints
                         Total        6.894066891E-01        4.708580052E+00    406540
Close (  1.20 < r <   1.66 )          1.087815042E+00        4.708580052E+00    143554
Mid-range ( 1.66 < r <  2.20)         3.393462730E-01        1.110942764E+00    194162
Far-range (  2.20         < r)        1.198543477E-01        3.267190801E-01     68824
Did analysis and wrote slice data
