/home/boittier/esp_check
h2o_923
/data/boittier/energies/h2o_geom.xyz.dir
Read multipoles for 3 atoms with max. rank 2
Running in generate mode

Reading "/data/boittier/energies/h2o_geom.xyz.dir/h2o_923.chk.fchk.potential.cube"...

  h2o Potential=SCF
  Electrostatic potential from Total SCF Density
    3   -4.970736   -4.741284   -4.970736
   80    0.125841    0.000000    0.000000
   80    0.000000    0.125841    0.000000
   80    0.000000    0.000000    0.125841
    8    8.000000    0.000000    0.229452    0.000000
    1    1.000000    1.382614   -0.958627    0.000000
    1    1.000000   -1.382614   -0.876989    0.000000
  1.65105E-02  1.66864E-02  1.68354E-02  1.69561E-02  1.70476E-02  1.71090E-02
       .            .            .            .            .            .
       .            .            .            .            .            .
       .            .            .            .            .            .
 -9.84686E-03 -9.84120E-03 -9.82988E-03 -9.81289E-03 -9.79026E-03 -9.76199E-03

338420 out of 512000 gridpoints are considered ( 66.1%).

...done!

 writing cube file quadrupole_expansion.cube                                                                                                                                                                                                                                                                                                                                                                                                                                                                                                                                                                                                                                                                                                                                                                                                                                                                                                                                                                                                                                       
Written cubefile and slice data
Running in analysis mode

Reading "/data/boittier/energies/h2o_geom.xyz.dir/h2o_923.chk.fchk.potential.cube"...

  h2o Potential=SCF
  Electrostatic potential from Total SCF Density
    3   -4.970736   -4.741284   -4.970736
   80    0.125841    0.000000    0.000000
   80    0.000000    0.125841    0.000000
   80    0.000000    0.000000    0.125841
    8    8.000000    0.000000    0.229452    0.000000
    1    1.000000    1.382614   -0.958627    0.000000
    1    1.000000   -1.382614   -0.876989    0.000000
  6.24961E-03  6.47243E-03  6.70216E-03  6.93878E-03  7.18224E-03  7.43246E-03
       .            .            .            .            .            .
       .            .            .            .            .            .
       .            .            .            .            .            .
 -6.99502E-03 -6.86988E-03 -6.74480E-03 -6.61995E-03 -6.49548E-03 -6.37156E-03

512000 out of 512000 gridpoints are considered (100.0%).

...done!

Reading "/home/boittier/esp_check/quadrupole_expansion.cube"...

  Fitted ESP
  Electrostatic potential fitted from quadrupole expansion.
    3   -4.970736   -4.741284   -4.970736
   80    0.125841    0.000000    0.000000
   80    0.000000    0.125841    0.000000
   80    0.000000    0.000000    0.125841
    8    8.000000    0.000000    0.229452    0.000000
    1    1.000000    1.382614   -0.958627    0.000000
    1    1.000000   -1.382614   -0.876989    0.000000
  6.19669E-03  6.41352E-03  6.63684E-03  6.86664E-03  7.10284E-03  7.34537E-03
       .            .            .            .            .            .
       .            .            .            .            .            .
       .            .            .            .            .            .
 -6.94930E-03 -6.82897E-03 -6.70841E-03 -6.58780E-03 -6.46730E-03 -6.34708E-03

512000 out of 512000 gridpoints are considered (100.0%).

...done!

                       Measure       RMSE[kcal/mol/e]   MaxError[kcal/mol/e]   NPoints
                         Total        6.666956121E-01        4.705191500E+00    407792
Close (  1.20 < r <   1.66 )          1.054924569E+00        4.705191500E+00    143010
Mid-range ( 1.66 < r <  2.20)         3.291246368E-01        1.040975458E+00    195410
Far-range (  2.20         < r)        1.162985194E-01        3.178335460E-01     69372
Did analysis and wrote slice data
