/home/boittier/esp_check
h2o_1116
/data/boittier/energies/h2o_geom.xyz.dir
Read multipoles for 3 atoms with max. rank 2
Running in generate mode

Reading "/data/boittier/energies/h2o_geom.xyz.dir/h2o_1116.chk.fchk.potential.cube"...

  h2o Potential=SCF
  Electrostatic potential from Total SCF Density
    3   -4.970736   -4.748741   -4.970736
   80    0.125841    0.000000    0.000000
   80    0.000000    0.125841    0.000000
   80    0.000000    0.000000    0.125841
    8    8.000000    0.000000    0.221995    0.000000
    1    1.000000    1.428662   -0.897407    0.000000
    1    1.000000   -1.428662   -0.878554    0.000000
  1.66460E-02  1.67049E-02  1.67345E-02  1.67345E-02  1.67049E-02  1.66460E-02
       .            .            .            .            .            .
       .            .            .            .            .            .
       .            .            .            .            .            .
 -9.18888E-03 -9.18420E-03 -9.17485E-03 -9.16082E-03 -9.14208E-03 -9.11862E-03

338228 out of 512000 gridpoints are considered ( 66.1%).

...done!

 writing cube file quadrupole_expansion.cube                                                                                                                                                                                                                                                                                                                                                                                                                                                                                                                                                                                                                                                                                                                                                                                                                                                                                                                                                                                                                                       
Written cubefile and slice data
Running in analysis mode

Reading "/data/boittier/energies/h2o_geom.xyz.dir/h2o_1116.chk.fchk.potential.cube"...

  h2o Potential=SCF
  Electrostatic potential from Total SCF Density
    3   -4.970736   -4.748741   -4.970736
   80    0.125841    0.000000    0.000000
   80    0.000000    0.125841    0.000000
   80    0.000000    0.000000    0.125841
    8    8.000000    0.000000    0.221995    0.000000
    1    1.000000    1.428662   -0.897407    0.000000
    1    1.000000   -1.428662   -0.878554    0.000000
  6.13168E-03  6.35412E-03  6.58362E-03  6.82016E-03  7.06370E-03  7.31416E-03
       .            .            .            .            .            .
       .            .            .            .            .            .
       .            .            .            .            .            .
 -6.74358E-03 -6.62525E-03 -6.50687E-03 -6.38861E-03 -6.27061E-03 -6.15303E-03

512000 out of 512000 gridpoints are considered (100.0%).

...done!

Reading "/home/boittier/esp_check/quadrupole_expansion.cube"...

  Fitted ESP
  Electrostatic potential fitted from quadrupole expansion.
    3   -4.970736   -4.748741   -4.970736
   80    0.125841    0.000000    0.000000
   80    0.000000    0.125841    0.000000
   80    0.000000    0.000000    0.125841
    8    8.000000    0.000000    0.221995    0.000000
    1    1.000000    1.428662   -0.897407    0.000000
    1    1.000000   -1.428662   -0.878554    0.000000
  6.07331E-03  6.28951E-03  6.51235E-03  6.74180E-03  6.97781E-03  7.22030E-03
       .            .            .            .            .            .
       .            .            .            .            .            .
       .            .            .            .            .            .
 -6.69065E-03 -6.57740E-03 -6.46380E-03 -6.35003E-03 -6.23625E-03 -6.12262E-03

512000 out of 512000 gridpoints are considered (100.0%).

...done!

                       Measure       RMSE[kcal/mol/e]   MaxError[kcal/mol/e]   NPoints
                         Total        6.810619445E-01        4.698602651E+00    407530
Close (  1.20 < r <   1.66 )          1.077096401E+00        4.698602651E+00    143112
Mid-range ( 1.66 < r <  2.20)         3.359284737E-01        1.068209369E+00    195116
Far-range (  2.20         < r)        1.190971638E-01        3.209020674E-01     69302
Did analysis and wrote slice data
