/home/boittier/esp_check
h2o_679
/data/boittier/energies/h2o_geom.xyz.dir
Read multipoles for 3 atoms with max. rank 2
Running in generate mode

Reading "/data/boittier/energies/h2o_geom.xyz.dir/h2o_679.chk.fchk.potential.cube"...

  h2o Potential=SCF
  Electrostatic potential from Total SCF Density
    3   -4.970736   -4.757132   -4.970736
   80    0.125841    0.000000    0.000000
   80    0.000000    0.125841    0.000000
   80    0.000000    0.000000    0.125841
    8    8.000000    0.000000    0.213603    0.000000
    1    1.000000    1.440657   -0.882622    0.000000
    1    1.000000   -1.440657   -0.826205    0.000000
  1.61253E-02  1.62997E-02  1.64474E-02  1.65671E-02  1.66578E-02  1.67187E-02
       .            .            .            .            .            .
       .            .            .            .            .            .
       .            .            .            .            .            .
 -9.00886E-03 -9.00437E-03 -8.99539E-03 -8.98191E-03 -8.96391E-03 -8.94136E-03

338292 out of 512000 gridpoints are considered ( 66.1%).

...done!

 writing cube file quadrupole_expansion.cube                                                                                                                                                                                                                                                                                                                                                                                                                                                                                                                                                                                                                                                                                                                                                                                                                                                                                                                                                                                                                                       
Written cubefile and slice data
Running in analysis mode

Reading "/data/boittier/energies/h2o_geom.xyz.dir/h2o_679.chk.fchk.potential.cube"...

  h2o Potential=SCF
  Electrostatic potential from Total SCF Density
    3   -4.970736   -4.757132   -4.970736
   80    0.125841    0.000000    0.000000
   80    0.000000    0.125841    0.000000
   80    0.000000    0.000000    0.125841
    8    8.000000    0.000000    0.213603    0.000000
    1    1.000000    1.440657   -0.882622    0.000000
    1    1.000000   -1.440657   -0.826205    0.000000
  5.96705E-03  6.18337E-03  6.40651E-03  6.63646E-03  6.87318E-03  7.11658E-03
       .            .            .            .            .            .
       .            .            .            .            .            .
       .            .            .            .            .            .
 -6.65262E-03 -6.53573E-03 -6.41879E-03 -6.30196E-03 -6.18540E-03 -6.06925E-03

512000 out of 512000 gridpoints are considered (100.0%).

...done!

Reading "/home/boittier/esp_check/quadrupole_expansion.cube"...

  Fitted ESP
  Electrostatic potential fitted from quadrupole expansion.
    3   -4.970736   -4.757132   -4.970736
   80    0.125841    0.000000    0.000000
   80    0.000000    0.125841    0.000000
   80    0.000000    0.000000    0.125841
    8    8.000000    0.000000    0.213603    0.000000
    1    1.000000    1.440657   -0.882622    0.000000
    1    1.000000   -1.440657   -0.826205    0.000000
  5.90846E-03  6.11861E-03  6.33517E-03  6.55811E-03  6.78740E-03  7.02292E-03
       .            .            .            .            .            .
       .            .            .            .            .            .
       .            .            .            .            .            .
 -6.59900E-03 -6.48718E-03 -6.37502E-03 -6.26269E-03 -6.15035E-03 -6.03815E-03

512000 out of 512000 gridpoints are considered (100.0%).

...done!

                       Measure       RMSE[kcal/mol/e]   MaxError[kcal/mol/e]   NPoints
                         Total        6.891930488E-01        4.680342125E+00    407898
Close (  1.20 < r <   1.66 )          1.091304569E+00        4.680342125E+00    142810
Mid-range ( 1.66 < r <  2.20)         3.403226834E-01        1.090360453E+00    195482
Far-range (  2.20         < r)        1.214495531E-01        3.211028704E-01     69606
Did analysis and wrote slice data
