/home/boittier/esp_check
h2o_1286
/data/boittier/energies/h2o_geom.xyz.dir
Read multipoles for 3 atoms with max. rank 2
Running in generate mode

Reading "/data/boittier/energies/h2o_geom.xyz.dir/h2o_1286.chk.fchk.potential.cube"...

  h2o Potential=SCF
  Electrostatic potential from Total SCF Density
    3   -4.970736   -4.747419   -4.970736
   80    0.125841    0.000000    0.000000
   80    0.000000    0.125841    0.000000
   80    0.000000    0.000000    0.125841
    8    8.000000    0.000000    0.223317    0.000000
    1    1.000000    1.410257   -0.937867    0.000000
    1    1.000000   -1.410257   -0.848666    0.000000
  1.63299E-02  1.65048E-02  1.66529E-02  1.67730E-02  1.68639E-02  1.69250E-02
       .            .            .            .            .            .
       .            .            .            .            .            .
       .            .            .            .            .            .
 -9.58244E-03 -9.57715E-03 -9.56655E-03 -9.55066E-03 -9.52946E-03 -9.50296E-03

338343 out of 512000 gridpoints are considered ( 66.1%).

...done!

 writing cube file quadrupole_expansion.cube                                                                                                                                                                                                                                                                                                                                                                                                                                                                                                                                                                                                                                                                                                                                                                                                                                                                                                                                                                                                                                       
Written cubefile and slice data
Running in analysis mode

Reading "/data/boittier/energies/h2o_geom.xyz.dir/h2o_1286.chk.fchk.potential.cube"...

  h2o Potential=SCF
  Electrostatic potential from Total SCF Density
    3   -4.970736   -4.747419   -4.970736
   80    0.125841    0.000000    0.000000
   80    0.000000    0.125841    0.000000
   80    0.000000    0.000000    0.125841
    8    8.000000    0.000000    0.223317    0.000000
    1    1.000000    1.410257   -0.937867    0.000000
    1    1.000000   -1.410257   -0.848666    0.000000
  6.12820E-03  6.34798E-03  6.57462E-03  6.80810E-03  7.04837E-03  7.29534E-03
       .            .            .            .            .            .
       .            .            .            .            .            .
       .            .            .            .            .            .
 -6.88700E-03 -6.76435E-03 -6.64172E-03 -6.51930E-03 -6.39722E-03 -6.27566E-03

512000 out of 512000 gridpoints are considered (100.0%).

...done!

Reading "/home/boittier/esp_check/quadrupole_expansion.cube"...

  Fitted ESP
  Electrostatic potential fitted from quadrupole expansion.
    3   -4.970736   -4.747419   -4.970736
   80    0.125841    0.000000    0.000000
   80    0.000000    0.125841    0.000000
   80    0.000000    0.000000    0.125841
    8    8.000000    0.000000    0.223317    0.000000
    1    1.000000    1.410257   -0.937867    0.000000
    1    1.000000   -1.410257   -0.848666    0.000000
  6.07351E-03  6.28725E-03  6.50744E-03  6.73405E-03  6.96702E-03  7.20626E-03
       .            .            .            .            .            .
       .            .            .            .            .            .
       .            .            .            .            .            .
 -6.83892E-03 -6.72114E-03 -6.60311E-03 -6.48500E-03 -6.36696E-03 -6.24917E-03

512000 out of 512000 gridpoints are considered (100.0%).

...done!

                       Measure       RMSE[kcal/mol/e]   MaxError[kcal/mol/e]   NPoints
                         Total        6.766806658E-01        4.698539900E+00    407750
Close (  1.20 < r <   1.66 )          1.070719426E+00        4.698539900E+00    142975
Mid-range ( 1.66 < r <  2.20)         3.342095458E-01        1.058859478E+00    195368
Far-range (  2.20         < r)        1.184184260E-01        3.193709442E-01     69407
Did analysis and wrote slice data
