/home/boittier/esp_check
h2o_1227
/data/boittier/energies/h2o_geom.xyz.dir
Read multipoles for 3 atoms with max. rank 2
Running in generate mode

Reading "/data/boittier/energies/h2o_geom.xyz.dir/h2o_1227.chk.fchk.potential.cube"...

  h2o Potential=SCF
  Electrostatic potential from Total SCF Density
    3   -4.970736   -4.743882   -4.970736
   80    0.125841    0.000000    0.000000
   80    0.000000    0.125841    0.000000
   80    0.000000    0.000000    0.125841
    8    8.000000    0.000000    0.226853    0.000000
    1    1.000000    1.357675   -0.995303    0.000000
    1    1.000000   -1.357675   -0.819523    0.000000
  1.65731E-02  1.66315E-02  1.66608E-02  1.66608E-02  1.66315E-02  1.65731E-02
       .            .            .            .            .            .
       .            .            .            .            .            .
       .            .            .            .            .            .
 -1.02130E-02 -1.02067E-02 -1.01941E-02 -1.01753E-02 -1.01502E-02 -1.01188E-02

338709 out of 512000 gridpoints are considered ( 66.2%).

...done!

 writing cube file quadrupole_expansion.cube                                                                                                                                                                                                                                                                                                                                                                                                                                                                                                                                                                                                                                                                                                                                                                                                                                                                                                                                                                                                                                       
Written cubefile and slice data
Running in analysis mode

Reading "/data/boittier/energies/h2o_geom.xyz.dir/h2o_1227.chk.fchk.potential.cube"...

  h2o Potential=SCF
  Electrostatic potential from Total SCF Density
    3   -4.970736   -4.743882   -4.970736
   80    0.125841    0.000000    0.000000
   80    0.000000    0.125841    0.000000
   80    0.000000    0.000000    0.125841
    8    8.000000    0.000000    0.226853    0.000000
    1    1.000000    1.357675   -0.995303    0.000000
    1    1.000000   -1.357675   -0.819523    0.000000
  6.18730E-03  6.40454E-03  6.62836E-03  6.85872E-03  7.09556E-03  7.33880E-03
       .            .            .            .            .            .
       .            .            .            .            .            .
       .            .            .            .            .            .
 -7.11388E-03 -6.98452E-03 -6.85531E-03 -6.72642E-03 -6.59802E-03 -6.47026E-03

512000 out of 512000 gridpoints are considered (100.0%).

...done!

Reading "/home/boittier/esp_check/quadrupole_expansion.cube"...

  Fitted ESP
  Electrostatic potential fitted from quadrupole expansion.
    3   -4.970736   -4.743882   -4.970736
   80    0.125841    0.000000    0.000000
   80    0.000000    0.125841    0.000000
   80    0.000000    0.000000    0.125841
    8    8.000000    0.000000    0.226853    0.000000
    1    1.000000    1.357675   -0.995303    0.000000
    1    1.000000   -1.357675   -0.819523    0.000000
  6.13869E-03  6.35022E-03  6.56792E-03  6.79177E-03  7.02170E-03  7.25759E-03
       .            .            .            .            .            .
       .            .            .            .            .            .
       .            .            .            .            .            .
 -7.07330E-03 -6.94853E-03 -6.82362E-03 -6.69876E-03 -6.57413E-03 -6.44987E-03

512000 out of 512000 gridpoints are considered (100.0%).

...done!

                       Measure       RMSE[kcal/mol/e]   MaxError[kcal/mol/e]   NPoints
                         Total        6.646984071E-01        4.688248745E+00    408399
Close (  1.20 < r <   1.66 )          1.053420780E+00        4.688248745E+00    142700
Mid-range ( 1.66 < r <  2.20)         3.284251732E-01        1.024346457E+00    196009
Far-range (  2.20         < r)        1.164357026E-01        3.138174854E-01     69690
Did analysis and wrote slice data
