/home/boittier/esp_check
h2o_1508
/data/boittier/energies/h2o_geom.xyz.dir
Read multipoles for 3 atoms with max. rank 2
Running in generate mode

Reading "/data/boittier/energies/h2o_geom.xyz.dir/h2o_1508.chk.fchk.potential.cube"...

  h2o Potential=SCF
  Electrostatic potential from Total SCF Density
    3   -4.970736   -4.759481   -4.970736
   80    0.125841    0.000000    0.000000
   80    0.000000    0.125841    0.000000
   80    0.000000    0.000000    0.125841
    8    8.000000    0.000000    0.211255    0.000000
    1    1.000000    1.452560   -0.870053    0.000000
    1    1.000000   -1.452560   -0.819988    0.000000
  1.60866E-02  1.62613E-02  1.64092E-02  1.65290E-02  1.66198E-02  1.66808E-02
       .            .            .            .            .            .
       .            .            .            .            .            .
       .            .            .            .            .            .
 -8.85611E-03 -8.85185E-03 -8.84333E-03 -8.83054E-03 -8.81344E-03 -8.79201E-03

338223 out of 512000 gridpoints are considered ( 66.1%).

...done!

 writing cube file quadrupole_expansion.cube                                                                                                                                                                                                                                                                                                                                                                                                                                                                                                                                                                                                                                                                                                                                                                                                                                                                                                                                                                                                                                       
Written cubefile and slice data
Running in analysis mode

Reading "/data/boittier/energies/h2o_geom.xyz.dir/h2o_1508.chk.fchk.potential.cube"...

  h2o Potential=SCF
  Electrostatic potential from Total SCF Density
    3   -4.970736   -4.759481   -4.970736
   80    0.125841    0.000000    0.000000
   80    0.000000    0.125841    0.000000
   80    0.000000    0.000000    0.125841
    8    8.000000    0.000000    0.211255    0.000000
    1    1.000000    1.452560   -0.870053    0.000000
    1    1.000000   -1.452560   -0.819988    0.000000
  5.92322E-03  6.13878E-03  6.36115E-03  6.59035E-03  6.82632E-03  7.06897E-03
       .            .            .            .            .            .
       .            .            .            .            .            .
       .            .            .            .            .            .
 -6.59334E-03 -6.47799E-03 -6.36257E-03 -6.24724E-03 -6.13215E-03 -6.01746E-03

512000 out of 512000 gridpoints are considered (100.0%).

...done!

Reading "/home/boittier/esp_check/quadrupole_expansion.cube"...

  Fitted ESP
  Electrostatic potential fitted from quadrupole expansion.
    3   -4.970736   -4.759481   -4.970736
   80    0.125841    0.000000    0.000000
   80    0.000000    0.125841    0.000000
   80    0.000000    0.000000    0.125841
    8    8.000000    0.000000    0.211255    0.000000
    1    1.000000    1.452560   -0.870053    0.000000
    1    1.000000   -1.452560   -0.819988    0.000000
  5.86361E-03  6.07295E-03  6.28871E-03  6.51086E-03  6.73935E-03  6.97409E-03
       .            .            .            .            .            .
       .            .            .            .            .            .
       .            .            .            .            .            .
 -6.53841E-03 -6.42817E-03 -6.31758E-03 -6.20679E-03 -6.09596E-03 -5.98525E-03

512000 out of 512000 gridpoints are considered (100.0%).

...done!

                       Measure       RMSE[kcal/mol/e]   MaxError[kcal/mol/e]   NPoints
                         Total        6.924578081E-01        4.676451567E+00    407841
Close (  1.20 < r <   1.66 )          1.096491718E+00        4.676451567E+00    142789
Mid-range ( 1.66 < r <  2.20)         3.418985809E-01        1.104291164E+00    195434
Far-range (  2.20         < r)        1.221833488E-01        3.228536218E-01     69618
Did analysis and wrote slice data
