/home/boittier/esp_check
h2o_1201
/data/boittier/energies/h2o_geom.xyz.dir
Read multipoles for 3 atoms with max. rank 2
Running in generate mode

Reading "/data/boittier/energies/h2o_geom.xyz.dir/h2o_1201.chk.fchk.potential.cube"...

  h2o Potential=SCF
  Electrostatic potential from Total SCF Density
    3   -4.970736   -4.733731   -4.970736
   80    0.125841    0.000000    0.000000
   80    0.000000    0.125841    0.000000
   80    0.000000    0.000000    0.125841
    8    8.000000    0.000000    0.237005    0.000000
    1    1.000000    1.443180   -0.866229    0.000000
    1    1.000000   -1.443180   -1.029810    0.000000
  1.70642E-02  1.72142E-02  1.73357E-02  1.74277E-02  1.74895E-02  1.75205E-02
       .            .            .            .            .            .
       .            .            .            .            .            .
       .            .            .            .            .            .
 -8.88334E-03 -8.87935E-03 -8.87136E-03 -8.85935E-03 -8.84328E-03 -8.82312E-03

337722 out of 512000 gridpoints are considered ( 66.0%).

...done!

 writing cube file quadrupole_expansion.cube                                                                                                                                                                                                                                                                                                                                                                                                                                                                                                                                                                                                                                                                                                                                                                                                                                                                                                                                                                                                                                       
Written cubefile and slice data
Running in analysis mode

Reading "/data/boittier/energies/h2o_geom.xyz.dir/h2o_1201.chk.fchk.potential.cube"...

  h2o Potential=SCF
  Electrostatic potential from Total SCF Density
    3   -4.970736   -4.733731   -4.970736
   80    0.125841    0.000000    0.000000
   80    0.000000    0.125841    0.000000
   80    0.000000    0.000000    0.125841
    8    8.000000    0.000000    0.237005    0.000000
    1    1.000000    1.443180   -0.866229    0.000000
    1    1.000000   -1.443180   -1.029810    0.000000
  6.42630E-03  6.66483E-03  6.91122E-03  7.16549E-03  7.42762E-03  7.69754E-03
       .            .            .            .            .            .
       .            .            .            .            .            .
       .            .            .            .            .            .
 -6.68048E-03 -6.56667E-03 -6.45266E-03 -6.33862E-03 -6.22470E-03 -6.11104E-03

512000 out of 512000 gridpoints are considered (100.0%).

...done!

Reading "/home/boittier/esp_check/quadrupole_expansion.cube"...

  Fitted ESP
  Electrostatic potential fitted from quadrupole expansion.
    3   -4.970736   -4.733731   -4.970736
   80    0.125841    0.000000    0.000000
   80    0.000000    0.125841    0.000000
   80    0.000000    0.000000    0.125841
    8    8.000000    0.000000    0.237005    0.000000
    1    1.000000    1.443180   -0.866229    0.000000
    1    1.000000   -1.443180   -1.029810    0.000000
  6.36426E-03  6.59618E-03  6.83552E-03  7.08229E-03  7.33645E-03  7.59794E-03
       .            .            .            .            .            .
       .            .            .            .            .            .
       .            .            .            .            .            .
 -6.62327E-03 -6.51470E-03 -6.40565E-03 -6.29627E-03 -6.18673E-03 -6.07718E-03

512000 out of 512000 gridpoints are considered (100.0%).

...done!

                       Measure       RMSE[kcal/mol/e]   MaxError[kcal/mol/e]   NPoints
                         Total        6.701153023E-01        4.728911358E+00    406160
Close (  1.20 < r <   1.66 )          1.055860162E+00        4.728911358E+00    143966
Mid-range ( 1.66 < r <  2.20)         3.290845876E-01        1.076869000E+00    193756
Far-range (  2.20         < r)        1.150386378E-01        3.268696824E-01     68438
Did analysis and wrote slice data
