/home/boittier/esp_check
h2o_762
/data/boittier/energies/h2o_geom.xyz.dir
Read multipoles for 3 atoms with max. rank 2
Running in generate mode

Reading "/data/boittier/energies/h2o_geom.xyz.dir/h2o_762.chk.fchk.potential.cube"...

  h2o Potential=SCF
  Electrostatic potential from Total SCF Density
    3   -4.970736   -4.746414   -4.970736
   80    0.125841    0.000000    0.000000
   80    0.000000    0.125841    0.000000
   80    0.000000    0.000000    0.125841
    8    8.000000    0.000000    0.224321    0.000000
    1    1.000000    1.475058   -0.828431    0.000000
    1    1.000000   -1.475058   -0.966141    0.000000
  1.68788E-02  1.69683E-02  1.70285E-02  1.70586E-02  1.70586E-02  1.70285E-02
       .            .            .            .            .            .
       .            .            .            .            .            .
       .            .            .            .            .            .
 -8.44791E-03 -8.44452E-03 -8.43772E-03 -8.42750E-03 -8.41380E-03 -8.39657E-03

337755 out of 512000 gridpoints are considered ( 66.0%).

...done!

 writing cube file quadrupole_expansion.cube                                                                                                                                                                                                                                                                                                                                                                                                                                                                                                                                                                                                                                                                                                                                                                                                                                                                                                                                                                                                                                       
Written cubefile and slice data
Running in analysis mode

Reading "/data/boittier/energies/h2o_geom.xyz.dir/h2o_762.chk.fchk.potential.cube"...

  h2o Potential=SCF
  Electrostatic potential from Total SCF Density
    3   -4.970736   -4.746414   -4.970736
   80    0.125841    0.000000    0.000000
   80    0.000000    0.125841    0.000000
   80    0.000000    0.000000    0.125841
    8    8.000000    0.000000    0.224321    0.000000
    1    1.000000    1.475058   -0.828431    0.000000
    1    1.000000   -1.475058   -0.966141    0.000000
  6.22514E-03  6.45734E-03  6.69720E-03  6.94473E-03  7.19992E-03  7.46269E-03
       .            .            .            .            .            .
       .            .            .            .            .            .
       .            .            .            .            .            .
 -6.49753E-03 -6.38773E-03 -6.27769E-03 -6.16757E-03 -6.05753E-03 -5.94770E-03

512000 out of 512000 gridpoints are considered (100.0%).

...done!

Reading "/home/boittier/esp_check/quadrupole_expansion.cube"...

  Fitted ESP
  Electrostatic potential fitted from quadrupole expansion.
    3   -4.970736   -4.746414   -4.970736
   80    0.125841    0.000000    0.000000
   80    0.000000    0.125841    0.000000
   80    0.000000    0.000000    0.125841
    8    8.000000    0.000000    0.224321    0.000000
    1    1.000000    1.475058   -0.828431    0.000000
    1    1.000000   -1.475058   -0.966141    0.000000
  6.15974E-03  6.38527E-03  6.61801E-03  6.85798E-03  7.10514E-03  7.35943E-03
       .            .            .            .            .            .
       .            .            .            .            .            .
       .            .            .            .            .            .
 -6.43583E-03 -6.33144E-03 -6.22652E-03 -6.12122E-03 -6.01571E-03 -5.91013E-03

512000 out of 512000 gridpoints are considered (100.0%).

...done!

                       Measure       RMSE[kcal/mol/e]   MaxError[kcal/mol/e]   NPoints
                         Total        6.859607402E-01        4.713160871E+00    406515
Close (  1.20 < r <   1.66 )          1.082191145E+00        4.713160871E+00    143613
Mid-range ( 1.66 < r <  2.20)         3.375295989E-01        1.097325808E+00    194142
Far-range (  2.20         < r)        1.190162195E-01        3.266500541E-01     68760
Did analysis and wrote slice data
