/home/boittier/esp_check
h2o_1606
/data/boittier/energies/h2o_geom.xyz.dir
Read multipoles for 3 atoms with max. rank 2
Running in generate mode

Reading "/data/boittier/energies/h2o_geom.xyz.dir/h2o_1606.chk.fchk.potential.cube"...

  h2o Potential=SCF
  Electrostatic potential from Total SCF Density
    3   -4.970736   -4.756310   -4.970736
   80    0.125841    0.000000    0.000000
   80    0.000000    0.125841    0.000000
   80    0.000000    0.000000    0.125841
    8    8.000000    0.000000    0.214425    0.000000
    1    1.000000    1.472909   -0.840042    0.000000
    1    1.000000   -1.472909   -0.875360    0.000000
  1.64592E-02  1.65773E-02  1.66668E-02  1.67269E-02  1.67570E-02  1.67570E-02
       .            .            .            .            .            .
       .            .            .            .            .            .
       .            .            .            .            .            .
 -8.53859E-03 -8.53493E-03 -8.52759E-03 -8.51655E-03 -8.50177E-03 -8.48321E-03

337993 out of 512000 gridpoints are considered ( 66.0%).

...done!

 writing cube file quadrupole_expansion.cube                                                                                                                                                                                                                                                                                                                                                                                                                                                                                                                                                                                                                                                                                                                                                                                                                                                                                                                                                                                                                                       
Written cubefile and slice data
Running in analysis mode

Reading "/data/boittier/energies/h2o_geom.xyz.dir/h2o_1606.chk.fchk.potential.cube"...

  h2o Potential=SCF
  Electrostatic potential from Total SCF Density
    3   -4.970736   -4.756310   -4.970736
   80    0.125841    0.000000    0.000000
   80    0.000000    0.125841    0.000000
   80    0.000000    0.000000    0.125841
    8    8.000000    0.000000    0.214425    0.000000
    1    1.000000    1.472909   -0.840042    0.000000
    1    1.000000   -1.472909   -0.875360    0.000000
  6.01583E-03  6.23780E-03  6.46694E-03  6.70326E-03  6.94672E-03  7.19726E-03
       .            .            .            .            .            .
       .            .            .            .            .            .
       .            .            .            .            .            .
 -6.49813E-03 -6.38659E-03 -6.27488E-03 -6.16316E-03 -6.05159E-03 -5.94030E-03

512000 out of 512000 gridpoints are considered (100.0%).

...done!

Reading "/home/boittier/esp_check/quadrupole_expansion.cube"...

  Fitted ESP
  Electrostatic potential fitted from quadrupole expansion.
    3   -4.970736   -4.756310   -4.970736
   80    0.125841    0.000000    0.000000
   80    0.000000    0.125841    0.000000
   80    0.000000    0.000000    0.125841
    8    8.000000    0.000000    0.214425    0.000000
    1    1.000000    1.472909   -0.840042    0.000000
    1    1.000000   -1.472909   -0.875360    0.000000
  5.95242E-03  6.16793E-03  6.39018E-03  6.61918E-03  6.85487E-03  7.09719E-03
       .            .            .            .            .            .
       .            .            .            .            .            .
       .            .            .            .            .            .
 -6.43871E-03 -6.33248E-03 -6.22578E-03 -6.11878E-03 -6.01165E-03 -5.90452E-03

512000 out of 512000 gridpoints are considered (100.0%).

...done!

                       Measure       RMSE[kcal/mol/e]   MaxError[kcal/mol/e]   NPoints
                         Total        6.930176775E-01        4.689754768E+00    407252
Close (  1.20 < r <   1.66 )          1.095772445E+00        4.689754768E+00    143088
Mid-range ( 1.66 < r <  2.20)         3.417286565E-01        1.115272579E+00    194905
Far-range (  2.20         < r)        1.215585994E-01        3.232489528E-01     69259
Did analysis and wrote slice data
