/home/boittier/esp_check
h2o_238
/data/boittier/energies/h2o_geom.xyz.dir
Read multipoles for 3 atoms with max. rank 2
Running in generate mode

Reading "/data/boittier/energies/h2o_geom.xyz.dir/h2o_238.chk.fchk.potential.cube"...

  h2o Potential=SCF
  Electrostatic potential from Total SCF Density
    3   -4.970736   -4.747705   -4.970736
   80    0.125841    0.000000    0.000000
   80    0.000000    0.125841    0.000000
   80    0.000000    0.000000    0.125841
    8    8.000000    0.000000    0.223031    0.000000
    1    1.000000    1.452572   -0.857986    0.000000
    1    1.000000   -1.452572   -0.926261    0.000000
  1.67087E-02  1.68584E-02  1.69796E-02  1.70715E-02  1.71332E-02  1.71642E-02
       .            .            .            .            .            .
       .            .            .            .            .            .
       .            .            .            .            .            .
 -8.77851E-03 -8.77453E-03 -8.76658E-03 -8.75463E-03 -8.73864E-03 -8.71859E-03

337989 out of 512000 gridpoints are considered ( 66.0%).

...done!

 writing cube file quadrupole_expansion.cube                                                                                                                                                                                                                                                                                                                                                                                                                                                                                                                                                                                                                                                                                                                                                                                                                                                                                                                                                                                                                                       
Written cubefile and slice data
Running in analysis mode

Reading "/data/boittier/energies/h2o_geom.xyz.dir/h2o_238.chk.fchk.potential.cube"...

  h2o Potential=SCF
  Electrostatic potential from Total SCF Density
    3   -4.970736   -4.747705   -4.970736
   80    0.125841    0.000000    0.000000
   80    0.000000    0.125841    0.000000
   80    0.000000    0.000000    0.125841
    8    8.000000    0.000000    0.223031    0.000000
    1    1.000000    1.452572   -0.857986    0.000000
    1    1.000000   -1.452572   -0.926261    0.000000
  6.17991E-03  6.40747E-03  6.64239E-03  6.88469E-03  7.13433E-03  7.39124E-03
       .            .            .            .            .            .
       .            .            .            .            .            .
       .            .            .            .            .            .
 -6.60541E-03 -6.49178E-03 -6.37799E-03 -6.26422E-03 -6.15061E-03 -6.03730E-03

512000 out of 512000 gridpoints are considered (100.0%).

...done!

Reading "/home/boittier/esp_check/quadrupole_expansion.cube"...

  Fitted ESP
  Electrostatic potential fitted from quadrupole expansion.
    3   -4.970736   -4.747705   -4.970736
   80    0.125841    0.000000    0.000000
   80    0.000000    0.125841    0.000000
   80    0.000000    0.000000    0.125841
    8    8.000000    0.000000    0.223031    0.000000
    1    1.000000    1.452572   -0.857986    0.000000
    1    1.000000   -1.452572   -0.926261    0.000000
  6.11756E-03  6.33863E-03  6.56664E-03  6.80158E-03  7.04341E-03  7.29206E-03
       .            .            .            .            .            .
       .            .            .            .            .            .
       .            .            .            .            .            .
 -6.54746E-03 -6.43910E-03 -6.33030E-03 -6.22121E-03 -6.11200E-03 -6.00282E-03

512000 out of 512000 gridpoints are considered (100.0%).

...done!

                       Measure       RMSE[kcal/mol/e]   MaxError[kcal/mol/e]   NPoints
                         Total        6.837695659E-01        4.707513285E+00    407025
Close (  1.20 < r <   1.66 )          1.080112402E+00        4.707513285E+00    143323
Mid-range ( 1.66 < r <  2.20)         3.370434723E-01        1.082642087E+00    194666
Far-range (  2.20         < r)        1.191648096E-01        3.239203879E-01     69036
Did analysis and wrote slice data
