/home/boittier/esp_check
h2o_1113
/data/boittier/energies/h2o_geom.xyz.dir
Read multipoles for 3 atoms with max. rank 2
Running in generate mode

Reading "/data/boittier/energies/h2o_geom.xyz.dir/h2o_1113.chk.fchk.potential.cube"...

  h2o Potential=SCF
  Electrostatic potential from Total SCF Density
    3   -4.970736   -4.743240   -4.970736
   80    0.125841    0.000000    0.000000
   80    0.000000    0.125841    0.000000
   80    0.000000    0.000000    0.125841
    8    8.000000    0.000000    0.227495    0.000000
    1    1.000000    1.466336   -0.834808    0.000000
    1    1.000000   -1.466336   -0.985155    0.000000
  1.70148E-02  1.71051E-02  1.71658E-02  1.71962E-02  1.71962E-02  1.71658E-02
       .            .            .            .            .            .
       .            .            .            .            .            .
       .            .            .            .            .            .
 -8.53627E-03 -8.53276E-03 -8.52573E-03 -8.51515E-03 -8.50098E-03 -8.48317E-03

337738 out of 512000 gridpoints are considered ( 66.0%).

...done!

 writing cube file quadrupole_expansion.cube                                                                                                                                                                                                                                                                                                                                                                                                                                                                                                                                                                                                                                                                                                                                                                                                                                                                                                                                                                                                                                       
Written cubefile and slice data
Running in analysis mode

Reading "/data/boittier/energies/h2o_geom.xyz.dir/h2o_1113.chk.fchk.potential.cube"...

  h2o Potential=SCF
  Electrostatic potential from Total SCF Density
    3   -4.970736   -4.743240   -4.970736
   80    0.125841    0.000000    0.000000
   80    0.000000    0.125841    0.000000
   80    0.000000    0.000000    0.125841
    8    8.000000    0.000000    0.227495    0.000000
    1    1.000000    1.466336   -0.834808    0.000000
    1    1.000000   -1.466336   -0.985155    0.000000
  6.28102E-03  6.51509E-03  6.75689E-03  7.00642E-03  7.26368E-03  7.52859E-03
       .            .            .            .            .            .
       .            .            .            .            .            .
       .            .            .            .            .            .
 -6.53531E-03 -6.42474E-03 -6.31394E-03 -6.20307E-03 -6.09228E-03 -5.98171E-03

512000 out of 512000 gridpoints are considered (100.0%).

...done!

Reading "/home/boittier/esp_check/quadrupole_expansion.cube"...

  Fitted ESP
  Electrostatic potential fitted from quadrupole expansion.
    3   -4.970736   -4.743240   -4.970736
   80    0.125841    0.000000    0.000000
   80    0.000000    0.125841    0.000000
   80    0.000000    0.000000    0.125841
    8    8.000000    0.000000    0.227495    0.000000
    1    1.000000    1.466336   -0.834808    0.000000
    1    1.000000   -1.466336   -0.985155    0.000000
  6.21623E-03  6.44363E-03  6.67832E-03  6.92029E-03  7.16952E-03  7.42594E-03
       .            .            .            .            .            .
       .            .            .            .            .            .
       .            .            .            .            .            .
 -6.47436E-03 -6.36917E-03 -6.26347E-03 -6.15739E-03 -6.05111E-03 -5.94477E-03

512000 out of 512000 gridpoints are considered (100.0%).

...done!

                       Measure       RMSE[kcal/mol/e]   MaxError[kcal/mol/e]   NPoints
                         Total        6.819257659E-01        4.717490686E+00    406418
Close (  1.20 < r <   1.66 )          1.075611314E+00        4.717490686E+00    143637
Mid-range ( 1.66 < r <  2.20)         3.355704743E-01        1.090485955E+00    194101
Far-range (  2.20         < r)        1.180451295E-01        3.265873031E-01     68680
Did analysis and wrote slice data
