/home/boittier/esp_check
h2o_988
/data/boittier/energies/h2o_geom.xyz.dir
Read multipoles for 3 atoms with max. rank 2
Running in generate mode

Reading "/data/boittier/energies/h2o_geom.xyz.dir/h2o_988.chk.fchk.potential.cube"...

  h2o Potential=SCF
  Electrostatic potential from Total SCF Density
    3   -4.970736   -4.746729   -4.970736
   80    0.125841    0.000000    0.000000
   80    0.000000    0.125841    0.000000
   80    0.000000    0.000000    0.125841
    8    8.000000    0.000000    0.224007    0.000000
    1    1.000000    1.408176   -0.921333    0.000000
    1    1.000000   -1.408176   -0.870719    0.000000
  1.64683E-02  1.66456E-02  1.67956E-02  1.69173E-02  1.70094E-02  1.70713E-02
       .            .            .            .            .            .
       .            .            .            .            .            .
       .            .            .            .            .            .
 -9.45707E-03 -9.45197E-03 -9.44178E-03 -9.42648E-03 -9.40607E-03 -9.38055E-03

338341 out of 512000 gridpoints are considered ( 66.1%).

...done!

 writing cube file quadrupole_expansion.cube                                                                                                                                                                                                                                                                                                                                                                                                                                                                                                                                                                                                                                                                                                                                                                                                                                                                                                                                                                                                                                       
Written cubefile and slice data
Running in analysis mode

Reading "/data/boittier/energies/h2o_geom.xyz.dir/h2o_988.chk.fchk.potential.cube"...

  h2o Potential=SCF
  Electrostatic potential from Total SCF Density
    3   -4.970736   -4.746729   -4.970736
   80    0.125841    0.000000    0.000000
   80    0.000000    0.125841    0.000000
   80    0.000000    0.000000    0.125841
    8    8.000000    0.000000    0.224007    0.000000
    1    1.000000    1.408176   -0.921333    0.000000
    1    1.000000   -1.408176   -0.870719    0.000000
  6.16099E-03  6.38266E-03  6.61127E-03  6.84681E-03  7.08925E-03  7.33849E-03
       .            .            .            .            .            .
       .            .            .            .            .            .
       .            .            .            .            .            .
 -6.84120E-03 -6.72002E-03 -6.59884E-03 -6.47783E-03 -6.35714E-03 -6.23693E-03

512000 out of 512000 gridpoints are considered (100.0%).

...done!

Reading "/home/boittier/esp_check/quadrupole_expansion.cube"...

  Fitted ESP
  Electrostatic potential fitted from quadrupole expansion.
    3   -4.970736   -4.746729   -4.970736
   80    0.125841    0.000000    0.000000
   80    0.000000    0.125841    0.000000
   80    0.000000    0.000000    0.125841
    8    8.000000    0.000000    0.224007    0.000000
    1    1.000000    1.408176   -0.921333    0.000000
    1    1.000000   -1.408176   -0.870719    0.000000
  6.10500E-03  6.32054E-03  6.54261E-03  6.77120E-03  7.00624E-03  7.24765E-03
       .            .            .            .            .            .
       .            .            .            .            .            .
       .            .            .            .            .            .
 -6.79126E-03 -6.67504E-03 -6.55854E-03 -6.44191E-03 -6.32534E-03 -6.20897E-03

512000 out of 512000 gridpoints are considered (100.0%).

...done!

                       Measure       RMSE[kcal/mol/e]   MaxError[kcal/mol/e]   NPoints
                         Total        6.760338039E-01        4.699355662E+00    407745
Close (  1.20 < r <   1.66 )          1.069597286E+00        4.699355662E+00    143034
Mid-range ( 1.66 < r <  2.20)         3.336396431E-01        1.057227953E+00    195307
Far-range (  2.20         < r)        1.182970895E-01        3.193395688E-01     69404
Did analysis and wrote slice data
