/home/boittier/esp_check
h2o_1478
/data/boittier/energies/h2o_geom.xyz.dir
Read multipoles for 3 atoms with max. rank 2
Running in generate mode

Reading "/data/boittier/energies/h2o_geom.xyz.dir/h2o_1478.chk.fchk.potential.cube"...

  h2o Potential=SCF
  Electrostatic potential from Total SCF Density
    3   -4.970736   -4.744450   -4.970736
   80    0.125841    0.000000    0.000000
   80    0.000000    0.125841    0.000000
   80    0.000000    0.000000    0.125841
    8    8.000000    0.000000    0.226285    0.000000
    1    1.000000    1.466360   -0.862141    0.000000
    1    1.000000   -1.466360   -0.948142    0.000000
  1.69015E-02  1.69312E-02  1.69312E-02  1.69015E-02  1.65665E-02  1.67738E-02
       .            .            .            .            .            .
       .            .            .            .            .            .
       .            .            .            .            .            .
 -8.76672E-03 -8.76284E-03 -8.75505E-03 -8.74334E-03 -8.72768E-03 -8.70803E-03

337768 out of 512000 gridpoints are considered ( 66.0%).

...done!

 writing cube file quadrupole_expansion.cube                                                                                                                                                                                                                                                                                                                                                                                                                                                                                                                                                                                                                                                                                                                                                                                                                                                                                                                                                                                                                                       
Written cubefile and slice data
Running in analysis mode

Reading "/data/boittier/energies/h2o_geom.xyz.dir/h2o_1478.chk.fchk.potential.cube"...

  h2o Potential=SCF
  Electrostatic potential from Total SCF Density
    3   -4.970736   -4.744450   -4.970736
   80    0.125841    0.000000    0.000000
   80    0.000000    0.125841    0.000000
   80    0.000000    0.000000    0.125841
    8    8.000000    0.000000    0.226285    0.000000
    1    1.000000    1.466360   -0.862141    0.000000
    1    1.000000   -1.466360   -0.948142    0.000000
  6.22895E-03  6.45960E-03  6.69779E-03  6.94352E-03  7.19677E-03  7.45748E-03
       .            .            .            .            .            .
       .            .            .            .            .            .
       .            .            .            .            .            .
 -6.61805E-03 -6.50475E-03 -6.39127E-03 -6.27778E-03 -6.16443E-03 -6.05137E-03

512000 out of 512000 gridpoints are considered (100.0%).

...done!

Reading "/home/boittier/esp_check/quadrupole_expansion.cube"...

  Fitted ESP
  Electrostatic potential fitted from quadrupole expansion.
    3   -4.970736   -4.744450   -4.970736
   80    0.125841    0.000000    0.000000
   80    0.000000    0.125841    0.000000
   80    0.000000    0.000000    0.125841
    8    8.000000    0.000000    0.226285    0.000000
    1    1.000000    1.466360   -0.862141    0.000000
    1    1.000000   -1.466360   -0.948142    0.000000
  6.16605E-03  6.39015E-03  6.62134E-03  6.85964E-03  7.10500E-03  7.35735E-03
       .            .            .            .            .            .
       .            .            .            .            .            .
       .            .            .            .            .            .
 -6.55992E-03 -6.45189E-03 -6.34340E-03 -6.23460E-03 -6.12566E-03 -6.01672E-03

512000 out of 512000 gridpoints are considered (100.0%).

...done!

                       Measure       RMSE[kcal/mol/e]   MaxError[kcal/mol/e]   NPoints
                         Total        6.830237809E-01        4.716737675E+00    406518
Close (  1.20 < r <   1.66 )          1.077594239E+00        4.716737675E+00    143580
Mid-range ( 1.66 < r <  2.20)         3.362743216E-01        1.090674208E+00    194188
Far-range (  2.20         < r)        1.184188622E-01        3.263049239E-01     68750
Did analysis and wrote slice data
