/home/boittier/esp_check
h2o_1771
/data/boittier/energies/h2o_geom.xyz.dir
Read multipoles for 3 atoms with max. rank 2
Running in generate mode

Reading "/data/boittier/energies/h2o_geom.xyz.dir/h2o_1771.chk.fchk.potential.cube"...

  h2o Potential=SCF
  Electrostatic potential from Total SCF Density
    3   -4.970736   -4.754304   -4.970736
   80    0.125841    0.000000    0.000000
   80    0.000000    0.125841    0.000000
   80    0.000000    0.000000    0.125841
    8    8.000000    0.000000    0.216431    0.000000
    1    1.000000    1.344574   -1.020375    0.000000
    1    1.000000   -1.344574   -0.711077    0.000000
  1.61378E-02  1.61665E-02  1.61665E-02  1.61378E-02  1.57592E-02  1.59587E-02
       .            .            .            .            .            .
       .            .            .            .            .            .
       .            .            .            .            .            .
 -1.04281E-02 -1.04213E-02 -1.04078E-02 -1.03874E-02 -1.03603E-02 -1.03265E-02

339048 out of 512000 gridpoints are considered ( 66.2%).

...done!

 writing cube file quadrupole_expansion.cube                                                                                                                                                                                                                                                                                                                                                                                                                                                                                                                                                                                                                                                                                                                                                                                                                                                                                                                                                                                                                                       
Written cubefile and slice data
Running in analysis mode

Reading "/data/boittier/energies/h2o_geom.xyz.dir/h2o_1771.chk.fchk.potential.cube"...

  h2o Potential=SCF
  Electrostatic potential from Total SCF Density
    3   -4.970736   -4.754304   -4.970736
   80    0.125841    0.000000    0.000000
   80    0.000000    0.125841    0.000000
   80    0.000000    0.000000    0.125841
    8    8.000000    0.000000    0.216431    0.000000
    1    1.000000    1.344574   -1.020375    0.000000
    1    1.000000   -1.344574   -0.711077    0.000000
  5.95805E-03  6.16384E-03  6.37567E-03  6.59351E-03  6.81730E-03  7.04691E-03
       .            .            .            .            .            .
       .            .            .            .            .            .
       .            .            .            .            .            .
 -7.14930E-03 -7.01687E-03 -6.88469E-03 -6.75295E-03 -6.62180E-03 -6.49140E-03

512000 out of 512000 gridpoints are considered (100.0%).

...done!

Reading "/home/boittier/esp_check/quadrupole_expansion.cube"...

  Fitted ESP
  Electrostatic potential fitted from quadrupole expansion.
    3   -4.970736   -4.754304   -4.970736
   80    0.125841    0.000000    0.000000
   80    0.000000    0.125841    0.000000
   80    0.000000    0.000000    0.125841
    8    8.000000    0.000000    0.216431    0.000000
    1    1.000000    1.344574   -1.020375    0.000000
    1    1.000000   -1.344574   -0.711077    0.000000
  5.91489E-03  6.11540E-03  6.32159E-03  6.53341E-03  6.75077E-03  6.97358E-03
       .            .            .            .            .            .
       .            .            .            .            .            .
       .            .            .            .            .            .
 -7.11440E-03 -6.98626E-03 -6.85810E-03 -6.73011E-03 -6.60246E-03 -6.47531E-03

512000 out of 512000 gridpoints are considered (100.0%).

...done!

                       Measure       RMSE[kcal/mol/e]   MaxError[kcal/mol/e]   NPoints
                         Total        6.711245315E-01        4.674443536E+00    409306
Close (  1.20 < r <   1.66 )          1.066156293E+00        4.674443536E+00    142210
Mid-range ( 1.66 < r <  2.20)         3.321545828E-01        1.042707384E+00    196838
Far-range (  2.20         < r)        1.186869263E-01        3.305594381E-01     70258
Did analysis and wrote slice data
