/home/boittier/esp_check
h2o_359
/data/boittier/energies/h2o_geom.xyz.dir
Read multipoles for 3 atoms with max. rank 2
Running in generate mode

Reading "/data/boittier/energies/h2o_geom.xyz.dir/h2o_359.chk.fchk.potential.cube"...

  h2o Potential=SCF
  Electrostatic potential from Total SCF Density
    3   -4.970736   -4.753168   -4.970736
   80    0.125841    0.000000    0.000000
   80    0.000000    0.125841    0.000000
   80    0.000000    0.000000    0.125841
    8    8.000000    0.000000    0.217567    0.000000
    1    1.000000    1.449118   -0.866922    0.000000
    1    1.000000   -1.449118   -0.873615    0.000000
  1.65256E-02  1.66139E-02  1.66732E-02  1.67030E-02  1.67030E-02  1.66732E-02
       .            .            .            .            .            .
       .            .            .            .            .            .
       .            .            .            .            .            .
 -8.85725E-03 -8.85308E-03 -8.84472E-03 -8.83216E-03 -8.81538E-03 -8.79435E-03

338150 out of 512000 gridpoints are considered ( 66.0%).

...done!

 writing cube file quadrupole_expansion.cube                                                                                                                                                                                                                                                                                                                                                                                                                                                                                                                                                                                                                                                                                                                                                                                                                                                                                                                                                                                                                                       
Written cubefile and slice data
Running in analysis mode

Reading "/data/boittier/energies/h2o_geom.xyz.dir/h2o_359.chk.fchk.potential.cube"...

  h2o Potential=SCF
  Electrostatic potential from Total SCF Density
    3   -4.970736   -4.753168   -4.970736
   80    0.125841    0.000000    0.000000
   80    0.000000    0.125841    0.000000
   80    0.000000    0.000000    0.125841
    8    8.000000    0.000000    0.217567    0.000000
    1    1.000000    1.449118   -0.866922    0.000000
    1    1.000000   -1.449118   -0.873615    0.000000
  6.06324E-03  6.28491E-03  6.51367E-03  6.74952E-03  6.99241E-03  7.24227E-03
       .            .            .            .            .            .
       .            .            .            .            .            .
       .            .            .            .            .            .
 -6.61486E-03 -6.49995E-03 -6.38494E-03 -6.26998E-03 -6.15523E-03 -6.04084E-03

512000 out of 512000 gridpoints are considered (100.0%).

...done!

Reading "/home/boittier/esp_check/quadrupole_expansion.cube"...

  Fitted ESP
  Electrostatic potential fitted from quadrupole expansion.
    3   -4.970736   -4.753168   -4.970736
   80    0.125841    0.000000    0.000000
   80    0.000000    0.125841    0.000000
   80    0.000000    0.000000    0.125841
    8    8.000000    0.000000    0.217567    0.000000
    1    1.000000    1.449118   -0.866922    0.000000
    1    1.000000   -1.449118   -0.873615    0.000000
  6.00236E-03  6.21769E-03  6.43968E-03  6.66833E-03  6.90358E-03  7.14535E-03
       .            .            .            .            .            .
       .            .            .            .            .            .
       .            .            .            .            .            .
 -6.55858E-03 -6.44886E-03 -6.33875E-03 -6.22841E-03 -6.11799E-03 -6.00765E-03

512000 out of 512000 gridpoints are considered (100.0%).

...done!

                       Measure       RMSE[kcal/mol/e]   MaxError[kcal/mol/e]   NPoints
                         Total        6.875686747E-01        4.691574545E+00    407480
Close (  1.20 < r <   1.66 )          1.087554261E+00        4.691574545E+00    143030
Mid-range ( 1.66 < r <  2.20)         3.392522641E-01        1.088101419E+00    195120
Far-range (  2.20         < r)        1.205469647E-01        3.217178297E-01     69330
Did analysis and wrote slice data
