/home/boittier/esp_check
h2o_352
/data/boittier/energies/h2o_geom.xyz.dir
Read multipoles for 3 atoms with max. rank 2
Running in generate mode

Reading "/data/boittier/energies/h2o_geom.xyz.dir/h2o_352.chk.fchk.potential.cube"...

  h2o Potential=SCF
  Electrostatic potential from Total SCF Density
    3   -4.970736   -4.754157   -4.970736
   80    0.125841    0.000000    0.000000
   80    0.000000    0.125841    0.000000
   80    0.000000    0.000000    0.125841
    8    8.000000    0.000000    0.216579    0.000000
    1    1.000000    1.464825   -0.846197    0.000000
    1    1.000000   -1.464825   -0.886435    0.000000
  1.65390E-02  1.66575E-02  1.67474E-02  1.68077E-02  1.68380E-02  1.68380E-02
       .            .            .            .            .            .
       .            .            .            .            .            .
       .            .            .            .            .            .
 -8.62487E-03 -8.62108E-03 -8.61350E-03 -8.60209E-03 -8.58682E-03 -8.56766E-03

338014 out of 512000 gridpoints are considered ( 66.0%).

...done!

 writing cube file quadrupole_expansion.cube                                                                                                                                                                                                                                                                                                                                                                                                                                                                                                                                                                                                                                                                                                                                                                                                                                                                                                                                                                                                                                       
Written cubefile and slice data
Running in analysis mode

Reading "/data/boittier/energies/h2o_geom.xyz.dir/h2o_352.chk.fchk.potential.cube"...

  h2o Potential=SCF
  Electrostatic potential from Total SCF Density
    3   -4.970736   -4.754157   -4.970736
   80    0.125841    0.000000    0.000000
   80    0.000000    0.125841    0.000000
   80    0.000000    0.000000    0.125841
    8    8.000000    0.000000    0.216579    0.000000
    1    1.000000    1.464825   -0.846197    0.000000
    1    1.000000   -1.464825   -0.886435    0.000000
  6.05795E-03  6.28109E-03  6.51144E-03  6.74899E-03  6.99372E-03  7.24555E-03
       .            .            .            .            .            .
       .            .            .            .            .            .
       .            .            .            .            .            .
 -6.53328E-03 -6.42092E-03 -6.30840E-03 -6.19589E-03 -6.08354E-03 -5.97148E-03

512000 out of 512000 gridpoints are considered (100.0%).

...done!

Reading "/home/boittier/esp_check/quadrupole_expansion.cube"...

  Fitted ESP
  Electrostatic potential fitted from quadrupole expansion.
    3   -4.970736   -4.754157   -4.970736
   80    0.125841    0.000000    0.000000
   80    0.000000    0.125841    0.000000
   80    0.000000    0.000000    0.125841
    8    8.000000    0.000000    0.216579    0.000000
    1    1.000000    1.464825   -0.846197    0.000000
    1    1.000000   -1.464825   -0.886435    0.000000
  5.99501E-03  6.21170E-03  6.43516E-03  6.66540E-03  6.90236E-03  7.14597E-03
       .            .            .            .            .            .
       .            .            .            .            .            .
       .            .            .            .            .            .
 -6.47444E-03 -6.36737E-03 -6.25985E-03 -6.15205E-03 -6.04411E-03 -5.93620E-03

512000 out of 512000 gridpoints are considered (100.0%).

...done!

                       Measure       RMSE[kcal/mol/e]   MaxError[kcal/mol/e]   NPoints
                         Total        6.904088305E-01        4.693896330E+00    407244
Close (  1.20 < r <   1.66 )          1.091453986E+00        4.693896330E+00    143139
Mid-range ( 1.66 < r <  2.20)         3.404612355E-01        1.104793171E+00    194875
Far-range (  2.20         < r)        1.209364014E-01        3.231924769E-01     69230
Did analysis and wrote slice data
