/home/boittier/esp_check
h2o_349
/data/boittier/energies/h2o_geom.xyz.dir
Read multipoles for 3 atoms with max. rank 2
Running in generate mode

Reading "/data/boittier/energies/h2o_geom.xyz.dir/h2o_349.chk.fchk.potential.cube"...

  h2o Potential=SCF
  Electrostatic potential from Total SCF Density
    3   -4.970736   -4.751618   -4.970736
   80    0.125841    0.000000    0.000000
   80    0.000000    0.125841    0.000000
   80    0.000000    0.000000    0.125841
    8    8.000000    0.000000    0.219118    0.000000
    1    1.000000    1.441252   -0.877562    0.000000
    1    1.000000   -1.441252   -0.875383    0.000000
  1.66223E-02  1.66814E-02  1.67111E-02  1.67111E-02  1.66814E-02  1.66223E-02
       .            .            .            .            .            .
       .            .            .            .            .            .
       .            .            .            .            .            .
 -8.97650E-03 -8.97214E-03 -8.96342E-03 -8.95033E-03 -8.93283E-03 -8.91092E-03

338193 out of 512000 gridpoints are considered ( 66.1%).

...done!

 writing cube file quadrupole_expansion.cube                                                                                                                                                                                                                                                                                                                                                                                                                                                                                                                                                                                                                                                                                                                                                                                                                                                                                                                                                                                                                                       
Written cubefile and slice data
Running in analysis mode

Reading "/data/boittier/energies/h2o_geom.xyz.dir/h2o_349.chk.fchk.potential.cube"...

  h2o Potential=SCF
  Electrostatic potential from Total SCF Density
    3   -4.970736   -4.751618   -4.970736
   80    0.125841    0.000000    0.000000
   80    0.000000    0.125841    0.000000
   80    0.000000    0.000000    0.125841
    8    8.000000    0.000000    0.219118    0.000000
    1    1.000000    1.441252   -0.877562    0.000000
    1    1.000000   -1.441252   -0.875383    0.000000
  6.08763E-03  6.30954E-03  6.53853E-03  6.77458E-03  7.01767E-03  7.26770E-03
       .            .            .            .            .            .
       .            .            .            .            .            .
       .            .            .            .            .            .
 -6.66063E-03 -6.54449E-03 -6.42827E-03 -6.31212E-03 -6.19620E-03 -6.08066E-03

512000 out of 512000 gridpoints are considered (100.0%).

...done!

Reading "/home/boittier/esp_check/quadrupole_expansion.cube"...

  Fitted ESP
  Electrostatic potential fitted from quadrupole expansion.
    3   -4.970736   -4.751618   -4.970736
   80    0.125841    0.000000    0.000000
   80    0.000000    0.125841    0.000000
   80    0.000000    0.000000    0.125841
    8    8.000000    0.000000    0.219118    0.000000
    1    1.000000    1.441252   -0.877562    0.000000
    1    1.000000   -1.441252   -0.875383    0.000000
  6.02765E-03  6.24326E-03  6.46552E-03  6.69441E-03  6.92989E-03  7.17188E-03
       .            .            .            .            .            .
       .            .            .            .            .            .
       .            .            .            .            .            .
 -6.60554E-03 -6.49455E-03 -6.38318E-03 -6.27160E-03 -6.15998E-03 -6.04845E-03

512000 out of 512000 gridpoints are considered (100.0%).

...done!

                       Measure       RMSE[kcal/mol/e]   MaxError[kcal/mol/e]   NPoints
                         Total        6.853793467E-01        4.693582575E+00    407523
Close (  1.20 < r <   1.66 )          1.084041448E+00        4.693582575E+00    143069
Mid-range ( 1.66 < r <  2.20)         3.381045438E-01        1.077684762E+00    195124
Far-range (  2.20         < r)        1.200598804E-01        3.212848481E-01     69330
Did analysis and wrote slice data
