/home/boittier/esp_check
h2o_1185
/data/boittier/energies/h2o_geom.xyz.dir
Read multipoles for 3 atoms with max. rank 2
Running in generate mode

Reading "/data/boittier/energies/h2o_geom.xyz.dir/h2o_1185.chk.fchk.potential.cube"...

  h2o Potential=SCF
  Electrostatic potential from Total SCF Density
    3   -4.970736   -4.751750   -4.970736
   80    0.125841    0.000000    0.000000
   80    0.000000    0.125841    0.000000
   80    0.000000    0.000000    0.125841
    8    8.000000    0.000000    0.218986    0.000000
    1    1.000000    1.447019   -0.871037    0.000000
    1    1.000000   -1.447019   -0.880849    0.000000
  1.65898E-02  1.66785E-02  1.67380E-02  1.67679E-02  1.67679E-02  1.67380E-02
       .            .            .            .            .            .
       .            .            .            .            .            .
       .            .            .            .            .            .
 -8.90158E-03 -8.89735E-03 -8.88889E-03 -8.87617E-03 -8.85917E-03 -8.83787E-03

338138 out of 512000 gridpoints are considered ( 66.0%).

...done!

 writing cube file quadrupole_expansion.cube                                                                                                                                                                                                                                                                                                                                                                                                                                                                                                                                                                                                                                                                                                                                                                                                                                                                                                                                                                                                                                       
Written cubefile and slice data
Running in analysis mode

Reading "/data/boittier/energies/h2o_geom.xyz.dir/h2o_1185.chk.fchk.potential.cube"...

  h2o Potential=SCF
  Electrostatic potential from Total SCF Density
    3   -4.970736   -4.751750   -4.970736
   80    0.125841    0.000000    0.000000
   80    0.000000    0.125841    0.000000
   80    0.000000    0.000000    0.125841
    8    8.000000    0.000000    0.218986    0.000000
    1    1.000000    1.447019   -0.871037    0.000000
    1    1.000000   -1.447019   -0.880849    0.000000
  6.08860E-03  6.31116E-03  6.54083E-03  6.77761E-03  7.02147E-03  7.27234E-03
       .            .            .            .            .            .
       .            .            .            .            .            .
       .            .            .            .            .            .
 -6.63517E-03 -6.51986E-03 -6.40445E-03 -6.28909E-03 -6.17395E-03 -6.05917E-03

512000 out of 512000 gridpoints are considered (100.0%).

...done!

Reading "/home/boittier/esp_check/quadrupole_expansion.cube"...

  Fitted ESP
  Electrostatic potential fitted from quadrupole expansion.
    3   -4.970736   -4.751750   -4.970736
   80    0.125841    0.000000    0.000000
   80    0.000000    0.125841    0.000000
   80    0.000000    0.000000    0.125841
    8    8.000000    0.000000    0.218986    0.000000
    1    1.000000    1.447019   -0.871037    0.000000
    1    1.000000   -1.447019   -0.880849    0.000000
  6.02791E-03  6.24412E-03  6.46702E-03  6.69660E-03  6.93282E-03  7.17559E-03
       .            .            .            .            .            .
       .            .            .            .            .            .
       .            .            .            .            .            .
 -6.57921E-03 -6.46909E-03 -6.35857E-03 -6.24782E-03 -6.13700E-03 -6.02626E-03

512000 out of 512000 gridpoints are considered (100.0%).

...done!

                       Measure       RMSE[kcal/mol/e]   MaxError[kcal/mol/e]   NPoints
                         Total        6.862042999E-01        4.694900345E+00    407414
Close (  1.20 < r <   1.66 )          1.085093483E+00        4.694900345E+00    143104
Mid-range ( 1.66 < r <  2.20)         3.384962490E-01        1.083457849E+00    195034
Far-range (  2.20         < r)        1.201480166E-01        3.218998074E-01     69276
Did analysis and wrote slice data
