/home/boittier/esp_check
h2o_1572
/data/boittier/energies/h2o_geom.xyz.dir
Read multipoles for 3 atoms with max. rank 2
Running in generate mode

Reading "/data/boittier/energies/h2o_geom.xyz.dir/h2o_1572.chk.fchk.potential.cube"...

  h2o Potential=SCF
  Electrostatic potential from Total SCF Density
    3   -4.970736   -4.758265   -4.970736
   80    0.125841    0.000000    0.000000
   80    0.000000    0.125841    0.000000
   80    0.000000    0.000000    0.125841
    8    8.000000    0.000000    0.212470    0.000000
    1    1.000000    1.356832   -0.995881    0.000000
    1    1.000000   -1.356832   -0.703881    0.000000
  1.60398E-02  1.60685E-02  1.60685E-02  1.60398E-02  1.56695E-02  1.58688E-02
       .            .            .            .            .            .
       .            .            .            .            .            .
       .            .            .            .            .            .
 -1.01922E-02 -1.01857E-02 -1.01727E-02 -1.01533E-02 -1.01274E-02 -1.00952E-02

339088 out of 512000 gridpoints are considered ( 66.2%).

...done!

 writing cube file quadrupole_expansion.cube                                                                                                                                                                                                                                                                                                                                                                                                                                                                                                                                                                                                                                                                                                                                                                                                                                                                                                                                                                                                                                       
Written cubefile and slice data
Running in analysis mode

Reading "/data/boittier/energies/h2o_geom.xyz.dir/h2o_1572.chk.fchk.potential.cube"...

  h2o Potential=SCF
  Electrostatic potential from Total SCF Density
    3   -4.970736   -4.758265   -4.970736
   80    0.125841    0.000000    0.000000
   80    0.000000    0.125841    0.000000
   80    0.000000    0.000000    0.125841
    8    8.000000    0.000000    0.212470    0.000000
    1    1.000000    1.356832   -0.995881    0.000000
    1    1.000000   -1.356832   -0.703881    0.000000
  5.88443E-03  6.08856E-03  6.29872E-03  6.51487E-03  6.73694E-03  6.96483E-03
       .            .            .            .            .            .
       .            .            .            .            .            .
       .            .            .            .            .            .
 -7.04947E-03 -6.91937E-03 -6.78950E-03 -6.66004E-03 -6.53114E-03 -6.40296E-03

512000 out of 512000 gridpoints are considered (100.0%).

...done!

Reading "/home/boittier/esp_check/quadrupole_expansion.cube"...

  Fitted ESP
  Electrostatic potential fitted from quadrupole expansion.
    3   -4.970736   -4.758265   -4.970736
   80    0.125841    0.000000    0.000000
   80    0.000000    0.125841    0.000000
   80    0.000000    0.000000    0.125841
    8    8.000000    0.000000    0.212470    0.000000
    1    1.000000    1.356832   -0.995881    0.000000
    1    1.000000   -1.356832   -0.703881    0.000000
  5.83974E-03  6.03853E-03  6.24299E-03  6.45305E-03  6.66866E-03  6.88968E-03
       .            .            .            .            .            .
       .            .            .            .            .            .
       .            .            .            .            .            .
 -7.01228E-03 -6.88655E-03 -6.76078E-03 -6.63515E-03 -6.50982E-03 -6.38497E-03

512000 out of 512000 gridpoints are considered (100.0%).

...done!

                       Measure       RMSE[kcal/mol/e]   MaxError[kcal/mol/e]   NPoints
                         Total        6.764555592E-01        4.679651865E+00    409412
Close (  1.20 < r <   1.66 )          1.074923637E+00        4.679651865E+00    142167
Mid-range ( 1.66 < r <  2.20)         3.347277046E-01        1.055326600E+00    196921
Far-range (  2.20         < r)        1.199462879E-01        3.341487922E-01     70324
Did analysis and wrote slice data
