/home/boittier/esp_check
h2o_1453
/data/boittier/energies/h2o_geom.xyz.dir
Read multipoles for 3 atoms with max. rank 2
Running in generate mode

Reading "/data/boittier/energies/h2o_geom.xyz.dir/h2o_1453.chk.fchk.potential.cube"...

  h2o Potential=SCF
  Electrostatic potential from Total SCF Density
    3   -4.970736   -4.755985   -4.970736
   80    0.125841    0.000000    0.000000
   80    0.000000    0.125841    0.000000
   80    0.000000    0.000000    0.125841
    8    8.000000    0.000000    0.214751    0.000000
    1    1.000000    1.514201   -0.782312    0.000000
    1    1.000000   -1.514201   -0.935696    0.000000
  1.66897E-02  1.67791E-02  1.68391E-02  1.68692E-02  1.68692E-02  1.68391E-02
       .            .            .            .            .            .
       .            .            .            .            .            .
       .            .            .            .            .            .
 -7.88779E-03 -7.88527E-03 -7.88020E-03 -7.87255E-03 -7.86225E-03 -7.84922E-03

337562 out of 512000 gridpoints are considered ( 65.9%).

...done!

 writing cube file quadrupole_expansion.cube                                                                                                                                                                                                                                                                                                                                                                                                                                                                                                                                                                                                                                                                                                                                                                                                                                                                                                                                                                                                                                       
Written cubefile and slice data
Running in analysis mode

Reading "/data/boittier/energies/h2o_geom.xyz.dir/h2o_1453.chk.fchk.potential.cube"...

  h2o Potential=SCF
  Electrostatic potential from Total SCF Density
    3   -4.970736   -4.755985   -4.970736
   80    0.125841    0.000000    0.000000
   80    0.000000    0.125841    0.000000
   80    0.000000    0.000000    0.125841
    8    8.000000    0.000000    0.214751    0.000000
    1    1.000000    1.514201   -0.782312    0.000000
    1    1.000000   -1.514201   -0.935696    0.000000
  6.07561E-03  6.30497E-03  6.54198E-03  6.78666E-03  7.03899E-03  7.29891E-03
       .            .            .            .            .            .
       .            .            .            .            .            .
       .            .            .            .            .            .
 -6.28177E-03 -6.17764E-03 -6.07319E-03 -5.96856E-03 -5.86391E-03 -5.75936E-03

512000 out of 512000 gridpoints are considered (100.0%).

...done!

Reading "/home/boittier/esp_check/quadrupole_expansion.cube"...

  Fitted ESP
  Electrostatic potential fitted from quadrupole expansion.
    3   -4.970736   -4.755985   -4.970736
   80    0.125841    0.000000    0.000000
   80    0.000000    0.125841    0.000000
   80    0.000000    0.000000    0.125841
    8    8.000000    0.000000    0.214751    0.000000
    1    1.000000    1.514201   -0.782312    0.000000
    1    1.000000   -1.514201   -0.935696    0.000000
  6.00635E-03  6.22891E-03  6.45868E-03  6.69566E-03  6.93983E-03  7.19113E-03
       .            .            .            .            .            .
       .            .            .            .            .            .
       .            .            .            .            .            .
 -6.21515E-03 -6.11660E-03 -6.01743E-03 -5.91779E-03 -5.81783E-03 -5.71769E-03

512000 out of 512000 gridpoints are considered (100.0%).

...done!

                       Measure       RMSE[kcal/mol/e]   MaxError[kcal/mol/e]   NPoints
                         Total        6.979481682E-01        4.699230161E+00    406440
Close (  1.20 < r <   1.66 )          1.101233848E+00        4.699230161E+00    143550
Mid-range ( 1.66 < r <  2.20)         3.434404030E-01        1.146208796E+00    194012
Far-range (  2.20         < r)        1.217174062E-01        3.289404636E-01     68878
Did analysis and wrote slice data
