/home/boittier/esp_check
h2o_494
/data/boittier/energies/h2o_geom.xyz.dir
Read multipoles for 3 atoms with max. rank 2
Running in generate mode

Reading "/data/boittier/energies/h2o_geom.xyz.dir/h2o_494.chk.fchk.potential.cube"...

  h2o Potential=SCF
  Electrostatic potential from Total SCF Density
    3   -4.970736   -4.747002   -4.970736
   80    0.125841    0.000000    0.000000
   80    0.000000    0.125841    0.000000
   80    0.000000    0.000000    0.125841
    8    8.000000    0.000000    0.223733    0.000000
    1    1.000000    1.460943   -0.846022    0.000000
    1    1.000000   -1.460943   -0.943845    0.000000
  1.66883E-02  1.68680E-02  1.70202E-02  1.71435E-02  1.72369E-02  1.72997E-02
       .            .            .            .            .            .
       .            .            .            .            .            .
       .            .            .            .            .            .
 -8.64832E-03 -8.64458E-03 -8.63708E-03 -8.62581E-03 -8.61073E-03 -8.59179E-03

337872 out of 512000 gridpoints are considered ( 66.0%).

...done!

 writing cube file quadrupole_expansion.cube                                                                                                                                                                                                                                                                                                                                                                                                                                                                                                                                                                                                                                                                                                                                                                                                                                                                                                                                                                                                                                       
Written cubefile and slice data
Running in analysis mode

Reading "/data/boittier/energies/h2o_geom.xyz.dir/h2o_494.chk.fchk.potential.cube"...

  h2o Potential=SCF
  Electrostatic potential from Total SCF Density
    3   -4.970736   -4.747002   -4.970736
   80    0.125841    0.000000    0.000000
   80    0.000000    0.125841    0.000000
   80    0.000000    0.000000    0.125841
    8    8.000000    0.000000    0.223733    0.000000
    1    1.000000    1.460943   -0.846022    0.000000
    1    1.000000   -1.460943   -0.943845    0.000000
  6.20185E-03  6.43139E-03  6.66843E-03  6.91296E-03  7.16497E-03  7.42438E-03
       .            .            .            .            .            .
       .            .            .            .            .            .
       .            .            .            .            .            .
 -6.56325E-03 -6.45114E-03 -6.33884E-03 -6.22652E-03 -6.11432E-03 -6.00240E-03

512000 out of 512000 gridpoints are considered (100.0%).

...done!

Reading "/home/boittier/esp_check/quadrupole_expansion.cube"...

  Fitted ESP
  Electrostatic potential fitted from quadrupole expansion.
    3   -4.970736   -4.747002   -4.970736
   80    0.125841    0.000000    0.000000
   80    0.000000    0.125841    0.000000
   80    0.000000    0.000000    0.125841
    8    8.000000    0.000000    0.223733    0.000000
    1    1.000000    1.460943   -0.846022    0.000000
    1    1.000000   -1.460943   -0.943845    0.000000
  6.13825E-03  6.36124E-03  6.59128E-03  6.82837E-03  7.07247E-03  7.32353E-03
       .            .            .            .            .            .
       .            .            .            .            .            .
       .            .            .            .            .            .
 -6.50377E-03 -6.39699E-03 -6.28973E-03 -6.18215E-03 -6.07441E-03 -5.96666E-03

512000 out of 512000 gridpoints are considered (100.0%).

...done!

                       Measure       RMSE[kcal/mol/e]   MaxError[kcal/mol/e]   NPoints
                         Total        6.844417541E-01        4.710588082E+00    406826
Close (  1.20 < r <   1.66 )          1.080664507E+00        4.710588082E+00    143425
Mid-range ( 1.66 < r <  2.20)         3.371783764E-01        1.088226921E+00    194447
Far-range (  2.20         < r)        1.191265805E-01        3.250499049E-01     68954
Did analysis and wrote slice data
