/home/boittier/esp_check
h2o_1183
/data/boittier/energies/h2o_geom.xyz.dir
Read multipoles for 3 atoms with max. rank 2
Running in generate mode

Reading "/data/boittier/energies/h2o_geom.xyz.dir/h2o_1183.chk.fchk.potential.cube"...

  h2o Potential=SCF
  Electrostatic potential from Total SCF Density
    3   -4.970736   -4.739826   -4.970736
   80    0.125841    0.000000    0.000000
   80    0.000000    0.125841    0.000000
   80    0.000000    0.000000    0.125841
    8    8.000000    0.000000    0.230909    0.000000
    1    1.000000    1.419507   -0.905059    0.000000
    1    1.000000   -1.419507   -0.942214    0.000000
  1.68033E-02  1.69521E-02  1.70728E-02  1.71641E-02  1.72255E-02  1.72563E-02
       .            .            .            .            .            .
       .            .            .            .            .            .
       .            .            .            .            .            .
 -9.29069E-03 -9.28596E-03 -9.27649E-03 -9.26228E-03 -9.24330E-03 -9.21955E-03

338094 out of 512000 gridpoints are considered ( 66.0%).

...done!

 writing cube file quadrupole_expansion.cube                                                                                                                                                                                                                                                                                                                                                                                                                                                                                                                                                                                                                                                                                                                                                                                                                                                                                                                                                                                                                                       
Written cubefile and slice data
Running in analysis mode

Reading "/data/boittier/energies/h2o_geom.xyz.dir/h2o_1183.chk.fchk.potential.cube"...

  h2o Potential=SCF
  Electrostatic potential from Total SCF Density
    3   -4.970736   -4.739826   -4.970736
   80    0.125841    0.000000    0.000000
   80    0.000000    0.125841    0.000000
   80    0.000000    0.000000    0.125841
    8    8.000000    0.000000    0.230909    0.000000
    1    1.000000    1.419507   -0.905059    0.000000
    1    1.000000   -1.419507   -0.942214    0.000000
  6.29935E-03  6.52872E-03  6.76542E-03  7.00947E-03  7.26081E-03  7.51938E-03
       .            .            .            .            .            .
       .            .            .            .            .            .
       .            .            .            .            .            .
 -6.80613E-03 -6.68730E-03 -6.56840E-03 -6.44958E-03 -6.33101E-03 -6.21284E-03

512000 out of 512000 gridpoints are considered (100.0%).

...done!

Reading "/home/boittier/esp_check/quadrupole_expansion.cube"...

  Fitted ESP
  Electrostatic potential fitted from quadrupole expansion.
    3   -4.970736   -4.739826   -4.970736
   80    0.125841    0.000000    0.000000
   80    0.000000    0.125841    0.000000
   80    0.000000    0.000000    0.125841
    8    8.000000    0.000000    0.230909    0.000000
    1    1.000000    1.419507   -0.905059    0.000000
    1    1.000000   -1.419507   -0.942214    0.000000
  6.24096E-03  6.46399E-03  6.69394E-03  6.93078E-03  7.17448E-03  7.42495E-03
       .            .            .            .            .            .
       .            .            .            .            .            .
       .            .            .            .            .            .
 -6.75354E-03 -6.63978E-03 -6.52566E-03 -6.41134E-03 -6.29699E-03 -6.18277E-03

512000 out of 512000 gridpoints are considered (100.0%).

...done!

                       Measure       RMSE[kcal/mol/e]   MaxError[kcal/mol/e]   NPoints
                         Total        6.716804057E-01        4.716674924E+00    407033
Close (  1.20 < r <   1.66 )          1.060681312E+00        4.716674924E+00    143441
Mid-range ( 1.66 < r <  2.20)         3.309676068E-01        1.063314795E+00    194653
Far-range (  2.20         < r)        1.164613150E-01        3.226026180E-01     68939
Did analysis and wrote slice data
