/home/boittier/esp_check
h2o_1190
/data/boittier/energies/h2o_geom.xyz.dir
Read multipoles for 3 atoms with max. rank 2
Running in generate mode

Reading "/data/boittier/energies/h2o_geom.xyz.dir/h2o_1190.chk.fchk.potential.cube"...

  h2o Potential=SCF
  Electrostatic potential from Total SCF Density
    3   -4.970736   -4.757215   -4.970736
   80    0.125841    0.000000    0.000000
   80    0.000000    0.125841    0.000000
   80    0.000000    0.000000    0.125841
    8    8.000000    0.000000    0.213521    0.000000
    1    1.000000    1.487055   -0.819959    0.000000
    1    1.000000   -1.487055   -0.888207    0.000000
  1.64439E-02  1.65921E-02  1.67122E-02  1.68032E-02  1.68643E-02  1.68950E-02
       .            .            .            .            .            .
       .            .            .            .            .            .
       .            .            .            .            .            .
 -8.31324E-03 -8.30995E-03 -8.30336E-03 -8.29345E-03 -8.28016E-03 -8.26343E-03

337834 out of 512000 gridpoints are considered ( 66.0%).

...done!

 writing cube file quadrupole_expansion.cube                                                                                                                                                                                                                                                                                                                                                                                                                                                                                                                                                                                                                                                                                                                                                                                                                                                                                                                                                                                                                                       
Written cubefile and slice data
Running in analysis mode

Reading "/data/boittier/energies/h2o_geom.xyz.dir/h2o_1190.chk.fchk.potential.cube"...

  h2o Potential=SCF
  Electrostatic potential from Total SCF Density
    3   -4.970736   -4.757215   -4.970736
   80    0.125841    0.000000    0.000000
   80    0.000000    0.125841    0.000000
   80    0.000000    0.000000    0.125841
    8    8.000000    0.000000    0.213521    0.000000
    1    1.000000    1.487055   -0.819959    0.000000
    1    1.000000   -1.487055   -0.888207    0.000000
  6.01446E-03  6.23795E-03  6.46874E-03  6.70682E-03  6.95217E-03  7.20472E-03
       .            .            .            .            .            .
       .            .            .            .            .            .
       .            .            .            .            .            .
 -6.41939E-03 -6.31034E-03 -6.20107E-03 -6.09174E-03 -5.98250E-03 -5.87349E-03

512000 out of 512000 gridpoints are considered (100.0%).

...done!

Reading "/home/boittier/esp_check/quadrupole_expansion.cube"...

  Fitted ESP
  Electrostatic potential fitted from quadrupole expansion.
    3   -4.970736   -4.757215   -4.970736
   80    0.125841    0.000000    0.000000
   80    0.000000    0.125841    0.000000
   80    0.000000    0.000000    0.125841
    8    8.000000    0.000000    0.213521    0.000000
    1    1.000000    1.487055   -0.819959    0.000000
    1    1.000000   -1.487055   -0.888207    0.000000
  5.94912E-03  6.16605E-03  6.38984E-03  6.62048E-03  6.85795E-03  7.10216E-03
       .            .            .            .            .            .
       .            .            .            .            .            .
       .            .            .            .            .            .
 -6.35756E-03 -6.25390E-03 -6.14973E-03 -6.04521E-03 -5.94049E-03 -5.83573E-03

512000 out of 512000 gridpoints are considered (100.0%).

...done!

                       Measure       RMSE[kcal/mol/e]   MaxError[kcal/mol/e]   NPoints
                         Total        6.952959667E-01        4.691072537E+00    407022
Close (  1.20 < r <   1.66 )          1.098937580E+00        4.691072537E+00    143134
Mid-range ( 1.66 < r <  2.20)         3.428300055E-01        1.128826784E+00    194700
Far-range (  2.20         < r)        1.218919968E-01        3.243470943E-01     69188
Did analysis and wrote slice data
