/home/boittier/esp_check
h2o_1791
/data/boittier/energies/h2o_geom.xyz.dir
Read multipoles for 3 atoms with max. rank 2
Running in generate mode

Reading "/data/boittier/energies/h2o_geom.xyz.dir/h2o_1791.chk.fchk.potential.cube"...

  h2o Potential=SCF
  Electrostatic potential from Total SCF Density
    3   -4.970736   -4.745509   -4.970736
   80    0.125841    0.000000    0.000000
   80    0.000000    0.125841    0.000000
   80    0.000000    0.000000    0.125841
    8    8.000000    0.000000    0.225226    0.000000
    1    1.000000    1.466050   -0.860893    0.000000
    1    1.000000   -1.466050   -0.940918    0.000000
  1.67107E-02  1.68907E-02  1.70431E-02  1.71666E-02  1.72602E-02  1.73230E-02
       .            .            .            .            .            .
       .            .            .            .            .            .
       .            .            .            .            .            .
 -8.75651E-03 -8.75262E-03 -8.74484E-03 -8.73314E-03 -8.71749E-03 -8.69785E-03

337786 out of 512000 gridpoints are considered ( 66.0%).

...done!

 writing cube file quadrupole_expansion.cube                                                                                                                                                                                                                                                                                                                                                                                                                                                                                                                                                                                                                                                                                                                                                                                                                                                                                                                                                                                                                                       
Written cubefile and slice data
Running in analysis mode

Reading "/data/boittier/energies/h2o_geom.xyz.dir/h2o_1791.chk.fchk.potential.cube"...

  h2o Potential=SCF
  Electrostatic potential from Total SCF Density
    3   -4.970736   -4.745509   -4.970736
   80    0.125841    0.000000    0.000000
   80    0.000000    0.125841    0.000000
   80    0.000000    0.000000    0.125841
    8    8.000000    0.000000    0.225226    0.000000
    1    1.000000    1.466050   -0.860893    0.000000
    1    1.000000   -1.466050   -0.940918    0.000000
  6.21047E-03  6.44027E-03  6.67756E-03  6.92236E-03  7.17465E-03  7.43434E-03
       .            .            .            .            .            .
       .            .            .            .            .            .
       .            .            .            .            .            .
 -6.61085E-03 -6.49759E-03 -6.38416E-03 -6.27072E-03 -6.15742E-03 -6.04441E-03

512000 out of 512000 gridpoints are considered (100.0%).

...done!

Reading "/home/boittier/esp_check/quadrupole_expansion.cube"...

  Fitted ESP
  Electrostatic potential fitted from quadrupole expansion.
    3   -4.970736   -4.745509   -4.970736
   80    0.125841    0.000000    0.000000
   80    0.000000    0.125841    0.000000
   80    0.000000    0.000000    0.125841
    8    8.000000    0.000000    0.225226    0.000000
    1    1.000000    1.466050   -0.860893    0.000000
    1    1.000000   -1.466050   -0.940918    0.000000
  6.14758E-03  6.37084E-03  6.60116E-03  6.83853E-03  7.08294E-03  7.33430E-03
       .            .            .            .            .            .
       .            .            .            .            .            .
       .            .            .            .            .            .
 -6.55267E-03 -6.44469E-03 -6.33624E-03 -6.22749E-03 -6.11860E-03 -6.00972E-03

512000 out of 512000 gridpoints are considered (100.0%).

...done!

                       Measure       RMSE[kcal/mol/e]   MaxError[kcal/mol/e]   NPoints
                         Total        6.838417616E-01        4.714541392E+00    406612
Close (  1.20 < r <   1.66 )          1.079110086E+00        4.714541392E+00    143538
Mid-range ( 1.66 < r <  2.20)         3.367662176E-01        1.090360453E+00    194248
Far-range (  2.20         < r)        1.187757126E-01        3.259911691E-01     68826
Did analysis and wrote slice data
