/home/boittier/esp_check
h2o_1577
/data/boittier/energies/h2o_geom.xyz.dir
Read multipoles for 3 atoms with max. rank 2
Running in generate mode

Reading "/data/boittier/energies/h2o_geom.xyz.dir/h2o_1577.chk.fchk.potential.cube"...

  h2o Potential=SCF
  Electrostatic potential from Total SCF Density
    3   -4.970736   -4.757055   -4.970736
   80    0.125841    0.000000    0.000000
   80    0.000000    0.125841    0.000000
   80    0.000000    0.000000    0.125841
    8    8.000000    0.000000    0.213681    0.000000
    1    1.000000    1.352908   -1.002759    0.000000
    1    1.000000   -1.352908   -0.706688    0.000000
  1.60730E-02  1.61017E-02  1.61017E-02  1.60730E-02  1.56999E-02  1.58994E-02
       .            .            .            .            .            .
       .            .            .            .            .            .
       .            .            .            .            .            .
 -1.02607E-02 -1.02541E-02 -1.02410E-02 -1.02213E-02 -1.01951E-02 -1.01624E-02

339068 out of 512000 gridpoints are considered ( 66.2%).

...done!

 writing cube file quadrupole_expansion.cube                                                                                                                                                                                                                                                                                                                                                                                                                                                                                                                                                                                                                                                                                                                                                                                                                                                                                                                                                                                                                                       
Written cubefile and slice data
Running in analysis mode

Reading "/data/boittier/energies/h2o_geom.xyz.dir/h2o_1577.chk.fchk.potential.cube"...

  h2o Potential=SCF
  Electrostatic potential from Total SCF Density
    3   -4.970736   -4.757055   -4.970736
   80    0.125841    0.000000    0.000000
   80    0.000000    0.125841    0.000000
   80    0.000000    0.000000    0.125841
    8    8.000000    0.000000    0.213681    0.000000
    1    1.000000    1.352908   -1.002759    0.000000
    1    1.000000   -1.352908   -0.706688    0.000000
  5.90785E-03  6.11253E-03  6.32324E-03  6.53995E-03  6.76260E-03  6.99106E-03
       .            .            .            .            .            .
       .            .            .            .            .            .
       .            .            .            .            .            .
 -7.07852E-03 -6.94775E-03 -6.81722E-03 -6.68710E-03 -6.55755E-03 -6.42872E-03

512000 out of 512000 gridpoints are considered (100.0%).

...done!

Reading "/home/boittier/esp_check/quadrupole_expansion.cube"...

  Fitted ESP
  Electrostatic potential fitted from quadrupole expansion.
    3   -4.970736   -4.757055   -4.970736
   80    0.125841    0.000000    0.000000
   80    0.000000    0.125841    0.000000
   80    0.000000    0.000000    0.125841
    8    8.000000    0.000000    0.213681    0.000000
    1    1.000000    1.352908   -1.002759    0.000000
    1    1.000000   -1.352908   -0.706688    0.000000
  5.86358E-03  6.06294E-03  6.26796E-03  6.47861E-03  6.69479E-03  6.91641E-03
       .            .            .            .            .            .
       .            .            .            .            .            .
       .            .            .            .            .            .
 -7.04197E-03 -6.91555E-03 -6.78909E-03 -6.66277E-03 -6.53678E-03 -6.41126E-03

512000 out of 512000 gridpoints are considered (100.0%).

...done!

                       Measure       RMSE[kcal/mol/e]   MaxError[kcal/mol/e]   NPoints
                         Total        6.747914046E-01        4.678083091E+00    409378
Close (  1.20 < r <   1.66 )          1.072185854E+00        4.678083091E+00    142175
Mid-range ( 1.66 < r <  2.20)         3.339677427E-01        1.051272889E+00    196893
Far-range (  2.20         < r)        1.195771310E-01        3.330130001E-01     70310
Did analysis and wrote slice data
