/home/boittier/esp_check
h2o_282
/data/boittier/energies/h2o_geom.xyz.dir
Read multipoles for 3 atoms with max. rank 2
Running in generate mode

Reading "/data/boittier/energies/h2o_geom.xyz.dir/h2o_282.chk.fchk.potential.cube"...

  h2o Potential=SCF
  Electrostatic potential from Total SCF Density
    3   -4.970736   -4.744966   -4.970736
   80    0.125841    0.000000    0.000000
   80    0.000000    0.125841    0.000000
   80    0.000000    0.000000    0.125841
    8    8.000000    0.000000    0.225770    0.000000
    1    1.000000    1.429478   -0.890427    0.000000
    1    1.000000   -1.429478   -0.915733    0.000000
  1.67434E-02  1.68624E-02  1.69525E-02  1.70130E-02  1.70434E-02  1.70434E-02
       .            .            .            .            .            .
       .            .            .            .            .            .
       .            .            .            .            .            .
 -9.13291E-03 -9.12837E-03 -9.11930E-03 -9.10567E-03 -9.08748E-03 -9.06469E-03

338121 out of 512000 gridpoints are considered ( 66.0%).

...done!

 writing cube file quadrupole_expansion.cube                                                                                                                                                                                                                                                                                                                                                                                                                                                                                                                                                                                                                                                                                                                                                                                                                                                                                                                                                                                                                                       
Written cubefile and slice data
Running in analysis mode

Reading "/data/boittier/energies/h2o_geom.xyz.dir/h2o_282.chk.fchk.potential.cube"...

  h2o Potential=SCF
  Electrostatic potential from Total SCF Density
    3   -4.970736   -4.744966   -4.970736
   80    0.125841    0.000000    0.000000
   80    0.000000    0.125841    0.000000
   80    0.000000    0.000000    0.125841
    8    8.000000    0.000000    0.225770    0.000000
    1    1.000000    1.429478   -0.890427    0.000000
    1    1.000000   -1.429478   -0.915733    0.000000
  6.21192E-03  6.43834E-03  6.67201E-03  6.91290E-03  7.16100E-03  7.41621E-03
       .            .            .            .            .            .
       .            .            .            .            .            .
       .            .            .            .            .            .
 -6.73542E-03 -6.61800E-03 -6.50049E-03 -6.38306E-03 -6.26587E-03 -6.14905E-03

512000 out of 512000 gridpoints are considered (100.0%).

...done!

Reading "/home/boittier/esp_check/quadrupole_expansion.cube"...

  Fitted ESP
  Electrostatic potential fitted from quadrupole expansion.
    3   -4.970736   -4.744966   -4.970736
   80    0.125841    0.000000    0.000000
   80    0.000000    0.125841    0.000000
   80    0.000000    0.000000    0.125841
    8    8.000000    0.000000    0.225770    0.000000
    1    1.000000    1.429478   -0.890427    0.000000
    1    1.000000   -1.429478   -0.915733    0.000000
  6.15255E-03  6.37263E-03  6.59953E-03  6.83323E-03  7.07368E-03  7.32080E-03
       .            .            .            .            .            .
       .            .            .            .            .            .
       .            .            .            .            .            .
 -6.68134E-03 -6.56904E-03 -6.45637E-03 -6.34349E-03 -6.23056E-03 -6.11774E-03

512000 out of 512000 gridpoints are considered (100.0%).

...done!

                       Measure       RMSE[kcal/mol/e]   MaxError[kcal/mol/e]   NPoints
                         Total        6.777973826E-01        4.707827040E+00    407234
Close (  1.20 < r <   1.66 )          1.071019413E+00        4.707827040E+00    143277
Mid-range ( 1.66 < r <  2.20)         3.342864694E-01        1.069276135E+00    194844
Far-range (  2.20         < r)        1.180541911E-01        3.222010120E-01     69113
Did analysis and wrote slice data
