/home/boittier/esp_check
h2o_1194
/data/boittier/energies/h2o_geom.xyz.dir
Read multipoles for 3 atoms with max. rank 2
Running in generate mode

Reading "/data/boittier/energies/h2o_geom.xyz.dir/h2o_1194.chk.fchk.potential.cube"...

  h2o Potential=SCF
  Electrostatic potential from Total SCF Density
    3   -4.970736   -4.743758   -4.970736
   80    0.125841    0.000000    0.000000
   80    0.000000    0.125841    0.000000
   80    0.000000    0.000000    0.125841
    8    8.000000    0.000000    0.226978    0.000000
    1    1.000000    1.446428   -0.865240    0.000000
    1    1.000000   -1.446428   -0.950583    0.000000
  1.67203E-02  1.68995E-02  1.70512E-02  1.71742E-02  1.72674E-02  1.73299E-02
       .            .            .            .            .            .
       .            .            .            .            .            .
       .            .            .            .            .            .
 -8.86469E-03 -8.86062E-03 -8.85248E-03 -8.84023E-03 -8.82386E-03 -8.80333E-03

337942 out of 512000 gridpoints are considered ( 66.0%).

...done!

 writing cube file quadrupole_expansion.cube                                                                                                                                                                                                                                                                                                                                                                                                                                                                                                                                                                                                                                                                                                                                                                                                                                                                                                                                                                                                                                       
Written cubefile and slice data
Running in analysis mode

Reading "/data/boittier/energies/h2o_geom.xyz.dir/h2o_1194.chk.fchk.potential.cube"...

  h2o Potential=SCF
  Electrostatic potential from Total SCF Density
    3   -4.970736   -4.743758   -4.970736
   80    0.125841    0.000000    0.000000
   80    0.000000    0.125841    0.000000
   80    0.000000    0.000000    0.125841
    8    8.000000    0.000000    0.226978    0.000000
    1    1.000000    1.446428   -0.865240    0.000000
    1    1.000000   -1.446428   -0.950583    0.000000
  6.25023E-03  6.48044E-03  6.71812E-03  6.96327E-03  7.21588E-03  7.47586E-03
       .            .            .            .            .            .
       .            .            .            .            .            .
       .            .            .            .            .            .
 -6.64683E-03 -6.53251E-03 -6.41804E-03 -6.30358E-03 -6.18928E-03 -6.07529E-03

512000 out of 512000 gridpoints are considered (100.0%).

...done!

Reading "/home/boittier/esp_check/quadrupole_expansion.cube"...

  Fitted ESP
  Electrostatic potential fitted from quadrupole expansion.
    3   -4.970736   -4.743758   -4.970736
   80    0.125841    0.000000    0.000000
   80    0.000000    0.125841    0.000000
   80    0.000000    0.000000    0.125841
    8    8.000000    0.000000    0.226978    0.000000
    1    1.000000    1.446428   -0.865240    0.000000
    1    1.000000   -1.446428   -0.950583    0.000000
  6.18830E-03  6.41201E-03  6.64276E-03  6.88054E-03  7.12531E-03  7.37701E-03
       .            .            .            .            .            .
       .            .            .            .            .            .
       .            .            .            .            .            .
 -6.58955E-03 -6.48048E-03 -6.37096E-03 -6.26116E-03 -6.15125E-03 -6.04137E-03

512000 out of 512000 gridpoints are considered (100.0%).

...done!

                       Measure       RMSE[kcal/mol/e]   MaxError[kcal/mol/e]   NPoints
                         Total        6.796242987E-01        4.714855146E+00    406868
Close (  1.20 < r <   1.66 )          1.072935879E+00        4.714855146E+00    143482
Mid-range ( 1.66 < r <  2.20)         3.347576770E-01        1.079943796E+00    194460
Far-range (  2.20         < r)        1.180766154E-01        3.245165219E-01     68926
Did analysis and wrote slice data
