/home/boittier/esp_check
h2o_257
/data/boittier/energies/h2o_geom.xyz.dir
Read multipoles for 3 atoms with max. rank 2
Running in generate mode

Reading "/data/boittier/energies/h2o_geom.xyz.dir/h2o_257.chk.fchk.potential.cube"...

  h2o Potential=SCF
  Electrostatic potential from Total SCF Density
    3   -4.970736   -4.748103   -4.970736
   80    0.125841    0.000000    0.000000
   80    0.000000    0.125841    0.000000
   80    0.000000    0.000000    0.125841
    8    8.000000    0.000000    0.222633    0.000000
    1    1.000000    1.426063   -0.897194    0.000000
    1    1.000000   -1.426063   -0.883870    0.000000
  1.66819E-02  1.67410E-02  1.67707E-02  1.67707E-02  1.67410E-02  1.66819E-02
       .            .            .            .            .            .
       .            .            .            .            .            .
       .            .            .            .            .            .
 -9.19706E-03 -9.19237E-03 -9.18301E-03 -9.16894E-03 -9.15017E-03 -9.12667E-03

338247 out of 512000 gridpoints are considered ( 66.1%).

...done!

 writing cube file quadrupole_expansion.cube                                                                                                                                                                                                                                                                                                                                                                                                                                                                                                                                                                                                                                                                                                                                                                                                                                                                                                                                                                                                                                       
Written cubefile and slice data
Running in analysis mode

Reading "/data/boittier/energies/h2o_geom.xyz.dir/h2o_257.chk.fchk.potential.cube"...

  h2o Potential=SCF
  Electrostatic potential from Total SCF Density
    3   -4.970736   -4.748103   -4.970736
   80    0.125841    0.000000    0.000000
   80    0.000000    0.125841    0.000000
   80    0.000000    0.000000    0.125841
    8    8.000000    0.000000    0.222633    0.000000
    1    1.000000    1.426063   -0.897194    0.000000
    1    1.000000   -1.426063   -0.883870    0.000000
  6.14640E-03  6.36936E-03  6.59938E-03  6.83646E-03  7.08056E-03  7.33160E-03
       .            .            .            .            .            .
       .            .            .            .            .            .
       .            .            .            .            .            .
 -6.74752E-03 -6.62915E-03 -6.51073E-03 -6.39243E-03 -6.27438E-03 -6.15676E-03

512000 out of 512000 gridpoints are considered (100.0%).

...done!

Reading "/home/boittier/esp_check/quadrupole_expansion.cube"...

  Fitted ESP
  Electrostatic potential fitted from quadrupole expansion.
    3   -4.970736   -4.748103   -4.970736
   80    0.125841    0.000000    0.000000
   80    0.000000    0.125841    0.000000
   80    0.000000    0.000000    0.125841
    8    8.000000    0.000000    0.222633    0.000000
    1    1.000000    1.426063   -0.897194    0.000000
    1    1.000000   -1.426063   -0.883870    0.000000
  6.08804E-03  6.30474E-03  6.52810E-03  6.75808E-03  6.99465E-03  7.23771E-03
       .            .            .            .            .            .
       .            .            .            .            .            .
       .            .            .            .            .            .
 -6.69457E-03 -6.58128E-03 -6.46765E-03 -6.35384E-03 -6.24002E-03 -6.12634E-03

512000 out of 512000 gridpoints are considered (100.0%).

...done!

                       Measure       RMSE[kcal/mol/e]   MaxError[kcal/mol/e]   NPoints
                         Total        6.800236464E-01        4.699355662E+00    407545
Close (  1.20 < r <   1.66 )          1.075412862E+00        4.699355662E+00    143124
Mid-range ( 1.66 < r <  2.20)         3.354578845E-01        1.066640595E+00    195123
Far-range (  2.20         < r)        1.188947141E-01        3.207577402E-01     69298
Did analysis and wrote slice data
