/home/boittier/esp_check
h2o_596
/data/boittier/energies/h2o_geom.xyz.dir
Read multipoles for 3 atoms with max. rank 2
Running in generate mode

Reading "/data/boittier/energies/h2o_geom.xyz.dir/h2o_596.chk.fchk.potential.cube"...

  h2o Potential=SCF
  Electrostatic potential from Total SCF Density
    3   -4.970736   -4.749233   -4.970736
   80    0.125841    0.000000    0.000000
   80    0.000000    0.125841    0.000000
   80    0.000000    0.000000    0.125841
    8    8.000000    0.000000    0.221503    0.000000
    1    1.000000    1.457510   -0.852806    0.000000
    1    1.000000   -1.457510   -0.919215    0.000000
  1.66590E-02  1.68083E-02  1.69292E-02  1.70209E-02  1.70824E-02  1.71133E-02
       .            .            .            .            .            .
       .            .            .            .            .            .
       .            .            .            .            .            .
 -8.71532E-03 -8.71144E-03 -8.70366E-03 -8.69198E-03 -8.67634E-03 -8.65673E-03

338003 out of 512000 gridpoints are considered ( 66.0%).

...done!

 writing cube file quadrupole_expansion.cube                                                                                                                                                                                                                                                                                                                                                                                                                                                                                                                                                                                                                                                                                                                                                                                                                                                                                                                                                                                                                                       
Written cubefile and slice data
Running in analysis mode

Reading "/data/boittier/energies/h2o_geom.xyz.dir/h2o_596.chk.fchk.potential.cube"...

  h2o Potential=SCF
  Electrostatic potential from Total SCF Density
    3   -4.970736   -4.749233   -4.970736
   80    0.125841    0.000000    0.000000
   80    0.000000    0.125841    0.000000
   80    0.000000    0.000000    0.125841
    8    8.000000    0.000000    0.221503    0.000000
    1    1.000000    1.457510   -0.852806    0.000000
    1    1.000000   -1.457510   -0.919215    0.000000
  6.15316E-03  6.37998E-03  6.61414E-03  6.85566E-03  7.10450E-03  7.36059E-03
       .            .            .            .            .            .
       .            .            .            .            .            .
       .            .            .            .            .            .
 -6.57945E-03 -6.46643E-03 -6.35324E-03 -6.24006E-03 -6.12702E-03 -6.01429E-03

512000 out of 512000 gridpoints are considered (100.0%).

...done!

Reading "/home/boittier/esp_check/quadrupole_expansion.cube"...

  Fitted ESP
  Electrostatic potential fitted from quadrupole expansion.
    3   -4.970736   -4.749233   -4.970736
   80    0.125841    0.000000    0.000000
   80    0.000000    0.125841    0.000000
   80    0.000000    0.000000    0.125841
    8    8.000000    0.000000    0.221503    0.000000
    1    1.000000    1.457510   -0.852806    0.000000
    1    1.000000   -1.457510   -0.919215    0.000000
  6.09040E-03  6.31072E-03  6.53795E-03  6.77211E-03  7.01313E-03  7.26096E-03
       .            .            .            .            .            .
       .            .            .            .            .            .
       .            .            .            .            .            .
 -6.52096E-03 -6.41322E-03 -6.30503E-03 -6.19655E-03 -6.08793E-03 -5.97934E-03

512000 out of 512000 gridpoints are considered (100.0%).

...done!

                       Measure       RMSE[kcal/mol/e]   MaxError[kcal/mol/e]   NPoints
                         Total        6.857285346E-01        4.705003248E+00    407064
Close (  1.20 < r <   1.66 )          1.083272534E+00        4.705003248E+00    143312
Mid-range ( 1.66 < r <  2.20)         3.380554163E-01        1.088791680E+00    194691
Far-range (  2.20         < r)        1.195999622E-01        3.240207894E-01     69061
Did analysis and wrote slice data
