/home/boittier/esp_check
h2o_525
/data/boittier/energies/h2o_geom.xyz.dir
Read multipoles for 3 atoms with max. rank 2
Running in generate mode

Reading "/data/boittier/energies/h2o_geom.xyz.dir/h2o_525.chk.fchk.potential.cube"...

  h2o Potential=SCF
  Electrostatic potential from Total SCF Density
    3   -4.970736   -4.750695   -4.970736
   80    0.125841    0.000000    0.000000
   80    0.000000    0.125841    0.000000
   80    0.000000    0.000000    0.125841
    8    8.000000    0.000000    0.220040    0.000000
    1    1.000000    1.404168   -0.928903    0.000000
    1    1.000000   -1.404168   -0.831421    0.000000
  1.63174E-02  1.64631E-02  1.65811E-02  1.66706E-02  1.67306E-02  1.67608E-02
       .            .            .            .            .            .
       .            .            .            .            .            .
       .            .            .            .            .            .
 -9.52589E-03 -9.52062E-03 -9.51009E-03 -9.49429E-03 -9.47322E-03 -9.44688E-03

338492 out of 512000 gridpoints are considered ( 66.1%).

...done!

 writing cube file quadrupole_expansion.cube                                                                                                                                                                                                                                                                                                                                                                                                                                                                                                                                                                                                                                                                                                                                                                                                                                                                                                                                                                                                                                       
Written cubefile and slice data
Running in analysis mode

Reading "/data/boittier/energies/h2o_geom.xyz.dir/h2o_525.chk.fchk.potential.cube"...

  h2o Potential=SCF
  Electrostatic potential from Total SCF Density
    3   -4.970736   -4.750695   -4.970736
   80    0.125841    0.000000    0.000000
   80    0.000000    0.125841    0.000000
   80    0.000000    0.000000    0.125841
    8    8.000000    0.000000    0.220040    0.000000
    1    1.000000    1.404168   -0.928903    0.000000
    1    1.000000   -1.404168   -0.831421    0.000000
  6.07659E-03  6.29396E-03  6.51808E-03  6.74892E-03  6.98643E-03  7.23054E-03
       .            .            .            .            .            .
       .            .            .            .            .            .
       .            .            .            .            .            .
 -6.85119E-03 -6.72897E-03 -6.60678E-03 -6.48480E-03 -6.36318E-03 -6.24207E-03

512000 out of 512000 gridpoints are considered (100.0%).

...done!

Reading "/home/boittier/esp_check/quadrupole_expansion.cube"...

  Fitted ESP
  Electrostatic potential fitted from quadrupole expansion.
    3   -4.970736   -4.750695   -4.970736
   80    0.125841    0.000000    0.000000
   80    0.000000    0.125841    0.000000
   80    0.000000    0.000000    0.125841
    8    8.000000    0.000000    0.220040    0.000000
    1    1.000000    1.404168   -0.928903    0.000000
    1    1.000000   -1.404168   -0.831421    0.000000
  6.02203E-03  6.23340E-03  6.45111E-03  6.67513E-03  6.90540E-03  7.14183E-03
       .            .            .            .            .            .
       .            .            .            .            .            .
       .            .            .            .            .            .
 -6.80277E-03 -6.68544E-03 -6.56785E-03 -6.45019E-03 -6.33261E-03 -6.21528E-03

512000 out of 512000 gridpoints are considered (100.0%).

...done!

                       Measure       RMSE[kcal/mol/e]   MaxError[kcal/mol/e]   NPoints
                         Total        6.784048775E-01        4.688374247E+00    408098
Close (  1.20 < r <   1.66 )          1.074234576E+00        4.688374247E+00    142857
Mid-range ( 1.66 < r <  2.20)         3.351684701E-01        1.055031670E+00    195635
Far-range (  2.20         < r)        1.191937929E-01        3.176076426E-01     69606
Did analysis and wrote slice data
