/home/boittier/esp_check
h2o_1143
/data/boittier/energies/h2o_geom.xyz.dir
Read multipoles for 3 atoms with max. rank 2
Running in generate mode

Reading "/data/boittier/energies/h2o_geom.xyz.dir/h2o_1143.chk.fchk.potential.cube"...

  h2o Potential=SCF
  Electrostatic potential from Total SCF Density
    3   -4.970736   -4.754284   -4.970736
   80    0.125841    0.000000    0.000000
   80    0.000000    0.125841    0.000000
   80    0.000000    0.000000    0.125841
    8    8.000000    0.000000    0.216452    0.000000
    1    1.000000    1.470521   -0.838708    0.000000
    1    1.000000   -1.470521   -0.892907    0.000000
  1.64564E-02  1.66039E-02  1.67233E-02  1.68139E-02  1.68746E-02  1.69052E-02
       .            .            .            .            .            .
       .            .            .            .            .            .
       .            .            .            .            .            .
 -8.54053E-03 -8.53688E-03 -8.52958E-03 -8.51860E-03 -8.50390E-03 -8.48544E-03

337956 out of 512000 gridpoints are considered ( 66.0%).

...done!

 writing cube file quadrupole_expansion.cube                                                                                                                                                                                                                                                                                                                                                                                                                                                                                                                                                                                                                                                                                                                                                                                                                                                                                                                                                                                                                                       
Written cubefile and slice data
Running in analysis mode

Reading "/data/boittier/energies/h2o_geom.xyz.dir/h2o_1143.chk.fchk.potential.cube"...

  h2o Potential=SCF
  Electrostatic potential from Total SCF Density
    3   -4.970736   -4.754284   -4.970736
   80    0.125841    0.000000    0.000000
   80    0.000000    0.125841    0.000000
   80    0.000000    0.000000    0.125841
    8    8.000000    0.000000    0.216452    0.000000
    1    1.000000    1.470521   -0.838708    0.000000
    1    1.000000   -1.470521   -0.892907    0.000000
  6.06111E-03  6.28502E-03  6.51619E-03  6.75461E-03  7.00027E-03  7.25309E-03
       .            .            .            .            .            .
       .            .            .            .            .            .
       .            .            .            .            .            .
 -6.50457E-03 -6.39316E-03 -6.28157E-03 -6.16996E-03 -6.05849E-03 -5.94729E-03

512000 out of 512000 gridpoints are considered (100.0%).

...done!

Reading "/home/boittier/esp_check/quadrupole_expansion.cube"...

  Fitted ESP
  Electrostatic potential fitted from quadrupole expansion.
    3   -4.970736   -4.754284   -4.970736
   80    0.125841    0.000000    0.000000
   80    0.000000    0.125841    0.000000
   80    0.000000    0.000000    0.125841
    8    8.000000    0.000000    0.216452    0.000000
    1    1.000000    1.470521   -0.838708    0.000000
    1    1.000000   -1.470521   -0.892907    0.000000
  5.99740E-03  6.21481E-03  6.43905E-03  6.67011E-03  6.90796E-03  7.15251E-03
       .            .            .            .            .            .
       .            .            .            .            .            .
       .            .            .            .            .            .
 -6.44478E-03 -6.33870E-03 -6.23214E-03 -6.12527E-03 -6.01826E-03 -5.91124E-03

512000 out of 512000 gridpoints are considered (100.0%).

...done!

                       Measure       RMSE[kcal/mol/e]   MaxError[kcal/mol/e]   NPoints
                         Total        6.911857795E-01        4.695088598E+00    407138
Close (  1.20 < r <   1.66 )          1.092485583E+00        4.695088598E+00    143160
Mid-range ( 1.66 < r <  2.20)         3.408202088E-01        1.110127002E+00    194796
Far-range (  2.20         < r)        1.210067831E-01        3.237760607E-01     69182
Did analysis and wrote slice data
