/home/boittier/esp_check
h2o_1784
/data/boittier/energies/h2o_geom.xyz.dir
Read multipoles for 3 atoms with max. rank 2
Running in generate mode

Reading "/data/boittier/energies/h2o_geom.xyz.dir/h2o_1784.chk.fchk.potential.cube"...

  h2o Potential=SCF
  Electrostatic potential from Total SCF Density
    3   -4.970736   -4.745736   -4.970736
   80    0.125841    0.000000    0.000000
   80    0.000000    0.125841    0.000000
   80    0.000000    0.000000    0.125841
    8    8.000000    0.000000    0.225000    0.000000
    1    1.000000    1.461427   -0.864795    0.000000
    1    1.000000   -1.461427   -0.935202    0.000000
  1.66524E-02  1.68313E-02  1.69827E-02  1.71054E-02  1.71984E-02  1.72608E-02
       .            .            .            .            .            .
       .            .            .            .            .            .
       .            .            .            .            .            .
 -8.80574E-03 -8.80177E-03 -8.79381E-03 -8.78185E-03 -8.76585E-03 -8.74578E-03

337858 out of 512000 gridpoints are considered ( 66.0%).

...done!

 writing cube file quadrupole_expansion.cube                                                                                                                                                                                                                                                                                                                                                                                                                                                                                                                                                                                                                                                                                                                                                                                                                                                                                                                                                                                                                                       
Written cubefile and slice data
Running in analysis mode

Reading "/data/boittier/energies/h2o_geom.xyz.dir/h2o_1784.chk.fchk.potential.cube"...

  h2o Potential=SCF
  Electrostatic potential from Total SCF Density
    3   -4.970736   -4.745736   -4.970736
   80    0.125841    0.000000    0.000000
   80    0.000000    0.125841    0.000000
   80    0.000000    0.000000    0.125841
    8    8.000000    0.000000    0.225000    0.000000
    1    1.000000    1.461427   -0.864795    0.000000
    1    1.000000   -1.461427   -0.935202    0.000000
  6.20458E-03  6.43366E-03  6.67019E-03  6.91417E-03  7.16559E-03  7.42436E-03
       .            .            .            .            .            .
       .            .            .            .            .            .
       .            .            .            .            .            .
 -6.62623E-03 -6.51241E-03 -6.39842E-03 -6.28444E-03 -6.17062E-03 -6.05709E-03

512000 out of 512000 gridpoints are considered (100.0%).

...done!

Reading "/home/boittier/esp_check/quadrupole_expansion.cube"...

  Fitted ESP
  Electrostatic potential fitted from quadrupole expansion.
    3   -4.970736   -4.745736   -4.970736
   80    0.125841    0.000000    0.000000
   80    0.000000    0.125841    0.000000
   80    0.000000    0.000000    0.125841
    8    8.000000    0.000000    0.225000    0.000000
    1    1.000000    1.461427   -0.864795    0.000000
    1    1.000000   -1.461427   -0.935202    0.000000
  6.14217E-03  6.36474E-03  6.59432E-03  6.83092E-03  7.07449E-03  7.32497E-03
       .            .            .            .            .            .
       .            .            .            .            .            .
       .            .            .            .            .            .
 -6.56861E-03 -6.46004E-03 -6.35101E-03 -6.24170E-03 -6.13227E-03 -6.02286E-03

512000 out of 512000 gridpoints are considered (100.0%).

...done!

                       Measure       RMSE[kcal/mol/e]   MaxError[kcal/mol/e]   NPoints
                         Total        6.835415349E-01        4.713286373E+00    406736
Close (  1.20 < r <   1.66 )          1.078872659E+00        4.713286373E+00    143514
Mid-range ( 1.66 < r <  2.20)         3.366180468E-01        1.087724914E+00    194344
Far-range (  2.20         < r)        1.187916240E-01        3.254264106E-01     68878
Did analysis and wrote slice data
