/home/boittier/esp_check
h2o_134
/data/boittier/energies/h2o_geom.xyz.dir
Read multipoles for 3 atoms with max. rank 2
Running in generate mode

Reading "/data/boittier/energies/h2o_geom.xyz.dir/h2o_134.chk.fchk.potential.cube"...

  h2o Potential=SCF
  Electrostatic potential from Total SCF Density
    3   -4.970736   -4.752639   -4.970736
   80    0.125841    0.000000    0.000000
   80    0.000000    0.125841    0.000000
   80    0.000000    0.000000    0.125841
    8    8.000000    0.000000    0.218097    0.000000
    1    1.000000    1.463630   -0.846347    0.000000
    1    1.000000   -1.463630   -0.898429    0.000000
  1.64925E-02  1.66401E-02  1.67596E-02  1.68502E-02  1.69110E-02  1.69415E-02
       .            .            .            .            .            .
       .            .            .            .            .            .
       .            .            .            .            .            .
 -8.63340E-03 -8.62961E-03 -8.62203E-03 -8.61064E-03 -8.59539E-03 -8.57625E-03

337998 out of 512000 gridpoints are considered ( 66.0%).

...done!

 writing cube file quadrupole_expansion.cube                                                                                                                                                                                                                                                                                                                                                                                                                                                                                                                                                                                                                                                                                                                                                                                                                                                                                                                                                                                                                                       
Written cubefile and slice data
Running in analysis mode

Reading "/data/boittier/energies/h2o_geom.xyz.dir/h2o_134.chk.fchk.potential.cube"...

  h2o Potential=SCF
  Electrostatic potential from Total SCF Density
    3   -4.970736   -4.752639   -4.970736
   80    0.125841    0.000000    0.000000
   80    0.000000    0.125841    0.000000
   80    0.000000    0.000000    0.125841
    8    8.000000    0.000000    0.218097    0.000000
    1    1.000000    1.463630   -0.846347    0.000000
    1    1.000000   -1.463630   -0.898429    0.000000
  6.08942E-03  6.31392E-03  6.54567E-03  6.78470E-03  7.03095E-03  7.28437E-03
       .            .            .            .            .            .
       .            .            .            .            .            .
       .            .            .            .            .            .
 -6.54096E-03 -6.42861E-03 -6.31610E-03 -6.20359E-03 -6.09123E-03 -5.97917E-03

512000 out of 512000 gridpoints are considered (100.0%).

...done!

Reading "/home/boittier/esp_check/quadrupole_expansion.cube"...

  Fitted ESP
  Electrostatic potential fitted from quadrupole expansion.
    3   -4.970736   -4.752639   -4.970736
   80    0.125841    0.000000    0.000000
   80    0.000000    0.125841    0.000000
   80    0.000000    0.000000    0.125841
    8    8.000000    0.000000    0.218097    0.000000
    1    1.000000    1.463630   -0.846347    0.000000
    1    1.000000   -1.463630   -0.898429    0.000000
  6.02633E-03  6.24435E-03  6.46920E-03  6.70088E-03  6.93934E-03  7.18452E-03
       .            .            .            .            .            .
       .            .            .            .            .            .
       .            .            .            .            .            .
 -6.48197E-03 -6.37492E-03 -6.26742E-03 -6.15963E-03 -6.05170E-03 -5.94378E-03

512000 out of 512000 gridpoints are considered (100.0%).

...done!

                       Measure       RMSE[kcal/mol/e]   MaxError[kcal/mol/e]   NPoints
                         Total        6.890407320E-01        4.697786889E+00    407160
Close (  1.20 < r <   1.66 )          1.089027372E+00        4.697786889E+00    143184
Mid-range ( 1.66 < r <  2.20)         3.397876939E-01        1.101090865E+00    194814
Far-range (  2.20         < r)        1.205105555E-01        3.235501573E-01     69162
Did analysis and wrote slice data
