/home/boittier/esp_check
h2o_1349
/data/boittier/energies/h2o_geom.xyz.dir
Read multipoles for 3 atoms with max. rank 2
Running in generate mode

Reading "/data/boittier/energies/h2o_geom.xyz.dir/h2o_1349.chk.fchk.potential.cube"...

  h2o Potential=SCF
  Electrostatic potential from Total SCF Density
    3   -4.970736   -4.753271   -4.970736
   80    0.125841    0.000000    0.000000
   80    0.000000    0.125841    0.000000
   80    0.000000    0.000000    0.125841
    8    8.000000    0.000000    0.217465    0.000000
    1    1.000000    1.489737   -0.811050    0.000000
    1    1.000000   -1.489737   -0.928670    0.000000
  1.67573E-02  1.67573E-02  1.66165E-02  1.67970E-02  1.69499E-02  1.70738E-02
       .            .            .            .            .            .
       .            .            .            .            .            .
       .            .            .            .            .            .
 -8.23528E-03 -8.23218E-03 -8.22596E-03 -8.21658E-03 -8.20401E-03 -8.18817E-03

337730 out of 512000 gridpoints are considered ( 66.0%).

...done!

 writing cube file quadrupole_expansion.cube                                                                                                                                                                                                                                                                                                                                                                                                                                                                                                                                                                                                                                                                                                                                                                                                                                                                                                                                                                                                                                       
Written cubefile and slice data
Running in analysis mode

Reading "/data/boittier/energies/h2o_geom.xyz.dir/h2o_1349.chk.fchk.potential.cube"...

  h2o Potential=SCF
  Electrostatic potential from Total SCF Density
    3   -4.970736   -4.753271   -4.970736
   80    0.125841    0.000000    0.000000
   80    0.000000    0.125841    0.000000
   80    0.000000    0.000000    0.125841
    8    8.000000    0.000000    0.217465    0.000000
    1    1.000000    1.489737   -0.811050    0.000000
    1    1.000000   -1.489737   -0.928670    0.000000
  6.10545E-03  6.33359E-03  6.56925E-03  6.81244E-03  7.06313E-03  7.32127E-03
       .            .            .            .            .            .
       .            .            .            .            .            .
       .            .            .            .            .            .
 -6.40518E-03 -6.29730E-03 -6.18917E-03 -6.08093E-03 -5.97275E-03 -5.86476E-03

512000 out of 512000 gridpoints are considered (100.0%).

...done!

Reading "/home/boittier/esp_check/quadrupole_expansion.cube"...

  Fitted ESP
  Electrostatic potential fitted from quadrupole expansion.
    3   -4.970736   -4.753271   -4.970736
   80    0.125841    0.000000    0.000000
   80    0.000000    0.125841    0.000000
   80    0.000000    0.000000    0.125841
    8    8.000000    0.000000    0.217465    0.000000
    1    1.000000    1.489737   -0.811050    0.000000
    1    1.000000   -1.489737   -0.928670    0.000000
  6.03885E-03  6.26032E-03  6.48886E-03  6.72449E-03  6.96717E-03  7.21683E-03
       .            .            .            .            .            .
       .            .            .            .            .            .
       .            .            .            .            .            .
 -6.34184E-03 -6.23943E-03 -6.13646E-03 -6.03310E-03 -5.92950E-03 -5.82581E-03

512000 out of 512000 gridpoints are considered (100.0%).

...done!

                       Measure       RMSE[kcal/mol/e]   MaxError[kcal/mol/e]   NPoints
                         Total        6.929960144E-01        4.701112689E+00    406712
Close (  1.20 < r <   1.66 )          1.094128145E+00        4.701112689E+00    143396
Mid-range ( 1.66 < r <  2.20)         3.413912841E-01        1.123932210E+00    194334
Far-range (  2.20         < r)        1.209925340E-01        3.259848941E-01     68982
Did analysis and wrote slice data
