/home/boittier/esp_check
h2o_1678
/data/boittier/energies/h2o_geom.xyz.dir
Read multipoles for 3 atoms with max. rank 2
Running in generate mode

Reading "/data/boittier/energies/h2o_geom.xyz.dir/h2o_1678.chk.fchk.potential.cube"...

  h2o Potential=SCF
  Electrostatic potential from Total SCF Density
    3   -4.970736   -4.754167   -4.970736
   80    0.125841    0.000000    0.000000
   80    0.000000    0.125841    0.000000
   80    0.000000    0.000000    0.125841
    8    8.000000    0.000000    0.216568    0.000000
    1    1.000000    1.426189   -0.906163    0.000000
    1    1.000000   -1.426189   -0.826384    0.000000
  1.62998E-02  1.64465E-02  1.65654E-02  1.66555E-02  1.67160E-02  1.67463E-02
       .            .            .            .            .            .
       .            .            .            .            .            .
       .            .            .            .            .            .
 -9.25946E-03 -9.25459E-03 -9.24486E-03 -9.23026E-03 -9.21077E-03 -9.18639E-03

338372 out of 512000 gridpoints are considered ( 66.1%).

...done!

 writing cube file quadrupole_expansion.cube                                                                                                                                                                                                                                                                                                                                                                                                                                                                                                                                                                                                                                                                                                                                                                                                                                                                                                                                                                                                                                       
Written cubefile and slice data
Running in analysis mode

Reading "/data/boittier/energies/h2o_geom.xyz.dir/h2o_1678.chk.fchk.potential.cube"...

  h2o Potential=SCF
  Electrostatic potential from Total SCF Density
    3   -4.970736   -4.754167   -4.970736
   80    0.125841    0.000000    0.000000
   80    0.000000    0.125841    0.000000
   80    0.000000    0.000000    0.125841
    8    8.000000    0.000000    0.216568    0.000000
    1    1.000000    1.426189   -0.906163    0.000000
    1    1.000000   -1.426189   -0.826384    0.000000
  6.01247E-03  6.22913E-03  6.45256E-03  6.68277E-03  6.91970E-03  7.16327E-03
       .            .            .            .            .            .
       .            .            .            .            .            .
       .            .            .            .            .            .
 -6.74954E-03 -6.63004E-03 -6.51053E-03 -6.39118E-03 -6.27214E-03 -6.15357E-03

512000 out of 512000 gridpoints are considered (100.0%).

...done!

Reading "/home/boittier/esp_check/quadrupole_expansion.cube"...

  Fitted ESP
  Electrostatic potential fitted from quadrupole expansion.
    3   -4.970736   -4.754167   -4.970736
   80    0.125841    0.000000    0.000000
   80    0.000000    0.125841    0.000000
   80    0.000000    0.000000    0.125841
    8    8.000000    0.000000    0.216568    0.000000
    1    1.000000    1.426189   -0.906163    0.000000
    1    1.000000   -1.426189   -0.826384    0.000000
  5.95581E-03  6.16638E-03  6.38333E-03  6.60662E-03  6.83620E-03  7.07199E-03
       .            .            .            .            .            .
       .            .            .            .            .            .
       .            .            .            .            .            .
 -6.69849E-03 -6.58396E-03 -6.46915E-03 -6.35420E-03 -6.23930E-03 -6.12459E-03

512000 out of 512000 gridpoints are considered (100.0%).

...done!

                       Measure       RMSE[kcal/mol/e]   MaxError[kcal/mol/e]   NPoints
                         Total        6.846999381E-01        4.685111197E+00    407944
Close (  1.20 < r <   1.66 )          1.084129818E+00        4.685111197E+00    142830
Mid-range ( 1.66 < r <  2.20)         3.382075145E-01        1.072099928E+00    195542
Far-range (  2.20         < r)        1.204563815E-01        3.198917771E-01     69572
Did analysis and wrote slice data
