/home/boittier/esp_check
h2o_203
/data/boittier/energies/h2o_geom.xyz.dir
Read multipoles for 3 atoms with max. rank 2
Running in generate mode

Reading "/data/boittier/energies/h2o_geom.xyz.dir/h2o_203.chk.fchk.potential.cube"...

  h2o Potential=SCF
  Electrostatic potential from Total SCF Density
    3   -4.970736   -4.749751   -4.970736
   80    0.125841    0.000000    0.000000
   80    0.000000    0.125841    0.000000
   80    0.000000    0.000000    0.125841
    8    8.000000    0.000000    0.220985    0.000000
    1    1.000000    1.428649   -0.895392    0.000000
    1    1.000000   -1.428649   -0.872488    0.000000
  1.66477E-02  1.66772E-02  1.66772E-02  1.66477E-02  1.62994E-02  1.65047E-02
       .            .            .            .            .            .
       .            .            .            .            .            .
       .            .            .            .            .            .
 -9.17091E-03 -9.16625E-03 -9.15693E-03 -9.14294E-03 -9.12426E-03 -9.10087E-03

338251 out of 512000 gridpoints are considered ( 66.1%).

...done!

 writing cube file quadrupole_expansion.cube                                                                                                                                                                                                                                                                                                                                                                                                                                                                                                                                                                                                                                                                                                                                                                                                                                                                                                                                                                                                                                       
Written cubefile and slice data
Running in analysis mode

Reading "/data/boittier/energies/h2o_geom.xyz.dir/h2o_203.chk.fchk.potential.cube"...

  h2o Potential=SCF
  Electrostatic potential from Total SCF Density
    3   -4.970736   -4.749751   -4.970736
   80    0.125841    0.000000    0.000000
   80    0.000000    0.125841    0.000000
   80    0.000000    0.000000    0.125841
    8    8.000000    0.000000    0.220985    0.000000
    1    1.000000    1.428649   -0.895392    0.000000
    1    1.000000   -1.428649   -0.872488    0.000000
  6.11380E-03  6.33550E-03  6.56422E-03  6.79994E-03  7.04264E-03  7.29222E-03
       .            .            .            .            .            .
       .            .            .            .            .            .
       .            .            .            .            .            .
 -6.73339E-03 -6.61520E-03 -6.49696E-03 -6.37883E-03 -6.26097E-03 -6.14353E-03

512000 out of 512000 gridpoints are considered (100.0%).

...done!

Reading "/home/boittier/esp_check/quadrupole_expansion.cube"...

  Fitted ESP
  Electrostatic potential fitted from quadrupole expansion.
    3   -4.970736   -4.749751   -4.970736
   80    0.125841    0.000000    0.000000
   80    0.000000    0.125841    0.000000
   80    0.000000    0.000000    0.125841
    8    8.000000    0.000000    0.220985    0.000000
    1    1.000000    1.428649   -0.895392    0.000000
    1    1.000000   -1.428649   -0.872488    0.000000
  6.05542E-03  6.27089E-03  6.49296E-03  6.72161E-03  6.95679E-03  7.19842E-03
       .            .            .            .            .            .
       .            .            .            .            .            .
       .            .            .            .            .            .
 -6.68038E-03 -6.56726E-03 -6.45380E-03 -6.34017E-03 -6.22653E-03 -6.11303E-03

512000 out of 512000 gridpoints are considered (100.0%).

...done!

                       Measure       RMSE[kcal/mol/e]   MaxError[kcal/mol/e]   NPoints
                         Total        6.818616693E-01        4.696280866E+00    407606
Close (  1.20 < r <   1.66 )          1.078578482E+00        4.696280866E+00    143062
Mid-range ( 1.66 < r <  2.20)         3.364356841E-01        1.068083867E+00    195189
Far-range (  2.20         < r)        1.193941964E-01        3.205130115E-01     69355
Did analysis and wrote slice data
