/home/boittier/esp_check
h2o_214
/data/boittier/energies/h2o_geom.xyz.dir
Read multipoles for 3 atoms with max. rank 2
Running in generate mode

Reading "/data/boittier/energies/h2o_geom.xyz.dir/h2o_214.chk.fchk.potential.cube"...

  h2o Potential=SCF
  Electrostatic potential from Total SCF Density
    3   -4.970736   -4.746050   -4.970736
   80    0.125841    0.000000    0.000000
   80    0.000000    0.125841    0.000000
   80    0.000000    0.000000    0.125841
    8    8.000000    0.000000    0.224685    0.000000
    1    1.000000    1.444970   -0.867799    0.000000
    1    1.000000   -1.444970   -0.929683    0.000000
  1.67261E-02  1.68755E-02  1.69966E-02  1.70883E-02  1.71499E-02  1.71808E-02
       .            .            .            .            .            .
       .            .            .            .            .            .
       .            .            .            .            .            .
 -8.88952E-03 -8.88538E-03 -8.87709E-03 -8.86464E-03 -8.84799E-03 -8.82712E-03

338032 out of 512000 gridpoints are considered ( 66.0%).

...done!

 writing cube file quadrupole_expansion.cube                                                                                                                                                                                                                                                                                                                                                                                                                                                                                                                                                                                                                                                                                                                                                                                                                                                                                                                                                                                                                                       
Written cubefile and slice data
Running in analysis mode

Reading "/data/boittier/energies/h2o_geom.xyz.dir/h2o_214.chk.fchk.potential.cube"...

  h2o Potential=SCF
  Electrostatic potential from Total SCF Density
    3   -4.970736   -4.746050   -4.970736
   80    0.125841    0.000000    0.000000
   80    0.000000    0.125841    0.000000
   80    0.000000    0.000000    0.125841
    8    8.000000    0.000000    0.224685    0.000000
    1    1.000000    1.444970   -0.867799    0.000000
    1    1.000000   -1.444970   -0.929683    0.000000
  6.20539E-03  6.43330E-03  6.66857E-03  6.91120E-03  7.16117E-03  7.41839E-03
       .            .            .            .            .            .
       .            .            .            .            .            .
       .            .            .            .            .            .
 -6.64833E-03 -6.53357E-03 -6.41867E-03 -6.30380E-03 -6.18911E-03 -6.07474E-03

512000 out of 512000 gridpoints are considered (100.0%).

...done!

Reading "/home/boittier/esp_check/quadrupole_expansion.cube"...

  Fitted ESP
  Electrostatic potential fitted from quadrupole expansion.
    3   -4.970736   -4.746050   -4.970736
   80    0.125841    0.000000    0.000000
   80    0.000000    0.125841    0.000000
   80    0.000000    0.000000    0.125841
    8    8.000000    0.000000    0.224685    0.000000
    1    1.000000    1.444970   -0.867799    0.000000
    1    1.000000   -1.444970   -0.929683    0.000000
  6.14389E-03  6.36534E-03  6.59373E-03  6.82904E-03  7.07123E-03  7.32023E-03
       .            .            .            .            .            .
       .            .            .            .            .            .
       .            .            .            .            .            .
 -6.59150E-03 -6.48197E-03 -6.37200E-03 -6.26178E-03 -6.15146E-03 -6.04118E-03

512000 out of 512000 gridpoints are considered (100.0%).

...done!

                       Measure       RMSE[kcal/mol/e]   MaxError[kcal/mol/e]   NPoints
                         Total        6.813466264E-01        4.709646818E+00    407054
Close (  1.20 < r <   1.66 )          1.076282342E+00        4.709646818E+00    143341
Mid-range ( 1.66 < r <  2.20)         3.357956490E-01        1.078626026E+00    194691
Far-range (  2.20         < r)        1.186090370E-01        3.235752577E-01     69022
Did analysis and wrote slice data
