/home/boittier/esp_check
h2o_656
/data/boittier/energies/h2o_geom.xyz.dir
Read multipoles for 3 atoms with max. rank 2
Running in generate mode

Reading "/data/boittier/energies/h2o_geom.xyz.dir/h2o_656.chk.fchk.potential.cube"...

  h2o Potential=SCF
  Electrostatic potential from Total SCF Density
    3   -4.970736   -4.745029   -4.970736
   80    0.125841    0.000000    0.000000
   80    0.000000    0.125841    0.000000
   80    0.000000    0.000000    0.125841
    8    8.000000    0.000000    0.225706    0.000000
    1    1.000000    1.423791   -0.900497    0.000000
    1    1.000000   -1.423791   -0.905153    0.000000
  1.67729E-02  1.68621E-02  1.69220E-02  1.69521E-02  1.69521E-02  1.69220E-02
       .            .            .            .            .            .
       .            .            .            .            .            .
       .            .            .            .            .            .
 -9.23546E-03 -9.23076E-03 -9.22135E-03 -9.20721E-03 -9.18835E-03 -9.16473E-03

338184 out of 512000 gridpoints are considered ( 66.1%).

...done!

 writing cube file quadrupole_expansion.cube                                                                                                                                                                                                                                                                                                                                                                                                                                                                                                                                                                                                                                                                                                                                                                                                                                                                                                                                                                                                                                       
Written cubefile and slice data
Running in analysis mode

Reading "/data/boittier/energies/h2o_geom.xyz.dir/h2o_656.chk.fchk.potential.cube"...

  h2o Potential=SCF
  Electrostatic potential from Total SCF Density
    3   -4.970736   -4.745029   -4.970736
   80    0.125841    0.000000    0.000000
   80    0.000000    0.125841    0.000000
   80    0.000000    0.000000    0.125841
    8    8.000000    0.000000    0.225706    0.000000
    1    1.000000    1.423791   -0.900497    0.000000
    1    1.000000   -1.423791   -0.905153    0.000000
  6.20413E-03  6.42948E-03  6.66200E-03  6.90168E-03  7.14848E-03  7.40232E-03
       .            .            .            .            .            .
       .            .            .            .            .            .
       .            .            .            .            .            .
 -6.77101E-03 -6.65243E-03 -6.53378E-03 -6.41525E-03 -6.29697E-03 -6.17910E-03

512000 out of 512000 gridpoints are considered (100.0%).

...done!

Reading "/home/boittier/esp_check/quadrupole_expansion.cube"...

  Fitted ESP
  Electrostatic potential fitted from quadrupole expansion.
    3   -4.970736   -4.745029   -4.970736
   80    0.125841    0.000000    0.000000
   80    0.000000    0.125841    0.000000
   80    0.000000    0.000000    0.125841
    8    8.000000    0.000000    0.225706    0.000000
    1    1.000000    1.423791   -0.900497    0.000000
    1    1.000000   -1.423791   -0.905153    0.000000
  6.14572E-03  6.36479E-03  6.59060E-03  6.82314E-03  7.06237E-03  7.30819E-03
       .            .            .            .            .            .
       .            .            .            .            .            .
       .            .            .            .            .            .
 -6.71817E-03 -6.60466E-03 -6.49081E-03 -6.37677E-03 -6.26271E-03 -6.14880E-03

512000 out of 512000 gridpoints are considered (100.0%).

...done!

                       Measure       RMSE[kcal/mol/e]   MaxError[kcal/mol/e]   NPoints
                         Total        6.770452247E-01        4.705505255E+00    407348
Close (  1.20 < r <   1.66 )          1.070100512E+00        4.705505255E+00    143246
Mid-range ( 1.66 < r <  2.20)         3.338568236E-01        1.065322826E+00    194938
Far-range (  2.20         < r)        1.180174357E-01        3.214793761E-01     69164
Did analysis and wrote slice data
