/home/boittier/esp_check
h2o_1396
/data/boittier/energies/h2o_geom.xyz.dir
Read multipoles for 3 atoms with max. rank 2
Running in generate mode

Reading "/data/boittier/energies/h2o_geom.xyz.dir/h2o_1396.chk.fchk.potential.cube"...

  h2o Potential=SCF
  Electrostatic potential from Total SCF Density
    3   -4.970736   -4.740990   -4.970736
   80    0.125841    0.000000    0.000000
   80    0.000000    0.125841    0.000000
   80    0.000000    0.000000    0.125841
    8    8.000000    0.000000    0.229746    0.000000
    1    1.000000    1.371314   -0.975601    0.000000
    1    1.000000   -1.371314   -0.862365    0.000000
  1.65696E-02  1.67163E-02  1.68352E-02  1.69253E-02  1.69858E-02  1.70162E-02
       .            .            .            .            .            .
       .            .            .            .            .            .
       .            .            .            .            .            .
 -1.00181E-02 -1.00122E-02 -1.00003E-02 -9.98254E-03 -9.95884E-03 -9.92923E-03

338536 out of 512000 gridpoints are considered ( 66.1%).

...done!

 writing cube file quadrupole_expansion.cube                                                                                                                                                                                                                                                                                                                                                                                                                                                                                                                                                                                                                                                                                                                                                                                                                                                                                                                                                                                                                                       
Written cubefile and slice data
Running in analysis mode

Reading "/data/boittier/energies/h2o_geom.xyz.dir/h2o_1396.chk.fchk.potential.cube"...

  h2o Potential=SCF
  Electrostatic potential from Total SCF Density
    3   -4.970736   -4.740990   -4.970736
   80    0.125841    0.000000    0.000000
   80    0.000000    0.125841    0.000000
   80    0.000000    0.000000    0.125841
    8    8.000000    0.000000    0.229746    0.000000
    1    1.000000    1.371314   -0.975601    0.000000
    1    1.000000   -1.371314   -0.862365    0.000000
  6.24918E-03  6.47070E-03  6.69902E-03  6.93414E-03  7.17599E-03  7.42448E-03
       .            .            .            .            .            .
       .            .            .            .            .            .
       .            .            .            .            .            .
 -7.05599E-03 -6.92898E-03 -6.80206E-03 -6.67540E-03 -6.54917E-03 -6.42351E-03

512000 out of 512000 gridpoints are considered (100.0%).

...done!

Reading "/home/boittier/esp_check/quadrupole_expansion.cube"...

  Fitted ESP
  Electrostatic potential fitted from quadrupole expansion.
    3   -4.970736   -4.740990   -4.970736
   80    0.125841    0.000000    0.000000
   80    0.000000    0.125841    0.000000
   80    0.000000    0.000000    0.125841
    8    8.000000    0.000000    0.229746    0.000000
    1    1.000000    1.371314   -0.975601    0.000000
    1    1.000000   -1.371314   -0.862365    0.000000
  6.19796E-03  6.41358E-03  6.63560E-03  6.86399E-03  7.09870E-03  7.33962E-03
       .            .            .            .            .            .
       .            .            .            .            .            .
       .            .            .            .            .            .
 -7.01243E-03 -6.89013E-03 -6.76765E-03 -6.64514E-03 -6.52280E-03 -6.40077E-03

512000 out of 512000 gridpoints are considered (100.0%).

...done!

                       Measure       RMSE[kcal/mol/e]   MaxError[kcal/mol/e]   NPoints
                         Total        6.644219262E-01        4.702053953E+00    407978
Close (  1.20 < r <   1.66 )          1.051797469E+00        4.702053953E+00    142922
Mid-range ( 1.66 < r <  2.20)         3.281158094E-01        1.033570846E+00    195614
Far-range (  2.20         < r)        1.159301014E-01        3.165157762E-01     69442
Did analysis and wrote slice data
