/home/boittier/esp_check
h2o_1245
/data/boittier/energies/h2o_geom.xyz.dir
Read multipoles for 3 atoms with max. rank 2
Running in generate mode

Reading "/data/boittier/energies/h2o_geom.xyz.dir/h2o_1245.chk.fchk.potential.cube"...

  h2o Potential=SCF
  Electrostatic potential from Total SCF Density
    3   -4.970736   -4.741125   -4.970736
   80    0.125841    0.000000    0.000000
   80    0.000000    0.125841    0.000000
   80    0.000000    0.000000    0.125841
    8    8.000000    0.000000    0.229611    0.000000
    1    1.000000    1.365961   -0.983626    0.000000
    1    1.000000   -1.365961   -0.853262    0.000000
  1.66438E-02  1.67617E-02  1.68510E-02  1.69109E-02  1.69410E-02  1.69410E-02
       .            .            .            .            .            .
       .            .            .            .            .            .
       .            .            .            .            .            .
 -1.00983E-02 -1.00922E-02 -1.00801E-02 -1.00619E-02 -1.00377E-02 -1.00074E-02

338610 out of 512000 gridpoints are considered ( 66.1%).

...done!

 writing cube file quadrupole_expansion.cube                                                                                                                                                                                                                                                                                                                                                                                                                                                                                                                                                                                                                                                                                                                                                                                                                                                                                                                                                                                                                                       
Written cubefile and slice data
Running in analysis mode

Reading "/data/boittier/energies/h2o_geom.xyz.dir/h2o_1245.chk.fchk.potential.cube"...

  h2o Potential=SCF
  Electrostatic potential from Total SCF Density
    3   -4.970736   -4.741125   -4.970736
   80    0.125841    0.000000    0.000000
   80    0.000000    0.125841    0.000000
   80    0.000000    0.000000    0.125841
    8    8.000000    0.000000    0.229611    0.000000
    1    1.000000    1.365961   -0.983626    0.000000
    1    1.000000   -1.365961   -0.853262    0.000000
  6.24405E-03  6.46473E-03  6.69216E-03  6.92632E-03  7.16716E-03  7.41458E-03
       .            .            .            .            .            .
       .            .            .            .            .            .
       .            .            .            .            .            .
 -7.08363E-03 -6.95572E-03 -6.82792E-03 -6.70041E-03 -6.57333E-03 -6.44686E-03

512000 out of 512000 gridpoints are considered (100.0%).

...done!

Reading "/home/boittier/esp_check/quadrupole_expansion.cube"...

  Fitted ESP
  Electrostatic potential fitted from quadrupole expansion.
    3   -4.970736   -4.741125   -4.970736
   80    0.125841    0.000000    0.000000
   80    0.000000    0.125841    0.000000
   80    0.000000    0.000000    0.125841
    8    8.000000    0.000000    0.229611    0.000000
    1    1.000000    1.365961   -0.983626    0.000000
    1    1.000000   -1.365961   -0.853262    0.000000
  6.19367E-03  6.40851E-03  6.62969E-03  6.85719E-03  7.09095E-03  7.33086E-03
       .            .            .            .            .            .
       .            .            .            .            .            .
       .            .            .            .            .            .
 -7.04112E-03 -6.91789E-03 -6.79448E-03 -6.67108E-03 -6.54786E-03 -6.42497E-03

512000 out of 512000 gridpoints are considered (100.0%).

...done!

                       Measure       RMSE[kcal/mol/e]   MaxError[kcal/mol/e]   NPoints
                         Total        6.637707637E-01        4.699606666E+00    408098
Close (  1.20 < r <   1.66 )          1.050906222E+00        4.699606666E+00    142937
Mid-range ( 1.66 < r <  2.20)         3.276939615E-01        1.029994042E+00    195673
Far-range (  2.20         < r)        1.158344988E-01        3.157627648E-01     69488
Did analysis and wrote slice data
