/home/boittier/esp_check
h2o_735
/data/boittier/energies/h2o_geom.xyz.dir
Read multipoles for 3 atoms with max. rank 2
Running in generate mode

Reading "/data/boittier/energies/h2o_geom.xyz.dir/h2o_735.chk.fchk.potential.cube"...

  h2o Potential=SCF
  Electrostatic potential from Total SCF Density
    3   -4.970736   -4.740683   -4.970736
   80    0.125841    0.000000    0.000000
   80    0.000000    0.125841    0.000000
   80    0.000000    0.000000    0.125841
    8    8.000000    0.000000    0.230052    0.000000
    1    1.000000    1.434306   -0.881833    0.000000
    1    1.000000   -1.434306   -0.958587    0.000000
  1.67675E-02  1.69466E-02  1.70982E-02  1.72211E-02  1.73142E-02  1.73767E-02
       .            .            .            .            .            .
       .            .            .            .            .            .
       .            .            .            .            .            .
 -9.04723E-03 -9.04289E-03 -9.03420E-03 -9.02115E-03 -9.00372E-03 -8.98188E-03

337960 out of 512000 gridpoints are considered ( 66.0%).

...done!

 writing cube file quadrupole_expansion.cube                                                                                                                                                                                                                                                                                                                                                                                                                                                                                                                                                                                                                                                                                                                                                                                                                                                                                                                                                                                                                                       
Written cubefile and slice data
Running in analysis mode

Reading "/data/boittier/energies/h2o_geom.xyz.dir/h2o_735.chk.fchk.potential.cube"...

  h2o Potential=SCF
  Electrostatic potential from Total SCF Density
    3   -4.970736   -4.740683   -4.970736
   80    0.125841    0.000000    0.000000
   80    0.000000    0.125841    0.000000
   80    0.000000    0.000000    0.125841
    8    8.000000    0.000000    0.230052    0.000000
    1    1.000000    1.434306   -0.881833    0.000000
    1    1.000000   -1.434306   -0.958587    0.000000
  6.29683E-03  6.52787E-03  6.76638E-03  7.01236E-03  7.26579E-03  7.52659E-03
       .            .            .            .            .            .
       .            .            .            .            .            .
       .            .            .            .            .            .
 -6.71875E-03 -6.60259E-03 -6.48631E-03 -6.37007E-03 -6.25401E-03 -6.13830E-03

512000 out of 512000 gridpoints are considered (100.0%).

...done!

Reading "/home/boittier/esp_check/quadrupole_expansion.cube"...

  Fitted ESP
  Electrostatic potential fitted from quadrupole expansion.
    3   -4.970736   -4.740683   -4.970736
   80    0.125841    0.000000    0.000000
   80    0.000000    0.125841    0.000000
   80    0.000000    0.000000    0.125841
    8    8.000000    0.000000    0.230052    0.000000
    1    1.000000    1.434306   -0.881833    0.000000
    1    1.000000   -1.434306   -0.958587    0.000000
  6.23632E-03  6.46091E-03  6.69254E-03  6.93120E-03  7.17685E-03  7.42942E-03
       .            .            .            .            .            .
       .            .            .            .            .            .
       .            .            .            .            .            .
 -6.66337E-03 -6.55239E-03 -6.44100E-03 -6.32936E-03 -6.21762E-03 -6.10596E-03

512000 out of 512000 gridpoints are considered (100.0%).

...done!

                       Measure       RMSE[kcal/mol/e]   MaxError[kcal/mol/e]   NPoints
                         Total        6.750623894E-01        4.718620203E+00    406856
Close (  1.20 < r <   1.66 )          1.065509331E+00        4.718620203E+00    143562
Mid-range ( 1.66 < r <  2.20)         3.323816645E-01        1.072915690E+00    194398
Far-range (  2.20         < r)        1.170560923E-01        3.241086407E-01     68896
Did analysis and wrote slice data
