/home/boittier/esp_check
h2o_861
/data/boittier/energies/h2o_geom.xyz.dir
Read multipoles for 3 atoms with max. rank 2
Running in generate mode

Reading "/data/boittier/energies/h2o_geom.xyz.dir/h2o_861.chk.fchk.potential.cube"...

  h2o Potential=SCF
  Electrostatic potential from Total SCF Density
    3   -4.970736   -4.751954   -4.970736
   80    0.125841    0.000000    0.000000
   80    0.000000    0.125841    0.000000
   80    0.000000    0.000000    0.125841
    8    8.000000    0.000000    0.218782    0.000000
    1    1.000000    1.388914   -0.953189    0.000000
    1    1.000000   -1.388914   -0.797065    0.000000
  1.63750E-02  1.64331E-02  1.64624E-02  1.64624E-02  1.64331E-02  1.63750E-02
       .            .            .            .            .            .
       .            .            .            .            .            .
       .            .            .            .            .            .
 -9.76865E-03 -9.76297E-03 -9.75160E-03 -9.73455E-03 -9.71184E-03 -9.68346E-03

338655 out of 512000 gridpoints are considered ( 66.1%).

...done!

 writing cube file quadrupole_expansion.cube                                                                                                                                                                                                                                                                                                                                                                                                                                                                                                                                                                                                                                                                                                                                                                                                                                                                                                                                                                                                                                       
Written cubefile and slice data
Running in analysis mode

Reading "/data/boittier/energies/h2o_geom.xyz.dir/h2o_861.chk.fchk.potential.cube"...

  h2o Potential=SCF
  Electrostatic potential from Total SCF Density
    3   -4.970736   -4.751954   -4.970736
   80    0.125841    0.000000    0.000000
   80    0.000000    0.125841    0.000000
   80    0.000000    0.000000    0.125841
    8    8.000000    0.000000    0.218782    0.000000
    1    1.000000    1.388914   -0.953189    0.000000
    1    1.000000   -1.388914   -0.797065    0.000000
  6.03707E-03  6.25097E-03  6.47141E-03  6.69837E-03  6.93178E-03  7.17156E-03
       .            .            .            .            .            .
       .            .            .            .            .            .
       .            .            .            .            .            .
 -6.93045E-03 -6.80544E-03 -6.68053E-03 -6.55588E-03 -6.43167E-03 -6.30803E-03

512000 out of 512000 gridpoints are considered (100.0%).

...done!

Reading "/home/boittier/esp_check/quadrupole_expansion.cube"...

  Fitted ESP
  Electrostatic potential fitted from quadrupole expansion.
    3   -4.970736   -4.751954   -4.970736
   80    0.125841    0.000000    0.000000
   80    0.000000    0.125841    0.000000
   80    0.000000    0.000000    0.125841
    8    8.000000    0.000000    0.218782    0.000000
    1    1.000000    1.388914   -0.953189    0.000000
    1    1.000000   -1.388914   -0.797065    0.000000
  5.98542E-03  6.19351E-03  6.40774E-03  6.62808E-03  6.85446E-03  7.08679E-03
       .            .            .            .            .            .
       .            .            .            .            .            .
       .            .            .            .            .            .
 -6.88552E-03 -6.76525E-03 -6.64479E-03 -6.52432E-03 -6.40401E-03 -6.28402E-03

512000 out of 512000 gridpoints are considered (100.0%).

...done!

                       Measure       RMSE[kcal/mol/e]   MaxError[kcal/mol/e]   NPoints
                         Total        6.769084951E-01        4.678459597E+00    408449
Close (  1.20 < r <   1.66 )          1.072775475E+00        4.678459597E+00    142696
Mid-range ( 1.66 < r <  2.20)         3.346104590E-01        1.047043475E+00    195959
Far-range (  2.20         < r)        1.192037139E-01        3.215672274E-01     69794
Did analysis and wrote slice data
