/home/boittier/esp_check
h2o_232
/data/boittier/energies/h2o_geom.xyz.dir
Read multipoles for 3 atoms with max. rank 2
Running in generate mode

Reading "/data/boittier/energies/h2o_geom.xyz.dir/h2o_232.chk.fchk.potential.cube"...

  h2o Potential=SCF
  Electrostatic potential from Total SCF Density
    3   -4.970736   -4.752794   -4.970736
   80    0.125841    0.000000    0.000000
   80    0.000000    0.125841    0.000000
   80    0.000000    0.000000    0.125841
    8    8.000000    0.000000    0.217941    0.000000
    1    1.000000    1.415025   -0.914268    0.000000
    1    1.000000   -1.415025   -0.829262    0.000000
  1.63035E-02  1.64497E-02  1.65682E-02  1.66579E-02  1.67182E-02  1.67485E-02
       .            .            .            .            .            .
       .            .            .            .            .            .
       .            .            .            .            .            .
 -9.36676E-03 -9.36173E-03 -9.35167E-03 -9.33657E-03 -9.31643E-03 -9.29123E-03

338450 out of 512000 gridpoints are considered ( 66.1%).

...done!

 writing cube file quadrupole_expansion.cube                                                                                                                                                                                                                                                                                                                                                                                                                                                                                                                                                                                                                                                                                                                                                                                                                                                                                                                                                                                                                                       
Written cubefile and slice data
Running in analysis mode

Reading "/data/boittier/energies/h2o_geom.xyz.dir/h2o_232.chk.fchk.potential.cube"...

  h2o Potential=SCF
  Electrostatic potential from Total SCF Density
    3   -4.970736   -4.752794   -4.970736
   80    0.125841    0.000000    0.000000
   80    0.000000    0.125841    0.000000
   80    0.000000    0.000000    0.125841
    8    8.000000    0.000000    0.217941    0.000000
    1    1.000000    1.415025   -0.914268    0.000000
    1    1.000000   -1.415025   -0.829262    0.000000
  6.04083E-03  6.25777E-03  6.48147E-03  6.71192E-03  6.94907E-03  7.19283E-03
       .            .            .            .            .            .
       .            .            .            .            .            .
       .            .            .            .            .            .
 -6.78918E-03 -6.66859E-03 -6.54801E-03 -6.42760E-03 -6.30753E-03 -6.18795E-03

512000 out of 512000 gridpoints are considered (100.0%).

...done!

Reading "/home/boittier/esp_check/quadrupole_expansion.cube"...

  Fitted ESP
  Electrostatic potential fitted from quadrupole expansion.
    3   -4.970736   -4.752794   -4.970736
   80    0.125841    0.000000    0.000000
   80    0.000000    0.125841    0.000000
   80    0.000000    0.000000    0.125841
    8    8.000000    0.000000    0.217941    0.000000
    1    1.000000    1.415025   -0.914268    0.000000
    1    1.000000   -1.415025   -0.829262    0.000000
  5.98503E-03  6.19592E-03  6.41316E-03  6.63674E-03  6.86658E-03  7.10261E-03
       .            .            .            .            .            .
       .            .            .            .            .            .
       .            .            .            .            .            .
 -6.73914E-03 -6.62349E-03 -6.50757E-03 -6.39154E-03 -6.27557E-03 -6.15981E-03

512000 out of 512000 gridpoints are considered (100.0%).

...done!

                       Measure       RMSE[kcal/mol/e]   MaxError[kcal/mol/e]   NPoints
                         Total        6.819931682E-01        4.685801458E+00    408062
Close (  1.20 < r <   1.66 )          1.080038726E+00        4.685801458E+00    142812
Mid-range ( 1.66 < r <  2.20)         3.369080172E-01        1.060804757E+00    195638
Far-range (  2.20         < r)        1.199441105E-01        3.185865574E-01     69612
Did analysis and wrote slice data
