/home/boittier/esp_check
h2o_1002
/data/boittier/energies/h2o_geom.xyz.dir
Read multipoles for 3 atoms with max. rank 2
Running in generate mode

Reading "/data/boittier/energies/h2o_geom.xyz.dir/h2o_1002.chk.fchk.potential.cube"...

  h2o Potential=SCF
  Electrostatic potential from Total SCF Density
    3   -4.970736   -4.744216   -4.970736
   80    0.125841    0.000000    0.000000
   80    0.000000    0.125841    0.000000
   80    0.000000    0.000000    0.125841
    8    8.000000    0.000000    0.226519    0.000000
    1    1.000000    1.403294   -0.928089    0.000000
    1    1.000000   -1.403294   -0.884064    0.000000
  1.67585E-02  1.67585E-02  1.63691E-02  1.65736E-02  1.67521E-02  1.69032E-02
       .            .            .            .            .            .
       .            .            .            .            .            .
       .            .            .            .            .            .
 -9.53094E-03 -9.52576E-03 -9.51538E-03 -9.49982E-03 -9.47907E-03 -9.45311E-03

338346 out of 512000 gridpoints are considered ( 66.1%).

...done!

 writing cube file quadrupole_expansion.cube                                                                                                                                                                                                                                                                                                                                                                                                                                                                                                                                                                                                                                                                                                                                                                                                                                                                                                                                                                                                                                       
Written cubefile and slice data
Running in analysis mode

Reading "/data/boittier/energies/h2o_geom.xyz.dir/h2o_1002.chk.fchk.potential.cube"...

  h2o Potential=SCF
  Electrostatic potential from Total SCF Density
    3   -4.970736   -4.744216   -4.970736
   80    0.125841    0.000000    0.000000
   80    0.000000    0.125841    0.000000
   80    0.000000    0.000000    0.125841
    8    8.000000    0.000000    0.226519    0.000000
    1    1.000000    1.403294   -0.928089    0.000000
    1    1.000000   -1.403294   -0.884064    0.000000
  6.20662E-03  6.42982E-03  6.66003E-03  6.89722E-03  7.14136E-03  7.39235E-03
       .            .            .            .            .            .
       .            .            .            .            .            .
       .            .            .            .            .            .
 -6.87521E-03 -6.75338E-03 -6.63156E-03 -6.50991E-03 -6.38858E-03 -6.26773E-03

512000 out of 512000 gridpoints are considered (100.0%).

...done!

Reading "/home/boittier/esp_check/quadrupole_expansion.cube"...

  Fitted ESP
  Electrostatic potential fitted from quadrupole expansion.
    3   -4.970736   -4.744216   -4.970736
   80    0.125841    0.000000    0.000000
   80    0.000000    0.125841    0.000000
   80    0.000000    0.000000    0.125841
    8    8.000000    0.000000    0.226519    0.000000
    1    1.000000    1.403294   -0.928089    0.000000
    1    1.000000   -1.403294   -0.884064    0.000000
  6.15098E-03  6.36806E-03  6.59172E-03  6.82194E-03  7.05868E-03  7.30183E-03
       .            .            .            .            .            .
       .            .            .            .            .            .
       .            .            .            .            .            .
 -6.82587E-03 -6.70899E-03 -6.59182E-03 -6.47453E-03 -6.35730E-03 -6.24029E-03

512000 out of 512000 gridpoints are considered (100.0%).

...done!

                       Measure       RMSE[kcal/mol/e]   MaxError[kcal/mol/e]   NPoints
                         Total        6.730725049E-01        4.703873731E+00    407676
Close (  1.20 < r <   1.66 )          1.064452640E+00        4.703873731E+00    143160
Mid-range ( 1.66 < r <  2.20)         3.320621060E-01        1.054090406E+00    195186
Far-range (  2.20         < r)        1.174917266E-01        3.195278216E-01     69330
Did analysis and wrote slice data
