/home/boittier/esp_check
h2o_691
/data/boittier/energies/h2o_geom.xyz.dir
Read multipoles for 3 atoms with max. rank 2
Running in generate mode

Reading "/data/boittier/energies/h2o_geom.xyz.dir/h2o_691.chk.fchk.potential.cube"...

  h2o Potential=SCF
  Electrostatic potential from Total SCF Density
    3   -4.970736   -4.750652   -4.970736
   80    0.125841    0.000000    0.000000
   80    0.000000    0.125841    0.000000
   80    0.000000    0.000000    0.125841
    8    8.000000    0.000000    0.220084    0.000000
    1    1.000000    1.434776   -0.887174    0.000000
    1    1.000000   -1.434776   -0.873497    0.000000
  1.66023E-02  1.66612E-02  1.66908E-02  1.66908E-02  1.66612E-02  1.66023E-02
       .            .            .            .            .            .
       .            .            .            .            .            .
       .            .            .            .            .            .
 -9.08042E-03 -9.07591E-03 -9.06686E-03 -9.05329E-03 -9.03516E-03 -9.01245E-03

338226 out of 512000 gridpoints are considered ( 66.1%).

...done!

 writing cube file quadrupole_expansion.cube                                                                                                                                                                                                                                                                                                                                                                                                                                                                                                                                                                                                                                                                                                                                                                                                                                                                                                                                                                                                                                       
Written cubefile and slice data
Running in analysis mode

Reading "/data/boittier/energies/h2o_geom.xyz.dir/h2o_691.chk.fchk.potential.cube"...

  h2o Potential=SCF
  Electrostatic potential from Total SCF Density
    3   -4.970736   -4.750652   -4.970736
   80    0.125841    0.000000    0.000000
   80    0.000000    0.125841    0.000000
   80    0.000000    0.000000    0.125841
    8    8.000000    0.000000    0.220084    0.000000
    1    1.000000    1.434776   -0.887174    0.000000
    1    1.000000   -1.434776   -0.873497    0.000000
  6.10058E-03  6.32235E-03  6.55116E-03  6.78701E-03  7.02985E-03  7.27960E-03
       .            .            .            .            .            .
       .            .            .            .            .            .
       .            .            .            .            .            .
 -6.69950E-03 -6.58226E-03 -6.46495E-03 -6.34774E-03 -6.23078E-03 -6.11422E-03

512000 out of 512000 gridpoints are considered (100.0%).

...done!

Reading "/home/boittier/esp_check/quadrupole_expansion.cube"...

  Fitted ESP
  Electrostatic potential fitted from quadrupole expansion.
    3   -4.970736   -4.750652   -4.970736
   80    0.125841    0.000000    0.000000
   80    0.000000    0.125841    0.000000
   80    0.000000    0.000000    0.125841
    8    8.000000    0.000000    0.220084    0.000000
    1    1.000000    1.434776   -0.887174    0.000000
    1    1.000000   -1.434776   -0.873497    0.000000
  6.04146E-03  6.25696E-03  6.47909E-03  6.70781E-03  6.94310E-03  7.18486E-03
       .            .            .            .            .            .
       .            .            .            .            .            .
       .            .            .            .            .            .
 -6.64552E-03 -6.53339E-03 -6.42090E-03 -6.30822E-03 -6.19551E-03 -6.08293E-03

512000 out of 512000 gridpoints are considered (100.0%).

...done!

                       Measure       RMSE[kcal/mol/e]   MaxError[kcal/mol/e]   NPoints
                         Total        6.835635453E-01        4.695088598E+00    407566
Close (  1.20 < r <   1.66 )          1.081179995E+00        4.695088598E+00    143083
Mid-range ( 1.66 < r <  2.20)         3.371987027E-01        1.071284165E+00    195143
Far-range (  2.20         < r)        1.197111055E-01        3.209083424E-01     69340
Did analysis and wrote slice data
