/home/boittier/esp_check
h2o_1175
/data/boittier/energies/h2o_geom.xyz.dir
Read multipoles for 3 atoms with max. rank 2
Running in generate mode

Reading "/data/boittier/energies/h2o_geom.xyz.dir/h2o_1175.chk.fchk.potential.cube"...

  h2o Potential=SCF
  Electrostatic potential from Total SCF Density
    3   -4.970736   -4.757139   -4.970736
   80    0.125841    0.000000    0.000000
   80    0.000000    0.125841    0.000000
   80    0.000000    0.000000    0.125841
    8    8.000000    0.000000    0.213597    0.000000
    1    1.000000    1.490686   -0.814734    0.000000
    1    1.000000   -1.490686   -0.894043    0.000000
  1.65009E-02  1.66501E-02  1.67709E-02  1.68625E-02  1.69239E-02  1.69548E-02
       .            .            .            .            .            .
       .            .            .            .            .            .
       .            .            .            .            .            .
 -8.25508E-03 -8.25190E-03 -8.24552E-03 -8.23590E-03 -8.22302E-03 -8.20679E-03

337802 out of 512000 gridpoints are considered ( 66.0%).

...done!

 writing cube file quadrupole_expansion.cube                                                                                                                                                                                                                                                                                                                                                                                                                                                                                                                                                                                                                                                                                                                                                                                                                                                                                                                                                                                                                                       
Written cubefile and slice data
Running in analysis mode

Reading "/data/boittier/energies/h2o_geom.xyz.dir/h2o_1175.chk.fchk.potential.cube"...

  h2o Potential=SCF
  Electrostatic potential from Total SCF Density
    3   -4.970736   -4.757139   -4.970736
   80    0.125841    0.000000    0.000000
   80    0.000000    0.125841    0.000000
   80    0.000000    0.000000    0.125841
    8    8.000000    0.000000    0.213597    0.000000
    1    1.000000    1.490686   -0.814734    0.000000
    1    1.000000   -1.490686   -0.894043    0.000000
  6.02087E-03  6.24507E-03  6.47660E-03  6.71548E-03  6.96167E-03  7.21511E-03
       .            .            .            .            .            .
       .            .            .            .            .            .
       .            .            .            .            .            .
 -6.40019E-03 -6.29180E-03 -6.18318E-03 -6.07449E-03 -5.96587E-03 -5.85747E-03

512000 out of 512000 gridpoints are considered (100.0%).

...done!

Reading "/home/boittier/esp_check/quadrupole_expansion.cube"...

  Fitted ESP
  Electrostatic potential fitted from quadrupole expansion.
    3   -4.970736   -4.757139   -4.970736
   80    0.125841    0.000000    0.000000
   80    0.000000    0.125841    0.000000
   80    0.000000    0.000000    0.125841
    8    8.000000    0.000000    0.213597    0.000000
    1    1.000000    1.490686   -0.814734    0.000000
    1    1.000000   -1.490686   -0.894043    0.000000
  5.95499E-03  6.17259E-03  6.39709E-03  6.62849E-03  6.86676E-03  7.11183E-03
       .            .            .            .            .            .
       .            .            .            .            .            .
       .            .            .            .            .            .
 -6.33769E-03 -6.23472E-03 -6.13123E-03 -6.02737E-03 -5.92330E-03 -5.81916E-03

512000 out of 512000 gridpoints are considered (100.0%).

...done!

                       Measure       RMSE[kcal/mol/e]   MaxError[kcal/mol/e]   NPoints
                         Total        6.956542451E-01        4.692076553E+00    406964
Close (  1.20 < r <   1.66 )          1.099221885E+00        4.692076553E+00    143199
Mid-range ( 1.66 < r <  2.20)         3.429640403E-01        1.131587825E+00    194603
Far-range (  2.20         < r)        1.219322610E-01        3.247236000E-01     69162
Did analysis and wrote slice data
