/home/boittier/esp_check
h2o_747
/data/boittier/energies/h2o_geom.xyz.dir
Read multipoles for 3 atoms with max. rank 2
Running in generate mode

Reading "/data/boittier/energies/h2o_geom.xyz.dir/h2o_747.chk.fchk.potential.cube"...

  h2o Potential=SCF
  Electrostatic potential from Total SCF Density
    3   -4.970736   -4.753027   -4.970736
   80    0.125841    0.000000    0.000000
   80    0.000000    0.125841    0.000000
   80    0.000000    0.000000    0.125841
    8    8.000000    0.000000    0.217709    0.000000
    1    1.000000    1.460673   -0.851071    0.000000
    1    1.000000   -1.460673   -0.890602    0.000000
  1.65692E-02  1.66878E-02  1.67778E-02  1.68381E-02  1.68684E-02  1.68684E-02
       .            .            .            .            .            .
       .            .            .            .            .            .
       .            .            .            .            .            .
 -8.68320E-03 -8.67932E-03 -8.67156E-03 -8.65990E-03 -8.64430E-03 -8.62472E-03

338083 out of 512000 gridpoints are considered ( 66.0%).

...done!

 writing cube file quadrupole_expansion.cube                                                                                                                                                                                                                                                                                                                                                                                                                                                                                                                                                                                                                                                                                                                                                                                                                                                                                                                                                                                                                                       
Written cubefile and slice data
Running in analysis mode

Reading "/data/boittier/energies/h2o_geom.xyz.dir/h2o_747.chk.fchk.potential.cube"...

  h2o Potential=SCF
  Electrostatic potential from Total SCF Density
    3   -4.970736   -4.753027   -4.970736
   80    0.125841    0.000000    0.000000
   80    0.000000    0.125841    0.000000
   80    0.000000    0.000000    0.125841
    8    8.000000    0.000000    0.217709    0.000000
    1    1.000000    1.460673   -0.851071    0.000000
    1    1.000000   -1.460673   -0.890602    0.000000
  6.07767E-03  6.30128E-03  6.53210E-03  6.77013E-03  7.01534E-03  7.26766E-03
       .            .            .            .            .            .
       .            .            .            .            .            .
       .            .            .            .            .            .
 -6.55660E-03 -6.44367E-03 -6.33058E-03 -6.21751E-03 -6.10460E-03 -5.99201E-03

512000 out of 512000 gridpoints are considered (100.0%).

...done!

Reading "/home/boittier/esp_check/quadrupole_expansion.cube"...

  Fitted ESP
  Electrostatic potential fitted from quadrupole expansion.
    3   -4.970736   -4.753027   -4.970736
   80    0.125841    0.000000    0.000000
   80    0.000000    0.125841    0.000000
   80    0.000000    0.000000    0.125841
    8    8.000000    0.000000    0.217709    0.000000
    1    1.000000    1.460673   -0.851071    0.000000
    1    1.000000   -1.460673   -0.890602    0.000000
  6.01511E-03  6.23227E-03  6.45622E-03  6.68694E-03  6.92440E-03  7.16852E-03
       .            .            .            .            .            .
       .            .            .            .            .            .
       .            .            .            .            .            .
 -6.49826E-03 -6.39059E-03 -6.28249E-03 -6.17411E-03 -6.06561E-03 -5.95714E-03

512000 out of 512000 gridpoints are considered (100.0%).

...done!

                       Measure       RMSE[kcal/mol/e]   MaxError[kcal/mol/e]   NPoints
                         Total        6.892033949E-01        4.695841609E+00    407288
Close (  1.20 < r <   1.66 )          1.089539209E+00        4.695841609E+00    143164
Mid-range ( 1.66 < r <  2.20)         3.398032400E-01        1.099020084E+00    194919
Far-range (  2.20         < r)        1.205918152E-01        3.231171758E-01     69205
Did analysis and wrote slice data
