/home/boittier/esp_check
h2o_235
/data/boittier/energies/h2o_geom.xyz.dir
Read multipoles for 3 atoms with max. rank 2
Running in generate mode

Reading "/data/boittier/energies/h2o_geom.xyz.dir/h2o_235.chk.fchk.potential.cube"...

  h2o Potential=SCF
  Electrostatic potential from Total SCF Density
    3   -4.970736   -4.749973   -4.970736
   80    0.125841    0.000000    0.000000
   80    0.000000    0.125841    0.000000
   80    0.000000    0.000000    0.125841
    8    8.000000    0.000000    0.220762    0.000000
    1    1.000000    1.435516   -0.884029    0.000000
    1    1.000000   -1.435516   -0.882071    0.000000
  1.65849E-02  1.66732E-02  1.67324E-02  1.67622E-02  1.67622E-02  1.67324E-02
       .            .            .            .            .            .
       .            .            .            .            .            .
       .            .            .            .            .            .
 -9.05294E-03 -9.04848E-03 -9.03954E-03 -9.02612E-03 -9.00820E-03 -8.98576E-03

338194 out of 512000 gridpoints are considered ( 66.1%).

...done!

 writing cube file quadrupole_expansion.cube                                                                                                                                                                                                                                                                                                                                                                                                                                                                                                                                                                                                                                                                                                                                                                                                                                                                                                                                                                                                                                       
Written cubefile and slice data
Running in analysis mode

Reading "/data/boittier/energies/h2o_geom.xyz.dir/h2o_235.chk.fchk.potential.cube"...

  h2o Potential=SCF
  Electrostatic potential from Total SCF Density
    3   -4.970736   -4.749973   -4.970736
   80    0.125841    0.000000    0.000000
   80    0.000000    0.125841    0.000000
   80    0.000000    0.000000    0.125841
    8    8.000000    0.000000    0.220762    0.000000
    1    1.000000    1.435516   -0.884029    0.000000
    1    1.000000   -1.435516   -0.882071    0.000000
  6.11725E-03  6.33993E-03  6.56969E-03  6.80654E-03  7.05042E-03  7.30127E-03
       .            .            .            .            .            .
       .            .            .            .            .            .
       .            .            .            .            .            .
 -6.69192E-03 -6.57504E-03 -6.45808E-03 -6.34121E-03 -6.22458E-03 -6.10834E-03

512000 out of 512000 gridpoints are considered (100.0%).

...done!

Reading "/home/boittier/esp_check/quadrupole_expansion.cube"...

  Fitted ESP
  Electrostatic potential fitted from quadrupole expansion.
    3   -4.970736   -4.749973   -4.970736
   80    0.125841    0.000000    0.000000
   80    0.000000    0.125841    0.000000
   80    0.000000    0.000000    0.125841
    8    8.000000    0.000000    0.220762    0.000000
    1    1.000000    1.435516   -0.884029    0.000000
    1    1.000000   -1.435516   -0.882071    0.000000
  6.05776E-03  6.27414E-03  6.49719E-03  6.72689E-03  6.96319E-03  7.20601E-03
       .            .            .            .            .            .
       .            .            .            .            .            .
       .            .            .            .            .            .
 -6.63748E-03 -6.52573E-03 -6.41361E-03 -6.30129E-03 -6.18893E-03 -6.07669E-03

512000 out of 512000 gridpoints are considered (100.0%).

...done!

                       Measure       RMSE[kcal/mol/e]   MaxError[kcal/mol/e]   NPoints
                         Total        6.830796119E-01        4.696406368E+00    407496
Close (  1.20 < r <   1.66 )          1.080273240E+00        4.696406368E+00    143100
Mid-range ( 1.66 < r <  2.20)         3.369509230E-01        1.071221415E+00    195094
Far-range (  2.20         < r)        1.195352404E-01        3.211154206E-01     69302
Did analysis and wrote slice data
