/home/boittier/esp_check
h2o_1735
/data/boittier/energies/h2o_geom.xyz.dir
Read multipoles for 3 atoms with max. rank 2
Running in generate mode

Reading "/data/boittier/energies/h2o_geom.xyz.dir/h2o_1735.chk.fchk.potential.cube"...

  h2o Potential=SCF
  Electrostatic potential from Total SCF Density
    3   -4.970736   -4.743783   -4.970736
   80    0.125841    0.000000    0.000000
   80    0.000000    0.125841    0.000000
   80    0.000000    0.000000    0.125841
    8    8.000000    0.000000    0.226953    0.000000
    1    1.000000    1.454199   -0.877606    0.000000
    1    1.000000   -1.454199   -0.938018    0.000000
  1.66714E-02  1.68500E-02  1.70012E-02  1.71237E-02  1.72165E-02  1.72789E-02
       .            .            .            .            .            .
       .            .            .            .            .            .
       .            .            .            .            .            .
 -8.94033E-03 -8.93615E-03 -8.92779E-03 -8.91523E-03 -8.89844E-03 -8.87740E-03

337876 out of 512000 gridpoints are considered ( 66.0%).

...done!

 writing cube file quadrupole_expansion.cube                                                                                                                                                                                                                                                                                                                                                                                                                                                                                                                                                                                                                                                                                                                                                                                                                                                                                                                                                                                                                                       
Written cubefile and slice data
Running in analysis mode

Reading "/data/boittier/energies/h2o_geom.xyz.dir/h2o_1735.chk.fchk.potential.cube"...

  h2o Potential=SCF
  Electrostatic potential from Total SCF Density
    3   -4.970736   -4.743783   -4.970736
   80    0.125841    0.000000    0.000000
   80    0.000000    0.125841    0.000000
   80    0.000000    0.000000    0.125841
    8    8.000000    0.000000    0.226953    0.000000
    1    1.000000    1.454199   -0.877606    0.000000
    1    1.000000   -1.454199   -0.938018    0.000000
  6.23205E-03  6.46150E-03  6.69839E-03  6.94273E-03  7.19449E-03  7.45359E-03
       .            .            .            .            .            .
       .            .            .            .            .            .
       .            .            .            .            .            .
 -6.67905E-03 -6.56384E-03 -6.44849E-03 -6.33317E-03 -6.21803E-03 -6.10322E-03

512000 out of 512000 gridpoints are considered (100.0%).

...done!

Reading "/home/boittier/esp_check/quadrupole_expansion.cube"...

  Fitted ESP
  Electrostatic potential fitted from quadrupole expansion.
    3   -4.970736   -4.743783   -4.970736
   80    0.125841    0.000000    0.000000
   80    0.000000    0.125841    0.000000
   80    0.000000    0.000000    0.125841
    8    8.000000    0.000000    0.226953    0.000000
    1    1.000000    1.454199   -0.877606    0.000000
    1    1.000000   -1.454199   -0.938018    0.000000
  6.17066E-03  6.39364E-03  6.62362E-03  6.86061E-03  7.10457E-03  7.35541E-03
       .            .            .            .            .            .
       .            .            .            .            .            .
       .            .            .            .            .            .
 -6.62282E-03 -6.51281E-03 -6.40238E-03 -6.29168E-03 -6.18088E-03 -6.07013E-03

512000 out of 512000 gridpoints are considered (100.0%).

...done!

                       Measure       RMSE[kcal/mol/e]   MaxError[kcal/mol/e]   NPoints
                         Total        6.807207074E-01        4.715921912E+00    406724
Close (  1.20 < r <   1.66 )          1.074273465E+00        4.715921912E+00    143552
Mid-range ( 1.66 < r <  2.20)         3.352354853E-01        1.084022608E+00    194324
Far-range (  2.20         < r)        1.181601093E-01        3.252758084E-01     68848
Did analysis and wrote slice data
