/home/boittier/esp_check
h2o_1624
/data/boittier/energies/h2o_geom.xyz.dir
Read multipoles for 3 atoms with max. rank 2
Running in generate mode

Reading "/data/boittier/energies/h2o_geom.xyz.dir/h2o_1624.chk.fchk.potential.cube"...

  h2o Potential=SCF
  Electrostatic potential from Total SCF Density
    3   -4.970736   -4.740667   -4.970736
   80    0.125841    0.000000    0.000000
   80    0.000000    0.125841    0.000000
   80    0.000000    0.000000    0.125841
    8    8.000000    0.000000    0.230068    0.000000
    1    1.000000    1.444045   -0.882941    0.000000
    1    1.000000   -1.444045   -0.957607    0.000000
  1.68003E-02  1.69803E-02  1.71327E-02  1.72562E-02  1.73498E-02  1.74126E-02
       .            .            .            .            .            .
       .            .            .            .            .            .
       .            .            .            .            .            .
 -9.02220E-03 -9.01792E-03 -9.00935E-03 -8.99647E-03 -8.97925E-03 -8.95768E-03

337918 out of 512000 gridpoints are considered ( 66.0%).

...done!

 writing cube file quadrupole_expansion.cube                                                                                                                                                                                                                                                                                                                                                                                                                                                                                                                                                                                                                                                                                                                                                                                                                                                                                                                                                                                                                                       
Written cubefile and slice data
Running in analysis mode

Reading "/data/boittier/energies/h2o_geom.xyz.dir/h2o_1624.chk.fchk.potential.cube"...

  h2o Potential=SCF
  Electrostatic potential from Total SCF Density
    3   -4.970736   -4.740667   -4.970736
   80    0.125841    0.000000    0.000000
   80    0.000000    0.125841    0.000000
   80    0.000000    0.000000    0.125841
    8    8.000000    0.000000    0.230068    0.000000
    1    1.000000    1.444045   -0.882941    0.000000
    1    1.000000   -1.444045   -0.957607    0.000000
  6.29038E-03  6.52173E-03  6.76058E-03  7.00694E-03  7.26079E-03  7.52204E-03
       .            .            .            .            .            .
       .            .            .            .            .            .
       .            .            .            .            .            .
 -6.71419E-03 -6.59830E-03 -6.48227E-03 -6.36627E-03 -6.25046E-03 -6.13498E-03

512000 out of 512000 gridpoints are considered (100.0%).

...done!

Reading "/home/boittier/esp_check/quadrupole_expansion.cube"...

  Fitted ESP
  Electrostatic potential fitted from quadrupole expansion.
    3   -4.970736   -4.740667   -4.970736
   80    0.125841    0.000000    0.000000
   80    0.000000    0.125841    0.000000
   80    0.000000    0.000000    0.125841
    8    8.000000    0.000000    0.230068    0.000000
    1    1.000000    1.444045   -0.882941    0.000000
    1    1.000000   -1.444045   -0.957607    0.000000
  6.22954E-03  6.45442E-03  6.68637E-03  6.92538E-03  7.17142E-03  7.42442E-03
       .            .            .            .            .            .
       .            .            .            .            .            .
       .            .            .            .            .            .
 -6.65863E-03 -6.54792E-03 -6.43678E-03 -6.32539E-03 -6.21390E-03 -6.10247E-03

512000 out of 512000 gridpoints are considered (100.0%).

...done!

                       Measure       RMSE[kcal/mol/e]   MaxError[kcal/mol/e]   NPoints
                         Total        6.766414561E-01        4.720314479E+00    406697
Close (  1.20 < r <   1.66 )          1.067571207E+00        4.720314479E+00    143648
Mid-range ( 1.66 < r <  2.20)         3.330064309E-01        1.078626026E+00    194270
Far-range (  2.20         < r)        1.171287857E-01        3.251565816E-01     68779
Did analysis and wrote slice data
