/home/boittier/esp_check
h2o_872
/data/boittier/energies/h2o_geom.xyz.dir
Read multipoles for 3 atoms with max. rank 2
Running in generate mode

Reading "/data/boittier/energies/h2o_geom.xyz.dir/h2o_872.chk.fchk.potential.cube"...

  h2o Potential=SCF
  Electrostatic potential from Total SCF Density
    3   -4.970736   -4.739835   -4.970736
   80    0.125841    0.000000    0.000000
   80    0.000000    0.125841    0.000000
   80    0.000000    0.000000    0.125841
    8    8.000000    0.000000    0.230901    0.000000
    1    1.000000    1.425850   -0.894548    0.000000
    1    1.000000   -1.425850   -0.952656    0.000000
  1.67124E-02  1.68901E-02  1.70405E-02  1.71623E-02  1.72546E-02  1.73166E-02
       .            .            .            .            .            .
       .            .            .            .            .            .
       .            .            .            .            .            .
 -9.18223E-03 -9.17768E-03 -9.16856E-03 -9.15488E-03 -9.13660E-03 -9.11372E-03

338040 out of 512000 gridpoints are considered ( 66.0%).

...done!

 writing cube file quadrupole_expansion.cube                                                                                                                                                                                                                                                                                                                                                                                                                                                                                                                                                                                                                                                                                                                                                                                                                                                                                                                                                                                                                                       
Written cubefile and slice data
Running in analysis mode

Reading "/data/boittier/energies/h2o_geom.xyz.dir/h2o_872.chk.fchk.potential.cube"...

  h2o Potential=SCF
  Electrostatic potential from Total SCF Density
    3   -4.970736   -4.739835   -4.970736
   80    0.125841    0.000000    0.000000
   80    0.000000    0.125841    0.000000
   80    0.000000    0.000000    0.125841
    8    8.000000    0.000000    0.230901    0.000000
    1    1.000000    1.425850   -0.894548    0.000000
    1    1.000000   -1.425850   -0.952656    0.000000
  6.30505E-03  6.53548E-03  6.77332E-03  7.01857E-03  7.27120E-03  7.53113E-03
       .            .            .            .            .            .
       .            .            .            .            .            .
       .            .            .            .            .            .
 -6.76814E-03 -6.65053E-03 -6.53281E-03 -6.41517E-03 -6.29774E-03 -6.18068E-03

512000 out of 512000 gridpoints are considered (100.0%).

...done!

Reading "/home/boittier/esp_check/quadrupole_expansion.cube"...

  Fitted ESP
  Electrostatic potential fitted from quadrupole expansion.
    3   -4.970736   -4.739835   -4.970736
   80    0.125841    0.000000    0.000000
   80    0.000000    0.125841    0.000000
   80    0.000000    0.000000    0.125841
    8    8.000000    0.000000    0.230901    0.000000
    1    1.000000    1.425850   -0.894548    0.000000
    1    1.000000   -1.425850   -0.952656    0.000000
  6.24569E-03  6.46973E-03  6.70075E-03  6.93874E-03  7.18365E-03  7.43543E-03
       .            .            .            .            .            .
       .            .            .            .            .            .
       .            .            .            .            .            .
 -6.71428E-03 -6.60179E-03 -6.48891E-03 -6.37581E-03 -6.26264E-03 -6.14958E-03

512000 out of 512000 gridpoints are considered (100.0%).

...done!

                       Measure       RMSE[kcal/mol/e]   MaxError[kcal/mol/e]   NPoints
                         Total        6.728997335E-01        4.718369199E+00    406950
Close (  1.20 < r <   1.66 )          1.062387295E+00        4.718369199E+00    143498
Mid-range ( 1.66 < r <  2.20)         3.314010660E-01        1.067581860E+00    194542
Far-range (  2.20         < r)        1.166215578E-01        3.233556294E-01     68910
Did analysis and wrote slice data
