/home/boittier/esp_check
h2o_489
/data/boittier/energies/h2o_geom.xyz.dir
Read multipoles for 3 atoms with max. rank 2
Running in generate mode

Reading "/data/boittier/energies/h2o_geom.xyz.dir/h2o_489.chk.fchk.potential.cube"...

  h2o Potential=SCF
  Electrostatic potential from Total SCF Density
    3   -4.970736   -4.752568   -4.970736
   80    0.125841    0.000000    0.000000
   80    0.000000    0.125841    0.000000
   80    0.000000    0.000000    0.125841
    8    8.000000    0.000000    0.218167    0.000000
    1    1.000000    1.455977   -0.856916    0.000000
    1    1.000000   -1.455977   -0.888422    0.000000
  1.65437E-02  1.66619E-02  1.67514E-02  1.68116E-02  1.68418E-02  1.68418E-02
       .            .            .            .            .            .
       .            .            .            .            .            .
       .            .            .            .            .            .
 -8.75010E-03 -8.74612E-03 -8.73814E-03 -8.72616E-03 -8.71013E-03 -8.69002E-03

338096 out of 512000 gridpoints are considered ( 66.0%).

...done!

 writing cube file quadrupole_expansion.cube                                                                                                                                                                                                                                                                                                                                                                                                                                                                                                                                                                                                                                                                                                                                                                                                                                                                                                                                                                                                                                       
Written cubefile and slice data
Running in analysis mode

Reading "/data/boittier/energies/h2o_geom.xyz.dir/h2o_489.chk.fchk.potential.cube"...

  h2o Potential=SCF
  Electrostatic potential from Total SCF Density
    3   -4.970736   -4.752568   -4.970736
   80    0.125841    0.000000    0.000000
   80    0.000000    0.125841    0.000000
   80    0.000000    0.000000    0.125841
    8    8.000000    0.000000    0.218167    0.000000
    1    1.000000    1.455977   -0.856916    0.000000
    1    1.000000   -1.455977   -0.888422    0.000000
  6.08292E-03  6.30627E-03  6.53680E-03  6.77451E-03  7.01938E-03  7.27132E-03
       .            .            .            .            .            .
       .            .            .            .            .            .
       .            .            .            .            .            .
 -6.58059E-03 -6.46693E-03 -6.35314E-03 -6.23938E-03 -6.12579E-03 -6.01253E-03

512000 out of 512000 gridpoints are considered (100.0%).

...done!

Reading "/home/boittier/esp_check/quadrupole_expansion.cube"...

  Fitted ESP
  Electrostatic potential fitted from quadrupole expansion.
    3   -4.970736   -4.752568   -4.970736
   80    0.125841    0.000000    0.000000
   80    0.000000    0.125841    0.000000
   80    0.000000    0.000000    0.125841
    8    8.000000    0.000000    0.218167    0.000000
    1    1.000000    1.455977   -0.856916    0.000000
    1    1.000000   -1.455977   -0.888422    0.000000
  6.02092E-03  6.23785E-03  6.46154E-03  6.69198E-03  6.92912E-03  7.17289E-03
       .            .            .            .            .            .
       .            .            .            .            .            .
       .            .            .            .            .            .
 -6.52295E-03 -6.41454E-03 -6.30570E-03 -6.19660E-03 -6.08740E-03 -5.97824E-03

512000 out of 512000 gridpoints are considered (100.0%).

...done!

                       Measure       RMSE[kcal/mol/e]   MaxError[kcal/mol/e]   NPoints
                         Total        6.880677456E-01        4.695778858E+00    407326
Close (  1.20 < r <   1.66 )          1.087877820E+00        4.695778858E+00    143124
Mid-range ( 1.66 < r <  2.20)         3.393672379E-01        1.093811755E+00    194972
Far-range (  2.20         < r)        1.204386910E-01        3.227406701E-01     69230
Did analysis and wrote slice data
