/home/boittier/esp_check
h2o_1614
/data/boittier/energies/h2o_geom.xyz.dir
Read multipoles for 3 atoms with max. rank 2
Running in generate mode

Reading "/data/boittier/energies/h2o_geom.xyz.dir/h2o_1614.chk.fchk.potential.cube"...

  h2o Potential=SCF
  Electrostatic potential from Total SCF Density
    3   -4.970736   -4.756487   -4.970736
   80    0.125841    0.000000    0.000000
   80    0.000000    0.125841    0.000000
   80    0.000000    0.000000    0.125841
    8    8.000000    0.000000    0.214249    0.000000
    1    1.000000    1.489740   -0.816830    0.000000
    1    1.000000   -1.489740   -0.897159    0.000000
  1.65286E-02  1.66780E-02  1.67991E-02  1.68908E-02  1.69524E-02  1.69833E-02
       .            .            .            .            .            .
       .            .            .            .            .            .
       .            .            .            .            .            .
 -8.27812E-03 -8.27491E-03 -8.26846E-03 -8.25876E-03 -8.24575E-03 -8.22937E-03

337792 out of 512000 gridpoints are considered ( 66.0%).

...done!

 writing cube file quadrupole_expansion.cube                                                                                                                                                                                                                                                                                                                                                                                                                                                                                                                                                                                                                                                                                                                                                                                                                                                                                                                                                                                                                                       
Written cubefile and slice data
Running in analysis mode

Reading "/data/boittier/energies/h2o_geom.xyz.dir/h2o_1614.chk.fchk.potential.cube"...

  h2o Potential=SCF
  Electrostatic potential from Total SCF Density
    3   -4.970736   -4.756487   -4.970736
   80    0.125841    0.000000    0.000000
   80    0.000000    0.125841    0.000000
   80    0.000000    0.000000    0.125841
    8    8.000000    0.000000    0.214249    0.000000
    1    1.000000    1.489740   -0.816830    0.000000
    1    1.000000   -1.489740   -0.897159    0.000000
  6.03217E-03  6.25675E-03  6.48868E-03  6.72797E-03  6.97459E-03  7.22847E-03
       .            .            .            .            .            .
       .            .            .            .            .            .
       .            .            .            .            .            .
 -6.41037E-03 -6.30176E-03 -6.19293E-03 -6.08403E-03 -5.97520E-03 -5.86659E-03

512000 out of 512000 gridpoints are considered (100.0%).

...done!

Reading "/home/boittier/esp_check/quadrupole_expansion.cube"...

  Fitted ESP
  Electrostatic potential fitted from quadrupole expansion.
    3   -4.970736   -4.756487   -4.970736
   80    0.125841    0.000000    0.000000
   80    0.000000    0.125841    0.000000
   80    0.000000    0.000000    0.125841
    8    8.000000    0.000000    0.214249    0.000000
    1    1.000000    1.489740   -0.816830    0.000000
    1    1.000000   -1.489740   -0.897159    0.000000
  5.96639E-03  6.18437E-03  6.40927E-03  6.64109E-03  6.87978E-03  7.12528E-03
       .            .            .            .            .            .
       .            .            .            .            .            .
       .            .            .            .            .            .
 -6.34803E-03 -6.24484E-03 -6.14113E-03 -6.03705E-03 -5.93277E-03 -5.82842E-03

512000 out of 512000 gridpoints are considered (100.0%).

...done!

                       Measure       RMSE[kcal/mol/e]   MaxError[kcal/mol/e]   NPoints
                         Total        6.952082920E-01        4.693519824E+00    406932
Close (  1.20 < r <   1.66 )          1.098414903E+00        4.693519824E+00    143224
Mid-range ( 1.66 < r <  2.20)         3.426860585E-01        1.129830799E+00    194568
Far-range (  2.20         < r)        1.217799126E-01        3.248742023E-01     69140
Did analysis and wrote slice data
