/home/boittier/esp_check
h2o_1716
/data/boittier/energies/h2o_geom.xyz.dir
Read multipoles for 3 atoms with max. rank 2
Running in generate mode

Reading "/data/boittier/energies/h2o_geom.xyz.dir/h2o_1716.chk.fchk.potential.cube"...

  h2o Potential=SCF
  Electrostatic potential from Total SCF Density
    3   -4.970736   -4.742012   -4.970736
   80    0.125841    0.000000    0.000000
   80    0.000000    0.125841    0.000000
   80    0.000000    0.000000    0.125841
    8    8.000000    0.000000    0.228724    0.000000
    1    1.000000    1.443200   -0.877456    0.000000
    1    1.000000   -1.443200   -0.952337    0.000000
  1.67444E-02  1.69237E-02  1.70754E-02  1.71983E-02  1.72915E-02  1.73541E-02
       .            .            .            .            .            .
       .            .            .            .            .            .
       .            .            .            .            .            .
 -8.97905E-03 -8.97482E-03 -8.96634E-03 -8.95361E-03 -8.93659E-03 -8.91526E-03

337916 out of 512000 gridpoints are considered ( 66.0%).

...done!

 writing cube file quadrupole_expansion.cube                                                                                                                                                                                                                                                                                                                                                                                                                                                                                                                                                                                                                                                                                                                                                                                                                                                                                                                                                                                                                                       
Written cubefile and slice data
Running in analysis mode

Reading "/data/boittier/energies/h2o_geom.xyz.dir/h2o_1716.chk.fchk.potential.cube"...

  h2o Potential=SCF
  Electrostatic potential from Total SCF Density
    3   -4.970736   -4.742012   -4.970736
   80    0.125841    0.000000    0.000000
   80    0.000000    0.125841    0.000000
   80    0.000000    0.000000    0.125841
    8    8.000000    0.000000    0.228724    0.000000
    1    1.000000    1.443200   -0.877456    0.000000
    1    1.000000   -1.443200   -0.952337    0.000000
  6.27179E-03  6.50239E-03  6.74046E-03  6.98600E-03  7.23899E-03  7.49936E-03
       .            .            .            .            .            .
       .            .            .            .            .            .
       .            .            .            .            .            .
 -6.69350E-03 -6.57800E-03 -6.46237E-03 -6.34677E-03 -6.23134E-03 -6.11625E-03

512000 out of 512000 gridpoints are considered (100.0%).

...done!

Reading "/home/boittier/esp_check/quadrupole_expansion.cube"...

  Fitted ESP
  Electrostatic potential fitted from quadrupole expansion.
    3   -4.970736   -4.742012   -4.970736
   80    0.125841    0.000000    0.000000
   80    0.000000    0.125841    0.000000
   80    0.000000    0.000000    0.125841
    8    8.000000    0.000000    0.228724    0.000000
    1    1.000000    1.443200   -0.877456    0.000000
    1    1.000000   -1.443200   -0.952337    0.000000
  6.21071E-03  6.43483E-03  6.66600E-03  6.90420E-03  7.14939E-03  7.40150E-03
       .            .            .            .            .            .
       .            .            .            .            .            .
       .            .            .            .            .            .
 -6.63747E-03 -6.52717E-03 -6.41645E-03 -6.30547E-03 -6.19439E-03 -6.08336E-03

512000 out of 512000 gridpoints are considered (100.0%).

...done!

                       Measure       RMSE[kcal/mol/e]   MaxError[kcal/mol/e]   NPoints
                         Total        6.776136673E-01        4.717678939E+00    406788
Close (  1.20 < r <   1.66 )          1.069520857E+00        4.717678939E+00    143538
Mid-range ( 1.66 < r <  2.20)         3.336585745E-01        1.078124019E+00    194378
Far-range (  2.20         < r)        1.175491739E-01        3.246859494E-01     68872
Did analysis and wrote slice data
