/home/boittier/esp_check
h2o_79
/data/boittier/energies/h2o_geom.xyz.dir
Read multipoles for 3 atoms with max. rank 2
Running in generate mode

Reading "/data/boittier/energies/h2o_geom.xyz.dir/h2o_79.chk.fchk.potential.cube"...

  h2o Potential=SCF
  Electrostatic potential from Total SCF Density
    3   -4.970736   -4.754057   -4.970736
   80    0.125841    0.000000    0.000000
   80    0.000000    0.125841    0.000000
   80    0.000000    0.000000    0.125841
    8    8.000000    0.000000    0.216679    0.000000
    1    1.000000    1.467470   -0.842532    0.000000
    1    1.000000   -1.467470   -0.890900    0.000000
  1.65815E-02  1.67006E-02  1.67909E-02  1.68515E-02  1.68819E-02  1.68819E-02
       .            .            .            .            .            .
       .            .            .            .            .            .
       .            .            .            .            .            .
 -8.58449E-03 -8.58077E-03 -8.57333E-03 -8.56213E-03 -8.54714E-03 -8.52832E-03

337997 out of 512000 gridpoints are considered ( 66.0%).

...done!

 writing cube file quadrupole_expansion.cube                                                                                                                                                                                                                                                                                                                                                                                                                                                                                                                                                                                                                                                                                                                                                                                                                                                                                                                                                                                                                                       
Written cubefile and slice data
Running in analysis mode

Reading "/data/boittier/energies/h2o_geom.xyz.dir/h2o_79.chk.fchk.potential.cube"...

  h2o Potential=SCF
  Electrostatic potential from Total SCF Density
    3   -4.970736   -4.754057   -4.970736
   80    0.125841    0.000000    0.000000
   80    0.000000    0.125841    0.000000
   80    0.000000    0.000000    0.125841
    8    8.000000    0.000000    0.216679    0.000000
    1    1.000000    1.467470   -0.842532    0.000000
    1    1.000000   -1.467470   -0.890900    0.000000
  6.06289E-03  6.28655E-03  6.51745E-03  6.75558E-03  7.00093E-03  7.25341E-03
       .            .            .            .            .            .
       .            .            .            .            .            .
       .            .            .            .            .            .
 -6.52003E-03 -6.40814E-03 -6.29608E-03 -6.18401E-03 -6.07208E-03 -5.96045E-03

512000 out of 512000 gridpoints are considered (100.0%).

...done!

Reading "/home/boittier/esp_check/quadrupole_expansion.cube"...

  Fitted ESP
  Electrostatic potential fitted from quadrupole expansion.
    3   -4.970736   -4.754057   -4.970736
   80    0.125841    0.000000    0.000000
   80    0.000000    0.125841    0.000000
   80    0.000000    0.000000    0.125841
    8    8.000000    0.000000    0.216679    0.000000
    1    1.000000    1.467470   -0.842532    0.000000
    1    1.000000   -1.467470   -0.890900    0.000000
  5.99955E-03  6.21673E-03  6.44073E-03  6.67152E-03  6.90907E-03  7.15331E-03
       .            .            .            .            .            .
       .            .            .            .            .            .
       .            .            .            .            .            .
 -6.46071E-03 -6.35412E-03 -6.24708E-03 -6.13973E-03 -6.03225E-03 -5.92478E-03

512000 out of 512000 gridpoints are considered (100.0%).

...done!

                       Measure       RMSE[kcal/mol/e]   MaxError[kcal/mol/e]   NPoints
                         Total        6.906413783E-01        4.694900345E+00    407186
Close (  1.20 < r <   1.66 )          1.091654834E+00        4.694900345E+00    143168
Mid-range ( 1.66 < r <  2.20)         3.405551790E-01        1.106989454E+00    194829
Far-range (  2.20         < r)        1.208927805E-01        3.235062316E-01     69189
Did analysis and wrote slice data
