/home/boittier/esp_check
h2o_1666
/data/boittier/energies/h2o_geom.xyz.dir
Read multipoles for 3 atoms with max. rank 2
Running in generate mode

Reading "/data/boittier/energies/h2o_geom.xyz.dir/h2o_1666.chk.fchk.potential.cube"...

  h2o Potential=SCF
  Electrostatic potential from Total SCF Density
    3   -4.970736   -4.749348   -4.970736
   80    0.125841    0.000000    0.000000
   80    0.000000    0.125841    0.000000
   80    0.000000    0.000000    0.125841
    8    8.000000    0.000000    0.221388    0.000000
    1    1.000000    1.413382   -0.935770    0.000000
    1    1.000000   -1.413382   -0.835332    0.000000
  1.63979E-02  1.65448E-02  1.66639E-02  1.67541E-02  1.68147E-02  1.68451E-02
       .            .            .            .            .            .
       .            .            .            .            .            .
       .            .            .            .            .            .
 -9.55210E-03 -9.54683E-03 -9.53628E-03 -9.52046E-03 -9.49936E-03 -9.47299E-03

338362 out of 512000 gridpoints are considered ( 66.1%).

...done!

 writing cube file quadrupole_expansion.cube                                                                                                                                                                                                                                                                                                                                                                                                                                                                                                                                                                                                                                                                                                                                                                                                                                                                                                                                                                                                                                       
Written cubefile and slice data
Running in analysis mode

Reading "/data/boittier/energies/h2o_geom.xyz.dir/h2o_1666.chk.fchk.potential.cube"...

  h2o Potential=SCF
  Electrostatic potential from Total SCF Density
    3   -4.970736   -4.749348   -4.970736
   80    0.125841    0.000000    0.000000
   80    0.000000    0.125841    0.000000
   80    0.000000    0.000000    0.125841
    8    8.000000    0.000000    0.221388    0.000000
    1    1.000000    1.413382   -0.935770    0.000000
    1    1.000000   -1.413382   -0.835332    0.000000
  6.08876E-03  6.30705E-03  6.53214E-03  6.76400E-03  7.00261E-03  7.24785E-03
       .            .            .            .            .            .
       .            .            .            .            .            .
       .            .            .            .            .            .
 -6.87025E-03 -6.74780E-03 -6.62538E-03 -6.50316E-03 -6.38130E-03 -6.25995E-03

512000 out of 512000 gridpoints are considered (100.0%).

...done!

Reading "/home/boittier/esp_check/quadrupole_expansion.cube"...

  Fitted ESP
  Electrostatic potential fitted from quadrupole expansion.
    3   -4.970736   -4.749348   -4.970736
   80    0.125841    0.000000    0.000000
   80    0.000000    0.125841    0.000000
   80    0.000000    0.000000    0.125841
    8    8.000000    0.000000    0.221388    0.000000
    1    1.000000    1.413382   -0.935770    0.000000
    1    1.000000   -1.413382   -0.835332    0.000000
  6.03412E-03  6.24639E-03  6.46505E-03  6.69007E-03  6.92140E-03  7.15895E-03
       .            .            .            .            .            .
       .            .            .            .            .            .
       .            .            .            .            .            .
 -6.82214E-03 -6.70456E-03 -6.58672E-03 -6.46881E-03 -6.35098E-03 -6.23340E-03

512000 out of 512000 gridpoints are considered (100.0%).

...done!

                       Measure       RMSE[kcal/mol/e]   MaxError[kcal/mol/e]   NPoints
                         Total        6.787643382E-01        4.694461089E+00    407832
Close (  1.20 < r <   1.66 )          1.074189250E+00        4.694461089E+00    142948
Mid-range ( 1.66 < r <  2.20)         3.352899501E-01        1.060553754E+00    195414
Far-range (  2.20         < r)        1.189695150E-01        3.190948401E-01     69470
Did analysis and wrote slice data
