/home/boittier/esp_check
h2o_1036
/data/boittier/energies/h2o_geom.xyz.dir
Read multipoles for 3 atoms with max. rank 2
Running in generate mode

Reading "/data/boittier/energies/h2o_geom.xyz.dir/h2o_1036.chk.fchk.potential.cube"...

  h2o Potential=SCF
  Electrostatic potential from Total SCF Density
    3   -4.970736   -4.754234   -4.970736
   80    0.125841    0.000000    0.000000
   80    0.000000    0.125841    0.000000
   80    0.000000    0.000000    0.125841
    8    8.000000    0.000000    0.216502    0.000000
    1    1.000000    1.474616   -0.833876    0.000000
    1    1.000000   -1.474616   -0.898136    0.000000
  1.65089E-02  1.66572E-02  1.67774E-02  1.68685E-02  1.69296E-02  1.69603E-02
       .            .            .            .            .            .
       .            .            .            .            .            .
       .            .            .            .            .            .
 -8.48460E-03 -8.48105E-03 -8.47395E-03 -8.46326E-03 -8.44894E-03 -8.43096E-03

337892 out of 512000 gridpoints are considered ( 66.0%).

...done!

 writing cube file quadrupole_expansion.cube                                                                                                                                                                                                                                                                                                                                                                                                                                                                                                                                                                                                                                                                                                                                                                                                                                                                                                                                                                                                                                       
Written cubefile and slice data
Running in analysis mode

Reading "/data/boittier/energies/h2o_geom.xyz.dir/h2o_1036.chk.fchk.potential.cube"...

  h2o Potential=SCF
  Electrostatic potential from Total SCF Density
    3   -4.970736   -4.754234   -4.970736
   80    0.125841    0.000000    0.000000
   80    0.000000    0.125841    0.000000
   80    0.000000    0.000000    0.125841
    8    8.000000    0.000000    0.216502    0.000000
    1    1.000000    1.474616   -0.833876    0.000000
    1    1.000000   -1.474616   -0.898136    0.000000
  6.06567E-03  6.29022E-03  6.52206E-03  6.76122E-03  7.00764E-03  7.26127E-03
       .            .            .            .            .            .
       .            .            .            .            .            .
       .            .            .            .            .            .
 -6.48619E-03 -6.37541E-03 -6.26444E-03 -6.15344E-03 -6.04256E-03 -5.93194E-03

512000 out of 512000 gridpoints are considered (100.0%).

...done!

Reading "/home/boittier/esp_check/quadrupole_expansion.cube"...

  Fitted ESP
  Electrostatic potential fitted from quadrupole expansion.
    3   -4.970736   -4.754234   -4.970736
   80    0.125841    0.000000    0.000000
   80    0.000000    0.125841    0.000000
   80    0.000000    0.000000    0.125841
    8    8.000000    0.000000    0.216502    0.000000
    1    1.000000    1.474616   -0.833876    0.000000
    1    1.000000   -1.474616   -0.898136    0.000000
  6.00144E-03  6.21945E-03  6.44434E-03  6.67609E-03  6.91467E-03  7.15999E-03
       .            .            .            .            .            .
       .            .            .            .            .            .
       .            .            .            .            .            .
 -6.42576E-03 -6.32033E-03 -6.21442E-03 -6.10818E-03 -6.00178E-03 -5.89536E-03

512000 out of 512000 gridpoints are considered (100.0%).

...done!

                       Measure       RMSE[kcal/mol/e]   MaxError[kcal/mol/e]   NPoints
                         Total        6.916184964E-01        4.696218115E+00    407046
Close (  1.20 < r <   1.66 )          1.093033667E+00        4.696218115E+00    143159
Mid-range ( 1.66 < r <  2.20)         3.410930432E-01        1.113578304E+00    194733
Far-range (  2.20         < r)        1.210556627E-01        3.242027672E-01     69154
Did analysis and wrote slice data
