/home/boittier/esp_check
h2o_1323
/data/boittier/energies/h2o_geom.xyz.dir
Read multipoles for 3 atoms with max. rank 2
Running in generate mode

Reading "/data/boittier/energies/h2o_geom.xyz.dir/h2o_1323.chk.fchk.potential.cube"...

  h2o Potential=SCF
  Electrostatic potential from Total SCF Density
    3   -4.970736   -4.758678   -4.970736
   80    0.125841    0.000000    0.000000
   80    0.000000    0.125841    0.000000
   80    0.000000    0.000000    0.125841
    8    8.000000    0.000000    0.212057    0.000000
    1    1.000000    1.370561   -0.976710    0.000000
    1    1.000000   -1.370561   -0.719747    0.000000
  1.60287E-02  1.61153E-02  1.61734E-02  1.62025E-02  1.62025E-02  1.61734E-02
       .            .            .            .            .            .
       .            .            .            .            .            .
       .            .            .            .            .            .
 -9.99817E-03 -9.99199E-03 -9.97965E-03 -9.96115E-03 -9.93652E-03 -9.90578E-03

338962 out of 512000 gridpoints are considered ( 66.2%).

...done!

 writing cube file quadrupole_expansion.cube                                                                                                                                                                                                                                                                                                                                                                                                                                                                                                                                                                                                                                                                                                                                                                                                                                                                                                                                                                                                                                       
Written cubefile and slice data
Running in analysis mode

Reading "/data/boittier/energies/h2o_geom.xyz.dir/h2o_1323.chk.fchk.potential.cube"...

  h2o Potential=SCF
  Electrostatic potential from Total SCF Density
    3   -4.970736   -4.758678   -4.970736
   80    0.125841    0.000000    0.000000
   80    0.000000    0.125841    0.000000
   80    0.000000    0.000000    0.125841
    8    8.000000    0.000000    0.212057    0.000000
    1    1.000000    1.370561   -0.976710    0.000000
    1    1.000000   -1.370561   -0.719747    0.000000
  5.88279E-03  6.08822E-03  6.29979E-03  6.51745E-03  6.74114E-03  6.97076E-03
       .            .            .            .            .            .
       .            .            .            .            .            .
       .            .            .            .            .            .
 -6.98128E-03 -6.85329E-03 -6.72548E-03 -6.59804E-03 -6.47112E-03 -6.34487E-03

512000 out of 512000 gridpoints are considered (100.0%).

...done!

Reading "/home/boittier/esp_check/quadrupole_expansion.cube"...

  Fitted ESP
  Electrostatic potential fitted from quadrupole expansion.
    3   -4.970736   -4.758678   -4.970736
   80    0.125841    0.000000    0.000000
   80    0.000000    0.125841    0.000000
   80    0.000000    0.000000    0.125841
    8    8.000000    0.000000    0.212057    0.000000
    1    1.000000    1.370561   -0.976710    0.000000
    1    1.000000   -1.370561   -0.719747    0.000000
  5.83583E-03  6.03580E-03  6.24153E-03  6.45296E-03  6.67003E-03  6.89263E-03
       .            .            .            .            .            .
       .            .            .            .            .            .
       .            .            .            .            .            .
 -6.94138E-03 -6.81787E-03 -6.69428E-03 -6.57078E-03 -6.44754E-03 -6.32472E-03

512000 out of 512000 gridpoints are considered (100.0%).

...done!

                       Measure       RMSE[kcal/mol/e]   MaxError[kcal/mol/e]   NPoints
                         Total        6.790010474E-01        4.681785397E+00    409202
Close (  1.20 < r <   1.66 )          1.078501190E+00        4.681785397E+00    142226
Mid-range ( 1.66 < r <  2.20)         3.359858692E-01        1.060076846E+00    196736
Far-range (  2.20         < r)        1.204090074E-01        3.332514537E-01     70240
Did analysis and wrote slice data
