/home/boittier/esp_check
h2o_484
/data/boittier/energies/h2o_geom.xyz.dir
Read multipoles for 3 atoms with max. rank 2
Running in generate mode

Reading "/data/boittier/energies/h2o_geom.xyz.dir/h2o_484.chk.fchk.potential.cube"...

  h2o Potential=SCF
  Electrostatic potential from Total SCF Density
    3   -4.970736   -4.752592   -4.970736
   80    0.125841    0.000000    0.000000
   80    0.000000    0.125841    0.000000
   80    0.000000    0.000000    0.125841
    8    8.000000    0.000000    0.218144    0.000000
    1    1.000000    1.424086   -0.901556    0.000000
    1    1.000000   -1.424086   -0.843595    0.000000
  1.62566E-02  1.64318E-02  1.65802E-02  1.67004E-02  1.67915E-02  1.68527E-02
       .            .            .            .            .            .
       .            .            .            .            .            .
       .            .            .            .            .            .
 -9.23239E-03 -9.22759E-03 -9.21798E-03 -9.20356E-03 -9.18431E-03 -9.16023E-03

338346 out of 512000 gridpoints are considered ( 66.1%).

...done!

 writing cube file quadrupole_expansion.cube                                                                                                                                                                                                                                                                                                                                                                                                                                                                                                                                                                                                                                                                                                                                                                                                                                                                                                                                                                                                                                       
Written cubefile and slice data
Running in analysis mode

Reading "/data/boittier/energies/h2o_geom.xyz.dir/h2o_484.chk.fchk.potential.cube"...

  h2o Potential=SCF
  Electrostatic potential from Total SCF Density
    3   -4.970736   -4.752592   -4.970736
   80    0.125841    0.000000    0.000000
   80    0.000000    0.125841    0.000000
   80    0.000000    0.000000    0.125841
    8    8.000000    0.000000    0.218144    0.000000
    1    1.000000    1.424086   -0.901556    0.000000
    1    1.000000   -1.424086   -0.843595    0.000000
  6.05248E-03  6.27093E-03  6.49623E-03  6.72838E-03  6.96733E-03  7.21301E-03
       .            .            .            .            .            .
       .            .            .            .            .            .
       .            .            .            .            .            .
 -6.74414E-03 -6.62507E-03 -6.50597E-03 -6.38701E-03 -6.26836E-03 -6.15015E-03

512000 out of 512000 gridpoints are considered (100.0%).

...done!

Reading "/home/boittier/esp_check/quadrupole_expansion.cube"...

  Fitted ESP
  Electrostatic potential fitted from quadrupole expansion.
    3   -4.970736   -4.752592   -4.970736
   80    0.125841    0.000000    0.000000
   80    0.000000    0.125841    0.000000
   80    0.000000    0.000000    0.125841
    8    8.000000    0.000000    0.218144    0.000000
    1    1.000000    1.424086   -0.901556    0.000000
    1    1.000000   -1.424086   -0.843595    0.000000
  5.99524E-03  6.20755E-03  6.42630E-03  6.65148E-03  6.88304E-03  7.12087E-03
       .            .            .            .            .            .
       .            .            .            .            .            .
       .            .            .            .            .            .
 -6.69236E-03 -6.57830E-03 -6.46393E-03 -6.34942E-03 -6.23493E-03 -6.12062E-03

512000 out of 512000 gridpoints are considered (100.0%).

...done!

                       Measure       RMSE[kcal/mol/e]   MaxError[kcal/mol/e]   NPoints
                         Total        6.832294245E-01        4.688688001E+00    407886
Close (  1.20 < r <   1.66 )          1.081543686E+00        4.688688001E+00    142894
Mid-range ( 1.66 < r <  2.20)         3.374069808E-01        1.066703346E+00    195452
Far-range (  2.20         < r)        1.200904550E-01        3.192140669E-01     69540
Did analysis and wrote slice data
