/home/boittier/esp_check
h2o_393
/data/boittier/energies/h2o_geom.xyz.dir
Read multipoles for 3 atoms with max. rank 2
Running in generate mode

Reading "/data/boittier/energies/h2o_geom.xyz.dir/h2o_393.chk.fchk.potential.cube"...

  h2o Potential=SCF
  Electrostatic potential from Total SCF Density
    3   -4.970736   -4.749882   -4.970736
   80    0.125841    0.000000    0.000000
   80    0.000000    0.125841    0.000000
   80    0.000000    0.000000    0.125841
    8    8.000000    0.000000    0.220854    0.000000
    1    1.000000    1.437313   -0.881858    0.000000
    1    1.000000   -1.437313   -0.884972    0.000000
  1.66120E-02  1.67005E-02  1.67600E-02  1.67898E-02  1.67898E-02  1.67600E-02
       .            .            .            .            .            .
       .            .            .            .            .            .
       .            .            .            .            .            .
 -9.02880E-03 -9.02438E-03 -9.01553E-03 -9.00223E-03 -8.98448E-03 -8.96224E-03

338199 out of 512000 gridpoints are considered ( 66.1%).

...done!

 writing cube file quadrupole_expansion.cube                                                                                                                                                                                                                                                                                                                                                                                                                                                                                                                                                                                                                                                                                                                                                                                                                                                                                                                                                                                                                                       
Written cubefile and slice data
Running in analysis mode

Reading "/data/boittier/energies/h2o_geom.xyz.dir/h2o_393.chk.fchk.potential.cube"...

  h2o Potential=SCF
  Electrostatic potential from Total SCF Density
    3   -4.970736   -4.749882   -4.970736
   80    0.125841    0.000000    0.000000
   80    0.000000    0.125841    0.000000
   80    0.000000    0.000000    0.125841
    8    8.000000    0.000000    0.220854    0.000000
    1    1.000000    1.437313   -0.881858    0.000000
    1    1.000000   -1.437313   -0.884972    0.000000
  6.12027E-03  6.34328E-03  6.57339E-03  6.81060E-03  7.05488E-03  7.30614E-03
       .            .            .            .            .            .
       .            .            .            .            .            .
       .            .            .            .            .            .
 -6.68410E-03 -6.56750E-03 -6.45081E-03 -6.33420E-03 -6.21783E-03 -6.10184E-03

512000 out of 512000 gridpoints are considered (100.0%).

...done!

Reading "/home/boittier/esp_check/quadrupole_expansion.cube"...

  Fitted ESP
  Electrostatic potential fitted from quadrupole expansion.
    3   -4.970736   -4.749882   -4.970736
   80    0.125841    0.000000    0.000000
   80    0.000000    0.125841    0.000000
   80    0.000000    0.000000    0.125841
    8    8.000000    0.000000    0.220854    0.000000
    1    1.000000    1.437313   -0.881858    0.000000
    1    1.000000   -1.437313   -0.884972    0.000000
  6.06054E-03  6.27723E-03  6.50061E-03  6.73066E-03  6.96733E-03  7.21055E-03
       .            .            .            .            .            .
       .            .            .            .            .            .
       .            .            .            .            .            .
 -6.62937E-03 -6.51791E-03 -6.40607E-03 -6.29403E-03 -6.18194E-03 -6.06996E-03

512000 out of 512000 gridpoints are considered (100.0%).

...done!

                       Measure       RMSE[kcal/mol/e]   MaxError[kcal/mol/e]   NPoints
                         Total        6.834248557E-01        4.697096628E+00    407477
Close (  1.20 < r <   1.66 )          1.080744639E+00        4.697096628E+00    143123
Mid-range ( 1.66 < r <  2.20)         3.370516413E-01        1.072225430E+00    195076
Far-range (  2.20         < r)        1.195277760E-01        3.213664244E-01     69278
Did analysis and wrote slice data
