/home/boittier/esp_check
h2o_1431
/data/boittier/energies/h2o_geom.xyz.dir
Read multipoles for 3 atoms with max. rank 2
Running in generate mode

Reading "/data/boittier/energies/h2o_geom.xyz.dir/h2o_1431.chk.fchk.potential.cube"...

  h2o Potential=SCF
  Electrostatic potential from Total SCF Density
    3   -4.970736   -4.741311   -4.970736
   80    0.125841    0.000000    0.000000
   80    0.000000    0.125841    0.000000
   80    0.000000    0.000000    0.125841
    8    8.000000    0.000000    0.229425    0.000000
    1    1.000000    1.507848   -0.785165    0.000000
    1    1.000000   -1.507848   -1.050235    0.000000
  1.72455E-02  1.73063E-02  1.73367E-02  1.73367E-02  1.73063E-02  1.72455E-02
       .            .            .            .            .            .
       .            .            .            .            .            .
       .            .            .            .            .            .
 -7.95320E-03 -7.95072E-03 -7.94574E-03 -7.93822E-03 -7.92809E-03 -7.91527E-03

337310 out of 512000 gridpoints are considered ( 65.9%).

...done!

 writing cube file quadrupole_expansion.cube                                                                                                                                                                                                                                                                                                                                                                                                                                                                                                                                                                                                                                                                                                                                                                                                                                                                                                                                                                                                                                       
Written cubefile and slice data
Running in analysis mode

Reading "/data/boittier/energies/h2o_geom.xyz.dir/h2o_1431.chk.fchk.potential.cube"...

  h2o Potential=SCF
  Electrostatic potential from Total SCF Density
    3   -4.970736   -4.741311   -4.970736
   80    0.125841    0.000000    0.000000
   80    0.000000    0.125841    0.000000
   80    0.000000    0.000000    0.125841
    8    8.000000    0.000000    0.229425    0.000000
    1    1.000000    1.507848   -0.785165    0.000000
    1    1.000000   -1.507848   -1.050235    0.000000
  6.35119E-03  6.59331E-03  6.84367E-03  7.10232E-03  7.36924E-03  7.64439E-03
       .            .            .            .            .            .
       .            .            .            .            .            .
       .            .            .            .            .            .
 -6.34425E-03 -6.24045E-03 -6.13626E-03 -6.03185E-03 -5.92736E-03 -5.82293E-03

512000 out of 512000 gridpoints are considered (100.0%).

...done!

Reading "/home/boittier/esp_check/quadrupole_expansion.cube"...

  Fitted ESP
  Electrostatic potential fitted from quadrupole expansion.
    3   -4.970736   -4.741311   -4.970736
   80    0.125841    0.000000    0.000000
   80    0.000000    0.125841    0.000000
   80    0.000000    0.000000    0.125841
    8    8.000000    0.000000    0.229425    0.000000
    1    1.000000    1.507848   -0.785165    0.000000
    1    1.000000   -1.507848   -1.050235    0.000000
  6.28166E-03  6.51683E-03  6.75977E-03  7.01053E-03  7.26910E-03  7.53541E-03
       .            .            .            .            .            .
       .            .            .            .            .            .
       .            .            .            .            .            .
 -6.27737E-03 -6.17916E-03 -6.08026E-03 -5.98084E-03 -5.88105E-03 -5.78104E-03

512000 out of 512000 gridpoints are considered (100.0%).

...done!

                       Measure       RMSE[kcal/mol/e]   MaxError[kcal/mol/e]   NPoints
                         Total        6.861820321E-01        4.715357154E+00    405502
Close (  1.20 < r <   1.66 )          1.079585264E+00        4.715357154E+00    144244
Mid-range ( 1.66 < r <  2.20)         3.365209933E-01        1.119853398E+00    193066
Far-range (  2.20         < r)        1.178984789E-01        3.310300702E-01     68192
Did analysis and wrote slice data
