/home/boittier/esp_check
h2o_322
/data/boittier/energies/h2o_geom.xyz.dir
Read multipoles for 3 atoms with max. rank 2
Running in generate mode

Reading "/data/boittier/energies/h2o_geom.xyz.dir/h2o_322.chk.fchk.potential.cube"...

  h2o Potential=SCF
  Electrostatic potential from Total SCF Density
    3   -4.970736   -4.752139   -4.970736
   80    0.125841    0.000000    0.000000
   80    0.000000    0.125841    0.000000
   80    0.000000    0.000000    0.125841
    8    8.000000    0.000000    0.218596    0.000000
    1    1.000000    1.442167   -0.876787    0.000000
    1    1.000000   -1.442167   -0.871983    0.000000
  1.65941E-02  1.66531E-02  1.66828E-02  1.66828E-02  1.66531E-02  1.65941E-02
       .            .            .            .            .            .
       .            .            .            .            .            .
       .            .            .            .            .            .
 -8.96591E-03 -8.96157E-03 -8.95287E-03 -8.93981E-03 -8.92236E-03 -8.90050E-03

338190 out of 512000 gridpoints are considered ( 66.1%).

...done!

 writing cube file quadrupole_expansion.cube                                                                                                                                                                                                                                                                                                                                                                                                                                                                                                                                                                                                                                                                                                                                                                                                                                                                                                                                                                                                                                       
Written cubefile and slice data
Running in analysis mode

Reading "/data/boittier/energies/h2o_geom.xyz.dir/h2o_322.chk.fchk.potential.cube"...

  h2o Potential=SCF
  Electrostatic potential from Total SCF Density
    3   -4.970736   -4.752139   -4.970736
   80    0.125841    0.000000    0.000000
   80    0.000000    0.125841    0.000000
   80    0.000000    0.000000    0.125841
    8    8.000000    0.000000    0.218596    0.000000
    1    1.000000    1.442167   -0.876787    0.000000
    1    1.000000   -1.442167   -0.871983    0.000000
  6.07730E-03  6.29884E-03  6.52743E-03  6.76307E-03  7.00573E-03  7.25532E-03
       .            .            .            .            .            .
       .            .            .            .            .            .
       .            .            .            .            .            .
 -6.65535E-03 -6.53929E-03 -6.42314E-03 -6.30708E-03 -6.19124E-03 -6.07578E-03

512000 out of 512000 gridpoints are considered (100.0%).

...done!

Reading "/home/boittier/esp_check/quadrupole_expansion.cube"...

  Fitted ESP
  Electrostatic potential fitted from quadrupole expansion.
    3   -4.970736   -4.752139   -4.970736
   80    0.125841    0.000000    0.000000
   80    0.000000    0.125841    0.000000
   80    0.000000    0.000000    0.125841
    8    8.000000    0.000000    0.218596    0.000000
    1    1.000000    1.442167   -0.876787    0.000000
    1    1.000000   -1.442167   -0.871983    0.000000
  6.01730E-03  6.23253E-03  6.45440E-03  6.68289E-03  6.91795E-03  7.15951E-03
       .            .            .            .            .            .
       .            .            .            .            .            .
       .            .            .            .            .            .
 -6.60021E-03 -6.48930E-03 -6.37802E-03 -6.26652E-03 -6.15498E-03 -6.04354E-03

512000 out of 512000 gridpoints are considered (100.0%).

...done!

                       Measure       RMSE[kcal/mol/e]   MaxError[kcal/mol/e]   NPoints
                         Total        6.858445219E-01        4.692578560E+00    407536
Close (  1.20 < r <   1.66 )          1.084845372E+00        4.692578560E+00    143048
Mid-range ( 1.66 < r <  2.20)         3.383824184E-01        1.079818294E+00    195142
Far-range (  2.20         < r)        1.202005376E-01        3.212346474E-01     69346
Did analysis and wrote slice data
