/home/boittier/esp_check
h2o_499
/data/boittier/energies/h2o_geom.xyz.dir
Read multipoles for 3 atoms with max. rank 2
Running in generate mode

Reading "/data/boittier/energies/h2o_geom.xyz.dir/h2o_499.chk.fchk.potential.cube"...

  h2o Potential=SCF
  Electrostatic potential from Total SCF Density
    3   -4.970736   -4.750418   -4.970736
   80    0.125841    0.000000    0.000000
   80    0.000000    0.125841    0.000000
   80    0.000000    0.000000    0.125841
    8    8.000000    0.000000    0.220317    0.000000
    1    1.000000    1.405074   -0.926997    0.000000
    1    1.000000   -1.405074   -0.835540    0.000000
  1.63511E-02  1.64973E-02  1.66158E-02  1.67055E-02  1.67658E-02  1.67960E-02
       .            .            .            .            .            .
       .            .            .            .            .            .
       .            .            .            .            .            .
 -9.50796E-03 -9.50272E-03 -9.49226E-03 -9.47656E-03 -9.45562E-03 -9.42944E-03

338480 out of 512000 gridpoints are considered ( 66.1%).

...done!

 writing cube file quadrupole_expansion.cube                                                                                                                                                                                                                                                                                                                                                                                                                                                                                                                                                                                                                                                                                                                                                                                                                                                                                                                                                                                                                                       
Written cubefile and slice data
Running in analysis mode

Reading "/data/boittier/energies/h2o_geom.xyz.dir/h2o_499.chk.fchk.potential.cube"...

  h2o Potential=SCF
  Electrostatic potential from Total SCF Density
    3   -4.970736   -4.750418   -4.970736
   80    0.125841    0.000000    0.000000
   80    0.000000    0.125841    0.000000
   80    0.000000    0.000000    0.125841
    8    8.000000    0.000000    0.220317    0.000000
    1    1.000000    1.405074   -0.926997    0.000000
    1    1.000000   -1.405074   -0.835540    0.000000
  6.08359E-03  6.30139E-03  6.52596E-03  6.75727E-03  6.99529E-03  7.23992E-03
       .            .            .            .            .            .
       .            .            .            .            .            .
       .            .            .            .            .            .
 -6.84589E-03 -6.72389E-03 -6.60192E-03 -6.48014E-03 -6.35873E-03 -6.23781E-03

512000 out of 512000 gridpoints are considered (100.0%).

...done!

Reading "/home/boittier/esp_check/quadrupole_expansion.cube"...

  Fitted ESP
  Electrostatic potential fitted from quadrupole expansion.
    3   -4.970736   -4.750418   -4.970736
   80    0.125841    0.000000    0.000000
   80    0.000000    0.125841    0.000000
   80    0.000000    0.000000    0.125841
    8    8.000000    0.000000    0.220317    0.000000
    1    1.000000    1.405074   -0.926997    0.000000
    1    1.000000   -1.405074   -0.835540    0.000000
  6.02878E-03  6.24057E-03  6.45871E-03  6.68319E-03  6.91394E-03  7.15087E-03
       .            .            .            .            .            .
       .            .            .            .            .            .
       .            .            .            .            .            .
 -6.79719E-03 -6.68009E-03 -6.56273E-03 -6.44529E-03 -6.32792E-03 -6.21080E-03

512000 out of 512000 gridpoints are considered (100.0%).

...done!

                       Measure       RMSE[kcal/mol/e]   MaxError[kcal/mol/e]   NPoints
                         Total        6.783714136E-01        4.689378262E+00    408068
Close (  1.20 < r <   1.66 )          1.074063486E+00        4.689378262E+00    142887
Mid-range ( 1.66 < r <  2.20)         3.351010711E-01        1.055533678E+00    195593
Far-range (  2.20         < r)        1.191560777E-01        3.178272710E-01     69588
Did analysis and wrote slice data
