/home/boittier/esp_check
h2o_1206
/data/boittier/energies/h2o_geom.xyz.dir
Read multipoles for 3 atoms with max. rank 2
Running in generate mode

Reading "/data/boittier/energies/h2o_geom.xyz.dir/h2o_1206.chk.fchk.potential.cube"...

  h2o Potential=SCF
  Electrostatic potential from Total SCF Density
    3   -4.970736   -4.749796   -4.970736
   80    0.125841    0.000000    0.000000
   80    0.000000    0.125841    0.000000
   80    0.000000    0.000000    0.125841
    8    8.000000    0.000000    0.220939    0.000000
    1    1.000000    1.383109   -0.978530    0.000000
    1    1.000000   -1.383109   -0.788986    0.000000
  1.64068E-02  1.64358E-02  1.64358E-02  1.64068E-02  1.60415E-02  1.62435E-02
       .            .            .            .            .            .
       .            .            .            .            .            .
       .            .            .            .            .            .
 -9.99142E-03 -9.98542E-03 -9.97341E-03 -9.95542E-03 -9.93144E-03 -9.90151E-03

338633 out of 512000 gridpoints are considered ( 66.1%).

...done!

 writing cube file quadrupole_expansion.cube                                                                                                                                                                                                                                                                                                                                                                                                                                                                                                                                                                                                                                                                                                                                                                                                                                                                                                                                                                                                                                       
Written cubefile and slice data
Running in analysis mode

Reading "/data/boittier/energies/h2o_geom.xyz.dir/h2o_1206.chk.fchk.potential.cube"...

  h2o Potential=SCF
  Electrostatic potential from Total SCF Density
    3   -4.970736   -4.749796   -4.970736
   80    0.125841    0.000000    0.000000
   80    0.000000    0.125841    0.000000
   80    0.000000    0.000000    0.125841
    8    8.000000    0.000000    0.220939    0.000000
    1    1.000000    1.383109   -0.978530    0.000000
    1    1.000000   -1.383109   -0.788986    0.000000
  6.05977E-03  6.27353E-03  6.49378E-03  6.72050E-03  6.95364E-03  7.19309E-03
       .            .            .            .            .            .
       .            .            .            .            .            .
       .            .            .            .            .            .
 -7.01968E-03 -6.89233E-03 -6.76511E-03 -6.63819E-03 -6.51174E-03 -6.38591E-03

512000 out of 512000 gridpoints are considered (100.0%).

...done!

Reading "/home/boittier/esp_check/quadrupole_expansion.cube"...

  Fitted ESP
  Electrostatic potential fitted from quadrupole expansion.
    3   -4.970736   -4.749796   -4.970736
   80    0.125841    0.000000    0.000000
   80    0.000000    0.125841    0.000000
   80    0.000000    0.000000    0.125841
    8    8.000000    0.000000    0.220939    0.000000
    1    1.000000    1.383109   -0.978530    0.000000
    1    1.000000   -1.383109   -0.788986    0.000000
  6.01002E-03  6.21805E-03  6.43219E-03  6.65239E-03  6.87859E-03  7.11069E-03
       .            .            .            .            .            .
       .            .            .            .            .            .
       .            .            .            .            .            .
 -6.97746E-03 -6.85473E-03 -6.73185E-03 -6.60901E-03 -6.48637E-03 -6.36408E-03

512000 out of 512000 gridpoints are considered (100.0%).

...done!

                       Measure       RMSE[kcal/mol/e]   MaxError[kcal/mol/e]   NPoints
                         Total        6.743559574E-01        4.680655880E+00    408406
Close (  1.20 < r <   1.66 )          1.068600038E+00        4.680655880E+00    142744
Mid-range ( 1.66 < r <  2.20)         3.331668379E-01        1.040862506E+00    195889
Far-range (  2.20         < r)        1.185815364E-01        3.213538742E-01     69773
Did analysis and wrote slice data
