/home/boittier/esp_check
h2o_362
/data/boittier/energies/h2o_geom.xyz.dir
Read multipoles for 3 atoms with max. rank 2
Running in generate mode

Reading "/data/boittier/energies/h2o_geom.xyz.dir/h2o_362.chk.fchk.potential.cube"...

  h2o Potential=SCF
  Electrostatic potential from Total SCF Density
    3   -4.970736   -4.751617   -4.970736
   80    0.125841    0.000000    0.000000
   80    0.000000    0.125841    0.000000
   80    0.000000    0.000000    0.125841
    8    8.000000    0.000000    0.219118    0.000000
    1    1.000000    1.421882   -0.904957    0.000000
    1    1.000000   -1.421882   -0.847990    0.000000
  1.62933E-02  1.64689E-02  1.66175E-02  1.67380E-02  1.68293E-02  1.68906E-02
       .            .            .            .            .            .
       .            .            .            .            .            .
       .            .            .            .            .            .
 -9.26959E-03 -9.26474E-03 -9.25504E-03 -9.24048E-03 -9.22104E-03 -9.19672E-03

338340 out of 512000 gridpoints are considered ( 66.1%).

...done!

 writing cube file quadrupole_expansion.cube                                                                                                                                                                                                                                                                                                                                                                                                                                                                                                                                                                                                                                                                                                                                                                                                                                                                                                                                                                                                                                       
Written cubefile and slice data
Running in analysis mode

Reading "/data/boittier/energies/h2o_geom.xyz.dir/h2o_362.chk.fchk.potential.cube"...

  h2o Potential=SCF
  Electrostatic potential from Total SCF Density
    3   -4.970736   -4.751617   -4.970736
   80    0.125841    0.000000    0.000000
   80    0.000000    0.125841    0.000000
   80    0.000000    0.000000    0.125841
    8    8.000000    0.000000    0.219118    0.000000
    1    1.000000    1.421882   -0.904957    0.000000
    1    1.000000   -1.421882   -0.847990    0.000000
  6.07030E-03  6.28929E-03  6.51515E-03  6.74788E-03  6.98743E-03  7.23371E-03
       .            .            .            .            .            .
       .            .            .            .            .            .
       .            .            .            .            .            .
 -6.76045E-03 -6.64102E-03 -6.52158E-03 -6.40228E-03 -6.28329E-03 -6.16475E-03

512000 out of 512000 gridpoints are considered (100.0%).

...done!

Reading "/home/boittier/esp_check/quadrupole_expansion.cube"...

  Fitted ESP
  Electrostatic potential fitted from quadrupole expansion.
    3   -4.970736   -4.751617   -4.970736
   80    0.125841    0.000000    0.000000
   80    0.000000    0.125841    0.000000
   80    0.000000    0.000000    0.125841
    8    8.000000    0.000000    0.219118    0.000000
    1    1.000000    1.421882   -0.904957    0.000000
    1    1.000000   -1.421882   -0.847990    0.000000
  6.01325E-03  6.22610E-03  6.44542E-03  6.67118E-03  6.90332E-03  7.14177E-03
       .            .            .            .            .            .
       .            .            .            .            .            .
       .            .            .            .            .            .
 -6.70896E-03 -6.59454E-03 -6.47981E-03 -6.36495E-03 -6.25011E-03 -6.13546E-03

512000 out of 512000 gridpoints are considered (100.0%).

...done!

                       Measure       RMSE[kcal/mol/e]   MaxError[kcal/mol/e]   NPoints
                         Total        6.822298832E-01        4.690696032E+00    407870
Close (  1.20 < r <   1.66 )          1.079812319E+00        4.690696032E+00    142938
Mid-range ( 1.66 < r <  2.20)         3.368686119E-01        1.064632565E+00    195402
Far-range (  2.20         < r)        1.198534376E-01        3.192893680E-01     69530
Did analysis and wrote slice data
