/home/boittier/esp_check
h2o_401
/data/boittier/energies/h2o_geom.xyz.dir
Read multipoles for 3 atoms with max. rank 2
Running in generate mode

Reading "/data/boittier/energies/h2o_geom.xyz.dir/h2o_401.chk.fchk.potential.cube"...

  h2o Potential=SCF
  Electrostatic potential from Total SCF Density
    3   -4.970736   -4.748644   -4.970736
   80    0.125841    0.000000    0.000000
   80    0.000000    0.125841    0.000000
   80    0.000000    0.000000    0.125841
    8    8.000000    0.000000    0.222092    0.000000
    1    1.000000    1.419330   -0.906936    0.000000
    1    1.000000   -1.419330   -0.869799    0.000000
  1.66457E-02  1.66457E-02  1.64711E-02  1.66493E-02  1.68001E-02  1.69223E-02
       .            .            .            .            .            .
       .            .            .            .            .            .
       .            .            .            .            .            .
 -9.29933E-03 -9.29448E-03 -9.28475E-03 -9.27016E-03 -9.25068E-03 -9.22632E-03

338288 out of 512000 gridpoints are considered ( 66.1%).

...done!

 writing cube file quadrupole_expansion.cube                                                                                                                                                                                                                                                                                                                                                                                                                                                                                                                                                                                                                                                                                                                                                                                                                                                                                                                                                                                                                                       
Written cubefile and slice data
Running in analysis mode

Reading "/data/boittier/energies/h2o_geom.xyz.dir/h2o_401.chk.fchk.potential.cube"...

  h2o Potential=SCF
  Electrostatic potential from Total SCF Density
    3   -4.970736   -4.748644   -4.970736
   80    0.125841    0.000000    0.000000
   80    0.000000    0.125841    0.000000
   80    0.000000    0.000000    0.125841
    8    8.000000    0.000000    0.222092    0.000000
    1    1.000000    1.419330   -0.906936    0.000000
    1    1.000000   -1.419330   -0.869799    0.000000
  6.13003E-03  6.35148E-03  6.57991E-03  6.81530E-03  7.05762E-03  7.30678E-03
       .            .            .            .            .            .
       .            .            .            .            .            .
       .            .            .            .            .            .
 -6.78075E-03 -6.66120E-03 -6.54162E-03 -6.42218E-03 -6.30304E-03 -6.18434E-03

512000 out of 512000 gridpoints are considered (100.0%).

...done!

Reading "/home/boittier/esp_check/quadrupole_expansion.cube"...

  Fitted ESP
  Electrostatic potential fitted from quadrupole expansion.
    3   -4.970736   -4.748644   -4.970736
   80    0.125841    0.000000    0.000000
   80    0.000000    0.125841    0.000000
   80    0.000000    0.000000    0.125841
    8    8.000000    0.000000    0.222092    0.000000
    1    1.000000    1.419330   -0.906936    0.000000
    1    1.000000   -1.419330   -0.869799    0.000000
  6.07276E-03  6.28803E-03  6.50986E-03  6.73824E-03  6.97310E-03  7.21437E-03
       .            .            .            .            .            .
       .            .            .            .            .            .
       .            .            .            .            .            .
 -6.72913E-03 -6.61461E-03 -6.49976E-03 -6.38477E-03 -6.26980E-03 -6.15500E-03

512000 out of 512000 gridpoints are considered (100.0%).

...done!

                       Measure       RMSE[kcal/mol/e]   MaxError[kcal/mol/e]   NPoints
                         Total        6.794423728E-01        4.697222130E+00    407682
Close (  1.20 < r <   1.66 )          1.074930812E+00        4.697222130E+00    143030
Mid-range ( 1.66 < r <  2.20)         3.353061213E-01        1.063377546E+00    195258
Far-range (  2.20         < r)        1.189852900E-01        3.199168775E-01     69394
Did analysis and wrote slice data
