/home/boittier/esp_check
h2o_976
/data/boittier/energies/h2o_geom.xyz.dir
Read multipoles for 3 atoms with max. rank 2
Running in generate mode

Reading "/data/boittier/energies/h2o_geom.xyz.dir/h2o_976.chk.fchk.potential.cube"...

  h2o Potential=SCF
  Electrostatic potential from Total SCF Density
    3   -4.970736   -4.752180   -4.970736
   80    0.125841    0.000000    0.000000
   80    0.000000    0.125841    0.000000
   80    0.000000    0.000000    0.125841
    8    8.000000    0.000000    0.218556    0.000000
    1    1.000000    1.395220   -0.941425    0.000000
    1    1.000000   -1.395220   -0.807020    0.000000
  1.63671E-02  1.64546E-02  1.65134E-02  1.65429E-02  1.65429E-02  1.65134E-02
       .            .            .            .            .            .
       .            .            .            .            .            .
       .            .            .            .            .            .
 -9.65363E-03 -9.64813E-03 -9.63713E-03 -9.62064E-03 -9.59864E-03 -9.57117E-03

338602 out of 512000 gridpoints are considered ( 66.1%).

...done!

 writing cube file quadrupole_expansion.cube                                                                                                                                                                                                                                                                                                                                                                                                                                                                                                                                                                                                                                                                                                                                                                                                                                                                                                                                                                                                                                       
Written cubefile and slice data
Running in analysis mode

Reading "/data/boittier/energies/h2o_geom.xyz.dir/h2o_976.chk.fchk.potential.cube"...

  h2o Potential=SCF
  Electrostatic potential from Total SCF Density
    3   -4.970736   -4.752180   -4.970736
   80    0.125841    0.000000    0.000000
   80    0.000000    0.125841    0.000000
   80    0.000000    0.000000    0.125841
    8    8.000000    0.000000    0.218556    0.000000
    1    1.000000    1.395220   -0.941425    0.000000
    1    1.000000   -1.395220   -0.807020    0.000000
  6.03974E-03  6.25452E-03  6.47590E-03  6.70386E-03  6.93835E-03  7.17927E-03
       .            .            .            .            .            .
       .            .            .            .            .            .
       .            .            .            .            .            .
 -6.88939E-03 -6.76565E-03 -6.64198E-03 -6.51855E-03 -6.39552E-03 -6.27305E-03

512000 out of 512000 gridpoints are considered (100.0%).

...done!

Reading "/home/boittier/esp_check/quadrupole_expansion.cube"...

  Fitted ESP
  Electrostatic potential fitted from quadrupole expansion.
    3   -4.970736   -4.752180   -4.970736
   80    0.125841    0.000000    0.000000
   80    0.000000    0.125841    0.000000
   80    0.000000    0.000000    0.125841
    8    8.000000    0.000000    0.218556    0.000000
    1    1.000000    1.395220   -0.941425    0.000000
    1    1.000000   -1.395220   -0.807020    0.000000
  5.98688E-03  6.19578E-03  6.41088E-03  6.63215E-03  6.85952E-03  7.09291E-03
       .            .            .            .            .            .
       .            .            .            .            .            .
       .            .            .            .            .            .
 -6.84295E-03 -6.72400E-03 -6.60485E-03 -6.48565E-03 -6.36659E-03 -6.24782E-03

512000 out of 512000 gridpoints are considered (100.0%).

...done!

                       Measure       RMSE[kcal/mol/e]   MaxError[kcal/mol/e]   NPoints
                         Total        6.781263716E-01        4.680718631E+00    408362
Close (  1.20 < r <   1.66 )          1.074343098E+00        4.680718631E+00    142781
Mid-range ( 1.66 < r <  2.20)         3.351276209E-01        1.049258583E+00    195821
Far-range (  2.20         < r)        1.194287494E-01        3.206196881E-01     69760
Did analysis and wrote slice data
