/home/boittier/esp_check
h2o_1318
/data/boittier/energies/h2o_geom.xyz.dir
Read multipoles for 3 atoms with max. rank 2
Running in generate mode

Reading "/data/boittier/energies/h2o_geom.xyz.dir/h2o_1318.chk.fchk.potential.cube"...

  h2o Potential=SCF
  Electrostatic potential from Total SCF Density
    3   -4.970736   -4.753916   -4.970736
   80    0.125841    0.000000    0.000000
   80    0.000000    0.125841    0.000000
   80    0.000000    0.000000    0.125841
    8    8.000000    0.000000    0.216820    0.000000
    1    1.000000    1.454766   -0.867424    0.000000
    1    1.000000   -1.454766   -0.867132    0.000000
  1.64897E-02  1.65779E-02  1.66371E-02  1.66668E-02  1.66668E-02  1.66371E-02
       .            .            .            .            .            .
       .            .            .            .            .            .
       .            .            .            .            .            .
 -8.83964E-03 -8.83549E-03 -8.82719E-03 -8.81472E-03 -8.79805E-03 -8.77715E-03

338114 out of 512000 gridpoints are considered ( 66.0%).

...done!

 writing cube file quadrupole_expansion.cube                                                                                                                                                                                                                                                                                                                                                                                                                                                                                                                                                                                                                                                                                                                                                                                                                                                                                                                                                                                                                                       
Written cubefile and slice data
Running in analysis mode

Reading "/data/boittier/energies/h2o_geom.xyz.dir/h2o_1318.chk.fchk.potential.cube"...

  h2o Potential=SCF
  Electrostatic potential from Total SCF Density
    3   -4.970736   -4.753916   -4.970736
   80    0.125841    0.000000    0.000000
   80    0.000000    0.125841    0.000000
   80    0.000000    0.000000    0.125841
    8    8.000000    0.000000    0.216820    0.000000
    1    1.000000    1.454766   -0.867424    0.000000
    1    1.000000   -1.454766   -0.867132    0.000000
  6.04317E-03  6.26430E-03  6.49250E-03  6.72776E-03  6.97007E-03  7.21932E-03
       .            .            .            .            .            .
       .            .            .            .            .            .
       .            .            .            .            .            .
 -6.60857E-03 -6.49379E-03 -6.37891E-03 -6.26408E-03 -6.14946E-03 -6.03520E-03

512000 out of 512000 gridpoints are considered (100.0%).

...done!

Reading "/home/boittier/esp_check/quadrupole_expansion.cube"...

  Fitted ESP
  Electrostatic potential fitted from quadrupole expansion.
    3   -4.970736   -4.753916   -4.970736
   80    0.125841    0.000000    0.000000
   80    0.000000    0.125841    0.000000
   80    0.000000    0.000000    0.125841
    8    8.000000    0.000000    0.216820    0.000000
    1    1.000000    1.454766   -0.867424    0.000000
    1    1.000000   -1.454766   -0.867132    0.000000
  5.98223E-03  6.19701E-03  6.41844E-03  6.64651E-03  6.88118E-03  7.12236E-03
       .            .            .            .            .            .
       .            .            .            .            .            .
       .            .            .            .            .            .
 -6.55231E-03 -6.44272E-03 -6.33273E-03 -6.22251E-03 -6.11222E-03 -6.00201E-03

512000 out of 512000 gridpoints are considered (100.0%).

...done!

                       Measure       RMSE[kcal/mol/e]   MaxError[kcal/mol/e]   NPoints
                         Total        6.888366251E-01        4.690633281E+00    407420
Close (  1.20 < r <   1.66 )          1.089531389E+00        4.690633281E+00    143016
Mid-range ( 1.66 < r <  2.20)         3.398734720E-01        1.094062759E+00    195098
Far-range (  2.20         < r)        1.207984965E-01        3.220566848E-01     69306
Did analysis and wrote slice data
