/home/boittier/esp_check
h2o_355
/data/boittier/energies/h2o_geom.xyz.dir
Read multipoles for 3 atoms with max. rank 2
Running in generate mode

Reading "/data/boittier/energies/h2o_geom.xyz.dir/h2o_355.chk.fchk.potential.cube"...

  h2o Potential=SCF
  Electrostatic potential from Total SCF Density
    3   -4.970736   -4.753508   -4.970736
   80    0.125841    0.000000    0.000000
   80    0.000000    0.125841    0.000000
   80    0.000000    0.000000    0.125841
    8    8.000000    0.000000    0.217227    0.000000
    1    1.000000    1.441691   -0.878042    0.000000
    1    1.000000   -1.441691   -0.859778    0.000000
  1.65455E-02  1.65749E-02  1.65749E-02  1.65455E-02  1.62065E-02  1.64112E-02
       .            .            .            .            .            .
       .            .            .            .            .            .
       .            .            .            .            .            .
 -8.97540E-03 -8.97103E-03 -8.96226E-03 -8.94910E-03 -8.93151E-03 -8.90948E-03

338223 out of 512000 gridpoints are considered ( 66.1%).

...done!

 writing cube file quadrupole_expansion.cube                                                                                                                                                                                                                                                                                                                                                                                                                                                                                                                                                                                                                                                                                                                                                                                                                                                                                                                                                                                                                                       
Written cubefile and slice data
Running in analysis mode

Reading "/data/boittier/energies/h2o_geom.xyz.dir/h2o_355.chk.fchk.potential.cube"...

  h2o Potential=SCF
  Electrostatic potential from Total SCF Density
    3   -4.970736   -4.753508   -4.970736
   80    0.125841    0.000000    0.000000
   80    0.000000    0.125841    0.000000
   80    0.000000    0.000000    0.125841
    8    8.000000    0.000000    0.217227    0.000000
    1    1.000000    1.441691   -0.878042    0.000000
    1    1.000000   -1.441691   -0.859778    0.000000
  6.04811E-03  6.26826E-03  6.49539E-03  6.72952E-03  6.97059E-03  7.21853E-03
       .            .            .            .            .            .
       .            .            .            .            .            .
       .            .            .            .            .            .
 -6.65386E-03 -6.53759E-03 -6.42126E-03 -6.30500E-03 -6.18899E-03 -6.07337E-03

512000 out of 512000 gridpoints are considered (100.0%).

...done!

Reading "/home/boittier/esp_check/quadrupole_expansion.cube"...

  Fitted ESP
  Electrostatic potential fitted from quadrupole expansion.
    3   -4.970736   -4.753508   -4.970736
   80    0.125841    0.000000    0.000000
   80    0.000000    0.125841    0.000000
   80    0.000000    0.000000    0.125841
    8    8.000000    0.000000    0.217227    0.000000
    1    1.000000    1.441691   -0.878042    0.000000
    1    1.000000   -1.441691   -0.859778    0.000000
  5.98845E-03  6.20232E-03  6.42277E-03  6.64978E-03  6.88330E-03  7.12324E-03
       .            .            .            .            .            .
       .            .            .            .            .            .
       .            .            .            .            .            .
 -6.59907E-03 -6.48794E-03 -6.37644E-03 -6.26475E-03 -6.15301E-03 -6.04139E-03

512000 out of 512000 gridpoints are considered (100.0%).

...done!

                       Measure       RMSE[kcal/mol/e]   MaxError[kcal/mol/e]   NPoints
                         Total        6.867778292E-01        4.689503764E+00    407642
Close (  1.20 < r <   1.66 )          1.086621642E+00        4.689503764E+00    142990
Mid-range ( 1.66 < r <  2.20)         3.389239964E-01        1.082955842E+00    195233
Far-range (  2.20         < r)        1.205430591E-01        3.208016658E-01     69419
Did analysis and wrote slice data
