/home/boittier/esp_check
h2o_430
/data/boittier/energies/h2o_geom.xyz.dir
Read multipoles for 3 atoms with max. rank 2
Running in generate mode

Reading "/data/boittier/energies/h2o_geom.xyz.dir/h2o_430.chk.fchk.potential.cube"...

  h2o Potential=SCF
  Electrostatic potential from Total SCF Density
    3   -4.970736   -4.747379   -4.970736
   80    0.125841    0.000000    0.000000
   80    0.000000    0.125841    0.000000
   80    0.000000    0.000000    0.125841
    8    8.000000    0.000000    0.223356    0.000000
    1    1.000000    1.418588   -0.906650    0.000000
    1    1.000000   -1.418588   -0.880200    0.000000
  1.67027E-02  1.67322E-02  1.67322E-02  1.67027E-02  1.63486E-02  1.65540E-02
       .            .            .            .            .            .
       .            .            .            .            .            .
       .            .            .            .            .            .
 -9.30125E-03 -9.29640E-03 -9.28670E-03 -9.27215E-03 -9.25272E-03 -9.22842E-03

338292 out of 512000 gridpoints are considered ( 66.1%).

...done!

 writing cube file quadrupole_expansion.cube                                                                                                                                                                                                                                                                                                                                                                                                                                                                                                                                                                                                                                                                                                                                                                                                                                                                                                                                                                                                                                       
Written cubefile and slice data
Running in analysis mode

Reading "/data/boittier/energies/h2o_geom.xyz.dir/h2o_430.chk.fchk.potential.cube"...

  h2o Potential=SCF
  Electrostatic potential from Total SCF Density
    3   -4.970736   -4.747379   -4.970736
   80    0.125841    0.000000    0.000000
   80    0.000000    0.125841    0.000000
   80    0.000000    0.000000    0.125841
    8    8.000000    0.000000    0.223356    0.000000
    1    1.000000    1.418588   -0.906650    0.000000
    1    1.000000   -1.418588   -0.880200    0.000000
  6.15586E-03  6.37845E-03  6.60806E-03  6.84469E-03  7.08829E-03  7.33879E-03
       .            .            .            .            .            .
       .            .            .            .            .            .
       .            .            .            .            .            .
 -6.78541E-03 -6.66593E-03 -6.54642E-03 -6.42704E-03 -6.30794E-03 -6.18929E-03

512000 out of 512000 gridpoints are considered (100.0%).

...done!

Reading "/home/boittier/esp_check/quadrupole_expansion.cube"...

  Fitted ESP
  Electrostatic potential fitted from quadrupole expansion.
    3   -4.970736   -4.747379   -4.970736
   80    0.125841    0.000000    0.000000
   80    0.000000    0.125841    0.000000
   80    0.000000    0.000000    0.125841
    8    8.000000    0.000000    0.223356    0.000000
    1    1.000000    1.418588   -0.906650    0.000000
    1    1.000000   -1.418588   -0.880200    0.000000
  6.09841E-03  6.31480E-03  6.53779E-03  6.76738E-03  7.00350E-03  7.24607E-03
       .            .            .            .            .            .
       .            .            .            .            .            .
       .            .            .            .            .            .
 -6.73364E-03 -6.61919E-03 -6.50441E-03 -6.38949E-03 -6.27458E-03 -6.15983E-03

512000 out of 512000 gridpoints are considered (100.0%).

...done!

                       Measure       RMSE[kcal/mol/e]   MaxError[kcal/mol/e]   NPoints
                         Total        6.783492427E-01        4.699794919E+00    407626
Close (  1.20 < r <   1.66 )          1.072937477E+00        4.699794919E+00    143104
Mid-range ( 1.66 < r <  2.20)         3.346281311E-01        1.062812788E+00    195188
Far-range (  2.20         < r)        1.186022926E-01        3.202620077E-01     69334
Did analysis and wrote slice data
