/home/boittier/esp_check
h2o_354
/data/boittier/energies/h2o_geom.xyz.dir
Read multipoles for 3 atoms with max. rank 2
Running in generate mode

Reading "/data/boittier/energies/h2o_geom.xyz.dir/h2o_354.chk.fchk.potential.cube"...

  h2o Potential=SCF
  Electrostatic potential from Total SCF Density
    3   -4.970736   -4.751659   -4.970736
   80    0.125841    0.000000    0.000000
   80    0.000000    0.125841    0.000000
   80    0.000000    0.000000    0.125841
    8    8.000000    0.000000    0.219077    0.000000
    1    1.000000    1.439273   -0.879576    0.000000
    1    1.000000   -1.439273   -0.873037    0.000000
  1.65986E-02  1.66576E-02  1.66872E-02  1.66872E-02  1.66576E-02  1.65986E-02
       .            .            .            .            .            .
       .            .            .            .            .            .
       .            .            .            .            .            .
 -9.00011E-03 -8.99572E-03 -8.98692E-03 -8.97370E-03 -8.95604E-03 -8.93393E-03

338212 out of 512000 gridpoints are considered ( 66.1%).

...done!

 writing cube file quadrupole_expansion.cube                                                                                                                                                                                                                                                                                                                                                                                                                                                                                                                                                                                                                                                                                                                                                                                                                                                                                                                                                                                                                                       
Written cubefile and slice data
Running in analysis mode

Reading "/data/boittier/energies/h2o_geom.xyz.dir/h2o_354.chk.fchk.potential.cube"...

  h2o Potential=SCF
  Electrostatic potential from Total SCF Density
    3   -4.970736   -4.751659   -4.970736
   80    0.125841    0.000000    0.000000
   80    0.000000    0.125841    0.000000
   80    0.000000    0.000000    0.125841
    8    8.000000    0.000000    0.219077    0.000000
    1    1.000000    1.439273   -0.879576    0.000000
    1    1.000000   -1.439273   -0.873037    0.000000
  6.08583E-03  6.30747E-03  6.53617E-03  6.77191E-03  7.01466E-03  7.26433E-03
       .            .            .            .            .            .
       .            .            .            .            .            .
       .            .            .            .            .            .
 -6.66830E-03 -6.55190E-03 -6.43541E-03 -6.31900E-03 -6.20284E-03 -6.08705E-03

512000 out of 512000 gridpoints are considered (100.0%).

...done!

Reading "/home/boittier/esp_check/quadrupole_expansion.cube"...

  Fitted ESP
  Electrostatic potential fitted from quadrupole expansion.
    3   -4.970736   -4.751659   -4.970736
   80    0.125841    0.000000    0.000000
   80    0.000000    0.125841    0.000000
   80    0.000000    0.000000    0.125841
    8    8.000000    0.000000    0.219077    0.000000
    1    1.000000    1.439273   -0.879576    0.000000
    1    1.000000   -1.439273   -0.873037    0.000000
  6.02610E-03  6.24144E-03  6.46343E-03  6.69202E-03  6.92719E-03  7.16884E-03
       .            .            .            .            .            .
       .            .            .            .            .            .
       .            .            .            .            .            .
 -6.61349E-03 -6.50222E-03 -6.39059E-03 -6.27874E-03 -6.16686E-03 -6.05508E-03

512000 out of 512000 gridpoints are considered (100.0%).

...done!

                       Measure       RMSE[kcal/mol/e]   MaxError[kcal/mol/e]   NPoints
                         Total        6.851413489E-01        4.693268821E+00    407560
Close (  1.20 < r <   1.66 )          1.083762175E+00        4.693268821E+00    143058
Mid-range ( 1.66 < r <  2.20)         3.379583907E-01        1.076304241E+00    195154
Far-range (  2.20         < r)        1.200341480E-01        3.210965953E-01     69348
Did analysis and wrote slice data
