/home/boittier/esp_check
h2o_666
/data/boittier/energies/h2o_geom.xyz.dir
Read multipoles for 3 atoms with max. rank 2
Running in generate mode

Reading "/data/boittier/energies/h2o_geom.xyz.dir/h2o_666.chk.fchk.potential.cube"...

  h2o Potential=SCF
  Electrostatic potential from Total SCF Density
    3   -4.970736   -4.740499   -4.970736
   80    0.125841    0.000000    0.000000
   80    0.000000    0.125841    0.000000
   80    0.000000    0.000000    0.125841
    8    8.000000    0.000000    0.230237    0.000000
    1    1.000000    1.431509   -0.885908    0.000000
    1    1.000000   -1.431509   -0.955984    0.000000
  1.67437E-02  1.69223E-02  1.70734E-02  1.71959E-02  1.72887E-02  1.73510E-02
       .            .            .            .            .            .
       .            .            .            .            .            .
       .            .            .            .            .            .
 -9.09089E-03 -9.08648E-03 -9.07766E-03 -9.06440E-03 -9.04669E-03 -9.02450E-03

337972 out of 512000 gridpoints are considered ( 66.0%).

...done!

 writing cube file quadrupole_expansion.cube                                                                                                                                                                                                                                                                                                                                                                                                                                                                                                                                                                                                                                                                                                                                                                                                                                                                                                                                                                                                                                       
Written cubefile and slice data
Running in analysis mode

Reading "/data/boittier/energies/h2o_geom.xyz.dir/h2o_666.chk.fchk.potential.cube"...

  h2o Potential=SCF
  Electrostatic potential from Total SCF Density
    3   -4.970736   -4.740499   -4.970736
   80    0.125841    0.000000    0.000000
   80    0.000000    0.125841    0.000000
   80    0.000000    0.000000    0.125841
    8    8.000000    0.000000    0.230237    0.000000
    1    1.000000    1.431509   -0.885908    0.000000
    1    1.000000   -1.431509   -0.955984    0.000000
  6.29787E-03  6.52864E-03  6.76685E-03  7.01251E-03  7.26558E-03  7.52600E-03
       .            .            .            .            .            .
       .            .            .            .            .            .
       .            .            .            .            .            .
 -6.73440E-03 -6.61777E-03 -6.50102E-03 -6.38432E-03 -6.26781E-03 -6.15166E-03

512000 out of 512000 gridpoints are considered (100.0%).

...done!

Reading "/home/boittier/esp_check/quadrupole_expansion.cube"...

  Fitted ESP
  Electrostatic potential fitted from quadrupole expansion.
    3   -4.970736   -4.740499   -4.970736
   80    0.125841    0.000000    0.000000
   80    0.000000    0.125841    0.000000
   80    0.000000    0.000000    0.125841
    8    8.000000    0.000000    0.230237    0.000000
    1    1.000000    1.431509   -0.885908    0.000000
    1    1.000000   -1.431509   -0.955984    0.000000
  6.23774E-03  6.46208E-03  6.69343E-03  6.93178E-03  7.17711E-03  7.42933E-03
       .            .            .            .            .            .
       .            .            .            .            .            .
       .            .            .            .            .            .
 -6.67952E-03 -6.56805E-03 -6.45617E-03 -6.34404E-03 -6.23184E-03 -6.11972E-03

512000 out of 512000 gridpoints are considered (100.0%).

...done!

                       Measure       RMSE[kcal/mol/e]   MaxError[kcal/mol/e]   NPoints
                         Total        6.743866016E-01        4.718369199E+00    406888
Close (  1.20 < r <   1.66 )          1.064562656E+00        4.718369199E+00    143532
Mid-range ( 1.66 < r <  2.20)         3.320994948E-01        1.071221415E+00    194440
Far-range (  2.20         < r)        1.169666242E-01        3.238576370E-01     68916
Did analysis and wrote slice data
