/home/boittier/esp_check
h2o_1177
/data/boittier/energies/h2o_geom.xyz.dir
Read multipoles for 3 atoms with max. rank 2
Running in generate mode

Reading "/data/boittier/energies/h2o_geom.xyz.dir/h2o_1177.chk.fchk.potential.cube"...

  h2o Potential=SCF
  Electrostatic potential from Total SCF Density
    3   -4.970736   -4.752224   -4.970736
   80    0.125841    0.000000    0.000000
   80    0.000000    0.125841    0.000000
   80    0.000000    0.000000    0.125841
    8    8.000000    0.000000    0.218512    0.000000
    1    1.000000    1.402860   -0.935472    0.000000
    1    1.000000   -1.402860   -0.812625    0.000000
  1.63113E-02  1.64277E-02  1.65159E-02  1.65752E-02  1.66049E-02  1.66049E-02
       .            .            .            .            .            .
       .            .            .            .            .            .
       .            .            .            .            .            .
 -9.58022E-03 -9.57484E-03 -9.56409E-03 -9.54797E-03 -9.52647E-03 -9.49960E-03

338530 out of 512000 gridpoints are considered ( 66.1%).

...done!

 writing cube file quadrupole_expansion.cube                                                                                                                                                                                                                                                                                                                                                                                                                                                                                                                                                                                                                                                                                                                                                                                                                                                                                                                                                                                                                                       
Written cubefile and slice data
Running in analysis mode

Reading "/data/boittier/energies/h2o_geom.xyz.dir/h2o_1177.chk.fchk.potential.cube"...

  h2o Potential=SCF
  Electrostatic potential from Total SCF Density
    3   -4.970736   -4.752224   -4.970736
   80    0.125841    0.000000    0.000000
   80    0.000000    0.125841    0.000000
   80    0.000000    0.000000    0.125841
    8    8.000000    0.000000    0.218512    0.000000
    1    1.000000    1.402860   -0.935472    0.000000
    1    1.000000   -1.402860   -0.812625    0.000000
  6.03876E-03  6.25416E-03  6.47622E-03  6.70491E-03  6.94018E-03  7.18193E-03
       .            .            .            .            .            .
       .            .            .            .            .            .
       .            .            .            .            .            .
 -6.86532E-03 -6.74238E-03 -6.61950E-03 -6.49684E-03 -6.37457E-03 -6.25282E-03

512000 out of 512000 gridpoints are considered (100.0%).

...done!

Reading "/home/boittier/esp_check/quadrupole_expansion.cube"...

  Fitted ESP
  Electrostatic potential fitted from quadrupole expansion.
    3   -4.970736   -4.752224   -4.970736
   80    0.125841    0.000000    0.000000
   80    0.000000    0.125841    0.000000
   80    0.000000    0.000000    0.125841
    8    8.000000    0.000000    0.218512    0.000000
    1    1.000000    1.402860   -0.935472    0.000000
    1    1.000000   -1.402860   -0.812625    0.000000
  5.98510E-03  6.19457E-03  6.41030E-03  6.63224E-03  6.86034E-03  7.09451E-03
       .            .            .            .            .            .
       .            .            .            .            .            .
       .            .            .            .            .            .
 -6.81797E-03 -6.69987E-03 -6.58153E-03 -6.46315E-03 -6.34487E-03 -6.22686E-03

512000 out of 512000 gridpoints are considered (100.0%).

...done!

                       Measure       RMSE[kcal/mol/e]   MaxError[kcal/mol/e]   NPoints
                         Total        6.794363264E-01        4.683354171E+00    408232
Close (  1.20 < r <   1.66 )          1.076090769E+00        4.683354171E+00    142842
Mid-range ( 1.66 < r <  2.20)         3.356765918E-01        1.053902153E+00    195688
Far-range (  2.20         < r)        1.195881415E-01        3.202369073E-01     69702
Did analysis and wrote slice data
