/home/boittier/esp_check
h2o_168
/data/boittier/energies/h2o_geom.xyz.dir
Read multipoles for 3 atoms with max. rank 2
Running in generate mode

Reading "/data/boittier/energies/h2o_geom.xyz.dir/h2o_168.chk.fchk.potential.cube"...

  h2o Potential=SCF
  Electrostatic potential from Total SCF Density
    3   -4.970736   -4.747701   -4.970736
   80    0.125841    0.000000    0.000000
   80    0.000000    0.125841    0.000000
   80    0.000000    0.000000    0.125841
    8    8.000000    0.000000    0.223035    0.000000
    1    1.000000    1.447034   -0.868756    0.000000
    1    1.000000   -1.447034   -0.915521    0.000000
  1.66177E-02  1.67658E-02  1.68858E-02  1.69768E-02  1.70378E-02  1.70685E-02
       .            .            .            .            .            .
       .            .            .            .            .            .
       .            .            .            .            .            .
 -8.88841E-03 -8.88425E-03 -8.87593E-03 -8.86343E-03 -8.84673E-03 -8.82578E-03

338040 out of 512000 gridpoints are considered ( 66.0%).

...done!

 writing cube file quadrupole_expansion.cube                                                                                                                                                                                                                                                                                                                                                                                                                                                                                                                                                                                                                                                                                                                                                                                                                                                                                                                                                                                                                                       
Written cubefile and slice data
Running in analysis mode

Reading "/data/boittier/energies/h2o_geom.xyz.dir/h2o_168.chk.fchk.potential.cube"...

  h2o Potential=SCF
  Electrostatic potential from Total SCF Density
    3   -4.970736   -4.747701   -4.970736
   80    0.125841    0.000000    0.000000
   80    0.000000    0.125841    0.000000
   80    0.000000    0.000000    0.125841
    8    8.000000    0.000000    0.223035    0.000000
    1    1.000000    1.447034   -0.868756    0.000000
    1    1.000000   -1.447034   -0.915521    0.000000
  6.17138E-03  6.39781E-03  6.63154E-03  6.87256E-03  7.12084E-03  7.37632E-03
       .            .            .            .            .            .
       .            .            .            .            .            .
       .            .            .            .            .            .
 -6.64370E-03 -6.52882E-03 -6.41382E-03 -6.29886E-03 -6.18408E-03 -6.06964E-03

512000 out of 512000 gridpoints are considered (100.0%).

...done!

Reading "/home/boittier/esp_check/quadrupole_expansion.cube"...

  Fitted ESP
  Electrostatic potential fitted from quadrupole expansion.
    3   -4.970736   -4.747701   -4.970736
   80    0.125841    0.000000    0.000000
   80    0.000000    0.125841    0.000000
   80    0.000000    0.000000    0.125841
    8    8.000000    0.000000    0.223035    0.000000
    1    1.000000    1.447034   -0.868756    0.000000
    1    1.000000   -1.447034   -0.915521    0.000000
  6.11002E-03  6.33002E-03  6.55689E-03  6.79062E-03  7.03117E-03  7.27845E-03
       .            .            .            .            .            .
       .            .            .            .            .            .
       .            .            .            .            .            .
 -6.58705E-03 -6.47739E-03 -6.36732E-03 -6.25700E-03 -6.14657E-03 -6.03621E-03

512000 out of 512000 gridpoints are considered (100.0%).

...done!

                       Measure       RMSE[kcal/mol/e]   MaxError[kcal/mol/e]   NPoints
                         Total        6.829252880E-01        4.706007263E+00    407130
Close (  1.20 < r <   1.66 )          1.078968638E+00        4.706007263E+00    143298
Mid-range ( 1.66 < r <  2.20)         3.366976267E-01        1.079253536E+00    194742
Far-range (  2.20         < r)        1.190633958E-01        3.232928784E-01     69090
Did analysis and wrote slice data
