/home/boittier/esp_check
h2o_1648
/data/boittier/energies/h2o_geom.xyz.dir
Read multipoles for 3 atoms with max. rank 2
Running in generate mode

Reading "/data/boittier/energies/h2o_geom.xyz.dir/h2o_1648.chk.fchk.potential.cube"...

  h2o Potential=SCF
  Electrostatic potential from Total SCF Density
    3   -4.970736   -4.730621   -4.970736
   80    0.125841    0.000000    0.000000
   80    0.000000    0.125841    0.000000
   80    0.000000    0.000000    0.125841
    8    8.000000    0.000000    0.240115    0.000000
    1    1.000000    1.428389   -0.891951    0.000000
    1    1.000000   -1.428389   -1.028967    0.000000
  1.71948E-02  1.73153E-02  1.74066E-02  1.74680E-02  1.74987E-02  1.74987E-02
       .            .            .            .            .            .
       .            .            .            .            .            .
       .            .            .            .            .            .
 -9.14751E-03 -9.14312E-03 -9.13433E-03 -9.12113E-03 -9.10349E-03 -9.08139E-03

337782 out of 512000 gridpoints are considered ( 66.0%).

...done!

 writing cube file quadrupole_expansion.cube                                                                                                                                                                                                                                                                                                                                                                                                                                                                                                                                                                                                                                                                                                                                                                                                                                                                                                                                                                                                                                       
Written cubefile and slice data
Running in analysis mode

Reading "/data/boittier/energies/h2o_geom.xyz.dir/h2o_1648.chk.fchk.potential.cube"...

  h2o Potential=SCF
  Electrostatic potential from Total SCF Density
    3   -4.970736   -4.730621   -4.970736
   80    0.125841    0.000000    0.000000
   80    0.000000    0.125841    0.000000
   80    0.000000    0.000000    0.125841
    8    8.000000    0.000000    0.240115    0.000000
    1    1.000000    1.428389   -0.891951    0.000000
    1    1.000000   -1.428389   -1.028967    0.000000
  6.46321E-03  6.70163E-03  6.94786E-03  7.20190E-03  7.46374E-03  7.73330E-03
       .            .            .            .            .            .
       .            .            .            .            .            .
       .            .            .            .            .            .
 -6.78192E-03 -6.66535E-03 -6.54863E-03 -6.43192E-03 -6.31538E-03 -6.19915E-03

512000 out of 512000 gridpoints are considered (100.0%).

...done!

Reading "/home/boittier/esp_check/quadrupole_expansion.cube"...

  Fitted ESP
  Electrostatic potential fitted from quadrupole expansion.
    3   -4.970736   -4.730621   -4.970736
   80    0.125841    0.000000    0.000000
   80    0.000000    0.125841    0.000000
   80    0.000000    0.000000    0.125841
    8    8.000000    0.000000    0.240115    0.000000
    1    1.000000    1.428389   -0.891951    0.000000
    1    1.000000   -1.428389   -1.028967    0.000000
  6.40333E-03  6.63524E-03  6.87451E-03  7.12115E-03  7.37512E-03  7.63635E-03
       .            .            .            .            .            .
       .            .            .            .            .            .
       .            .            .            .            .            .
 -6.72771E-03 -6.61627E-03 -6.50438E-03 -6.39223E-03 -6.27996E-03 -6.16774E-03

512000 out of 512000 gridpoints are considered (100.0%).

...done!

                       Measure       RMSE[kcal/mol/e]   MaxError[kcal/mol/e]   NPoints
                         Total        6.647617787E-01        4.732111657E+00    406196
Close (  1.20 < r <   1.66 )          1.047431080E+00        4.732111657E+00    143991
Mid-range ( 1.66 < r <  2.20)         3.263530664E-01        1.067079852E+00    193791
Far-range (  2.20         < r)        1.138744148E-01        3.259911691E-01     68414
Did analysis and wrote slice data
