/home/boittier/esp_check
h2o_1701
/data/boittier/energies/h2o_geom.xyz.dir
Read multipoles for 3 atoms with max. rank 2
Running in generate mode

Reading "/data/boittier/energies/h2o_geom.xyz.dir/h2o_1701.chk.fchk.potential.cube"...

  h2o Potential=SCF
  Electrostatic potential from Total SCF Density
    3   -4.970736   -4.729802   -4.970736
   80    0.125841    0.000000    0.000000
   80    0.000000    0.125841    0.000000
   80    0.000000    0.000000    0.125841
    8    8.000000    0.000000    0.240933    0.000000
    1    1.000000    1.406343   -0.928139    0.000000
    1    1.000000   -1.406343   -0.999327    0.000000
  1.72225E-02  1.72524E-02  1.72524E-02  1.72225E-02  1.68514E-02  1.70593E-02
       .            .            .            .            .            .
       .            .            .            .            .            .
       .            .            .            .            .            .
 -9.52061E-03 -9.51562E-03 -9.50564E-03 -9.49066E-03 -9.47068E-03 -9.44568E-03

337964 out of 512000 gridpoints are considered ( 66.0%).

...done!

 writing cube file quadrupole_expansion.cube                                                                                                                                                                                                                                                                                                                                                                                                                                                                                                                                                                                                                                                                                                                                                                                                                                                                                                                                                                                                                                       
Written cubefile and slice data
Running in analysis mode

Reading "/data/boittier/energies/h2o_geom.xyz.dir/h2o_1701.chk.fchk.potential.cube"...

  h2o Potential=SCF
  Electrostatic potential from Total SCF Density
    3   -4.970736   -4.729802   -4.970736
   80    0.125841    0.000000    0.000000
   80    0.000000    0.125841    0.000000
   80    0.000000    0.000000    0.125841
    8    8.000000    0.000000    0.240933    0.000000
    1    1.000000    1.406343   -0.928139    0.000000
    1    1.000000   -1.406343   -0.999327    0.000000
  6.46117E-03  6.69666E-03  6.93973E-03  7.19038E-03  7.44858E-03  7.71426E-03
       .            .            .            .            .            .
       .            .            .            .            .            .
       .            .            .            .            .            .
 -6.91636E-03 -6.79566E-03 -6.67489E-03 -6.55421E-03 -6.43378E-03 -6.31375E-03

512000 out of 512000 gridpoints are considered (100.0%).

...done!

Reading "/home/boittier/esp_check/quadrupole_expansion.cube"...

  Fitted ESP
  Electrostatic potential fitted from quadrupole expansion.
    3   -4.970736   -4.729802   -4.970736
   80    0.125841    0.000000    0.000000
   80    0.000000    0.125841    0.000000
   80    0.000000    0.000000    0.125841
    8    8.000000    0.000000    0.240933    0.000000
    1    1.000000    1.406343   -0.928139    0.000000
    1    1.000000   -1.406343   -0.999327    0.000000
  6.40436E-03  6.63351E-03  6.86980E-03  7.11323E-03  7.36376E-03  7.62130E-03
       .            .            .            .            .            .
       .            .            .            .            .            .
       .            .            .            .            .            .
 -6.86632E-03 -6.75059E-03 -6.63451E-03 -6.51823E-03 -6.40194E-03 -6.28578E-03

512000 out of 512000 gridpoints are considered (100.0%).

...done!

                       Measure       RMSE[kcal/mol/e]   MaxError[kcal/mol/e]   NPoints
                         Total        6.605341218E-01        4.730668385E+00    406562
Close (  1.20 < r <   1.66 )          1.041642861E+00        4.730668385E+00    143836
Mid-range ( 1.66 < r <  2.20)         3.244828096E-01        1.052270629E+00    194128
Far-range (  2.20         < r)        1.133067268E-01        3.235438822E-01     68598
Did analysis and wrote slice data
