/home/boittier/esp_check
h2o_160
/data/boittier/energies/h2o_geom.xyz.dir
Read multipoles for 3 atoms with max. rank 2
Running in generate mode

Reading "/data/boittier/energies/h2o_geom.xyz.dir/h2o_160.chk.fchk.potential.cube"...

  h2o Potential=SCF
  Electrostatic potential from Total SCF Density
    3   -4.970736   -4.752024   -4.970736
   80    0.125841    0.000000    0.000000
   80    0.000000    0.125841    0.000000
   80    0.000000    0.000000    0.125841
    8    8.000000    0.000000    0.218712    0.000000
    1    1.000000    1.404425   -0.928677    0.000000
    1    1.000000   -1.404425   -0.821017    0.000000
  1.63736E-02  1.64908E-02  1.65796E-02  1.66392E-02  1.66691E-02  1.66691E-02
       .            .            .            .            .            .
       .            .            .            .            .            .
       .            .            .            .            .            .
 -9.52078E-03 -9.51550E-03 -9.50495E-03 -9.48911E-03 -9.46800E-03 -9.44161E-03

338536 out of 512000 gridpoints are considered ( 66.1%).

...done!

 writing cube file quadrupole_expansion.cube                                                                                                                                                                                                                                                                                                                                                                                                                                                                                                                                                                                                                                                                                                                                                                                                                                                                                                                                                                                                                                       
Written cubefile and slice data
Running in analysis mode

Reading "/data/boittier/energies/h2o_geom.xyz.dir/h2o_160.chk.fchk.potential.cube"...

  h2o Potential=SCF
  Electrostatic potential from Total SCF Density
    3   -4.970736   -4.752024   -4.970736
   80    0.125841    0.000000    0.000000
   80    0.000000    0.125841    0.000000
   80    0.000000    0.000000    0.125841
    8    8.000000    0.000000    0.218712    0.000000
    1    1.000000    1.404425   -0.928677    0.000000
    1    1.000000   -1.404425   -0.821017    0.000000
  6.04926E-03  6.26544E-03  6.48832E-03  6.71787E-03  6.95404E-03  7.19675E-03
       .            .            .            .            .            .
       .            .            .            .            .            .
       .            .            .            .            .            .
 -6.84454E-03 -6.72228E-03 -6.60007E-03 -6.47807E-03 -6.35643E-03 -6.23531E-03

512000 out of 512000 gridpoints are considered (100.0%).

...done!

Reading "/home/boittier/esp_check/quadrupole_expansion.cube"...

  Fitted ESP
  Electrostatic potential fitted from quadrupole expansion.
    3   -4.970736   -4.752024   -4.970736
   80    0.125841    0.000000    0.000000
   80    0.000000    0.125841    0.000000
   80    0.000000    0.000000    0.125841
    8    8.000000    0.000000    0.218712    0.000000
    1    1.000000    1.404425   -0.928677    0.000000
    1    1.000000   -1.404425   -0.821017    0.000000
  5.99493E-03  6.20514E-03  6.42164E-03  6.64440E-03  6.87336E-03  7.10843E-03
       .            .            .            .            .            .
       .            .            .            .            .            .
       .            .            .            .            .            .
 -6.79632E-03 -6.67894E-03 -6.56131E-03 -6.44361E-03 -6.32601E-03 -6.20866E-03

512000 out of 512000 gridpoints are considered (100.0%).

...done!

                       Measure       RMSE[kcal/mol/e]   MaxError[kcal/mol/e]   NPoints
                         Total        6.795909287E-01        4.684671941E+00    408202
Close (  1.20 < r <   1.66 )          1.076344616E+00        4.684671941E+00    142824
Mid-range ( 1.66 < r <  2.20)         3.357778490E-01        1.054906168E+00    195712
Far-range (  2.20         < r)        1.195417991E-01        3.190383642E-01     69666
Did analysis and wrote slice data
