/home/boittier/esp_check
h2o_1707
/data/boittier/energies/h2o_geom.xyz.dir
Read multipoles for 3 atoms with max. rank 2
Running in generate mode

Reading "/data/boittier/energies/h2o_geom.xyz.dir/h2o_1707.chk.fchk.potential.cube"...

  h2o Potential=SCF
  Electrostatic potential from Total SCF Density
    3   -4.970736   -4.762242   -4.970736
   80    0.125841    0.000000    0.000000
   80    0.000000    0.125841    0.000000
   80    0.000000    0.000000    0.125841
    8    8.000000    0.000000    0.208494    0.000000
    1    1.000000    1.416096   -0.919996    0.000000
    1    1.000000   -1.416096   -0.747955    0.000000
  1.58560E-02  1.60295E-02  1.61764E-02  1.62955E-02  1.63857E-02  1.64463E-02
       .            .            .            .            .            .
       .            .            .            .            .            .
       .            .            .            .            .            .
 -9.38535E-03 -9.38014E-03 -9.36974E-03 -9.35413E-03 -9.33331E-03 -9.30729E-03

338592 out of 512000 gridpoints are considered ( 66.1%).

...done!

 writing cube file quadrupole_expansion.cube                                                                                                                                                                                                                                                                                                                                                                                                                                                                                                                                                                                                                                                                                                                                                                                                                                                                                                                                                                                                                                       
Written cubefile and slice data
Running in analysis mode

Reading "/data/boittier/energies/h2o_geom.xyz.dir/h2o_1707.chk.fchk.potential.cube"...

  h2o Potential=SCF
  Electrostatic potential from Total SCF Density
    3   -4.970736   -4.762242   -4.970736
   80    0.125841    0.000000    0.000000
   80    0.000000    0.125841    0.000000
   80    0.000000    0.000000    0.125841
    8    8.000000    0.000000    0.208494    0.000000
    1    1.000000    1.416096   -0.919996    0.000000
    1    1.000000   -1.416096   -0.747955    0.000000
  5.82741E-03  6.03497E-03  6.24890E-03  6.46917E-03  6.69572E-03  6.92847E-03
       .            .            .            .            .            .
       .            .            .            .            .            .
       .            .            .            .            .            .
 -6.75992E-03 -6.63846E-03 -6.51708E-03 -6.39592E-03 -6.27516E-03 -6.15495E-03

512000 out of 512000 gridpoints are considered (100.0%).

...done!

Reading "/home/boittier/esp_check/quadrupole_expansion.cube"...

  Fitted ESP
  Electrostatic potential fitted from quadrupole expansion.
    3   -4.970736   -4.762242   -4.970736
   80    0.125841    0.000000    0.000000
   80    0.000000    0.125841    0.000000
   80    0.000000    0.000000    0.125841
    8    8.000000    0.000000    0.208494    0.000000
    1    1.000000    1.416096   -0.919996    0.000000
    1    1.000000   -1.416096   -0.747955    0.000000
  5.77434E-03  5.97611E-03  6.18385E-03  6.39753E-03  6.61709E-03  6.84243E-03
       .            .            .            .            .            .
       .            .            .            .            .            .
       .            .            .            .            .            .
 -6.71261E-03 -6.59594E-03 -6.47905E-03 -6.36213E-03 -6.24532E-03 -6.12880E-03

512000 out of 512000 gridpoints are considered (100.0%).

...done!

                       Measure       RMSE[kcal/mol/e]   MaxError[kcal/mol/e]   NPoints
                         Total        6.889255834E-01        4.685550454E+00    408658
Close (  1.20 < r <   1.66 )          1.092936595E+00        4.685550454E+00    142457
Mid-range ( 1.66 < r <  2.20)         3.405201640E-01        1.077182754E+00    196135
Far-range (  2.20         < r)        1.222784293E-01        3.328435725E-01     70066
Did analysis and wrote slice data
