/home/boittier/esp_check
h2o_687
/data/boittier/energies/h2o_geom.xyz.dir
Read multipoles for 3 atoms with max. rank 2
Running in generate mode

Reading "/data/boittier/energies/h2o_geom.xyz.dir/h2o_687.chk.fchk.potential.cube"...

  h2o Potential=SCF
  Electrostatic potential from Total SCF Density
    3   -4.970736   -4.746555   -4.970736
   80    0.125841    0.000000    0.000000
   80    0.000000    0.125841    0.000000
   80    0.000000    0.000000    0.125841
    8    8.000000    0.000000    0.224181    0.000000
    1    1.000000    1.433029   -0.887213    0.000000
    1    1.000000   -1.433029   -0.906234    0.000000
  1.66707E-02  1.67891E-02  1.68788E-02  1.69391E-02  1.69693E-02  1.69693E-02
       .            .            .            .            .            .
       .            .            .            .            .            .
       .            .            .            .            .            .
 -9.09241E-03 -9.08792E-03 -9.07895E-03 -9.06547E-03 -9.04746E-03 -9.02491E-03

338141 out of 512000 gridpoints are considered ( 66.0%).

...done!

 writing cube file quadrupole_expansion.cube                                                                                                                                                                                                                                                                                                                                                                                                                                                                                                                                                                                                                                                                                                                                                                                                                                                                                                                                                                                                                                       
Written cubefile and slice data
Running in analysis mode

Reading "/data/boittier/energies/h2o_geom.xyz.dir/h2o_687.chk.fchk.potential.cube"...

  h2o Potential=SCF
  Electrostatic potential from Total SCF Density
    3   -4.970736   -4.746555   -4.970736
   80    0.125841    0.000000    0.000000
   80    0.000000    0.125841    0.000000
   80    0.000000    0.000000    0.125841
    8    8.000000    0.000000    0.224181    0.000000
    1    1.000000    1.433029   -0.887213    0.000000
    1    1.000000   -1.433029   -0.906234    0.000000
  6.18252E-03  6.40793E-03  6.64053E-03  6.88034E-03  7.12730E-03  7.38135E-03
       .            .            .            .            .            .
       .            .            .            .            .            .
       .            .            .            .            .            .
 -6.71683E-03 -6.59975E-03 -6.48258E-03 -6.36549E-03 -6.24863E-03 -6.13215E-03

512000 out of 512000 gridpoints are considered (100.0%).

...done!

Reading "/home/boittier/esp_check/quadrupole_expansion.cube"...

  Fitted ESP
  Electrostatic potential fitted from quadrupole expansion.
    3   -4.970736   -4.746555   -4.970736
   80    0.125841    0.000000    0.000000
   80    0.000000    0.125841    0.000000
   80    0.000000    0.000000    0.125841
    8    8.000000    0.000000    0.224181    0.000000
    1    1.000000    1.433029   -0.887213    0.000000
    1    1.000000   -1.433029   -0.906234    0.000000
  6.12294E-03  6.34201E-03  6.56786E-03  6.80047E-03  7.03980E-03  7.28576E-03
       .            .            .            .            .            .
       .            .            .            .            .            .
       .            .            .            .            .            .
 -6.66244E-03 -6.55050E-03 -6.43817E-03 -6.32563E-03 -6.21305E-03 -6.10058E-03

512000 out of 512000 gridpoints are considered (100.0%).

...done!

                       Measure       RMSE[kcal/mol/e]   MaxError[kcal/mol/e]   NPoints
                         Total        6.797732203E-01        4.704752244E+00    407287
Close (  1.20 < r <   1.66 )          1.074290465E+00        4.704752244E+00    143253
Mid-range ( 1.66 < r <  2.20)         3.352490190E-01        1.070970411E+00    194888
Far-range (  2.20         < r)        1.185504849E-01        3.220755101E-01     69146
Did analysis and wrote slice data
