/home/boittier/esp_check
h2o_913
/data/boittier/energies/h2o_geom.xyz.dir
Read multipoles for 3 atoms with max. rank 2
Running in generate mode

Reading "/data/boittier/energies/h2o_geom.xyz.dir/h2o_913.chk.fchk.potential.cube"...

  h2o Potential=SCF
  Electrostatic potential from Total SCF Density
    3   -4.970736   -4.756455   -4.970736
   80    0.125841    0.000000    0.000000
   80    0.000000    0.125841    0.000000
   80    0.000000    0.000000    0.125841
    8    8.000000    0.000000    0.214281    0.000000
    1    1.000000    1.422159   -0.906630    0.000000
    1    1.000000   -1.422159   -0.807616    0.000000
  1.62668E-02  1.63838E-02  1.64724E-02  1.65319E-02  1.65618E-02  1.65618E-02
       .            .            .            .            .            .
       .            .            .            .            .            .
       .            .            .            .            .            .
 -9.27210E-03 -9.26718E-03 -9.25733E-03 -9.24254E-03 -9.22282E-03 -9.19815E-03

338458 out of 512000 gridpoints are considered ( 66.1%).

...done!

 writing cube file quadrupole_expansion.cube                                                                                                                                                                                                                                                                                                                                                                                                                                                                                                                                                                                                                                                                                                                                                                                                                                                                                                                                                                                                                                       
Written cubefile and slice data
Running in analysis mode

Reading "/data/boittier/energies/h2o_geom.xyz.dir/h2o_913.chk.fchk.potential.cube"...

  h2o Potential=SCF
  Electrostatic potential from Total SCF Density
    3   -4.970736   -4.756455   -4.970736
   80    0.125841    0.000000    0.000000
   80    0.000000    0.125841    0.000000
   80    0.000000    0.000000    0.125841
    8    8.000000    0.000000    0.214281    0.000000
    1    1.000000    1.422159   -0.906630    0.000000
    1    1.000000   -1.422159   -0.807616    0.000000
  5.96673E-03  6.18110E-03  6.40214E-03  6.62985E-03  6.86416E-03  7.10499E-03
       .            .            .            .            .            .
       .            .            .            .            .            .
       .            .            .            .            .            .
 -6.74374E-03 -6.62395E-03 -6.50416E-03 -6.38456E-03 -6.26528E-03 -6.14648E-03

512000 out of 512000 gridpoints are considered (100.0%).

...done!

Reading "/home/boittier/esp_check/quadrupole_expansion.cube"...

  Fitted ESP
  Electrostatic potential fitted from quadrupole expansion.
    3   -4.970736   -4.756455   -4.970736
   80    0.125841    0.000000    0.000000
   80    0.000000    0.125841    0.000000
   80    0.000000    0.000000    0.125841
    8    8.000000    0.000000    0.214281    0.000000
    1    1.000000    1.422159   -0.906630    0.000000
    1    1.000000   -1.422159   -0.807616    0.000000
  5.91076E-03  6.11911E-03  6.33372E-03  6.55458E-03  6.78163E-03  7.01476E-03
       .            .            .            .            .            .
       .            .            .            .            .            .
       .            .            .            .            .            .
 -6.69329E-03 -6.57844E-03 -6.46332E-03 -6.34809E-03 -6.23292E-03 -6.11795E-03

512000 out of 512000 gridpoints are considered (100.0%).

...done!

                       Measure       RMSE[kcal/mol/e]   MaxError[kcal/mol/e]   NPoints
                         Total        6.857996622E-01        4.677392831E+00    408182
Close (  1.20 < r <   1.66 )          1.086464035E+00        4.677392831E+00    142730
Mid-range ( 1.66 < r <  2.20)         3.388808451E-01        1.073166694E+00    195728
Far-range (  2.20         < r)        1.209575763E-01        3.231109007E-01     69724
Did analysis and wrote slice data
