/home/boittier/esp_check
h2o_1455
/data/boittier/energies/h2o_geom.xyz.dir
Read multipoles for 3 atoms with max. rank 2
Running in generate mode

Reading "/data/boittier/energies/h2o_geom.xyz.dir/h2o_1455.chk.fchk.potential.cube"...

  h2o Potential=SCF
  Electrostatic potential from Total SCF Density
    3   -4.970736   -4.752979   -4.970736
   80    0.125841    0.000000    0.000000
   80    0.000000    0.125841    0.000000
   80    0.000000    0.000000    0.125841
    8    8.000000    0.000000    0.217757    0.000000
    1    1.000000    1.409351   -0.940615    0.000000
    1    1.000000   -1.409351   -0.801440    0.000000
  1.63629E-02  1.64507E-02  1.65097E-02  1.65393E-02  1.65393E-02  1.65097E-02
       .            .            .            .            .            .
       .            .            .            .            .            .
       .            .            .            .            .            .
 -9.59790E-03 -9.59250E-03 -9.58169E-03 -9.56548E-03 -9.54387E-03 -9.51687E-03

338450 out of 512000 gridpoints are considered ( 66.1%).

...done!

 writing cube file quadrupole_expansion.cube                                                                                                                                                                                                                                                                                                                                                                                                                                                                                                                                                                                                                                                                                                                                                                                                                                                                                                                                                                                                                                       
Written cubefile and slice data
Running in analysis mode

Reading "/data/boittier/energies/h2o_geom.xyz.dir/h2o_1455.chk.fchk.potential.cube"...

  h2o Potential=SCF
  Electrostatic potential from Total SCF Density
    3   -4.970736   -4.752979   -4.970736
   80    0.125841    0.000000    0.000000
   80    0.000000    0.125841    0.000000
   80    0.000000    0.000000    0.125841
    8    8.000000    0.000000    0.217757    0.000000
    1    1.000000    1.409351   -0.940615    0.000000
    1    1.000000   -1.409351   -0.801440    0.000000
  6.01107E-03  6.22552E-03  6.44658E-03  6.67425E-03  6.90846E-03  7.14913E-03
       .            .            .            .            .            .
       .            .            .            .            .            .
       .            .            .            .            .            .
 -6.87218E-03 -6.74897E-03 -6.62582E-03 -6.50291E-03 -6.38038E-03 -6.25839E-03

512000 out of 512000 gridpoints are considered (100.0%).

...done!

Reading "/home/boittier/esp_check/quadrupole_expansion.cube"...

  Fitted ESP
  Electrostatic potential fitted from quadrupole expansion.
    3   -4.970736   -4.752979   -4.970736
   80    0.125841    0.000000    0.000000
   80    0.000000    0.125841    0.000000
   80    0.000000    0.000000    0.125841
    8    8.000000    0.000000    0.217757    0.000000
    1    1.000000    1.409351   -0.940615    0.000000
    1    1.000000   -1.409351   -0.801440    0.000000
  5.95774E-03  6.16628E-03  6.38104E-03  6.60199E-03  6.82907E-03  7.06218E-03
       .            .            .            .            .            .
       .            .            .            .            .            .
       .            .            .            .            .            .
 -6.82539E-03 -6.70698E-03 -6.58835E-03 -6.46968E-03 -6.35113E-03 -6.23285E-03

512000 out of 512000 gridpoints are considered (100.0%).

...done!

                       Measure       RMSE[kcal/mol/e]   MaxError[kcal/mol/e]   NPoints
                         Total        6.809755894E-01        4.682726661E+00    408134
Close (  1.20 < r <   1.66 )          1.078518289E+00        4.682726661E+00    142804
Mid-range ( 1.66 < r <  2.20)         3.364890576E-01        1.057227953E+00    195646
Far-range (  2.20         < r)        1.198661001E-01        3.223955399E-01     69684
Did analysis and wrote slice data
