/home/boittier/esp_check
h2o_389
/data/boittier/energies/h2o_geom.xyz.dir
Read multipoles for 3 atoms with max. rank 2
Running in generate mode

Reading "/data/boittier/energies/h2o_geom.xyz.dir/h2o_389.chk.fchk.potential.cube"...

  h2o Potential=SCF
  Electrostatic potential from Total SCF Density
    3   -4.970736   -4.746655   -4.970736
   80    0.125841    0.000000    0.000000
   80    0.000000    0.125841    0.000000
   80    0.000000    0.000000    0.125841
    8    8.000000    0.000000    0.224081    0.000000
    1    1.000000    1.463981   -0.841180    0.000000
    1    1.000000   -1.463981   -0.951467    0.000000
  1.69114E-02  1.69114E-02  1.65477E-02  1.67550E-02  1.69359E-02  1.70892E-02
       .            .            .            .            .            .
       .            .            .            .            .            .
       .            .            .            .            .            .
 -8.59666E-03 -8.59301E-03 -8.58570E-03 -8.57470E-03 -8.55998E-03 -8.54149E-03

337835 out of 512000 gridpoints are considered ( 66.0%).

...done!

 writing cube file quadrupole_expansion.cube                                                                                                                                                                                                                                                                                                                                                                                                                                                                                                                                                                                                                                                                                                                                                                                                                                                                                                                                                                                                                                       
Written cubefile and slice data
Running in analysis mode

Reading "/data/boittier/energies/h2o_geom.xyz.dir/h2o_389.chk.fchk.potential.cube"...

  h2o Potential=SCF
  Electrostatic potential from Total SCF Density
    3   -4.970736   -4.746655   -4.970736
   80    0.125841    0.000000    0.000000
   80    0.000000    0.125841    0.000000
   80    0.000000    0.000000    0.125841
    8    8.000000    0.000000    0.224081    0.000000
    1    1.000000    1.463981   -0.841180    0.000000
    1    1.000000   -1.463981   -0.951467    0.000000
  6.21216E-03  6.44256E-03  6.68050E-03  6.92600E-03  7.17901E-03  7.43949E-03
       .            .            .            .            .            .
       .            .            .            .            .            .
       .            .            .            .            .            .
 -6.54658E-03 -6.43509E-03 -6.32339E-03 -6.21165E-03 -6.10002E-03 -5.98864E-03

512000 out of 512000 gridpoints are considered (100.0%).

...done!

Reading "/home/boittier/esp_check/quadrupole_expansion.cube"...

  Fitted ESP
  Electrostatic potential fitted from quadrupole expansion.
    3   -4.970736   -4.746655   -4.970736
   80    0.125841    0.000000    0.000000
   80    0.000000    0.125841    0.000000
   80    0.000000    0.000000    0.125841
    8    8.000000    0.000000    0.224081    0.000000
    1    1.000000    1.463981   -0.841180    0.000000
    1    1.000000   -1.463981   -0.951467    0.000000
  6.14809E-03  6.37189E-03  6.60281E-03  6.84082E-03  7.08590E-03  7.33798E-03
       .            .            .            .            .            .
       .            .            .            .            .            .
       .            .            .            .            .            .
 -6.48650E-03 -6.38035E-03 -6.27371E-03 -6.16674E-03 -6.05958E-03 -5.95241E-03

512000 out of 512000 gridpoints are considered (100.0%).

...done!

                       Measure       RMSE[kcal/mol/e]   MaxError[kcal/mol/e]   NPoints
                         Total        6.845977148E-01        4.711654848E+00    406724
Close (  1.20 < r <   1.66 )          1.080664833E+00        4.711654848E+00    143473
Mid-range ( 1.66 < r <  2.20)         3.371446066E-01        1.089983948E+00    194362
Far-range (  2.20         < r)        1.189994172E-01        3.254891616E-01     68889
Did analysis and wrote slice data
