/home/boittier/esp_check
h2o_933
/data/boittier/energies/h2o_geom.xyz.dir
Read multipoles for 3 atoms with max. rank 2
Running in generate mode

Reading "/data/boittier/energies/h2o_geom.xyz.dir/h2o_933.chk.fchk.potential.cube"...

  h2o Potential=SCF
  Electrostatic potential from Total SCF Density
    3   -4.970736   -4.753348   -4.970736
   80    0.125841    0.000000    0.000000
   80    0.000000    0.125841    0.000000
   80    0.000000    0.000000    0.125841
    8    8.000000    0.000000    0.217388    0.000000
    1    1.000000    1.395870   -0.942207    0.000000
    1    1.000000   -1.395870   -0.796897    0.000000
  1.63694E-02  1.64278E-02  1.64571E-02  1.64571E-02  1.64278E-02  1.63694E-02
       .            .            .            .            .            .
       .            .            .            .            .            .
       .            .            .            .            .            .
 -9.65532E-03 -9.64980E-03 -9.63876E-03 -9.62221E-03 -9.60015E-03 -9.57258E-03

338610 out of 512000 gridpoints are considered ( 66.1%).

...done!

 writing cube file quadrupole_expansion.cube                                                                                                                                                                                                                                                                                                                                                                                                                                                                                                                                                                                                                                                                                                                                                                                                                                                                                                                                                                                                                                       
Written cubefile and slice data
Running in analysis mode

Reading "/data/boittier/energies/h2o_geom.xyz.dir/h2o_933.chk.fchk.potential.cube"...

  h2o Potential=SCF
  Electrostatic potential from Total SCF Density
    3   -4.970736   -4.753348   -4.970736
   80    0.125841    0.000000    0.000000
   80    0.000000    0.125841    0.000000
   80    0.000000    0.000000    0.125841
    8    8.000000    0.000000    0.217388    0.000000
    1    1.000000    1.395870   -0.942207    0.000000
    1    1.000000   -1.395870   -0.796897    0.000000
  6.01377E-03  6.22743E-03  6.44764E-03  6.67438E-03  6.90761E-03  7.14721E-03
       .            .            .            .            .            .
       .            .            .            .            .            .
       .            .            .            .            .            .
 -6.88593E-03 -6.76209E-03 -6.63832E-03 -6.51480E-03 -6.39170E-03 -6.26915E-03

512000 out of 512000 gridpoints are considered (100.0%).

...done!

Reading "/home/boittier/esp_check/quadrupole_expansion.cube"...

  Fitted ESP
  Electrostatic potential fitted from quadrupole expansion.
    3   -4.970736   -4.753348   -4.970736
   80    0.125841    0.000000    0.000000
   80    0.000000    0.125841    0.000000
   80    0.000000    0.000000    0.125841
    8    8.000000    0.000000    0.217388    0.000000
    1    1.000000    1.395870   -0.942207    0.000000
    1    1.000000   -1.395870   -0.796897    0.000000
  5.96121E-03  6.16902E-03  6.38298E-03  6.60307E-03  6.82921E-03  7.06133E-03
       .            .            .            .            .            .
       .            .            .            .            .            .
       .            .            .            .            .            .
 -6.83979E-03 -6.72072E-03 -6.60145E-03 -6.48216E-03 -6.36300E-03 -6.24413E-03

512000 out of 512000 gridpoints are considered (100.0%).

...done!

                       Measure       RMSE[kcal/mol/e]   MaxError[kcal/mol/e]   NPoints
                         Total        6.791457479E-01        4.677204578E+00    408420
Close (  1.20 < r <   1.66 )          1.076238431E+00        4.677204578E+00    142714
Mid-range ( 1.66 < r <  2.20)         3.356834861E-01        1.051398390E+00    195896
Far-range (  2.20         < r)        1.197394538E-01        3.225022165E-01     69810
Did analysis and wrote slice data
