/home/boittier/esp_check
h2o_622
/data/boittier/energies/h2o_geom.xyz.dir
Read multipoles for 3 atoms with max. rank 2
Running in generate mode

Reading "/data/boittier/energies/h2o_geom.xyz.dir/h2o_622.chk.fchk.potential.cube"...

  h2o Potential=SCF
  Electrostatic potential from Total SCF Density
    3   -4.970736   -4.746210   -4.970736
   80    0.125841    0.000000    0.000000
   80    0.000000    0.125841    0.000000
   80    0.000000    0.000000    0.125841
    8    8.000000    0.000000    0.224526    0.000000
    1    1.000000    1.396907   -0.937510    0.000000
    1    1.000000   -1.396907   -0.858695    0.000000
  1.65403E-02  1.66883E-02  1.68083E-02  1.68991E-02  1.69602E-02  1.69908E-02
       .            .            .            .            .            .
       .            .            .            .            .            .
       .            .            .            .            .            .
 -9.62613E-03 -9.62076E-03 -9.61002E-03 -9.59391E-03 -9.57244E-03 -9.54559E-03

338429 out of 512000 gridpoints are considered ( 66.1%).

...done!

 writing cube file quadrupole_expansion.cube                                                                                                                                                                                                                                                                                                                                                                                                                                                                                                                                                                                                                                                                                                                                                                                                                                                                                                                                                                                                                                       
Written cubefile and slice data
Running in analysis mode

Reading "/data/boittier/energies/h2o_geom.xyz.dir/h2o_622.chk.fchk.potential.cube"...

  h2o Potential=SCF
  Electrostatic potential from Total SCF Density
    3   -4.970736   -4.746210   -4.970736
   80    0.125841    0.000000    0.000000
   80    0.000000    0.125841    0.000000
   80    0.000000    0.000000    0.125841
    8    8.000000    0.000000    0.224526    0.000000
    1    1.000000    1.396907   -0.937510    0.000000
    1    1.000000   -1.396907   -0.858695    0.000000
  6.16344E-03  6.38396E-03  6.61133E-03  6.84555E-03  7.08656E-03  7.33428E-03
       .            .            .            .            .            .
       .            .            .            .            .            .
       .            .            .            .            .            .
 -6.90134E-03 -6.77832E-03 -6.65533E-03 -6.53254E-03 -6.41011E-03 -6.28820E-03

512000 out of 512000 gridpoints are considered (100.0%).

...done!

Reading "/home/boittier/esp_check/quadrupole_expansion.cube"...

  Fitted ESP
  Electrostatic potential fitted from quadrupole expansion.
    3   -4.970736   -4.746210   -4.970736
   80    0.125841    0.000000    0.000000
   80    0.000000    0.125841    0.000000
   80    0.000000    0.000000    0.125841
    8    8.000000    0.000000    0.224526    0.000000
    1    1.000000    1.396907   -0.937510    0.000000
    1    1.000000   -1.396907   -0.858695    0.000000
  6.10907E-03  6.32355E-03  6.54449E-03  6.77185E-03  7.00557E-03  7.24556E-03
       .            .            .            .            .            .
       .            .            .            .            .            .
       .            .            .            .            .            .
 -6.85346E-03 -6.73531E-03 -6.61692E-03 -6.49844E-03 -6.38005E-03 -6.26191E-03

512000 out of 512000 gridpoints are considered (100.0%).

...done!

                       Measure       RMSE[kcal/mol/e]   MaxError[kcal/mol/e]   NPoints
                         Total        6.734938248E-01        4.697849640E+00    407915
Close (  1.20 < r <   1.66 )          1.065955938E+00        4.697849640E+00    142951
Mid-range ( 1.66 < r <  2.20)         3.326564610E-01        1.050764606E+00    195478
Far-range (  2.20         < r)        1.179261540E-01        3.182100517E-01     69486
Did analysis and wrote slice data
