/home/boittier/esp_check
h2o_1213
/data/boittier/energies/h2o_geom.xyz.dir
Read multipoles for 3 atoms with max. rank 2
Running in generate mode

Reading "/data/boittier/energies/h2o_geom.xyz.dir/h2o_1213.chk.fchk.potential.cube"...

  h2o Potential=SCF
  Electrostatic potential from Total SCF Density
    3   -4.970736   -4.756999   -4.970736
   80    0.125841    0.000000    0.000000
   80    0.000000    0.125841    0.000000
   80    0.000000    0.000000    0.125841
    8    8.000000    0.000000    0.213737    0.000000
    1    1.000000    1.353528   -1.003025    0.000000
    1    1.000000   -1.353528   -0.706871    0.000000
  1.60199E-02  1.60771E-02  1.61058E-02  1.61058E-02  1.60771E-02  1.60199E-02
       .            .            .            .            .            .
       .            .            .            .            .            .
       .            .            .            .            .            .
 -1.02609E-02 -1.02543E-02 -1.02412E-02 -1.02215E-02 -1.01953E-02 -1.01626E-02

339072 out of 512000 gridpoints are considered ( 66.2%).

...done!

 writing cube file quadrupole_expansion.cube                                                                                                                                                                                                                                                                                                                                                                                                                                                                                                                                                                                                                                                                                                                                                                                                                                                                                                                                                                                                                                       
Written cubefile and slice data
Running in analysis mode

Reading "/data/boittier/energies/h2o_geom.xyz.dir/h2o_1213.chk.fchk.potential.cube"...

  h2o Potential=SCF
  Electrostatic potential from Total SCF Density
    3   -4.970736   -4.756999   -4.970736
   80    0.125841    0.000000    0.000000
   80    0.000000    0.125841    0.000000
   80    0.000000    0.000000    0.125841
    8    8.000000    0.000000    0.213737    0.000000
    1    1.000000    1.353528   -1.003025    0.000000
    1    1.000000   -1.353528   -0.706871    0.000000
  5.90806E-03  6.11278E-03  6.32353E-03  6.54029E-03  6.76298E-03  6.99150E-03
       .            .            .            .            .            .
       .            .            .            .            .            .
       .            .            .            .            .            .
 -7.07910E-03 -6.94833E-03 -6.81780E-03 -6.68767E-03 -6.55812E-03 -6.42930E-03

512000 out of 512000 gridpoints are considered (100.0%).

...done!

Reading "/home/boittier/esp_check/quadrupole_expansion.cube"...

  Fitted ESP
  Electrostatic potential fitted from quadrupole expansion.
    3   -4.970736   -4.756999   -4.970736
   80    0.125841    0.000000    0.000000
   80    0.000000    0.125841    0.000000
   80    0.000000    0.000000    0.125841
    8    8.000000    0.000000    0.213737    0.000000
    1    1.000000    1.353528   -1.003025    0.000000
    1    1.000000   -1.353528   -0.706871    0.000000
  5.86377E-03  6.06317E-03  6.26823E-03  6.47892E-03  6.69515E-03  6.91682E-03
       .            .            .            .            .            .
       .            .            .            .            .            .
       .            .            .            .            .            .
 -7.04255E-03 -6.91612E-03 -6.78966E-03 -6.66335E-03 -6.53735E-03 -6.41183E-03

512000 out of 512000 gridpoints are considered (100.0%).

...done!

                       Measure       RMSE[kcal/mol/e]   MaxError[kcal/mol/e]   NPoints
                         Total        6.748989690E-01        4.678271344E+00    409374
Close (  1.20 < r <   1.66 )          1.072279107E+00        4.678271344E+00    142202
Mid-range ( 1.66 < r <  2.20)         3.339738184E-01        1.051279164E+00    196870
Far-range (  2.20         < r)        1.195780637E-01        3.330004499E-01     70302
Did analysis and wrote slice data
