/home/boittier/esp_check
h2o_1767
/data/boittier/energies/h2o_geom.xyz.dir
Read multipoles for 3 atoms with max. rank 2
Running in generate mode

Reading "/data/boittier/energies/h2o_geom.xyz.dir/h2o_1767.chk.fchk.potential.cube"...

  h2o Potential=SCF
  Electrostatic potential from Total SCF Density
    3   -4.970736   -4.740595   -4.970736
   80    0.125841    0.000000    0.000000
   80    0.000000    0.125841    0.000000
   80    0.000000    0.000000    0.125841
    8    8.000000    0.000000    0.230140    0.000000
    1    1.000000    1.369072   -0.980059    0.000000
    1    1.000000   -1.369072   -0.861062    0.000000
  1.65623E-02  1.67088E-02  1.68275E-02  1.69174E-02  1.69778E-02  1.70081E-02
       .            .            .            .            .            .
       .            .            .            .            .            .
       .            .            .            .            .            .
 -1.00607E-02 -1.00547E-02 -1.00427E-02 -1.00247E-02 -1.00008E-02 -9.97087E-03

338536 out of 512000 gridpoints are considered ( 66.1%).

...done!

 writing cube file quadrupole_expansion.cube                                                                                                                                                                                                                                                                                                                                                                                                                                                                                                                                                                                                                                                                                                                                                                                                                                                                                                                                                                                                                                       
Written cubefile and slice data
Running in analysis mode

Reading "/data/boittier/energies/h2o_geom.xyz.dir/h2o_1767.chk.fchk.potential.cube"...

  h2o Potential=SCF
  Electrostatic potential from Total SCF Density
    3   -4.970736   -4.740595   -4.970736
   80    0.125841    0.000000    0.000000
   80    0.000000    0.125841    0.000000
   80    0.000000    0.000000    0.125841
    8    8.000000    0.000000    0.230140    0.000000
    1    1.000000    1.369072   -0.980059    0.000000
    1    1.000000   -1.369072   -0.861062    0.000000
  6.25463E-03  6.47610E-03  6.70437E-03  6.93942E-03  7.18120E-03  7.42960E-03
       .            .            .            .            .            .
       .            .            .            .            .            .
       .            .            .            .            .            .
 -7.07253E-03 -6.94507E-03 -6.81771E-03 -6.69062E-03 -6.56397E-03 -6.43790E-03

512000 out of 512000 gridpoints are considered (100.0%).

...done!

Reading "/home/boittier/esp_check/quadrupole_expansion.cube"...

  Fitted ESP
  Electrostatic potential fitted from quadrupole expansion.
    3   -4.970736   -4.740595   -4.970736
   80    0.125841    0.000000    0.000000
   80    0.000000    0.125841    0.000000
   80    0.000000    0.000000    0.125841
    8    8.000000    0.000000    0.230140    0.000000
    1    1.000000    1.369072   -0.980059    0.000000
    1    1.000000   -1.369072   -0.861062    0.000000
  6.20377E-03  6.41937E-03  6.64135E-03  6.86970E-03  7.10435E-03  7.34521E-03
       .            .            .            .            .            .
       .            .            .            .            .            .
       .            .            .            .            .            .
 -7.02947E-03 -6.90671E-03 -6.78377E-03 -6.66082E-03 -6.53803E-03 -6.41557E-03

512000 out of 512000 gridpoints are considered (100.0%).

...done!

                       Measure       RMSE[kcal/mol/e]   MaxError[kcal/mol/e]   NPoints
                         Total        6.637014546E-01        4.702116704E+00    407976
Close (  1.20 < r <   1.66 )          1.050701534E+00        4.702116704E+00    142912
Mid-range ( 1.66 < r <  2.20)         3.277330508E-01        1.031939322E+00    195624
Far-range (  2.20         < r)        1.157532163E-01        3.162647724E-01     69440
Did analysis and wrote slice data
