/home/boittier/esp_check
h2o_254
/data/boittier/energies/h2o_geom.xyz.dir
Read multipoles for 3 atoms with max. rank 2
Running in generate mode

Reading "/data/boittier/energies/h2o_geom.xyz.dir/h2o_254.chk.fchk.potential.cube"...

  h2o Potential=SCF
  Electrostatic potential from Total SCF Density
    3   -4.970736   -4.747265   -4.970736
   80    0.125841    0.000000    0.000000
   80    0.000000    0.125841    0.000000
   80    0.000000    0.000000    0.125841
    8    8.000000    0.000000    0.223471    0.000000
    1    1.000000    1.418036   -0.907320    0.000000
    1    1.000000   -1.418036   -0.880448    0.000000
  1.67044E-02  1.67338E-02  1.67338E-02  1.67044E-02  1.63499E-02  1.65553E-02
       .            .            .            .            .            .
       .            .            .            .            .            .
       .            .            .            .            .            .
 -9.30876E-03 -9.30391E-03 -9.29419E-03 -9.27960E-03 -9.26013E-03 -9.23577E-03

338299 out of 512000 gridpoints are considered ( 66.1%).

...done!

 writing cube file quadrupole_expansion.cube                                                                                                                                                                                                                                                                                                                                                                                                                                                                                                                                                                                                                                                                                                                                                                                                                                                                                                                                                                                                                                       
Written cubefile and slice data
Running in analysis mode

Reading "/data/boittier/energies/h2o_geom.xyz.dir/h2o_254.chk.fchk.potential.cube"...

  h2o Potential=SCF
  Electrostatic potential from Total SCF Density
    3   -4.970736   -4.747265   -4.970736
   80    0.125841    0.000000    0.000000
   80    0.000000    0.125841    0.000000
   80    0.000000    0.000000    0.125841
    8    8.000000    0.000000    0.223471    0.000000
    1    1.000000    1.418036   -0.907320    0.000000
    1    1.000000   -1.418036   -0.880448    0.000000
  6.15780E-03  6.38042E-03  6.61007E-03  6.84672E-03  7.09036E-03  7.34088E-03
       .            .            .            .            .            .
       .            .            .            .            .            .
       .            .            .            .            .            .
 -6.78836E-03 -6.66880E-03 -6.54921E-03 -6.42976E-03 -6.31059E-03 -6.19186E-03

512000 out of 512000 gridpoints are considered (100.0%).

...done!

Reading "/home/boittier/esp_check/quadrupole_expansion.cube"...

  Fitted ESP
  Electrostatic potential fitted from quadrupole expansion.
    3   -4.970736   -4.747265   -4.970736
   80    0.125841    0.000000    0.000000
   80    0.000000    0.125841    0.000000
   80    0.000000    0.000000    0.125841
    8    8.000000    0.000000    0.223471    0.000000
    1    1.000000    1.418036   -0.907320    0.000000
    1    1.000000   -1.418036   -0.880448    0.000000
  6.10041E-03  6.31683E-03  6.53986E-03  6.76948E-03  7.00563E-03  7.24823E-03
       .            .            .            .            .            .
       .            .            .            .            .            .
       .            .            .            .            .            .
 -6.73666E-03 -6.62213E-03 -6.50728E-03 -6.39228E-03 -6.27729E-03 -6.16247E-03

512000 out of 512000 gridpoints are considered (100.0%).

...done!

                       Measure       RMSE[kcal/mol/e]   MaxError[kcal/mol/e]   NPoints
                         Total        6.781960015E-01        4.699920421E+00    407635
Close (  1.20 < r <   1.66 )          1.072669403E+00        4.699920421E+00    143117
Mid-range ( 1.66 < r <  2.20)         3.345361975E-01        1.062499033E+00    195182
Far-range (  2.20         < r)        1.185662108E-01        3.202118069E-01     69336
Did analysis and wrote slice data
