/home/boittier/esp_check
h2o_886
/data/boittier/energies/h2o_geom.xyz.dir
Read multipoles for 3 atoms with max. rank 2
Running in generate mode

Reading "/data/boittier/energies/h2o_geom.xyz.dir/h2o_886.chk.fchk.potential.cube"...

  h2o Potential=SCF
  Electrostatic potential from Total SCF Density
    3   -4.970736   -4.758010   -4.970736
   80    0.125841    0.000000    0.000000
   80    0.000000    0.125841    0.000000
   80    0.000000    0.000000    0.125841
    8    8.000000    0.000000    0.212725    0.000000
    1    1.000000    1.441591   -0.882921    0.000000
    1    1.000000   -1.441591   -0.818882    0.000000
  1.62384E-02  1.63854E-02  1.65045E-02  1.65947E-02  1.66553E-02  1.66857E-02
       .            .            .            .            .            .
       .            .            .            .            .            .
       .            .            .            .            .            .
 -9.00577E-03 -9.00128E-03 -8.99229E-03 -8.97879E-03 -8.96076E-03 -8.93819E-03

338320 out of 512000 gridpoints are considered ( 66.1%).

...done!

 writing cube file quadrupole_expansion.cube                                                                                                                                                                                                                                                                                                                                                                                                                                                                                                                                                                                                                                                                                                                                                                                                                                                                                                                                                                                                                                       
Written cubefile and slice data
Running in analysis mode

Reading "/data/boittier/energies/h2o_geom.xyz.dir/h2o_886.chk.fchk.potential.cube"...

  h2o Potential=SCF
  Electrostatic potential from Total SCF Density
    3   -4.970736   -4.758010   -4.970736
   80    0.125841    0.000000    0.000000
   80    0.000000    0.125841    0.000000
   80    0.000000    0.000000    0.125841
    8    8.000000    0.000000    0.212725    0.000000
    1    1.000000    1.441591   -0.882921    0.000000
    1    1.000000   -1.441591   -0.818882    0.000000
  5.94703E-03  6.16252E-03  6.38479E-03  6.61384E-03  6.84962E-03  7.09205E-03
       .            .            .            .            .            .
       .            .            .            .            .            .
       .            .            .            .            .            .
 -6.64867E-03 -6.53174E-03 -6.41477E-03 -6.29792E-03 -6.18135E-03 -6.06519E-03

512000 out of 512000 gridpoints are considered (100.0%).

...done!

Reading "/home/boittier/esp_check/quadrupole_expansion.cube"...

  Fitted ESP
  Electrostatic potential fitted from quadrupole expansion.
    3   -4.970736   -4.758010   -4.970736
   80    0.125841    0.000000    0.000000
   80    0.000000    0.125841    0.000000
   80    0.000000    0.000000    0.125841
    8    8.000000    0.000000    0.212725    0.000000
    1    1.000000    1.441591   -0.882921    0.000000
    1    1.000000   -1.441591   -0.818882    0.000000
  5.88861E-03  6.09795E-03  6.31366E-03  6.53573E-03  6.76409E-03  6.99867E-03
       .            .            .            .            .            .
       .            .            .            .            .            .
       .            .            .            .            .            .
 -6.59522E-03 -6.48336E-03 -6.37116E-03 -6.25880E-03 -6.14644E-03 -6.03422E-03

512000 out of 512000 gridpoints are considered (100.0%).

...done!

                       Measure       RMSE[kcal/mol/e]   MaxError[kcal/mol/e]   NPoints
                         Total        6.899591499E-01        4.678145842E+00    407950
Close (  1.20 < r <   1.66 )          1.092676601E+00        4.678145842E+00    142782
Mid-range ( 1.66 < r <  2.20)         3.407051068E-01        1.092807740E+00    195538
Far-range (  2.20         < r)        1.216540994E-01        3.224331905E-01     69630
Did analysis and wrote slice data
