/home/boittier/esp_check
h2o_1377
/data/boittier/energies/h2o_geom.xyz.dir
Read multipoles for 3 atoms with max. rank 2
Running in generate mode

Reading "/data/boittier/energies/h2o_geom.xyz.dir/h2o_1377.chk.fchk.potential.cube"...

  h2o Potential=SCF
  Electrostatic potential from Total SCF Density
    3   -4.970736   -4.742705   -4.970736
   80    0.125841    0.000000    0.000000
   80    0.000000    0.125841    0.000000
   80    0.000000    0.000000    0.125841
    8    8.000000    0.000000    0.228030    0.000000
    1    1.000000    1.333118   -1.032550    0.000000
    1    1.000000   -1.333118   -0.791692    0.000000
  1.64179E-02  1.65642E-02  1.66827E-02  1.67725E-02  1.68328E-02  1.68631E-02
       .            .            .            .            .            .
       .            .            .            .            .            .
       .            .            .            .            .            .
 -1.05767E-02 -1.05699E-02 -1.05562E-02 -1.05356E-02 -1.05083E-02 -1.04743E-02

338869 out of 512000 gridpoints are considered ( 66.2%).

...done!

 writing cube file quadrupole_expansion.cube                                                                                                                                                                                                                                                                                                                                                                                                                                                                                                                                                                                                                                                                                                                                                                                                                                                                                                                                                                                                                                       
Written cubefile and slice data
Running in analysis mode

Reading "/data/boittier/energies/h2o_geom.xyz.dir/h2o_1377.chk.fchk.potential.cube"...

  h2o Potential=SCF
  Electrostatic potential from Total SCF Density
    3   -4.970736   -4.742705   -4.970736
   80    0.125841    0.000000    0.000000
   80    0.000000    0.125841    0.000000
   80    0.000000    0.000000    0.125841
    8    8.000000    0.000000    0.228030    0.000000
    1    1.000000    1.333118   -1.032550    0.000000
    1    1.000000   -1.333118   -0.791692    0.000000
  6.20082E-03  6.41597E-03  6.63751E-03  6.86541E-03  7.09961E-03  7.34000E-03
       .            .            .            .            .            .
       .            .            .            .            .            .
       .            .            .            .            .            .
 -7.24610E-03 -7.11283E-03 -6.97977E-03 -6.84711E-03 -6.71502E-03 -6.58364E-03

512000 out of 512000 gridpoints are considered (100.0%).

...done!

Reading "/home/boittier/esp_check/quadrupole_expansion.cube"...

  Fitted ESP
  Electrostatic potential fitted from quadrupole expansion.
    3   -4.970736   -4.742705   -4.970736
   80    0.125841    0.000000    0.000000
   80    0.000000    0.125841    0.000000
   80    0.000000    0.000000    0.125841
    8    8.000000    0.000000    0.228030    0.000000
    1    1.000000    1.333118   -1.032550    0.000000
    1    1.000000   -1.333118   -0.791692    0.000000
  6.15598E-03  6.36563E-03  6.58129E-03  6.80292E-03  7.03044E-03  7.26375E-03
       .            .            .            .            .            .
       .            .            .            .            .            .
       .            .            .            .            .            .
 -7.21029E-03 -7.08141E-03 -6.95246E-03 -6.82365E-03 -6.69514E-03 -6.56710E-03

512000 out of 512000 gridpoints are considered (100.0%).

...done!

                       Measure       RMSE[kcal/mol/e]   MaxError[kcal/mol/e]   NPoints
                         Total        6.594248362E-01        4.676702571E+00    408742
Close (  1.20 < r <   1.66 )          1.045584509E+00        4.676702571E+00    142668
Mid-range ( 1.66 < r <  2.20)         3.258574961E-01        1.007340951E+00    196201
Far-range (  2.20         < r)        1.155689776E-01        3.135915820E-01     69873
Did analysis and wrote slice data
