/home/boittier/esp_check
h2o_1780
/data/boittier/energies/h2o_geom.xyz.dir
Read multipoles for 3 atoms with max. rank 2
Running in generate mode

Reading "/data/boittier/energies/h2o_geom.xyz.dir/h2o_1780.chk.fchk.potential.cube"...

  h2o Potential=SCF
  Electrostatic potential from Total SCF Density
    3   -4.970736   -4.752602   -4.970736
   80    0.125841    0.000000    0.000000
   80    0.000000    0.125841    0.000000
   80    0.000000    0.000000    0.125841
    8    8.000000    0.000000    0.218134    0.000000
    1    1.000000    1.414417   -0.936655    0.000000
    1    1.000000   -1.414417   -0.808416    0.000000
  1.63157E-02  1.64325E-02  1.65210E-02  1.65804E-02  1.66103E-02  1.66103E-02
       .            .            .            .            .            .
       .            .            .            .            .            .
       .            .            .            .            .            .
 -9.54975E-03 -9.54443E-03 -9.53380E-03 -9.51786E-03 -9.49660E-03 -9.47002E-03

338424 out of 512000 gridpoints are considered ( 66.1%).

...done!

 writing cube file quadrupole_expansion.cube                                                                                                                                                                                                                                                                                                                                                                                                                                                                                                                                                                                                                                                                                                                                                                                                                                                                                                                                                                                                                                       
Written cubefile and slice data
Running in analysis mode

Reading "/data/boittier/energies/h2o_geom.xyz.dir/h2o_1780.chk.fchk.potential.cube"...

  h2o Potential=SCF
  Electrostatic potential from Total SCF Density
    3   -4.970736   -4.752602   -4.970736
   80    0.125841    0.000000    0.000000
   80    0.000000    0.125841    0.000000
   80    0.000000    0.000000    0.125841
    8    8.000000    0.000000    0.218134    0.000000
    1    1.000000    1.414417   -0.936655    0.000000
    1    1.000000   -1.414417   -0.808416    0.000000
  6.01914E-03  6.23438E-03  6.45630E-03  6.68487E-03  6.92003E-03  7.16171E-03
       .            .            .            .            .            .
       .            .            .            .            .            .
       .            .            .            .            .            .
 -6.85799E-03 -6.73533E-03 -6.61273E-03 -6.49034E-03 -6.36833E-03 -6.24684E-03

512000 out of 512000 gridpoints are considered (100.0%).

...done!

Reading "/home/boittier/esp_check/quadrupole_expansion.cube"...

  Fitted ESP
  Electrostatic potential fitted from quadrupole expansion.
    3   -4.970736   -4.752602   -4.970736
   80    0.125841    0.000000    0.000000
   80    0.000000    0.125841    0.000000
   80    0.000000    0.000000    0.125841
    8    8.000000    0.000000    0.218134    0.000000
    1    1.000000    1.414417   -0.936655    0.000000
    1    1.000000   -1.414417   -0.808416    0.000000
  5.96518E-03  6.17449E-03  6.39005E-03  6.61186E-03  6.83984E-03  7.07390E-03
       .            .            .            .            .            .
       .            .            .            .            .            .
       .            .            .            .            .            .
 -6.81051E-03 -6.69269E-03 -6.57464E-03 -6.45652E-03 -6.33851E-03 -6.22075E-03

512000 out of 512000 gridpoints are considered (100.0%).

...done!

                       Measure       RMSE[kcal/mol/e]   MaxError[kcal/mol/e]   NPoints
                         Total        6.814727385E-01        4.685613205E+00    408036
Close (  1.20 < r <   1.66 )          1.078982526E+00        4.685613205E+00    142853
Mid-range ( 1.66 < r <  2.20)         3.368009108E-01        1.060302750E+00    195571
Far-range (  2.20         < r)        1.198252889E-01        3.215233017E-01     69612
Did analysis and wrote slice data
