/home/boittier/esp_check
h2o_1292
/data/boittier/energies/h2o_geom.xyz.dir
Read multipoles for 3 atoms with max. rank 2
Running in generate mode

Reading "/data/boittier/energies/h2o_geom.xyz.dir/h2o_1292.chk.fchk.potential.cube"...

  h2o Potential=SCF
  Electrostatic potential from Total SCF Density
    3   -4.970736   -4.747003   -4.970736
   80    0.125841    0.000000    0.000000
   80    0.000000    0.125841    0.000000
   80    0.000000    0.000000    0.125841
    8    8.000000    0.000000    0.223733    0.000000
    1    1.000000    1.415049   -0.934178    0.000000
    1    1.000000   -1.415049   -0.855686    0.000000
  1.63967E-02  1.65730E-02  1.67222E-02  1.68431E-02  1.69348E-02  1.69963E-02
       .            .            .            .            .            .
       .            .            .            .            .            .
       .            .            .            .            .            .
 -9.53709E-03 -9.53188E-03 -9.52145E-03 -9.50580E-03 -9.48494E-03 -9.45885E-03

338288 out of 512000 gridpoints are considered ( 66.1%).

...done!

 writing cube file quadrupole_expansion.cube                                                                                                                                                                                                                                                                                                                                                                                                                                                                                                                                                                                                                                                                                                                                                                                                                                                                                                                                                                                                                                       
Written cubefile and slice data
Running in analysis mode

Reading "/data/boittier/energies/h2o_geom.xyz.dir/h2o_1292.chk.fchk.potential.cube"...

  h2o Potential=SCF
  Electrostatic potential from Total SCF Density
    3   -4.970736   -4.747003   -4.970736
   80    0.125841    0.000000    0.000000
   80    0.000000    0.125841    0.000000
   80    0.000000    0.000000    0.125841
    8    8.000000    0.000000    0.223733    0.000000
    1    1.000000    1.415049   -0.934178    0.000000
    1    1.000000   -1.415049   -0.855686    0.000000
  6.13660E-03  6.35720E-03  6.58470E-03  6.81908E-03  7.06031E-03  7.30830E-03
       .            .            .            .            .            .
       .            .            .            .            .            .
       .            .            .            .            .            .
 -6.87366E-03 -6.75154E-03 -6.62943E-03 -6.50751E-03 -6.38593E-03 -6.26484E-03

512000 out of 512000 gridpoints are considered (100.0%).

...done!

Reading "/home/boittier/esp_check/quadrupole_expansion.cube"...

  Fitted ESP
  Electrostatic potential fitted from quadrupole expansion.
    3   -4.970736   -4.747003   -4.970736
   80    0.125841    0.000000    0.000000
   80    0.000000    0.125841    0.000000
   80    0.000000    0.000000    0.125841
    8    8.000000    0.000000    0.223733    0.000000
    1    1.000000    1.415049   -0.934178    0.000000
    1    1.000000   -1.415049   -0.855686    0.000000
  6.08136E-03  6.29587E-03  6.51688E-03  6.74435E-03  6.97824E-03  7.21845E-03
       .            .            .            .            .            .
       .            .            .            .            .            .
       .            .            .            .            .            .
 -6.82497E-03 -6.70775E-03 -6.59026E-03 -6.47267E-03 -6.35515E-03 -6.23786E-03

512000 out of 512000 gridpoints are considered (100.0%).

...done!

                       Measure       RMSE[kcal/mol/e]   MaxError[kcal/mol/e]   NPoints
                         Total        6.772650881E-01        4.700798934E+00    407650
Close (  1.20 < r <   1.66 )          1.071349487E+00        4.700798934E+00    143048
Mid-range ( 1.66 < r <  2.20)         3.343197810E-01        1.061683271E+00    195240
Far-range (  2.20         < r)        1.184525819E-01        3.200863050E-01     69362
Did analysis and wrote slice data
