/home/boittier/esp_check
h2o_1243
/data/boittier/energies/h2o_geom.xyz.dir
Read multipoles for 3 atoms with max. rank 2
Running in generate mode

Reading "/data/boittier/energies/h2o_geom.xyz.dir/h2o_1243.chk.fchk.potential.cube"...

  h2o Potential=SCF
  Electrostatic potential from Total SCF Density
    3   -4.970736   -4.760464   -4.970736
   80    0.125841    0.000000    0.000000
   80    0.000000    0.125841    0.000000
   80    0.000000    0.000000    0.125841
    8    8.000000    0.000000    0.210271    0.000000
    1    1.000000    1.507677   -0.797472    0.000000
    1    1.000000   -1.507677   -0.884699    0.000000
  1.64533E-02  1.66028E-02  1.67239E-02  1.68156E-02  1.68772E-02  1.69082E-02
       .            .            .            .            .            .
       .            .            .            .            .            .
       .            .            .            .            .            .
 -8.03305E-03 -8.03022E-03 -8.02454E-03 -8.01597E-03 -8.00445E-03 -7.98993E-03

337674 out of 512000 gridpoints are considered ( 66.0%).

...done!

 writing cube file quadrupole_expansion.cube                                                                                                                                                                                                                                                                                                                                                                                                                                                                                                                                                                                                                                                                                                                                                                                                                                                                                                                                                                                                                                       
Written cubefile and slice data
Running in analysis mode

Reading "/data/boittier/energies/h2o_geom.xyz.dir/h2o_1243.chk.fchk.potential.cube"...

  h2o Potential=SCF
  Electrostatic potential from Total SCF Density
    3   -4.970736   -4.760464   -4.970736
   80    0.125841    0.000000    0.000000
   80    0.000000    0.125841    0.000000
   80    0.000000    0.000000    0.125841
    8    8.000000    0.000000    0.210271    0.000000
    1    1.000000    1.507677   -0.797472    0.000000
    1    1.000000   -1.507677   -0.884699    0.000000
  5.96405E-03  6.18736E-03  6.41802E-03  6.65604E-03  6.90140E-03  7.15402E-03
       .            .            .            .            .            .
       .            .            .            .            .            .
       .            .            .            .            .            .
 -6.31646E-03 -6.21034E-03 -6.10396E-03 -5.99747E-03 -5.89101E-03 -5.78472E-03

512000 out of 512000 gridpoints are considered (100.0%).

...done!

Reading "/home/boittier/esp_check/quadrupole_expansion.cube"...

  Fitted ESP
  Electrostatic potential fitted from quadrupole expansion.
    3   -4.970736   -4.760464   -4.970736
   80    0.125841    0.000000    0.000000
   80    0.000000    0.125841    0.000000
   80    0.000000    0.000000    0.125841
    8    8.000000    0.000000    0.210271    0.000000
    1    1.000000    1.507677   -0.797472    0.000000
    1    1.000000   -1.507677   -0.884699    0.000000
  5.89673E-03  6.11340E-03  6.33698E-03  6.56748E-03  6.80485E-03  7.04904E-03
       .            .            .            .            .            .
       .            .            .            .            .            .
       .            .            .            .            .            .
 -6.25219E-03 -6.15156E-03 -6.05036E-03 -5.94875E-03 -5.84689E-03 -5.74492E-03

512000 out of 512000 gridpoints are considered (100.0%).

...done!

                       Measure       RMSE[kcal/mol/e]   MaxError[kcal/mol/e]   NPoints
                         Total        6.999071401E-01        4.687244730E+00    406854
Close (  1.20 < r <   1.66 )          1.105994753E+00        4.687244730E+00    143169
Mid-range ( 1.66 < r <  2.20)         3.448743918E-01        1.149095340E+00    194505
Far-range (  2.20         < r)        1.228253773E-01        3.275662179E-01     69180
Did analysis and wrote slice data
