/home/boittier/esp_check
h2o_545
/data/boittier/energies/h2o_geom.xyz.dir
Read multipoles for 3 atoms with max. rank 2
Running in generate mode

Reading "/data/boittier/energies/h2o_geom.xyz.dir/h2o_545.chk.fchk.potential.cube"...

  h2o Potential=SCF
  Electrostatic potential from Total SCF Density
    3   -4.970736   -4.746777   -4.970736
   80    0.125841    0.000000    0.000000
   80    0.000000    0.125841    0.000000
   80    0.000000    0.000000    0.125841
    8    8.000000    0.000000    0.223959    0.000000
    1    1.000000    1.434966   -0.882859    0.000000
    1    1.000000   -1.434966   -0.908813    0.000000
  1.66908E-02  1.68095E-02  1.68995E-02  1.69599E-02  1.69902E-02  1.69902E-02
       .            .            .            .            .            .
       .            .            .            .            .            .
       .            .            .            .            .            .
 -9.04937E-03 -9.04495E-03 -9.03611E-03 -9.02283E-03 -9.00510E-03 -8.98288E-03

338104 out of 512000 gridpoints are considered ( 66.0%).

...done!

 writing cube file quadrupole_expansion.cube                                                                                                                                                                                                                                                                                                                                                                                                                                                                                                                                                                                                                                                                                                                                                                                                                                                                                                                                                                                                                                       
Written cubefile and slice data
Running in analysis mode

Reading "/data/boittier/energies/h2o_geom.xyz.dir/h2o_545.chk.fchk.potential.cube"...

  h2o Potential=SCF
  Electrostatic potential from Total SCF Density
    3   -4.970736   -4.746777   -4.970736
   80    0.125841    0.000000    0.000000
   80    0.000000    0.125841    0.000000
   80    0.000000    0.000000    0.125841
    8    8.000000    0.000000    0.223959    0.000000
    1    1.000000    1.434966   -0.882859    0.000000
    1    1.000000   -1.434966   -0.908813    0.000000
  6.18163E-03  6.40726E-03  6.64012E-03  6.88019E-03  7.12745E-03  7.38181E-03
       .            .            .            .            .            .
       .            .            .            .            .            .
       .            .            .            .            .            .
 -6.70093E-03 -6.58431E-03 -6.46760E-03 -6.35097E-03 -6.23455E-03 -6.11851E-03

512000 out of 512000 gridpoints are considered (100.0%).

...done!

Reading "/home/boittier/esp_check/quadrupole_expansion.cube"...

  Fitted ESP
  Electrostatic potential fitted from quadrupole expansion.
    3   -4.970736   -4.746777   -4.970736
   80    0.125841    0.000000    0.000000
   80    0.000000    0.125841    0.000000
   80    0.000000    0.000000    0.125841
    8    8.000000    0.000000    0.223959    0.000000
    1    1.000000    1.434966   -0.882859    0.000000
    1    1.000000   -1.434966   -0.908813    0.000000
  6.12168E-03  6.34096E-03  6.56704E-03  6.79989E-03  7.03949E-03  7.28574E-03
       .            .            .            .            .            .
       .            .            .            .            .            .
       .            .            .            .            .            .
 -6.64604E-03 -6.53458E-03 -6.42273E-03 -6.31067E-03 -6.19855E-03 -6.08653E-03

512000 out of 512000 gridpoints are considered (100.0%).

...done!

                       Measure       RMSE[kcal/mol/e]   MaxError[kcal/mol/e]   NPoints
                         Total        6.802706118E-01        4.705003248E+00    407262
Close (  1.20 < r <   1.66 )          1.075094053E+00        4.705003248E+00    143242
Mid-range ( 1.66 < r <  2.20)         3.354786743E-01        1.072225430E+00    194862
Far-range (  2.20         < r)        1.186706998E-01        3.222072870E-01     69158
Did analysis and wrote slice data
