/home/boittier/esp_check
h2o_95
/data/boittier/energies/h2o_geom.xyz.dir
Read multipoles for 3 atoms with max. rank 2
Running in generate mode

Reading "/data/boittier/energies/h2o_geom.xyz.dir/h2o_95.chk.fchk.potential.cube"...

  h2o Potential=SCF
  Electrostatic potential from Total SCF Density
    3   -4.970736   -4.753700   -4.970736
   80    0.125841    0.000000    0.000000
   80    0.000000    0.125841    0.000000
   80    0.000000    0.000000    0.125841
    8    8.000000    0.000000    0.217035    0.000000
    1    1.000000    1.436595   -0.885293    0.000000
    1    1.000000   -1.436595   -0.850989    0.000000
  1.63313E-02  1.65085E-02  1.66586E-02  1.67802E-02  1.68724E-02  1.69342E-02
       .            .            .            .            .            .
       .            .            .            .            .            .
       .            .            .            .            .            .
 -9.05295E-03 -9.04844E-03 -9.03941E-03 -9.02584E-03 -9.00773E-03 -8.98505E-03

338256 out of 512000 gridpoints are considered ( 66.1%).

...done!

 writing cube file quadrupole_expansion.cube                                                                                                                                                                                                                                                                                                                                                                                                                                                                                                                                                                                                                                                                                                                                                                                                                                                                                                                                                                                                                                       
Written cubefile and slice data
Running in analysis mode

Reading "/data/boittier/energies/h2o_geom.xyz.dir/h2o_95.chk.fchk.potential.cube"...

  h2o Potential=SCF
  Electrostatic potential from Total SCF Density
    3   -4.970736   -4.753700   -4.970736
   80    0.125841    0.000000    0.000000
   80    0.000000    0.125841    0.000000
   80    0.000000    0.000000    0.125841
    8    8.000000    0.000000    0.217035    0.000000
    1    1.000000    1.436595   -0.885293    0.000000
    1    1.000000   -1.436595   -0.850989    0.000000
  6.03919E-03  6.25837E-03  6.48448E-03  6.71752E-03  6.95744E-03  7.20416E-03
       .            .            .            .            .            .
       .            .            .            .            .            .
       .            .            .            .            .            .
 -6.67948E-03 -6.56233E-03 -6.44513E-03 -6.32803E-03 -6.21120E-03 -6.09477E-03

512000 out of 512000 gridpoints are considered (100.0%).

...done!

Reading "/home/boittier/esp_check/quadrupole_expansion.cube"...

  Fitted ESP
  Electrostatic potential fitted from quadrupole expansion.
    3   -4.970736   -4.753700   -4.970736
   80    0.125841    0.000000    0.000000
   80    0.000000    0.125841    0.000000
   80    0.000000    0.000000    0.125841
    8    8.000000    0.000000    0.217035    0.000000
    1    1.000000    1.436595   -0.885293    0.000000
    1    1.000000   -1.436595   -0.850989    0.000000
  5.98033E-03  6.19329E-03  6.41277E-03  6.63875E-03  6.87117E-03  7.10996E-03
       .            .            .            .            .            .
       .            .            .            .            .            .
       .            .            .            .            .            .
 -6.62568E-03 -6.51362E-03 -6.40122E-03 -6.28864E-03 -6.17605E-03 -6.06359E-03

512000 out of 512000 gridpoints are considered (100.0%).

...done!

                       Measure       RMSE[kcal/mol/e]   MaxError[kcal/mol/e]   NPoints
                         Total        6.860882134E-01        4.688311496E+00    407740
Close (  1.20 < r <   1.66 )          1.085753322E+00        4.688311496E+00    142953
Mid-range ( 1.66 < r <  2.20)         3.386518209E-01        1.079504540E+00    195303
Far-range (  2.20         < r)        1.205770676E-01        3.202494575E-01     69484
Did analysis and wrote slice data
