/home/boittier/esp_check
h2o_243
/data/boittier/energies/h2o_geom.xyz.dir
Read multipoles for 3 atoms with max. rank 2
Running in generate mode

Reading "/data/boittier/energies/h2o_geom.xyz.dir/h2o_243.chk.fchk.potential.cube"...

  h2o Potential=SCF
  Electrostatic potential from Total SCF Density
    3   -4.970736   -4.749001   -4.970736
   80    0.125841    0.000000    0.000000
   80    0.000000    0.125841    0.000000
   80    0.000000    0.000000    0.125841
    8    8.000000    0.000000    0.221735    0.000000
    1    1.000000    1.464197   -0.842706    0.000000
    1    1.000000   -1.464197   -0.931173    0.000000
  1.65900E-02  1.67685E-02  1.69195E-02  1.70420E-02  1.71347E-02  1.71970E-02
       .            .            .            .            .            .
       .            .            .            .            .            .
       .            .            .            .            .            .
 -8.60620E-03 -8.60250E-03 -8.59511E-03 -8.58398E-03 -8.56909E-03 -8.55039E-03

337884 out of 512000 gridpoints are considered ( 66.0%).

...done!

 writing cube file quadrupole_expansion.cube                                                                                                                                                                                                                                                                                                                                                                                                                                                                                                                                                                                                                                                                                                                                                                                                                                                                                                                                                                                                                                       
Written cubefile and slice data
Running in analysis mode

Reading "/data/boittier/energies/h2o_geom.xyz.dir/h2o_243.chk.fchk.potential.cube"...

  h2o Potential=SCF
  Electrostatic potential from Total SCF Density
    3   -4.970736   -4.749001   -4.970736
   80    0.125841    0.000000    0.000000
   80    0.000000    0.125841    0.000000
   80    0.000000    0.000000    0.125841
    8    8.000000    0.000000    0.221735    0.000000
    1    1.000000    1.464197   -0.842706    0.000000
    1    1.000000   -1.464197   -0.931173    0.000000
  6.16540E-03  6.39357E-03  6.62917E-03  6.87222E-03  7.12268E-03  7.38048E-03
       .            .            .            .            .            .
       .            .            .            .            .            .
       .            .            .            .            .            .
 -6.54297E-03 -6.43119E-03 -6.31923E-03 -6.20724E-03 -6.09538E-03 -5.98378E-03

512000 out of 512000 gridpoints are considered (100.0%).

...done!

Reading "/home/boittier/esp_check/quadrupole_expansion.cube"...

  Fitted ESP
  Electrostatic potential fitted from quadrupole expansion.
    3   -4.970736   -4.749001   -4.970736
   80    0.125841    0.000000    0.000000
   80    0.000000    0.125841    0.000000
   80    0.000000    0.000000    0.125841
    8    8.000000    0.000000    0.221735    0.000000
    1    1.000000    1.464197   -0.842706    0.000000
    1    1.000000   -1.464197   -0.931173    0.000000
  6.10163E-03  6.32324E-03  6.55185E-03  6.78747E-03  7.03004E-03  7.27951E-03
       .            .            .            .            .            .
       .            .            .            .            .            .
       .            .            .            .            .            .
 -6.48321E-03 -6.37677E-03 -6.26985E-03 -6.16261E-03 -6.05521E-03 -5.94780E-03

512000 out of 512000 gridpoints are considered (100.0%).

...done!

                       Measure       RMSE[kcal/mol/e]   MaxError[kcal/mol/e]   NPoints
                         Total        6.863684523E-01        4.706823025E+00    406890
Close (  1.20 < r <   1.66 )          1.083924588E+00        4.706823025E+00    143363
Mid-range ( 1.66 < r <  2.20)         3.382966165E-01        1.094188261E+00    194521
Far-range (  2.20         < r)        1.196899309E-01        3.248365517E-01     69006
Did analysis and wrote slice data
