/home/boittier/esp_check
h2o_853
/data/boittier/energies/h2o_geom.xyz.dir
Read multipoles for 3 atoms with max. rank 2
Running in generate mode

Reading "/data/boittier/energies/h2o_geom.xyz.dir/h2o_853.chk.fchk.potential.cube"...

  h2o Potential=SCF
  Electrostatic potential from Total SCF Density
    3   -4.970736   -4.750480   -4.970736
   80    0.125841    0.000000    0.000000
   80    0.000000    0.125841    0.000000
   80    0.000000    0.000000    0.125841
    8    8.000000    0.000000    0.220255    0.000000
    1    1.000000    1.430748   -0.894884    0.000000
    1    1.000000   -1.430748   -0.867160    0.000000
  1.66076E-02  1.66369E-02  1.66369E-02  1.66076E-02  1.62620E-02  1.64668E-02
       .            .            .            .            .            .
       .            .            .            .            .            .
       .            .            .            .            .            .
 -9.15825E-03 -9.15360E-03 -9.14431E-03 -9.13036E-03 -9.11173E-03 -9.08840E-03

338250 out of 512000 gridpoints are considered ( 66.1%).

...done!

 writing cube file quadrupole_expansion.cube                                                                                                                                                                                                                                                                                                                                                                                                                                                                                                                                                                                                                                                                                                                                                                                                                                                                                                                                                                                                                                       
Written cubefile and slice data
Running in analysis mode

Reading "/data/boittier/energies/h2o_geom.xyz.dir/h2o_853.chk.fchk.potential.cube"...

  h2o Potential=SCF
  Electrostatic potential from Total SCF Density
    3   -4.970736   -4.750480   -4.970736
   80    0.125841    0.000000    0.000000
   80    0.000000    0.125841    0.000000
   80    0.000000    0.000000    0.125841
    8    8.000000    0.000000    0.220255    0.000000
    1    1.000000    1.430748   -0.894884    0.000000
    1    1.000000   -1.430748   -0.867160    0.000000
  6.09816E-03  6.31930E-03  6.54744E-03  6.78258E-03  7.02466E-03  7.27361E-03
       .            .            .            .            .            .
       .            .            .            .            .            .
       .            .            .            .            .            .
 -6.72717E-03 -6.60907E-03 -6.49092E-03 -6.37287E-03 -6.25510E-03 -6.13775E-03

512000 out of 512000 gridpoints are considered (100.0%).

...done!

Reading "/home/boittier/esp_check/quadrupole_expansion.cube"...

  Fitted ESP
  Electrostatic potential fitted from quadrupole expansion.
    3   -4.970736   -4.750480   -4.970736
   80    0.125841    0.000000    0.000000
   80    0.000000    0.125841    0.000000
   80    0.000000    0.000000    0.125841
    8    8.000000    0.000000    0.220255    0.000000
    1    1.000000    1.430748   -0.894884    0.000000
    1    1.000000   -1.430748   -0.867160    0.000000
  6.03977E-03  6.25468E-03  6.47618E-03  6.70425E-03  6.93882E-03  7.17982E-03
       .            .            .            .            .            .
       .            .            .            .            .            .
       .            .            .            .            .            .
 -6.67414E-03 -6.56111E-03 -6.44773E-03 -6.33419E-03 -6.22064E-03 -6.10723E-03

512000 out of 512000 gridpoints are considered (100.0%).

...done!

                       Measure       RMSE[kcal/mol/e]   MaxError[kcal/mol/e]   NPoints
                         Total        6.827958250E-01        4.695151349E+00    407624
Close (  1.20 < r <   1.66 )          1.080097804E+00        4.695151349E+00    143058
Mid-range ( 1.66 < r <  2.20)         3.368859307E-01        1.069213384E+00    195192
Far-range (  2.20         < r)        1.196165395E-01        3.205506620E-01     69374
Did analysis and wrote slice data
