/home/boittier/esp_check
h2o_1288
/data/boittier/energies/h2o_geom.xyz.dir
Read multipoles for 3 atoms with max. rank 2
Running in generate mode

Reading "/data/boittier/energies/h2o_geom.xyz.dir/h2o_1288.chk.fchk.potential.cube"...

  h2o Potential=SCF
  Electrostatic potential from Total SCF Density
    3   -4.970736   -4.754782   -4.970736
   80    0.125841    0.000000    0.000000
   80    0.000000    0.125841    0.000000
   80    0.000000    0.000000    0.125841
    8    8.000000    0.000000    0.215953    0.000000
    1    1.000000    1.434832   -0.905214    0.000000
    1    1.000000   -1.434832   -0.822412    0.000000
  1.62930E-02  1.64401E-02  1.65592E-02  1.66494E-02  1.67101E-02  1.67405E-02
       .            .            .            .            .            .
       .            .            .            .            .            .
       .            .            .            .            .            .
 -9.22022E-03 -9.21542E-03 -9.20582E-03 -9.19142E-03 -9.17219E-03 -9.14814E-03

338302 out of 512000 gridpoints are considered ( 66.1%).

...done!

 writing cube file quadrupole_expansion.cube                                                                                                                                                                                                                                                                                                                                                                                                                                                                                                                                                                                                                                                                                                                                                                                                                                                                                                                                                                                                                                       
Written cubefile and slice data
Running in analysis mode

Reading "/data/boittier/energies/h2o_geom.xyz.dir/h2o_1288.chk.fchk.potential.cube"...

  h2o Potential=SCF
  Electrostatic potential from Total SCF Density
    3   -4.970736   -4.754782   -4.970736
   80    0.125841    0.000000    0.000000
   80    0.000000    0.125841    0.000000
   80    0.000000    0.000000    0.125841
    8    8.000000    0.000000    0.215953    0.000000
    1    1.000000    1.434832   -0.905214    0.000000
    1    1.000000   -1.434832   -0.822412    0.000000
  5.99338E-03  6.20978E-03  6.43298E-03  6.66295E-03  6.89965E-03  7.14301E-03
       .            .            .            .            .            .
       .            .            .            .            .            .
       .            .            .            .            .            .
 -6.73688E-03 -6.61776E-03 -6.49862E-03 -6.37963E-03 -6.26095E-03 -6.14273E-03

512000 out of 512000 gridpoints are considered (100.0%).

...done!

Reading "/home/boittier/esp_check/quadrupole_expansion.cube"...

  Fitted ESP
  Electrostatic potential fitted from quadrupole expansion.
    3   -4.970736   -4.754782   -4.970736
   80    0.125841    0.000000    0.000000
   80    0.000000    0.125841    0.000000
   80    0.000000    0.000000    0.125841
    8    8.000000    0.000000    0.215953    0.000000
    1    1.000000    1.434832   -0.905214    0.000000
    1    1.000000   -1.434832   -0.822412    0.000000
  5.93642E-03  6.14673E-03  6.36341E-03  6.58645E-03  6.81579E-03  7.05135E-03
       .            .            .            .            .            .
       .            .            .            .            .            .
       .            .            .            .            .            .
 -6.68560E-03 -6.57146E-03 -6.45701E-03 -6.34244E-03 -6.22790E-03 -6.11354E-03

512000 out of 512000 gridpoints are considered (100.0%).

...done!

                       Measure       RMSE[kcal/mol/e]   MaxError[kcal/mol/e]   NPoints
                         Total        6.865761268E-01        4.685801458E+00    407832
Close (  1.20 < r <   1.66 )          1.086836043E+00        4.685801458E+00    142880
Mid-range ( 1.66 < r <  2.20)         3.390245041E-01        1.080885060E+00    195422
Far-range (  2.20         < r)        1.207400695E-01        3.210024689E-01     69530
Did analysis and wrote slice data
