/home/boittier/esp_check
h2o_726
/data/boittier/energies/h2o_geom.xyz.dir
Read multipoles for 3 atoms with max. rank 2
Running in generate mode

Reading "/data/boittier/energies/h2o_geom.xyz.dir/h2o_726.chk.fchk.potential.cube"...

  h2o Potential=SCF
  Electrostatic potential from Total SCF Density
    3   -4.970736   -4.753072   -4.970736
   80    0.125841    0.000000    0.000000
   80    0.000000    0.125841    0.000000
   80    0.000000    0.000000    0.125841
    8    8.000000    0.000000    0.217663    0.000000
    1    1.000000    1.415961   -0.917456    0.000000
    1    1.000000   -1.415961   -0.823850    0.000000
  1.62671E-02  1.64128E-02  1.65309E-02  1.66204E-02  1.66805E-02  1.67106E-02
       .            .            .            .            .            .
       .            .            .            .            .            .
       .            .            .            .            .            .
 -9.38881E-03 -9.38374E-03 -9.37360E-03 -9.35839E-03 -9.33810E-03 -9.31273E-03

338431 out of 512000 gridpoints are considered ( 66.1%).

...done!

 writing cube file quadrupole_expansion.cube                                                                                                                                                                                                                                                                                                                                                                                                                                                                                                                                                                                                                                                                                                                                                                                                                                                                                                                                                                                                                                       
Written cubefile and slice data
Running in analysis mode

Reading "/data/boittier/energies/h2o_geom.xyz.dir/h2o_726.chk.fchk.potential.cube"...

  h2o Potential=SCF
  Electrostatic potential from Total SCF Density
    3   -4.970736   -4.753072   -4.970736
   80    0.125841    0.000000    0.000000
   80    0.000000    0.125841    0.000000
   80    0.000000    0.000000    0.125841
    8    8.000000    0.000000    0.217663    0.000000
    1    1.000000    1.415961   -0.917456    0.000000
    1    1.000000   -1.415961   -0.823850    0.000000
  6.03054E-03  6.24698E-03  6.47017E-03  6.70008E-03  6.93666E-03  7.17983E-03
       .            .            .            .            .            .
       .            .            .            .            .            .
       .            .            .            .            .            .
 -6.79685E-03 -6.67599E-03 -6.55514E-03 -6.43447E-03 -6.31415E-03 -6.19431E-03

512000 out of 512000 gridpoints are considered (100.0%).

...done!

Reading "/home/boittier/esp_check/quadrupole_expansion.cube"...

  Fitted ESP
  Electrostatic potential fitted from quadrupole expansion.
    3   -4.970736   -4.753072   -4.970736
   80    0.125841    0.000000    0.000000
   80    0.000000    0.125841    0.000000
   80    0.000000    0.000000    0.125841
    8    8.000000    0.000000    0.217663    0.000000
    1    1.000000    1.415961   -0.917456    0.000000
    1    1.000000   -1.415961   -0.823850    0.000000
  5.97501E-03  6.18543E-03  6.40217E-03  6.62523E-03  6.85453E-03  7.08999E-03
       .            .            .            .            .            .
       .            .            .            .            .            .
       .            .            .            .            .            .
 -6.74719E-03 -6.63126E-03 -6.51505E-03 -6.39874E-03 -6.28250E-03 -6.16648E-03

512000 out of 512000 gridpoints are considered (100.0%).

...done!

                       Measure       RMSE[kcal/mol/e]   MaxError[kcal/mol/e]   NPoints
                         Total        6.821797300E-01        4.685236699E+00    408043
Close (  1.20 < r <   1.66 )          1.080200954E+00        4.685236699E+00    142845
Mid-range ( 1.66 < r <  2.20)         3.369928723E-01        1.061306765E+00    195586
Far-range (  2.20         < r)        1.200144263E-01        3.195215465E-01     69612
Did analysis and wrote slice data
