/home/boittier/esp_check
h2o_1777
/data/boittier/energies/h2o_geom.xyz.dir
Read multipoles for 3 atoms with max. rank 2
Running in generate mode

Reading "/data/boittier/energies/h2o_geom.xyz.dir/h2o_1777.chk.fchk.potential.cube"...

  h2o Potential=SCF
  Electrostatic potential from Total SCF Density
    3   -4.970736   -4.750869   -4.970736
   80    0.125841    0.000000    0.000000
   80    0.000000    0.125841    0.000000
   80    0.000000    0.000000    0.125841
    8    8.000000    0.000000    0.219866    0.000000
    1    1.000000    1.381502   -0.965794    0.000000
    1    1.000000   -1.381502   -0.793138    0.000000
  1.64061E-02  1.64352E-02  1.64352E-02  1.64061E-02  1.60405E-02  1.62427E-02
       .            .            .            .            .            .
       .            .            .            .            .            .
       .            .            .            .            .            .
 -9.89477E-03 -9.88889E-03 -9.87714E-03 -9.85954E-03 -9.83607E-03 -9.80678E-03

338668 out of 512000 gridpoints are considered ( 66.1%).

...done!

 writing cube file quadrupole_expansion.cube                                                                                                                                                                                                                                                                                                                                                                                                                                                                                                                                                                                                                                                                                                                                                                                                                                                                                                                                                                                                                                       
Written cubefile and slice data
Running in analysis mode

Reading "/data/boittier/energies/h2o_geom.xyz.dir/h2o_1777.chk.fchk.potential.cube"...

  h2o Potential=SCF
  Electrostatic potential from Total SCF Density
    3   -4.970736   -4.750869   -4.970736
   80    0.125841    0.000000    0.000000
   80    0.000000    0.125841    0.000000
   80    0.000000    0.000000    0.125841
    8    8.000000    0.000000    0.219866    0.000000
    1    1.000000    1.381502   -0.965794    0.000000
    1    1.000000   -1.381502   -0.793138    0.000000
  6.05282E-03  6.26655E-03  6.48679E-03  6.71351E-03  6.94665E-03  7.18612E-03
       .            .            .            .            .            .
       .            .            .            .            .            .
       .            .            .            .            .            .
 -6.97852E-03 -6.85219E-03 -6.72597E-03 -6.60004E-03 -6.47457E-03 -6.34970E-03

512000 out of 512000 gridpoints are considered (100.0%).

...done!

Reading "/home/boittier/esp_check/quadrupole_expansion.cube"...

  Fitted ESP
  Electrostatic potential fitted from quadrupole expansion.
    3   -4.970736   -4.750869   -4.970736
   80    0.125841    0.000000    0.000000
   80    0.000000    0.125841    0.000000
   80    0.000000    0.000000    0.125841
    8    8.000000    0.000000    0.219866    0.000000
    1    1.000000    1.381502   -0.965794    0.000000
    1    1.000000   -1.381502   -0.793138    0.000000
  6.00230E-03  6.21027E-03  6.42436E-03  6.64453E-03  6.87070E-03  7.10278E-03
       .            .            .            .            .            .
       .            .            .            .            .            .
       .            .            .            .            .            .
 -6.93507E-03 -6.81342E-03 -6.69160E-03 -6.56979E-03 -6.44817E-03 -6.32689E-03

512000 out of 512000 gridpoints are considered (100.0%).

...done!

                       Measure       RMSE[kcal/mol/e]   MaxError[kcal/mol/e]   NPoints
                         Total        6.747773374E-01        4.678208593E+00    408490
Close (  1.20 < r <   1.66 )          1.069538806E+00        4.678208593E+00    142666
Mid-range ( 1.66 < r <  2.20)         3.335939603E-01        1.043134091E+00    196002
Far-range (  2.20         < r)        1.188277359E-01        3.212220972E-01     69822
Did analysis and wrote slice data
