/home/boittier/esp_check
h2o_147
/data/boittier/energies/h2o_geom.xyz.dir
Read multipoles for 3 atoms with max. rank 2
Running in generate mode

Reading "/data/boittier/energies/h2o_geom.xyz.dir/h2o_147.chk.fchk.potential.cube"...

  h2o Potential=SCF
  Electrostatic potential from Total SCF Density
    3   -4.970736   -4.753132   -4.970736
   80    0.125841    0.000000    0.000000
   80    0.000000    0.125841    0.000000
   80    0.000000    0.000000    0.125841
    8    8.000000    0.000000    0.217603    0.000000
    1    1.000000    1.437459   -0.883372    0.000000
    1    1.000000   -1.437459   -0.857455    0.000000
  1.65503E-02  1.65503E-02  1.61821E-02  1.63861E-02  1.65642E-02  1.67150E-02
       .            .            .            .            .            .
       .            .            .            .            .            .
       .            .            .            .            .            .
 -9.03519E-03 -9.03071E-03 -9.02175E-03 -9.00830E-03 -8.99034E-03 -8.96784E-03

338248 out of 512000 gridpoints are considered ( 66.1%).

...done!

 writing cube file quadrupole_expansion.cube                                                                                                                                                                                                                                                                                                                                                                                                                                                                                                                                                                                                                                                                                                                                                                                                                                                                                                                                                                                                                                       
Written cubefile and slice data
Running in analysis mode

Reading "/data/boittier/energies/h2o_geom.xyz.dir/h2o_147.chk.fchk.potential.cube"...

  h2o Potential=SCF
  Electrostatic potential from Total SCF Density
    3   -4.970736   -4.753132   -4.970736
   80    0.125841    0.000000    0.000000
   80    0.000000    0.125841    0.000000
   80    0.000000    0.000000    0.125841
    8    8.000000    0.000000    0.217603    0.000000
    1    1.000000    1.437459   -0.883372    0.000000
    1    1.000000   -1.437459   -0.857455    0.000000
  6.05258E-03  6.27248E-03  6.49935E-03  6.73317E-03  6.97392E-03  7.22151E-03
       .            .            .            .            .            .
       .            .            .            .            .            .
       .            .            .            .            .            .
 -6.67532E-03 -6.55841E-03 -6.44144E-03 -6.32457E-03 -6.20795E-03 -6.09173E-03

512000 out of 512000 gridpoints are considered (100.0%).

...done!

Reading "/home/boittier/esp_check/quadrupole_expansion.cube"...

  Fitted ESP
  Electrostatic potential fitted from quadrupole expansion.
    3   -4.970736   -4.753132   -4.970736
   80    0.125841    0.000000    0.000000
   80    0.000000    0.125841    0.000000
   80    0.000000    0.000000    0.125841
    8    8.000000    0.000000    0.217603    0.000000
    1    1.000000    1.437459   -0.883372    0.000000
    1    1.000000   -1.437459   -0.857455    0.000000
  5.99344E-03  6.20710E-03  6.42730E-03  6.65404E-03  6.88727E-03  7.12689E-03
       .            .            .            .            .            .
       .            .            .            .            .            .
       .            .            .            .            .            .
 -6.62118E-03 -6.50939E-03 -6.39723E-03 -6.28490E-03 -6.17253E-03 -6.06029E-03

512000 out of 512000 gridpoints are considered (100.0%).

...done!

                       Measure       RMSE[kcal/mol/e]   MaxError[kcal/mol/e]   NPoints
                         Total        6.858598620E-01        4.689817518E+00    407696
Close (  1.20 < r <   1.66 )          1.085266641E+00        4.689817518E+00    142982
Mid-range ( 1.66 < r <  2.20)         3.384686867E-01        1.078751528E+00    195266
Far-range (  2.20         < r)        1.204235295E-01        3.205192866E-01     69448
Did analysis and wrote slice data
