/home/boittier/esp_check
h2o_10
/data/boittier/energies/h2o_geom.xyz.dir
Read multipoles for 3 atoms with max. rank 2
Running in generate mode

Reading "/data/boittier/energies/h2o_geom.xyz.dir/h2o_10.chk.fchk.potential.cube"...

  h2o Potential=SCF
  Electrostatic potential from Total SCF Density
    3   -4.970736   -4.746835   -4.970736
   80    0.125841    0.000000    0.000000
   80    0.000000    0.125841    0.000000
   80    0.000000    0.000000    0.125841
    8    8.000000    0.000000    0.223901    0.000000
    1    1.000000    1.446744   -0.865860    0.000000
    1    1.000000   -1.446744   -0.925346    0.000000
  1.66932E-02  1.68423E-02  1.69631E-02  1.70547E-02  1.71161E-02  1.71470E-02
       .            .            .            .            .            .
       .            .            .            .            .            .
       .            .            .            .            .            .
 -8.86623E-03 -8.86212E-03 -8.85390E-03 -8.84153E-03 -8.82501E-03 -8.80428E-03

338023 out of 512000 gridpoints are considered ( 66.0%).

...done!

 writing cube file quadrupole_expansion.cube                                                                                                                                                                                                                                                                                                                                                                                                                                                                                                                                                                                                                                                                                                                                                                                                                                                                                                                                                                                                                                       
Written cubefile and slice data
Running in analysis mode

Reading "/data/boittier/energies/h2o_geom.xyz.dir/h2o_10.chk.fchk.potential.cube"...

  h2o Potential=SCF
  Electrostatic potential from Total SCF Density
    3   -4.970736   -4.746835   -4.970736
   80    0.125841    0.000000    0.000000
   80    0.000000    0.125841    0.000000
   80    0.000000    0.000000    0.125841
    8    8.000000    0.000000    0.223901    0.000000
    1    1.000000    1.446744   -0.865860    0.000000
    1    1.000000   -1.446744   -0.925346    0.000000
  6.19145E-03  6.41889E-03  6.65368E-03  6.89581E-03  7.14526E-03  7.40194E-03
       .            .            .            .            .            .
       .            .            .            .            .            .
       .            .            .            .            .            .
 -6.63802E-03 -6.52347E-03 -6.40877E-03 -6.29411E-03 -6.17962E-03 -6.06545E-03

512000 out of 512000 gridpoints are considered (100.0%).

...done!

Reading "/home/boittier/esp_check/quadrupole_expansion.cube"...

  Fitted ESP
  Electrostatic potential fitted from quadrupole expansion.
    3   -4.970736   -4.746835   -4.970736
   80    0.125841    0.000000    0.000000
   80    0.000000    0.125841    0.000000
   80    0.000000    0.000000    0.125841
    8    8.000000    0.000000    0.223901    0.000000
    1    1.000000    1.446744   -0.865860    0.000000
    1    1.000000   -1.446744   -0.925346    0.000000
  6.12981E-03  6.35080E-03  6.57870E-03  6.81351E-03  7.05519E-03  7.30365E-03
       .            .            .            .            .            .
       .            .            .            .            .            .
       .            .            .            .            .            .
 -6.58100E-03 -6.47168E-03 -6.36193E-03 -6.25192E-03 -6.14180E-03 -6.03173E-03

512000 out of 512000 gridpoints are considered (100.0%).

...done!

                       Measure       RMSE[kcal/mol/e]   MaxError[kcal/mol/e]   NPoints
                         Total        6.822310209E-01        4.708203546E+00    407070
Close (  1.20 < r <   1.66 )          1.077699878E+00        4.708203546E+00    143334
Mid-range ( 1.66 < r <  2.20)         3.362921225E-01        1.079441789E+00    194689
Far-range (  2.20         < r)        1.188348041E-01        3.235187818E-01     69047
Did analysis and wrote slice data
