/home/boittier/esp_check
h2o_395
/data/boittier/energies/h2o_geom.xyz.dir
Read multipoles for 3 atoms with max. rank 2
Running in generate mode

Reading "/data/boittier/energies/h2o_geom.xyz.dir/h2o_395.chk.fchk.potential.cube"...

  h2o Potential=SCF
  Electrostatic potential from Total SCF Density
    3   -4.970736   -4.745914   -4.970736
   80    0.125841    0.000000    0.000000
   80    0.000000    0.125841    0.000000
   80    0.000000    0.000000    0.125841
    8    8.000000    0.000000    0.224822    0.000000
    1    1.000000    1.411123   -0.916844    0.000000
    1    1.000000   -1.411123   -0.881730    0.000000
  1.67117E-02  1.67411E-02  1.67411E-02  1.67117E-02  1.63549E-02  1.65598E-02
       .            .            .            .            .            .
       .            .            .            .            .            .
       .            .            .            .            .            .
 -9.41158E-03 -9.40656E-03 -9.39654E-03 -9.38150E-03 -9.36143E-03 -9.33633E-03

338308 out of 512000 gridpoints are considered ( 66.1%).

...done!

 writing cube file quadrupole_expansion.cube                                                                                                                                                                                                                                                                                                                                                                                                                                                                                                                                                                                                                                                                                                                                                                                                                                                                                                                                                                                                                                       
Written cubefile and slice data
Running in analysis mode

Reading "/data/boittier/energies/h2o_geom.xyz.dir/h2o_395.chk.fchk.potential.cube"...

  h2o Potential=SCF
  Electrostatic potential from Total SCF Density
    3   -4.970736   -4.745914   -4.970736
   80    0.125841    0.000000    0.000000
   80    0.000000    0.125841    0.000000
   80    0.000000    0.000000    0.125841
    8    8.000000    0.000000    0.224822    0.000000
    1    1.000000    1.411123   -0.916844    0.000000
    1    1.000000   -1.411123   -0.881730    0.000000
  6.17932E-03  6.40215E-03  6.63200E-03  6.86885E-03  7.11265E-03  7.36333E-03
       .            .            .            .            .            .
       .            .            .            .            .            .
       .            .            .            .            .            .
 -6.82824E-03 -6.70763E-03 -6.58701E-03 -6.46653E-03 -6.34636E-03 -6.22665E-03

512000 out of 512000 gridpoints are considered (100.0%).

...done!

Reading "/home/boittier/esp_check/quadrupole_expansion.cube"...

  Fitted ESP
  Electrostatic potential fitted from quadrupole expansion.
    3   -4.970736   -4.745914   -4.970736
   80    0.125841    0.000000    0.000000
   80    0.000000    0.125841    0.000000
   80    0.000000    0.000000    0.125841
    8    8.000000    0.000000    0.224822    0.000000
    1    1.000000    1.411123   -0.916844    0.000000
    1    1.000000   -1.411123   -0.881730    0.000000
  6.12274E-03  6.33942E-03  6.56268E-03  6.79252E-03  7.02889E-03  7.27168E-03
       .            .            .            .            .            .
       .            .            .            .            .            .
       .            .            .            .            .            .
 -6.77763E-03 -6.66201E-03 -6.54608E-03 -6.43002E-03 -6.31399E-03 -6.19815E-03

512000 out of 512000 gridpoints are considered (100.0%).

...done!

                       Measure       RMSE[kcal/mol/e]   MaxError[kcal/mol/e]   NPoints
                         Total        6.757412433E-01        4.701740198E+00    407636
Close (  1.20 < r <   1.66 )          1.068763800E+00        4.701740198E+00    143112
Mid-range ( 1.66 < r <  2.20)         3.334240821E-01        1.058671225E+00    195196
Far-range (  2.20         < r)        1.180709652E-01        3.198415763E-01     69328
Did analysis and wrote slice data
