/home/boittier/esp_check
h2o_1745
/data/boittier/energies/h2o_geom.xyz.dir
Read multipoles for 3 atoms with max. rank 2
Running in generate mode

Reading "/data/boittier/energies/h2o_geom.xyz.dir/h2o_1745.chk.fchk.potential.cube"...

  h2o Potential=SCF
  Electrostatic potential from Total SCF Density
    3   -4.970736   -4.758487   -4.970736
   80    0.125841    0.000000    0.000000
   80    0.000000    0.125841    0.000000
   80    0.000000    0.000000    0.125841
    8    8.000000    0.000000    0.212249    0.000000
    1    1.000000    1.479519   -0.841490    0.000000
    1    1.000000   -1.479519   -0.856501    0.000000
  1.64328E-02  1.65213E-02  1.65808E-02  1.66106E-02  1.66106E-02  1.65808E-02
       .            .            .            .            .            .
       .            .            .            .            .            .
       .            .            .            .            .            .
 -8.52095E-03 -8.51730E-03 -8.50998E-03 -8.49897E-03 -8.48423E-03 -8.46572E-03

337967 out of 512000 gridpoints are considered ( 66.0%).

...done!

 writing cube file quadrupole_expansion.cube                                                                                                                                                                                                                                                                                                                                                                                                                                                                                                                                                                                                                                                                                                                                                                                                                                                                                                                                                                                                                                       
Written cubefile and slice data
Running in analysis mode

Reading "/data/boittier/energies/h2o_geom.xyz.dir/h2o_1745.chk.fchk.potential.cube"...

  h2o Potential=SCF
  Electrostatic potential from Total SCF Density
    3   -4.970736   -4.758487   -4.970736
   80    0.125841    0.000000    0.000000
   80    0.000000    0.125841    0.000000
   80    0.000000    0.000000    0.125841
    8    8.000000    0.000000    0.212249    0.000000
    1    1.000000    1.479519   -0.841490    0.000000
    1    1.000000   -1.479519   -0.856501    0.000000
  5.96302E-03  6.18301E-03  6.41009E-03  6.64428E-03  6.88554E-03  7.13379E-03
       .            .            .            .            .            .
       .            .            .            .            .            .
       .            .            .            .            .            .
 -6.48735E-03 -6.37583E-03 -6.26416E-03 -6.15248E-03 -6.04096E-03 -5.92973E-03

512000 out of 512000 gridpoints are considered (100.0%).

...done!

Reading "/home/boittier/esp_check/quadrupole_expansion.cube"...

  Fitted ESP
  Electrostatic potential fitted from quadrupole expansion.
    3   -4.970736   -4.758487   -4.970736
   80    0.125841    0.000000    0.000000
   80    0.000000    0.125841    0.000000
   80    0.000000    0.000000    0.125841
    8    8.000000    0.000000    0.212249    0.000000
    1    1.000000    1.479519   -0.841490    0.000000
    1    1.000000   -1.479519   -0.856501    0.000000
  5.89984E-03  6.11340E-03  6.33363E-03  6.56053E-03  6.79406E-03  7.03413E-03
       .            .            .            .            .            .
       .            .            .            .            .            .
       .            .            .            .            .            .
 -6.42830E-03 -6.32206E-03 -6.21537E-03 -6.10839E-03 -6.00128E-03 -5.89419E-03

512000 out of 512000 gridpoints are considered (100.0%).

...done!

                       Measure       RMSE[kcal/mol/e]   MaxError[kcal/mol/e]   NPoints
                         Total        6.952823020E-01        4.684420937E+00    407276
Close (  1.20 < r <   1.66 )          1.099441388E+00        4.684420937E+00    143075
Mid-range ( 1.66 < r <  2.20)         3.428235609E-01        1.123367451E+00    194892
Far-range (  2.20         < r)        1.221485199E-01        3.230167743E-01     69309
Did analysis and wrote slice data
