/home/boittier/esp_check
h2o_380
/data/boittier/energies/h2o_geom.xyz.dir
Read multipoles for 3 atoms with max. rank 2
Running in generate mode

Reading "/data/boittier/energies/h2o_geom.xyz.dir/h2o_380.chk.fchk.potential.cube"...

  h2o Potential=SCF
  Electrostatic potential from Total SCF Density
    3   -4.970736   -4.747153   -4.970736
   80    0.125841    0.000000    0.000000
   80    0.000000    0.125841    0.000000
   80    0.000000    0.000000    0.125841
    8    8.000000    0.000000    0.223583    0.000000
    1    1.000000    1.446280   -0.866616    0.000000
    1    1.000000   -1.446280   -0.922048    0.000000
  1.66653E-02  1.68140E-02  1.69346E-02  1.70259E-02  1.70872E-02  1.71179E-02
       .            .            .            .            .            .
       .            .            .            .            .            .
       .            .            .            .            .            .
 -8.87387E-03 -8.86974E-03 -8.86148E-03 -8.84907E-03 -8.83247E-03 -8.81167E-03

338035 out of 512000 gridpoints are considered ( 66.0%).

...done!

 writing cube file quadrupole_expansion.cube                                                                                                                                                                                                                                                                                                                                                                                                                                                                                                                                                                                                                                                                                                                                                                                                                                                                                                                                                                                                                                       
Written cubefile and slice data
Running in analysis mode

Reading "/data/boittier/energies/h2o_geom.xyz.dir/h2o_380.chk.fchk.potential.cube"...

  h2o Potential=SCF
  Electrostatic potential from Total SCF Density
    3   -4.970736   -4.747153   -4.970736
   80    0.125841    0.000000    0.000000
   80    0.000000    0.125841    0.000000
   80    0.000000    0.000000    0.125841
    8    8.000000    0.000000    0.223583    0.000000
    1    1.000000    1.446280   -0.866616    0.000000
    1    1.000000   -1.446280   -0.922048    0.000000
  6.18481E-03  6.41189E-03  6.64629E-03  6.88802E-03  7.13704E-03  7.39329E-03
       .            .            .            .            .            .
       .            .            .            .            .            .
       .            .            .            .            .            .
 -6.63964E-03 -6.52497E-03 -6.41017E-03 -6.29540E-03 -6.18082E-03 -6.06656E-03

512000 out of 512000 gridpoints are considered (100.0%).

...done!

Reading "/home/boittier/esp_check/quadrupole_expansion.cube"...

  Fitted ESP
  Electrostatic potential fitted from quadrupole expansion.
    3   -4.970736   -4.747153   -4.970736
   80    0.125841    0.000000    0.000000
   80    0.000000    0.125841    0.000000
   80    0.000000    0.000000    0.125841
    8    8.000000    0.000000    0.223583    0.000000
    1    1.000000    1.446280   -0.866616    0.000000
    1    1.000000   -1.446280   -0.922048    0.000000
  6.12327E-03  6.34391E-03  6.57144E-03  6.80585E-03  7.04712E-03  7.29515E-03
       .            .            .            .            .            .
       .            .            .            .            .            .
       .            .            .            .            .            .
 -6.58273E-03 -6.47330E-03 -6.36344E-03 -6.25332E-03 -6.14310E-03 -6.03293E-03

512000 out of 512000 gridpoints are considered (100.0%).

...done!

                       Measure       RMSE[kcal/mol/e]   MaxError[kcal/mol/e]   NPoints
                         Total        6.824221021E-01        4.707325033E+00    407103
Close (  1.20 < r <   1.66 )          1.078043955E+00        4.707325033E+00    143332
Mid-range ( 1.66 < r <  2.20)         3.364011644E-01        1.079065283E+00    194703
Far-range (  2.20         < r)        1.189177062E-01        3.233556294E-01     69068
Did analysis and wrote slice data
