/home/boittier/esp_check
h2o_1651
/data/boittier/energies/h2o_geom.xyz.dir
Read multipoles for 3 atoms with max. rank 2
Running in generate mode

Reading "/data/boittier/energies/h2o_geom.xyz.dir/h2o_1651.chk.fchk.potential.cube"...

  h2o Potential=SCF
  Electrostatic potential from Total SCF Density
    3   -4.970736   -4.742880   -4.970736
   80    0.125841    0.000000    0.000000
   80    0.000000    0.125841    0.000000
   80    0.000000    0.000000    0.125841
    8    8.000000    0.000000    0.227856    0.000000
    1    1.000000    1.415739   -0.919885    0.000000
    1    1.000000   -1.415739   -0.902960    0.000000
  1.67665E-02  1.68553E-02  1.69150E-02  1.69449E-02  1.69449E-02  1.69150E-02
       .            .            .            .            .            .
       .            .            .            .            .            .
       .            .            .            .            .            .
 -9.42328E-03 -9.41830E-03 -9.40834E-03 -9.39338E-03 -9.37343E-03 -9.34846E-03

338203 out of 512000 gridpoints are considered ( 66.1%).

...done!

 writing cube file quadrupole_expansion.cube                                                                                                                                                                                                                                                                                                                                                                                                                                                                                                                                                                                                                                                                                                                                                                                                                                                                                                                                                                                                                                       
Written cubefile and slice data
Running in analysis mode

Reading "/data/boittier/energies/h2o_geom.xyz.dir/h2o_1651.chk.fchk.potential.cube"...

  h2o Potential=SCF
  Electrostatic potential from Total SCF Density
    3   -4.970736   -4.742880   -4.970736
   80    0.125841    0.000000    0.000000
   80    0.000000    0.125841    0.000000
   80    0.000000    0.000000    0.125841
    8    8.000000    0.000000    0.227856    0.000000
    1    1.000000    1.415739   -0.919885    0.000000
    1    1.000000   -1.415739   -0.902960    0.000000
  6.23114E-03  6.45656E-03  6.68912E-03  6.92880E-03  7.17557E-03  7.42935E-03
       .            .            .            .            .            .
       .            .            .            .            .            .
       .            .            .            .            .            .
 -6.84489E-03 -6.72435E-03 -6.60378E-03 -6.48334E-03 -6.36319E-03 -6.24349E-03

512000 out of 512000 gridpoints are considered (100.0%).

...done!

Reading "/home/boittier/esp_check/quadrupole_expansion.cube"...

  Fitted ESP
  Electrostatic potential fitted from quadrupole expansion.
    3   -4.970736   -4.742880   -4.970736
   80    0.125841    0.000000    0.000000
   80    0.000000    0.125841    0.000000
   80    0.000000    0.000000    0.125841
    8    8.000000    0.000000    0.227856    0.000000
    1    1.000000    1.415739   -0.919885    0.000000
    1    1.000000   -1.415739   -0.902960    0.000000
  6.17423E-03  6.39343E-03  6.61935E-03  6.85197E-03  7.09123E-03  7.33705E-03
       .            .            .            .            .            .
       .            .            .            .            .            .
       .            .            .            .            .            .
 -6.79417E-03 -6.67862E-03 -6.56276E-03 -6.44674E-03 -6.33075E-03 -6.21492E-03

512000 out of 512000 gridpoints are considered (100.0%).

...done!

                       Measure       RMSE[kcal/mol/e]   MaxError[kcal/mol/e]   NPoints
                         Total        6.740176813E-01        4.709019308E+00    407349
Close (  1.20 < r <   1.66 )          1.065140982E+00        4.709019308E+00    143311
Mid-range ( 1.66 < r <  2.20)         3.322744060E-01        1.060867508E+00    194892
Far-range (  2.20         < r)        1.172954142E-01        3.212848481E-01     69146
Did analysis and wrote slice data
