/home/boittier/esp_check
h2o_331
/data/boittier/energies/h2o_geom.xyz.dir
Read multipoles for 3 atoms with max. rank 2
Running in generate mode

Reading "/data/boittier/energies/h2o_geom.xyz.dir/h2o_331.chk.fchk.potential.cube"...

  h2o Potential=SCF
  Electrostatic potential from Total SCF Density
    3   -4.970736   -4.751315   -4.970736
   80    0.125841    0.000000    0.000000
   80    0.000000    0.125841    0.000000
   80    0.000000    0.000000    0.125841
    8    8.000000    0.000000    0.219420    0.000000
    1    1.000000    1.403959   -0.929081    0.000000
    1    1.000000   -1.403959   -0.826283    0.000000
  1.64185E-02  1.65361E-02  1.66252E-02  1.66850E-02  1.67150E-02  1.67150E-02
       .            .            .            .            .            .
       .            .            .            .            .            .
       .            .            .            .            .            .
 -9.52692E-03 -9.52164E-03 -9.51109E-03 -9.49526E-03 -9.47414E-03 -9.44775E-03

338520 out of 512000 gridpoints are considered ( 66.1%).

...done!

 writing cube file quadrupole_expansion.cube                                                                                                                                                                                                                                                                                                                                                                                                                                                                                                                                                                                                                                                                                                                                                                                                                                                                                                                                                                                                                                       
Written cubefile and slice data
Running in analysis mode

Reading "/data/boittier/energies/h2o_geom.xyz.dir/h2o_331.chk.fchk.potential.cube"...

  h2o Potential=SCF
  Electrostatic potential from Total SCF Density
    3   -4.970736   -4.751315   -4.970736
   80    0.125841    0.000000    0.000000
   80    0.000000    0.125841    0.000000
   80    0.000000    0.000000    0.125841
    8    8.000000    0.000000    0.219420    0.000000
    1    1.000000    1.403959   -0.929081    0.000000
    1    1.000000   -1.403959   -0.826283    0.000000
  6.06384E-03  6.28063E-03  6.50413E-03  6.73433E-03  6.97118E-03  7.21460E-03
       .            .            .            .            .            .
       .            .            .            .            .            .
       .            .            .            .            .            .
 -6.84922E-03 -6.72694E-03 -6.60471E-03 -6.48268E-03 -6.36102E-03 -6.23987E-03

512000 out of 512000 gridpoints are considered (100.0%).

...done!

Reading "/home/boittier/esp_check/quadrupole_expansion.cube"...

  Fitted ESP
  Electrostatic potential fitted from quadrupole expansion.
    3   -4.970736   -4.751315   -4.970736
   80    0.125841    0.000000    0.000000
   80    0.000000    0.125841    0.000000
   80    0.000000    0.000000    0.125841
    8    8.000000    0.000000    0.219420    0.000000
    1    1.000000    1.403959   -0.929081    0.000000
    1    1.000000   -1.403959   -0.826283    0.000000
  6.00942E-03  6.22022E-03  6.43733E-03  6.66073E-03  6.89036E-03  7.12612E-03
       .            .            .            .            .            .
       .            .            .            .            .            .
       .            .            .            .            .            .
 -6.80094E-03 -6.68354E-03 -6.56590E-03 -6.44818E-03 -6.33055E-03 -6.21318E-03

512000 out of 512000 gridpoints are considered (100.0%).

...done!

                       Measure       RMSE[kcal/mol/e]   MaxError[kcal/mol/e]   NPoints
                         Total        6.789641761E-01        4.686491718E+00    408162
Close (  1.20 < r <   1.66 )          1.075228347E+00        4.686491718E+00    142850
Mid-range ( 1.66 < r <  2.20)         3.354344951E-01        1.054780666E+00    195670
Far-range (  2.20         < r)        1.193689749E-01        3.180155238E-01     69642
Did analysis and wrote slice data
