/home/boittier/esp_check
h2o_1600
/data/boittier/energies/h2o_geom.xyz.dir
Read multipoles for 3 atoms with max. rank 2
Running in generate mode

Reading "/data/boittier/energies/h2o_geom.xyz.dir/h2o_1600.chk.fchk.potential.cube"...

  h2o Potential=SCF
  Electrostatic potential from Total SCF Density
    3   -4.970736   -4.739429   -4.970736
   80    0.125841    0.000000    0.000000
   80    0.000000    0.125841    0.000000
   80    0.000000    0.000000    0.125841
    8    8.000000    0.000000    0.231307    0.000000
    1    1.000000    1.390000   -0.955106    0.000000
    1    1.000000   -1.390000   -0.895351    0.000000
  1.68391E-02  1.68686E-02  1.68686E-02  1.68391E-02  1.64692E-02  1.66741E-02
       .            .            .            .            .            .
       .            .            .            .            .            .
       .            .            .            .            .            .
 -9.79554E-03 -9.78999E-03 -9.77889E-03 -9.76225E-03 -9.74007E-03 -9.71235E-03

338316 out of 512000 gridpoints are considered ( 66.1%).

...done!

 writing cube file quadrupole_expansion.cube                                                                                                                                                                                                                                                                                                                                                                                                                                                                                                                                                                                                                                                                                                                                                                                                                                                                                                                                                                                                                                       
Written cubefile and slice data
Running in analysis mode

Reading "/data/boittier/energies/h2o_geom.xyz.dir/h2o_1600.chk.fchk.potential.cube"...

  h2o Potential=SCF
  Electrostatic potential from Total SCF Density
    3   -4.970736   -4.739429   -4.970736
   80    0.125841    0.000000    0.000000
   80    0.000000    0.125841    0.000000
   80    0.000000    0.000000    0.125841
    8    8.000000    0.000000    0.231307    0.000000
    1    1.000000    1.390000   -0.955106    0.000000
    1    1.000000   -1.390000   -0.895351    0.000000
  6.28185E-03  6.50675E-03  6.73868E-03  6.97761E-03  7.22350E-03  7.47626E-03
       .            .            .            .            .            .
       .            .            .            .            .            .
       .            .            .            .            .            .
 -6.98504E-03 -6.86059E-03 -6.73618E-03 -6.61197E-03 -6.48812E-03 -6.36480E-03

512000 out of 512000 gridpoints are considered (100.0%).

...done!

Reading "/home/boittier/esp_check/quadrupole_expansion.cube"...

  Fitted ESP
  Electrostatic potential fitted from quadrupole expansion.
    3   -4.970736   -4.739429   -4.970736
   80    0.125841    0.000000    0.000000
   80    0.000000    0.125841    0.000000
   80    0.000000    0.000000    0.125841
    8    8.000000    0.000000    0.231307    0.000000
    1    1.000000    1.390000   -0.955106    0.000000
    1    1.000000   -1.390000   -0.895351    0.000000
  6.22814E-03  6.44698E-03  6.67242E-03  6.90445E-03  7.14300E-03  7.38800E-03
       .            .            .            .            .            .
       .            .            .            .            .            .
       .            .            .            .            .            .
 -6.93854E-03 -6.81893E-03 -6.69907E-03 -6.57913E-03 -6.45929E-03 -6.33970E-03

512000 out of 512000 gridpoints are considered (100.0%).

...done!

                       Measure       RMSE[kcal/mol/e]   MaxError[kcal/mol/e]   NPoints
                         Total        6.665718143E-01        4.710964588E+00    407542
Close (  1.20 < r <   1.66 )          1.053803505E+00        4.710964588E+00    143249
Mid-range ( 1.66 < r <  2.20)         3.286535822E-01        1.045054270E+00    195067
Far-range (  2.20         < r)        1.159160283E-01        3.192140669E-01     69226
Did analysis and wrote slice data
