/home/boittier/esp_check
h2o_1384
/data/boittier/energies/h2o_geom.xyz.dir
Read multipoles for 3 atoms with max. rank 2
Running in generate mode

Reading "/data/boittier/energies/h2o_geom.xyz.dir/h2o_1384.chk.fchk.potential.cube"...

  h2o Potential=SCF
  Electrostatic potential from Total SCF Density
    3   -4.970736   -4.749222   -4.970736
   80    0.125841    0.000000    0.000000
   80    0.000000    0.125841    0.000000
   80    0.000000    0.000000    0.125841
    8    8.000000    0.000000    0.221513    0.000000
    1    1.000000    1.337863   -1.026568    0.000000
    1    1.000000   -1.337863   -0.745539    0.000000
  1.62931E-02  1.63802E-02  1.64387E-02  1.64680E-02  1.64680E-02  1.64387E-02
       .            .            .            .            .            .
       .            .            .            .            .            .
       .            .            .            .            .            .
 -1.05067E-02 -1.04998E-02 -1.04861E-02 -1.04657E-02 -1.04384E-02 -1.04044E-02

338975 out of 512000 gridpoints are considered ( 66.2%).

...done!

 writing cube file quadrupole_expansion.cube                                                                                                                                                                                                                                                                                                                                                                                                                                                                                                                                                                                                                                                                                                                                                                                                                                                                                                                                                                                                                                       
Written cubefile and slice data
Running in analysis mode

Reading "/data/boittier/energies/h2o_geom.xyz.dir/h2o_1384.chk.fchk.potential.cube"...

  h2o Potential=SCF
  Electrostatic potential from Total SCF Density
    3   -4.970736   -4.749222   -4.970736
   80    0.125841    0.000000    0.000000
   80    0.000000    0.125841    0.000000
   80    0.000000    0.000000    0.125841
    8    8.000000    0.000000    0.221513    0.000000
    1    1.000000    1.337863   -1.026568    0.000000
    1    1.000000   -1.337863   -0.745539    0.000000
  6.06821E-03  6.27809E-03  6.49416E-03  6.71639E-03  6.94470E-03  7.17899E-03
       .            .            .            .            .            .
       .            .            .            .            .            .
       .            .            .            .            .            .
 -7.19661E-03 -7.06367E-03 -6.93096E-03 -6.79867E-03 -6.66697E-03 -6.53601E-03

512000 out of 512000 gridpoints are considered (100.0%).

...done!

Reading "/home/boittier/esp_check/quadrupole_expansion.cube"...

  Fitted ESP
  Electrostatic potential fitted from quadrupole expansion.
    3   -4.970736   -4.749222   -4.970736
   80    0.125841    0.000000    0.000000
   80    0.000000    0.125841    0.000000
   80    0.000000    0.000000    0.125841
    8    8.000000    0.000000    0.221513    0.000000
    1    1.000000    1.337863   -1.026568    0.000000
    1    1.000000   -1.337863   -0.745539    0.000000
  6.02436E-03  6.22886E-03  6.43919E-03  6.65528E-03  6.87706E-03  7.10443E-03
       .            .            .            .            .            .
       .            .            .            .            .            .
       .            .            .            .            .            .
 -7.16134E-03 -7.03273E-03 -6.90408E-03 -6.77559E-03 -6.64743E-03 -6.51975E-03

512000 out of 512000 gridpoints are considered (100.0%).

...done!

                       Measure       RMSE[kcal/mol/e]   MaxError[kcal/mol/e]   NPoints
                         Total        6.658442853E-01        4.666348664E+00    409085
Close (  1.20 < r <   1.66 )          1.057011341E+00        4.666348664E+00    142374
Mid-range ( 1.66 < r <  2.20)         3.293955153E-01        1.027094949E+00    196601
Far-range (  2.20         < r)        1.173301503E-01        3.233681796E-01     70110
Did analysis and wrote slice data
