/home/boittier/esp_check
h2o_1571
/data/boittier/energies/h2o_geom.xyz.dir
Read multipoles for 3 atoms with max. rank 2
Running in generate mode

Reading "/data/boittier/energies/h2o_geom.xyz.dir/h2o_1571.chk.fchk.potential.cube"...

  h2o Potential=SCF
  Electrostatic potential from Total SCF Density
    3   -4.970736   -4.761471   -4.970736
   80    0.125841    0.000000    0.000000
   80    0.000000    0.125841    0.000000
   80    0.000000    0.000000    0.125841
    8    8.000000    0.000000    0.209265    0.000000
    1    1.000000    1.448118   -0.886988    0.000000
    1    1.000000   -1.448118   -0.787128    0.000000
  1.61262E-02  1.62430E-02  1.63314E-02  1.63908E-02  1.64206E-02  1.64206E-02
       .            .            .            .            .            .
       .            .            .            .            .            .
       .            .            .            .            .            .
 -9.00623E-03 -9.00170E-03 -8.99263E-03 -8.97900E-03 -8.96081E-03 -8.93803E-03

338333 out of 512000 gridpoints are considered ( 66.1%).

...done!

 writing cube file quadrupole_expansion.cube                                                                                                                                                                                                                                                                                                                                                                                                                                                                                                                                                                                                                                                                                                                                                                                                                                                                                                                                                                                                                                       
Written cubefile and slice data
Running in analysis mode

Reading "/data/boittier/energies/h2o_geom.xyz.dir/h2o_1571.chk.fchk.potential.cube"...

  h2o Potential=SCF
  Electrostatic potential from Total SCF Density
    3   -4.970736   -4.761471   -4.970736
   80    0.125841    0.000000    0.000000
   80    0.000000    0.125841    0.000000
   80    0.000000    0.000000    0.125841
    8    8.000000    0.000000    0.209265    0.000000
    1    1.000000    1.448118   -0.886988    0.000000
    1    1.000000   -1.448118   -0.787128    0.000000
  5.85977E-03  6.07175E-03  6.29037E-03  6.51564E-03  6.74748E-03  6.98583E-03
       .            .            .            .            .            .
       .            .            .            .            .            .
       .            .            .            .            .            .
 -6.63877E-03 -6.52158E-03 -6.40436E-03 -6.28728E-03 -6.17049E-03 -6.05414E-03

512000 out of 512000 gridpoints are considered (100.0%).

...done!

Reading "/home/boittier/esp_check/quadrupole_expansion.cube"...

  Fitted ESP
  Electrostatic potential fitted from quadrupole expansion.
    3   -4.970736   -4.761471   -4.970736
   80    0.125841    0.000000    0.000000
   80    0.000000    0.125841    0.000000
   80    0.000000    0.000000    0.125841
    8    8.000000    0.000000    0.209265    0.000000
    1    1.000000    1.448118   -0.886988    0.000000
    1    1.000000   -1.448118   -0.787128    0.000000
  5.80224E-03  6.00815E-03  6.22030E-03  6.43868E-03  6.66321E-03  6.89382E-03
       .            .            .            .            .            .
       .            .            .            .            .            .
       .            .            .            .            .            .
 -6.58640E-03 -6.47420E-03 -6.36170E-03 -6.24905E-03 -6.13641E-03 -6.02395E-03

512000 out of 512000 gridpoints are considered (100.0%).

...done!

                       Measure       RMSE[kcal/mol/e]   MaxError[kcal/mol/e]   NPoints
                         Total        6.929813382E-01        4.679463612E+00    408053
Close (  1.20 < r <   1.66 )          1.097797011E+00        4.679463612E+00    142723
Mid-range ( 1.66 < r <  2.20)         3.422070899E-01        1.103851907E+00    195610
Far-range (  2.20         < r)        1.224652109E-01        3.280682255E-01     69720
Did analysis and wrote slice data
