/home/boittier/esp_check
h2o_61
/data/boittier/energies/h2o_geom.xyz.dir
Read multipoles for 3 atoms with max. rank 2
Running in generate mode

Reading "/data/boittier/energies/h2o_geom.xyz.dir/h2o_61.chk.fchk.potential.cube"...

  h2o Potential=SCF
  Electrostatic potential from Total SCF Density
    3   -4.970736   -4.753909   -4.970736
   80    0.125841    0.000000    0.000000
   80    0.000000    0.125841    0.000000
   80    0.000000    0.000000    0.125841
    8    8.000000    0.000000    0.216826    0.000000
    1    1.000000    1.439675   -0.881304    0.000000
    1    1.000000   -1.439675   -0.853306    0.000000
  1.65167E-02  1.65167E-02  1.63545E-02  1.65323E-02  1.66829E-02  1.68049E-02
       .            .            .            .            .            .
       .            .            .            .            .            .
       .            .            .            .            .            .
 -9.00872E-03 -9.00428E-03 -8.99539E-03 -8.98204E-03 -8.96422E-03 -8.94189E-03

338248 out of 512000 gridpoints are considered ( 66.1%).

...done!

 writing cube file quadrupole_expansion.cube                                                                                                                                                                                                                                                                                                                                                                                                                                                                                                                                                                                                                                                                                                                                                                                                                                                                                                                                                                                                                                       
Written cubefile and slice data
Running in analysis mode

Reading "/data/boittier/energies/h2o_geom.xyz.dir/h2o_61.chk.fchk.potential.cube"...

  h2o Potential=SCF
  Electrostatic potential from Total SCF Density
    3   -4.970736   -4.753909   -4.970736
   80    0.125841    0.000000    0.000000
   80    0.000000    0.125841    0.000000
   80    0.000000    0.000000    0.125841
    8    8.000000    0.000000    0.216826    0.000000
    1    1.000000    1.439675   -0.881304    0.000000
    1    1.000000   -1.439675   -0.853306    0.000000
  6.03736E-03  6.25678E-03  6.48316E-03  6.71649E-03  6.95672E-03  7.20378E-03
       .            .            .            .            .            .
       .            .            .            .            .            .
       .            .            .            .            .            .
 -6.66381E-03 -6.54715E-03 -6.43042E-03 -6.31378E-03 -6.19740E-03 -6.08142E-03

512000 out of 512000 gridpoints are considered (100.0%).

...done!

Reading "/home/boittier/esp_check/quadrupole_expansion.cube"...

  Fitted ESP
  Electrostatic potential fitted from quadrupole expansion.
    3   -4.970736   -4.753909   -4.970736
   80    0.125841    0.000000    0.000000
   80    0.000000    0.125841    0.000000
   80    0.000000    0.000000    0.125841
    8    8.000000    0.000000    0.216826    0.000000
    1    1.000000    1.439675   -0.881304    0.000000
    1    1.000000   -1.439675   -0.853306    0.000000
  5.97810E-03  6.19128E-03  6.41100E-03  6.63725E-03  6.86996E-03  7.10906E-03
       .            .            .            .            .            .
       .            .            .            .            .            .
       .            .            .            .            .            .
 -6.60951E-03 -6.49796E-03 -6.38605E-03 -6.27395E-03 -6.16182E-03 -6.04982E-03

512000 out of 512000 gridpoints are considered (100.0%).

...done!

                       Measure       RMSE[kcal/mol/e]   MaxError[kcal/mol/e]   NPoints
                         Total        6.868347689E-01        4.688311496E+00    407712
Close (  1.20 < r <   1.66 )          1.086863714E+00        4.688311496E+00    142974
Mid-range ( 1.66 < r <  2.20)         3.389335020E-01        1.082391083E+00    195274
Far-range (  2.20         < r)        1.206594792E-01        3.204816360E-01     69464
Did analysis and wrote slice data
