/home/boittier/esp_check
h2o_974
/data/boittier/energies/h2o_geom.xyz.dir
Read multipoles for 3 atoms with max. rank 2
Running in generate mode

Reading "/data/boittier/energies/h2o_geom.xyz.dir/h2o_974.chk.fchk.potential.cube"...

  h2o Potential=SCF
  Electrostatic potential from Total SCF Density
    3   -4.970736   -4.751052   -4.970736
   80    0.125841    0.000000    0.000000
   80    0.000000    0.125841    0.000000
   80    0.000000    0.000000    0.125841
    8    8.000000    0.000000    0.219683    0.000000
    1    1.000000    1.432008   -0.891854    0.000000
    1    1.000000   -1.432008   -0.865614    0.000000
  1.65920E-02  1.66213E-02  1.66213E-02  1.65920E-02  1.62476E-02  1.64523E-02
       .            .            .            .            .            .
       .            .            .            .            .            .
       .            .            .            .            .            .
 -9.12800E-03 -9.12340E-03 -9.11419E-03 -9.10036E-03 -9.08189E-03 -9.05877E-03

338250 out of 512000 gridpoints are considered ( 66.1%).

...done!

 writing cube file quadrupole_expansion.cube                                                                                                                                                                                                                                                                                                                                                                                                                                                                                                                                                                                                                                                                                                                                                                                                                                                                                                                                                                                                                                       
Written cubefile and slice data
Running in analysis mode

Reading "/data/boittier/energies/h2o_geom.xyz.dir/h2o_974.chk.fchk.potential.cube"...

  h2o Potential=SCF
  Electrostatic potential from Total SCF Density
    3   -4.970736   -4.751052   -4.970736
   80    0.125841    0.000000    0.000000
   80    0.000000    0.125841    0.000000
   80    0.000000    0.000000    0.125841
    8    8.000000    0.000000    0.219683    0.000000
    1    1.000000    1.432008   -0.891854    0.000000
    1    1.000000   -1.432008   -0.865614    0.000000
  6.08914E-03  6.31005E-03  6.53797E-03  6.77286E-03  7.01470E-03  7.26341E-03
       .            .            .            .            .            .
       .            .            .            .            .            .
       .            .            .            .            .            .
 -6.71451E-03 -6.59671E-03 -6.47885E-03 -6.36110E-03 -6.24362E-03 -6.12655E-03

512000 out of 512000 gridpoints are considered (100.0%).

...done!

Reading "/home/boittier/esp_check/quadrupole_expansion.cube"...

  Fitted ESP
  Electrostatic potential fitted from quadrupole expansion.
    3   -4.970736   -4.751052   -4.970736
   80    0.125841    0.000000    0.000000
   80    0.000000    0.125841    0.000000
   80    0.000000    0.000000    0.125841
    8    8.000000    0.000000    0.219683    0.000000
    1    1.000000    1.432008   -0.891854    0.000000
    1    1.000000   -1.432008   -0.865614    0.000000
  6.03055E-03  6.24523E-03  6.46650E-03  6.69432E-03  6.92865E-03  7.16940E-03
       .            .            .            .            .            .
       .            .            .            .            .            .
       .            .            .            .            .            .
 -6.66118E-03 -6.54846E-03 -6.43539E-03 -6.32215E-03 -6.20890E-03 -6.09579E-03

512000 out of 512000 gridpoints are considered (100.0%).

...done!

                       Measure       RMSE[kcal/mol/e]   MaxError[kcal/mol/e]   NPoints
                         Total        6.833952275E-01        4.693959081E+00    407638
Close (  1.20 < r <   1.66 )          1.081086591E+00        4.693959081E+00    143046
Mid-range ( 1.66 < r <  2.20)         3.372217459E-01        1.070154648E+00    195204
Far-range (  2.20         < r)        1.197914871E-01        3.204816360E-01     69388
Did analysis and wrote slice data
