/home/boittier/esp_check
h2o_815
/data/boittier/energies/h2o_geom.xyz.dir
Read multipoles for 3 atoms with max. rank 2
Running in generate mode

Reading "/data/boittier/energies/h2o_geom.xyz.dir/h2o_815.chk.fchk.potential.cube"...

  h2o Potential=SCF
  Electrostatic potential from Total SCF Density
    3   -4.970736   -4.749114   -4.970736
   80    0.125841    0.000000    0.000000
   80    0.000000    0.125841    0.000000
   80    0.000000    0.000000    0.125841
    8    8.000000    0.000000    0.221622    0.000000
    1    1.000000    1.423309   -0.907598    0.000000
    1    1.000000   -1.423309   -0.865376    0.000000
  1.66228E-02  1.66228E-02  1.64504E-02  1.66283E-02  1.67790E-02  1.69011E-02
       .            .            .            .            .            .
       .            .            .            .            .            .
       .            .            .            .            .            .
 -9.29030E-03 -9.28545E-03 -9.27576E-03 -9.26121E-03 -9.24179E-03 -9.21749E-03

338256 out of 512000 gridpoints are considered ( 66.1%).

...done!

 writing cube file quadrupole_expansion.cube                                                                                                                                                                                                                                                                                                                                                                                                                                                                                                                                                                                                                                                                                                                                                                                                                                                                                                                                                                                                                                       
Written cubefile and slice data
Running in analysis mode

Reading "/data/boittier/energies/h2o_geom.xyz.dir/h2o_815.chk.fchk.potential.cube"...

  h2o Potential=SCF
  Electrostatic potential from Total SCF Density
    3   -4.970736   -4.749114   -4.970736
   80    0.125841    0.000000    0.000000
   80    0.000000    0.125841    0.000000
   80    0.000000    0.000000    0.125841
    8    8.000000    0.000000    0.221622    0.000000
    1    1.000000    1.423309   -0.907598    0.000000
    1    1.000000   -1.423309   -0.865376    0.000000
  6.11691E-03  6.33800E-03  6.56607E-03  6.80109E-03  7.04303E-03  7.29180E-03
       .            .            .            .            .            .
       .            .            .            .            .            .
       .            .            .            .            .            .
 -6.77768E-03 -6.65819E-03 -6.53867E-03 -6.41929E-03 -6.30020E-03 -6.18156E-03

512000 out of 512000 gridpoints are considered (100.0%).

...done!

Reading "/home/boittier/esp_check/quadrupole_expansion.cube"...

  Fitted ESP
  Electrostatic potential fitted from quadrupole expansion.
    3   -4.970736   -4.749114   -4.970736
   80    0.125841    0.000000    0.000000
   80    0.000000    0.125841    0.000000
   80    0.000000    0.000000    0.125841
    8    8.000000    0.000000    0.221622    0.000000
    1    1.000000    1.423309   -0.907598    0.000000
    1    1.000000   -1.423309   -0.865376    0.000000
  6.05959E-03  6.27451E-03  6.49599E-03  6.72399E-03  6.95848E-03  7.19936E-03
       .            .            .            .            .            .
       .            .            .            .            .            .
       .            .            .            .            .            .
 -6.72608E-03 -6.61161E-03 -6.49682E-03 -6.38188E-03 -6.26696E-03 -6.15222E-03

512000 out of 512000 gridpoints are considered (100.0%).

...done!

                       Measure       RMSE[kcal/mol/e]   MaxError[kcal/mol/e]   NPoints
                         Total        6.803946569E-01        4.697222130E+00    407648
Close (  1.20 < r <   1.66 )          1.076385206E+00        4.697222130E+00    143030
Mid-range ( 1.66 < r <  2.20)         3.358000320E-01        1.065699331E+00    195226
Far-range (  2.20         < r)        1.192020498E-01        3.202369073E-01     69392
Did analysis and wrote slice data
