/home/boittier/esp_check
h2o_512
/data/boittier/energies/h2o_geom.xyz.dir
Read multipoles for 3 atoms with max. rank 2
Running in generate mode

Reading "/data/boittier/energies/h2o_geom.xyz.dir/h2o_512.chk.fchk.potential.cube"...

  h2o Potential=SCF
  Electrostatic potential from Total SCF Density
    3   -4.970736   -4.751496   -4.970736
   80    0.125841    0.000000    0.000000
   80    0.000000    0.125841    0.000000
   80    0.000000    0.000000    0.125841
    8    8.000000    0.000000    0.219240    0.000000
    1    1.000000    1.430043   -0.894421    0.000000
    1    1.000000   -1.430043   -0.859499    0.000000
  1.63984E-02  1.65761E-02  1.67267E-02  1.68486E-02  1.69411E-02  1.70031E-02
       .            .            .            .            .            .
       .            .            .            .            .            .
       .            .            .            .            .            .
 -9.15520E-03 -9.15055E-03 -9.14123E-03 -9.12725E-03 -9.10858E-03 -9.08521E-03

338261 out of 512000 gridpoints are considered ( 66.1%).

...done!

 writing cube file quadrupole_expansion.cube                                                                                                                                                                                                                                                                                                                                                                                                                                                                                                                                                                                                                                                                                                                                                                                                                                                                                                                                                                                                                                       
Written cubefile and slice data
Running in analysis mode

Reading "/data/boittier/energies/h2o_geom.xyz.dir/h2o_512.chk.fchk.potential.cube"...

  h2o Potential=SCF
  Electrostatic potential from Total SCF Density
    3   -4.970736   -4.751496   -4.970736
   80    0.125841    0.000000    0.000000
   80    0.000000    0.125841    0.000000
   80    0.000000    0.000000    0.125841
    8    8.000000    0.000000    0.219240    0.000000
    1    1.000000    1.430043   -0.894421    0.000000
    1    1.000000   -1.430043   -0.859499    0.000000
  6.07864E-03  6.29887E-03  6.52606E-03  6.76020E-03  7.00124E-03  7.24911E-03
       .            .            .            .            .            .
       .            .            .            .            .            .
       .            .            .            .            .            .
 -6.72215E-03 -6.60401E-03 -6.48583E-03 -6.36776E-03 -6.24997E-03 -6.13260E-03

512000 out of 512000 gridpoints are considered (100.0%).

...done!

Reading "/home/boittier/esp_check/quadrupole_expansion.cube"...

  Fitted ESP
  Electrostatic potential fitted from quadrupole expansion.
    3   -4.970736   -4.751496   -4.970736
   80    0.125841    0.000000    0.000000
   80    0.000000    0.125841    0.000000
   80    0.000000    0.000000    0.125841
    8    8.000000    0.000000    0.219240    0.000000
    1    1.000000    1.430043   -0.894421    0.000000
    1    1.000000   -1.430043   -0.859499    0.000000
  6.02040E-03  6.23443E-03  6.45499E-03  6.68208E-03  6.91564E-03  7.15559E-03
       .            .            .            .            .            .
       .            .            .            .            .            .
       .            .            .            .            .            .
 -6.66922E-03 -6.55615E-03 -6.44274E-03 -6.32917E-03 -6.21559E-03 -6.10216E-03

512000 out of 512000 gridpoints are considered (100.0%).

...done!

                       Measure       RMSE[kcal/mol/e]   MaxError[kcal/mol/e]   NPoints
                         Total        6.833005898E-01        4.692578560E+00    407700
Close (  1.20 < r <   1.66 )          1.081095456E+00        4.692578560E+00    143008
Mid-range ( 1.66 < r <  2.20)         3.372930773E-01        1.069401637E+00    195253
Far-range (  2.20         < r)        1.199234326E-01        3.201553311E-01     69439
Did analysis and wrote slice data
