/home/boittier/esp_check
h2o_419
/data/boittier/energies/h2o_geom.xyz.dir
Read multipoles for 3 atoms with max. rank 2
Running in generate mode

Reading "/data/boittier/energies/h2o_geom.xyz.dir/h2o_419.chk.fchk.potential.cube"...

  h2o Potential=SCF
  Electrostatic potential from Total SCF Density
    3   -4.970736   -4.751809   -4.970736
   80    0.125841    0.000000    0.000000
   80    0.000000    0.125841    0.000000
   80    0.000000    0.000000    0.125841
    8    8.000000    0.000000    0.218927    0.000000
    1    1.000000    1.424110   -0.901489    0.000000
    1    1.000000   -1.424110   -0.849926    0.000000
  1.63103E-02  1.64863E-02  1.66354E-02  1.67561E-02  1.68476E-02  1.69091E-02
       .            .            .            .            .            .
       .            .            .            .            .            .
       .            .            .            .            .            .
 -9.23321E-03 -9.22842E-03 -9.21883E-03 -9.20444E-03 -9.18523E-03 -9.16120E-03

338316 out of 512000 gridpoints are considered ( 66.1%).

...done!

 writing cube file quadrupole_expansion.cube                                                                                                                                                                                                                                                                                                                                                                                                                                                                                                                                                                                                                                                                                                                                                                                                                                                                                                                                                                                                                                       
Written cubefile and slice data
Running in analysis mode

Reading "/data/boittier/energies/h2o_geom.xyz.dir/h2o_419.chk.fchk.potential.cube"...

  h2o Potential=SCF
  Electrostatic potential from Total SCF Density
    3   -4.970736   -4.751809   -4.970736
   80    0.125841    0.000000    0.000000
   80    0.000000    0.125841    0.000000
   80    0.000000    0.000000    0.125841
    8    8.000000    0.000000    0.218927    0.000000
    1    1.000000    1.424110   -0.901489    0.000000
    1    1.000000   -1.424110   -0.849926    0.000000
  6.06863E-03  6.28780E-03  6.51386E-03  6.74680E-03  6.98658E-03  7.23311E-03
       .            .            .            .            .            .
       .            .            .            .            .            .
       .            .            .            .            .            .
 -6.74726E-03 -6.62823E-03 -6.50917E-03 -6.39026E-03 -6.27163E-03 -6.15346E-03

512000 out of 512000 gridpoints are considered (100.0%).

...done!

Reading "/home/boittier/esp_check/quadrupole_expansion.cube"...

  Fitted ESP
  Electrostatic potential fitted from quadrupole expansion.
    3   -4.970736   -4.751809   -4.970736
   80    0.125841    0.000000    0.000000
   80    0.000000    0.125841    0.000000
   80    0.000000    0.000000    0.125841
    8    8.000000    0.000000    0.218927    0.000000
    1    1.000000    1.424110   -0.901489    0.000000
    1    1.000000   -1.424110   -0.849926    0.000000
  6.01124E-03  6.22426E-03  6.44375E-03  6.66971E-03  6.90206E-03  7.14073E-03
       .            .            .            .            .            .
       .            .            .            .            .            .
       .            .            .            .            .            .
 -6.69535E-03 -6.58134E-03 -6.46702E-03 -6.35255E-03 -6.23810E-03 -6.12383E-03

512000 out of 512000 gridpoints are considered (100.0%).

...done!

                       Measure       RMSE[kcal/mol/e]   MaxError[kcal/mol/e]   NPoints
                         Total        6.826832602E-01        4.690633281E+00    407838
Close (  1.20 < r <   1.66 )          1.080517137E+00        4.690633281E+00    142932
Mid-range ( 1.66 < r <  2.20)         3.370776805E-01        1.065762082E+00    195384
Far-range (  2.20         < r)        1.199418636E-01        3.194650707E-01     69522
Did analysis and wrote slice data
