/home/boittier/esp_check
h2o_1110
/data/boittier/energies/h2o_geom.xyz.dir
Read multipoles for 3 atoms with max. rank 2
Running in generate mode

Reading "/data/boittier/energies/h2o_geom.xyz.dir/h2o_1110.chk.fchk.potential.cube"...

  h2o Potential=SCF
  Electrostatic potential from Total SCF Density
    3   -4.970736   -4.743665   -4.970736
   80    0.125841    0.000000    0.000000
   80    0.000000    0.125841    0.000000
   80    0.000000    0.000000    0.125841
    8    8.000000    0.000000    0.227071    0.000000
    1    1.000000    1.415894   -0.910261    0.000000
    1    1.000000   -1.415894   -0.906305    0.000000
  1.67740E-02  1.68629E-02  1.69227E-02  1.69527E-02  1.69527E-02  1.69227E-02
       .            .            .            .            .            .
       .            .            .            .            .            .
       .            .            .            .            .            .
 -9.34375E-03 -9.33888E-03 -9.32914E-03 -9.31452E-03 -9.29501E-03 -9.27060E-03

338218 out of 512000 gridpoints are considered ( 66.1%).

...done!

 writing cube file quadrupole_expansion.cube                                                                                                                                                                                                                                                                                                                                                                                                                                                                                                                                                                                                                                                                                                                                                                                                                                                                                                                                                                                                                                       
Written cubefile and slice data
Running in analysis mode

Reading "/data/boittier/energies/h2o_geom.xyz.dir/h2o_1110.chk.fchk.potential.cube"...

  h2o Potential=SCF
  Electrostatic potential from Total SCF Density
    3   -4.970736   -4.743665   -4.970736
   80    0.125841    0.000000    0.000000
   80    0.000000    0.125841    0.000000
   80    0.000000    0.000000    0.125841
    8    8.000000    0.000000    0.227071    0.000000
    1    1.000000    1.415894   -0.910261    0.000000
    1    1.000000   -1.415894   -0.906305    0.000000
  6.22566E-03  6.45116E-03  6.68381E-03  6.92360E-03  7.17048E-03  7.42439E-03
       .            .            .            .            .            .
       .            .            .            .            .            .
       .            .            .            .            .            .
 -6.81239E-03 -6.69270E-03 -6.57296E-03 -6.45334E-03 -6.33400E-03 -6.21510E-03

512000 out of 512000 gridpoints are considered (100.0%).

...done!

Reading "/home/boittier/esp_check/quadrupole_expansion.cube"...

  Fitted ESP
  Electrostatic potential fitted from quadrupole expansion.
    3   -4.970736   -4.743665   -4.970736
   80    0.125841    0.000000    0.000000
   80    0.000000    0.125841    0.000000
   80    0.000000    0.000000    0.125841
    8    8.000000    0.000000    0.227071    0.000000
    1    1.000000    1.415894   -0.910261    0.000000
    1    1.000000   -1.415894   -0.906305    0.000000
  6.16813E-03  6.38739E-03  6.61337E-03  6.84606E-03  7.08541E-03  7.33134E-03
       .            .            .            .            .            .
       .            .            .            .            .            .
       .            .            .            .            .            .
 -6.76071E-03 -6.64605E-03 -6.53106E-03 -6.41590E-03 -6.30075E-03 -6.18575E-03

512000 out of 512000 gridpoints are considered (100.0%).

...done!

                       Measure       RMSE[kcal/mol/e]   MaxError[kcal/mol/e]   NPoints
                         Total        6.746301436E-01        4.706697523E+00    407394
Close (  1.20 < r <   1.66 )          1.066198695E+00        4.706697523E+00    143297
Mid-range ( 1.66 < r <  2.20)         3.326027251E-01        1.060553754E+00    194921
Far-range (  2.20         < r)        1.175187311E-01        3.209710934E-01     69176
Did analysis and wrote slice data
