/home/boittier/esp_check
h2o_855
/data/boittier/energies/h2o_geom.xyz.dir
Read multipoles for 3 atoms with max. rank 2
Running in generate mode

Reading "/data/boittier/energies/h2o_geom.xyz.dir/h2o_855.chk.fchk.potential.cube"...

  h2o Potential=SCF
  Electrostatic potential from Total SCF Density
    3   -4.970736   -4.748060   -4.970736
   80    0.125841    0.000000    0.000000
   80    0.000000    0.125841    0.000000
   80    0.000000    0.000000    0.125841
    8    8.000000    0.000000    0.222675    0.000000
    1    1.000000    1.455933   -0.858892    0.000000
    1    1.000000   -1.455933   -0.922511    0.000000
  1.66920E-02  1.68415E-02  1.69627E-02  1.70545E-02  1.71162E-02  1.71471E-02
       .            .            .            .            .            .
       .            .            .            .            .            .
       .            .            .            .            .            .
 -8.77358E-03 -8.76962E-03 -8.76169E-03 -8.74976E-03 -8.73381E-03 -8.71380E-03

337974 out of 512000 gridpoints are considered ( 66.0%).

...done!

 writing cube file quadrupole_expansion.cube                                                                                                                                                                                                                                                                                                                                                                                                                                                                                                                                                                                                                                                                                                                                                                                                                                                                                                                                                                                                                                       
Written cubefile and slice data
Running in analysis mode

Reading "/data/boittier/energies/h2o_geom.xyz.dir/h2o_855.chk.fchk.potential.cube"...

  h2o Potential=SCF
  Electrostatic potential from Total SCF Density
    3   -4.970736   -4.748060   -4.970736
   80    0.125841    0.000000    0.000000
   80    0.000000    0.125841    0.000000
   80    0.000000    0.000000    0.125841
    8    8.000000    0.000000    0.222675    0.000000
    1    1.000000    1.455933   -0.858892    0.000000
    1    1.000000   -1.455933   -0.922511    0.000000
  6.16994E-03  6.39723E-03  6.63188E-03  6.87389E-03  7.12324E-03  7.37986E-03
       .            .            .            .            .            .
       .            .            .            .            .            .
       .            .            .            .            .            .
 -6.60414E-03 -6.49053E-03 -6.37677E-03 -6.26302E-03 -6.14943E-03 -6.03615E-03

512000 out of 512000 gridpoints are considered (100.0%).

...done!

Reading "/home/boittier/esp_check/quadrupole_expansion.cube"...

  Fitted ESP
  Electrostatic potential fitted from quadrupole expansion.
    3   -4.970736   -4.748060   -4.970736
   80    0.125841    0.000000    0.000000
   80    0.000000    0.125841    0.000000
   80    0.000000    0.000000    0.125841
    8    8.000000    0.000000    0.222675    0.000000
    1    1.000000    1.455933   -0.858892    0.000000
    1    1.000000   -1.455933   -0.922511    0.000000
  6.10755E-03  6.32835E-03  6.55609E-03  6.79075E-03  7.03229E-03  7.28065E-03
       .            .            .            .            .            .
       .            .            .            .            .            .
       .            .            .            .            .            .
 -6.54623E-03 -6.43789E-03 -6.32910E-03 -6.22003E-03 -6.11084E-03 -6.00168E-03

512000 out of 512000 gridpoints are considered (100.0%).

...done!

                       Measure       RMSE[kcal/mol/e]   MaxError[kcal/mol/e]   NPoints
                         Total        6.843982855E-01        4.707325033E+00    406994
Close (  1.20 < r <   1.66 )          1.080967747E+00        4.707325033E+00    143344
Mid-range ( 1.66 < r <  2.20)         3.374112625E-01        1.085528630E+00    194630
Far-range (  2.20         < r)        1.192967040E-01        3.241713917E-01     69020
Did analysis and wrote slice data
