/home/boittier/esp_check
h2o_1761
/data/boittier/energies/h2o_geom.xyz.dir
Read multipoles for 3 atoms with max. rank 2
Running in generate mode

Reading "/data/boittier/energies/h2o_geom.xyz.dir/h2o_1761.chk.fchk.potential.cube"...

  h2o Potential=SCF
  Electrostatic potential from Total SCF Density
    3   -4.970736   -4.742628   -4.970736
   80    0.125841    0.000000    0.000000
   80    0.000000    0.125841    0.000000
   80    0.000000    0.000000    0.125841
    8    8.000000    0.000000    0.228108    0.000000
    1    1.000000    1.339528   -1.022992    0.000000
    1    1.000000   -1.339528   -0.801872    0.000000
  1.63206E-02  1.64951E-02  1.66427E-02  1.67624E-02  1.68530E-02  1.69139E-02
       .            .            .            .            .            .
       .            .            .            .            .            .
       .            .            .            .            .            .
 -1.04844E-02 -1.04777E-02 -1.04643E-02 -1.04442E-02 -1.04174E-02 -1.03841E-02

338775 out of 512000 gridpoints are considered ( 66.2%).

...done!

 writing cube file quadrupole_expansion.cube                                                                                                                                                                                                                                                                                                                                                                                                                                                                                                                                                                                                                                                                                                                                                                                                                                                                                                                                                                                                                                       
Written cubefile and slice data
Running in analysis mode

Reading "/data/boittier/energies/h2o_geom.xyz.dir/h2o_1761.chk.fchk.potential.cube"...

  h2o Potential=SCF
  Electrostatic potential from Total SCF Density
    3   -4.970736   -4.742628   -4.970736
   80    0.125841    0.000000    0.000000
   80    0.000000    0.125841    0.000000
   80    0.000000    0.000000    0.125841
    8    8.000000    0.000000    0.228108    0.000000
    1    1.000000    1.339528   -1.022992    0.000000
    1    1.000000   -1.339528   -0.801872    0.000000
  6.20440E-03  6.42040E-03  6.64285E-03  6.87172E-03  7.10695E-03  7.34844E-03
       .            .            .            .            .            .
       .            .            .            .            .            .
       .            .            .            .            .            .
 -7.21388E-03 -7.08162E-03 -6.94956E-03 -6.81788E-03 -6.68674E-03 -6.55629E-03

512000 out of 512000 gridpoints are considered (100.0%).

...done!

Reading "/home/boittier/esp_check/quadrupole_expansion.cube"...

  Fitted ESP
  Electrostatic potential fitted from quadrupole expansion.
    3   -4.970736   -4.742628   -4.970736
   80    0.125841    0.000000    0.000000
   80    0.000000    0.125841    0.000000
   80    0.000000    0.000000    0.125841
    8    8.000000    0.000000    0.228108    0.000000
    1    1.000000    1.339528   -1.022992    0.000000
    1    1.000000   -1.339528   -0.801872    0.000000
  6.15850E-03  6.36894E-03  6.58544E-03  6.80796E-03  7.03644E-03  7.27077E-03
       .            .            .            .            .            .
       .            .            .            .            .            .
       .            .            .            .            .            .
 -7.17678E-03 -7.04896E-03 -6.92107E-03 -6.79328E-03 -6.66578E-03 -6.53872E-03

512000 out of 512000 gridpoints are considered (100.0%).

...done!

                       Measure       RMSE[kcal/mol/e]   MaxError[kcal/mol/e]   NPoints
                         Total        6.604351438E-01        4.681283390E+00    408617
Close (  1.20 < r <   1.66 )          1.047034345E+00        4.681283390E+00    142668
Mid-range ( 1.66 < r <  2.20)         3.263655226E-01        1.011106007E+00    196107
Far-range (  2.20         < r)        1.157601653E-01        3.128260205E-01     69842
Did analysis and wrote slice data
