/home/boittier/esp_check
h2o_1566
/data/boittier/energies/h2o_geom.xyz.dir
Read multipoles for 3 atoms with max. rank 2
Running in generate mode

Reading "/data/boittier/energies/h2o_geom.xyz.dir/h2o_1566.chk.fchk.potential.cube"...

  h2o Potential=SCF
  Electrostatic potential from Total SCF Density
    3   -4.970736   -4.760911   -4.970736
   80    0.125841    0.000000    0.000000
   80    0.000000    0.125841    0.000000
   80    0.000000    0.000000    0.125841
    8    8.000000    0.000000    0.209824    0.000000
    1    1.000000    1.515551   -0.788986    0.000000
    1    1.000000   -1.515551   -0.889607    0.000000
  1.63374E-02  1.65153E-02  1.66660E-02  1.67880E-02  1.68805E-02  1.69426E-02
       .            .            .            .            .            .
       .            .            .            .            .            .
       .            .            .            .            .            .
 -7.92779E-03 -7.92514E-03 -7.91982E-03 -7.91179E-03 -7.90099E-03 -7.88735E-03

337600 out of 512000 gridpoints are considered ( 65.9%).

...done!

 writing cube file quadrupole_expansion.cube                                                                                                                                                                                                                                                                                                                                                                                                                                                                                                                                                                                                                                                                                                                                                                                                                                                                                                                                                                                                                                       
Written cubefile and slice data
Running in analysis mode

Reading "/data/boittier/energies/h2o_geom.xyz.dir/h2o_1566.chk.fchk.potential.cube"...

  h2o Potential=SCF
  Electrostatic potential from Total SCF Density
    3   -4.970736   -4.760911   -4.970736
   80    0.125841    0.000000    0.000000
   80    0.000000    0.125841    0.000000
   80    0.000000    0.000000    0.125841
    8    8.000000    0.000000    0.209824    0.000000
    1    1.000000    1.515551   -0.788986    0.000000
    1    1.000000   -1.515551   -0.889607    0.000000
  5.96195E-03  6.18597E-03  6.41740E-03  6.65624E-03  6.90247E-03  7.15604E-03
       .            .            .            .            .            .
       .            .            .            .            .            .
       .            .            .            .            .            .
 -6.28074E-03 -6.17578E-03 -6.07054E-03 -5.96516E-03 -5.85979E-03 -5.75456E-03

512000 out of 512000 gridpoints are considered (100.0%).

...done!

Reading "/home/boittier/esp_check/quadrupole_expansion.cube"...

  Fitted ESP
  Electrostatic potential fitted from quadrupole expansion.
    3   -4.970736   -4.760911   -4.970736
   80    0.125841    0.000000    0.000000
   80    0.000000    0.125841    0.000000
   80    0.000000    0.000000    0.125841
    8    8.000000    0.000000    0.209824    0.000000
    1    1.000000    1.515551   -0.788986    0.000000
    1    1.000000   -1.515551   -0.889607    0.000000
  5.89378E-03  6.11111E-03  6.33541E-03  6.56668E-03  6.80488E-03  7.04996E-03
       .            .            .            .            .            .
       .            .            .            .            .            .
       .            .            .            .            .            .
 -6.21546E-03 -6.11602E-03 -6.01600E-03 -5.91554E-03 -5.81480E-03 -5.71393E-03

512000 out of 512000 gridpoints are considered (100.0%).

...done!

                       Measure       RMSE[kcal/mol/e]   MaxError[kcal/mol/e]   NPoints
                         Total        7.011278508E-01        4.691637296E+00    406736
Close (  1.20 < r <   1.66 )          1.107607194E+00        4.691637296E+00    143243
Mid-range ( 1.66 < r <  2.20)         3.452593214E-01        1.155244932E+00    194357
Far-range (  2.20         < r)        1.229817875E-01        3.288965380E-01     69136
Did analysis and wrote slice data
