/home/boittier/esp_check
h2o_1586
/data/boittier/energies/h2o_geom.xyz.dir
Read multipoles for 3 atoms with max. rank 2
Running in generate mode

Reading "/data/boittier/energies/h2o_geom.xyz.dir/h2o_1586.chk.fchk.potential.cube"...

  h2o Potential=SCF
  Electrostatic potential from Total SCF Density
    3   -4.970736   -4.735065   -4.970736
   80    0.125841    0.000000    0.000000
   80    0.000000    0.125841    0.000000
   80    0.000000    0.000000    0.125841
    8    8.000000    0.000000    0.235671    0.000000
    1    1.000000    1.412578   -0.919828    0.000000
    1    1.000000   -1.412578   -0.965539    0.000000
  1.68124E-02  1.69905E-02  1.71413E-02  1.72635E-02  1.73560E-02  1.74182E-02
       .            .            .            .            .            .
       .            .            .            .            .            .
       .            .            .            .            .            .
 -9.43513E-03 -9.43022E-03 -9.42041E-03 -9.40567E-03 -9.38600E-03 -9.36139E-03

338027 out of 512000 gridpoints are considered ( 66.0%).

...done!

 writing cube file quadrupole_expansion.cube                                                                                                                                                                                                                                                                                                                                                                                                                                                                                                                                                                                                                                                                                                                                                                                                                                                                                                                                                                                                                                       
Written cubefile and slice data
Running in analysis mode

Reading "/data/boittier/energies/h2o_geom.xyz.dir/h2o_1586.chk.fchk.potential.cube"...

  h2o Potential=SCF
  Electrostatic potential from Total SCF Density
    3   -4.970736   -4.735065   -4.970736
   80    0.125841    0.000000    0.000000
   80    0.000000    0.125841    0.000000
   80    0.000000    0.000000    0.125841
    8    8.000000    0.000000    0.235671    0.000000
    1    1.000000    1.412578   -0.919828    0.000000
    1    1.000000   -1.412578   -0.965539    0.000000
  6.37516E-03  6.60717E-03  6.84662E-03  7.09350E-03  7.34778E-03  7.60938E-03
       .            .            .            .            .            .
       .            .            .            .            .            .
       .            .            .            .            .            .
 -6.87184E-03 -6.75172E-03 -6.63154E-03 -6.51145E-03 -6.39162E-03 -6.27220E-03

512000 out of 512000 gridpoints are considered (100.0%).

...done!

Reading "/home/boittier/esp_check/quadrupole_expansion.cube"...

  Fitted ESP
  Electrostatic potential fitted from quadrupole expansion.
    3   -4.970736   -4.735065   -4.970736
   80    0.125841    0.000000    0.000000
   80    0.000000    0.125841    0.000000
   80    0.000000    0.000000    0.125841
    8    8.000000    0.000000    0.235671    0.000000
    1    1.000000    1.412578   -0.919828    0.000000
    1    1.000000   -1.412578   -0.965539    0.000000
  6.31775E-03  6.54343E-03  6.77612E-03  7.01581E-03  7.26244E-03  7.51594E-03
       .            .            .            .            .            .
       .            .            .            .            .            .
       .            .            .            .            .            .
 -6.82079E-03 -6.70569E-03 -6.59023E-03 -6.47459E-03 -6.35893E-03 -6.24341E-03

512000 out of 512000 gridpoints are considered (100.0%).

...done!

                       Measure       RMSE[kcal/mol/e]   MaxError[kcal/mol/e]   NPoints
                         Total        6.663760347E-01        4.723891283E+00    406839
Close (  1.20 < r <   1.66 )          1.051653210E+00        4.723891283E+00    143621
Mid-range ( 1.66 < r <  2.20)         3.279465952E-01        1.057980965E+00    194406
Far-range (  2.20         < r)        1.150221295E-01        3.230418746E-01     68812
Did analysis and wrote slice data
