/home/boittier/esp_check
h2o_424
/data/boittier/energies/h2o_geom.xyz.dir
Read multipoles for 3 atoms with max. rank 2
Running in generate mode

Reading "/data/boittier/energies/h2o_geom.xyz.dir/h2o_424.chk.fchk.potential.cube"...

  h2o Potential=SCF
  Electrostatic potential from Total SCF Density
    3   -4.970736   -4.751485   -4.970736
   80    0.125841    0.000000    0.000000
   80    0.000000    0.125841    0.000000
   80    0.000000    0.000000    0.125841
    8    8.000000    0.000000    0.219251    0.000000
    1    1.000000    1.454447   -0.859204    0.000000
    1    1.000000   -1.454447   -0.894804    0.000000
  1.65979E-02  1.67166E-02  1.68065E-02  1.68668E-02  1.68971E-02  1.68971E-02
       .            .            .            .            .            .
       .            .            .            .            .            .
       .            .            .            .            .            .
 -8.77666E-03 -8.77265E-03 -8.76461E-03 -8.75253E-03 -8.73638E-03 -8.71612E-03

338084 out of 512000 gridpoints are considered ( 66.0%).

...done!

 writing cube file quadrupole_expansion.cube                                                                                                                                                                                                                                                                                                                                                                                                                                                                                                                                                                                                                                                                                                                                                                                                                                                                                                                                                                                                                                       
Written cubefile and slice data
Running in analysis mode

Reading "/data/boittier/energies/h2o_geom.xyz.dir/h2o_424.chk.fchk.potential.cube"...

  h2o Potential=SCF
  Electrostatic potential from Total SCF Density
    3   -4.970736   -4.751485   -4.970736
   80    0.125841    0.000000    0.000000
   80    0.000000    0.125841    0.000000
   80    0.000000    0.000000    0.125841
    8    8.000000    0.000000    0.219251    0.000000
    1    1.000000    1.454447   -0.859204    0.000000
    1    1.000000   -1.454447   -0.894804    0.000000
  6.10302E-03  6.32710E-03  6.55841E-03  6.79692E-03  7.04261E-03  7.29541E-03
       .            .            .            .            .            .
       .            .            .            .            .            .
       .            .            .            .            .            .
 -6.59334E-03 -6.47946E-03 -6.36544E-03 -6.25145E-03 -6.13765E-03 -6.02416E-03

512000 out of 512000 gridpoints are considered (100.0%).

...done!

Reading "/home/boittier/esp_check/quadrupole_expansion.cube"...

  Fitted ESP
  Electrostatic potential fitted from quadrupole expansion.
    3   -4.970736   -4.751485   -4.970736
   80    0.125841    0.000000    0.000000
   80    0.000000    0.125841    0.000000
   80    0.000000    0.000000    0.125841
    8    8.000000    0.000000    0.219251    0.000000
    1    1.000000    1.454447   -0.859204    0.000000
    1    1.000000   -1.454447   -0.894804    0.000000
  6.04110E-03  6.25877E-03  6.48322E-03  6.71445E-03  6.95242E-03  7.19704E-03
       .            .            .            .            .            .
       .            .            .            .            .            .
       .            .            .            .            .            .
 -6.53585E-03 -6.42722E-03 -6.31815E-03 -6.20883E-03 -6.09940E-03 -5.99002E-03

512000 out of 512000 gridpoints are considered (100.0%).

...done!

                       Measure       RMSE[kcal/mol/e]   MaxError[kcal/mol/e]   NPoints
                         Total        6.869557355E-01        4.698288896E+00    407270
Close (  1.20 < r <   1.66 )          1.085858972E+00        4.698288896E+00    143178
Mid-range ( 1.66 < r <  2.20)         3.388263110E-01        1.090360453E+00    194906
Far-range (  2.20         < r)        1.201333186E-01        3.229038226E-01     69186
Did analysis and wrote slice data
