/home/boittier/esp_check
h2o_347
/data/boittier/energies/h2o_geom.xyz.dir
Read multipoles for 3 atoms with max. rank 2
Running in generate mode

Reading "/data/boittier/energies/h2o_geom.xyz.dir/h2o_347.chk.fchk.potential.cube"...

  h2o Potential=SCF
  Electrostatic potential from Total SCF Density
    3   -4.970736   -4.750907   -4.970736
   80    0.125841    0.000000    0.000000
   80    0.000000    0.125841    0.000000
   80    0.000000    0.000000    0.125841
    8    8.000000    0.000000    0.219829    0.000000
    1    1.000000    1.434392   -0.886913    0.000000
    1    1.000000   -1.434392   -0.871718    0.000000
  1.65848E-02  1.66436E-02  1.66731E-02  1.66731E-02  1.66436E-02  1.65848E-02
       .            .            .            .            .            .
       .            .            .            .            .            .
       .            .            .            .            .            .
 -9.07920E-03 -9.07468E-03 -9.06564E-03 -9.05205E-03 -9.03392E-03 -9.01120E-03

338245 out of 512000 gridpoints are considered ( 66.1%).

...done!

 writing cube file quadrupole_expansion.cube                                                                                                                                                                                                                                                                                                                                                                                                                                                                                                                                                                                                                                                                                                                                                                                                                                                                                                                                                                                                                                       
Written cubefile and slice data
Running in analysis mode

Reading "/data/boittier/energies/h2o_geom.xyz.dir/h2o_347.chk.fchk.potential.cube"...

  h2o Potential=SCF
  Electrostatic potential from Total SCF Density
    3   -4.970736   -4.750907   -4.970736
   80    0.125841    0.000000    0.000000
   80    0.000000    0.125841    0.000000
   80    0.000000    0.000000    0.125841
    8    8.000000    0.000000    0.219829    0.000000
    1    1.000000    1.434392   -0.886913    0.000000
    1    1.000000   -1.434392   -0.871718    0.000000
  6.09603E-03  6.31757E-03  6.54615E-03  6.78175E-03  7.02433E-03  7.27382E-03
       .            .            .            .            .            .
       .            .            .            .            .            .
       .            .            .            .            .            .
 -6.69797E-03 -6.58073E-03 -6.46342E-03 -6.34621E-03 -6.22925E-03 -6.11269E-03

512000 out of 512000 gridpoints are considered (100.0%).

...done!

Reading "/home/boittier/esp_check/quadrupole_expansion.cube"...

  Fitted ESP
  Electrostatic potential fitted from quadrupole expansion.
    3   -4.970736   -4.750907   -4.970736
   80    0.125841    0.000000    0.000000
   80    0.000000    0.125841    0.000000
   80    0.000000    0.000000    0.125841
    8    8.000000    0.000000    0.219829    0.000000
    1    1.000000    1.434392   -0.886913    0.000000
    1    1.000000   -1.434392   -0.871718    0.000000
  6.03694E-03  6.25222E-03  6.47411E-03  6.70260E-03  6.93764E-03  7.17914E-03
       .            .            .            .            .            .
       .            .            .            .            .            .
       .            .            .            .            .            .
 -6.64401E-03 -6.53187E-03 -6.41938E-03 -6.30670E-03 -6.19400E-03 -6.08142E-03

512000 out of 512000 gridpoints are considered (100.0%).

...done!

                       Measure       RMSE[kcal/mol/e]   MaxError[kcal/mol/e]   NPoints
                         Total        6.837310684E-01        4.694398338E+00    407599
Close (  1.20 < r <   1.66 )          1.081517149E+00        4.694398338E+00    143071
Mid-range ( 1.66 < r <  2.20)         3.373039047E-01        1.071346916E+00    195174
Far-range (  2.20         < r)        1.197660232E-01        3.207828406E-01     69354
Did analysis and wrote slice data
