/home/boittier/esp_check
h2o_535
/data/boittier/energies/h2o_geom.xyz.dir
Read multipoles for 3 atoms with max. rank 2
Running in generate mode

Reading "/data/boittier/energies/h2o_geom.xyz.dir/h2o_535.chk.fchk.potential.cube"...

  h2o Potential=SCF
  Electrostatic potential from Total SCF Density
    3   -4.970736   -4.744723   -4.970736
   80    0.125841    0.000000    0.000000
   80    0.000000    0.125841    0.000000
   80    0.000000    0.000000    0.125841
    8    8.000000    0.000000    0.226012    0.000000
    1    1.000000    1.410203   -0.917993    0.000000
    1    1.000000   -1.410203   -0.890107    0.000000
  1.67231E-02  1.67820E-02  1.68115E-02  1.68115E-02  1.67820E-02  1.67231E-02
       .            .            .            .            .            .
       .            .            .            .            .            .
       .            .            .            .            .            .
 -9.42525E-03 -9.42024E-03 -9.41020E-03 -9.39513E-03 -9.37504E-03 -9.34990E-03

338305 out of 512000 gridpoints are considered ( 66.1%).

...done!

 writing cube file quadrupole_expansion.cube                                                                                                                                                                                                                                                                                                                                                                                                                                                                                                                                                                                                                                                                                                                                                                                                                                                                                                                                                                                                                                       
Written cubefile and slice data
Running in analysis mode

Reading "/data/boittier/energies/h2o_geom.xyz.dir/h2o_535.chk.fchk.potential.cube"...

  h2o Potential=SCF
  Electrostatic potential from Total SCF Density
    3   -4.970736   -4.744723   -4.970736
   80    0.125841    0.000000    0.000000
   80    0.000000    0.125841    0.000000
   80    0.000000    0.000000    0.125841
    8    8.000000    0.000000    0.226012    0.000000
    1    1.000000    1.410203   -0.917993    0.000000
    1    1.000000   -1.410203   -0.890107    0.000000
  6.20182E-03  6.42559E-03  6.65641E-03  6.89427E-03  7.13912E-03  7.39089E-03
       .            .            .            .            .            .
       .            .            .            .            .            .
       .            .            .            .            .            .
 -6.83693E-03 -6.71625E-03 -6.59555E-03 -6.47500E-03 -6.35475E-03 -6.23496E-03

512000 out of 512000 gridpoints are considered (100.0%).

...done!

Reading "/home/boittier/esp_check/quadrupole_expansion.cube"...

  Fitted ESP
  Electrostatic potential fitted from quadrupole expansion.
    3   -4.970736   -4.744723   -4.970736
   80    0.125841    0.000000    0.000000
   80    0.000000    0.125841    0.000000
   80    0.000000    0.000000    0.125841
    8    8.000000    0.000000    0.226012    0.000000
    1    1.000000    1.410203   -0.917993    0.000000
    1    1.000000   -1.410203   -0.890107    0.000000
  6.14521E-03  6.36280E-03  6.58703E-03  6.81786E-03  7.05526E-03  7.29913E-03
       .            .            .            .            .            .
       .            .            .            .            .            .
       .            .            .            .            .            .
 -6.78635E-03 -6.67066E-03 -6.55466E-03 -6.43852E-03 -6.32242E-03 -6.20650E-03

512000 out of 512000 gridpoints are considered (100.0%).

...done!

                       Measure       RMSE[kcal/mol/e]   MaxError[kcal/mol/e]   NPoints
                         Total        6.746305587E-01        4.703999232E+00    407576
Close (  1.20 < r <   1.66 )          1.066668100E+00        4.703999232E+00    143204
Mid-range ( 1.66 < r <  2.20)         3.327674877E-01        1.057918214E+00    195101
Far-range (  2.20         < r)        1.176903370E-01        3.200925801E-01     69271
Did analysis and wrote slice data
