/home/boittier/esp_check
h2o_115
/data/boittier/energies/h2o_geom.xyz.dir
Read multipoles for 3 atoms with max. rank 2
Running in generate mode

Reading "/data/boittier/energies/h2o_geom.xyz.dir/h2o_115.chk.fchk.potential.cube"...

  h2o Potential=SCF
  Electrostatic potential from Total SCF Density
    3   -4.970736   -4.751839   -4.970736
   80    0.125841    0.000000    0.000000
   80    0.000000    0.125841    0.000000
   80    0.000000    0.000000    0.125841
    8    8.000000    0.000000    0.218897    0.000000
    1    1.000000    1.407443   -0.924744    0.000000
    1    1.000000   -1.407443   -0.826428    0.000000
  1.62765E-02  1.64219E-02  1.65397E-02  1.66290E-02  1.66889E-02  1.67190E-02
       .            .            .            .            .            .
       .            .            .            .            .            .
       .            .            .            .            .            .
 -9.47921E-03 -9.47400E-03 -9.46359E-03 -9.44798E-03 -9.42715E-03 -9.40111E-03

338500 out of 512000 gridpoints are considered ( 66.1%).

...done!

 writing cube file quadrupole_expansion.cube                                                                                                                                                                                                                                                                                                                                                                                                                                                                                                                                                                                                                                                                                                                                                                                                                                                                                                                                                                                                                                       
Written cubefile and slice data
Running in analysis mode

Reading "/data/boittier/energies/h2o_geom.xyz.dir/h2o_115.chk.fchk.potential.cube"...

  h2o Potential=SCF
  Electrostatic potential from Total SCF Density
    3   -4.970736   -4.751839   -4.970736
   80    0.125841    0.000000    0.000000
   80    0.000000    0.125841    0.000000
   80    0.000000    0.000000    0.125841
    8    8.000000    0.000000    0.218897    0.000000
    1    1.000000    1.407443   -0.924744    0.000000
    1    1.000000   -1.407443   -0.826428    0.000000
  6.05496E-03  6.27171E-03  6.49519E-03  6.72538E-03  6.96223E-03  7.20565E-03
       .            .            .            .            .            .
       .            .            .            .            .            .
       .            .            .            .            .            .
 -6.83109E-03 -6.70931E-03 -6.58756E-03 -6.46601E-03 -6.34482E-03 -6.22413E-03

512000 out of 512000 gridpoints are considered (100.0%).

...done!

Reading "/home/boittier/esp_check/quadrupole_expansion.cube"...

  Fitted ESP
  Electrostatic potential fitted from quadrupole expansion.
    3   -4.970736   -4.751839   -4.970736
   80    0.125841    0.000000    0.000000
   80    0.000000    0.125841    0.000000
   80    0.000000    0.000000    0.125841
    8    8.000000    0.000000    0.218897    0.000000
    1    1.000000    1.407443   -0.924744    0.000000
    1    1.000000   -1.407443   -0.826428    0.000000
  6.00014E-03  6.21089E-03  6.42796E-03  6.65133E-03  6.88093E-03  7.11668E-03
       .            .            .            .            .            .
       .            .            .            .            .            .
       .            .            .            .            .            .
 -6.78230E-03 -6.66542E-03 -6.54828E-03 -6.43106E-03 -6.31392E-03 -6.19702E-03

512000 out of 512000 gridpoints are considered (100.0%).

...done!

                       Measure       RMSE[kcal/mol/e]   MaxError[kcal/mol/e]   NPoints
                         Total        6.798978516E-01        4.686240714E+00    408132
Close (  1.20 < r <   1.66 )          1.076669758E+00        4.686240714E+00    142846
Mid-range ( 1.66 < r <  2.20)         3.359237003E-01        1.056725946E+00    195654
Far-range (  2.20         < r)        1.195622158E-01        3.183418287E-01     69632
Did analysis and wrote slice data
