/home/boittier/esp_check
h2o_1437
/data/boittier/energies/h2o_geom.xyz.dir
Read multipoles for 3 atoms with max. rank 2
Running in generate mode

Reading "/data/boittier/energies/h2o_geom.xyz.dir/h2o_1437.chk.fchk.potential.cube"...

  h2o Potential=SCF
  Electrostatic potential from Total SCF Density
    3   -4.970736   -4.760256   -4.970736
   80    0.125841    0.000000    0.000000
   80    0.000000    0.125841    0.000000
   80    0.000000    0.000000    0.125841
    8    8.000000    0.000000    0.210480    0.000000
    1    1.000000    1.511668   -0.792714    0.000000
    1    1.000000   -1.511668   -0.891122    0.000000
  1.63422E-02  1.65199E-02  1.66704E-02  1.67923E-02  1.68847E-02  1.69468E-02
       .            .            .            .            .            .
       .            .            .            .            .            .
       .            .            .            .            .            .
 -7.97708E-03 -7.97435E-03 -7.96887E-03 -7.96060E-03 -7.94949E-03 -7.93547E-03

337651 out of 512000 gridpoints are considered ( 65.9%).

...done!

 writing cube file quadrupole_expansion.cube                                                                                                                                                                                                                                                                                                                                                                                                                                                                                                                                                                                                                                                                                                                                                                                                                                                                                                                                                                                                                                       
Written cubefile and slice data
Running in analysis mode

Reading "/data/boittier/energies/h2o_geom.xyz.dir/h2o_1437.chk.fchk.potential.cube"...

  h2o Potential=SCF
  Electrostatic potential from Total SCF Density
    3   -4.970736   -4.760256   -4.970736
   80    0.125841    0.000000    0.000000
   80    0.000000    0.125841    0.000000
   80    0.000000    0.000000    0.125841
    8    8.000000    0.000000    0.210480    0.000000
    1    1.000000    1.511668   -0.792714    0.000000
    1    1.000000   -1.511668   -0.891122    0.000000
  5.97295E-03  6.19709E-03  6.42863E-03  6.66757E-03  6.91390E-03  7.16755E-03
       .            .            .            .            .            .
       .            .            .            .            .            .
       .            .            .            .            .            .
 -6.29889E-03 -6.19342E-03 -6.08767E-03 -5.98180E-03 -5.87594E-03 -5.77025E-03

512000 out of 512000 gridpoints are considered (100.0%).

...done!

Reading "/home/boittier/esp_check/quadrupole_expansion.cube"...

  Fitted ESP
  Electrostatic potential fitted from quadrupole expansion.
    3   -4.970736   -4.760256   -4.970736
   80    0.125841    0.000000    0.000000
   80    0.000000    0.125841    0.000000
   80    0.000000    0.000000    0.125841
    8    8.000000    0.000000    0.210480    0.000000
    1    1.000000    1.511668   -0.792714    0.000000
    1    1.000000   -1.511668   -0.891122    0.000000
  5.90510E-03  6.12256E-03  6.34698E-03  6.57837E-03  6.81668E-03  7.06186E-03
       .            .            .            .            .            .
       .            .            .            .            .            .
       .            .            .            .            .            .
 -6.23399E-03 -6.13403E-03 -6.03349E-03 -5.93253E-03 -5.83129E-03 -5.72994E-03

512000 out of 512000 gridpoints are considered (100.0%).

...done!

                       Measure       RMSE[kcal/mol/e]   MaxError[kcal/mol/e]   NPoints
                         Total        7.003408879E-01        4.690319526E+00    406789
Close (  1.20 < r <   1.66 )          1.106340992E+00        4.690319526E+00    143261
Mid-range ( 1.66 < r <  2.20)         3.449304947E-01        1.151668128E+00    194390
Far-range (  2.20         < r)        1.228099635E-01        3.282439281E-01     69138
Did analysis and wrote slice data
