/home/boittier/esp_check
h2o_1518
/data/boittier/energies/h2o_geom.xyz.dir
Read multipoles for 3 atoms with max. rank 2
Running in generate mode

Reading "/data/boittier/energies/h2o_geom.xyz.dir/h2o_1518.chk.fchk.potential.cube"...

  h2o Potential=SCF
  Electrostatic potential from Total SCF Density
    3   -4.970736   -4.754975   -4.970736
   80    0.125841    0.000000    0.000000
   80    0.000000    0.125841    0.000000
   80    0.000000    0.000000    0.125841
    8    8.000000    0.000000    0.215761    0.000000
    1    1.000000    1.333927   -1.029395    0.000000
    1    1.000000   -1.333927   -0.696692    0.000000
  1.58297E-02  1.60013E-02  1.61466E-02  1.62644E-02  1.63536E-02  1.64136E-02
       .            .            .            .            .            .
       .            .            .            .            .            .
       .            .            .            .            .            .
 -1.05281E-02 -1.05211E-02 -1.05072E-02 -1.04863E-02 -1.04585E-02 -1.04239E-02

339150 out of 512000 gridpoints are considered ( 66.2%).

...done!

 writing cube file quadrupole_expansion.cube                                                                                                                                                                                                                                                                                                                                                                                                                                                                                                                                                                                                                                                                                                                                                                                                                                                                                                                                                                                                                                       
Written cubefile and slice data
Running in analysis mode

Reading "/data/boittier/energies/h2o_geom.xyz.dir/h2o_1518.chk.fchk.potential.cube"...

  h2o Potential=SCF
  Electrostatic potential from Total SCF Density
    3   -4.970736   -4.754975   -4.970736
   80    0.125841    0.000000    0.000000
   80    0.000000    0.125841    0.000000
   80    0.000000    0.000000    0.125841
    8    8.000000    0.000000    0.215761    0.000000
    1    1.000000    1.333927   -1.029395    0.000000
    1    1.000000   -1.333927   -0.696692    0.000000
  5.94585E-03  6.15023E-03  6.36058E-03  6.57684E-03  6.79895E-03  7.02679E-03
       .            .            .            .            .            .
       .            .            .            .            .            .
       .            .            .            .            .            .
 -7.17964E-03 -7.04608E-03 -6.91281E-03 -6.77999E-03 -6.64780E-03 -6.51638E-03

512000 out of 512000 gridpoints are considered (100.0%).

...done!

Reading "/home/boittier/esp_check/quadrupole_expansion.cube"...

  Fitted ESP
  Electrostatic potential fitted from quadrupole expansion.
    3   -4.970736   -4.754975   -4.970736
   80    0.125841    0.000000    0.000000
   80    0.000000    0.125841    0.000000
   80    0.000000    0.000000    0.125841
    8    8.000000    0.000000    0.215761    0.000000
    1    1.000000    1.333927   -1.029395    0.000000
    1    1.000000   -1.333927   -0.696692    0.000000
  5.90422E-03  6.10342E-03  6.30822E-03  6.51857E-03  6.73437E-03  6.95553E-03
       .            .            .            .            .            .
       .            .            .            .            .            .
       .            .            .            .            .            .
 -7.14640E-03 -7.01706E-03 -6.88773E-03 -6.75859E-03 -6.62983E-03 -6.50160E-03

512000 out of 512000 gridpoints are considered (100.0%).

...done!

                       Measure       RMSE[kcal/mol/e]   MaxError[kcal/mol/e]   NPoints
                         Total        6.699640097E-01        4.671431491E+00    409550
Close (  1.20 < r <   1.66 )          1.064788613E+00        4.671431491E+00    142164
Mid-range ( 1.66 < r <  2.20)         3.315536916E-01        1.043121541E+00    196986
Far-range (  2.20         < r)        1.186475302E-01        3.317642563E-01     70400
Did analysis and wrote slice data
