/home/boittier/esp_check
h2o_921
/data/boittier/energies/h2o_geom.xyz.dir
Read multipoles for 3 atoms with max. rank 2
Running in generate mode

Reading "/data/boittier/energies/h2o_geom.xyz.dir/h2o_921.chk.fchk.potential.cube"...

  h2o Potential=SCF
  Electrostatic potential from Total SCF Density
    3   -4.970736   -4.744685   -4.970736
   80    0.125841    0.000000    0.000000
   80    0.000000    0.125841    0.000000
   80    0.000000    0.000000    0.125841
    8    8.000000    0.000000    0.226050    0.000000
    1    1.000000    1.477132   -0.822190    0.000000
    1    1.000000   -1.477132   -0.986214    0.000000
  1.69261E-02  1.70461E-02  1.71370E-02  1.71980E-02  1.72287E-02  1.72287E-02
       .            .            .            .            .            .
       .            .            .            .            .            .
       .            .            .            .            .            .
 -8.38817E-03 -8.38490E-03 -8.37835E-03 -8.36848E-03 -8.35524E-03 -8.33859E-03

337689 out of 512000 gridpoints are considered ( 66.0%).

...done!

 writing cube file quadrupole_expansion.cube                                                                                                                                                                                                                                                                                                                                                                                                                                                                                                                                                                                                                                                                                                                                                                                                                                                                                                                                                                                                                                       
Written cubefile and slice data
Running in analysis mode

Reading "/data/boittier/energies/h2o_geom.xyz.dir/h2o_921.chk.fchk.potential.cube"...

  h2o Potential=SCF
  Electrostatic potential from Total SCF Density
    3   -4.970736   -4.744685   -4.970736
   80    0.125841    0.000000    0.000000
   80    0.000000    0.125841    0.000000
   80    0.000000    0.000000    0.125841
    8    8.000000    0.000000    0.226050    0.000000
    1    1.000000    1.477132   -0.822190    0.000000
    1    1.000000   -1.477132   -0.986214    0.000000
  6.26315E-03  6.49752E-03  6.73968E-03  6.98962E-03  7.24733E-03  7.51276E-03
       .            .            .            .            .            .
       .            .            .            .            .            .
       .            .            .            .            .            .
 -6.48137E-03 -6.37237E-03 -6.26312E-03 -6.15377E-03 -6.04446E-03 -5.93534E-03

512000 out of 512000 gridpoints are considered (100.0%).

...done!

Reading "/home/boittier/esp_check/quadrupole_expansion.cube"...

  Fitted ESP
  Electrostatic potential fitted from quadrupole expansion.
    3   -4.970736   -4.744685   -4.970736
   80    0.125841    0.000000    0.000000
   80    0.000000    0.125841    0.000000
   80    0.000000    0.000000    0.125841
    8    8.000000    0.000000    0.226050    0.000000
    1    1.000000    1.477132   -0.822190    0.000000
    1    1.000000   -1.477132   -0.986214    0.000000
  6.19716E-03  6.42482E-03  6.65980E-03  6.90212E-03  7.15175E-03  7.40863E-03
       .            .            .            .            .            .
       .            .            .            .            .            .
       .            .            .            .            .            .
 -6.41891E-03 -6.31536E-03 -6.21125E-03 -6.10674E-03 -6.00199E-03 -5.89716E-03

512000 out of 512000 gridpoints are considered (100.0%).

...done!

                       Measure       RMSE[kcal/mol/e]   MaxError[kcal/mol/e]   NPoints
                         Total        6.846812644E-01        4.715608158E+00    406341
Close (  1.20 < r <   1.66 )          1.079722528E+00        4.715608158E+00    143691
Mid-range ( 1.66 < r <  2.20)         3.368149982E-01        1.096133540E+00    193998
Far-range (  2.20         < r)        1.185542584E-01        3.272775636E-01     68652
Did analysis and wrote slice data
