/home/boittier/esp_check
h2o_1503
/data/boittier/energies/h2o_geom.xyz.dir
Read multipoles for 3 atoms with max. rank 2
Running in generate mode

Reading "/data/boittier/energies/h2o_geom.xyz.dir/h2o_1503.chk.fchk.potential.cube"...

  h2o Potential=SCF
  Electrostatic potential from Total SCF Density
    3   -4.970736   -4.751760   -4.970736
   80    0.125841    0.000000    0.000000
   80    0.000000    0.125841    0.000000
   80    0.000000    0.000000    0.125841
    8    8.000000    0.000000    0.218976    0.000000
    1    1.000000    1.359046   -0.991876    0.000000
    1    1.000000   -1.359046   -0.759931    0.000000
  1.61277E-02  1.62722E-02  1.63893E-02  1.64780E-02  1.65375E-02  1.65674E-02
       .            .            .            .            .            .
       .            .            .            .            .            .
       .            .            .            .            .            .
 -1.01694E-02 -1.01631E-02 -1.01504E-02 -1.01314E-02 -1.01061E-02 -1.00745E-02

338918 out of 512000 gridpoints are considered ( 66.2%).

...done!

 writing cube file quadrupole_expansion.cube                                                                                                                                                                                                                                                                                                                                                                                                                                                                                                                                                                                                                                                                                                                                                                                                                                                                                                                                                                                                                                       
Written cubefile and slice data
Running in analysis mode

Reading "/data/boittier/energies/h2o_geom.xyz.dir/h2o_1503.chk.fchk.potential.cube"...

  h2o Potential=SCF
  Electrostatic potential from Total SCF Density
    3   -4.970736   -4.751760   -4.970736
   80    0.125841    0.000000    0.000000
   80    0.000000    0.125841    0.000000
   80    0.000000    0.000000    0.125841
    8    8.000000    0.000000    0.218976    0.000000
    1    1.000000    1.359046   -0.991876    0.000000
    1    1.000000   -1.359046   -0.759931    0.000000
  6.02825E-03  6.23873E-03  6.45551E-03  6.67855E-03  6.90779E-03  7.14313E-03
       .            .            .            .            .            .
       .            .            .            .            .            .
       .            .            .            .            .            .
 -7.06838E-03 -6.93897E-03 -6.80975E-03 -6.68087E-03 -6.55253E-03 -6.42485E-03

512000 out of 512000 gridpoints are considered (100.0%).

...done!

Reading "/home/boittier/esp_check/quadrupole_expansion.cube"...

  Fitted ESP
  Electrostatic potential fitted from quadrupole expansion.
    3   -4.970736   -4.751760   -4.970736
   80    0.125841    0.000000    0.000000
   80    0.000000    0.125841    0.000000
   80    0.000000    0.000000    0.125841
    8    8.000000    0.000000    0.218976    0.000000
    1    1.000000    1.359046   -0.991876    0.000000
    1    1.000000   -1.359046   -0.759931    0.000000
  5.98114E-03  6.18608E-03  6.39693E-03  6.61366E-03  6.83618E-03  7.06439E-03
       .            .            .            .            .            .
       .            .            .            .            .            .
       .            .            .            .            .            .
 -7.02890E-03 -6.90400E-03 -6.77900E-03 -6.65408E-03 -6.52943E-03 -6.40520E-03

512000 out of 512000 gridpoints are considered (100.0%).

...done!

                       Measure       RMSE[kcal/mol/e]   MaxError[kcal/mol/e]   NPoints
                         Total        6.715563674E-01        4.671807997E+00    408938
Close (  1.20 < r <   1.66 )          1.065864970E+00        4.671807997E+00    142362
Mid-range ( 1.66 < r <  2.20)         3.323460715E-01        1.040460900E+00    196556
Far-range (  2.20         < r)        1.184736691E-01        3.245290721E-01     70020
Did analysis and wrote slice data
