/home/boittier/esp_check
h2o_1583
/data/boittier/energies/h2o_geom.xyz.dir
Read multipoles for 3 atoms with max. rank 2
Running in generate mode

Reading "/data/boittier/energies/h2o_geom.xyz.dir/h2o_1583.chk.fchk.potential.cube"...

  h2o Potential=SCF
  Electrostatic potential from Total SCF Density
    3   -4.970736   -4.741108   -4.970736
   80    0.125841    0.000000    0.000000
   80    0.000000    0.125841    0.000000
   80    0.000000    0.000000    0.125841
    8    8.000000    0.000000    0.229627    0.000000
    1    1.000000    1.394357   -0.941891    0.000000
    1    1.000000   -1.394357   -0.895126    0.000000
  1.68216E-02  1.68510E-02  1.68510E-02  1.68216E-02  1.64539E-02  1.66590E-02
       .            .            .            .            .            .
       .            .            .            .            .            .
       .            .            .            .            .            .
 -9.67442E-03 -9.66905E-03 -9.65829E-03 -9.64215E-03 -9.62063E-03 -9.59374E-03

338325 out of 512000 gridpoints are considered ( 66.1%).

...done!

 writing cube file quadrupole_expansion.cube                                                                                                                                                                                                                                                                                                                                                                                                                                                                                                                                                                                                                                                                                                                                                                                                                                                                                                                                                                                                                                       
Written cubefile and slice data
Running in analysis mode

Reading "/data/boittier/energies/h2o_geom.xyz.dir/h2o_1583.chk.fchk.potential.cube"...

  h2o Potential=SCF
  Electrostatic potential from Total SCF Density
    3   -4.970736   -4.741108   -4.970736
   80    0.125841    0.000000    0.000000
   80    0.000000    0.125841    0.000000
   80    0.000000    0.000000    0.125841
    8    8.000000    0.000000    0.229627    0.000000
    1    1.000000    1.394357   -0.941891    0.000000
    1    1.000000   -1.394357   -0.895126    0.000000
  6.25911E-03  6.48368E-03  6.71529E-03  6.95391E-03  7.19950E-03  7.45198E-03
       .            .            .            .            .            .
       .            .            .            .            .            .
       .            .            .            .            .            .
 -6.93557E-03 -6.81236E-03 -6.68917E-03 -6.56617E-03 -6.44351E-03 -6.32135E-03

512000 out of 512000 gridpoints are considered (100.0%).

...done!

Reading "/home/boittier/esp_check/quadrupole_expansion.cube"...

  Fitted ESP
  Electrostatic potential fitted from quadrupole expansion.
    3   -4.970736   -4.741108   -4.970736
   80    0.125841    0.000000    0.000000
   80    0.000000    0.125841    0.000000
   80    0.000000    0.000000    0.125841
    8    8.000000    0.000000    0.229627    0.000000
    1    1.000000    1.394357   -0.941891    0.000000
    1    1.000000   -1.394357   -0.895126    0.000000
  6.20446E-03  6.42293E-03  6.64802E-03  6.87970E-03  7.11792E-03  7.36259E-03
       .            .            .            .            .            .
       .            .            .            .            .            .
       .            .            .            .            .            .
 -6.88769E-03 -6.76937E-03 -6.65078E-03 -6.53210E-03 -6.41349E-03 -6.29511E-03

512000 out of 512000 gridpoints are considered (100.0%).

...done!

                       Measure       RMSE[kcal/mol/e]   MaxError[kcal/mol/e]   NPoints
                         Total        6.688029225E-01        4.708391799E+00    407593
Close (  1.20 < r <   1.66 )          1.057503614E+00        4.708391799E+00    143206
Mid-range ( 1.66 < r <  2.20)         3.298293564E-01        1.048066315E+00    195119
Far-range (  2.20         < r)        1.164626203E-01        3.192768178E-01     69268
Did analysis and wrote slice data
