/home/boittier/esp_check
h2o_1041
/data/boittier/energies/h2o_geom.xyz.dir
Read multipoles for 3 atoms with max. rank 2
Running in generate mode

Reading "/data/boittier/energies/h2o_geom.xyz.dir/h2o_1041.chk.fchk.potential.cube"...

  h2o Potential=SCF
  Electrostatic potential from Total SCF Density
    3   -4.970736   -4.746690   -4.970736
   80    0.125841    0.000000    0.000000
   80    0.000000    0.125841    0.000000
   80    0.000000    0.000000    0.125841
    8    8.000000    0.000000    0.224046    0.000000
    1    1.000000    1.483643   -0.815701    0.000000
    1    1.000000   -1.483643   -0.976667    0.000000
  1.68615E-02  1.69811E-02  1.70717E-02  1.71325E-02  1.71630E-02  1.71630E-02
       .            .            .            .            .            .
       .            .            .            .            .            .
       .            .            .            .            .            .
 -8.30691E-03 -8.30376E-03 -8.29744E-03 -8.28792E-03 -8.27516E-03 -8.25909E-03

337670 out of 512000 gridpoints are considered ( 66.0%).

...done!

 writing cube file quadrupole_expansion.cube                                                                                                                                                                                                                                                                                                                                                                                                                                                                                                                                                                                                                                                                                                                                                                                                                                                                                                                                                                                                                                       
Written cubefile and slice data
Running in analysis mode

Reading "/data/boittier/energies/h2o_geom.xyz.dir/h2o_1041.chk.fchk.potential.cube"...

  h2o Potential=SCF
  Electrostatic potential from Total SCF Density
    3   -4.970736   -4.746690   -4.970736
   80    0.125841    0.000000    0.000000
   80    0.000000    0.125841    0.000000
   80    0.000000    0.000000    0.125841
    8    8.000000    0.000000    0.224046    0.000000
    1    1.000000    1.483643   -0.815701    0.000000
    1    1.000000   -1.483643   -0.976667    0.000000
  6.23027E-03  6.46373E-03  6.70494E-03  6.95392E-03  7.21064E-03  7.47505E-03
       .            .            .            .            .            .
       .            .            .            .            .            .
       .            .            .            .            .            .
 -6.44867E-03 -6.34046E-03 -6.23197E-03 -6.12337E-03 -6.01480E-03 -5.90642E-03

512000 out of 512000 gridpoints are considered (100.0%).

...done!

Reading "/home/boittier/esp_check/quadrupole_expansion.cube"...

  Fitted ESP
  Electrostatic potential fitted from quadrupole expansion.
    3   -4.970736   -4.746690   -4.970736
   80    0.125841    0.000000    0.000000
   80    0.000000    0.125841    0.000000
   80    0.000000    0.000000    0.125841
    8    8.000000    0.000000    0.224046    0.000000
    1    1.000000    1.483643   -0.815701    0.000000
    1    1.000000   -1.483643   -0.976667    0.000000
  6.16370E-03  6.39042E-03  6.62446E-03  6.86580E-03  7.11443E-03  7.37027E-03
       .            .            .            .            .            .
       .            .            .            .            .            .
       .            .            .            .            .            .
 -6.38548E-03 -6.28273E-03 -6.17941E-03 -6.07568E-03 -5.97170E-03 -5.86762E-03

512000 out of 512000 gridpoints are considered (100.0%).

...done!

                       Measure       RMSE[kcal/mol/e]   MaxError[kcal/mol/e]   NPoints
                         Total        6.872073288E-01        4.712784365E+00    406366
Close (  1.20 < r <   1.66 )          1.083859453E+00        4.712784365E+00    143648
Mid-range ( 1.66 < r <  2.20)         3.381232191E-01        1.103851907E+00    194022
Far-range (  2.20         < r)        1.191490926E-01        3.273403145E-01     68696
Did analysis and wrote slice data
