/home/boittier/esp_check
h2o_1685
/data/boittier/energies/h2o_geom.xyz.dir
Read multipoles for 3 atoms with max. rank 2
Running in generate mode

Reading "/data/boittier/energies/h2o_geom.xyz.dir/h2o_1685.chk.fchk.potential.cube"...

  h2o Potential=SCF
  Electrostatic potential from Total SCF Density
    3   -4.970736   -4.746479   -4.970736
   80    0.125841    0.000000    0.000000
   80    0.000000    0.125841    0.000000
   80    0.000000    0.000000    0.125841
    8    8.000000    0.000000    0.224256    0.000000
    1    1.000000    1.535635   -0.744114    0.000000
    1    1.000000   -1.535635   -1.049938    0.000000
  1.70931E-02  1.72143E-02  1.73060E-02  1.73677E-02  1.73986E-02  1.73986E-02
       .            .            .            .            .            .
       .            .            .            .            .            .
       .            .            .            .            .            .
 -7.48118E-03 -7.47947E-03 -7.47603E-03 -7.47080E-03 -7.46370E-03 -7.45463E-03

337084 out of 512000 gridpoints are considered ( 65.8%).

...done!

 writing cube file quadrupole_expansion.cube                                                                                                                                                                                                                                                                                                                                                                                                                                                                                                                                                                                                                                                                                                                                                                                                                                                                                                                                                                                                                                       
Written cubefile and slice data
Running in analysis mode

Reading "/data/boittier/energies/h2o_geom.xyz.dir/h2o_1685.chk.fchk.potential.cube"...

  h2o Potential=SCF
  Electrostatic potential from Total SCF Density
    3   -4.970736   -4.746479   -4.970736
   80    0.125841    0.000000    0.000000
   80    0.000000    0.125841    0.000000
   80    0.000000    0.000000    0.125841
    8    8.000000    0.000000    0.224256    0.000000
    1    1.000000    1.535635   -0.744114    0.000000
    1    1.000000   -1.535635   -1.049938    0.000000
  6.29899E-03  6.54186E-03  6.79310E-03  7.05275E-03  7.32082E-03  7.59727E-03
       .            .            .            .            .            .
       .            .            .            .            .            .
       .            .            .            .            .            .
 -6.17109E-03 -6.07232E-03 -5.97308E-03 -5.87352E-03 -5.77378E-03 -5.67399E-03

512000 out of 512000 gridpoints are considered (100.0%).

...done!

Reading "/home/boittier/esp_check/quadrupole_expansion.cube"...

  Fitted ESP
  Electrostatic potential fitted from quadrupole expansion.
    3   -4.970736   -4.746479   -4.970736
   80    0.125841    0.000000    0.000000
   80    0.000000    0.125841    0.000000
   80    0.000000    0.000000    0.125841
    8    8.000000    0.000000    0.224256    0.000000
    1    1.000000    1.535635   -0.744114    0.000000
    1    1.000000   -1.535635   -1.049938    0.000000
  6.22600E-03  6.46176E-03  6.70544E-03  6.95706E-03  7.21662E-03  7.48407E-03
       .            .            .            .            .            .
       .            .            .            .            .            .
       .            .            .            .            .            .
 -6.09970E-03 -6.00668E-03 -5.91289E-03 -5.81847E-03 -5.72358E-03 -5.62836E-03

512000 out of 512000 gridpoints are considered (100.0%).

...done!

                       Measure       RMSE[kcal/mol/e]   MaxError[kcal/mol/e]   NPoints
                         Total        6.936065064E-01        4.705881761E+00    405293
Close (  1.20 < r <   1.66 )          1.091449524E+00        4.705881761E+00    144131
Mid-range ( 1.66 < r <  2.20)         3.400518557E-01        1.147714819E+00    192953
Far-range (  2.20         < r)        1.194017096E-01        3.318395574E-01     68209
Did analysis and wrote slice data
