/home/boittier/esp_check
h2o_479
/data/boittier/energies/h2o_geom.xyz.dir
Read multipoles for 3 atoms with max. rank 2
Running in generate mode

Reading "/data/boittier/energies/h2o_geom.xyz.dir/h2o_479.chk.fchk.potential.cube"...

  h2o Potential=SCF
  Electrostatic potential from Total SCF Density
    3   -4.970736   -4.747137   -4.970736
   80    0.125841    0.000000    0.000000
   80    0.000000    0.125841    0.000000
   80    0.000000    0.000000    0.125841
    8    8.000000    0.000000    0.223598    0.000000
    1    1.000000    1.413513   -0.913724    0.000000
    1    1.000000   -1.413513   -0.875063    0.000000
  1.66856E-02  1.66856E-02  1.65074E-02  1.66856E-02  1.68366E-02  1.69589E-02
       .            .            .            .            .            .
       .            .            .            .            .            .
       .            .            .            .            .            .
 -9.37662E-03 -9.37165E-03 -9.36171E-03 -9.34679E-03 -9.32689E-03 -9.30199E-03

338301 out of 512000 gridpoints are considered ( 66.1%).

...done!

 writing cube file quadrupole_expansion.cube                                                                                                                                                                                                                                                                                                                                                                                                                                                                                                                                                                                                                                                                                                                                                                                                                                                                                                                                                                                                                                       
Written cubefile and slice data
Running in analysis mode

Reading "/data/boittier/energies/h2o_geom.xyz.dir/h2o_479.chk.fchk.potential.cube"...

  h2o Potential=SCF
  Electrostatic potential from Total SCF Density
    3   -4.970736   -4.747137   -4.970736
   80    0.125841    0.000000    0.000000
   80    0.000000    0.125841    0.000000
   80    0.000000    0.000000    0.125841
    8    8.000000    0.000000    0.223598    0.000000
    1    1.000000    1.413513   -0.913724    0.000000
    1    1.000000   -1.413513   -0.875063    0.000000
  6.15689E-03  6.37896E-03  6.60802E-03  6.84405E-03  7.08701E-03  7.33682E-03
       .            .            .            .            .            .
       .            .            .            .            .            .
       .            .            .            .            .            .
 -6.81210E-03 -6.69180E-03 -6.57147E-03 -6.45130E-03 -6.33143E-03 -6.21202E-03

512000 out of 512000 gridpoints are considered (100.0%).

...done!

Reading "/home/boittier/esp_check/quadrupole_expansion.cube"...

  Fitted ESP
  Electrostatic potential fitted from quadrupole expansion.
    3   -4.970736   -4.747137   -4.970736
   80    0.125841    0.000000    0.000000
   80    0.000000    0.125841    0.000000
   80    0.000000    0.000000    0.125841
    8    8.000000    0.000000    0.223598    0.000000
    1    1.000000    1.413513   -0.913724    0.000000
    1    1.000000   -1.413513   -0.875063    0.000000
  6.10015E-03  6.31606E-03  6.53854E-03  6.76757E-03  7.00309E-03  7.24503E-03
       .            .            .            .            .            .
       .            .            .            .            .            .
       .            .            .            .            .            .
 -6.76122E-03 -6.64591E-03 -6.53029E-03 -6.41454E-03 -6.29882E-03 -6.18328E-03

512000 out of 512000 gridpoints are considered (100.0%).

...done!

                       Measure       RMSE[kcal/mol/e]   MaxError[kcal/mol/e]   NPoints
                         Total        6.771486585E-01        4.699481164E+00    407671
Close (  1.20 < r <   1.66 )          1.071214820E+00        4.699481164E+00    143050
Mid-range ( 1.66 < r <  2.20)         3.341860552E-01        1.060177248E+00    195251
Far-range (  2.20         < r)        1.184792045E-01        3.197725503E-01     69370
Did analysis and wrote slice data
