/home/boittier/esp_check
h2o_1179
/data/boittier/energies/h2o_geom.xyz.dir
Read multipoles for 3 atoms with max. rank 2
Running in generate mode

Reading "/data/boittier/energies/h2o_geom.xyz.dir/h2o_1179.chk.fchk.potential.cube"...

  h2o Potential=SCF
  Electrostatic potential from Total SCF Density
    3   -4.970736   -4.749827   -4.970736
   80    0.125841    0.000000    0.000000
   80    0.000000    0.125841    0.000000
   80    0.000000    0.000000    0.125841
    8    8.000000    0.000000    0.220909    0.000000
    1    1.000000    1.395128   -0.941168    0.000000
    1    1.000000   -1.395128   -0.826103    0.000000
  1.64147E-02  1.65318E-02  1.66205E-02  1.66801E-02  1.67100E-02  1.67100E-02
       .            .            .            .            .            .
       .            .            .            .            .            .
       .            .            .            .            .            .
 -9.65615E-03 -9.65068E-03 -9.63974E-03 -9.62333E-03 -9.60146E-03 -9.57413E-03

338523 out of 512000 gridpoints are considered ( 66.1%).

...done!

 writing cube file quadrupole_expansion.cube                                                                                                                                                                                                                                                                                                                                                                                                                                                                                                                                                                                                                                                                                                                                                                                                                                                                                                                                                                                                                                       
Written cubefile and slice data
Running in analysis mode

Reading "/data/boittier/energies/h2o_geom.xyz.dir/h2o_1179.chk.fchk.potential.cube"...

  h2o Potential=SCF
  Electrostatic potential from Total SCF Density
    3   -4.970736   -4.749827   -4.970736
   80    0.125841    0.000000    0.000000
   80    0.000000    0.125841    0.000000
   80    0.000000    0.000000    0.125841
    8    8.000000    0.000000    0.220909    0.000000
    1    1.000000    1.395128   -0.941168    0.000000
    1    1.000000   -1.395128   -0.826103    0.000000
  6.08864E-03  6.30558E-03  6.52922E-03  6.75953E-03  6.99646E-03  7.23992E-03
       .            .            .            .            .            .
       .            .            .            .            .            .
       .            .            .            .            .            .
 -6.89897E-03 -6.77536E-03 -6.65182E-03 -6.52850E-03 -6.40556E-03 -6.28317E-03

512000 out of 512000 gridpoints are considered (100.0%).

...done!

Reading "/home/boittier/esp_check/quadrupole_expansion.cube"...

  Fitted ESP
  Electrostatic potential fitted from quadrupole expansion.
    3   -4.970736   -4.749827   -4.970736
   80    0.125841    0.000000    0.000000
   80    0.000000    0.125841    0.000000
   80    0.000000    0.000000    0.125841
    8    8.000000    0.000000    0.220909    0.000000
    1    1.000000    1.395128   -0.941168    0.000000
    1    1.000000   -1.395128   -0.826103    0.000000
  6.03528E-03  6.24629E-03  6.46358E-03  6.68714E-03  6.91689E-03  7.15276E-03
       .            .            .            .            .            .
       .            .            .            .            .            .
       .            .            .            .            .            .
 -6.85209E-03 -6.73330E-03 -6.61430E-03 -6.49524E-03 -6.37629E-03 -6.25763E-03

512000 out of 512000 gridpoints are considered (100.0%).

...done!

                       Measure       RMSE[kcal/mol/e]   MaxError[kcal/mol/e]   NPoints
                         Total        6.761412463E-01        4.687683986E+00    408175
Close (  1.20 < r <   1.66 )          1.070940795E+00        4.687683986E+00    142789
Mid-range ( 1.66 < r <  2.20)         3.341458768E-01        1.049635089E+00    195734
Far-range (  2.20         < r)        1.187997216E-01        3.170240588E-01     69652
Did analysis and wrote slice data
