/home/boittier/esp_check
h2o_1104
/data/boittier/energies/h2o_geom.xyz.dir
Read multipoles for 3 atoms with max. rank 2
Running in generate mode

Reading "/data/boittier/energies/h2o_geom.xyz.dir/h2o_1104.chk.fchk.potential.cube"...

  h2o Potential=SCF
  Electrostatic potential from Total SCF Density
    3   -4.970736   -4.745854   -4.970736
   80    0.125841    0.000000    0.000000
   80    0.000000    0.125841    0.000000
   80    0.000000    0.000000    0.125841
    8    8.000000    0.000000    0.224881    0.000000
    1    1.000000    1.414146   -0.912751    0.000000
    1    1.000000   -1.414146   -0.886301    0.000000
  1.66935E-02  1.67523E-02  1.67819E-02  1.67819E-02  1.67523E-02  1.66935E-02
       .            .            .            .            .            .
       .            .            .            .            .            .
       .            .            .            .            .            .
 -9.36802E-03 -9.36308E-03 -9.35320E-03 -9.33838E-03 -9.31860E-03 -9.29385E-03

338272 out of 512000 gridpoints are considered ( 66.1%).

...done!

 writing cube file quadrupole_expansion.cube                                                                                                                                                                                                                                                                                                                                                                                                                                                                                                                                                                                                                                                                                                                                                                                                                                                                                                                                                                                                                                       
Written cubefile and slice data
Running in analysis mode

Reading "/data/boittier/energies/h2o_geom.xyz.dir/h2o_1104.chk.fchk.potential.cube"...

  h2o Potential=SCF
  Electrostatic potential from Total SCF Density
    3   -4.970736   -4.745854   -4.970736
   80    0.125841    0.000000    0.000000
   80    0.000000    0.125841    0.000000
   80    0.000000    0.000000    0.125841
    8    8.000000    0.000000    0.224881    0.000000
    1    1.000000    1.414146   -0.912751    0.000000
    1    1.000000   -1.414146   -0.886301    0.000000
  6.18246E-03  6.40577E-03  6.63613E-03  6.87352E-03  7.11790E-03  7.36918E-03
       .            .            .            .            .            .
       .            .            .            .            .            .
       .            .            .            .            .            .
 -6.81350E-03 -6.69338E-03 -6.57323E-03 -6.45322E-03 -6.33351E-03 -6.21425E-03

512000 out of 512000 gridpoints are considered (100.0%).

...done!

Reading "/home/boittier/esp_check/quadrupole_expansion.cube"...

  Fitted ESP
  Electrostatic potential fitted from quadrupole expansion.
    3   -4.970736   -4.745854   -4.970736
   80    0.125841    0.000000    0.000000
   80    0.000000    0.125841    0.000000
   80    0.000000    0.000000    0.125841
    8    8.000000    0.000000    0.224881    0.000000
    1    1.000000    1.414146   -0.912751    0.000000
    1    1.000000   -1.414146   -0.886301    0.000000
  6.12545E-03  6.34257E-03  6.56632E-03  6.79667E-03  7.03357E-03  7.27695E-03
       .            .            .            .            .            .
       .            .            .            .            .            .
       .            .            .            .            .            .
 -6.76234E-03 -6.64723E-03 -6.53181E-03 -6.41624E-03 -6.30069E-03 -6.18531E-03

512000 out of 512000 gridpoints are considered (100.0%).

...done!

                       Measure       RMSE[kcal/mol/e]   MaxError[kcal/mol/e]   NPoints
                         Total        6.761619390E-01        4.702304957E+00    407570
Close (  1.20 < r <   1.66 )          1.069247534E+00        4.702304957E+00    143147
Mid-range ( 1.66 < r <  2.20)         3.335885705E-01        1.060239999E+00    195125
Far-range (  2.20         < r)        1.181040503E-01        3.202180820E-01     69298
Did analysis and wrote slice data
