/home/boittier/esp_check
h2o_804
/data/boittier/energies/h2o_geom.xyz.dir
Read multipoles for 3 atoms with max. rank 2
Running in generate mode

Reading "/data/boittier/energies/h2o_geom.xyz.dir/h2o_804.chk.fchk.potential.cube"...

  h2o Potential=SCF
  Electrostatic potential from Total SCF Density
    3   -4.970736   -4.740921   -4.970736
   80    0.125841    0.000000    0.000000
   80    0.000000    0.125841    0.000000
   80    0.000000    0.000000    0.125841
    8    8.000000    0.000000    0.229814    0.000000
    1    1.000000    1.432861   -0.884578    0.000000
    1    1.000000   -1.432861   -0.953936    0.000000
  1.67302E-02  1.69087E-02  1.70597E-02  1.71821E-02  1.72748E-02  1.73371E-02
       .            .            .            .            .            .
       .            .            .            .            .            .
       .            .            .            .            .            .
 -9.07502E-03 -9.07063E-03 -9.06185E-03 -9.04865E-03 -9.03103E-03 -9.00895E-03

337977 out of 512000 gridpoints are considered ( 66.0%).

...done!

 writing cube file quadrupole_expansion.cube                                                                                                                                                                                                                                                                                                                                                                                                                                                                                                                                                                                                                                                                                                                                                                                                                                                                                                                                                                                                                                       
Written cubefile and slice data
Running in analysis mode

Reading "/data/boittier/energies/h2o_geom.xyz.dir/h2o_804.chk.fchk.potential.cube"...

  h2o Potential=SCF
  Electrostatic potential from Total SCF Density
    3   -4.970736   -4.740921   -4.970736
   80    0.125841    0.000000    0.000000
   80    0.000000    0.125841    0.000000
   80    0.000000    0.000000    0.125841
    8    8.000000    0.000000    0.229814    0.000000
    1    1.000000    1.432861   -0.884578    0.000000
    1    1.000000   -1.432861   -0.953936    0.000000
  6.29072E-03  6.52128E-03  6.75928E-03  7.00472E-03  7.25757E-03  7.51777E-03
       .            .            .            .            .            .
       .            .            .            .            .            .
       .            .            .            .            .            .
 -6.72781E-03 -6.61133E-03 -6.49472E-03 -6.37816E-03 -6.26180E-03 -6.14579E-03

512000 out of 512000 gridpoints are considered (100.0%).

...done!

Reading "/home/boittier/esp_check/quadrupole_expansion.cube"...

  Fitted ESP
  Electrostatic potential fitted from quadrupole expansion.
    3   -4.970736   -4.740921   -4.970736
   80    0.125841    0.000000    0.000000
   80    0.000000    0.125841    0.000000
   80    0.000000    0.000000    0.125841
    8    8.000000    0.000000    0.229814    0.000000
    1    1.000000    1.432861   -0.884578    0.000000
    1    1.000000   -1.432861   -0.953936    0.000000
  6.23047E-03  6.45460E-03  6.68573E-03  6.92387E-03  7.16897E-03  7.42096E-03
       .            .            .            .            .            .
       .            .            .            .            .            .
       .            .            .            .            .            .
 -6.67277E-03 -6.56145E-03 -6.44972E-03 -6.33775E-03 -6.22570E-03 -6.11372E-03

512000 out of 512000 gridpoints are considered (100.0%).

...done!

                       Measure       RMSE[kcal/mol/e]   MaxError[kcal/mol/e]   NPoints
                         Total        6.749269492E-01        4.717804441E+00    406897
Close (  1.20 < r <   1.66 )          1.065398481E+00        4.717804441E+00    143535
Mid-range ( 1.66 < r <  2.20)         3.324055783E-01        1.072037177E+00    194442
Far-range (  2.20         < r)        1.170909797E-01        3.238576370E-01     68920
Did analysis and wrote slice data
