/home/boittier/esp_check
h2o_968
/data/boittier/energies/h2o_geom.xyz.dir
Read multipoles for 3 atoms with max. rank 2
Running in generate mode

Reading "/data/boittier/energies/h2o_geom.xyz.dir/h2o_968.chk.fchk.potential.cube"...

  h2o Potential=SCF
  Electrostatic potential from Total SCF Density
    3   -4.970736   -4.754751   -4.970736
   80    0.125841    0.000000    0.000000
   80    0.000000    0.125841    0.000000
   80    0.000000    0.000000    0.125841
    8    8.000000    0.000000    0.215985    0.000000
    1    1.000000    1.386465   -0.955100    0.000000
    1    1.000000   -1.386465   -0.772779    0.000000
  1.60604E-02  1.62347E-02  1.63822E-02  1.65018E-02  1.65924E-02  1.66533E-02
       .            .            .            .            .            .
       .            .            .            .            .            .
       .            .            .            .            .            .
 -9.78601E-03 -9.78025E-03 -9.76873E-03 -9.75147E-03 -9.72847E-03 -9.69974E-03

338700 out of 512000 gridpoints are considered ( 66.2%).

...done!

 writing cube file quadrupole_expansion.cube                                                                                                                                                                                                                                                                                                                                                                                                                                                                                                                                                                                                                                                                                                                                                                                                                                                                                                                                                                                                                                       
Written cubefile and slice data
Running in analysis mode

Reading "/data/boittier/energies/h2o_geom.xyz.dir/h2o_968.chk.fchk.potential.cube"...

  h2o Potential=SCF
  Electrostatic potential from Total SCF Density
    3   -4.970736   -4.754751   -4.970736
   80    0.125841    0.000000    0.000000
   80    0.000000    0.125841    0.000000
   80    0.000000    0.000000    0.125841
    8    8.000000    0.000000    0.215985    0.000000
    1    1.000000    1.386465   -0.955100    0.000000
    1    1.000000   -1.386465   -0.772779    0.000000
  5.97795E-03  6.18906E-03  6.40660E-03  6.63052E-03  6.86077E-03  7.09726E-03
       .            .            .            .            .            .
       .            .            .            .            .            .
       .            .            .            .            .            .
 -6.92507E-03 -6.79968E-03 -6.67441E-03 -6.54943E-03 -6.42489E-03 -6.30095E-03

512000 out of 512000 gridpoints are considered (100.0%).

...done!

Reading "/home/boittier/esp_check/quadrupole_expansion.cube"...

  Fitted ESP
  Electrostatic potential fitted from quadrupole expansion.
    3   -4.970736   -4.754751   -4.970736
   80    0.125841    0.000000    0.000000
   80    0.000000    0.125841    0.000000
   80    0.000000    0.000000    0.125841
    8    8.000000    0.000000    0.215985    0.000000
    1    1.000000    1.386465   -0.955100    0.000000
    1    1.000000   -1.386465   -0.772779    0.000000
  5.92724E-03  6.13263E-03  6.34404E-03  6.56144E-03  6.78476E-03  7.01391E-03
       .            .            .            .            .            .
       .            .            .            .            .            .
       .            .            .            .            .            .
 -6.88103E-03 -6.76033E-03 -6.63946E-03 -6.51861E-03 -6.39793E-03 -6.27760E-03

512000 out of 512000 gridpoints are considered (100.0%).

...done!

                       Measure       RMSE[kcal/mol/e]   MaxError[kcal/mol/e]   NPoints
                         Total        6.784938782E-01        4.676263314E+00    408668
Close (  1.20 < r <   1.66 )          1.076052503E+00        4.676263314E+00    142513
Mid-range ( 1.66 < r <  2.20)         3.357138600E-01        1.053858228E+00    196187
Far-range (  2.20         < r)        1.199483514E-01        3.258217416E-01     69968
Did analysis and wrote slice data
