/home/boittier/esp_check
h2o_1458
/data/boittier/energies/h2o_geom.xyz.dir
Read multipoles for 3 atoms with max. rank 2
Running in generate mode

Reading "/data/boittier/energies/h2o_geom.xyz.dir/h2o_1458.chk.fchk.potential.cube"...

  h2o Potential=SCF
  Electrostatic potential from Total SCF Density
    3   -4.970736   -4.747130   -4.970736
   80    0.125841    0.000000    0.000000
   80    0.000000    0.125841    0.000000
   80    0.000000    0.000000    0.125841
    8    8.000000    0.000000    0.223605    0.000000
    1    1.000000    1.515345   -0.768068    0.000000
    1    1.000000   -1.515345   -1.020775    0.000000
  1.69608E-02  1.71438E-02  1.72987E-02  1.74242E-02  1.75193E-02  1.75831E-02
       .            .            .            .            .            .
       .            .            .            .            .            .
       .            .            .            .            .            .
 -7.77218E-03 -7.76995E-03 -7.76547E-03 -7.75869E-03 -7.74954E-03 -7.73793E-03

337312 out of 512000 gridpoints are considered ( 65.9%).

...done!

 writing cube file quadrupole_expansion.cube                                                                                                                                                                                                                                                                                                                                                                                                                                                                                                                                                                                                                                                                                                                                                                                                                                                                                                                                                                                                                                       
Written cubefile and slice data
Running in analysis mode

Reading "/data/boittier/energies/h2o_geom.xyz.dir/h2o_1458.chk.fchk.potential.cube"...

  h2o Potential=SCF
  Electrostatic potential from Total SCF Density
    3   -4.970736   -4.747130   -4.970736
   80    0.125841    0.000000    0.000000
   80    0.000000    0.125841    0.000000
   80    0.000000    0.000000    0.125841
    8    8.000000    0.000000    0.223605    0.000000
    1    1.000000    1.515345   -0.768068    0.000000
    1    1.000000   -1.515345   -1.020775    0.000000
  6.26496E-03  6.50391E-03  6.75098E-03  7.00620E-03  7.26957E-03  7.54103E-03
       .            .            .            .            .            .
       .            .            .            .            .            .
       .            .            .            .            .            .
 -6.26589E-03 -6.16375E-03 -6.06121E-03 -5.95842E-03 -5.85553E-03 -5.75269E-03

512000 out of 512000 gridpoints are considered (100.0%).

...done!

Reading "/home/boittier/esp_check/quadrupole_expansion.cube"...

  Fitted ESP
  Electrostatic potential fitted from quadrupole expansion.
    3   -4.970736   -4.747130   -4.970736
   80    0.125841    0.000000    0.000000
   80    0.000000    0.125841    0.000000
   80    0.000000    0.000000    0.125841
    8    8.000000    0.000000    0.223605    0.000000
    1    1.000000    1.515345   -0.768068    0.000000
    1    1.000000   -1.515345   -1.020775    0.000000
  6.19415E-03  6.42613E-03  6.66577E-03  6.91310E-03  7.16810E-03  7.43073E-03
       .            .            .            .            .            .
       .            .            .            .            .            .
       .            .            .            .            .            .
 -6.19724E-03 -6.10076E-03 -6.00357E-03 -5.90585E-03 -5.80773E-03 -5.70936E-03

512000 out of 512000 gridpoints are considered (100.0%).

...done!

                       Measure       RMSE[kcal/mol/e]   MaxError[kcal/mol/e]   NPoints
                         Total        6.916750472E-01        4.708015293E+00    405772
Close (  1.20 < r <   1.66 )          1.089420852E+00        4.708015293E+00    143930
Mid-range ( 1.66 < r <  2.20)         3.397852362E-01        1.133407603E+00    193382
Far-range (  2.20         < r)        1.195757548E-01        3.299570290E-01     68460
Did analysis and wrote slice data
