/home/boittier/esp_check
h2o_1765
/data/boittier/energies/h2o_geom.xyz.dir
Read multipoles for 3 atoms with max. rank 2
Running in generate mode

Reading "/data/boittier/energies/h2o_geom.xyz.dir/h2o_1765.chk.fchk.potential.cube"...

  h2o Potential=SCF
  Electrostatic potential from Total SCF Density
    3   -4.970736   -4.746220   -4.970736
   80    0.125841    0.000000    0.000000
   80    0.000000    0.125841    0.000000
   80    0.000000    0.000000    0.125841
    8    8.000000    0.000000    0.224516    0.000000
    1    1.000000    1.470980   -0.852250    0.000000
    1    1.000000   -1.470980   -0.943875    0.000000
  1.68934E-02  1.68934E-02  1.65323E-02  1.67394E-02  1.69202E-02  1.70733E-02
       .            .            .            .            .            .
       .            .            .            .            .            .
       .            .            .            .            .            .
 -8.66515E-03 -8.66141E-03 -8.65392E-03 -8.64265E-03 -8.62757E-03 -8.60863E-03

337773 out of 512000 gridpoints are considered ( 66.0%).

...done!

 writing cube file quadrupole_expansion.cube                                                                                                                                                                                                                                                                                                                                                                                                                                                                                                                                                                                                                                                                                                                                                                                                                                                                                                                                                                                                                                       
Written cubefile and slice data
Running in analysis mode

Reading "/data/boittier/energies/h2o_geom.xyz.dir/h2o_1765.chk.fchk.potential.cube"...

  h2o Potential=SCF
  Electrostatic potential from Total SCF Density
    3   -4.970736   -4.746220   -4.970736
   80    0.125841    0.000000    0.000000
   80    0.000000    0.125841    0.000000
   80    0.000000    0.000000    0.125841
    8    8.000000    0.000000    0.224516    0.000000
    1    1.000000    1.470980   -0.852250    0.000000
    1    1.000000   -1.470980   -0.943875    0.000000
  6.20380E-03  6.43391E-03  6.67154E-03  6.91672E-03  7.16942E-03  7.42956E-03
       .            .            .            .            .            .
       .            .            .            .            .            .
       .            .            .            .            .            .
 -6.57705E-03 -6.46477E-03 -6.35231E-03 -6.23982E-03 -6.12745E-03 -6.01535E-03

512000 out of 512000 gridpoints are considered (100.0%).

...done!

Reading "/home/boittier/esp_check/quadrupole_expansion.cube"...

  Fitted ESP
  Electrostatic potential fitted from quadrupole expansion.
    3   -4.970736   -4.746220   -4.970736
   80    0.125841    0.000000    0.000000
   80    0.000000    0.125841    0.000000
   80    0.000000    0.000000    0.125841
    8    8.000000    0.000000    0.224516    0.000000
    1    1.000000    1.470980   -0.852250    0.000000
    1    1.000000   -1.470980   -0.943875    0.000000
  6.14017E-03  6.36370E-03  6.59433E-03  6.83205E-03  7.07682E-03  7.32859E-03
       .            .            .            .            .            .
       .            .            .            .            .            .
       .            .            .            .            .            .
 -6.51789E-03 -6.41093E-03 -6.30348E-03 -6.19572E-03 -6.08779E-03 -5.97985E-03

512000 out of 512000 gridpoints are considered (100.0%).

...done!

                       Measure       RMSE[kcal/mol/e]   MaxError[kcal/mol/e]   NPoints
                         Total        6.850866888E-01        4.713851131E+00    406574
Close (  1.20 < r <   1.66 )          1.081005468E+00        4.713851131E+00    143544
Mid-range ( 1.66 < r <  2.20)         3.373719930E-01        1.094753020E+00    194229
Far-range (  2.20         < r)        1.189968583E-01        3.263300243E-01     68801
Did analysis and wrote slice data
