/home/boittier/esp_check
h2o_58
/data/boittier/energies/h2o_geom.xyz.dir
Read multipoles for 3 atoms with max. rank 2
Running in generate mode

Reading "/data/boittier/energies/h2o_geom.xyz.dir/h2o_58.chk.fchk.potential.cube"...

  h2o Potential=SCF
  Electrostatic potential from Total SCF Density
    3   -4.970736   -4.752419   -4.970736
   80    0.125841    0.000000    0.000000
   80    0.000000    0.125841    0.000000
   80    0.000000    0.000000    0.125841
    8    8.000000    0.000000    0.218317    0.000000
    1    1.000000    1.449779   -0.865412    0.000000
    1    1.000000   -1.449779   -0.881122    0.000000
  1.65911E-02  1.66799E-02  1.67395E-02  1.67695E-02  1.67695E-02  1.67395E-02
       .            .            .            .            .            .
       .            .            .            .            .            .
       .            .            .            .            .            .
 -8.84368E-03 -8.83954E-03 -8.83125E-03 -8.81880E-03 -8.80214E-03 -8.78127E-03

338136 out of 512000 gridpoints are considered ( 66.0%).

...done!

 writing cube file quadrupole_expansion.cube                                                                                                                                                                                                                                                                                                                                                                                                                                                                                                                                                                                                                                                                                                                                                                                                                                                                                                                                                                                                                                       
Written cubefile and slice data
Running in analysis mode

Reading "/data/boittier/energies/h2o_geom.xyz.dir/h2o_58.chk.fchk.potential.cube"...

  h2o Potential=SCF
  Electrostatic potential from Total SCF Density
    3   -4.970736   -4.752419   -4.970736
   80    0.125841    0.000000    0.000000
   80    0.000000    0.125841    0.000000
   80    0.000000    0.000000    0.125841
    8    8.000000    0.000000    0.218317    0.000000
    1    1.000000    1.449779   -0.865412    0.000000
    1    1.000000   -1.449779   -0.881122    0.000000
  6.07988E-03  6.30240E-03  6.53205E-03  6.76882E-03  7.01268E-03  7.26356E-03
       .            .            .            .            .            .
       .            .            .            .            .            .
       .            .            .            .            .            .
 -6.61273E-03 -6.49803E-03 -6.38322E-03 -6.26845E-03 -6.15389E-03 -6.03967E-03

512000 out of 512000 gridpoints are considered (100.0%).

...done!

Reading "/home/boittier/esp_check/quadrupole_expansion.cube"...

  Fitted ESP
  Electrostatic potential fitted from quadrupole expansion.
    3   -4.970736   -4.752419   -4.970736
   80    0.125841    0.000000    0.000000
   80    0.000000    0.125841    0.000000
   80    0.000000    0.000000    0.125841
    8    8.000000    0.000000    0.218317    0.000000
    1    1.000000    1.449779   -0.865412    0.000000
    1    1.000000   -1.449779   -0.881122    0.000000
  6.01875E-03  6.23490E-03  6.45776E-03  6.68731E-03  6.92351E-03  7.16627E-03
       .            .            .            .            .            .
       .            .            .            .            .            .
       .            .            .            .            .            .
 -6.55617E-03 -6.44667E-03 -6.33677E-03 -6.22663E-03 -6.11641E-03 -6.00626E-03

512000 out of 512000 gridpoints are considered (100.0%).

...done!

                       Measure       RMSE[kcal/mol/e]   MaxError[kcal/mol/e]   NPoints
                         Total        6.871681822E-01        4.694147334E+00    407422
Close (  1.20 < r <   1.66 )          1.086683995E+00        4.694147334E+00    143089
Mid-range ( 1.66 < r <  2.20)         3.389611022E-01        1.087536661E+00    195047
Far-range (  2.20         < r)        1.203544588E-01        3.220504097E-01     69286
Did analysis and wrote slice data
