/home/boittier/esp_check
h2o_1464
/data/boittier/energies/h2o_geom.xyz.dir
Read multipoles for 3 atoms with max. rank 2
Running in generate mode

Reading "/data/boittier/energies/h2o_geom.xyz.dir/h2o_1464.chk.fchk.potential.cube"...

  h2o Potential=SCF
  Electrostatic potential from Total SCF Density
    3   -4.970736   -4.747380   -4.970736
   80    0.125841    0.000000    0.000000
   80    0.000000    0.125841    0.000000
   80    0.000000    0.000000    0.125841
    8    8.000000    0.000000    0.223355    0.000000
    1    1.000000    1.404968   -0.942689    0.000000
    1    1.000000   -1.404968   -0.844152    0.000000
  1.64591E-02  1.66064E-02  1.67257E-02  1.68161E-02  1.68768E-02  1.69073E-02
       .            .            .            .            .            .
       .            .            .            .            .            .
       .            .            .            .            .            .
 -9.63902E-03 -9.63362E-03 -9.62284E-03 -9.60666E-03 -9.58509E-03 -9.55813E-03

338388 out of 512000 gridpoints are considered ( 66.1%).

...done!

 writing cube file quadrupole_expansion.cube                                                                                                                                                                                                                                                                                                                                                                                                                                                                                                                                                                                                                                                                                                                                                                                                                                                                                                                                                                                                                                       
Written cubefile and slice data
Running in analysis mode

Reading "/data/boittier/energies/h2o_geom.xyz.dir/h2o_1464.chk.fchk.potential.cube"...

  h2o Potential=SCF
  Electrostatic potential from Total SCF Density
    3   -4.970736   -4.747380   -4.970736
   80    0.125841    0.000000    0.000000
   80    0.000000    0.125841    0.000000
   80    0.000000    0.000000    0.125841
    8    8.000000    0.000000    0.223355    0.000000
    1    1.000000    1.404968   -0.942689    0.000000
    1    1.000000   -1.404968   -0.844152    0.000000
  6.12820E-03  6.34749E-03  6.57360E-03  6.80651E-03  7.04616E-03  7.29248E-03
       .            .            .            .            .            .
       .            .            .            .            .            .
       .            .            .            .            .            .
 -6.90592E-03 -6.78265E-03 -6.65942E-03 -6.53639E-03 -6.41374E-03 -6.29160E-03

512000 out of 512000 gridpoints are considered (100.0%).

...done!

Reading "/home/boittier/esp_check/quadrupole_expansion.cube"...

  Fitted ESP
  Electrostatic potential fitted from quadrupole expansion.
    3   -4.970736   -4.747380   -4.970736
   80    0.125841    0.000000    0.000000
   80    0.000000    0.125841    0.000000
   80    0.000000    0.000000    0.125841
    8    8.000000    0.000000    0.223355    0.000000
    1    1.000000    1.404968   -0.942689    0.000000
    1    1.000000   -1.404968   -0.844152    0.000000
  6.07410E-03  6.28739E-03  6.50708E-03  6.73315E-03  6.96555E-03  7.20418E-03
       .            .            .            .            .            .
       .            .            .            .            .            .
       .            .            .            .            .            .
 -6.85853E-03 -6.74011E-03 -6.62144E-03 -6.50270E-03 -6.38406E-03 -6.26567E-03

512000 out of 512000 gridpoints are considered (100.0%).

...done!

                       Measure       RMSE[kcal/mol/e]   MaxError[kcal/mol/e]   NPoints
                         Total        6.757929908E-01        4.697159379E+00    407840
Close (  1.20 < r <   1.66 )          1.069535188E+00        4.697159379E+00    142940
Mid-range ( 1.66 < r <  2.20)         3.337967032E-01        1.055721931E+00    195448
Far-range (  2.20         < r)        1.183166667E-01        3.187748103E-01     69452
Did analysis and wrote slice data
