/home/boittier/esp_check
h2o_1547
/data/boittier/energies/h2o_geom.xyz.dir
Read multipoles for 3 atoms with max. rank 2
Running in generate mode

Reading "/data/boittier/energies/h2o_geom.xyz.dir/h2o_1547.chk.fchk.potential.cube"...

  h2o Potential=SCF
  Electrostatic potential from Total SCF Density
    3   -4.970736   -4.755186   -4.970736
   80    0.125841    0.000000    0.000000
   80    0.000000    0.125841    0.000000
   80    0.000000    0.000000    0.125841
    8    8.000000    0.000000    0.215549    0.000000
    1    1.000000    1.348920   -1.007957    0.000000
    1    1.000000   -1.348920   -0.716437    0.000000
  1.61062E-02  1.61637E-02  1.61925E-02  1.61925E-02  1.61637E-02  1.61062E-02
       .            .            .            .            .            .
       .            .            .            .            .            .
       .            .            .            .            .            .
 -1.03178E-02 -1.03111E-02 -1.02979E-02 -1.02780E-02 -1.02515E-02 -1.02185E-02

339046 out of 512000 gridpoints are considered ( 66.2%).

...done!

 writing cube file quadrupole_expansion.cube                                                                                                                                                                                                                                                                                                                                                                                                                                                                                                                                                                                                                                                                                                                                                                                                                                                                                                                                                                                                                                       
Written cubefile and slice data
Running in analysis mode

Reading "/data/boittier/energies/h2o_geom.xyz.dir/h2o_1547.chk.fchk.potential.cube"...

  h2o Potential=SCF
  Electrostatic potential from Total SCF Density
    3   -4.970736   -4.755186   -4.970736
   80    0.125841    0.000000    0.000000
   80    0.000000    0.125841    0.000000
   80    0.000000    0.000000    0.125841
    8    8.000000    0.000000    0.215549    0.000000
    1    1.000000    1.348920   -1.007957    0.000000
    1    1.000000   -1.348920   -0.716437    0.000000
  5.94771E-03  6.15368E-03  6.36572E-03  6.58380E-03  6.80784E-03  7.03775E-03
       .            .            .            .            .            .
       .            .            .            .            .            .
       .            .            .            .            .            .
 -7.10600E-03 -6.97473E-03 -6.84370E-03 -6.71307E-03 -6.58303E-03 -6.45371E-03

512000 out of 512000 gridpoints are considered (100.0%).

...done!

Reading "/home/boittier/esp_check/quadrupole_expansion.cube"...

  Fitted ESP
  Electrostatic potential fitted from quadrupole expansion.
    3   -4.970736   -4.755186   -4.970736
   80    0.125841    0.000000    0.000000
   80    0.000000    0.125841    0.000000
   80    0.000000    0.000000    0.125841
    8    8.000000    0.000000    0.215549    0.000000
    1    1.000000    1.348920   -1.007957    0.000000
    1    1.000000   -1.348920   -0.716437    0.000000
  5.90349E-03  6.10413E-03  6.31046E-03  6.52245E-03  6.74002E-03  6.96306E-03
       .            .            .            .            .            .
       .            .            .            .            .            .
       .            .            .            .            .            .
 -7.06968E-03 -6.94275E-03 -6.81580E-03 -6.68898E-03 -6.56249E-03 -6.43648E-03

512000 out of 512000 gridpoints are considered (100.0%).

...done!

                       Measure       RMSE[kcal/mol/e]   MaxError[kcal/mol/e]   NPoints
                         Total        6.725527160E-01        4.675384801E+00    409310
Close (  1.20 < r <   1.66 )          1.068374926E+00        4.675384801E+00    142224
Mid-range ( 1.66 < r <  2.20)         3.328669093E-01        1.045650404E+00    196822
Far-range (  2.20         < r)        1.190622064E-01        3.307351407E-01     70264
Did analysis and wrote slice data
