/home/boittier/esp_check
h2o_701
/data/boittier/energies/h2o_geom.xyz.dir
Read multipoles for 3 atoms with max. rank 2
Running in generate mode

Reading "/data/boittier/energies/h2o_geom.xyz.dir/h2o_701.chk.fchk.potential.cube"...

  h2o Potential=SCF
  Electrostatic potential from Total SCF Density
    3   -4.970736   -4.741031   -4.970736
   80    0.125841    0.000000    0.000000
   80    0.000000    0.125841    0.000000
   80    0.000000    0.000000    0.125841
    8    8.000000    0.000000    0.229705    0.000000
    1    1.000000    1.436885   -0.878481    0.000000
    1    1.000000   -1.436885   -0.959155    0.000000
  1.67758E-02  1.69553E-02  1.71071E-02  1.72302E-02  1.73235E-02  1.73861E-02
       .            .            .            .            .            .
       .            .            .            .            .            .
       .            .            .            .            .            .
 -9.01020E-03 -9.00592E-03 -8.99735E-03 -8.98447E-03 -8.96726E-03 -8.94570E-03

337988 out of 512000 gridpoints are considered ( 66.0%).

...done!

 writing cube file quadrupole_expansion.cube                                                                                                                                                                                                                                                                                                                                                                                                                                                                                                                                                                                                                                                                                                                                                                                                                                                                                                                                                                                                                                       
Written cubefile and slice data
Running in analysis mode

Reading "/data/boittier/energies/h2o_geom.xyz.dir/h2o_701.chk.fchk.potential.cube"...

  h2o Potential=SCF
  Electrostatic potential from Total SCF Density
    3   -4.970736   -4.741031   -4.970736
   80    0.125841    0.000000    0.000000
   80    0.000000    0.125841    0.000000
   80    0.000000    0.000000    0.125841
    8    8.000000    0.000000    0.229705    0.000000
    1    1.000000    1.436885   -0.878481    0.000000
    1    1.000000   -1.436885   -0.959155    0.000000
  6.29230E-03  6.52341E-03  6.76200E-03  7.00809E-03  7.26162E-03  7.52255E-03
       .            .            .            .            .            .
       .            .            .            .            .            .
       .            .            .            .            .            .
 -6.70502E-03 -6.58925E-03 -6.47336E-03 -6.35749E-03 -6.24181E-03 -6.12646E-03

512000 out of 512000 gridpoints are considered (100.0%).

...done!

Reading "/home/boittier/esp_check/quadrupole_expansion.cube"...

  Fitted ESP
  Electrostatic potential fitted from quadrupole expansion.
    3   -4.970736   -4.741031   -4.970736
   80    0.125841    0.000000    0.000000
   80    0.000000    0.125841    0.000000
   80    0.000000    0.000000    0.125841
    8    8.000000    0.000000    0.229705    0.000000
    1    1.000000    1.436885   -0.878481    0.000000
    1    1.000000   -1.436885   -0.959155    0.000000
  6.23148E-03  6.45613E-03  6.68783E-03  6.92657E-03  7.17232E-03  7.42499E-03
       .            .            .            .            .            .
       .            .            .            .            .            .
       .            .            .            .            .            .
 -6.64924E-03 -6.53867E-03 -6.42767E-03 -6.31642E-03 -6.20507E-03 -6.09378E-03

512000 out of 512000 gridpoints are considered (100.0%).

...done!

                       Measure       RMSE[kcal/mol/e]   MaxError[kcal/mol/e]   NPoints
                         Total        6.759533061E-01        4.718431950E+00    406864
Close (  1.20 < r <   1.66 )          1.066922500E+00        4.718431950E+00    143573
Mid-range ( 1.66 < r <  2.20)         3.327290808E-01        1.074484464E+00    194415
Far-range (  2.20         < r)        1.171610511E-01        3.242968936E-01     68876
Did analysis and wrote slice data
