/home/boittier/esp_check
h2o_836
/data/boittier/energies/h2o_geom.xyz.dir
Read multipoles for 3 atoms with max. rank 2
Running in generate mode

Reading "/data/boittier/energies/h2o_geom.xyz.dir/h2o_836.chk.fchk.potential.cube"...

  h2o Potential=SCF
  Electrostatic potential from Total SCF Density
    3   -4.970736   -4.744405   -4.970736
   80    0.125841    0.000000    0.000000
   80    0.000000    0.125841    0.000000
   80    0.000000    0.000000    0.125841
    8    8.000000    0.000000    0.226330    0.000000
    1    1.000000    1.418282   -0.906204    0.000000
    1    1.000000   -1.418282   -0.904438    0.000000
  1.67585E-02  1.68475E-02  1.69072E-02  1.69372E-02  1.69372E-02  1.69072E-02
       .            .            .            .            .            .
       .            .            .            .            .            .
       .            .            .            .            .            .
 -9.30180E-03 -9.29699E-03 -9.28737E-03 -9.27292E-03 -9.25365E-03 -9.22953E-03

338234 out of 512000 gridpoints are considered ( 66.1%).

...done!

 writing cube file quadrupole_expansion.cube                                                                                                                                                                                                                                                                                                                                                                                                                                                                                                                                                                                                                                                                                                                                                                                                                                                                                                                                                                                                                                       
Written cubefile and slice data
Running in analysis mode

Reading "/data/boittier/energies/h2o_geom.xyz.dir/h2o_836.chk.fchk.potential.cube"...

  h2o Potential=SCF
  Electrostatic potential from Total SCF Density
    3   -4.970736   -4.744405   -4.970736
   80    0.125841    0.000000    0.000000
   80    0.000000    0.125841    0.000000
   80    0.000000    0.000000    0.125841
    8    8.000000    0.000000    0.226330    0.000000
    1    1.000000    1.418282   -0.906204    0.000000
    1    1.000000   -1.418282   -0.904438    0.000000
  6.21401E-03  6.43926E-03  6.67166E-03  6.91120E-03  7.15783E-03  7.41149E-03
       .            .            .            .            .            .
       .            .            .            .            .            .
       .            .            .            .            .            .
 -6.79533E-03 -6.67605E-03 -6.55673E-03 -6.43752E-03 -6.31858E-03 -6.20007E-03

512000 out of 512000 gridpoints are considered (100.0%).

...done!

Reading "/home/boittier/esp_check/quadrupole_expansion.cube"...

  Fitted ESP
  Electrostatic potential fitted from quadrupole expansion.
    3   -4.970736   -4.744405   -4.970736
   80    0.125841    0.000000    0.000000
   80    0.000000    0.125841    0.000000
   80    0.000000    0.000000    0.125841
    8    8.000000    0.000000    0.226330    0.000000
    1    1.000000    1.418282   -0.906204    0.000000
    1    1.000000   -1.418282   -0.904438    0.000000
  6.15617E-03  6.37517E-03  6.60089E-03  6.83332E-03  7.07241E-03  7.31807E-03
       .            .            .            .            .            .
       .            .            .            .            .            .
       .            .            .            .            .            .
 -6.74321E-03 -6.62898E-03 -6.51441E-03 -6.39968E-03 -6.28494E-03 -6.17036E-03

512000 out of 512000 gridpoints are considered (100.0%).

...done!

                       Measure       RMSE[kcal/mol/e]   MaxError[kcal/mol/e]   NPoints
                         Total        6.758074733E-01        4.705505255E+00    407424
Close (  1.20 < r <   1.66 )          1.068114551E+00        4.705505255E+00    143297
Mid-range ( 1.66 < r <  2.20)         3.331392288E-01        1.061934274E+00    194937
Far-range (  2.20         < r)        1.177574081E-01        3.210338443E-01     69190
Did analysis and wrote slice data
