/home/boittier/esp_check
h2o_1253
/data/boittier/energies/h2o_geom.xyz.dir
Read multipoles for 3 atoms with max. rank 2
Running in generate mode

Reading "/data/boittier/energies/h2o_geom.xyz.dir/h2o_1253.chk.fchk.potential.cube"...

  h2o Potential=SCF
  Electrostatic potential from Total SCF Density
    3   -4.970736   -4.729709   -4.970736
   80    0.125841    0.000000    0.000000
   80    0.000000    0.125841    0.000000
   80    0.000000    0.000000    0.125841
    8    8.000000    0.000000    0.241027    0.000000
    1    1.000000    1.393208   -0.947156    0.000000
    1    1.000000   -1.393208   -0.981060    0.000000
  1.69124E-02  1.70907E-02  1.72416E-02  1.73639E-02  1.74566E-02  1.75188E-02
       .            .            .            .            .            .
       .            .            .            .            .            .
       .            .            .            .            .            .
 -9.71901E-03 -9.71370E-03 -9.70309E-03 -9.68716E-03 -9.66591E-03 -9.63936E-03

338032 out of 512000 gridpoints are considered ( 66.0%).

...done!

 writing cube file quadrupole_expansion.cube                                                                                                                                                                                                                                                                                                                                                                                                                                                                                                                                                                                                                                                                                                                                                                                                                                                                                                                                                                                                                                       
Written cubefile and slice data
Running in analysis mode

Reading "/data/boittier/energies/h2o_geom.xyz.dir/h2o_1253.chk.fchk.potential.cube"...

  h2o Potential=SCF
  Electrostatic potential from Total SCF Density
    3   -4.970736   -4.729709   -4.970736
   80    0.125841    0.000000    0.000000
   80    0.000000    0.125841    0.000000
   80    0.000000    0.000000    0.125841
    8    8.000000    0.000000    0.241027    0.000000
    1    1.000000    1.393208   -0.947156    0.000000
    1    1.000000   -1.393208   -0.981060    0.000000
  6.45690E-03  6.69060E-03  6.93175E-03  7.18034E-03  7.43633E-03  7.69966E-03
       .            .            .            .            .            .
       .            .            .            .            .            .
       .            .            .            .            .            .
 -6.98664E-03 -6.86373E-03 -6.74079E-03 -6.61799E-03 -6.49549E-03 -6.37344E-03

512000 out of 512000 gridpoints are considered (100.0%).

...done!

Reading "/home/boittier/esp_check/quadrupole_expansion.cube"...

  Fitted ESP
  Electrostatic potential fitted from quadrupole expansion.
    3   -4.970736   -4.729709   -4.970736
   80    0.125841    0.000000    0.000000
   80    0.000000    0.125841    0.000000
   80    0.000000    0.000000    0.125841
    8    8.000000    0.000000    0.241027    0.000000
    1    1.000000    1.393208   -0.947156    0.000000
    1    1.000000   -1.393208   -0.981060    0.000000
  6.40179E-03  6.62925E-03  6.86372E-03  7.10520E-03  7.35364E-03  7.60895E-03
       .            .            .            .            .            .
       .            .            .            .            .            .
       .            .            .            .            .            .
 -6.93886E-03 -6.82084E-03 -6.70251E-03 -6.58404E-03 -6.46559E-03 -6.34733E-03

512000 out of 512000 gridpoints are considered (100.0%).

...done!

                       Measure       RMSE[kcal/mol/e]   MaxError[kcal/mol/e]   NPoints
                         Total        6.581835933E-01        4.727593588E+00    406762
Close (  1.20 < r <   1.66 )          1.038667887E+00        4.727593588E+00    143666
Mid-range ( 1.66 < r <  2.20)         3.235005125E-01        1.042669734E+00    194366
Far-range (  2.20         < r)        1.131122797E-01        3.218496067E-01     68730
Did analysis and wrote slice data
