/home/boittier/esp_check
h2o_1211
/data/boittier/energies/h2o_geom.xyz.dir
Read multipoles for 3 atoms with max. rank 2
Running in generate mode

Reading "/data/boittier/energies/h2o_geom.xyz.dir/h2o_1211.chk.fchk.potential.cube"...

  h2o Potential=SCF
  Electrostatic potential from Total SCF Density
    3   -4.970736   -4.742466   -4.970736
   80    0.125841    0.000000    0.000000
   80    0.000000    0.125841    0.000000
   80    0.000000    0.000000    0.125841
    8    8.000000    0.000000    0.228270    0.000000
    1    1.000000    1.350403   -1.006279    0.000000
    1    1.000000   -1.350403   -0.819878    0.000000
  1.66400E-02  1.66692E-02  1.66692E-02  1.66400E-02  1.62533E-02  1.64565E-02
       .            .            .            .            .            .
       .            .            .            .            .            .
       .            .            .            .            .            .
 -1.03225E-02 -1.03160E-02 -1.03031E-02 -1.02838E-02 -1.02581E-02 -1.02260E-02

338709 out of 512000 gridpoints are considered ( 66.2%).

...done!

 writing cube file quadrupole_expansion.cube                                                                                                                                                                                                                                                                                                                                                                                                                                                                                                                                                                                                                                                                                                                                                                                                                                                                                                                                                                                                                                       
Written cubefile and slice data
Running in analysis mode

Reading "/data/boittier/energies/h2o_geom.xyz.dir/h2o_1211.chk.fchk.potential.cube"...

  h2o Potential=SCF
  Electrostatic potential from Total SCF Density
    3   -4.970736   -4.742466   -4.970736
   80    0.125841    0.000000    0.000000
   80    0.000000    0.125841    0.000000
   80    0.000000    0.000000    0.125841
    8    8.000000    0.000000    0.228270    0.000000
    1    1.000000    1.350403   -1.006279    0.000000
    1    1.000000   -1.350403   -0.819878    0.000000
  6.21197E-03  6.42950E-03  6.65359E-03  6.88422E-03  7.12131E-03  7.36477E-03
       .            .            .            .            .            .
       .            .            .            .            .            .
       .            .            .            .            .            .
 -7.15743E-03 -7.02696E-03 -6.89666E-03 -6.76669E-03 -6.63723E-03 -6.50843E-03

512000 out of 512000 gridpoints are considered (100.0%).

...done!

Reading "/home/boittier/esp_check/quadrupole_expansion.cube"...

  Fitted ESP
  Electrostatic potential fitted from quadrupole expansion.
    3   -4.970736   -4.742466   -4.970736
   80    0.125841    0.000000    0.000000
   80    0.000000    0.125841    0.000000
   80    0.000000    0.000000    0.125841
    8    8.000000    0.000000    0.228270    0.000000
    1    1.000000    1.350403   -1.006279    0.000000
    1    1.000000   -1.350403   -0.819878    0.000000
  6.16425E-03  6.37611E-03  6.59413E-03  6.81829E-03  7.04850E-03  7.28467E-03
       .            .            .            .            .            .
       .            .            .            .            .            .
       .            .            .            .            .            .
 -7.11809E-03 -6.99216E-03 -6.86612E-03 -6.74014E-03 -6.61440E-03 -6.48906E-03

512000 out of 512000 gridpoints are considered (100.0%).

...done!

                       Measure       RMSE[kcal/mol/e]   MaxError[kcal/mol/e]   NPoints
                         Total        6.621847232E-01        4.688374247E+00    408417
Close (  1.20 < r <   1.66 )          1.049485619E+00        4.688374247E+00    142694
Mid-range ( 1.66 < r <  2.20)         3.271879854E-01        1.018824374E+00    196015
Far-range (  2.20         < r)        1.158999507E-01        3.131899760E-01     69708
Did analysis and wrote slice data
