/home/boittier/esp_check
h2o_1626
/data/boittier/energies/h2o_geom.xyz.dir
Read multipoles for 3 atoms with max. rank 2
Running in generate mode

Reading "/data/boittier/energies/h2o_geom.xyz.dir/h2o_1626.chk.fchk.potential.cube"...

  h2o Potential=SCF
  Electrostatic potential from Total SCF Density
    3   -4.970736   -4.751039   -4.970736
   80    0.125841    0.000000    0.000000
   80    0.000000    0.125841    0.000000
   80    0.000000    0.000000    0.125841
    8    8.000000    0.000000    0.219697    0.000000
    1    1.000000    1.389470   -0.968196    0.000000
    1    1.000000   -1.389470   -0.789377    0.000000
  1.63462E-02  1.64042E-02  1.64333E-02  1.64333E-02  1.64042E-02  1.63462E-02
       .            .            .            .            .            .
       .            .            .            .            .            .
       .            .            .            .            .            .
 -9.88710E-03 -9.88125E-03 -9.86955E-03 -9.85200E-03 -9.82862E-03 -9.79943E-03

338610 out of 512000 gridpoints are considered ( 66.1%).

...done!

 writing cube file quadrupole_expansion.cube                                                                                                                                                                                                                                                                                                                                                                                                                                                                                                                                                                                                                                                                                                                                                                                                                                                                                                                                                                                                                                       
Written cubefile and slice data
Running in analysis mode

Reading "/data/boittier/energies/h2o_geom.xyz.dir/h2o_1626.chk.fchk.potential.cube"...

  h2o Potential=SCF
  Electrostatic potential from Total SCF Density
    3   -4.970736   -4.751039   -4.970736
   80    0.125841    0.000000    0.000000
   80    0.000000    0.125841    0.000000
   80    0.000000    0.000000    0.125841
    8    8.000000    0.000000    0.219697    0.000000
    1    1.000000    1.389470   -0.968196    0.000000
    1    1.000000   -1.389470   -0.789377    0.000000
  6.03897E-03  6.25253E-03  6.47261E-03  6.69917E-03  6.93216E-03  7.17149E-03
       .            .            .            .            .            .
       .            .            .            .            .            .
       .            .            .            .            .            .
 -6.97865E-03 -6.85237E-03 -6.72620E-03 -6.60032E-03 -6.47489E-03 -6.35006E-03

512000 out of 512000 gridpoints are considered (100.0%).

...done!

Reading "/home/boittier/esp_check/quadrupole_expansion.cube"...

  Fitted ESP
  Electrostatic potential fitted from quadrupole expansion.
    3   -4.970736   -4.751039   -4.970736
   80    0.125841    0.000000    0.000000
   80    0.000000    0.125841    0.000000
   80    0.000000    0.000000    0.125841
    8    8.000000    0.000000    0.219697    0.000000
    1    1.000000    1.389470   -0.968196    0.000000
    1    1.000000   -1.389470   -0.789377    0.000000
  5.98837E-03  6.19617E-03  6.41009E-03  6.63009E-03  6.85611E-03  7.08804E-03
       .            .            .            .            .            .
       .            .            .            .            .            .
       .            .            .            .            .            .
 -6.93528E-03 -6.81366E-03 -6.69189E-03 -6.57012E-03 -6.44854E-03 -6.32729E-03

512000 out of 512000 gridpoints are considered (100.0%).

...done!

                       Measure       RMSE[kcal/mol/e]   MaxError[kcal/mol/e]   NPoints
                         Total        6.762444655E-01        4.680028371E+00    408366
Close (  1.20 < r <   1.66 )          1.071451031E+00        4.680028371E+00    142762
Mid-range ( 1.66 < r <  2.20)         3.341636918E-01        1.045305273E+00    195848
Far-range (  2.20         < r)        1.189628341E-01        3.222323874E-01     69756
Did analysis and wrote slice data
