/home/boittier/esp_check
h2o_1161
/data/boittier/energies/h2o_geom.xyz.dir
Read multipoles for 3 atoms with max. rank 2
Running in generate mode

Reading "/data/boittier/energies/h2o_geom.xyz.dir/h2o_1161.chk.fchk.potential.cube"...

  h2o Potential=SCF
  Electrostatic potential from Total SCF Density
    3   -4.970736   -4.747123   -4.970736
   80    0.125841    0.000000    0.000000
   80    0.000000    0.125841    0.000000
   80    0.000000    0.000000    0.125841
    8    8.000000    0.000000    0.223613    0.000000
    1    1.000000    1.487614   -0.809713    0.000000
    1    1.000000   -1.487614   -0.979189    0.000000
  1.68889E-02  1.70090E-02  1.70999E-02  1.71610E-02  1.71917E-02  1.71917E-02
       .            .            .            .            .            .
       .            .            .            .            .            .
       .            .            .            .            .            .
 -8.24020E-03 -8.23716E-03 -8.23106E-03 -8.22187E-03 -8.20954E-03 -8.19400E-03

337660 out of 512000 gridpoints are considered ( 65.9%).

...done!

 writing cube file quadrupole_expansion.cube                                                                                                                                                                                                                                                                                                                                                                                                                                                                                                                                                                                                                                                                                                                                                                                                                                                                                                                                                                                                                                       
Written cubefile and slice data
Running in analysis mode

Reading "/data/boittier/energies/h2o_geom.xyz.dir/h2o_1161.chk.fchk.potential.cube"...

  h2o Potential=SCF
  Electrostatic potential from Total SCF Density
    3   -4.970736   -4.747123   -4.970736
   80    0.125841    0.000000    0.000000
   80    0.000000    0.125841    0.000000
   80    0.000000    0.000000    0.125841
    8    8.000000    0.000000    0.223613    0.000000
    1    1.000000    1.487614   -0.809713    0.000000
    1    1.000000   -1.487614   -0.979189    0.000000
  6.22722E-03  6.46101E-03  6.70258E-03  6.95195E-03  7.20909E-03  7.47396E-03
       .            .            .            .            .            .
       .            .            .            .            .            .
       .            .            .            .            .            .
 -6.42468E-03 -6.31719E-03 -6.20942E-03 -6.10152E-03 -5.99364E-03 -5.88592E-03

512000 out of 512000 gridpoints are considered (100.0%).

...done!

Reading "/home/boittier/esp_check/quadrupole_expansion.cube"...

  Fitted ESP
  Electrostatic potential fitted from quadrupole expansion.
    3   -4.970736   -4.747123   -4.970736
   80    0.125841    0.000000    0.000000
   80    0.000000    0.125841    0.000000
   80    0.000000    0.000000    0.125841
    8    8.000000    0.000000    0.223613    0.000000
    1    1.000000    1.487614   -0.809713    0.000000
    1    1.000000   -1.487614   -0.979189    0.000000
  6.16013E-03  6.38715E-03  6.62152E-03  6.86322E-03  7.11224E-03  7.36851E-03
       .            .            .            .            .            .
       .            .            .            .            .            .
       .            .            .            .            .            .
 -6.36081E-03 -6.25881E-03 -6.15623E-03 -6.05322E-03 -5.94995E-03 -5.84656E-03

512000 out of 512000 gridpoints are considered (100.0%).

...done!

                       Measure       RMSE[kcal/mol/e]   MaxError[kcal/mol/e]   NPoints
                         Total        6.881462476E-01        4.712031354E+00    406328
Close (  1.20 < r <   1.66 )          1.085167408E+00        4.712031354E+00    143693
Mid-range ( 1.66 < r <  2.20)         3.385108634E-01        1.108056220E+00    193967
Far-range (  2.20         < r)        1.192745456E-01        3.276289689E-01     68668
Did analysis and wrote slice data
