/home/boittier/esp_check
h2o_1192
/data/boittier/energies/h2o_geom.xyz.dir
Read multipoles for 3 atoms with max. rank 2
Running in generate mode

Reading "/data/boittier/energies/h2o_geom.xyz.dir/h2o_1192.chk.fchk.potential.cube"...

  h2o Potential=SCF
  Electrostatic potential from Total SCF Density
    3   -4.970736   -4.747281   -4.970736
   80    0.125841    0.000000    0.000000
   80    0.000000    0.125841    0.000000
   80    0.000000    0.000000    0.125841
    8    8.000000    0.000000    0.223454    0.000000
    1    1.000000    1.385545   -0.954565    0.000000
    1    1.000000   -1.385545   -0.833070    0.000000
  1.64729E-02  1.65901E-02  1.66789E-02  1.67385E-02  1.67685E-02  1.67685E-02
       .            .            .            .            .            .
       .            .            .            .            .            .
       .            .            .            .            .            .
 -9.79862E-03 -9.79295E-03 -9.78161E-03 -9.76462E-03 -9.74197E-03 -9.71367E-03

338544 out of 512000 gridpoints are considered ( 66.1%).

...done!

 writing cube file quadrupole_expansion.cube                                                                                                                                                                                                                                                                                                                                                                                                                                                                                                                                                                                                                                                                                                                                                                                                                                                                                                                                                                                                                                       
Written cubefile and slice data
Running in analysis mode

Reading "/data/boittier/energies/h2o_geom.xyz.dir/h2o_1192.chk.fchk.potential.cube"...

  h2o Potential=SCF
  Electrostatic potential from Total SCF Density
    3   -4.970736   -4.747281   -4.970736
   80    0.125841    0.000000    0.000000
   80    0.000000    0.125841    0.000000
   80    0.000000    0.000000    0.125841
    8    8.000000    0.000000    0.223454    0.000000
    1    1.000000    1.385545   -0.954565    0.000000
    1    1.000000   -1.385545   -0.833070    0.000000
  6.13432E-03  6.35226E-03  6.57690E-03  6.80822E-03  7.04617E-03  7.29067E-03
       .            .            .            .            .            .
       .            .            .            .            .            .
       .            .            .            .            .            .
 -6.95735E-03 -6.83233E-03 -6.70740E-03 -6.58271E-03 -6.45843E-03 -6.33471E-03

512000 out of 512000 gridpoints are considered (100.0%).

...done!

Reading "/home/boittier/esp_check/quadrupole_expansion.cube"...

  Fitted ESP
  Electrostatic potential fitted from quadrupole expansion.
    3   -4.970736   -4.747281   -4.970736
   80    0.125841    0.000000    0.000000
   80    0.000000    0.125841    0.000000
   80    0.000000    0.000000    0.125841
    8    8.000000    0.000000    0.223454    0.000000
    1    1.000000    1.385545   -0.954565    0.000000
    1    1.000000   -1.385545   -0.833070    0.000000
  6.08195E-03  6.29398E-03  6.51232E-03  6.73692E-03  6.96774E-03  7.20466E-03
       .            .            .            .            .            .
       .            .            .            .            .            .
       .            .            .            .            .            .
 -6.91186E-03 -6.79162E-03 -6.67118E-03 -6.55070E-03 -6.43037E-03 -6.31033E-03

512000 out of 512000 gridpoints are considered (100.0%).

...done!

                       Measure       RMSE[kcal/mol/e]   MaxError[kcal/mol/e]   NPoints
                         Total        6.722468639E-01        4.691260790E+00    408148
Close (  1.20 < r <   1.66 )          1.064700963E+00        4.691260790E+00    142791
Mid-range ( 1.66 < r <  2.20)         3.322902632E-01        1.043799251E+00    195753
Far-range (  2.20         < r)        1.179253887E-01        3.164530252E-01     69604
Did analysis and wrote slice data
