/home/boittier/esp_check
h2o_1359
/data/boittier/energies/h2o_geom.xyz.dir
Read multipoles for 3 atoms with max. rank 2
Running in generate mode

Reading "/data/boittier/energies/h2o_geom.xyz.dir/h2o_1359.chk.fchk.potential.cube"...

  h2o Potential=SCF
  Electrostatic potential from Total SCF Density
    3   -4.970736   -4.735127   -4.970736
   80    0.125841    0.000000    0.000000
   80    0.000000    0.125841    0.000000
   80    0.000000    0.000000    0.125841
    8    8.000000    0.000000    0.235609    0.000000
    1    1.000000    1.431940   -0.884577    0.000000
    1    1.000000   -1.431940   -1.000295    0.000000
  1.70916E-02  1.71814E-02  1.72416E-02  1.72719E-02  1.72719E-02  1.72416E-02
       .            .            .            .            .            .
       .            .            .            .            .            .
       .            .            .            .            .            .
 -9.07750E-03 -9.07318E-03 -9.06452E-03 -9.05151E-03 -9.03412E-03 -9.01234E-03

337858 out of 512000 gridpoints are considered ( 66.0%).

...done!

 writing cube file quadrupole_expansion.cube                                                                                                                                                                                                                                                                                                                                                                                                                                                                                                                                                                                                                                                                                                                                                                                                                                                                                                                                                                                                                                       
Written cubefile and slice data
Running in analysis mode

Reading "/data/boittier/energies/h2o_geom.xyz.dir/h2o_1359.chk.fchk.potential.cube"...

  h2o Potential=SCF
  Electrostatic potential from Total SCF Density
    3   -4.970736   -4.735127   -4.970736
   80    0.125841    0.000000    0.000000
   80    0.000000    0.125841    0.000000
   80    0.000000    0.000000    0.125841
    8    8.000000    0.000000    0.235609    0.000000
    1    1.000000    1.431940   -0.884577    0.000000
    1    1.000000   -1.431940   -1.000295    0.000000
  6.39285E-03  6.62829E-03  6.87140E-03  7.12219E-03  7.38063E-03  7.64667E-03
       .            .            .            .            .            .
       .            .            .            .            .            .
       .            .            .            .            .            .
 -6.74495E-03 -6.62885E-03 -6.51260E-03 -6.39637E-03 -6.28031E-03 -6.16458E-03

512000 out of 512000 gridpoints are considered (100.0%).

...done!

Reading "/home/boittier/esp_check/quadrupole_expansion.cube"...

  Fitted ESP
  Electrostatic potential fitted from quadrupole expansion.
    3   -4.970736   -4.735127   -4.970736
   80    0.125841    0.000000    0.000000
   80    0.000000    0.125841    0.000000
   80    0.000000    0.000000    0.125841
    8    8.000000    0.000000    0.235609    0.000000
    1    1.000000    1.431940   -0.884577    0.000000
    1    1.000000   -1.431940   -1.000295    0.000000
  6.33241E-03  6.56134E-03  6.79751E-03  7.04091E-03  7.29151E-03  7.54924E-03
       .            .            .            .            .            .
       .            .            .            .            .            .
       .            .            .            .            .            .
 -6.68983E-03 -6.57889E-03 -6.46752E-03 -6.35589E-03 -6.24414E-03 -6.13244E-03

512000 out of 512000 gridpoints are considered (100.0%).

...done!

                       Measure       RMSE[kcal/mol/e]   MaxError[kcal/mol/e]   NPoints
                         Total        6.696987082E-01        4.727217083E+00    406476
Close (  1.20 < r <   1.66 )          1.056021956E+00        4.727217083E+00    143802
Mid-range ( 1.66 < r <  2.20)         3.291579622E-01        1.070782158E+00    194056
Far-range (  2.20         < r)        1.153219144E-01        3.253636597E-01     68618
Did analysis and wrote slice data
