/home/boittier/esp_check
h2o_1775
/data/boittier/energies/h2o_geom.xyz.dir
Read multipoles for 3 atoms with max. rank 2
Running in generate mode

Reading "/data/boittier/energies/h2o_geom.xyz.dir/h2o_1775.chk.fchk.potential.cube"...

  h2o Potential=SCF
  Electrostatic potential from Total SCF Density
    3   -4.970736   -4.757968   -4.970736
   80    0.125841    0.000000    0.000000
   80    0.000000    0.125841    0.000000
   80    0.000000    0.000000    0.125841
    8    8.000000    0.000000    0.212767    0.000000
    1    1.000000    1.483807   -0.826986    0.000000
    1    1.000000   -1.483807   -0.875153    0.000000
  1.64741E-02  1.65929E-02  1.66828E-02  1.67432E-02  1.67736E-02  1.67736E-02
       .            .            .            .            .            .
       .            .            .            .            .            .
       .            .            .            .            .            .
 -8.38342E-03 -8.38000E-03 -8.37316E-03 -8.36285E-03 -8.34905E-03 -8.33170E-03

337913 out of 512000 gridpoints are considered ( 66.0%).

...done!

 writing cube file quadrupole_expansion.cube                                                                                                                                                                                                                                                                                                                                                                                                                                                                                                                                                                                                                                                                                                                                                                                                                                                                                                                                                                                                                                       
Written cubefile and slice data
Running in analysis mode

Reading "/data/boittier/energies/h2o_geom.xyz.dir/h2o_1775.chk.fchk.potential.cube"...

  h2o Potential=SCF
  Electrostatic potential from Total SCF Density
    3   -4.970736   -4.757968   -4.970736
   80    0.125841    0.000000    0.000000
   80    0.000000    0.125841    0.000000
   80    0.000000    0.000000    0.125841
    8    8.000000    0.000000    0.212767    0.000000
    1    1.000000    1.483807   -0.826986    0.000000
    1    1.000000   -1.483807   -0.875153    0.000000
  5.99112E-03  6.21311E-03  6.44231E-03  6.67874E-03  6.92234E-03  7.17306E-03
       .            .            .            .            .            .
       .            .            .            .            .            .
       .            .            .            .            .            .
 -6.44088E-03 -6.33096E-03 -6.22086E-03 -6.11072E-03 -6.00069E-03 -5.89092E-03

512000 out of 512000 gridpoints are considered (100.0%).

...done!

Reading "/home/boittier/esp_check/quadrupole_expansion.cube"...

  Fitted ESP
  Electrostatic potential fitted from quadrupole expansion.
    3   -4.970736   -4.757968   -4.970736
   80    0.125841    0.000000    0.000000
   80    0.000000    0.125841    0.000000
   80    0.000000    0.000000    0.125841
    8    8.000000    0.000000    0.212767    0.000000
    1    1.000000    1.483807   -0.826986    0.000000
    1    1.000000   -1.483807   -0.875153    0.000000
  5.92655E-03  6.14203E-03  6.36429E-03  6.59333E-03  6.82911E-03  7.07156E-03
       .            .            .            .            .            .
       .            .            .            .            .            .
       .            .            .            .            .            .
 -6.38000E-03 -6.27545E-03 -6.17041E-03 -6.06504E-03 -5.95949E-03 -5.85393E-03

512000 out of 512000 gridpoints are considered (100.0%).

...done!

                       Measure       RMSE[kcal/mol/e]   MaxError[kcal/mol/e]   NPoints
                         Total        6.955261195E-01        4.687997741E+00    407155
Close (  1.20 < r <   1.66 )          1.099596935E+00        4.687997741E+00    143103
Mid-range ( 1.66 < r <  2.20)         3.428963147E-01        1.127069757E+00    194810
Far-range (  2.20         < r)        1.220123482E-01        3.237258600E-01     69242
Did analysis and wrote slice data
