/home/boittier/esp_check
h2o_1451
/data/boittier/energies/h2o_geom.xyz.dir
Read multipoles for 3 atoms with max. rank 2
Running in generate mode

Reading "/data/boittier/energies/h2o_geom.xyz.dir/h2o_1451.chk.fchk.potential.cube"...

  h2o Potential=SCF
  Electrostatic potential from Total SCF Density
    3   -4.970736   -4.755339   -4.970736
   80    0.125841    0.000000    0.000000
   80    0.000000    0.125841    0.000000
   80    0.000000    0.000000    0.125841
    8    8.000000    0.000000    0.215397    0.000000
    1    1.000000    1.348039   -1.015161    0.000000
    1    1.000000   -1.348039   -0.708015    0.000000
  1.61055E-02  1.61341E-02  1.61341E-02  1.61055E-02  1.57294E-02  1.59288E-02
       .            .            .            .            .            .
       .            .            .            .            .            .
       .            .            .            .            .            .
 -1.03751E-02 -1.03684E-02 -1.03550E-02 -1.03348E-02 -1.03080E-02 -1.02745E-02

339030 out of 512000 gridpoints are considered ( 66.2%).

...done!

 writing cube file quadrupole_expansion.cube                                                                                                                                                                                                                                                                                                                                                                                                                                                                                                                                                                                                                                                                                                                                                                                                                                                                                                                                                                                                                                       
Written cubefile and slice data
Running in analysis mode

Reading "/data/boittier/energies/h2o_geom.xyz.dir/h2o_1451.chk.fchk.potential.cube"...

  h2o Potential=SCF
  Electrostatic potential from Total SCF Density
    3   -4.970736   -4.755339   -4.970736
   80    0.125841    0.000000    0.000000
   80    0.000000    0.125841    0.000000
   80    0.000000    0.000000    0.125841
    8    8.000000    0.000000    0.215397    0.000000
    1    1.000000    1.348039   -1.015161    0.000000
    1    1.000000   -1.348039   -0.708015    0.000000
  5.93715E-03  6.14242E-03  6.35372E-03  6.57102E-03  6.79426E-03  7.02332E-03
       .            .            .            .            .            .
       .            .            .            .            .            .
       .            .            .            .            .            .
 -7.12656E-03 -6.99464E-03 -6.86297E-03 -6.73172E-03 -6.60107E-03 -6.47116E-03

512000 out of 512000 gridpoints are considered (100.0%).

...done!

Reading "/home/boittier/esp_check/quadrupole_expansion.cube"...

  Fitted ESP
  Electrostatic potential fitted from quadrupole expansion.
    3   -4.970736   -4.755339   -4.970736
   80    0.125841    0.000000    0.000000
   80    0.000000    0.125841    0.000000
   80    0.000000    0.000000    0.125841
    8    8.000000    0.000000    0.215397    0.000000
    1    1.000000    1.348039   -1.015161    0.000000
    1    1.000000   -1.348039   -0.708015    0.000000
  5.89370E-03  6.09368E-03  6.29933E-03  6.51060E-03  6.72741E-03  6.94965E-03
       .            .            .            .            .            .
       .            .            .            .            .            .
       .            .            .            .            .            .
 -7.09120E-03 -6.96358E-03 -6.83595E-03 -6.70847E-03 -6.58133E-03 -6.45468E-03

512000 out of 512000 gridpoints are considered (100.0%).

...done!

                       Measure       RMSE[kcal/mol/e]   MaxError[kcal/mol/e]   NPoints
                         Total        6.724065871E-01        4.676263314E+00    409306
Close (  1.20 < r <   1.66 )          1.068279645E+00        4.676263314E+00    142173
Mid-range ( 1.66 < r <  2.20)         3.328772448E-01        1.045688054E+00    196857
Far-range (  2.20         < r)        1.190323725E-01        3.316764049E-01     70276
Did analysis and wrote slice data
