/home/boittier/esp_check
h2o_94
/data/boittier/energies/h2o_geom.xyz.dir
Read multipoles for 3 atoms with max. rank 2
Running in generate mode

Reading "/data/boittier/energies/h2o_geom.xyz.dir/h2o_94.chk.fchk.potential.cube"...

  h2o Potential=SCF
  Electrostatic potential from Total SCF Density
    3   -4.970736   -4.753374   -4.970736
   80    0.125841    0.000000    0.000000
   80    0.000000    0.125841    0.000000
   80    0.000000    0.000000    0.125841
    8    8.000000    0.000000    0.217361    0.000000
    1    1.000000    1.456144   -0.857491    0.000000
    1    1.000000   -1.456144   -0.881401    0.000000
  1.64840E-02  1.66017E-02  1.66908E-02  1.67506E-02  1.67806E-02  1.67806E-02
       .            .            .            .            .            .
       .            .            .            .            .            .
       .            .            .            .            .            .
 -8.75280E-03 -8.74880E-03 -8.74080E-03 -8.72876E-03 -8.71268E-03 -8.69250E-03

338114 out of 512000 gridpoints are considered ( 66.0%).

...done!

 writing cube file quadrupole_expansion.cube                                                                                                                                                                                                                                                                                                                                                                                                                                                                                                                                                                                                                                                                                                                                                                                                                                                                                                                                                                                                                                       
Written cubefile and slice data
Running in analysis mode

Reading "/data/boittier/energies/h2o_geom.xyz.dir/h2o_94.chk.fchk.potential.cube"...

  h2o Potential=SCF
  Electrostatic potential from Total SCF Density
    3   -4.970736   -4.753374   -4.970736
   80    0.125841    0.000000    0.000000
   80    0.000000    0.125841    0.000000
   80    0.000000    0.000000    0.125841
    8    8.000000    0.000000    0.217361    0.000000
    1    1.000000    1.456144   -0.857491    0.000000
    1    1.000000   -1.456144   -0.881401    0.000000
  6.06572E-03  6.28827E-03  6.51798E-03  6.75483E-03  6.99880E-03  7.24980E-03
       .            .            .            .            .            .
       .            .            .            .            .            .
       .            .            .            .            .            .
 -6.57893E-03 -6.46518E-03 -6.35131E-03 -6.23746E-03 -6.12380E-03 -6.01047E-03

512000 out of 512000 gridpoints are considered (100.0%).

...done!

Reading "/home/boittier/esp_check/quadrupole_expansion.cube"...

  Fitted ESP
  Electrostatic potential fitted from quadrupole expansion.
    3   -4.970736   -4.753374   -4.970736
   80    0.125841    0.000000    0.000000
   80    0.000000    0.125841    0.000000
   80    0.000000    0.000000    0.125841
    8    8.000000    0.000000    0.217361    0.000000
    1    1.000000    1.456144   -0.857491    0.000000
    1    1.000000   -1.456144   -0.881401    0.000000
  6.00386E-03  6.22002E-03  6.44290E-03  6.67249E-03  6.90876E-03  7.15161E-03
       .            .            .            .            .            .
       .            .            .            .            .            .
       .            .            .            .            .            .
 -6.52145E-03 -6.41294E-03 -6.30401E-03 -6.19483E-03 -6.08554E-03 -5.97631E-03

512000 out of 512000 gridpoints are considered (100.0%).

...done!

                       Measure       RMSE[kcal/mol/e]   MaxError[kcal/mol/e]   NPoints
                         Total        6.887095717E-01        4.693457073E+00    407380
Close (  1.20 < r <   1.66 )          1.089073439E+00        4.693457073E+00    143088
Mid-range ( 1.66 < r <  2.20)         3.397122413E-01        1.095317778E+00    195026
Far-range (  2.20         < r)        1.206356858E-01        3.224896663E-01     69266
Did analysis and wrote slice data
