/home/boittier/esp_check
h2o_507
/data/boittier/energies/h2o_geom.xyz.dir
Read multipoles for 3 atoms with max. rank 2
Running in generate mode

Reading "/data/boittier/energies/h2o_geom.xyz.dir/h2o_507.chk.fchk.potential.cube"...

  h2o Potential=SCF
  Electrostatic potential from Total SCF Density
    3   -4.970736   -4.746526   -4.970736
   80    0.125841    0.000000    0.000000
   80    0.000000    0.125841    0.000000
   80    0.000000    0.000000    0.125841
    8    8.000000    0.000000    0.224209    0.000000
    1    1.000000    1.427102   -0.894091    0.000000
    1    1.000000   -1.427102   -0.899583    0.000000
  1.67247E-02  1.68137E-02  1.68735E-02  1.69035E-02  1.69035E-02  1.68735E-02
       .            .            .            .            .            .
       .            .            .            .            .            .
       .            .            .            .            .            .
 -9.16984E-03 -9.16523E-03 -9.15599E-03 -9.14212E-03 -9.12360E-03 -9.10042E-03

338202 out of 512000 gridpoints are considered ( 66.1%).

...done!

 writing cube file quadrupole_expansion.cube                                                                                                                                                                                                                                                                                                                                                                                                                                                                                                                                                                                                                                                                                                                                                                                                                                                                                                                                                                                                                                       
Written cubefile and slice data
Running in analysis mode

Reading "/data/boittier/energies/h2o_geom.xyz.dir/h2o_507.chk.fchk.potential.cube"...

  h2o Potential=SCF
  Electrostatic potential from Total SCF Density
    3   -4.970736   -4.746526   -4.970736
   80    0.125841    0.000000    0.000000
   80    0.000000    0.125841    0.000000
   80    0.000000    0.000000    0.125841
    8    8.000000    0.000000    0.224209    0.000000
    1    1.000000    1.427102   -0.894091    0.000000
    1    1.000000   -1.427102   -0.899583    0.000000
  6.17977E-03  6.40442E-03  6.63623E-03  6.87518E-03  7.12123E-03  7.37431E-03
       .            .            .            .            .            .
       .            .            .            .            .            .
       .            .            .            .            .            .
 -6.74307E-03 -6.62512E-03 -6.50710E-03 -6.38918E-03 -6.27152E-03 -6.15425E-03

512000 out of 512000 gridpoints are considered (100.0%).

...done!

Reading "/home/boittier/esp_check/quadrupole_expansion.cube"...

  Fitted ESP
  Electrostatic potential fitted from quadrupole expansion.
    3   -4.970736   -4.746526   -4.970736
   80    0.125841    0.000000    0.000000
   80    0.000000    0.125841    0.000000
   80    0.000000    0.000000    0.125841
    8    8.000000    0.000000    0.224209    0.000000
    1    1.000000    1.427102   -0.894091    0.000000
    1    1.000000   -1.427102   -0.899583    0.000000
  6.12092E-03  6.33929E-03  6.56438E-03  6.79618E-03  7.03465E-03  7.27970E-03
       .            .            .            .            .            .
       .            .            .            .            .            .
       .            .            .            .            .            .
 -6.68958E-03 -6.57674E-03 -6.46353E-03 -6.35013E-03 -6.23671E-03 -6.12341E-03

512000 out of 512000 gridpoints are considered (100.0%).

...done!

                       Measure       RMSE[kcal/mol/e]   MaxError[kcal/mol/e]   NPoints
                         Total        6.788978816E-01        4.702869715E+00    407412
Close (  1.20 < r <   1.66 )          1.073202626E+00        4.702869715E+00    143212
Mid-range ( 1.66 < r <  2.20)         3.348186768E-01        1.067142603E+00    194990
Far-range (  2.20         < r)        1.184877190E-01        3.213538742E-01     69210
Did analysis and wrote slice data
