/home/boittier/esp_check
h2o_1016
/data/boittier/energies/h2o_geom.xyz.dir
Read multipoles for 3 atoms with max. rank 2
Running in generate mode

Reading "/data/boittier/energies/h2o_geom.xyz.dir/h2o_1016.chk.fchk.potential.cube"...

  h2o Potential=SCF
  Electrostatic potential from Total SCF Density
    3   -4.970736   -4.757045   -4.970736
   80    0.125841    0.000000    0.000000
   80    0.000000    0.125841    0.000000
   80    0.000000    0.000000    0.125841
    8    8.000000    0.000000    0.213691    0.000000
    1    1.000000    1.429565   -0.897305    0.000000
    1    1.000000   -1.429565   -0.812221    0.000000
  1.61677E-02  1.63131E-02  1.64309E-02  1.65202E-02  1.65801E-02  1.66102E-02
       .            .            .            .            .            .
       .            .            .            .            .            .
       .            .            .            .            .            .
 -9.16877E-03 -9.16402E-03 -9.15450E-03 -9.14021E-03 -9.12114E-03 -9.09728E-03

338399 out of 512000 gridpoints are considered ( 66.1%).

...done!

 writing cube file quadrupole_expansion.cube                                                                                                                                                                                                                                                                                                                                                                                                                                                                                                                                                                                                                                                                                                                                                                                                                                                                                                                                                                                                                                       
Written cubefile and slice data
Running in analysis mode

Reading "/data/boittier/energies/h2o_geom.xyz.dir/h2o_1016.chk.fchk.potential.cube"...

  h2o Potential=SCF
  Electrostatic potential from Total SCF Density
    3   -4.970736   -4.757045   -4.970736
   80    0.125841    0.000000    0.000000
   80    0.000000    0.125841    0.000000
   80    0.000000    0.000000    0.125841
    8    8.000000    0.000000    0.213691    0.000000
    1    1.000000    1.429565   -0.897305    0.000000
    1    1.000000   -1.429565   -0.812221    0.000000
  5.95941E-03  6.17422E-03  6.39575E-03  6.62398E-03  6.85887E-03  7.10034E-03
       .            .            .            .            .            .
       .            .            .            .            .            .
       .            .            .            .            .            .
 -6.70675E-03 -6.58807E-03 -6.46938E-03 -6.35085E-03 -6.23262E-03 -6.11484E-03

512000 out of 512000 gridpoints are considered (100.0%).

...done!

Reading "/home/boittier/esp_check/quadrupole_expansion.cube"...

  Fitted ESP
  Electrostatic potential fitted from quadrupole expansion.
    3   -4.970736   -4.757045   -4.970736
   80    0.125841    0.000000    0.000000
   80    0.000000    0.125841    0.000000
   80    0.000000    0.000000    0.125841
    8    8.000000    0.000000    0.213691    0.000000
    1    1.000000    1.429565   -0.897305    0.000000
    1    1.000000   -1.429565   -0.812221    0.000000
  5.90248E-03  6.11122E-03  6.32626E-03  6.54760E-03  6.77516E-03  7.00887E-03
       .            .            .            .            .            .
       .            .            .            .            .            .
       .            .            .            .            .            .
 -6.65512E-03 -6.54144E-03 -6.42745E-03 -6.31333E-03 -6.19925E-03 -6.08536E-03

512000 out of 512000 gridpoints are considered (100.0%).

...done!

                       Measure       RMSE[kcal/mol/e]   MaxError[kcal/mol/e]   NPoints
                         Total        6.872875161E-01        4.677769337E+00    408078
Close (  1.20 < r <   1.66 )          1.088587639E+00        4.677769337E+00    142764
Mid-range ( 1.66 < r <  2.20)         3.395774956E-01        1.080822309E+00    195635
Far-range (  2.20         < r)        1.211999492E-01        3.228410716E-01     69679
Did analysis and wrote slice data
