/home/boittier/esp_check
h2o_1217
/data/boittier/energies/h2o_geom.xyz.dir
Read multipoles for 3 atoms with max. rank 2
Running in generate mode

Reading "/data/boittier/energies/h2o_geom.xyz.dir/h2o_1217.chk.fchk.potential.cube"...

  h2o Potential=SCF
  Electrostatic potential from Total SCF Density
    3   -4.970736   -4.743459   -4.970736
   80    0.125841    0.000000    0.000000
   80    0.000000    0.125841    0.000000
   80    0.000000    0.000000    0.125841
    8    8.000000    0.000000    0.227276    0.000000
    1    1.000000    1.522881   -0.761169    0.000000
    1    1.000000   -1.522881   -1.057042    0.000000
  1.71209E-02  1.72418E-02  1.73334E-02  1.73949E-02  1.74258E-02  1.74258E-02
       .            .            .            .            .            .
       .            .            .            .            .            .
       .            .            .            .            .            .
 -7.68398E-03 -7.68194E-03 -7.67785E-03 -7.67165E-03 -7.66326E-03 -7.65261E-03

337162 out of 512000 gridpoints are considered ( 65.9%).

...done!

 writing cube file quadrupole_expansion.cube                                                                                                                                                                                                                                                                                                                                                                                                                                                                                                                                                                                                                                                                                                                                                                                                                                                                                                                                                                                                                                       
Written cubefile and slice data
Running in analysis mode

Reading "/data/boittier/energies/h2o_geom.xyz.dir/h2o_1217.chk.fchk.potential.cube"...

  h2o Potential=SCF
  Electrostatic potential from Total SCF Density
    3   -4.970736   -4.743459   -4.970736
   80    0.125841    0.000000    0.000000
   80    0.000000    0.125841    0.000000
   80    0.000000    0.000000    0.125841
    8    8.000000    0.000000    0.227276    0.000000
    1    1.000000    1.522881   -0.761169    0.000000
    1    1.000000   -1.522881   -1.057042    0.000000
  6.33604E-03  6.57928E-03  6.83087E-03  7.09086E-03  7.35923E-03  7.63596E-03
       .            .            .            .            .            .
       .            .            .            .            .            .
       .            .            .            .            .            .
 -6.24678E-03 -6.14591E-03 -6.04460E-03 -5.94301E-03 -5.84127E-03 -5.73954E-03

512000 out of 512000 gridpoints are considered (100.0%).

...done!

Reading "/home/boittier/esp_check/quadrupole_expansion.cube"...

  Fitted ESP
  Electrostatic potential fitted from quadrupole expansion.
    3   -4.970736   -4.743459   -4.970736
   80    0.125841    0.000000    0.000000
   80    0.000000    0.125841    0.000000
   80    0.000000    0.000000    0.125841
    8    8.000000    0.000000    0.227276    0.000000
    1    1.000000    1.522881   -0.761169    0.000000
    1    1.000000   -1.522881   -1.057042    0.000000
  6.26451E-03  6.50071E-03  6.74480E-03  6.99680E-03  7.25672E-03  7.52451E-03
       .            .            .            .            .            .
       .            .            .            .            .            .
       .            .            .            .            .            .
 -6.17727E-03 -6.08208E-03 -5.98615E-03 -5.88963E-03 -5.79269E-03 -5.69546E-03

512000 out of 512000 gridpoints are considered (100.0%).

...done!

                       Measure       RMSE[kcal/mol/e]   MaxError[kcal/mol/e]   NPoints
                         Total        6.897273877E-01        4.708956557E+00    405348
Close (  1.20 < r <   1.66 )          1.085003231E+00        4.708956557E+00    144250
Mid-range ( 1.66 < r <  2.20)         3.381564359E-01        1.132905595E+00    192912
Far-range (  2.20         < r)        1.185663660E-01        3.317517061E-01     68186
Did analysis and wrote slice data
