/home/boittier/esp_check
h2o_172
/data/boittier/energies/h2o_geom.xyz.dir
Read multipoles for 3 atoms with max. rank 2
Running in generate mode

Reading "/data/boittier/energies/h2o_geom.xyz.dir/h2o_172.chk.fchk.potential.cube"...

  h2o Potential=SCF
  Electrostatic potential from Total SCF Density
    3   -4.970736   -4.751724   -4.970736
   80    0.125841    0.000000    0.000000
   80    0.000000    0.125841    0.000000
   80    0.000000    0.000000    0.125841
    8    8.000000    0.000000    0.219012    0.000000
    1    1.000000    1.429341   -0.895278    0.000000
    1    1.000000   -1.429341   -0.856814    0.000000
  1.63748E-02  1.65521E-02  1.67023E-02  1.68240E-02  1.69162E-02  1.69782E-02
       .            .            .            .            .            .
       .            .            .            .            .            .
       .            .            .            .            .            .
 -9.16429E-03 -9.15962E-03 -9.15027E-03 -9.13622E-03 -9.11748E-03 -9.09402E-03

338279 out of 512000 gridpoints are considered ( 66.1%).

...done!

 writing cube file quadrupole_expansion.cube                                                                                                                                                                                                                                                                                                                                                                                                                                                                                                                                                                                                                                                                                                                                                                                                                                                                                                                                                                                                                                       
Written cubefile and slice data
Running in analysis mode

Reading "/data/boittier/energies/h2o_geom.xyz.dir/h2o_172.chk.fchk.potential.cube"...

  h2o Potential=SCF
  Electrostatic potential from Total SCF Density
    3   -4.970736   -4.751724   -4.970736
   80    0.125841    0.000000    0.000000
   80    0.000000    0.125841    0.000000
   80    0.000000    0.000000    0.125841
    8    8.000000    0.000000    0.219012    0.000000
    1    1.000000    1.429341   -0.895278    0.000000
    1    1.000000   -1.429341   -0.856814    0.000000
  6.07352E-03  6.29345E-03  6.52032E-03  6.75412E-03  6.99481E-03  7.24231E-03
       .            .            .            .            .            .
       .            .            .            .            .            .
       .            .            .            .            .            .
 -6.72439E-03 -6.60614E-03 -6.48784E-03 -6.36966E-03 -6.25177E-03 -6.13429E-03

512000 out of 512000 gridpoints are considered (100.0%).

...done!

Reading "/home/boittier/esp_check/quadrupole_expansion.cube"...

  Fitted ESP
  Electrostatic potential fitted from quadrupole expansion.
    3   -4.970736   -4.751724   -4.970736
   80    0.125841    0.000000    0.000000
   80    0.000000    0.125841    0.000000
   80    0.000000    0.000000    0.125841
    8    8.000000    0.000000    0.219012    0.000000
    1    1.000000    1.429341   -0.895278    0.000000
    1    1.000000   -1.429341   -0.856814    0.000000
  6.01541E-03  6.22915E-03  6.44941E-03  6.67617E-03  6.90939E-03  7.14898E-03
       .            .            .            .            .            .
       .            .            .            .            .            .
       .            .            .            .            .            .
 -6.67162E-03 -6.55842E-03 -6.44489E-03 -6.33120E-03 -6.21751E-03 -6.10397E-03

512000 out of 512000 gridpoints are considered (100.0%).

...done!

                       Measure       RMSE[kcal/mol/e]   MaxError[kcal/mol/e]   NPoints
                         Total        6.834321345E-01        4.691951051E+00    407734
Close (  1.20 < r <   1.66 )          1.081420535E+00        4.691951051E+00    142986
Mid-range ( 1.66 < r <  2.20)         3.373612022E-01        1.069213384E+00    195293
Far-range (  2.20         < r)        1.199605572E-01        3.200298292E-01     69455
Did analysis and wrote slice data
