/home/boittier/esp_check
h2o_594
/data/boittier/energies/h2o_geom.xyz.dir
Read multipoles for 3 atoms with max. rank 2
Running in generate mode

Reading "/data/boittier/energies/h2o_geom.xyz.dir/h2o_594.chk.fchk.potential.cube"...

  h2o Potential=SCF
  Electrostatic potential from Total SCF Density
    3   -4.970736   -4.748151   -4.970736
   80    0.125841    0.000000    0.000000
   80    0.000000    0.125841    0.000000
   80    0.000000    0.000000    0.125841
    8    8.000000    0.000000    0.222585    0.000000
    1    1.000000    1.432299   -0.888290    0.000000
    1    1.000000   -1.432299   -0.892388    0.000000
  1.66707E-02  1.67594E-02  1.68190E-02  1.68490E-02  1.68490E-02  1.68190E-02
       .            .            .            .            .            .
       .            .            .            .            .            .
       .            .            .            .            .            .
 -9.10197E-03 -9.09744E-03 -9.08839E-03 -9.07480E-03 -9.05665E-03 -9.03393E-03

338188 out of 512000 gridpoints are considered ( 66.1%).

...done!

 writing cube file quadrupole_expansion.cube                                                                                                                                                                                                                                                                                                                                                                                                                                                                                                                                                                                                                                                                                                                                                                                                                                                                                                                                                                                                                                       
Written cubefile and slice data
Running in analysis mode

Reading "/data/boittier/energies/h2o_geom.xyz.dir/h2o_594.chk.fchk.potential.cube"...

  h2o Potential=SCF
  Electrostatic potential from Total SCF Density
    3   -4.970736   -4.748151   -4.970736
   80    0.125841    0.000000    0.000000
   80    0.000000    0.125841    0.000000
   80    0.000000    0.000000    0.125841
    8    8.000000    0.000000    0.222585    0.000000
    1    1.000000    1.432299   -0.888290    0.000000
    1    1.000000   -1.432299   -0.892388    0.000000
  6.15079E-03  6.37465E-03  6.60564E-03  6.84375E-03  7.08895E-03  7.34115E-03
       .            .            .            .            .            .
       .            .            .            .            .            .
       .            .            .            .            .            .
 -6.71480E-03 -6.59749E-03 -6.48011E-03 -6.36282E-03 -6.24578E-03 -6.12912E-03

512000 out of 512000 gridpoints are considered (100.0%).

...done!

Reading "/home/boittier/esp_check/quadrupole_expansion.cube"...

  Fitted ESP
  Electrostatic potential fitted from quadrupole expansion.
    3   -4.970736   -4.748151   -4.970736
   80    0.125841    0.000000    0.000000
   80    0.000000    0.125841    0.000000
   80    0.000000    0.000000    0.125841
    8    8.000000    0.000000    0.222585    0.000000
    1    1.000000    1.432299   -0.888290    0.000000
    1    1.000000   -1.432299   -0.892388    0.000000
  6.09151E-03  6.30907E-03  6.53333E-03  6.76429E-03  7.00189E-03  7.24606E-03
       .            .            .            .            .            .
       .            .            .            .            .            .
       .            .            .            .            .            .
 -6.66071E-03 -6.54852E-03 -6.43598E-03 -6.32323E-03 -6.21044E-03 -6.09778E-03

512000 out of 512000 gridpoints are considered (100.0%).

...done!

                       Measure       RMSE[kcal/mol/e]   MaxError[kcal/mol/e]   NPoints
                         Total        6.810941577E-01        4.700171425E+00    407430
Close (  1.20 < r <   1.66 )          1.076742329E+00        4.700171425E+00    143196
Mid-range ( 1.66 < r <  2.20)         3.359246745E-01        1.069840894E+00    194992
Far-range (  2.20         < r)        1.190114546E-01        3.214229002E-01     69242
Did analysis and wrote slice data
