/home/boittier/esp_check
h2o_98
/data/boittier/energies/h2o_geom.xyz.dir
Read multipoles for 3 atoms with max. rank 2
Running in generate mode

Reading "/data/boittier/energies/h2o_geom.xyz.dir/h2o_98.chk.fchk.potential.cube"...

  h2o Potential=SCF
  Electrostatic potential from Total SCF Density
    3   -4.970736   -4.745308   -4.970736
   80    0.125841    0.000000    0.000000
   80    0.000000    0.125841    0.000000
   80    0.000000    0.000000    0.125841
    8    8.000000    0.000000    0.225428    0.000000
    1    1.000000    1.442734   -0.870686    0.000000
    1    1.000000   -1.442734   -0.932739    0.000000
  1.67481E-02  1.68977E-02  1.70189E-02  1.71107E-02  1.71724E-02  1.72034E-02
       .            .            .            .            .            .
       .            .            .            .            .            .
       .            .            .            .            .            .
 -8.92221E-03 -8.91803E-03 -8.90965E-03 -8.89706E-03 -8.88023E-03 -8.85914E-03

338039 out of 512000 gridpoints are considered ( 66.0%).

...done!

 writing cube file quadrupole_expansion.cube                                                                                                                                                                                                                                                                                                                                                                                                                                                                                                                                                                                                                                                                                                                                                                                                                                                                                                                                                                                                                                       
Written cubefile and slice data
Running in analysis mode

Reading "/data/boittier/energies/h2o_geom.xyz.dir/h2o_98.chk.fchk.potential.cube"...

  h2o Potential=SCF
  Electrostatic potential from Total SCF Density
    3   -4.970736   -4.745308   -4.970736
   80    0.125841    0.000000    0.000000
   80    0.000000    0.125841    0.000000
   80    0.000000    0.000000    0.125841
    8    8.000000    0.000000    0.225428    0.000000
    1    1.000000    1.442734   -0.870686    0.000000
    1    1.000000   -1.442734   -0.932739    0.000000
  6.21774E-03  6.44598E-03  6.68159E-03  6.92457E-03  7.17489E-03  7.43247E-03
       .            .            .            .            .            .
       .            .            .            .            .            .
       .            .            .            .            .            .
 -6.66179E-03 -6.54672E-03 -6.43151E-03 -6.31633E-03 -6.20134E-03 -6.08667E-03

512000 out of 512000 gridpoints are considered (100.0%).

...done!

Reading "/home/boittier/esp_check/quadrupole_expansion.cube"...

  Fitted ESP
  Electrostatic potential fitted from quadrupole expansion.
    3   -4.970736   -4.745308   -4.970736
   80    0.125841    0.000000    0.000000
   80    0.000000    0.125841    0.000000
   80    0.000000    0.000000    0.125841
    8    8.000000    0.000000    0.225428    0.000000
    1    1.000000    1.442734   -0.870686    0.000000
    1    1.000000   -1.442734   -0.932739    0.000000
  6.15646E-03  6.37825E-03  6.60699E-03  6.84265E-03  7.08520E-03  7.33457E-03
       .            .            .            .            .            .
       .            .            .            .            .            .
       .            .            .            .            .            .
 -6.60527E-03 -6.49542E-03 -6.38513E-03 -6.27459E-03 -6.16395E-03 -6.05337E-03

512000 out of 512000 gridpoints are considered (100.0%).

...done!

                       Measure       RMSE[kcal/mol/e]   MaxError[kcal/mol/e]   NPoints
                         Total        6.803965749E-01        4.710776335E+00    407045
Close (  1.20 < r <   1.66 )          1.074707341E+00        4.710776335E+00    143364
Mid-range ( 1.66 < r <  2.20)         3.352908098E-01        1.077496509E+00    194675
Far-range (  2.20         < r)        1.183796064E-01        3.236066332E-01     69006
Did analysis and wrote slice data
