/home/boittier/esp_check
h2o_660
/data/boittier/energies/h2o_geom.xyz.dir
Read multipoles for 3 atoms with max. rank 2
Running in generate mode

Reading "/data/boittier/energies/h2o_geom.xyz.dir/h2o_660.chk.fchk.potential.cube"...

  h2o Potential=SCF
  Electrostatic potential from Total SCF Density
    3   -4.970736   -4.755149   -4.970736
   80    0.125841    0.000000    0.000000
   80    0.000000    0.125841    0.000000
   80    0.000000    0.000000    0.125841
    8    8.000000    0.000000    0.215586    0.000000
    1    1.000000    1.483314   -0.822845    0.000000
    1    1.000000   -1.483314   -0.901845    0.000000
  1.65555E-02  1.67049E-02  1.68260E-02  1.69177E-02  1.69793E-02  1.70103E-02
       .            .            .            .            .            .
       .            .            .            .            .            .
       .            .            .            .            .            .
 -8.35658E-03 -8.35324E-03 -8.34656E-03 -8.33649E-03 -8.32300E-03 -8.30604E-03

337826 out of 512000 gridpoints are considered ( 66.0%).

...done!

 writing cube file quadrupole_expansion.cube                                                                                                                                                                                                                                                                                                                                                                                                                                                                                                                                                                                                                                                                                                                                                                                                                                                                                                                                                                                                                                       
Written cubefile and slice data
Running in analysis mode

Reading "/data/boittier/energies/h2o_geom.xyz.dir/h2o_660.chk.fchk.potential.cube"...

  h2o Potential=SCF
  Electrostatic potential from Total SCF Density
    3   -4.970736   -4.755149   -4.970736
   80    0.125841    0.000000    0.000000
   80    0.000000    0.125841    0.000000
   80    0.000000    0.000000    0.125841
    8    8.000000    0.000000    0.215586    0.000000
    1    1.000000    1.483314   -0.822845    0.000000
    1    1.000000   -1.483314   -0.901845    0.000000
  6.05579E-03  6.28083E-03  6.51321E-03  6.75296E-03  7.00003E-03  7.25437E-03
       .            .            .            .            .            .
       .            .            .            .            .            .
       .            .            .            .            .            .
 -6.44039E-03 -6.33099E-03 -6.22138E-03 -6.11171E-03 -6.00213E-03 -5.89279E-03

512000 out of 512000 gridpoints are considered (100.0%).

...done!

Reading "/home/boittier/esp_check/quadrupole_expansion.cube"...

  Fitted ESP
  Electrostatic potential fitted from quadrupole expansion.
    3   -4.970736   -4.755149   -4.970736
   80    0.125841    0.000000    0.000000
   80    0.000000    0.125841    0.000000
   80    0.000000    0.000000    0.125841
    8    8.000000    0.000000    0.215586    0.000000
    1    1.000000    1.483314   -0.822845    0.000000
    1    1.000000   -1.483314   -0.901845    0.000000
  5.99052E-03  6.20897E-03  6.43435E-03  6.66663E-03  6.90580E-03  7.15177E-03
       .            .            .            .            .            .
       .            .            .            .            .            .
       .            .            .            .            .            .
 -6.37867E-03 -6.27468E-03 -6.17017E-03 -6.06531E-03 -5.96025E-03 -5.85515E-03

512000 out of 512000 gridpoints are considered (100.0%).

...done!

                       Measure       RMSE[kcal/mol/e]   MaxError[kcal/mol/e]   NPoints
                         Total        6.935284357E-01        4.695716107E+00    406960
Close (  1.20 < r <   1.66 )          1.095835043E+00        4.695716107E+00    143208
Mid-range ( 1.66 < r <  2.20)         3.418953008E-01        1.122426187E+00    194618
Far-range (  2.20         < r)        1.214052239E-01        3.247424253E-01     69134
Did analysis and wrote slice data
