/home/boittier/esp_check
h2o_572
/data/boittier/energies/h2o_geom.xyz.dir
Read multipoles for 3 atoms with max. rank 2
Running in generate mode

Reading "/data/boittier/energies/h2o_geom.xyz.dir/h2o_572.chk.fchk.potential.cube"...

  h2o Potential=SCF
  Electrostatic potential from Total SCF Density
    3   -4.970736   -4.745964   -4.970736
   80    0.125841    0.000000    0.000000
   80    0.000000    0.125841    0.000000
   80    0.000000    0.000000    0.125841
    8    8.000000    0.000000    0.224772    0.000000
    1    1.000000    1.429935   -0.890255    0.000000
    1    1.000000   -1.429935   -0.907921    0.000000
  1.66795E-02  1.67979E-02  1.68876E-02  1.69478E-02  1.69780E-02  1.69780E-02
       .            .            .            .            .            .
       .            .            .            .            .            .
       .            .            .            .            .            .
 -9.12896E-03 -9.12442E-03 -9.11533E-03 -9.10169E-03 -9.08347E-03 -9.06066E-03

338161 out of 512000 gridpoints are considered ( 66.0%).

...done!

 writing cube file quadrupole_expansion.cube                                                                                                                                                                                                                                                                                                                                                                                                                                                                                                                                                                                                                                                                                                                                                                                                                                                                                                                                                                                                                                       
Written cubefile and slice data
Running in analysis mode

Reading "/data/boittier/energies/h2o_geom.xyz.dir/h2o_572.chk.fchk.potential.cube"...

  h2o Potential=SCF
  Electrostatic potential from Total SCF Density
    3   -4.970736   -4.745964   -4.970736
   80    0.125841    0.000000    0.000000
   80    0.000000    0.125841    0.000000
   80    0.000000    0.000000    0.125841
    8    8.000000    0.000000    0.224772    0.000000
    1    1.000000    1.429935   -0.890255    0.000000
    1    1.000000   -1.429935   -0.907921    0.000000
  6.19274E-03  6.41831E-03  6.65108E-03  6.89105E-03  7.13817E-03  7.39238E-03
       .            .            .            .            .            .
       .            .            .            .            .            .
       .            .            .            .            .            .
 -6.73095E-03 -6.61350E-03 -6.49596E-03 -6.37852E-03 -6.26131E-03 -6.14449E-03

512000 out of 512000 gridpoints are considered (100.0%).

...done!

Reading "/home/boittier/esp_check/quadrupole_expansion.cube"...

  Fitted ESP
  Electrostatic potential fitted from quadrupole expansion.
    3   -4.970736   -4.745964   -4.970736
   80    0.125841    0.000000    0.000000
   80    0.000000    0.125841    0.000000
   80    0.000000    0.000000    0.125841
    8    8.000000    0.000000    0.224772    0.000000
    1    1.000000    1.429935   -0.890255    0.000000
    1    1.000000   -1.429935   -0.907921    0.000000
  6.13344E-03  6.35269E-03  6.57871E-03  6.81149E-03  7.05099E-03  7.29713E-03
       .            .            .            .            .            .
       .            .            .            .            .            .
       .            .            .            .            .            .
 -6.67692E-03 -6.56459E-03 -6.45189E-03 -6.33899E-03 -6.22604E-03 -6.11321E-03

512000 out of 512000 gridpoints are considered (100.0%).

...done!

                       Measure       RMSE[kcal/mol/e]   MaxError[kcal/mol/e]   NPoints
                         Total        6.787908144E-01        4.705379753E+00    407303
Close (  1.20 < r <   1.66 )          1.072806482E+00        4.705379753E+00    143239
Mid-range ( 1.66 < r <  2.20)         3.347610653E-01        1.069213384E+00    194922
Far-range (  2.20         < r)        1.183243641E-01        3.219186327E-01     69142
Did analysis and wrote slice data
