/home/boittier/esp_check
h2o_778
/data/boittier/energies/h2o_geom.xyz.dir
Read multipoles for 3 atoms with max. rank 2
Running in generate mode

Reading "/data/boittier/energies/h2o_geom.xyz.dir/h2o_778.chk.fchk.potential.cube"...

  h2o Potential=SCF
  Electrostatic potential from Total SCF Density
    3   -4.970736   -4.746996   -4.970736
   80    0.125841    0.000000    0.000000
   80    0.000000    0.125841    0.000000
   80    0.000000    0.000000    0.125841
    8    8.000000    0.000000    0.223740    0.000000
    1    1.000000    1.431829   -0.887928    0.000000
    1    1.000000   -1.431829   -0.901992    0.000000
  1.66321E-02  1.67500E-02  1.68394E-02  1.68994E-02  1.69295E-02  1.69295E-02
       .            .            .            .            .            .
       .            .            .            .            .            .
       .            .            .            .            .            .
 -9.10203E-03 -9.09753E-03 -9.08850E-03 -9.07496E-03 -9.05686E-03 -9.03420E-03

338178 out of 512000 gridpoints are considered ( 66.1%).

...done!

 writing cube file quadrupole_expansion.cube                                                                                                                                                                                                                                                                                                                                                                                                                                                                                                                                                                                                                                                                                                                                                                                                                                                                                                                                                                                                                                       
Written cubefile and slice data
Running in analysis mode

Reading "/data/boittier/energies/h2o_geom.xyz.dir/h2o_778.chk.fchk.potential.cube"...

  h2o Potential=SCF
  Electrostatic potential from Total SCF Density
    3   -4.970736   -4.746996   -4.970736
   80    0.125841    0.000000    0.000000
   80    0.000000    0.125841    0.000000
   80    0.000000    0.000000    0.125841
    8    8.000000    0.000000    0.223740    0.000000
    1    1.000000    1.431829   -0.887928    0.000000
    1    1.000000   -1.431829   -0.901992    0.000000
  6.17404E-03  6.39895E-03  6.63103E-03  6.87029E-03  7.11668E-03  7.37012E-03
       .            .            .            .            .            .
       .            .            .            .            .            .
       .            .            .            .            .            .
 -6.71841E-03 -6.60119E-03 -6.48388E-03 -6.36666E-03 -6.24968E-03 -6.13309E-03

512000 out of 512000 gridpoints are considered (100.0%).

...done!

Reading "/home/boittier/esp_check/quadrupole_expansion.cube"...

  Fitted ESP
  Electrostatic potential fitted from quadrupole expansion.
    3   -4.970736   -4.746996   -4.970736
   80    0.125841    0.000000    0.000000
   80    0.000000    0.125841    0.000000
   80    0.000000    0.000000    0.125841
    8    8.000000    0.000000    0.223740    0.000000
    1    1.000000    1.431829   -0.887928    0.000000
    1    1.000000   -1.431829   -0.901992    0.000000
  6.11461E-03  6.33320E-03  6.55854E-03  6.79061E-03  7.02938E-03  7.27476E-03
       .            .            .            .            .            .
       .            .            .            .            .            .
       .            .            .            .            .            .
 -6.66417E-03 -6.55208E-03 -6.43962E-03 -6.32695E-03 -6.21423E-03 -6.10163E-03

512000 out of 512000 gridpoints are considered (100.0%).

...done!

                       Measure       RMSE[kcal/mol/e]   MaxError[kcal/mol/e]   NPoints
                         Total        6.800165815E-01        4.703308972E+00    407352
Close (  1.20 < r <   1.66 )          1.074825896E+00        4.703308972E+00    143232
Mid-range ( 1.66 < r <  2.20)         3.353685814E-01        1.070091897E+00    194946
Far-range (  2.20         < r)        1.186548324E-01        3.217680304E-01     69174
Did analysis and wrote slice data
