/home/boittier/esp_check
h2o_570
/data/boittier/energies/h2o_geom.xyz.dir
Read multipoles for 3 atoms with max. rank 2
Running in generate mode

Reading "/data/boittier/energies/h2o_geom.xyz.dir/h2o_570.chk.fchk.potential.cube"...

  h2o Potential=SCF
  Electrostatic potential from Total SCF Density
    3   -4.970736   -4.748635   -4.970736
   80    0.125841    0.000000    0.000000
   80    0.000000    0.125841    0.000000
   80    0.000000    0.000000    0.125841
    8    8.000000    0.000000    0.222101    0.000000
    1    1.000000    1.461276   -0.847342    0.000000
    1    1.000000   -1.461276   -0.929465    0.000000
  1.65727E-02  1.67506E-02  1.69013E-02  1.70234E-02  1.71159E-02  1.71780E-02
       .            .            .            .            .            .
       .            .            .            .            .            .
       .            .            .            .            .            .
 -8.65643E-03 -8.65266E-03 -8.64510E-03 -8.63373E-03 -8.61852E-03 -8.59943E-03

337924 out of 512000 gridpoints are considered ( 66.0%).

...done!

 writing cube file quadrupole_expansion.cube                                                                                                                                                                                                                                                                                                                                                                                                                                                                                                                                                                                                                                                                                                                                                                                                                                                                                                                                                                                                                                       
Written cubefile and slice data
Running in analysis mode

Reading "/data/boittier/energies/h2o_geom.xyz.dir/h2o_570.chk.fchk.potential.cube"...

  h2o Potential=SCF
  Electrostatic potential from Total SCF Density
    3   -4.970736   -4.748635   -4.970736
   80    0.125841    0.000000    0.000000
   80    0.000000    0.125841    0.000000
   80    0.000000    0.000000    0.125841
    8    8.000000    0.000000    0.222101    0.000000
    1    1.000000    1.461276   -0.847342    0.000000
    1    1.000000   -1.461276   -0.929465    0.000000
  6.16884E-03  6.39681E-03  6.63221E-03  6.87502E-03  7.12523E-03  7.38277E-03
       .            .            .            .            .            .
       .            .            .            .            .            .
       .            .            .            .            .            .
 -6.56134E-03 -6.44902E-03 -6.33653E-03 -6.22402E-03 -6.11164E-03 -5.99954E-03

512000 out of 512000 gridpoints are considered (100.0%).

...done!

Reading "/home/boittier/esp_check/quadrupole_expansion.cube"...

  Fitted ESP
  Electrostatic potential fitted from quadrupole expansion.
    3   -4.970736   -4.748635   -4.970736
   80    0.125841    0.000000    0.000000
   80    0.000000    0.125841    0.000000
   80    0.000000    0.000000    0.125841
    8    8.000000    0.000000    0.222101    0.000000
    1    1.000000    1.461276   -0.847342    0.000000
    1    1.000000   -1.461276   -0.929465    0.000000
  6.10547E-03  6.32691E-03  6.55534E-03  6.79074E-03  7.03309E-03  7.28230E-03
       .            .            .            .            .            .
       .            .            .            .            .            .
       .            .            .            .            .            .
 -6.50212E-03 -6.39511E-03 -6.28764E-03 -6.17986E-03 -6.07193E-03 -5.96400E-03

512000 out of 512000 gridpoints are considered (100.0%).

...done!

                       Measure       RMSE[kcal/mol/e]   MaxError[kcal/mol/e]   NPoints
                         Total        6.857343007E-01        4.707136780E+00    406936
Close (  1.20 < r <   1.66 )          1.083067866E+00        4.707136780E+00    143334
Mid-range ( 1.66 < r <  2.20)         3.380090716E-01        1.090862461E+00    194590
Far-range (  2.20         < r)        1.195457074E-01        3.245729977E-01     69012
Did analysis and wrote slice data
