/home/boittier/esp_check
h2o_1180
/data/boittier/energies/h2o_geom.xyz.dir
Read multipoles for 3 atoms with max. rank 2
Running in generate mode

Reading "/data/boittier/energies/h2o_geom.xyz.dir/h2o_1180.chk.fchk.potential.cube"...

  h2o Potential=SCF
  Electrostatic potential from Total SCF Density
    3   -4.970736   -4.753759   -4.970736
   80    0.125841    0.000000    0.000000
   80    0.000000    0.125841    0.000000
   80    0.000000    0.000000    0.125841
    8    8.000000    0.000000    0.216977    0.000000
    1    1.000000    1.391626   -0.947817    0.000000
    1    1.000000   -1.391626   -0.787997    0.000000
  1.63484E-02  1.63775E-02  1.63775E-02  1.63484E-02  1.59887E-02  1.61909E-02
       .            .            .            .            .            .
       .            .            .            .            .            .
       .            .            .            .            .            .
 -9.71330E-03 -9.70768E-03 -9.69644E-03 -9.67958E-03 -9.65711E-03 -9.62904E-03

338651 out of 512000 gridpoints are considered ( 66.1%).

...done!

 writing cube file quadrupole_expansion.cube                                                                                                                                                                                                                                                                                                                                                                                                                                                                                                                                                                                                                                                                                                                                                                                                                                                                                                                                                                                                                                       
Written cubefile and slice data
Running in analysis mode

Reading "/data/boittier/energies/h2o_geom.xyz.dir/h2o_1180.chk.fchk.potential.cube"...

  h2o Potential=SCF
  Electrostatic potential from Total SCF Density
    3   -4.970736   -4.753759   -4.970736
   80    0.125841    0.000000    0.000000
   80    0.000000    0.125841    0.000000
   80    0.000000    0.000000    0.125841
    8    8.000000    0.000000    0.216977    0.000000
    1    1.000000    1.391626   -0.947817    0.000000
    1    1.000000   -1.391626   -0.787997    0.000000
  6.00257E-03  6.21530E-03  6.43453E-03  6.66024E-03  6.89237E-03  7.13083E-03
       .            .            .            .            .            .
       .            .            .            .            .            .
       .            .            .            .            .            .
 -6.90408E-03 -6.77957E-03 -6.65515E-03 -6.53099E-03 -6.40726E-03 -6.28411E-03

512000 out of 512000 gridpoints are considered (100.0%).

...done!

Reading "/home/boittier/esp_check/quadrupole_expansion.cube"...

  Fitted ESP
  Electrostatic potential fitted from quadrupole expansion.
    3   -4.970736   -4.753759   -4.970736
   80    0.125841    0.000000    0.000000
   80    0.000000    0.125841    0.000000
   80    0.000000    0.000000    0.125841
    8    8.000000    0.000000    0.216977    0.000000
    1    1.000000    1.391626   -0.947817    0.000000
    1    1.000000   -1.391626   -0.787997    0.000000
  5.95077E-03  6.15770E-03  6.37073E-03  6.58983E-03  6.81494E-03  7.04596E-03
       .            .            .            .            .            .
       .            .            .            .            .            .
       .            .            .            .            .            .
 -6.85881E-03 -6.73904E-03 -6.61908E-03 -6.49911E-03 -6.37929E-03 -6.25979E-03

512000 out of 512000 gridpoints are considered (100.0%).

...done!

                       Measure       RMSE[kcal/mol/e]   MaxError[kcal/mol/e]   NPoints
                         Total        6.788696833E-01        4.673941529E+00    408524
Close (  1.20 < r <   1.66 )          1.076094752E+00        4.673941529E+00    142664
Mid-range ( 1.66 < r <  2.20)         3.355713564E-01        1.052007075E+00    195987
Far-range (  2.20         < r)        1.197657378E-01        3.236568339E-01     69873
Did analysis and wrote slice data
