/home/boittier/esp_check
h2o_1087
/data/boittier/energies/h2o_geom.xyz.dir
Read multipoles for 3 atoms with max. rank 2
Running in generate mode

Reading "/data/boittier/energies/h2o_geom.xyz.dir/h2o_1087.chk.fchk.potential.cube"...

  h2o Potential=SCF
  Electrostatic potential from Total SCF Density
    3   -4.970736   -4.746622   -4.970736
   80    0.125841    0.000000    0.000000
   80    0.000000    0.125841    0.000000
   80    0.000000    0.000000    0.125841
    8    8.000000    0.000000    0.224113    0.000000
    1    1.000000    1.462136   -0.844826    0.000000
    1    1.000000   -1.462136   -0.948079    0.000000
  1.67259E-02  1.69063E-02  1.70590E-02  1.71828E-02  1.72765E-02  1.73395E-02
       .            .            .            .            .            .
       .            .            .            .            .            .
       .            .            .            .            .            .
 -8.63425E-03 -8.63053E-03 -8.62310E-03 -8.61191E-03 -8.59695E-03 -8.57815E-03

337848 out of 512000 gridpoints are considered ( 66.0%).

...done!

 writing cube file quadrupole_expansion.cube                                                                                                                                                                                                                                                                                                                                                                                                                                                                                                                                                                                                                                                                                                                                                                                                                                                                                                                                                                                                                                       
Written cubefile and slice data
Running in analysis mode

Reading "/data/boittier/energies/h2o_geom.xyz.dir/h2o_1087.chk.fchk.potential.cube"...

  h2o Potential=SCF
  Electrostatic potential from Total SCF Density
    3   -4.970736   -4.746622   -4.970736
   80    0.125841    0.000000    0.000000
   80    0.000000    0.125841    0.000000
   80    0.000000    0.000000    0.125841
    8    8.000000    0.000000    0.224113    0.000000
    1    1.000000    1.462136   -0.844826    0.000000
    1    1.000000   -1.462136   -0.948079    0.000000
  6.20971E-03  6.43975E-03  6.67730E-03  6.92238E-03  7.17496E-03  7.43497E-03
       .            .            .            .            .            .
       .            .            .            .            .            .
       .            .            .            .            .            .
 -6.55977E-03 -6.44785E-03 -6.33573E-03 -6.22359E-03 -6.11156E-03 -5.99979E-03

512000 out of 512000 gridpoints are considered (100.0%).

...done!

Reading "/home/boittier/esp_check/quadrupole_expansion.cube"...

  Fitted ESP
  Electrostatic potential fitted from quadrupole expansion.
    3   -4.970736   -4.746622   -4.970736
   80    0.125841    0.000000    0.000000
   80    0.000000    0.125841    0.000000
   80    0.000000    0.000000    0.125841
    8    8.000000    0.000000    0.224113    0.000000
    1    1.000000    1.462136   -0.844826    0.000000
    1    1.000000   -1.462136   -0.948079    0.000000
  6.14596E-03  6.36942E-03  6.59996E-03  6.83758E-03  7.08225E-03  7.33388E-03
       .            .            .            .            .            .
       .            .            .            .            .            .
       .            .            .            .            .            .
 -6.50011E-03 -6.39352E-03 -6.28645E-03 -6.17905E-03 -6.07149E-03 -5.96391E-03

512000 out of 512000 gridpoints are considered (100.0%).

...done!

                       Measure       RMSE[kcal/mol/e]   MaxError[kcal/mol/e]   NPoints
                         Total        6.842850841E-01        4.711466595E+00    406764
Close (  1.20 < r <   1.66 )          1.080307436E+00        4.711466595E+00    143440
Mid-range ( 1.66 < r <  2.20)         3.370521277E-01        1.088603427E+00    194408
Far-range (  2.20         < r)        1.190299804E-01        3.253009087E-01     68916
Did analysis and wrote slice data
