/home/boittier/esp_check
h2o_1303
/data/boittier/energies/h2o_geom.xyz.dir
Read multipoles for 3 atoms with max. rank 2
Running in generate mode

Reading "/data/boittier/energies/h2o_geom.xyz.dir/h2o_1303.chk.fchk.potential.cube"...

  h2o Potential=SCF
  Electrostatic potential from Total SCF Density
    3   -4.970736   -4.735418   -4.970736
   80    0.125841    0.000000    0.000000
   80    0.000000    0.125841    0.000000
   80    0.000000    0.000000    0.125841
    8    8.000000    0.000000    0.235318    0.000000
    1    1.000000    1.434199   -0.880928    0.000000
    1    1.000000   -1.434199   -1.001612    0.000000
  1.71039E-02  1.71938E-02  1.72542E-02  1.72845E-02  1.72845E-02  1.72542E-02
       .            .            .            .            .            .
       .            .            .            .            .            .
       .            .            .            .            .            .
 -9.03933E-03 -9.03507E-03 -9.02653E-03 -9.01369E-03 -8.99654E-03 -8.97505E-03

337861 out of 512000 gridpoints are considered ( 66.0%).

...done!

 writing cube file quadrupole_expansion.cube                                                                                                                                                                                                                                                                                                                                                                                                                                                                                                                                                                                                                                                                                                                                                                                                                                                                                                                                                                                                                                       
Written cubefile and slice data
Running in analysis mode

Reading "/data/boittier/energies/h2o_geom.xyz.dir/h2o_1303.chk.fchk.potential.cube"...

  h2o Potential=SCF
  Electrostatic potential from Total SCF Density
    3   -4.970736   -4.735418   -4.970736
   80    0.125841    0.000000    0.000000
   80    0.000000    0.125841    0.000000
   80    0.000000    0.000000    0.125841
    8    8.000000    0.000000    0.235318    0.000000
    1    1.000000    1.434199   -0.880928    0.000000
    1    1.000000   -1.434199   -1.001612    0.000000
  6.38988E-03  6.62546E-03  6.86872E-03  7.11968E-03  7.37831E-03  7.64454E-03
       .            .            .            .            .            .
       .            .            .            .            .            .
       .            .            .            .            .            .
 -6.73076E-03 -6.61507E-03 -6.49922E-03 -6.38339E-03 -6.26772E-03 -6.15236E-03

512000 out of 512000 gridpoints are considered (100.0%).

...done!

Reading "/home/boittier/esp_check/quadrupole_expansion.cube"...

  Fitted ESP
  Electrostatic potential fitted from quadrupole expansion.
    3   -4.970736   -4.735418   -4.970736
   80    0.125841    0.000000    0.000000
   80    0.000000    0.125841    0.000000
   80    0.000000    0.000000    0.125841
    8    8.000000    0.000000    0.235318    0.000000
    1    1.000000    1.434199   -0.880928    0.000000
    1    1.000000   -1.434199   -1.001612    0.000000
  6.32912E-03  6.55818E-03  6.79449E-03  7.03804E-03  7.28881E-03  7.54672E-03
       .            .            .            .            .            .
       .            .            .            .            .            .
       .            .            .            .            .            .
 -6.67521E-03 -6.56471E-03 -6.45375E-03 -6.34253E-03 -6.23118E-03 -6.11988E-03

512000 out of 512000 gridpoints are considered (100.0%).

...done!

                       Measure       RMSE[kcal/mol/e]   MaxError[kcal/mol/e]   NPoints
                         Total        6.703227285E-01        4.726966079E+00    406463
Close (  1.20 < r <   1.66 )          1.056925188E+00        4.726966079E+00    143819
Mid-range ( 1.66 < r <  2.20)         3.294773035E-01        1.072225430E+00    194042
Far-range (  2.20         < r)        1.154190099E-01        3.255519125E-01     68602
Did analysis and wrote slice data
