/home/boittier/esp_check
h2o_1520
/data/boittier/energies/h2o_geom.xyz.dir
Read multipoles for 3 atoms with max. rank 2
Running in generate mode

Reading "/data/boittier/energies/h2o_geom.xyz.dir/h2o_1520.chk.fchk.potential.cube"...

  h2o Potential=SCF
  Electrostatic potential from Total SCF Density
    3   -4.970736   -4.740663   -4.970736
   80    0.125841    0.000000    0.000000
   80    0.000000    0.125841    0.000000
   80    0.000000    0.000000    0.125841
    8    8.000000    0.000000    0.230072    0.000000
    1    1.000000    1.517555   -0.765472    0.000000
    1    1.000000   -1.517555   -1.075106    0.000000
  1.72525E-02  1.73746E-02  1.74671E-02  1.75292E-02  1.75604E-02  1.75604E-02
       .            .            .            .            .            .
       .            .            .            .            .            .
       .            .            .            .            .            .
 -7.74275E-03 -7.74064E-03 -7.73639E-03 -7.72995E-03 -7.72126E-03 -7.71021E-03

337137 out of 512000 gridpoints are considered ( 65.8%).

...done!

 writing cube file quadrupole_expansion.cube                                                                                                                                                                                                                                                                                                                                                                                                                                                                                                                                                                                                                                                                                                                                                                                                                                                                                                                                                                                                                                       
Written cubefile and slice data
Running in analysis mode

Reading "/data/boittier/energies/h2o_geom.xyz.dir/h2o_1520.chk.fchk.potential.cube"...

  h2o Potential=SCF
  Electrostatic potential from Total SCF Density
    3   -4.970736   -4.740663   -4.970736
   80    0.125841    0.000000    0.000000
   80    0.000000    0.125841    0.000000
   80    0.000000    0.000000    0.125841
    8    8.000000    0.000000    0.230072    0.000000
    1    1.000000    1.517555   -0.765472    0.000000
    1    1.000000   -1.517555   -1.075106    0.000000
  6.38092E-03  6.62592E-03  6.87933E-03  7.14122E-03  7.41157E-03  7.69036E-03
       .            .            .            .            .            .
       .            .            .            .            .            .
       .            .            .            .            .            .
 -6.27259E-03 -6.17125E-03 -6.06948E-03 -5.96742E-03 -5.86523E-03 -5.76304E-03

512000 out of 512000 gridpoints are considered (100.0%).

...done!

Reading "/home/boittier/esp_check/quadrupole_expansion.cube"...

  Fitted ESP
  Electrostatic potential fitted from quadrupole expansion.
    3   -4.970736   -4.740663   -4.970736
   80    0.125841    0.000000    0.000000
   80    0.000000    0.125841    0.000000
   80    0.000000    0.000000    0.125841
    8    8.000000    0.000000    0.230072    0.000000
    1    1.000000    1.517555   -0.765472    0.000000
    1    1.000000   -1.517555   -1.075106    0.000000
  6.30991E-03  6.54786E-03  6.79377E-03  7.04768E-03  7.30957E-03  7.57942E-03
       .            .            .            .            .            .
       .            .            .            .            .            .
       .            .            .            .            .            .
 -6.20365E-03 -6.10796E-03 -6.01154E-03 -5.91455E-03 -5.81713E-03 -5.71942E-03

512000 out of 512000 gridpoints are considered (100.0%).

...done!

                       Measure       RMSE[kcal/mol/e]   MaxError[kcal/mol/e]   NPoints
                         Total        6.866687262E-01        4.710650833E+00    405230
Close (  1.20 < r <   1.66 )          1.079904920E+00        4.710650833E+00    144298
Mid-range ( 1.66 < r <  2.20)         3.365903891E-01        1.129140539E+00    192839
Far-range (  2.20         < r)        1.177874283E-01        3.320529106E-01     68093
Did analysis and wrote slice data
