/home/boittier/esp_check
h2o_493
/data/boittier/energies/h2o_geom.xyz.dir
Read multipoles for 3 atoms with max. rank 2
Running in generate mode

Reading "/data/boittier/energies/h2o_geom.xyz.dir/h2o_493.chk.fchk.potential.cube"...

  h2o Potential=SCF
  Electrostatic potential from Total SCF Density
    3   -4.970736   -4.754117   -4.970736
   80    0.125841    0.000000    0.000000
   80    0.000000    0.125841    0.000000
   80    0.000000    0.000000    0.125841
    8    8.000000    0.000000    0.216619    0.000000
    1    1.000000    1.440507   -0.879864    0.000000
    1    1.000000   -1.440507   -0.853087    0.000000
  1.65146E-02  1.65146E-02  1.63528E-02  1.65307E-02  1.66813E-02  1.68033E-02
       .            .            .            .            .            .
       .            .            .            .            .            .
       .            .            .            .            .            .
 -8.99345E-03 -8.98903E-03 -8.98019E-03 -8.96691E-03 -8.94917E-03 -8.92695E-03

338237 out of 512000 gridpoints are considered ( 66.1%).

...done!

 writing cube file quadrupole_expansion.cube                                                                                                                                                                                                                                                                                                                                                                                                                                                                                                                                                                                                                                                                                                                                                                                                                                                                                                                                                                                                                                       
Written cubefile and slice data
Running in analysis mode

Reading "/data/boittier/energies/h2o_geom.xyz.dir/h2o_493.chk.fchk.potential.cube"...

  h2o Potential=SCF
  Electrostatic potential from Total SCF Density
    3   -4.970736   -4.754117   -4.970736
   80    0.125841    0.000000    0.000000
   80    0.000000    0.125841    0.000000
   80    0.000000    0.000000    0.125841
    8    8.000000    0.000000    0.216619    0.000000
    1    1.000000    1.440507   -0.879864    0.000000
    1    1.000000   -1.440507   -0.853087    0.000000
  6.03419E-03  6.25357E-03  6.47991E-03  6.71320E-03  6.95339E-03  7.20042E-03
       .            .            .            .            .            .
       .            .            .            .            .            .
       .            .            .            .            .            .
 -6.65781E-03 -6.54131E-03 -6.42473E-03 -6.30825E-03 -6.19202E-03 -6.07618E-03

512000 out of 512000 gridpoints are considered (100.0%).

...done!

Reading "/home/boittier/esp_check/quadrupole_expansion.cube"...

  Fitted ESP
  Electrostatic potential fitted from quadrupole expansion.
    3   -4.970736   -4.754117   -4.970736
   80    0.125841    0.000000    0.000000
   80    0.000000    0.125841    0.000000
   80    0.000000    0.000000    0.125841
    8    8.000000    0.000000    0.216619    0.000000
    1    1.000000    1.440507   -0.879864    0.000000
    1    1.000000   -1.440507   -0.853087    0.000000
  5.97482E-03  6.18795E-03  6.40763E-03  6.63383E-03  6.86650E-03  7.10555E-03
       .            .            .            .            .            .
       .            .            .            .            .            .
       .            .            .            .            .            .
 -6.60336E-03 -6.49197E-03 -6.38022E-03 -6.26828E-03 -6.15631E-03 -6.04446E-03

512000 out of 512000 gridpoints are considered (100.0%).

...done!

                       Measure       RMSE[kcal/mol/e]   MaxError[kcal/mol/e]   NPoints
                         Total        6.870429316E-01        4.687934990E+00    407705
Close (  1.20 < r <   1.66 )          1.087217841E+00        4.687934990E+00    142959
Mid-range ( 1.66 < r <  2.20)         3.390795066E-01        1.083520600E+00    195278
Far-range (  2.20         < r)        1.207252800E-01        3.205381119E-01     69468
Did analysis and wrote slice data
