/home/boittier/esp_check
h2o_1603
/data/boittier/energies/h2o_geom.xyz.dir
Read multipoles for 3 atoms with max. rank 2
Running in generate mode

Reading "/data/boittier/energies/h2o_geom.xyz.dir/h2o_1603.chk.fchk.potential.cube"...

  h2o Potential=SCF
  Electrostatic potential from Total SCF Density
    3   -4.970736   -4.730345   -4.970736
   80    0.125841    0.000000    0.000000
   80    0.000000    0.125841    0.000000
   80    0.000000    0.000000    0.125841
    8    8.000000    0.000000    0.240390    0.000000
    1    1.000000    1.403868   -0.933353    0.000000
    1    1.000000   -1.403868   -0.989770    0.000000
  1.69892E-02  1.71695E-02  1.73221E-02  1.74457E-02  1.75394E-02  1.76023E-02
       .            .            .            .            .            .
       .            .            .            .            .            .
       .            .            .            .            .            .
 -9.57200E-03 -9.56693E-03 -9.55677E-03 -9.54153E-03 -9.52120E-03 -9.49577E-03

337980 out of 512000 gridpoints are considered ( 66.0%).

...done!

 writing cube file quadrupole_expansion.cube                                                                                                                                                                                                                                                                                                                                                                                                                                                                                                                                                                                                                                                                                                                                                                                                                                                                                                                                                                                                                                       
Written cubefile and slice data
Running in analysis mode

Reading "/data/boittier/energies/h2o_geom.xyz.dir/h2o_1603.chk.fchk.potential.cube"...

  h2o Potential=SCF
  Electrostatic potential from Total SCF Density
    3   -4.970736   -4.730345   -4.970736
   80    0.125841    0.000000    0.000000
   80    0.000000    0.125841    0.000000
   80    0.000000    0.000000    0.125841
    8    8.000000    0.000000    0.240390    0.000000
    1    1.000000    1.403868   -0.933353    0.000000
    1    1.000000   -1.403868   -0.989770    0.000000
  6.44987E-03  6.68445E-03  6.92655E-03  7.17618E-03  7.43329E-03  7.69783E-03
       .            .            .            .            .            .
       .            .            .            .            .            .
       .            .            .            .            .            .
 -6.93342E-03 -6.81210E-03 -6.69073E-03 -6.56946E-03 -6.44846E-03 -6.32788E-03

512000 out of 512000 gridpoints are considered (100.0%).

...done!

Reading "/home/boittier/esp_check/quadrupole_expansion.cube"...

  Fitted ESP
  Electrostatic potential fitted from quadrupole expansion.
    3   -4.970736   -4.730345   -4.970736
   80    0.125841    0.000000    0.000000
   80    0.000000    0.125841    0.000000
   80    0.000000    0.000000    0.125841
    8    8.000000    0.000000    0.240390    0.000000
    1    1.000000    1.403868   -0.933353    0.000000
    1    1.000000   -1.403868   -0.989770    0.000000
  6.39350E-03  6.62176E-03  6.85712E-03  7.09956E-03  7.34903E-03  7.60547E-03
       .            .            .            .            .            .
       .            .            .            .            .            .
       .            .            .            .            .            .
 -6.88395E-03 -6.76759E-03 -6.65088E-03 -6.53400E-03 -6.41711E-03 -6.30038E-03

512000 out of 512000 gridpoints are considered (100.0%).

...done!

                       Measure       RMSE[kcal/mol/e]   MaxError[kcal/mol/e]   NPoints
                         Total        6.606516852E-01        4.729350615E+00    406638
Close (  1.20 < r <   1.66 )          1.042159454E+00        4.729350615E+00    143758
Mid-range ( 1.66 < r <  2.20)         3.245819005E-01        1.050639104E+00    194222
Far-range (  2.20         < r)        1.135019258E-01        3.231046256E-01     68658
Did analysis and wrote slice data
