/home/boittier/esp_check
h2o_1299
/data/boittier/energies/h2o_geom.xyz.dir
Read multipoles for 3 atoms with max. rank 2
Running in generate mode

Reading "/data/boittier/energies/h2o_geom.xyz.dir/h2o_1299.chk.fchk.potential.cube"...

  h2o Potential=SCF
  Electrostatic potential from Total SCF Density
    3   -4.970736   -4.762752   -4.970736
   80    0.125841    0.000000    0.000000
   80    0.000000    0.125841    0.000000
   80    0.000000    0.000000    0.125841
    8    8.000000    0.000000    0.207983    0.000000
    1    1.000000    1.486767   -0.828112    0.000000
    1    1.000000   -1.486767   -0.835754    0.000000
  1.63285E-02  1.63872E-02  1.64167E-02  1.64167E-02  1.63872E-02  1.63285E-02
       .            .            .            .            .            .
       .            .            .            .            .            .
       .            .            .            .            .            .
 -8.36812E-03 -8.36467E-03 -8.35775E-03 -8.34734E-03 -8.33339E-03 -8.31586E-03

337948 out of 512000 gridpoints are considered ( 66.0%).

...done!

 writing cube file quadrupole_expansion.cube                                                                                                                                                                                                                                                                                                                                                                                                                                                                                                                                                                                                                                                                                                                                                                                                                                                                                                                                                                                                                                       
Written cubefile and slice data
Running in analysis mode

Reading "/data/boittier/energies/h2o_geom.xyz.dir/h2o_1299.chk.fchk.potential.cube"...

  h2o Potential=SCF
  Electrostatic potential from Total SCF Density
    3   -4.970736   -4.762752   -4.970736
   80    0.125841    0.000000    0.000000
   80    0.000000    0.125841    0.000000
   80    0.000000    0.000000    0.125841
    8    8.000000    0.000000    0.207983    0.000000
    1    1.000000    1.486767   -0.828112    0.000000
    1    1.000000   -1.486767   -0.835754    0.000000
  5.88366E-03  6.10102E-03  6.32539E-03  6.55678E-03  6.79514E-03  7.04041E-03
       .            .            .            .            .            .
       .            .            .            .            .            .
       .            .            .            .            .            .
 -6.41951E-03 -6.30942E-03 -6.19917E-03 -6.08890E-03 -5.97876E-03 -5.86891E-03

512000 out of 512000 gridpoints are considered (100.0%).

...done!

Reading "/home/boittier/esp_check/quadrupole_expansion.cube"...

  Fitted ESP
  Electrostatic potential fitted from quadrupole expansion.
    3   -4.970736   -4.762752   -4.970736
   80    0.125841    0.000000    0.000000
   80    0.000000    0.125841    0.000000
   80    0.000000    0.000000    0.125841
    8    8.000000    0.000000    0.207983    0.000000
    1    1.000000    1.486767   -0.828112    0.000000
    1    1.000000   -1.486767   -0.835754    0.000000
  5.81995E-03  6.03089E-03  6.24842E-03  6.47253E-03  6.70319E-03  6.94030E-03
       .            .            .            .            .            .
       .            .            .            .            .            .
       .            .            .            .            .            .
 -6.35955E-03 -6.25477E-03 -6.14952E-03 -6.04397E-03 -5.93828E-03 -5.83258E-03

512000 out of 512000 gridpoints are considered (100.0%).

...done!

                       Measure       RMSE[kcal/mol/e]   MaxError[kcal/mol/e]   NPoints
                         Total        6.987849039E-01        4.673565023E+00    407402
Close (  1.20 < r <   1.66 )          1.105685992E+00        4.673565023E+00    142920
Mid-range ( 1.66 < r <  2.20)         3.445694003E-01        1.134474369E+00    195028
Far-range (  2.20         < r)        1.231658126E-01        3.227657705E-01     69454
Did analysis and wrote slice data
