/home/boittier/esp_check
h2o_1688
/data/boittier/energies/h2o_geom.xyz.dir
Read multipoles for 3 atoms with max. rank 2
Running in generate mode

Reading "/data/boittier/energies/h2o_geom.xyz.dir/h2o_1688.chk.fchk.potential.cube"...

  h2o Potential=SCF
  Electrostatic potential from Total SCF Density
    3   -4.970736   -4.759172   -4.970736
   80    0.125841    0.000000    0.000000
   80    0.000000    0.125841    0.000000
   80    0.000000    0.000000    0.125841
    8    8.000000    0.000000    0.211563    0.000000
    1    1.000000    1.428927   -0.901834    0.000000
    1    1.000000   -1.428927   -0.790673    0.000000
  1.61267E-02  1.62426E-02  1.63304E-02  1.63894E-02  1.64190E-02  1.64190E-02
       .            .            .            .            .            .
       .            .            .            .            .            .
       .            .            .            .            .            .
 -9.20244E-03 -9.19760E-03 -9.18791E-03 -9.17336E-03 -9.15395E-03 -9.12967E-03

338442 out of 512000 gridpoints are considered ( 66.1%).

...done!

 writing cube file quadrupole_expansion.cube                                                                                                                                                                                                                                                                                                                                                                                                                                                                                                                                                                                                                                                                                                                                                                                                                                                                                                                                                                                                                                       
Written cubefile and slice data
Running in analysis mode

Reading "/data/boittier/energies/h2o_geom.xyz.dir/h2o_1688.chk.fchk.potential.cube"...

  h2o Potential=SCF
  Electrostatic potential from Total SCF Density
    3   -4.970736   -4.759172   -4.970736
   80    0.125841    0.000000    0.000000
   80    0.000000    0.125841    0.000000
   80    0.000000    0.000000    0.125841
    8    8.000000    0.000000    0.211563    0.000000
    1    1.000000    1.428927   -0.901834    0.000000
    1    1.000000   -1.428927   -0.790673    0.000000
  5.90792E-03  6.12031E-03  6.33930E-03  6.56488E-03  6.79701E-03  7.03560E-03
       .            .            .            .            .            .
       .            .            .            .            .            .
       .            .            .            .            .            .
 -6.71076E-03 -6.59155E-03 -6.47235E-03 -6.35332E-03 -6.23463E-03 -6.11641E-03

512000 out of 512000 gridpoints are considered (100.0%).

...done!

Reading "/home/boittier/esp_check/quadrupole_expansion.cube"...

  Fitted ESP
  Electrostatic potential fitted from quadrupole expansion.
    3   -4.970736   -4.759172   -4.970736
   80    0.125841    0.000000    0.000000
   80    0.000000    0.125841    0.000000
   80    0.000000    0.000000    0.125841
    8    8.000000    0.000000    0.211563    0.000000
    1    1.000000    1.428927   -0.901834    0.000000
    1    1.000000   -1.428927   -0.790673    0.000000
  5.85189E-03  6.05828E-03  6.27086E-03  6.48963E-03  6.71452E-03  6.94545E-03
       .            .            .            .            .            .
       .            .            .            .            .            .
       .            .            .            .            .            .
 -6.66013E-03 -6.54586E-03 -6.43132E-03 -6.31666E-03 -6.20206E-03 -6.08767E-03

512000 out of 512000 gridpoints are considered (100.0%).

...done!

                       Measure       RMSE[kcal/mol/e]   MaxError[kcal/mol/e]   NPoints
                         Total        6.887212923E-01        4.676765322E+00    408234
Close (  1.20 < r <   1.66 )          1.091368516E+00        4.676765322E+00    142674
Mid-range ( 1.66 < r <  2.20)         3.402889978E-01        1.083834355E+00    195768
Far-range (  2.20         < r)        1.217383992E-01        3.265120020E-01     69792
Did analysis and wrote slice data
