/home/boittier/esp_check
h2o_435
/data/boittier/energies/h2o_geom.xyz.dir
Read multipoles for 3 atoms with max. rank 2
Running in generate mode

Reading "/data/boittier/energies/h2o_geom.xyz.dir/h2o_435.chk.fchk.potential.cube"...

  h2o Potential=SCF
  Electrostatic potential from Total SCF Density
    3   -4.970736   -4.749685   -4.970736
   80    0.125841    0.000000    0.000000
   80    0.000000    0.125841    0.000000
   80    0.000000    0.000000    0.125841
    8    8.000000    0.000000    0.221050    0.000000
    1    1.000000    1.428372   -0.895211    0.000000
    1    1.000000   -1.428372   -0.873191    0.000000
  1.66525E-02  1.66819E-02  1.66819E-02  1.66525E-02  1.63039E-02  1.65092E-02
       .            .            .            .            .            .
       .            .            .            .            .            .
       .            .            .            .            .            .
 -9.17049E-03 -9.16584E-03 -9.15652E-03 -9.14253E-03 -9.12385E-03 -9.10047E-03

338248 out of 512000 gridpoints are considered ( 66.1%).

...done!

 writing cube file quadrupole_expansion.cube                                                                                                                                                                                                                                                                                                                                                                                                                                                                                                                                                                                                                                                                                                                                                                                                                                                                                                                                                                                                                                       
Written cubefile and slice data
Running in analysis mode

Reading "/data/boittier/energies/h2o_geom.xyz.dir/h2o_435.chk.fchk.potential.cube"...

  h2o Potential=SCF
  Electrostatic potential from Total SCF Density
    3   -4.970736   -4.749685   -4.970736
   80    0.125841    0.000000    0.000000
   80    0.000000    0.125841    0.000000
   80    0.000000    0.000000    0.125841
    8    8.000000    0.000000    0.221050    0.000000
    1    1.000000    1.428372   -0.895211    0.000000
    1    1.000000   -1.428372   -0.873191    0.000000
  6.11551E-03  6.33727E-03  6.56606E-03  6.80186E-03  7.04463E-03  7.29429E-03
       .            .            .            .            .            .
       .            .            .            .            .            .
       .            .            .            .            .            .
 -6.73332E-03 -6.61514E-03 -6.49691E-03 -6.37879E-03 -6.26094E-03 -6.14351E-03

512000 out of 512000 gridpoints are considered (100.0%).

...done!

Reading "/home/boittier/esp_check/quadrupole_expansion.cube"...

  Fitted ESP
  Electrostatic potential fitted from quadrupole expansion.
    3   -4.970736   -4.749685   -4.970736
   80    0.125841    0.000000    0.000000
   80    0.000000    0.125841    0.000000
   80    0.000000    0.000000    0.125841
    8    8.000000    0.000000    0.221050    0.000000
    1    1.000000    1.428372   -0.895211    0.000000
    1    1.000000   -1.428372   -0.873191    0.000000
  6.05712E-03  6.27265E-03  6.49479E-03  6.72350E-03  6.95876E-03  7.20046E-03
       .            .            .            .            .            .
       .            .            .            .            .            .
       .            .            .            .            .            .
 -6.68029E-03 -6.56718E-03 -6.45373E-03 -6.34011E-03 -6.22648E-03 -6.11300E-03

512000 out of 512000 gridpoints are considered (100.0%).

...done!

                       Measure       RMSE[kcal/mol/e]   MaxError[kcal/mol/e]   NPoints
                         Total        6.817268526E-01        4.696343617E+00    407600
Close (  1.20 < r <   1.66 )          1.078380470E+00        4.696343617E+00    143053
Mid-range ( 1.66 < r <  2.20)         3.363880630E-01        1.067958365E+00    195195
Far-range (  2.20         < r)        1.193619328E-01        3.205569371E-01     69352
Did analysis and wrote slice data
