/home/boittier/esp_check
h2o_433
/data/boittier/energies/h2o_geom.xyz.dir
Read multipoles for 3 atoms with max. rank 2
Running in generate mode

Reading "/data/boittier/energies/h2o_geom.xyz.dir/h2o_433.chk.fchk.potential.cube"...

  h2o Potential=SCF
  Electrostatic potential from Total SCF Density
    3   -4.970736   -4.746643   -4.970736
   80    0.125841    0.000000    0.000000
   80    0.000000    0.125841    0.000000
   80    0.000000    0.000000    0.125841
    8    8.000000    0.000000    0.224093    0.000000
    1    1.000000    1.422803   -0.900223    0.000000
    1    1.000000   -1.422803   -0.892518    0.000000
  1.66621E-02  1.67505E-02  1.68098E-02  1.68396E-02  1.68396E-02  1.68098E-02
       .            .            .            .            .            .
       .            .            .            .            .            .
       .            .            .            .            .            .
 -9.23499E-03 -9.23027E-03 -9.22081E-03 -9.20661E-03 -9.18766E-03 -9.16394E-03

338252 out of 512000 gridpoints are considered ( 66.1%).

...done!

 writing cube file quadrupole_expansion.cube                                                                                                                                                                                                                                                                                                                                                                                                                                                                                                                                                                                                                                                                                                                                                                                                                                                                                                                                                                                                                                       
Written cubefile and slice data
Running in analysis mode

Reading "/data/boittier/energies/h2o_geom.xyz.dir/h2o_433.chk.fchk.potential.cube"...

  h2o Potential=SCF
  Electrostatic potential from Total SCF Density
    3   -4.970736   -4.746643   -4.970736
   80    0.125841    0.000000    0.000000
   80    0.000000    0.125841    0.000000
   80    0.000000    0.000000    0.125841
    8    8.000000    0.000000    0.224093    0.000000
    1    1.000000    1.422803   -0.900223    0.000000
    1    1.000000   -1.422803   -0.892518    0.000000
  6.17401E-03  6.39792E-03  6.62892E-03  6.86702E-03  7.11217E-03  7.36430E-03
       .            .            .            .            .            .
       .            .            .            .            .            .
       .            .            .            .            .            .
 -6.76505E-03 -6.64636E-03 -6.52762E-03 -6.40899E-03 -6.29063E-03 -6.17269E-03

512000 out of 512000 gridpoints are considered (100.0%).

...done!

Reading "/home/boittier/esp_check/quadrupole_expansion.cube"...

  Fitted ESP
  Electrostatic potential fitted from quadrupole expansion.
    3   -4.970736   -4.746643   -4.970736
   80    0.125841    0.000000    0.000000
   80    0.000000    0.125841    0.000000
   80    0.000000    0.000000    0.125841
    8    8.000000    0.000000    0.224093    0.000000
    1    1.000000    1.422803   -0.900223    0.000000
    1    1.000000   -1.422803   -0.892518    0.000000
  6.11582E-03  6.33347E-03  6.55780E-03  6.78880E-03  7.02641E-03  7.27054E-03
       .            .            .            .            .            .
       .            .            .            .            .            .
       .            .            .            .            .            .
 -6.71236E-03 -6.59875E-03 -6.48479E-03 -6.37065E-03 -6.25651E-03 -6.14251E-03

512000 out of 512000 gridpoints are considered (100.0%).

...done!

                       Measure       RMSE[kcal/mol/e]   MaxError[kcal/mol/e]   NPoints
                         Total        6.783314096E-01        4.701740198E+00    407500
Close (  1.20 < r <   1.66 )          1.072510741E+00        4.701740198E+00    143179
Mid-range ( 1.66 < r <  2.20)         3.345796802E-01        1.064758067E+00    195073
Far-range (  2.20         < r)        1.184389890E-01        3.208895172E-01     69248
Did analysis and wrote slice data
