/home/boittier/esp_check
h2o_30
/data/boittier/energies/h2o_geom.xyz.dir
Read multipoles for 3 atoms with max. rank 2
Running in generate mode

Reading "/data/boittier/energies/h2o_geom.xyz.dir/h2o_30.chk.fchk.potential.cube"...

  h2o Potential=SCF
  Electrostatic potential from Total SCF Density
    3   -4.970736   -4.753601   -4.970736
   80    0.125841    0.000000    0.000000
   80    0.000000    0.125841    0.000000
   80    0.000000    0.000000    0.125841
    8    8.000000    0.000000    0.217135    0.000000
    1    1.000000    1.440704   -0.879581    0.000000
    1    1.000000   -1.440704   -0.857499    0.000000
  1.65249E-02  1.65542E-02  1.65542E-02  1.65249E-02  1.61867E-02  1.63910E-02
       .            .            .            .            .            .
       .            .            .            .            .            .
       .            .            .            .            .            .
 -8.99146E-03 -8.98705E-03 -8.97823E-03 -8.96498E-03 -8.94728E-03 -8.92511E-03

338236 out of 512000 gridpoints are considered ( 66.1%).

...done!

 writing cube file quadrupole_expansion.cube                                                                                                                                                                                                                                                                                                                                                                                                                                                                                                                                                                                                                                                                                                                                                                                                                                                                                                                                                                                                                                       
Written cubefile and slice data
Running in analysis mode

Reading "/data/boittier/energies/h2o_geom.xyz.dir/h2o_30.chk.fchk.potential.cube"...

  h2o Potential=SCF
  Electrostatic potential from Total SCF Density
    3   -4.970736   -4.753601   -4.970736
   80    0.125841    0.000000    0.000000
   80    0.000000    0.125841    0.000000
   80    0.000000    0.000000    0.125841
    8    8.000000    0.000000    0.217135    0.000000
    1    1.000000    1.440704   -0.879581    0.000000
    1    1.000000   -1.440704   -0.857499    0.000000
  6.04507E-03  6.26496E-03  6.49184E-03  6.72568E-03  6.96646E-03  7.21409E-03
       .            .            .            .            .            .
       .            .            .            .            .            .
       .            .            .            .            .            .
 -6.65901E-03 -6.54256E-03 -6.42604E-03 -6.30961E-03 -6.19342E-03 -6.07763E-03

512000 out of 512000 gridpoints are considered (100.0%).

...done!

Reading "/home/boittier/esp_check/quadrupole_expansion.cube"...

  Fitted ESP
  Electrostatic potential fitted from quadrupole expansion.
    3   -4.970736   -4.753601   -4.970736
   80    0.125841    0.000000    0.000000
   80    0.000000    0.125841    0.000000
   80    0.000000    0.000000    0.125841
    8    8.000000    0.000000    0.217135    0.000000
    1    1.000000    1.440704   -0.879581    0.000000
    1    1.000000   -1.440704   -0.857499    0.000000
  5.98558E-03  6.19922E-03  6.41941E-03  6.64615E-03  6.87939E-03  7.11904E-03
       .            .            .            .            .            .
       .            .            .            .            .            .
       .            .            .            .            .            .
 -6.60443E-03 -6.49311E-03 -6.38142E-03 -6.26954E-03 -6.15762E-03 -6.04582E-03

512000 out of 512000 gridpoints are considered (100.0%).

...done!

                       Measure       RMSE[kcal/mol/e]   MaxError[kcal/mol/e]   NPoints
                         Total        6.867042208E-01        4.689190009E+00    407670
Close (  1.20 < r <   1.66 )          1.086590834E+00        4.689190009E+00    142976
Mid-range ( 1.66 < r <  2.20)         3.388822984E-01        1.082391083E+00    195260
Far-range (  2.20         < r)        1.205605808E-01        3.206761639E-01     69434
Did analysis and wrote slice data
