/home/boittier/esp_check
h2o_491
/data/boittier/energies/h2o_geom.xyz.dir
Read multipoles for 3 atoms with max. rank 2
Running in generate mode

Reading "/data/boittier/energies/h2o_geom.xyz.dir/h2o_491.chk.fchk.potential.cube"...

  h2o Potential=SCF
  Electrostatic potential from Total SCF Density
    3   -4.970736   -4.747942   -4.970736
   80    0.125841    0.000000    0.000000
   80    0.000000    0.125841    0.000000
   80    0.000000    0.000000    0.125841
    8    8.000000    0.000000    0.222794    0.000000
    1    1.000000    1.451006   -0.862073    0.000000
    1    1.000000   -1.451006   -0.920278    0.000000
  1.66601E-02  1.68090E-02  1.69296E-02  1.70211E-02  1.70824E-02  1.71133E-02
       .            .            .            .            .            .
       .            .            .            .            .            .
       .            .            .            .            .            .
 -8.81809E-03 -8.81405E-03 -8.80596E-03 -8.79380E-03 -8.77755E-03 -8.75716E-03

338012 out of 512000 gridpoints are considered ( 66.0%).

...done!

 writing cube file quadrupole_expansion.cube                                                                                                                                                                                                                                                                                                                                                                                                                                                                                                                                                                                                                                                                                                                                                                                                                                                                                                                                                                                                                                       
Written cubefile and slice data
Running in analysis mode

Reading "/data/boittier/energies/h2o_geom.xyz.dir/h2o_491.chk.fchk.potential.cube"...

  h2o Potential=SCF
  Electrostatic potential from Total SCF Density
    3   -4.970736   -4.747942   -4.970736
   80    0.125841    0.000000    0.000000
   80    0.000000    0.125841    0.000000
   80    0.000000    0.000000    0.125841
    8    8.000000    0.000000    0.222794    0.000000
    1    1.000000    1.451006   -0.862073    0.000000
    1    1.000000   -1.451006   -0.920278    0.000000
  6.17170E-03  6.39864E-03  6.63290E-03  6.87450E-03  7.12341E-03  7.37955E-03
       .            .            .            .            .            .
       .            .            .            .            .            .
       .            .            .            .            .            .
 -6.61864E-03 -6.50455E-03 -6.39031E-03 -6.27609E-03 -6.16204E-03 -6.04832E-03

512000 out of 512000 gridpoints are considered (100.0%).

...done!

Reading "/home/boittier/esp_check/quadrupole_expansion.cube"...

  Fitted ESP
  Electrostatic potential fitted from quadrupole expansion.
    3   -4.970736   -4.747942   -4.970736
   80    0.125841    0.000000    0.000000
   80    0.000000    0.125841    0.000000
   80    0.000000    0.000000    0.125841
    8    8.000000    0.000000    0.222794    0.000000
    1    1.000000    1.451006   -0.862073    0.000000
    1    1.000000   -1.451006   -0.920278    0.000000
  6.10973E-03  6.33020E-03  6.55758E-03  6.79185E-03  7.03297E-03  7.28088E-03
       .            .            .            .            .            .
       .            .            .            .            .            .
       .            .            .            .            .            .
 -6.56119E-03 -6.45235E-03 -6.34307E-03 -6.23352E-03 -6.12386E-03 -6.01423E-03

512000 out of 512000 gridpoints are considered (100.0%).

...done!

                       Measure       RMSE[kcal/mol/e]   MaxError[kcal/mol/e]   NPoints
                         Total        6.836923397E-01        4.706509270E+00    407080
Close (  1.20 < r <   1.66 )          1.080048841E+00        4.706509270E+00    143320
Mid-range ( 1.66 < r <  2.20)         3.370568442E-01        1.081638072E+00    194692
Far-range (  2.20         < r)        1.192098027E-01        3.236693841E-01     69068
Did analysis and wrote slice data
