/home/boittier/esp_check
h2o_1483
/data/boittier/energies/h2o_geom.xyz.dir
Read multipoles for 3 atoms with max. rank 2
Running in generate mode

Reading "/data/boittier/energies/h2o_geom.xyz.dir/h2o_1483.chk.fchk.potential.cube"...

  h2o Potential=SCF
  Electrostatic potential from Total SCF Density
    3   -4.970736   -4.758371   -4.970736
   80    0.125841    0.000000    0.000000
   80    0.000000    0.125841    0.000000
   80    0.000000    0.000000    0.125841
    8    8.000000    0.000000    0.212365    0.000000
    1    1.000000    1.344903   -1.014586    0.000000
    1    1.000000   -1.344903   -0.684333    0.000000
  1.57130E-02  1.58838E-02  1.60284E-02  1.61457E-02  1.62345E-02  1.62941E-02
       .            .            .            .            .            .
       .            .            .            .            .            .
       .            .            .            .            .            .
 -1.03730E-02 -1.03662E-02 -1.03526E-02 -1.03323E-02 -1.03053E-02 -1.02716E-02

339114 out of 512000 gridpoints are considered ( 66.2%).

...done!

 writing cube file quadrupole_expansion.cube                                                                                                                                                                                                                                                                                                                                                                                                                                                                                                                                                                                                                                                                                                                                                                                                                                                                                                                                                                                                                                       
Written cubefile and slice data
Running in analysis mode

Reading "/data/boittier/energies/h2o_geom.xyz.dir/h2o_1483.chk.fchk.potential.cube"...

  h2o Potential=SCF
  Electrostatic potential from Total SCF Density
    3   -4.970736   -4.758371   -4.970736
   80    0.125841    0.000000    0.000000
   80    0.000000    0.125841    0.000000
   80    0.000000    0.000000    0.125841
    8    8.000000    0.000000    0.212365    0.000000
    1    1.000000    1.344903   -1.014586    0.000000
    1    1.000000   -1.344903   -0.684333    0.000000
  5.87389E-03  6.07634E-03  6.28471E-03  6.49896E-03  6.71901E-03  6.94477E-03
       .            .            .            .            .            .
       .            .            .            .            .            .
       .            .            .            .            .            .
 -7.11159E-03 -6.97950E-03 -6.84769E-03 -6.71631E-03 -6.58555E-03 -6.45554E-03

512000 out of 512000 gridpoints are considered (100.0%).

...done!

Reading "/home/boittier/esp_check/quadrupole_expansion.cube"...

  Fitted ESP
  Electrostatic potential fitted from quadrupole expansion.
    3   -4.970736   -4.758371   -4.970736
   80    0.125841    0.000000    0.000000
   80    0.000000    0.125841    0.000000
   80    0.000000    0.000000    0.125841
    8    8.000000    0.000000    0.212365    0.000000
    1    1.000000    1.344903   -1.014586    0.000000
    1    1.000000   -1.344903   -0.684333    0.000000
  5.83154E-03  6.02881E-03  6.23162E-03  6.43995E-03  6.65370E-03  6.87276E-03
       .            .            .            .            .            .
       .            .            .            .            .            .
       .            .            .            .            .            .
 -7.07719E-03 -6.94935E-03 -6.82150E-03 -6.69384E-03 -6.56654E-03 -6.43975E-03

512000 out of 512000 gridpoints are considered (100.0%).

...done!

                       Measure       RMSE[kcal/mol/e]   MaxError[kcal/mol/e]   NPoints
                         Total        6.742896441E-01        4.677330080E+00    409556
Close (  1.20 < r <   1.66 )          1.072065883E+00        4.677330080E+00    142032
Mid-range ( 1.66 < r <  2.20)         3.338174139E-01        1.053098941E+00    197082
Far-range (  2.20         < r)        1.196697597E-01        3.355857889E-01     70442
Did analysis and wrote slice data
