/home/boittier/esp_check
h2o_2
/data/boittier/energies/h2o_geom.xyz.dir
Read multipoles for 3 atoms with max. rank 2
Running in generate mode

Reading "/data/boittier/energies/h2o_geom.xyz.dir/h2o_2.chk.fchk.potential.cube"...

  h2o Potential=SCF
  Electrostatic potential from Total SCF Density
    3   -4.970736   -4.752068   -4.970736
   80    0.125841    0.000000    0.000000
   80    0.000000    0.125841    0.000000
   80    0.000000    0.000000    0.125841
    8    8.000000    0.000000    0.218668    0.000000
    1    1.000000    1.432158   -0.891118    0.000000
    1    1.000000   -1.432158   -0.858227    0.000000
  1.63886E-02  1.65664E-02  1.67169E-02  1.68389E-02  1.69314E-02  1.69934E-02
       .            .            .            .            .            .
       .            .            .            .            .            .
       .            .            .            .            .            .
 -9.11965E-03 -9.11505E-03 -9.10583E-03 -9.09200E-03 -9.07354E-03 -9.05042E-03

338262 out of 512000 gridpoints are considered ( 66.1%).

...done!

 writing cube file quadrupole_expansion.cube                                                                                                                                                                                                                                                                                                                                                                                                                                                                                                                                                                                                                                                                                                                                                                                                                                                                                                                                                                                                                                       
Written cubefile and slice data
Running in analysis mode

Reading "/data/boittier/energies/h2o_geom.xyz.dir/h2o_2.chk.fchk.potential.cube"...

  h2o Potential=SCF
  Electrostatic potential from Total SCF Density
    3   -4.970736   -4.752068   -4.970736
   80    0.125841    0.000000    0.000000
   80    0.000000    0.125841    0.000000
   80    0.000000    0.000000    0.125841
    8    8.000000    0.000000    0.218668    0.000000
    1    1.000000    1.432158   -0.891118    0.000000
    1    1.000000   -1.432158   -0.858227    0.000000
  6.06922E-03  6.28927E-03  6.51628E-03  6.75024E-03  6.99110E-03  7.23879E-03
       .            .            .            .            .            .
       .            .            .            .            .            .
       .            .            .            .            .            .
 -6.70791E-03 -6.59013E-03 -6.47230E-03 -6.35459E-03 -6.23714E-03 -6.12011E-03

512000 out of 512000 gridpoints are considered (100.0%).

...done!

Reading "/home/boittier/esp_check/quadrupole_expansion.cube"...

  Fitted ESP
  Electrostatic potential fitted from quadrupole expansion.
    3   -4.970736   -4.752068   -4.970736
   80    0.125841    0.000000    0.000000
   80    0.000000    0.125841    0.000000
   80    0.000000    0.000000    0.125841
    8    8.000000    0.000000    0.218668    0.000000
    1    1.000000    1.432158   -0.891118    0.000000
    1    1.000000   -1.432158   -0.858227    0.000000
  6.01073E-03  6.22457E-03  6.44495E-03  6.67185E-03  6.90522E-03  7.14497E-03
       .            .            .            .            .            .
       .            .            .            .            .            .
       .            .            .            .            .            .
 -6.65464E-03 -6.54194E-03 -6.42890E-03 -6.31568E-03 -6.20246E-03 -6.08938E-03

512000 out of 512000 gridpoints are considered (100.0%).

...done!

                       Measure       RMSE[kcal/mol/e]   MaxError[kcal/mol/e]   NPoints
                         Total        6.841357994E-01        4.691574545E+00    407708
Close (  1.20 < r <   1.66 )          1.082475727E+00        4.691574545E+00    142999
Mid-range ( 1.66 < r <  2.20)         3.376630008E-01        1.072037177E+00    195263
Far-range (  2.20         < r)        1.200952475E-01        3.202180820E-01     69446
Did analysis and wrote slice data
