/home/boittier/esp_check
h2o_1291
/data/boittier/energies/h2o_geom.xyz.dir
Read multipoles for 3 atoms with max. rank 2
Running in generate mode

Reading "/data/boittier/energies/h2o_geom.xyz.dir/h2o_1291.chk.fchk.potential.cube"...

  h2o Potential=SCF
  Electrostatic potential from Total SCF Density
    3   -4.970736   -4.753417   -4.970736
   80    0.125841    0.000000    0.000000
   80    0.000000    0.125841    0.000000
   80    0.000000    0.000000    0.125841
    8    8.000000    0.000000    0.217319    0.000000
    1    1.000000    1.401748   -0.944649    0.000000
    1    1.000000   -1.401748   -0.793900    0.000000
  1.62809E-02  1.63679E-02  1.64263E-02  1.64556E-02  1.64556E-02  1.64263E-02
       .            .            .            .            .            .
       .            .            .            .            .            .
       .            .            .            .            .            .
 -9.65486E-03 -9.64935E-03 -9.63833E-03 -9.62180E-03 -9.59977E-03 -9.57224E-03

338567 out of 512000 gridpoints are considered ( 66.1%).

...done!

 writing cube file quadrupole_expansion.cube                                                                                                                                                                                                                                                                                                                                                                                                                                                                                                                                                                                                                                                                                                                                                                                                                                                                                                                                                                                                                                       
Written cubefile and slice data
Running in analysis mode

Reading "/data/boittier/energies/h2o_geom.xyz.dir/h2o_1291.chk.fchk.potential.cube"...

  h2o Potential=SCF
  Electrostatic potential from Total SCF Density
    3   -4.970736   -4.753417   -4.970736
   80    0.125841    0.000000    0.000000
   80    0.000000    0.125841    0.000000
   80    0.000000    0.000000    0.125841
    8    8.000000    0.000000    0.217319    0.000000
    1    1.000000    1.401748   -0.944649    0.000000
    1    1.000000   -1.401748   -0.793900    0.000000
  6.00403E-03  6.21757E-03  6.43766E-03  6.66429E-03  6.89740E-03  7.13691E-03
       .            .            .            .            .            .
       .            .            .            .            .            .
       .            .            .            .            .            .
 -6.88825E-03 -6.76439E-03 -6.64061E-03 -6.51707E-03 -6.39394E-03 -6.27137E-03

512000 out of 512000 gridpoints are considered (100.0%).

...done!

Reading "/home/boittier/esp_check/quadrupole_expansion.cube"...

  Fitted ESP
  Electrostatic potential fitted from quadrupole expansion.
    3   -4.970736   -4.753417   -4.970736
   80    0.125841    0.000000    0.000000
   80    0.000000    0.125841    0.000000
   80    0.000000    0.000000    0.125841
    8    8.000000    0.000000    0.217319    0.000000
    1    1.000000    1.401748   -0.944649    0.000000
    1    1.000000   -1.401748   -0.793900    0.000000
  5.95146E-03  6.15914E-03  6.37298E-03  6.59295E-03  6.81899E-03  7.05099E-03
       .            .            .            .            .            .
       .            .            .            .            .            .
       .            .            .            .            .            .
 -6.84224E-03 -6.72315E-03 -6.60386E-03 -6.48453E-03 -6.36534E-03 -6.24645E-03

512000 out of 512000 gridpoints are considered (100.0%).

...done!

                       Measure       RMSE[kcal/mol/e]   MaxError[kcal/mol/e]   NPoints
                         Total        6.802026845E-01        4.678710601E+00    408335
Close (  1.20 < r <   1.66 )          1.077690284E+00        4.678710601E+00    142753
Mid-range ( 1.66 < r <  2.20)         3.361706258E-01        1.052791461E+00    195814
Far-range (  2.20         < r)        1.198372202E-01        3.232301275E-01     69768
Did analysis and wrote slice data
