/home/boittier/esp_check
h2o_765
/data/boittier/energies/h2o_geom.xyz.dir
Read multipoles for 3 atoms with max. rank 2
Running in generate mode

Reading "/data/boittier/energies/h2o_geom.xyz.dir/h2o_765.chk.fchk.potential.cube"...

  h2o Potential=SCF
  Electrostatic potential from Total SCF Density
    3   -4.970736   -4.747367   -4.970736
   80    0.125841    0.000000    0.000000
   80    0.000000    0.125841    0.000000
   80    0.000000    0.000000    0.125841
    8    8.000000    0.000000    0.223369    0.000000
    1    1.000000    1.453591   -0.859358    0.000000
    1    1.000000   -1.453591   -0.927595    0.000000
  1.65494E-02  1.67265E-02  1.68764E-02  1.69978E-02  1.70898E-02  1.71516E-02
       .            .            .            .            .            .
       .            .            .            .            .            .
       .            .            .            .            .            .
 -8.78671E-03 -8.78273E-03 -8.77477E-03 -8.76279E-03 -8.74678E-03 -8.72669E-03

337966 out of 512000 gridpoints are considered ( 66.0%).

...done!

 writing cube file quadrupole_expansion.cube                                                                                                                                                                                                                                                                                                                                                                                                                                                                                                                                                                                                                                                                                                                                                                                                                                                                                                                                                                                                                                       
Written cubefile and slice data
Running in analysis mode

Reading "/data/boittier/energies/h2o_geom.xyz.dir/h2o_765.chk.fchk.potential.cube"...

  h2o Potential=SCF
  Electrostatic potential from Total SCF Density
    3   -4.970736   -4.747367   -4.970736
   80    0.125841    0.000000    0.000000
   80    0.000000    0.125841    0.000000
   80    0.000000    0.000000    0.125841
    8    8.000000    0.000000    0.223369    0.000000
    1    1.000000    1.453591   -0.859358    0.000000
    1    1.000000   -1.453591   -0.927595    0.000000
  6.18425E-03  6.41203E-03  6.64719E-03  6.88974E-03  7.13964E-03  7.39682E-03
       .            .            .            .            .            .
       .            .            .            .            .            .
       .            .            .            .            .            .
 -6.61006E-03 -6.49636E-03 -6.38250E-03 -6.26866E-03 -6.15497E-03 -6.04159E-03

512000 out of 512000 gridpoints are considered (100.0%).

...done!

Reading "/home/boittier/esp_check/quadrupole_expansion.cube"...

  Fitted ESP
  Electrostatic potential fitted from quadrupole expansion.
    3   -4.970736   -4.747367   -4.970736
   80    0.125841    0.000000    0.000000
   80    0.000000    0.125841    0.000000
   80    0.000000    0.000000    0.125841
    8    8.000000    0.000000    0.223369    0.000000
    1    1.000000    1.453591   -0.859358    0.000000
    1    1.000000   -1.453591   -0.927595    0.000000
  6.12192E-03  6.34322E-03  6.57146E-03  6.80664E-03  7.04873E-03  7.29765E-03
       .            .            .            .            .            .
       .            .            .            .            .            .
       .            .            .            .            .            .
 -6.55220E-03 -6.44377E-03 -6.33489E-03 -6.22572E-03 -6.11644E-03 -6.00718E-03

512000 out of 512000 gridpoints are considered (100.0%).

...done!

                       Measure       RMSE[kcal/mol/e]   MaxError[kcal/mol/e]   NPoints
                         Total        6.835788199E-01        4.708454550E+00    406980
Close (  1.20 < r <   1.66 )          1.079743971E+00        4.708454550E+00    143322
Mid-range ( 1.66 < r <  2.20)         3.369822712E-01        1.083144094E+00    194644
Far-range (  2.20         < r)        1.190961453E-01        3.241086407E-01     69014
Did analysis and wrote slice data
