/home/boittier/esp_check
h2o_1022
/data/boittier/energies/h2o_geom.xyz.dir
Read multipoles for 3 atoms with max. rank 2
Running in generate mode

Reading "/data/boittier/energies/h2o_geom.xyz.dir/h2o_1022.chk.fchk.potential.cube"...

  h2o Potential=SCF
  Electrostatic potential from Total SCF Density
    3   -4.970736   -4.753785   -4.970736
   80    0.125841    0.000000    0.000000
   80    0.000000    0.125841    0.000000
   80    0.000000    0.000000    0.125841
    8    8.000000    0.000000    0.216951    0.000000
    1    1.000000    1.397380   -0.939319    0.000000
    1    1.000000   -1.397380   -0.796287    0.000000
  1.63620E-02  1.64204E-02  1.64497E-02  1.64497E-02  1.64204E-02  1.63620E-02
       .            .            .            .            .            .
       .            .            .            .            .            .
       .            .            .            .            .            .
 -9.62629E-03 -9.62081E-03 -9.60985E-03 -9.59342E-03 -9.57152E-03 -9.54415E-03

338626 out of 512000 gridpoints are considered ( 66.1%).

...done!

 writing cube file quadrupole_expansion.cube                                                                                                                                                                                                                                                                                                                                                                                                                                                                                                                                                                                                                                                                                                                                                                                                                                                                                                                                                                                                                                       
Written cubefile and slice data
Running in analysis mode

Reading "/data/boittier/energies/h2o_geom.xyz.dir/h2o_1022.chk.fchk.potential.cube"...

  h2o Potential=SCF
  Electrostatic potential from Total SCF Density
    3   -4.970736   -4.753785   -4.970736
   80    0.125841    0.000000    0.000000
   80    0.000000    0.125841    0.000000
   80    0.000000    0.000000    0.125841
    8    8.000000    0.000000    0.216951    0.000000
    1    1.000000    1.397380   -0.939319    0.000000
    1    1.000000   -1.397380   -0.796287    0.000000
  6.00648E-03  6.22000E-03  6.44008E-03  6.66669E-03  6.89978E-03  7.13925E-03
       .            .            .            .            .            .
       .            .            .            .            .            .
       .            .            .            .            .            .
 -6.87411E-03 -6.75056E-03 -6.62708E-03 -6.50385E-03 -6.38103E-03 -6.25875E-03

512000 out of 512000 gridpoints are considered (100.0%).

...done!

Reading "/home/boittier/esp_check/quadrupole_expansion.cube"...

  Fitted ESP
  Electrostatic potential fitted from quadrupole expansion.
    3   -4.970736   -4.753785   -4.970736
   80    0.125841    0.000000    0.000000
   80    0.000000    0.125841    0.000000
   80    0.000000    0.000000    0.125841
    8    8.000000    0.000000    0.216951    0.000000
    1    1.000000    1.397380   -0.939319    0.000000
    1    1.000000   -1.397380   -0.796287    0.000000
  5.95371E-03  6.16137E-03  6.37519E-03  6.59513E-03  6.82114E-03  7.05311E-03
       .            .            .            .            .            .
       .            .            .            .            .            .
       .            .            .            .            .            .
 -6.82767E-03 -6.70891E-03 -6.58994E-03 -6.47094E-03 -6.35207E-03 -6.23349E-03

512000 out of 512000 gridpoints are considered (100.0%).

...done!

                       Measure       RMSE[kcal/mol/e]   MaxError[kcal/mol/e]   NPoints
                         Total        6.798198775E-01        4.676514318E+00    408440
Close (  1.20 < r <   1.66 )          1.077313291E+00        4.676514318E+00    142724
Mid-range ( 1.66 < r <  2.20)         3.359757527E-01        1.052609484E+00    195902
Far-range (  2.20         < r)        1.198745035E-01        3.228222463E-01     69814
Did analysis and wrote slice data
