/home/boittier/esp_check
h2o_1753
/data/boittier/energies/h2o_geom.xyz.dir
Read multipoles for 3 atoms with max. rank 2
Running in generate mode

Reading "/data/boittier/energies/h2o_geom.xyz.dir/h2o_1753.chk.fchk.potential.cube"...

  h2o Potential=SCF
  Electrostatic potential from Total SCF Density
    3   -4.970736   -4.743543   -4.970736
   80    0.125841    0.000000    0.000000
   80    0.000000    0.125841    0.000000
   80    0.000000    0.000000    0.125841
    8    8.000000    0.000000    0.227192    0.000000
    1    1.000000    1.448981   -0.871294    0.000000
    1    1.000000   -1.448981   -0.946244    0.000000
  1.67064E-02  1.68854E-02  1.70370E-02  1.71598E-02  1.72528E-02  1.73153E-02
       .            .            .            .            .            .
       .            .            .            .            .            .
       .            .            .            .            .            .
 -8.90635E-03 -8.90222E-03 -8.89396E-03 -8.88154E-03 -8.86493E-03 -8.84412E-03

337899 out of 512000 gridpoints are considered ( 66.0%).

...done!

 writing cube file quadrupole_expansion.cube                                                                                                                                                                                                                                                                                                                                                                                                                                                                                                                                                                                                                                                                                                                                                                                                                                                                                                                                                                                                                                       
Written cubefile and slice data
Running in analysis mode

Reading "/data/boittier/energies/h2o_geom.xyz.dir/h2o_1753.chk.fchk.potential.cube"...

  h2o Potential=SCF
  Electrostatic potential from Total SCF Density
    3   -4.970736   -4.743543   -4.970736
   80    0.125841    0.000000    0.000000
   80    0.000000    0.125841    0.000000
   80    0.000000    0.000000    0.125841
    8    8.000000    0.000000    0.227192    0.000000
    1    1.000000    1.448981   -0.871294    0.000000
    1    1.000000   -1.448981   -0.946244    0.000000
  6.24640E-03  6.47639E-03  6.71384E-03  6.95876E-03  7.21112E-03  7.47084E-03
       .            .            .            .            .            .
       .            .            .            .            .            .
       .            .            .            .            .            .
 -6.66441E-03 -6.54963E-03 -6.43469E-03 -6.31978E-03 -6.20503E-03 -6.09061E-03

512000 out of 512000 gridpoints are considered (100.0%).

...done!

Reading "/home/boittier/esp_check/quadrupole_expansion.cube"...

  Fitted ESP
  Electrostatic potential fitted from quadrupole expansion.
    3   -4.970736   -4.743543   -4.970736
   80    0.125841    0.000000    0.000000
   80    0.000000    0.125841    0.000000
   80    0.000000    0.000000    0.125841
    8    8.000000    0.000000    0.227192    0.000000
    1    1.000000    1.448981   -0.871294    0.000000
    1    1.000000   -1.448981   -0.946244    0.000000
  6.18477E-03  6.40827E-03  6.63880E-03  6.87636E-03  7.12090E-03  7.37235E-03
       .            .            .            .            .            .
       .            .            .            .            .            .
       .            .            .            .            .            .
 -6.60766E-03 -6.49810E-03 -6.38810E-03 -6.27783E-03 -6.16745E-03 -6.05711E-03

512000 out of 512000 gridpoints are considered (100.0%).

...done!

                       Measure       RMSE[kcal/mol/e]   MaxError[kcal/mol/e]   NPoints
                         Total        6.798015599E-01        4.715670909E+00    406794
Close (  1.20 < r <   1.66 )          1.073065832E+00        4.715670909E+00    143502
Mid-range ( 1.66 < r <  2.20)         3.348245184E-01        1.081324317E+00    194397
Far-range (  2.20         < r)        1.180517130E-01        3.248679272E-01     68895
Did analysis and wrote slice data
