/home/boittier/esp_check
h2o_1430
/data/boittier/energies/h2o_geom.xyz.dir
Read multipoles for 3 atoms with max. rank 2
Running in generate mode

Reading "/data/boittier/energies/h2o_geom.xyz.dir/h2o_1430.chk.fchk.potential.cube"...

  h2o Potential=SCF
  Electrostatic potential from Total SCF Density
    3   -4.970736   -4.745973   -4.970736
   80    0.125841    0.000000    0.000000
   80    0.000000    0.125841    0.000000
   80    0.000000    0.000000    0.125841
    8    8.000000    0.000000    0.224763    0.000000
    1    1.000000    1.463233   -0.858753    0.000000
    1    1.000000   -1.463233   -0.939348    0.000000
  1.66828E-02  1.68623E-02  1.70143E-02  1.71375E-02  1.72308E-02  1.72934E-02
       .            .            .            .            .            .
       .            .            .            .            .            .
       .            .            .            .            .            .
 -8.74827E-03 -8.74438E-03 -8.73661E-03 -8.72491E-03 -8.70927E-03 -8.68965E-03

337804 out of 512000 gridpoints are considered ( 66.0%).

...done!

 writing cube file quadrupole_expansion.cube                                                                                                                                                                                                                                                                                                                                                                                                                                                                                                                                                                                                                                                                                                                                                                                                                                                                                                                                                                                                                                       
Written cubefile and slice data
Running in analysis mode

Reading "/data/boittier/energies/h2o_geom.xyz.dir/h2o_1430.chk.fchk.potential.cube"...

  h2o Potential=SCF
  Electrostatic potential from Total SCF Density
    3   -4.970736   -4.745973   -4.970736
   80    0.125841    0.000000    0.000000
   80    0.000000    0.125841    0.000000
   80    0.000000    0.000000    0.125841
    8    8.000000    0.000000    0.224763    0.000000
    1    1.000000    1.463233   -0.858753    0.000000
    1    1.000000   -1.463233   -0.939348    0.000000
  6.20574E-03  6.43520E-03  6.67214E-03  6.91656E-03  7.16844E-03  7.42771E-03
       .            .            .            .            .            .
       .            .            .            .            .            .
       .            .            .            .            .            .
 -6.60492E-03 -6.49173E-03 -6.37837E-03 -6.26501E-03 -6.15178E-03 -6.03884E-03

512000 out of 512000 gridpoints are considered (100.0%).

...done!

Reading "/home/boittier/esp_check/quadrupole_expansion.cube"...

  Fitted ESP
  Electrostatic potential fitted from quadrupole expansion.
    3   -4.970736   -4.745973   -4.970736
   80    0.125841    0.000000    0.000000
   80    0.000000    0.125841    0.000000
   80    0.000000    0.000000    0.125841
    8    8.000000    0.000000    0.224763    0.000000
    1    1.000000    1.463233   -0.858753    0.000000
    1    1.000000   -1.463233   -0.939348    0.000000
  6.14286E-03  6.36578E-03  6.59575E-03  6.83276E-03  7.07677E-03  7.32771E-03
       .            .            .            .            .            .
       .            .            .            .            .            .
       .            .            .            .            .            .
 -6.54664E-03 -6.43873E-03 -6.33036E-03 -6.22168E-03 -6.11287E-03 -6.00407E-03

512000 out of 512000 gridpoints are considered (100.0%).

...done!

                       Measure       RMSE[kcal/mol/e]   MaxError[kcal/mol/e]   NPoints
                         Total        6.836987680E-01        4.713223622E+00    406680
Close (  1.20 < r <   1.66 )          1.079127486E+00        4.713223622E+00    143478
Mid-range ( 1.66 < r <  2.20)         3.368068982E-01        1.088791680E+00    194326
Far-range (  2.20         < r)        1.188904238E-01        3.255519125E-01     68876
Did analysis and wrote slice data
