/home/boittier/esp_check
h2o_1236
/data/boittier/energies/h2o_geom.xyz.dir
Read multipoles for 3 atoms with max. rank 2
Running in generate mode

Reading "/data/boittier/energies/h2o_geom.xyz.dir/h2o_1236.chk.fchk.potential.cube"...

  h2o Potential=SCF
  Electrostatic potential from Total SCF Density
    3   -4.970736   -4.761953   -4.970736
   80    0.125841    0.000000    0.000000
   80    0.000000    0.125841    0.000000
   80    0.000000    0.000000    0.125841
    8    8.000000    0.000000    0.208782    0.000000
    1    1.000000    1.456542   -0.876062    0.000000
    1    1.000000   -1.456542   -0.794197    0.000000
  1.60523E-02  1.61977E-02  1.63156E-02  1.64049E-02  1.64648E-02  1.64949E-02
       .            .            .            .            .            .
       .            .            .            .            .            .
       .            .            .            .            .            .
 -8.88426E-03 -8.87993E-03 -8.87126E-03 -8.85824E-03 -8.84084E-03 -8.81905E-03

338243 out of 512000 gridpoints are considered ( 66.1%).

...done!

 writing cube file quadrupole_expansion.cube                                                                                                                                                                                                                                                                                                                                                                                                                                                                                                                                                                                                                                                                                                                                                                                                                                                                                                                                                                                                                                       
Written cubefile and slice data
Running in analysis mode

Reading "/data/boittier/energies/h2o_geom.xyz.dir/h2o_1236.chk.fchk.potential.cube"...

  h2o Potential=SCF
  Electrostatic potential from Total SCF Density
    3   -4.970736   -4.761953   -4.970736
   80    0.125841    0.000000    0.000000
   80    0.000000    0.125841    0.000000
   80    0.000000    0.000000    0.125841
    8    8.000000    0.000000    0.208782    0.000000
    1    1.000000    1.456542   -0.876062    0.000000
    1    1.000000   -1.456542   -0.794197    0.000000
  5.85684E-03  6.06957E-03  6.28901E-03  6.51514E-03  6.74792E-03  6.98727E-03
       .            .            .            .            .            .
       .            .            .            .            .            .
       .            .            .            .            .            .
 -6.59621E-03 -6.48035E-03 -6.36444E-03 -6.24865E-03 -6.13311E-03 -6.01798E-03

512000 out of 512000 gridpoints are considered (100.0%).

...done!

Reading "/home/boittier/esp_check/quadrupole_expansion.cube"...

  Fitted ESP
  Electrostatic potential fitted from quadrupole expansion.
    3   -4.970736   -4.761953   -4.970736
   80    0.125841    0.000000    0.000000
   80    0.000000    0.125841    0.000000
   80    0.000000    0.000000    0.125841
    8    8.000000    0.000000    0.208782    0.000000
    1    1.000000    1.456542   -0.876062    0.000000
    1    1.000000   -1.456542   -0.794197    0.000000
  5.79815E-03  6.00474E-03  6.21764E-03  6.43681E-03  6.66221E-03  6.89374E-03
       .            .            .            .            .            .
       .            .            .            .            .            .
       .            .            .            .            .            .
 -6.54243E-03 -6.43163E-03 -6.32048E-03 -6.20916E-03 -6.09783E-03 -5.98664E-03

512000 out of 512000 gridpoints are considered (100.0%).

...done!

                       Measure       RMSE[kcal/mol/e]   MaxError[kcal/mol/e]   NPoints
                         Total        6.943341382E-01        4.677141827E+00    407916
Close (  1.20 < r <   1.66 )          1.099686773E+00        4.677141827E+00    142746
Mid-range ( 1.66 < r <  2.20)         3.428762358E-01        1.111633024E+00    195497
Far-range (  2.20         < r)        1.226751059E-01        3.272650134E-01     69673
Did analysis and wrote slice data
