/home/boittier/esp_check
h2o_309
/data/boittier/energies/h2o_geom.xyz.dir
Read multipoles for 3 atoms with max. rank 2
Running in generate mode

Reading "/data/boittier/energies/h2o_geom.xyz.dir/h2o_309.chk.fchk.potential.cube"...

  h2o Potential=SCF
  Electrostatic potential from Total SCF Density
    3   -4.970736   -4.745647   -4.970736
   80    0.125841    0.000000    0.000000
   80    0.000000    0.125841    0.000000
   80    0.000000    0.000000    0.125841
    8    8.000000    0.000000    0.225088    0.000000
    1    1.000000    1.405288   -0.925290    0.000000
    1    1.000000   -1.405288   -0.875417    0.000000
  1.65047E-02  1.66823E-02  1.68327E-02  1.69545E-02  1.70469E-02  1.71089E-02
       .            .            .            .            .            .
       .            .            .            .            .            .
       .            .            .            .            .            .
 -9.50014E-03 -9.49498E-03 -9.48467E-03 -9.46920E-03 -9.44857E-03 -9.42277E-03

338364 out of 512000 gridpoints are considered ( 66.1%).

...done!

 writing cube file quadrupole_expansion.cube                                                                                                                                                                                                                                                                                                                                                                                                                                                                                                                                                                                                                                                                                                                                                                                                                                                                                                                                                                                                                                       
Written cubefile and slice data
Running in analysis mode

Reading "/data/boittier/energies/h2o_geom.xyz.dir/h2o_309.chk.fchk.potential.cube"...

  h2o Potential=SCF
  Electrostatic potential from Total SCF Density
    3   -4.970736   -4.745647   -4.970736
   80    0.125841    0.000000    0.000000
   80    0.000000    0.125841    0.000000
   80    0.000000    0.000000    0.125841
    8    8.000000    0.000000    0.225088    0.000000
    1    1.000000    1.405288   -0.925290    0.000000
    1    1.000000   -1.405288   -0.875417    0.000000
  6.18027E-03  6.40249E-03  6.63168E-03  6.86782E-03  7.11086E-03  7.36072E-03
       .            .            .            .            .            .
       .            .            .            .            .            .
       .            .            .            .            .            .
 -6.85972E-03 -6.73814E-03 -6.61656E-03 -6.49515E-03 -6.37407E-03 -6.25347E-03

512000 out of 512000 gridpoints are considered (100.0%).

...done!

Reading "/home/boittier/esp_check/quadrupole_expansion.cube"...

  Fitted ESP
  Electrostatic potential fitted from quadrupole expansion.
    3   -4.970736   -4.745647   -4.970736
   80    0.125841    0.000000    0.000000
   80    0.000000    0.125841    0.000000
   80    0.000000    0.000000    0.125841
    8    8.000000    0.000000    0.225088    0.000000
    1    1.000000    1.405288   -0.925290    0.000000
    1    1.000000   -1.405288   -0.875417    0.000000
  6.12453E-03  6.34064E-03  6.56329E-03  6.79247E-03  7.02812E-03  7.27016E-03
       .            .            .            .            .            .
       .            .            .            .            .            .
       .            .            .            .            .            .
 -6.81017E-03 -6.69354E-03 -6.57662E-03 -6.45959E-03 -6.34261E-03 -6.22584E-03

512000 out of 512000 gridpoints are considered (100.0%).

...done!

                       Measure       RMSE[kcal/mol/e]   MaxError[kcal/mol/e]   NPoints
                         Total        6.746557838E-01        4.701112689E+00    407746
Close (  1.20 < r <   1.66 )          1.067201234E+00        4.701112689E+00    143106
Mid-range ( 1.66 < r <  2.20)         3.328958743E-01        1.055470927E+00    195258
Far-range (  2.20         < r)        1.179557403E-01        3.192768178E-01     69382
Did analysis and wrote slice data
