/home/boittier/esp_check
h2o_24
/data/boittier/energies/h2o_geom.xyz.dir
Read multipoles for 3 atoms with max. rank 2
Running in generate mode

Reading "/data/boittier/energies/h2o_geom.xyz.dir/h2o_24.chk.fchk.potential.cube"...

  h2o Potential=SCF
  Electrostatic potential from Total SCF Density
    3   -4.970736   -4.747982   -4.970736
   80    0.125841    0.000000    0.000000
   80    0.000000    0.125841    0.000000
   80    0.000000    0.000000    0.125841
    8    8.000000    0.000000    0.222754    0.000000
    1    1.000000    1.446409   -0.866933    0.000000
    1    1.000000   -1.446409   -0.915096    0.000000
  1.66082E-02  1.67562E-02  1.68762E-02  1.69670E-02  1.70280E-02  1.70587E-02
       .            .            .            .            .            .
       .            .            .            .            .            .
       .            .            .            .            .            .
 -8.87511E-03 -8.87097E-03 -8.86268E-03 -8.85023E-03 -8.83359E-03 -8.81273E-03

338064 out of 512000 gridpoints are considered ( 66.0%).

...done!

 writing cube file quadrupole_expansion.cube                                                                                                                                                                                                                                                                                                                                                                                                                                                                                                                                                                                                                                                                                                                                                                                                                                                                                                                                                                                                                                       
Written cubefile and slice data
Running in analysis mode

Reading "/data/boittier/energies/h2o_geom.xyz.dir/h2o_24.chk.fchk.potential.cube"...

  h2o Potential=SCF
  Electrostatic potential from Total SCF Density
    3   -4.970736   -4.747982   -4.970736
   80    0.125841    0.000000    0.000000
   80    0.000000    0.125841    0.000000
   80    0.000000    0.000000    0.125841
    8    8.000000    0.000000    0.222754    0.000000
    1    1.000000    1.446409   -0.866933    0.000000
    1    1.000000   -1.446409   -0.915096    0.000000
  6.16837E-03  6.39468E-03  6.62828E-03  6.86917E-03  7.11732E-03  7.37265E-03
       .            .            .            .            .            .
       .            .            .            .            .            .
       .            .            .            .            .            .
 -6.63750E-03 -6.52276E-03 -6.40790E-03 -6.29306E-03 -6.17842E-03 -6.06410E-03

512000 out of 512000 gridpoints are considered (100.0%).

...done!

Reading "/home/boittier/esp_check/quadrupole_expansion.cube"...

  Fitted ESP
  Electrostatic potential fitted from quadrupole expansion.
    3   -4.970736   -4.747982   -4.970736
   80    0.125841    0.000000    0.000000
   80    0.000000    0.125841    0.000000
   80    0.000000    0.000000    0.125841
    8    8.000000    0.000000    0.222754    0.000000
    1    1.000000    1.446409   -0.866933    0.000000
    1    1.000000   -1.446409   -0.915096    0.000000
  6.10694E-03  6.32682E-03  6.55356E-03  6.78716E-03  7.02756E-03  7.27471E-03
       .            .            .            .            .            .
       .            .            .            .            .            .
       .            .            .            .            .            .
 -6.58070E-03 -6.47119E-03 -6.36126E-03 -6.25107E-03 -6.14078E-03 -6.03055E-03

512000 out of 512000 gridpoints are considered (100.0%).

...done!

                       Measure       RMSE[kcal/mol/e]   MaxError[kcal/mol/e]   NPoints
                         Total        6.831273761E-01        4.705317002E+00    407168
Close (  1.20 < r <   1.66 )          1.079358897E+00        4.705317002E+00    143292
Mid-range ( 1.66 < r <  2.20)         3.367882592E-01        1.078877030E+00    194772
Far-range (  2.20         < r)        1.191197671E-01        3.231046256E-01     69104
Did analysis and wrote slice data
