/home/boittier/esp_check
h2o_1295
/data/boittier/energies/h2o_geom.xyz.dir
Read multipoles for 3 atoms with max. rank 2
Running in generate mode

Reading "/data/boittier/energies/h2o_geom.xyz.dir/h2o_1295.chk.fchk.potential.cube"...

  h2o Potential=SCF
  Electrostatic potential from Total SCF Density
    3   -4.970736   -4.749392   -4.970736
   80    0.125841    0.000000    0.000000
   80    0.000000    0.125841    0.000000
   80    0.000000    0.000000    0.125841
    8    8.000000    0.000000    0.221343    0.000000
    1    1.000000    1.400012   -0.955784    0.000000
    1    1.000000   -1.400012   -0.814962    0.000000
  1.63699E-02  1.64865E-02  1.65749E-02  1.66342E-02  1.66640E-02  1.66640E-02
       .            .            .            .            .            .
       .            .            .            .            .            .
       .            .            .            .            .            .
 -9.75695E-03 -9.75134E-03 -9.74011E-03 -9.72329E-03 -9.70086E-03 -9.67284E-03

338450 out of 512000 gridpoints are considered ( 66.1%).

...done!

 writing cube file quadrupole_expansion.cube                                                                                                                                                                                                                                                                                                                                                                                                                                                                                                                                                                                                                                                                                                                                                                                                                                                                                                                                                                                                                                       
Written cubefile and slice data
Running in analysis mode

Reading "/data/boittier/energies/h2o_geom.xyz.dir/h2o_1295.chk.fchk.potential.cube"...

  h2o Potential=SCF
  Electrostatic potential from Total SCF Density
    3   -4.970736   -4.749392   -4.970736
   80    0.125841    0.000000    0.000000
   80    0.000000    0.125841    0.000000
   80    0.000000    0.000000    0.125841
    8    8.000000    0.000000    0.221343    0.000000
    1    1.000000    1.400012   -0.955784    0.000000
    1    1.000000   -1.400012   -0.814962    0.000000
  6.07729E-03  6.29359E-03  6.51655E-03  6.74615E-03  6.98234E-03  7.22503E-03
       .            .            .            .            .            .
       .            .            .            .            .            .
       .            .            .            .            .            .
 -6.94074E-03 -6.81601E-03 -6.69135E-03 -6.56694E-03 -6.44294E-03 -6.31950E-03

512000 out of 512000 gridpoints are considered (100.0%).

...done!

Reading "/home/boittier/esp_check/quadrupole_expansion.cube"...

  Fitted ESP
  Electrostatic potential fitted from quadrupole expansion.
    3   -4.970736   -4.749392   -4.970736
   80    0.125841    0.000000    0.000000
   80    0.000000    0.125841    0.000000
   80    0.000000    0.000000    0.125841
    8    8.000000    0.000000    0.221343    0.000000
    1    1.000000    1.400012   -0.955784    0.000000
    1    1.000000   -1.400012   -0.814962    0.000000
  6.02485E-03  6.23525E-03  6.45192E-03  6.67482E-03  6.90389E-03  7.13903E-03
       .            .            .            .            .            .
       .            .            .            .            .            .
       .            .            .            .            .            .
 -6.89530E-03 -6.77533E-03 -6.65515E-03 -6.53495E-03 -6.41488E-03 -6.29511E-03

512000 out of 512000 gridpoints are considered (100.0%).

...done!

                       Measure       RMSE[kcal/mol/e]   MaxError[kcal/mol/e]   NPoints
                         Total        6.764827655E-01        4.689629266E+00    408042
Close (  1.20 < r <   1.66 )          1.071143275E+00        4.689629266E+00    142849
Mid-range ( 1.66 < r <  2.20)         3.342453703E-01        1.052270629E+00    195601
Far-range (  2.20         < r)        1.187759483E-01        3.186681336E-01     69592
Did analysis and wrote slice data
