/home/boittier/esp_check
h2o_275
/data/boittier/energies/h2o_geom.xyz.dir
Read multipoles for 3 atoms with max. rank 2
Running in generate mode

Reading "/data/boittier/energies/h2o_geom.xyz.dir/h2o_275.chk.fchk.potential.cube"...

  h2o Potential=SCF
  Electrostatic potential from Total SCF Density
    3   -4.970736   -4.751865   -4.970736
   80    0.125841    0.000000    0.000000
   80    0.000000    0.125841    0.000000
   80    0.000000    0.000000    0.125841
    8    8.000000    0.000000    0.218871    0.000000
    1    1.000000    1.455623   -0.856778    0.000000
    1    1.000000   -1.455623   -0.894189    0.000000
  1.65923E-02  1.67110E-02  1.68009E-02  1.68613E-02  1.68916E-02  1.68916E-02
       .            .            .            .            .            .
       .            .            .            .            .            .
       .            .            .            .            .            .
 -8.75147E-03 -8.74749E-03 -8.73953E-03 -8.72756E-03 -8.71155E-03 -8.69148E-03

338091 out of 512000 gridpoints are considered ( 66.0%).

...done!

 writing cube file quadrupole_expansion.cube                                                                                                                                                                                                                                                                                                                                                                                                                                                                                                                                                                                                                                                                                                                                                                                                                                                                                                                                                                                                                                       
Written cubefile and slice data
Running in analysis mode

Reading "/data/boittier/energies/h2o_geom.xyz.dir/h2o_275.chk.fchk.potential.cube"...

  h2o Potential=SCF
  Electrostatic potential from Total SCF Density
    3   -4.970736   -4.751865   -4.970736
   80    0.125841    0.000000    0.000000
   80    0.000000    0.125841    0.000000
   80    0.000000    0.000000    0.125841
    8    8.000000    0.000000    0.218871    0.000000
    1    1.000000    1.455623   -0.856778    0.000000
    1    1.000000   -1.455623   -0.894189    0.000000
  6.09753E-03  6.32152E-03  6.55272E-03  6.79115E-03  7.03675E-03  7.28945E-03
       .            .            .            .            .            .
       .            .            .            .            .            .
       .            .            .            .            .            .
 -6.58329E-03 -6.46967E-03 -6.35591E-03 -6.24217E-03 -6.12861E-03 -6.01537E-03

512000 out of 512000 gridpoints are considered (100.0%).

...done!

Reading "/home/boittier/esp_check/quadrupole_expansion.cube"...

  Fitted ESP
  Electrostatic potential fitted from quadrupole expansion.
    3   -4.970736   -4.751865   -4.970736
   80    0.125841    0.000000    0.000000
   80    0.000000    0.125841    0.000000
   80    0.000000    0.000000    0.125841
    8    8.000000    0.000000    0.218871    0.000000
    1    1.000000    1.455623   -0.856778    0.000000
    1    1.000000   -1.455623   -0.894189    0.000000
  6.03543E-03  6.25300E-03  6.47735E-03  6.70848E-03  6.94634E-03  7.19087E-03
       .            .            .            .            .            .
       .            .            .            .            .            .
       .            .            .            .            .            .
 -6.52556E-03 -6.41719E-03 -6.30839E-03 -6.19932E-03 -6.09015E-03 -5.98102E-03

512000 out of 512000 gridpoints are considered (100.0%).

...done!

                       Measure       RMSE[kcal/mol/e]   MaxError[kcal/mol/e]   NPoints
                         Total        6.874641386E-01        4.697661387E+00    407285
Close (  1.20 < r <   1.66 )          1.086729750E+00        4.697661387E+00    143167
Mid-range ( 1.66 < r <  2.20)         3.390520012E-01        1.092305733E+00    194924
Far-range (  2.20         < r)        1.202409448E-01        3.229351980E-01     69194
Did analysis and wrote slice data
