/home/boittier/esp_check
h2o_204
/data/boittier/energies/h2o_geom.xyz.dir
Read multipoles for 3 atoms with max. rank 2
Running in generate mode

Reading "/data/boittier/energies/h2o_geom.xyz.dir/h2o_204.chk.fchk.potential.cube"...

  h2o Potential=SCF
  Electrostatic potential from Total SCF Density
    3   -4.970736   -4.747705   -4.970736
   80    0.125841    0.000000    0.000000
   80    0.000000    0.125841    0.000000
   80    0.000000    0.000000    0.125841
    8    8.000000    0.000000    0.223031    0.000000
    1    1.000000    1.423001   -0.900292    0.000000
    1    1.000000   -1.423001   -0.883953    0.000000
  1.66782E-02  1.67372E-02  1.67668E-02  1.67668E-02  1.67372E-02  1.66782E-02
       .            .            .            .            .            .
       .            .            .            .            .            .
       .            .            .            .            .            .
 -9.23360E-03 -9.22886E-03 -9.21938E-03 -9.20515E-03 -9.18615E-03 -9.16237E-03

338266 out of 512000 gridpoints are considered ( 66.1%).

...done!

 writing cube file quadrupole_expansion.cube                                                                                                                                                                                                                                                                                                                                                                                                                                                                                                                                                                                                                                                                                                                                                                                                                                                                                                                                                                                                                                       
Written cubefile and slice data
Running in analysis mode

Reading "/data/boittier/energies/h2o_geom.xyz.dir/h2o_204.chk.fchk.potential.cube"...

  h2o Potential=SCF
  Electrostatic potential from Total SCF Density
    3   -4.970736   -4.747705   -4.970736
   80    0.125841    0.000000    0.000000
   80    0.000000    0.125841    0.000000
   80    0.000000    0.000000    0.125841
    8    8.000000    0.000000    0.223031    0.000000
    1    1.000000    1.423001   -0.900292    0.000000
    1    1.000000   -1.423001   -0.883953    0.000000
  6.15307E-03  6.37602E-03  6.60604E-03  6.84310E-03  7.08718E-03  7.33818E-03
       .            .            .            .            .            .
       .            .            .            .            .            .
       .            .            .            .            .            .
 -6.76107E-03 -6.64232E-03 -6.52353E-03 -6.40485E-03 -6.28645E-03 -6.16847E-03

512000 out of 512000 gridpoints are considered (100.0%).

...done!

Reading "/home/boittier/esp_check/quadrupole_expansion.cube"...

  Fitted ESP
  Electrostatic potential fitted from quadrupole expansion.
    3   -4.970736   -4.747705   -4.970736
   80    0.125841    0.000000    0.000000
   80    0.000000    0.125841    0.000000
   80    0.000000    0.000000    0.125841
    8    8.000000    0.000000    0.223031    0.000000
    1    1.000000    1.423001   -0.900292    0.000000
    1    1.000000   -1.423001   -0.883953    0.000000
  6.09500E-03  6.31173E-03  6.53509E-03  6.76507E-03  7.00163E-03  7.24467E-03
       .            .            .            .            .            .
       .            .            .            .            .            .
       .            .            .            .            .            .
 -6.70850E-03 -6.59482E-03 -6.48080E-03 -6.36661E-03 -6.25242E-03 -6.13837E-03

512000 out of 512000 gridpoints are considered (100.0%).

...done!

                       Measure       RMSE[kcal/mol/e]   MaxError[kcal/mol/e]   NPoints
                         Total        6.792916065E-01        4.699669417E+00    407572
Close (  1.20 < r <   1.66 )          1.074302774E+00        4.699669417E+00    143124
Mid-range ( 1.66 < r <  2.20)         3.350660438E-01        1.065009071E+00    195142
Far-range (  2.20         < r)        1.187422531E-01        3.205820375E-01     69306
Did analysis and wrote slice data
