/home/boittier/esp_check
h2o_996
/data/boittier/energies/h2o_geom.xyz.dir
Read multipoles for 3 atoms with max. rank 2
Running in generate mode

Reading "/data/boittier/energies/h2o_geom.xyz.dir/h2o_996.chk.fchk.potential.cube"...

  h2o Potential=SCF
  Electrostatic potential from Total SCF Density
    3   -4.970736   -4.742125   -4.970736
   80    0.125841    0.000000    0.000000
   80    0.000000    0.125841    0.000000
   80    0.000000    0.000000    0.125841
    8    8.000000    0.000000    0.228610    0.000000
    1    1.000000    1.385747   -0.953852    0.000000
    1    1.000000   -1.385747   -0.875032    0.000000
  1.64950E-02  1.66710E-02  1.68199E-02  1.69407E-02  1.70321E-02  1.70935E-02
       .            .            .            .            .            .
       .            .            .            .            .            .
       .            .            .            .            .            .
 -9.79794E-03 -9.79234E-03 -9.78115E-03 -9.76437E-03 -9.74201E-03 -9.71407E-03

338384 out of 512000 gridpoints are considered ( 66.1%).

...done!

 writing cube file quadrupole_expansion.cube                                                                                                                                                                                                                                                                                                                                                                                                                                                                                                                                                                                                                                                                                                                                                                                                                                                                                                                                                                                                                                       
Written cubefile and slice data
Running in analysis mode

Reading "/data/boittier/energies/h2o_geom.xyz.dir/h2o_996.chk.fchk.potential.cube"...

  h2o Potential=SCF
  Electrostatic potential from Total SCF Density
    3   -4.970736   -4.742125   -4.970736
   80    0.125841    0.000000    0.000000
   80    0.000000    0.125841    0.000000
   80    0.000000    0.000000    0.125841
    8    8.000000    0.000000    0.228610    0.000000
    1    1.000000    1.385747   -0.953852    0.000000
    1    1.000000   -1.385747   -0.875032    0.000000
  6.23552E-03  6.45806E-03  6.68751E-03  6.92384E-03  7.16702E-03  7.41695E-03
       .            .            .            .            .            .
       .            .            .            .            .            .
       .            .            .            .            .            .
 -6.97506E-03 -6.85041E-03 -6.72581E-03 -6.60143E-03 -6.47743E-03 -6.35396E-03

512000 out of 512000 gridpoints are considered (100.0%).

...done!

Reading "/home/boittier/esp_check/quadrupole_expansion.cube"...

  Fitted ESP
  Electrostatic potential fitted from quadrupole expansion.
    3   -4.970736   -4.742125   -4.970736
   80    0.125841    0.000000    0.000000
   80    0.000000    0.125841    0.000000
   80    0.000000    0.000000    0.125841
    8    8.000000    0.000000    0.228610    0.000000
    1    1.000000    1.385747   -0.953852    0.000000
    1    1.000000   -1.385747   -0.875032    0.000000
  6.18224E-03  6.39877E-03  6.62180E-03  6.85129E-03  7.08720E-03  7.32943E-03
       .            .            .            .            .            .
       .            .            .            .            .            .
       .            .            .            .            .            .
 -6.92883E-03 -6.80900E-03 -6.68894E-03 -6.56881E-03 -6.44880E-03 -6.32905E-03

512000 out of 512000 gridpoints are considered (100.0%).

...done!

                       Measure       RMSE[kcal/mol/e]   MaxError[kcal/mol/e]   NPoints
                         Total        6.679371027E-01        4.704187485E+00    407782
Close (  1.20 < r <   1.66 )          1.056872103E+00        4.704187485E+00    143004
Mid-range ( 1.66 < r <  2.20)         3.298039676E-01        1.043234492E+00    195380
Far-range (  2.20         < r)        1.166198425E-01        3.180217989E-01     69398
Did analysis and wrote slice data
