/home/boittier/esp_check
h2o_369
/data/boittier/energies/h2o_geom.xyz.dir
Read multipoles for 3 atoms with max. rank 2
Running in generate mode

Reading "/data/boittier/energies/h2o_geom.xyz.dir/h2o_369.chk.fchk.potential.cube"...

  h2o Potential=SCF
  Electrostatic potential from Total SCF Density
    3   -4.970736   -4.752069   -4.970736
   80    0.125841    0.000000    0.000000
   80    0.000000    0.125841    0.000000
   80    0.000000    0.000000    0.125841
    8    8.000000    0.000000    0.218666    0.000000
    1    1.000000    1.452771   -0.861112    0.000000
    1    1.000000   -1.452771   -0.888218    0.000000
  1.65381E-02  1.66561E-02  1.67455E-02  1.68056E-02  1.68357E-02  1.68357E-02
       .            .            .            .            .            .
       .            .            .            .            .            .
       .            .            .            .            .            .
 -8.79766E-03 -8.79360E-03 -8.78548E-03 -8.77326E-03 -8.75694E-03 -8.73647E-03

338104 out of 512000 gridpoints are considered ( 66.0%).

...done!

 writing cube file quadrupole_expansion.cube                                                                                                                                                                                                                                                                                                                                                                                                                                                                                                                                                                                                                                                                                                                                                                                                                                                                                                                                                                                                                                       
Written cubefile and slice data
Running in analysis mode

Reading "/data/boittier/energies/h2o_geom.xyz.dir/h2o_369.chk.fchk.potential.cube"...

  h2o Potential=SCF
  Electrostatic potential from Total SCF Density
    3   -4.970736   -4.752069   -4.970736
   80    0.125841    0.000000    0.000000
   80    0.000000    0.125841    0.000000
   80    0.000000    0.000000    0.125841
    8    8.000000    0.000000    0.218666    0.000000
    1    1.000000    1.452771   -0.861112    0.000000
    1    1.000000   -1.452771   -0.888218    0.000000
  6.09009E-03  6.31341E-03  6.54391E-03  6.78158E-03  7.02638E-03  7.27825E-03
       .            .            .            .            .            .
       .            .            .            .            .            .
       .            .            .            .            .            .
 -6.59833E-03 -6.48417E-03 -6.36988E-03 -6.25563E-03 -6.14157E-03 -6.02785E-03

512000 out of 512000 gridpoints are considered (100.0%).

...done!

Reading "/home/boittier/esp_check/quadrupole_expansion.cube"...

  Fitted ESP
  Electrostatic potential fitted from quadrupole expansion.
    3   -4.970736   -4.752069   -4.970736
   80    0.125841    0.000000    0.000000
   80    0.000000    0.125841    0.000000
   80    0.000000    0.000000    0.125841
    8    8.000000    0.000000    0.218666    0.000000
    1    1.000000    1.452771   -0.861112    0.000000
    1    1.000000   -1.452771   -0.888218    0.000000
  6.02846E-03  6.24538E-03  6.46906E-03  6.69947E-03  6.93657E-03  7.18029E-03
       .            .            .            .            .            .
       .            .            .            .            .            .
       .            .            .            .            .            .
 -6.54116E-03 -6.43224E-03 -6.32289E-03 -6.21329E-03 -6.10360E-03 -5.99396E-03

512000 out of 512000 gridpoints are considered (100.0%).

...done!

                       Measure       RMSE[kcal/mol/e]   MaxError[kcal/mol/e]   NPoints
                         Total        6.872709033E-01        4.696155364E+00    407344
Close (  1.20 < r <   1.66 )          1.086647193E+00        4.696155364E+00    143123
Mid-range ( 1.66 < r <  2.20)         3.389711320E-01        1.089858446E+00    194981
Far-range (  2.20         < r)        1.202884324E-01        3.225084916E-01     69240
Did analysis and wrote slice data
