/home/boittier/esp_check
h2o_99
/data/boittier/energies/h2o_geom.xyz.dir
Read multipoles for 3 atoms with max. rank 2
Running in generate mode

Reading "/data/boittier/energies/h2o_geom.xyz.dir/h2o_99.chk.fchk.potential.cube"...

  h2o Potential=SCF
  Electrostatic potential from Total SCF Density
    3   -4.970736   -4.746811   -4.970736
   80    0.125841    0.000000    0.000000
   80    0.000000    0.125841    0.000000
   80    0.000000    0.000000    0.125841
    8    8.000000    0.000000    0.223925    0.000000
    1    1.000000    1.407425   -0.922441    0.000000
    1    1.000000   -1.407425   -0.868958    0.000000
  1.64535E-02  1.66305E-02  1.67803E-02  1.69018E-02  1.69938E-02  1.70556E-02
       .            .            .            .            .            .
       .            .            .            .            .            .
       .            .            .            .            .            .
 -9.46849E-03 -9.46338E-03 -9.45314E-03 -9.43778E-03 -9.41729E-03 -9.39167E-03

338361 out of 512000 gridpoints are considered ( 66.1%).

...done!

 writing cube file quadrupole_expansion.cube                                                                                                                                                                                                                                                                                                                                                                                                                                                                                                                                                                                                                                                                                                                                                                                                                                                                                                                                                                                                                                       
Written cubefile and slice data
Running in analysis mode

Reading "/data/boittier/energies/h2o_geom.xyz.dir/h2o_99.chk.fchk.potential.cube"...

  h2o Potential=SCF
  Electrostatic potential from Total SCF Density
    3   -4.970736   -4.746811   -4.970736
   80    0.125841    0.000000    0.000000
   80    0.000000    0.125841    0.000000
   80    0.000000    0.000000    0.125841
    8    8.000000    0.000000    0.223925    0.000000
    1    1.000000    1.407425   -0.922441    0.000000
    1    1.000000   -1.407425   -0.868958    0.000000
  6.15882E-03  6.38030E-03  6.60871E-03  6.84405E-03  7.08627E-03  7.33529E-03
       .            .            .            .            .            .
       .            .            .            .            .            .
       .            .            .            .            .            .
 -6.84486E-03 -6.72355E-03 -6.60224E-03 -6.48110E-03 -6.36029E-03 -6.23995E-03

512000 out of 512000 gridpoints are considered (100.0%).

...done!

Reading "/home/boittier/esp_check/quadrupole_expansion.cube"...

  Fitted ESP
  Electrostatic potential fitted from quadrupole expansion.
    3   -4.970736   -4.746811   -4.970736
   80    0.125841    0.000000    0.000000
   80    0.000000    0.125841    0.000000
   80    0.000000    0.000000    0.125841
    8    8.000000    0.000000    0.223925    0.000000
    1    1.000000    1.407425   -0.922441    0.000000
    1    1.000000   -1.407425   -0.868958    0.000000
  6.10295E-03  6.31831E-03  6.54020E-03  6.76859E-03  7.00343E-03  7.24462E-03
       .            .            .            .            .            .
       .            .            .            .            .            .
       .            .            .            .            .            .
 -6.79507E-03 -6.67872E-03 -6.56208E-03 -6.44532E-03 -6.32861E-03 -6.21212E-03

512000 out of 512000 gridpoints are considered (100.0%).

...done!

                       Measure       RMSE[kcal/mol/e]   MaxError[kcal/mol/e]   NPoints
                         Total        6.759865342E-01        4.698979157E+00    407775
Close (  1.20 < r <   1.66 )          1.069526632E+00        4.698979157E+00    143042
Mid-range ( 1.66 < r <  2.20)         3.336284022E-01        1.056851448E+00    195319
Far-range (  2.20         < r)        1.183035566E-01        3.192140669E-01     69414
Did analysis and wrote slice data
