/home/boittier/esp_check
h2o_397
/data/boittier/energies/h2o_geom.xyz.dir
Read multipoles for 3 atoms with max. rank 2
Running in generate mode

Reading "/data/boittier/energies/h2o_geom.xyz.dir/h2o_397.chk.fchk.potential.cube"...

  h2o Potential=SCF
  Electrostatic potential from Total SCF Density
    3   -4.970736   -4.751500   -4.970736
   80    0.125841    0.000000    0.000000
   80    0.000000    0.125841    0.000000
   80    0.000000    0.000000    0.125841
    8    8.000000    0.000000    0.219236    0.000000
    1    1.000000    1.409006   -0.922241    0.000000
    1    1.000000   -1.409006   -0.831645    0.000000
  1.63209E-02  1.64669E-02  1.65852E-02  1.66749E-02  1.67351E-02  1.67653E-02
       .            .            .            .            .            .
       .            .            .            .            .            .
       .            .            .            .            .            .
 -9.45432E-03 -9.44916E-03 -9.43885E-03 -9.42337E-03 -9.40272E-03 -9.37690E-03

338459 out of 512000 gridpoints are considered ( 66.1%).

...done!

 writing cube file quadrupole_expansion.cube                                                                                                                                                                                                                                                                                                                                                                                                                                                                                                                                                                                                                                                                                                                                                                                                                                                                                                                                                                                                                                       
Written cubefile and slice data
Running in analysis mode

Reading "/data/boittier/energies/h2o_geom.xyz.dir/h2o_397.chk.fchk.potential.cube"...

  h2o Potential=SCF
  Electrostatic potential from Total SCF Density
    3   -4.970736   -4.751500   -4.970736
   80    0.125841    0.000000    0.000000
   80    0.000000    0.125841    0.000000
   80    0.000000    0.000000    0.125841
    8    8.000000    0.000000    0.219236    0.000000
    1    1.000000    1.409006   -0.922241    0.000000
    1    1.000000   -1.409006   -0.831645    0.000000
  6.06347E-03  6.28078E-03  6.50484E-03  6.73565E-03  6.97315E-03  7.21725E-03
       .            .            .            .            .            .
       .            .            .            .            .            .
       .            .            .            .            .            .
 -6.82376E-03 -6.70228E-03 -6.58082E-03 -6.45956E-03 -6.33864E-03 -6.21822E-03

512000 out of 512000 gridpoints are considered (100.0%).

...done!

Reading "/home/boittier/esp_check/quadrupole_expansion.cube"...

  Fitted ESP
  Electrostatic potential fitted from quadrupole expansion.
    3   -4.970736   -4.751500   -4.970736
   80    0.125841    0.000000    0.000000
   80    0.000000    0.125841    0.000000
   80    0.000000    0.000000    0.125841
    8    8.000000    0.000000    0.219236    0.000000
    1    1.000000    1.409006   -0.922241    0.000000
    1    1.000000   -1.409006   -0.831645    0.000000
  6.00832E-03  6.21960E-03  6.43723E-03  6.66119E-03  6.89141E-03  7.12781E-03
       .            .            .            .            .            .
       .            .            .            .            .            .
       .            .            .            .            .            .
 -6.77458E-03 -6.65801E-03 -6.54119E-03 -6.42427E-03 -6.30742E-03 -6.19081E-03

512000 out of 512000 gridpoints are considered (100.0%).

...done!

                       Measure       RMSE[kcal/mol/e]   MaxError[kcal/mol/e]   NPoints
                         Total        6.798165262E-01        4.687621235E+00    408067
Close (  1.20 < r <   1.66 )          1.076441205E+00        4.687621235E+00    142852
Mid-range ( 1.66 < r <  2.20)         3.358809426E-01        1.057667210E+00    195607
Far-range (  2.20         < r)        1.195283902E-01        3.179151223E-01     69608
Did analysis and wrote slice data
